2024-10-28 18:28.54: New job: test cohttp-server-lwt-unix.6.0.0~alpha2, using opam dev
                              from https://github.com/ocaml/opam-repository.git#refs/pull/26799/head (05590ce777293a9ebf35d79eca2fae2e914982ee)
                              on debian-12-ocaml-4.12/amd64

To reproduce locally:

cd $(mktemp -d)
git clone --recursive "https://github.com/ocaml/opam-repository.git" && cd "opam-repository" && git fetch origin "refs/pull/26799/head" && git reset --hard 05590ce7
git fetch origin master
git merge --no-edit 56e31a3bc1fd0bfd87e5251972e806b8f78082a5
cat > ../Dockerfile <<'END-OF-DOCKERFILE'
[34mFROM ocaml/opam:debian-12-ocaml-4.12@sha256:87e5b8a7a24dfd98b57db6123fcaf41032161bffa25bf2784b0a18eb434d6ad0
USER 1000:1000
WORKDIR /home/opam
RUN sudo ln -f /usr/bin/opam-dev /usr/bin/opam
RUN opam init --reinit -ni
RUN uname -rs && opam exec -- ocaml -version && opam --version
ENV OPAMDOWNLOADJOBS="1"
ENV OPAMERRLOGLEN="0"
ENV OPAMSOLVERTIMEOUT="1000"
ENV OPAMPRECISETRACKING="1"
ENV CI="true"
ENV OPAM_REPO_CI="true"
RUN rm -rf opam-repository/
COPY --chown=1000:1000 . opam-repository/
RUN opam repository set-url --strict default opam-repository/
RUN opam update --depexts || true
RUN opam pin add -k version -yn cohttp-server-lwt-unix.6.0.0~alpha2 6.0.0~alpha2
RUN opam reinstall cohttp-server-lwt-unix.6.0.0~alpha2; \
    res=$?; \
    test "$res" != 31 && exit "$res"; \
    export OPAMCLI=2.0; \
    build_dir=$(opam var prefix)/.opam-switch/build; \
    failed=$(ls "$build_dir"); \
    partial_fails=""; \
    for pkg in $failed; do \
    if opam show -f x-ci-accept-failures: "$pkg" | grep -qF "\"debian-12\""; then \
    echo "A package failed and has been disabled for CI using the 'x-ci-accept-failures' field."; \
    fi; \
    test "$pkg" != 'cohttp-server-lwt-unix.6.0.0~alpha2' && partial_fails="$partial_fails $pkg"; \
    done; \
    test "${partial_fails}" != "" && echo "opam-repo-ci detected dependencies failing: ${partial_fails}"; \
    exit 1
RUN (opam reinstall --with-test cohttp-server-lwt-unix.6.0.0~alpha2) || true
RUN opam reinstall --with-test --verbose cohttp-server-lwt-unix.6.0.0~alpha2; \
    res=$?; \
    test "$res" != 31 && exit "$res"; \
    export OPAMCLI=2.0; \
    build_dir=$(opam var prefix)/.opam-switch/build; \
    failed=$(ls "$build_dir"); \
    partial_fails=""; \
    for pkg in $failed; do \
    if opam show -f x-ci-accept-failures: "$pkg" | grep -qF "\"debian-12\""; then \
    echo "A package failed and has been disabled for CI using the 'x-ci-accept-failures' field."; \
    fi; \
    test "$pkg" != 'cohttp-server-lwt-unix.6.0.0~alpha2' && partial_fails="$partial_fails $pkg"; \
    done; \
    test "${partial_fails}" != "" && echo "opam-repo-ci detected dependencies failing: ${partial_fails}"; \
    exit 1
[0m
END-OF-DOCKERFILE
docker build -f ../Dockerfile .

2024-10-28 18:28.54: Using cache hint "ocaml/opam:debian-12-ocaml-4.12@sha256:87e5b8a7a24dfd98b57db6123fcaf41032161bffa25bf2784b0a18eb434d6ad0-cohttp-server-lwt-unix.6.0.0~alpha2-05590ce777293a9ebf35d79eca2fae2e914982ee"
2024-10-28 18:28.54: Using OBuilder spec:
((from ocaml/opam:debian-12-ocaml-4.12@sha256:87e5b8a7a24dfd98b57db6123fcaf41032161bffa25bf2784b0a18eb434d6ad0)
 (user (uid 1000) (gid 1000))
 (workdir /home/opam)
 (run (shell "sudo ln -f /usr/bin/opam-dev /usr/bin/opam"))
 (run (network host)
      (shell "opam init --reinit --config .opamrc-sandbox -ni"))
 (run (shell "uname -rs && opam exec -- ocaml -version && opam --version"))
 (env OPAMDOWNLOADJOBS 1)
 (env OPAMERRLOGLEN 0)
 (env OPAMSOLVERTIMEOUT 1000)
 (env OPAMPRECISETRACKING 1)
 (env CI true)
 (env OPAM_REPO_CI true)
 (run (shell "rm -rf opam-repository/"))
 (copy (src .) (dst opam-repository/))
 (run (shell "opam repository set-url --strict default opam-repository/"))
 (run (network host)
      (shell "opam update --depexts || true"))
 (run (shell "opam pin add -k version -yn cohttp-server-lwt-unix.6.0.0~alpha2 6.0.0~alpha2"))
 (run (cache (opam-archives (target /home/opam/.opam/download-cache)))
      (network host)
      (shell  "opam reinstall cohttp-server-lwt-unix.6.0.0~alpha2;\
             \n        res=$?;\
             \n        test \"$res\" != 31 && exit \"$res\";\
             \n        export OPAMCLI=2.0;\
             \n        build_dir=$(opam var prefix)/.opam-switch/build;\
             \n        failed=$(ls \"$build_dir\");\
             \n        partial_fails=\"\";\
             \n        for pkg in $failed; do\
             \n          if opam show -f x-ci-accept-failures: \"$pkg\" | grep -qF \"\\\"debian-12\\\"\"; then\
             \n            echo \"A package failed and has been disabled for CI using the 'x-ci-accept-failures' field.\";\
             \n          fi;\
             \n          test \"$pkg\" != 'cohttp-server-lwt-unix.6.0.0~alpha2' && partial_fails=\"$partial_fails $pkg\";\
             \n        done;\
             \n        test \"${partial_fails}\" != \"\" && echo \"opam-repo-ci detected dependencies failing: ${partial_fails}\";\
             \n        exit 1"))
 (run (network host)
      (shell "(opam reinstall --with-test cohttp-server-lwt-unix.6.0.0~alpha2) || true"))
 (run (shell  "opam reinstall --with-test --verbose cohttp-server-lwt-unix.6.0.0~alpha2;\
             \n        res=$?;\
             \n        test \"$res\" != 31 && exit \"$res\";\
             \n        export OPAMCLI=2.0;\
             \n        build_dir=$(opam var prefix)/.opam-switch/build;\
             \n        failed=$(ls \"$build_dir\");\
             \n        partial_fails=\"\";\
             \n        for pkg in $failed; do\
             \n          if opam show -f x-ci-accept-failures: \"$pkg\" | grep -qF \"\\\"debian-12\\\"\"; then\
             \n            echo \"A package failed and has been disabled for CI using the 'x-ci-accept-failures' field.\";\
             \n          fi;\
             \n          test \"$pkg\" != 'cohttp-server-lwt-unix.6.0.0~alpha2' && partial_fails=\"$partial_fails $pkg\";\
             \n        done;\
             \n        test \"${partial_fails}\" != \"\" && echo \"opam-repo-ci detected dependencies failing: ${partial_fails}\";\
             \n        exit 1"))
)

2024-10-28 18:28.54: Waiting for resource in pool OCluster
2024-10-28 18:31.16: Waiting for worker…
2024-10-28 18:33.35: Got resource from pool OCluster
Building on x86-bm-c2.sw.ocaml.org
All commits already cached
Updating files:  91% (29805/32540)Updating files:  92% (29937/32540)Updating files:  93% (30263/32540)Updating files:  94% (30588/32540)Updating files:  95% (30913/32540)Updating files:  96% (31239/32540)Updating files:  97% (31564/32540)Updating files:  98% (31890/32540)Updating files:  99% (32215/32540)Updating files: 100% (32540/32540)Updating files: 100% (32540/32540), done.
HEAD is now at 56e31a3bc1 Merge pull request #26796 from avsm/release-jekyll-format-v0.3.4
Updating 56e31a3bc1..05590ce777
Fast-forward
 packages/cohttp-curl-async/cohttp-curl-async.6.0.0~alpha2/opam          | 2 ++
 packages/cohttp-curl-lwt/cohttp-curl-lwt.6.0.0~alpha2/opam              | 2 ++
 packages/cohttp-lwt-jsoo/cohttp-lwt-jsoo.6.0.0~alpha2/opam              | 2 ++
 packages/cohttp-lwt-unix/cohttp-lwt-unix.6.0.0~alpha2/opam              | 2 ++
 .../cohttp-server-lwt-unix/cohttp-server-lwt-unix.6.0.0~alpha2/opam     | 2 ++
 packages/cohttp-top/cohttp-top.6.0.0~alpha2/opam                        | 2 ++
 6 files changed, 12 insertions(+)

[01;34m(from ocaml/opam:debian-12-ocaml-4.12@sha256:87e5b8a7a24dfd98b57db6123fcaf41032161bffa25bf2784b0a18eb434d6ad0)[0m
[01;2m[01;35m2024-10-28 18:34.56 ---> saved as "0f3955f82676af4b17c3ffff9582991c0283cf609edfe40b329cae2767af1ade"[0m

[01;34m/: (user (uid 1000) (gid 1000))[0m

[01;34m/: (workdir /home/opam)[0m

[01;34m/home/opam: (run (shell "sudo ln -f /usr/bin/opam-dev /usr/bin/opam"))[0m
[01;2m[01;35m2024-10-28 18:34.56 ---> saved as "0ec51a4a151491db9e768fccd7f5369bd07978fd70674ee7da840f7f50546ca8"[0m

[01;34m/home/opam: (run (network host)
                 (shell "opam init --reinit --config .opamrc-sandbox -ni"))[0m
Configuring from /home/opam/.opamrc-sandbox, then /home/opam/.opamrc, and finally from built-in defaults.
Checking for available remotes: rsync and local, git.
  - you won't be able to use mercurial repositories unless you install the hg command on your system.
  - you won't be able to use darcs repositories unless you install the darcs command on your system.

This development version of opam requires an update to the layout of /home/opam/.opam from version 2.0 to version 2.2, which can't be reverted.
You may want to back it up before going further.

Continue? [y/n] y
Format upgrade done.

<><> Updating repositories ><><><><><><><><><><><><><><><><><><><><><><><><><><>
[default] synchronised from file:///home/opam/opam-repository
[01;2m[01;35m2024-10-28 18:36.43 ---> saved as "2202df7ed42461b15d00732bf3e31b1ded2524114facf1a896f472e352f1e12d"[0m

[01;34m/home/opam: (run (shell "uname -rs && opam exec -- ocaml -version && opam --version"))[0m
Linux 5.15.0-122-generic
The OCaml toplevel, version 4.12.1
2.4.0~alpha1~dev
[01;2m[01;35m2024-10-28 18:36.44 ---> saved as "4405b440d5cc1d724bcc5bc5afb8d5c1afbfcfca7f8412e69d4eded32c8afab8"[0m

[01;34m/home/opam: (env OPAMDOWNLOADJOBS 1)[0m

[01;34m/home/opam: (env OPAMERRLOGLEN 0)[0m

[01;34m/home/opam: (env OPAMSOLVERTIMEOUT 1000)[0m

[01;34m/home/opam: (env OPAMPRECISETRACKING 1)[0m

[01;34m/home/opam: (env CI true)[0m

[01;34m/home/opam: (env OPAM_REPO_CI true)[0m

[01;34m/home/opam: (run (shell "rm -rf opam-repository/"))[0m
[01;2m[01;35m2024-10-28 18:36.50 ---> saved as "549d157e25d2a97315372b99dfe43368fcada363b574c9cf90cf79b7ab2fceac"[0m

[01;34m/home/opam: (copy (src .) (dst opam-repository/))[0m
[01;2m[01;35m2024-10-28 18:37.05 ---> saved as "9b92f03dfc6e480170476a795ce4da0367a940a33eaa164de4ffadc55e05effc"[0m

[01;34m/home/opam: (run (shell "opam repository set-url --strict default opam-repository/"))[0m
[default] Initialised
[01;2m[01;35m2024-10-28 18:37.54 ---> saved as "28e2bb5073bbc5f95f9d875c2190946b3144b3d9e50dd5a79dbdaff9f4829409"[0m

[01;34m/home/opam: (run (network host)
                 (shell "opam update --depexts || true"))[0m
+ /usr/bin/sudo "apt-get" "update"
- Hit:1 http://deb.debian.org/debian bookworm InRelease
- Get:2 http://deb.debian.org/debian bookworm-updates InRelease [55.4 kB]
- Get:3 http://deb.debian.org/debian-security bookworm-security InRelease [48.0 kB]
- Get:4 http://deb.debian.org/debian-security bookworm-security/main amd64 Packages [190 kB]
- Fetched 293 kB in 0s (1132 kB/s)
- Reading package lists...
[01;2m[01;35m2024-10-28 18:37.55 ---> saved as "d782cf0e4c9e4e851da83cfbbc4a53945f2cb9d70f7f9a4bea18c73c7fba44c6"[0m

[01;34m/home/opam: (run (shell "opam pin add -k version -yn cohttp-server-lwt-unix.6.0.0~alpha2 6.0.0~alpha2"))[0m
cohttp-server-lwt-unix is now pinned to version 6.0.0~alpha2
[01;2m[01;35m2024-10-28 18:37.56 ---> saved as "b1336d3158c57225c62d6e1dc10fa39ce884bc3576af4f76eb143fc11f16ba19"[0m

[01;34m/home/opam: (run (cache (opam-archives (target /home/opam/.opam/download-cache)))
                 (network host)
                 (shell  "opam reinstall cohttp-server-lwt-unix.6.0.0~alpha2;\
                        \n        res=$?;\
                        \n        test \"$res\" != 31 && exit \"$res\";\
                        \n        export OPAMCLI=2.0;\
                        \n        build_dir=$(opam var prefix)/.opam-switch/build;\
                        \n        failed=$(ls \"$build_dir\");\
                        \n        partial_fails=\"\";\
                        \n        for pkg in $failed; do\
                        \n          if opam show -f x-ci-accept-failures: \"$pkg\" | grep -qF \"\\\"debian-12\\\"\"; then\
                        \n            echo \"A package failed and has been disabled for CI using the 'x-ci-accept-failures' field.\";\
                        \n          fi;\
                        \n          test \"$pkg\" != 'cohttp-server-lwt-unix.6.0.0~alpha2' && partial_fails=\"$partial_fails $pkg\";\
                        \n        done;\
                        \n        test \"${partial_fails}\" != \"\" && echo \"opam-repo-ci detected dependencies failing: ${partial_fails}\";\
                        \n        exit 1"))[0m
cohttp-server-lwt-unix.6.0.0~alpha2 is not installed. Install it? [y/n] y
The following actions will be performed:
=== install 10 packages
  - install base-bytes             base                  [required by ocplib-endian]
  - install cohttp-server-lwt-unix 6.0.0~alpha2 (pinned)
  - install cppo                   1.7.0                 [required by lwt]
  - install csexp                  1.5.2                 [required by dune-configurator]
  - install dune                   3.16.0                [required by cohttp-server-lwt-unix]
  - install dune-configurator      3.16.0                [required by lwt]
  - install http                   6.0.0~alpha2          [required by cohttp-server-lwt-unix]
  - install lwt                    5.8.0                 [required by cohttp-server-lwt-unix]
  - install ocamlfind              1.9.6                 [required by base-bytes]
  - install ocplib-endian          1.2                   [required by lwt]

<><> Processing actions <><><><><><><><><><><><><><><><><><><><><><><><><><><><>
-> retrieved cohttp-server-lwt-unix.6.0.0~alpha2, http.6.0.0~alpha2  (cached)
-> retrieved cppo.1.7.0  (cached)
-> retrieved csexp.1.5.2  (cached)
-> retrieved dune.3.16.0, dune-configurator.3.16.0  (cached)
-> retrieved lwt.5.8.0  (cached)
-> retrieved ocamlfind.1.9.6  (cached)
-> retrieved ocplib-endian.1.2  (cached)
-> installed ocamlfind.1.9.6
-> installed base-bytes.base
-> installed dune.3.16.0
-> installed csexp.1.5.2
-> installed http.6.0.0~alpha2
-> installed cppo.1.7.0
-> installed ocplib-endian.1.2
-> installed dune-configurator.3.16.0
-> installed lwt.5.8.0
-> installed cohttp-server-lwt-unix.6.0.0~alpha2
Done.
# To update the current shell environment, run: eval $(opam env)
[01;2m[01;35m2024-10-28 18:39.00 ---> saved as "2beb7e878cbf10fa5e6192b3fb4acce97dbce49f9cceb8543c31cf3abc76a222"[0m

[01;34m/home/opam: (run (network host)
                 (shell "(opam reinstall --with-test cohttp-server-lwt-unix.6.0.0~alpha2) || true"))[0m
[ERROR] Sorry, resolution of the request timed out.
        Try to specify a more precise request, use a different solver, or increase the allowed time by setting OPAMSOLVERTIMEOUT to a bigger value (currently, it is set to 1000.0 seconds).
[01;2m[01;35m2024-10-28 18:55.57 ---> saved as "570affcee867c6bb73fdaae4804633fdd0578c9e3eda693a4d2d2439b329e074"[0m

[01;34m/home/opam: (run (shell  "opam reinstall --with-test --verbose cohttp-server-lwt-unix.6.0.0~alpha2;\
                        \n        res=$?;\
                        \n        test \"$res\" != 31 && exit \"$res\";\
                        \n        export OPAMCLI=2.0;\
                        \n        build_dir=$(opam var prefix)/.opam-switch/build;\
                        \n        failed=$(ls \"$build_dir\");\
                        \n        partial_fails=\"\";\
                        \n        for pkg in $failed; do\
                        \n          if opam show -f x-ci-accept-failures: \"$pkg\" | grep -qF \"\\\"debian-12\\\"\"; then\
                        \n            echo \"A package failed and has been disabled for CI using the 'x-ci-accept-failures' field.\";\
                        \n          fi;\
                        \n          test \"$pkg\" != 'cohttp-server-lwt-unix.6.0.0~alpha2' && partial_fails=\"$partial_fails $pkg\";\
                        \n        done;\
                        \n        test \"${partial_fails}\" != \"\" && echo \"opam-repo-ci detected dependencies failing: ${partial_fails}\";\
                        \n        exit 1"))[0m
[ERROR] Sorry, resolution of the request timed out.
        Try to specify a more precise request, use a different solver, or increase the allowed time by setting OPAMSOLVERTIMEOUT to a bigger value (currently, it is set to 1000.0 seconds).
'opam reinstall --with-test --verbose cohttp-server-lwt-unix.6.0.0~alpha2' failed.
"/usr/bin/env" "bash" "-c" "opam reinstall --with-test --verbose cohttp-server-lwt-unix.6.0.0~alpha2;
        res=$?;
        test "$res" != 31 && exit "$res";
        export OPAMCLI=2.0;
        build_dir=$(opam var prefix)/.opam-switch/build;
        failed=$(ls "$build_dir");
        partial_fails="";
        for pkg in $failed; do
          if opam show -f x-ci-accept-failures: "$pkg" | grep -qF "\"debian-12\""; then
            echo "A package failed and has been disabled for CI using the 'x-ci-accept-failures' field.";
          fi;
          test "$pkg" != 'cohttp-server-lwt-unix.6.0.0~alpha2' && partial_fails="$partial_fails $pkg";
        done;
        test "${partial_fails}" != "" && echo "opam-repo-ci detected dependencies failing: ${partial_fails}";
        exit 1" failed with exit status 60
2024-10-28 19:13.16: Job failed: Failed: Build failed
2024-10-28 19:13.16: Log analysis:
2024-10-28 19:13.16: >>> 
[ERROR] Sorry, resolution of the request timed out.
 (score = 20)
2024-10-28 19:13.16: >>> 
[ERROR] Sorry, resolution of the request timed out.
 (score = 20)
2024-10-28 19:13.16: Sorry, resolution of the request timed out.
