2024-09-21 13:25.00: New job: test js_of_ocaml-toplevel.5.8.2-floats, using opam dev
                              from https://github.com/ocaml/opam-repository.git#refs/pull/26591/head (e588b5e12bcef6e8b6214404aed6b8c44cf38fed)
                              on debian-12-ocaml-4.11/amd64

To reproduce locally:

cd $(mktemp -d)
git clone --recursive "https://github.com/ocaml/opam-repository.git" && cd "opam-repository" && git fetch origin "refs/pull/26591/head" && git reset --hard e588b5e1
git fetch origin master
git merge --no-edit 5185cdc9c5e93b164aa98b6f66437a71bebbf18e
cat > ../Dockerfile <<'END-OF-DOCKERFILE'
[34mFROM ocaml/opam:debian-12-ocaml-4.11@sha256:f3d4122752fc627cff3a7cacb8d7fc87dd4638426ab1ee7fba69502fd242a132
USER 1000:1000
WORKDIR /home/opam
RUN sudo ln -f /usr/bin/opam-dev /usr/bin/opam
RUN opam init --reinit -ni
RUN uname -rs && opam exec -- ocaml -version && opam --version
ENV OPAMDOWNLOADJOBS="1"
ENV OPAMERRLOGLEN="0"
ENV OPAMSOLVERTIMEOUT="1000"
ENV OPAMPRECISETRACKING="1"
ENV CI="true"
ENV OPAM_REPO_CI="true"
RUN rm -rf opam-repository/
COPY --chown=1000:1000 . opam-repository/
RUN opam repository set-url --strict default opam-repository/
RUN opam update --depexts || true
RUN opam pin add -k version -yn js_of_ocaml-toplevel.5.8.2-floats 5.8.2-floats
RUN opam reinstall js_of_ocaml-toplevel.5.8.2-floats; \
    res=$?; \
    test "$res" != 31 && exit "$res"; \
    export OPAMCLI=2.0; \
    build_dir=$(opam var prefix)/.opam-switch/build; \
    failed=$(ls "$build_dir"); \
    partial_fails=""; \
    for pkg in $failed; do \
    if opam show -f x-ci-accept-failures: "$pkg" | grep -qF "\"debian-12\""; then \
    echo "A package failed and has been disabled for CI using the 'x-ci-accept-failures' field."; \
    fi; \
    test "$pkg" != 'js_of_ocaml-toplevel.5.8.2-floats' && partial_fails="$partial_fails $pkg"; \
    done; \
    test "${partial_fails}" != "" && echo "opam-repo-ci detected dependencies failing: ${partial_fails}"; \
    exit 1
RUN (opam reinstall --with-test js_of_ocaml-toplevel.5.8.2-floats) || true
RUN opam reinstall --with-test --verbose js_of_ocaml-toplevel.5.8.2-floats; \
    res=$?; \
    test "$res" != 31 && exit "$res"; \
    export OPAMCLI=2.0; \
    build_dir=$(opam var prefix)/.opam-switch/build; \
    failed=$(ls "$build_dir"); \
    partial_fails=""; \
    for pkg in $failed; do \
    if opam show -f x-ci-accept-failures: "$pkg" | grep -qF "\"debian-12\""; then \
    echo "A package failed and has been disabled for CI using the 'x-ci-accept-failures' field."; \
    fi; \
    test "$pkg" != 'js_of_ocaml-toplevel.5.8.2-floats' && partial_fails="$partial_fails $pkg"; \
    done; \
    test "${partial_fails}" != "" && echo "opam-repo-ci detected dependencies failing: ${partial_fails}"; \
    exit 1
[0m
END-OF-DOCKERFILE
docker build -f ../Dockerfile .

2024-09-21 13:25.00: Using cache hint "ocaml/opam:debian-12-ocaml-4.11@sha256:f3d4122752fc627cff3a7cacb8d7fc87dd4638426ab1ee7fba69502fd242a132-js_of_ocaml-toplevel.5.8.2-floats-e588b5e12bcef6e8b6214404aed6b8c44cf38fed"
2024-09-21 13:25.00: Using OBuilder spec:
((from ocaml/opam:debian-12-ocaml-4.11@sha256:f3d4122752fc627cff3a7cacb8d7fc87dd4638426ab1ee7fba69502fd242a132)
 (user (uid 1000) (gid 1000))
 (workdir /home/opam)
 (run (shell "sudo ln -f /usr/bin/opam-dev /usr/bin/opam"))
 (run (network host)
      (shell "opam init --reinit --config .opamrc-sandbox -ni"))
 (run (shell "uname -rs && opam exec -- ocaml -version && opam --version"))
 (env OPAMDOWNLOADJOBS 1)
 (env OPAMERRLOGLEN 0)
 (env OPAMSOLVERTIMEOUT 1000)
 (env OPAMPRECISETRACKING 1)
 (env CI true)
 (env OPAM_REPO_CI true)
 (run (shell "rm -rf opam-repository/"))
 (copy (src .) (dst opam-repository/))
 (run (shell "opam repository set-url --strict default opam-repository/"))
 (run (network host)
      (shell "opam update --depexts || true"))
 (run (shell "opam pin add -k version -yn js_of_ocaml-toplevel.5.8.2-floats 5.8.2-floats"))
 (run (cache (opam-archives (target /home/opam/.opam/download-cache)))
      (network host)
      (shell  "opam reinstall js_of_ocaml-toplevel.5.8.2-floats;\
             \n        res=$?;\
             \n        test \"$res\" != 31 && exit \"$res\";\
             \n        export OPAMCLI=2.0;\
             \n        build_dir=$(opam var prefix)/.opam-switch/build;\
             \n        failed=$(ls \"$build_dir\");\
             \n        partial_fails=\"\";\
             \n        for pkg in $failed; do\
             \n          if opam show -f x-ci-accept-failures: \"$pkg\" | grep -qF \"\\\"debian-12\\\"\"; then\
             \n            echo \"A package failed and has been disabled for CI using the 'x-ci-accept-failures' field.\";\
             \n          fi;\
             \n          test \"$pkg\" != 'js_of_ocaml-toplevel.5.8.2-floats' && partial_fails=\"$partial_fails $pkg\";\
             \n        done;\
             \n        test \"${partial_fails}\" != \"\" && echo \"opam-repo-ci detected dependencies failing: ${partial_fails}\";\
             \n        exit 1"))
 (run (network host)
      (shell "(opam reinstall --with-test js_of_ocaml-toplevel.5.8.2-floats) || true"))
 (run (shell  "opam reinstall --with-test --verbose js_of_ocaml-toplevel.5.8.2-floats;\
             \n        res=$?;\
             \n        test \"$res\" != 31 && exit \"$res\";\
             \n        export OPAMCLI=2.0;\
             \n        build_dir=$(opam var prefix)/.opam-switch/build;\
             \n        failed=$(ls \"$build_dir\");\
             \n        partial_fails=\"\";\
             \n        for pkg in $failed; do\
             \n          if opam show -f x-ci-accept-failures: \"$pkg\" | grep -qF \"\\\"debian-12\\\"\"; then\
             \n            echo \"A package failed and has been disabled for CI using the 'x-ci-accept-failures' field.\";\
             \n          fi;\
             \n          test \"$pkg\" != 'js_of_ocaml-toplevel.5.8.2-floats' && partial_fails=\"$partial_fails $pkg\";\
             \n        done;\
             \n        test \"${partial_fails}\" != \"\" && echo \"opam-repo-ci detected dependencies failing: ${partial_fails}\";\
             \n        exit 1"))
)

2024-09-21 13:25.00: Waiting for resource in pool OCluster
2024-09-21 13:25.00: Waiting for worker…
2024-09-21 13:47.23: Got resource from pool OCluster
Building on x86-bm-c2.sw.ocaml.org
Updating files:  92% (29698/32275)Updating files:  93% (30016/32275)Updating files:  94% (30339/32275)Updating files:  95% (30662/32275)Updating files:  96% (30984/32275)Updating files:  97% (31307/32275)Updating files:  98% (31630/32275)Updating files:  99% (31953/32275)Updating files: 100% (32275/32275)Updating files: 100% (32275/32275), done.
HEAD is now at 9ae9fbb2f6 Merge commit 'e2d0209f2bb3db6688842eaad29d2be648704c69'
HEAD is now at 5185cdc9c5 Merge pull request #26587 from samoht/release-conduit-v7.1.0
Merge made by the 'ort' strategy.
 .../js_of_ocaml-compiler.5.8.2-floats/opam         | 55 ++++++++++++++++++++++
 .../js_of_ocaml-lwt.5.8.2-floats/opam              | 48 +++++++++++++++++++
 .../js_of_ocaml-ppx.5.8.2-floats/opam              | 45 ++++++++++++++++++
 .../opam                                           | 45 ++++++++++++++++++
 .../js_of_ocaml-toplevel.5.8.2-floats/opam         | 48 +++++++++++++++++++
 .../js_of_ocaml-tyxml.5.8.2-floats/opam            | 49 +++++++++++++++++++
 packages/js_of_ocaml/js_of_ocaml.5.8.2-floats/opam | 55 ++++++++++++++++++++++
 7 files changed, 345 insertions(+)
 create mode 100644 packages/js_of_ocaml-compiler/js_of_ocaml-compiler.5.8.2-floats/opam
 create mode 100644 packages/js_of_ocaml-lwt/js_of_ocaml-lwt.5.8.2-floats/opam
 create mode 100644 packages/js_of_ocaml-ppx/js_of_ocaml-ppx.5.8.2-floats/opam
 create mode 100644 packages/js_of_ocaml-ppx_deriving_json/js_of_ocaml-ppx_deriving_json.5.8.2-floats/opam
 create mode 100644 packages/js_of_ocaml-toplevel/js_of_ocaml-toplevel.5.8.2-floats/opam
 create mode 100644 packages/js_of_ocaml-tyxml/js_of_ocaml-tyxml.5.8.2-floats/opam
 create mode 100644 packages/js_of_ocaml/js_of_ocaml.5.8.2-floats/opam

[01;34m(from ocaml/opam:debian-12-ocaml-4.11@sha256:f3d4122752fc627cff3a7cacb8d7fc87dd4638426ab1ee7fba69502fd242a132)[0m
[01;2m[01;35m2024-09-21 13:48.17 ---> saved as "f686446ac6989cdffdd00bdbd65dc9318411a8efdfc4efe88aabb6ee00cace32"[0m

[01;34m/: (user (uid 1000) (gid 1000))[0m

[01;34m/: (workdir /home/opam)[0m

[01;34m/home/opam: (run (shell "sudo ln -f /usr/bin/opam-dev /usr/bin/opam"))[0m
[01;2m[01;35m2024-09-21 13:48.17 ---> saved as "2d20041162e75f0e984165b22b5955dfb8ce8c78605a79456dffaed66dd7970b"[0m

[01;34m/home/opam: (run (network host)
                 (shell "opam init --reinit --config .opamrc-sandbox -ni"))[0m
Configuring from /home/opam/.opamrc-sandbox, then /home/opam/.opamrc, and finally from built-in defaults.
Checking for available remotes: rsync and local, git.
  - you won't be able to use mercurial repositories unless you install the hg command on your system.
  - you won't be able to use darcs repositories unless you install the darcs command on your system.

This development version of opam requires an update to the layout of /home/opam/.opam from version 2.0 to version 2.2, which can't be reverted.
You may want to back it up before going further.

Continue? [y/n] y
Format upgrade done.

<><> Updating repositories ><><><><><><><><><><><><><><><><><><><><><><><><><><>
[default] synchronised from file:///home/opam/opam-repository
[01;2m[01;35m2024-09-21 13:49.44 ---> saved as "362ef9bbe61b7a9bd331aef82e3fc8944eca3dbd45b0a4bd4560696c745005e5"[0m

[01;34m/home/opam: (run (shell "uname -rs && opam exec -- ocaml -version && opam --version"))[0m
Linux 5.15.0-121-generic
The OCaml toplevel, version 4.11.2
2.3.0~alpha~dev
[01;2m[01;35m2024-09-21 13:49.45 ---> saved as "a346226eb870b3c52598726467291ee540b336ddbcc4885ddcc42a617178cb27"[0m

[01;34m/home/opam: (env OPAMDOWNLOADJOBS 1)[0m

[01;34m/home/opam: (env OPAMERRLOGLEN 0)[0m

[01;34m/home/opam: (env OPAMSOLVERTIMEOUT 1000)[0m

[01;34m/home/opam: (env OPAMPRECISETRACKING 1)[0m

[01;34m/home/opam: (env CI true)[0m

[01;34m/home/opam: (env OPAM_REPO_CI true)[0m

[01;34m/home/opam: (run (shell "rm -rf opam-repository/"))[0m
[01;2m[01;35m2024-09-21 13:49.50 ---> saved as "962d592fa272d41bf9472f05a9a12fd78684915e7ee780fe1da4a4574115012c"[0m

[01;34m/home/opam: (copy (src .) (dst opam-repository/))[0m
[01;2m[01;35m2024-09-21 13:50.01 ---> saved as "a970adbaf188cc770bcf8b6f62342701f43139c3e92fe4234197415e43126a6b"[0m

[01;34m/home/opam: (run (shell "opam repository set-url --strict default opam-repository/"))[0m
[default] Initialised
[01;2m[01;35m2024-09-21 13:51.04 ---> saved as "55c1c57947d7dfdfca0cd593085e519784c3edb8a74057c94b5270ddb7d70cff"[0m

[01;34m/home/opam: (run (network host)
                 (shell "opam update --depexts || true"))[0m
+ /usr/bin/sudo "apt-get" "update"
- Hit:1 http://deb.debian.org/debian bookworm InRelease
- Get:2 http://deb.debian.org/debian bookworm-updates InRelease [55.4 kB]
- Get:3 http://deb.debian.org/debian-security bookworm-security InRelease [48.0 kB]
- Get:4 http://deb.debian.org/debian-security bookworm-security/main amd64 Packages [182 kB]
- Fetched 286 kB in 0s (898 kB/s)
- Reading package lists...
- 
[01;2m[01;35m2024-09-21 13:51.05 ---> saved as "a69f1c37d2e6fc717b362dddd637ff15a67ef26d89048ff15f3a8cf860fc87d7"[0m

[01;34m/home/opam: (run (shell "opam pin add -k version -yn js_of_ocaml-toplevel.5.8.2-floats 5.8.2-floats"))[0m
js_of_ocaml-toplevel is now pinned to version 5.8.2-floats
[01;2m[01;35m2024-09-21 13:51.06 ---> saved as "ec8fa85d5e426c52922534e9ffd968959cad1103947d8176247c75c4004ab587"[0m

[01;34m/home/opam: (run (cache (opam-archives (target /home/opam/.opam/download-cache)))
                 (network host)
                 (shell  "opam reinstall js_of_ocaml-toplevel.5.8.2-floats;\
                        \n        res=$?;\
                        \n        test \"$res\" != 31 && exit \"$res\";\
                        \n        export OPAMCLI=2.0;\
                        \n        build_dir=$(opam var prefix)/.opam-switch/build;\
                        \n        failed=$(ls \"$build_dir\");\
                        \n        partial_fails=\"\";\
                        \n        for pkg in $failed; do\
                        \n          if opam show -f x-ci-accept-failures: \"$pkg\" | grep -qF \"\\\"debian-12\\\"\"; then\
                        \n            echo \"A package failed and has been disabled for CI using the 'x-ci-accept-failures' field.\";\
                        \n          fi;\
                        \n          test \"$pkg\" != 'js_of_ocaml-toplevel.5.8.2-floats' && partial_fails=\"$partial_fails $pkg\";\
                        \n        done;\
                        \n        test \"${partial_fails}\" != \"\" && echo \"opam-repo-ci detected dependencies failing: ${partial_fails}\";\
                        \n        exit 1"))[0m
js_of_ocaml-toplevel.5.8.2-floats is not installed. Install it? [y/n] y
The following actions will be performed:
=== install 18 packages
  - install cmdliner             1.3.0                 [required by js_of_ocaml-compiler]
  - install dune                 3.16.0                [required by js_of_ocaml-toplevel]
  - install gen                  1.1                   [required by sedlex]
  - install js_of_ocaml-compiler 5.8.2-floats          [required by js_of_ocaml-toplevel]
  - install js_of_ocaml-toplevel 5.8.2-floats (pinned)
  - install menhir               20240715              [required by js_of_ocaml-compiler]
  - install menhirCST            20240715              [required by menhir]
  - install menhirLib            20240715              [required by js_of_ocaml-compiler]
  - install menhirSdk            20240715              [required by js_of_ocaml-compiler]
  - install ocaml-compiler-libs  v0.12.4               [required by ppxlib]
  - install ocamlfind            1.9.6                 [required by js_of_ocaml-toplevel]
  - install ppx_derivers         1.2.1                 [required by ppxlib]
  - install ppxlib               0.33.0                [required by js_of_ocaml-compiler]
  - install sedlex               3.2                   [required by js_of_ocaml-compiler]
  - install seq                  base                  [required by yojson]
  - install sexplib0             v0.16.0               [required by ppxlib]
  - install stdlib-shims         0.3.0                 [required by ppxlib]
  - install yojson               2.2.2                 [required by js_of_ocaml-compiler]

<><> Processing actions <><><><><><><><><><><><><><><><><><><><><><><><><><><><>
-> retrieved cmdliner.1.3.0  (cached)
-> retrieved dune.3.16.0  (cached)
-> retrieved gen.1.1  (cached)
-> retrieved js_of_ocaml-compiler.5.8.2-floats, js_of_ocaml-toplevel.5.8.2-floats  (cached)
-> retrieved menhir.20240715, menhirCST.20240715, menhirLib.20240715, menhirSdk.20240715  (cached)
-> retrieved ocaml-compiler-libs.v0.12.4  (cached)
-> retrieved ocamlfind.1.9.6  (cached)
-> installed cmdliner.1.3.0
-> retrieved ppx_derivers.1.2.1  (cached)
-> retrieved ppxlib.0.33.0  (cached)
-> retrieved sedlex.3.2  (cached)
-> retrieved seq.base  (cached)
-> installed seq.base
-> retrieved sexplib0.v0.16.0  (cached)
-> retrieved stdlib-shims.0.3.0  (cached)
-> retrieved yojson.2.2.2  (cached)
-> installed ocamlfind.1.9.6
-> installed dune.3.16.0
-> installed menhirCST.20240715
-> installed ppx_derivers.1.2.1
-> installed stdlib-shims.0.3.0
-> installed menhirSdk.20240715
-> installed gen.1.1
-> installed sexplib0.v0.16.0
-> installed menhirLib.20240715
-> installed ocaml-compiler-libs.v0.12.4
-> installed yojson.2.2.2
-> installed menhir.20240715
-> installed ppxlib.0.33.0
-> installed sedlex.3.2
-> installed js_of_ocaml-compiler.5.8.2-floats
-> installed js_of_ocaml-toplevel.5.8.2-floats
Done.
# To update the current shell environment, run: eval $(opam env)
[01;2m[01;35m2024-09-21 13:52.23 ---> saved as "0fed27d0ad2e581307fd3317efbe404c3b7051e4343899a3aabfacf9c3f0a2b2"[0m

[01;34m/home/opam: (run (network host)
                 (shell "(opam reinstall --with-test js_of_ocaml-toplevel.5.8.2-floats) || true"))[0m
[ERROR] Sorry, resolution of the request timed out.
        Try to specify a more precise request, use a different solver, or increase the allowed time by setting OPAMSOLVERTIMEOUT to a bigger value (currently, it is set to 1000.0 seconds).
[01;2m[01;35m2024-09-21 14:09.22 ---> saved as "789eb90598abb02fb9a2f5f2e25730763eaa501eddc1e4668ee1e2b1aa93ff25"[0m

[01;34m/home/opam: (run (shell  "opam reinstall --with-test --verbose js_of_ocaml-toplevel.5.8.2-floats;\
                        \n        res=$?;\
                        \n        test \"$res\" != 31 && exit \"$res\";\
                        \n        export OPAMCLI=2.0;\
                        \n        build_dir=$(opam var prefix)/.opam-switch/build;\
                        \n        failed=$(ls \"$build_dir\");\
                        \n        partial_fails=\"\";\
                        \n        for pkg in $failed; do\
                        \n          if opam show -f x-ci-accept-failures: \"$pkg\" | grep -qF \"\\\"debian-12\\\"\"; then\
                        \n            echo \"A package failed and has been disabled for CI using the 'x-ci-accept-failures' field.\";\
                        \n          fi;\
                        \n          test \"$pkg\" != 'js_of_ocaml-toplevel.5.8.2-floats' && partial_fails=\"$partial_fails $pkg\";\
                        \n        done;\
                        \n        test \"${partial_fails}\" != \"\" && echo \"opam-repo-ci detected dependencies failing: ${partial_fails}\";\
                        \n        exit 1"))[0m
[ERROR] Sorry, resolution of the request timed out.
        Try to specify a more precise request, use a different solver, or increase the allowed time by setting OPAMSOLVERTIMEOUT to a bigger value (currently, it is set to 1000.0 seconds).
'opam reinstall --with-test --verbose js_of_ocaml-toplevel.5.8.2-floats' failed.
"/usr/bin/env" "bash" "-c" "opam reinstall --with-test --verbose js_of_ocaml-toplevel.5.8.2-floats;
        res=$?;
        test "$res" != 31 && exit "$res";
        export OPAMCLI=2.0;
        build_dir=$(opam var prefix)/.opam-switch/build;
        failed=$(ls "$build_dir");
        partial_fails="";
        for pkg in $failed; do
          if opam show -f x-ci-accept-failures: "$pkg" | grep -qF "\"debian-12\""; then
            echo "A package failed and has been disabled for CI using the 'x-ci-accept-failures' field.";
          fi;
          test "$pkg" != 'js_of_ocaml-toplevel.5.8.2-floats' && partial_fails="$partial_fails $pkg";
        done;
        test "${partial_fails}" != "" && echo "opam-repo-ci detected dependencies failing: ${partial_fails}";
        exit 1" failed with exit status 60
2024-09-21 14:26.39: Job failed: Failed: Build failed
2024-09-21 14:26.39: Log analysis:
2024-09-21 14:26.39: >>> 
[ERROR] Sorry, resolution of the request timed out.
 (score = 20)
2024-09-21 14:26.39: >>> 
[ERROR] Sorry, resolution of the request timed out.
 (score = 20)
2024-09-21 14:26.39: Sorry, resolution of the request timed out.
