2024-09-07 19:52.21: New job: test websocket-lwt-unix.2.17, using opam dev
                              from https://github.com/ocaml/opam-repository.git#refs/pull/26509/head (3f38a28f9229e51d12d85b68724b7bcabeab7398)
                              on debian-12-ocaml-4.09/amd64

To reproduce locally:

cd $(mktemp -d)
git clone --recursive "https://github.com/ocaml/opam-repository.git" && cd "opam-repository" && git fetch origin "refs/pull/26509/head" && git reset --hard 3f38a28f
git fetch origin master
git merge --no-edit 6fe6a740bece3d7856bce5664f49074ece940f31
cat > ../Dockerfile <<'END-OF-DOCKERFILE'
[34mFROM ocaml/opam:debian-12-ocaml-4.09@sha256:e7f34ec45a1bf33ef4dc37e558b7ea4903de3498e310ab7f2b247922f4cb2302
USER 1000:1000
WORKDIR /home/opam
RUN sudo ln -f /usr/bin/opam-dev /usr/bin/opam
RUN opam init --reinit -ni
RUN uname -rs && opam exec -- ocaml -version && opam --version
ENV OPAMDOWNLOADJOBS="1"
ENV OPAMERRLOGLEN="0"
ENV OPAMSOLVERTIMEOUT="500"
ENV OPAMPRECISETRACKING="1"
ENV CI="true"
ENV OPAM_REPO_CI="true"
RUN rm -rf opam-repository/
COPY --chown=1000:1000 . opam-repository/
RUN opam repository set-url --strict default opam-repository/
RUN opam update --depexts || true
RUN opam pin add -k version -yn websocket-lwt-unix.2.17 2.17
RUN opam reinstall websocket-lwt-unix.2.17; \
    res=$?; \
    test "$res" != 31 && exit "$res"; \
    export OPAMCLI=2.0; \
    build_dir=$(opam var prefix)/.opam-switch/build; \
    failed=$(ls "$build_dir"); \
    partial_fails=""; \
    for pkg in $failed; do \
    if opam show -f x-ci-accept-failures: "$pkg" | grep -qF "\"debian-12\""; then \
    echo "A package failed and has been disabled for CI using the 'x-ci-accept-failures' field."; \
    fi; \
    test "$pkg" != 'websocket-lwt-unix.2.17' && partial_fails="$partial_fails $pkg"; \
    done; \
    test "${partial_fails}" != "" && echo "opam-repo-ci detected dependencies failing: ${partial_fails}"; \
    exit 1
RUN (opam reinstall --with-test websocket-lwt-unix.2.17) || true
RUN opam reinstall --with-test --verbose websocket-lwt-unix.2.17; \
    res=$?; \
    test "$res" != 31 && exit "$res"; \
    export OPAMCLI=2.0; \
    build_dir=$(opam var prefix)/.opam-switch/build; \
    failed=$(ls "$build_dir"); \
    partial_fails=""; \
    for pkg in $failed; do \
    if opam show -f x-ci-accept-failures: "$pkg" | grep -qF "\"debian-12\""; then \
    echo "A package failed and has been disabled for CI using the 'x-ci-accept-failures' field."; \
    fi; \
    test "$pkg" != 'websocket-lwt-unix.2.17' && partial_fails="$partial_fails $pkg"; \
    done; \
    test "${partial_fails}" != "" && echo "opam-repo-ci detected dependencies failing: ${partial_fails}"; \
    exit 1
[0m
END-OF-DOCKERFILE
docker build -f ../Dockerfile .

2024-09-07 19:52.21: Using cache hint "ocaml/opam:debian-12-ocaml-4.09@sha256:e7f34ec45a1bf33ef4dc37e558b7ea4903de3498e310ab7f2b247922f4cb2302-websocket-lwt-unix.2.17-3f38a28f9229e51d12d85b68724b7bcabeab7398"
2024-09-07 19:52.21: Using OBuilder spec:
((from ocaml/opam:debian-12-ocaml-4.09@sha256:e7f34ec45a1bf33ef4dc37e558b7ea4903de3498e310ab7f2b247922f4cb2302)
 (user (uid 1000) (gid 1000))
 (workdir /home/opam)
 (run (shell "sudo ln -f /usr/bin/opam-dev /usr/bin/opam"))
 (run (network host)
      (shell "opam init --reinit --config .opamrc-sandbox -ni"))
 (run (shell "uname -rs && opam exec -- ocaml -version && opam --version"))
 (env OPAMDOWNLOADJOBS 1)
 (env OPAMERRLOGLEN 0)
 (env OPAMSOLVERTIMEOUT 500)
 (env OPAMPRECISETRACKING 1)
 (env CI true)
 (env OPAM_REPO_CI true)
 (run (shell "rm -rf opam-repository/"))
 (copy (src .) (dst opam-repository/))
 (run (shell "opam repository set-url --strict default opam-repository/"))
 (run (network host)
      (shell "opam update --depexts || true"))
 (run (shell "opam pin add -k version -yn websocket-lwt-unix.2.17 2.17"))
 (run (cache (opam-archives (target /home/opam/.opam/download-cache)))
      (network host)
      (shell  "opam reinstall websocket-lwt-unix.2.17;\
             \n        res=$?;\
             \n        test \"$res\" != 31 && exit \"$res\";\
             \n        export OPAMCLI=2.0;\
             \n        build_dir=$(opam var prefix)/.opam-switch/build;\
             \n        failed=$(ls \"$build_dir\");\
             \n        partial_fails=\"\";\
             \n        for pkg in $failed; do\
             \n          if opam show -f x-ci-accept-failures: \"$pkg\" | grep -qF \"\\\"debian-12\\\"\"; then\
             \n            echo \"A package failed and has been disabled for CI using the 'x-ci-accept-failures' field.\";\
             \n          fi;\
             \n          test \"$pkg\" != 'websocket-lwt-unix.2.17' && partial_fails=\"$partial_fails $pkg\";\
             \n        done;\
             \n        test \"${partial_fails}\" != \"\" && echo \"opam-repo-ci detected dependencies failing: ${partial_fails}\";\
             \n        exit 1"))
 (run (network host)
      (shell "(opam reinstall --with-test websocket-lwt-unix.2.17) || true"))
 (run (shell  "opam reinstall --with-test --verbose websocket-lwt-unix.2.17;\
             \n        res=$?;\
             \n        test \"$res\" != 31 && exit \"$res\";\
             \n        export OPAMCLI=2.0;\
             \n        build_dir=$(opam var prefix)/.opam-switch/build;\
             \n        failed=$(ls \"$build_dir\");\
             \n        partial_fails=\"\";\
             \n        for pkg in $failed; do\
             \n          if opam show -f x-ci-accept-failures: \"$pkg\" | grep -qF \"\\\"debian-12\\\"\"; then\
             \n            echo \"A package failed and has been disabled for CI using the 'x-ci-accept-failures' field.\";\
             \n          fi;\
             \n          test \"$pkg\" != 'websocket-lwt-unix.2.17' && partial_fails=\"$partial_fails $pkg\";\
             \n        done;\
             \n        test \"${partial_fails}\" != \"\" && echo \"opam-repo-ci detected dependencies failing: ${partial_fails}\";\
             \n        exit 1"))
)

2024-09-07 19:52.21: Waiting for resource in pool OCluster
2024-09-07 19:52.22: Waiting for worker…
2024-09-07 19:52.22: Got resource from pool OCluster
Building on x86-bm-c19.sw.ocaml.org
All commits already cached
Updating files:  83% (26990/32165)Updating files:  84% (27019/32165)Updating files:  85% (27341/32165)Updating files:  86% (27662/32165)Updating files:  87% (27984/32165)Updating files:  88% (28306/32165)Updating files:  89% (28627/32165)Updating files:  90% (28949/32165)Updating files:  91% (29271/32165)Updating files:  92% (29592/32165)Updating files:  93% (29914/32165)Updating files:  94% (30236/32165)Updating files:  95% (30557/32165)Updating files:  96% (30879/32165)Updating files:  97% (31201/32165)Updating files:  98% (31522/32165)Updating files:  99% (31844/32165)Updating files: 100% (32165/32165)Updating files: 100% (32165/32165), done.
HEAD is now at 6fe6a740be Merge pull request #26462 from zoj613/opam-publish-zarr.0.1.0
Updating 6fe6a740be..3f38a28f92
Fast-forward
 packages/websocket-async/websocket-async.2.17/opam | 61 ++++++++++++++++++++++
 .../websocket-lwt-unix.2.17/opam                   | 57 ++++++++++++++++++++
 packages/websocket/websocket.2.17/opam             | 60 +++++++++++++++++++++
 3 files changed, 178 insertions(+)
 create mode 100644 packages/websocket-async/websocket-async.2.17/opam
 create mode 100644 packages/websocket-lwt-unix/websocket-lwt-unix.2.17/opam
 create mode 100644 packages/websocket/websocket.2.17/opam

[01;34m(from ocaml/opam:debian-12-ocaml-4.09@sha256:e7f34ec45a1bf33ef4dc37e558b7ea4903de3498e310ab7f2b247922f4cb2302)[0m
[01;2m[01;35m2024-09-07 19:52.38 ---> using "eae2dee4e1348e5328ebe4f53d1bafa6d15e262d55865956d18e2149b0571770" from cache[0m

[01;34m/: (user (uid 1000) (gid 1000))[0m

[01;34m/: (workdir /home/opam)[0m

[01;34m/home/opam: (run (shell "sudo ln -f /usr/bin/opam-dev /usr/bin/opam"))[0m
[01;2m[01;35m2024-09-07 19:52.38 ---> using "5f93f9282fb3cca01208470b1ad9998766e44c2e349325433105e9dbbe4d3f51" from cache[0m

[01;34m/home/opam: (run (network host)
                 (shell "opam init --reinit --config .opamrc-sandbox -ni"))[0m
Configuring from /home/opam/.opamrc-sandbox, then /home/opam/.opamrc, and finally from built-in defaults.
Checking for available remotes: rsync and local, git.
  - you won't be able to use mercurial repositories unless you install the hg command on your system.
  - you won't be able to use darcs repositories unless you install the darcs command on your system.

This development version of opam requires an update to the layout of /home/opam/.opam from version 2.0 to version 2.2, which can't be reverted.
You may want to back it up before going further.

Continue? [y/n] y
[NOTE] The 'jobs' option was reset, its value was 39 and its new value will vary according to the current number of cores on your machine. You can restore the fixed value using:
           opam option jobs=39 --global
Format upgrade done.

<><> Updating repositories ><><><><><><><><><><><><><><><><><><><><><><><><><><>
[default] synchronised from file:///home/opam/opam-repository
[01;2m[01;35m2024-09-07 19:52.38 ---> using "32ee1aaaf5e8de79eeb43f2796daac1ac15854d9919bcd3a2e21c7e7f939ab79" from cache[0m

[01;34m/home/opam: (run (shell "uname -rs && opam exec -- ocaml -version && opam --version"))[0m
Linux 5.15.0-119-generic
The OCaml toplevel, version 4.09.1
2.3.0~alpha~dev
[01;2m[01;35m2024-09-07 19:52.38 ---> using "89c31a29be84d7b7878bc912d95ca2e251b50b6af0c03f3c26cdebf2f69ed94a" from cache[0m

[01;34m/home/opam: (env OPAMDOWNLOADJOBS 1)[0m

[01;34m/home/opam: (env OPAMERRLOGLEN 0)[0m

[01;34m/home/opam: (env OPAMSOLVERTIMEOUT 500)[0m

[01;34m/home/opam: (env OPAMPRECISETRACKING 1)[0m

[01;34m/home/opam: (env CI true)[0m

[01;34m/home/opam: (env OPAM_REPO_CI true)[0m

[01;34m/home/opam: (run (shell "rm -rf opam-repository/"))[0m
[01;2m[01;35m2024-09-07 19:52.38 ---> using "4a197c53d6fe44ee076a994c08c2f82fd7aed4c552084e2659e0749583bc598b" from cache[0m

[01;34m/home/opam: (copy (src .) (dst opam-repository/))[0m
[01;2m[01;35m2024-09-07 19:52.42 ---> saved as "e71501a1cb8ba9559ce11c4371ac39b5786395866bc18ea771f5ac6d680fb114"[0m

[01;34m/home/opam: (run (shell "opam repository set-url --strict default opam-repository/"))[0m
[default] Initialised
[01;2m[01;35m2024-09-07 19:53.35 ---> saved as "3386f31ca9d2d819991c242e934905df37b82864975bbc657f1e8d3161216ded"[0m

[01;34m/home/opam: (run (network host)
                 (shell "opam update --depexts || true"))[0m
+ /usr/bin/sudo "apt-get" "update"
- Get:1 http://deb.debian.org/debian bookworm InRelease [151 kB]
- Get:2 http://deb.debian.org/debian bookworm-updates InRelease [55.4 kB]
- Get:3 http://deb.debian.org/debian-security bookworm-security InRelease [48.0 kB]
- Get:4 http://deb.debian.org/debian bookworm/main amd64 Packages [8787 kB]
- Get:5 http://deb.debian.org/debian-security bookworm-security/main amd64 Packages [179 kB]
- Fetched 9221 kB in 1s (6935 kB/s)
- Reading package lists...
- 
[01;2m[01;35m2024-09-07 19:53.37 ---> saved as "4a8cff52becf427570f4e3b65a2c523090333d646f6a4d3ee910f54cabaab43c"[0m

[01;34m/home/opam: (run (shell "opam pin add -k version -yn websocket-lwt-unix.2.17 2.17"))[0m
websocket-lwt-unix is now pinned to version 2.17
[01;2m[01;35m2024-09-07 19:53.38 ---> saved as "df619cb634c3f8a9b10ea7df775a9c3cc78584f3ccdb72d124c65f3317a1eb81"[0m

[01;34m/home/opam: (run (cache (opam-archives (target /home/opam/.opam/download-cache)))
                 (network host)
                 (shell  "opam reinstall websocket-lwt-unix.2.17;\
                        \n        res=$?;\
                        \n        test \"$res\" != 31 && exit \"$res\";\
                        \n        export OPAMCLI=2.0;\
                        \n        build_dir=$(opam var prefix)/.opam-switch/build;\
                        \n        failed=$(ls \"$build_dir\");\
                        \n        partial_fails=\"\";\
                        \n        for pkg in $failed; do\
                        \n          if opam show -f x-ci-accept-failures: \"$pkg\" | grep -qF \"\\\"debian-12\\\"\"; then\
                        \n            echo \"A package failed and has been disabled for CI using the 'x-ci-accept-failures' field.\";\
                        \n          fi;\
                        \n          test \"$pkg\" != 'websocket-lwt-unix.2.17' && partial_fails=\"$partial_fails $pkg\";\
                        \n        done;\
                        \n        test \"${partial_fails}\" != \"\" && echo \"opam-repo-ci detected dependencies failing: ${partial_fails}\";\
                        \n        exit 1"))[0m
websocket-lwt-unix.2.17 is not installed. Install it? [y/n] y
[ERROR] Sorry, resolution of the request timed out.
        Try to specify a more precise request, use a different solver, or increase the allowed time by setting OPAMSOLVERTIMEOUT to a bigger value (currently, it is set to 500.0 seconds).
"/usr/bin/env" "bash" "-c" "opam reinstall websocket-lwt-unix.2.17;
        res=$?;
        test "$res" != 31 && exit "$res";
        export OPAMCLI=2.0;
        build_dir=$(opam var prefix)/.opam-switch/build;
        failed=$(ls "$build_dir");
        partial_fails="";
        for pkg in $failed; do
          if opam show -f x-ci-accept-failures: "$pkg" | grep -qF "\"debian-12\""; then
            echo "A package failed and has been disabled for CI using the 'x-ci-accept-failures' field.";
          fi;
          test "$pkg" != 'websocket-lwt-unix.2.17' && partial_fails="$partial_fails $pkg";
        done;
        test "${partial_fails}" != "" && echo "opam-repo-ci detected dependencies failing: ${partial_fails}";
        exit 1" failed with exit status 60
2024-09-07 20:02.25: Job failed: Failed: Build failed
2024-09-07 20:02.25: Log analysis:
2024-09-07 20:02.25: >>> 
[ERROR] Sorry, resolution of the request timed out.
 (score = 20)
2024-09-07 20:02.25: Sorry, resolution of the request timed out.
