2024-11-21 21:12.49: New job: test cohttp-curl-lwt.6.0.0, using opam dev
                              from https://github.com/ocaml/opam-repository.git#refs/pull/26925/head (af7a8772535884b0468ceef4fdb5cc79de57e689)
                              on fedora-40-ocaml-4.14/amd64

To reproduce locally:

cd $(mktemp -d)
git clone --recursive "https://github.com/ocaml/opam-repository.git" && cd "opam-repository" && git fetch origin "refs/pull/26925/head" && git reset --hard af7a8772
git fetch origin master
git merge --no-edit 232a37e8b008dc04381f5e98c16badfc02ea6962
cat > ../Dockerfile <<'END-OF-DOCKERFILE'
[34mFROM ocaml/opam:fedora-40-ocaml-4.14@sha256:49dd7652c4417b27f55c7058a4b1f0a63bcd04bb3cacfb934842ff6bca2f79cc
USER 1000:1000
WORKDIR /home/opam
RUN sudo ln -f /usr/bin/opam-dev /usr/bin/opam
RUN opam init --reinit -ni
RUN uname -rs && opam exec -- ocaml -version && opam --version
ENV OPAMDOWNLOADJOBS="1"
ENV OPAMERRLOGLEN="0"
ENV OPAMSOLVERTIMEOUT="1000"
ENV OPAMPRECISETRACKING="1"
ENV CI="true"
ENV OPAM_REPO_CI="true"
RUN rm -rf opam-repository/
COPY --chown=1000:1000 . opam-repository/
RUN opam repository set-url --strict default opam-repository/
RUN opam update --depexts || true
RUN opam pin add -k version -yn cohttp-curl-lwt.6.0.0 6.0.0
RUN opam reinstall cohttp-curl-lwt.6.0.0; \
    res=$?; \
    test "$res" != 31 && exit "$res"; \
    export OPAMCLI=2.0; \
    build_dir=$(opam var prefix)/.opam-switch/build; \
    failed=$(ls "$build_dir"); \
    partial_fails=""; \
    for pkg in $failed; do \
    if opam show -f x-ci-accept-failures: "$pkg" | grep -qF "\"fedora-40\""; then \
    echo "A package failed and has been disabled for CI using the 'x-ci-accept-failures' field."; \
    fi; \
    test "$pkg" != 'cohttp-curl-lwt.6.0.0' && partial_fails="$partial_fails $pkg"; \
    done; \
    test "${partial_fails}" != "" && echo "opam-repo-ci detected dependencies failing: ${partial_fails}"; \
    exit 1
RUN (opam reinstall --with-test cohttp-curl-lwt.6.0.0) || true
RUN opam reinstall --with-test --verbose cohttp-curl-lwt.6.0.0; \
    res=$?; \
    test "$res" != 31 && exit "$res"; \
    export OPAMCLI=2.0; \
    build_dir=$(opam var prefix)/.opam-switch/build; \
    failed=$(ls "$build_dir"); \
    partial_fails=""; \
    for pkg in $failed; do \
    if opam show -f x-ci-accept-failures: "$pkg" | grep -qF "\"fedora-40\""; then \
    echo "A package failed and has been disabled for CI using the 'x-ci-accept-failures' field."; \
    fi; \
    test "$pkg" != 'cohttp-curl-lwt.6.0.0' && partial_fails="$partial_fails $pkg"; \
    done; \
    test "${partial_fails}" != "" && echo "opam-repo-ci detected dependencies failing: ${partial_fails}"; \
    exit 1
[0m
END-OF-DOCKERFILE
docker build -f ../Dockerfile .

2024-11-21 21:12.49: Using cache hint "ocaml/opam:fedora-40-ocaml-4.14@sha256:49dd7652c4417b27f55c7058a4b1f0a63bcd04bb3cacfb934842ff6bca2f79cc-cohttp-curl-lwt.6.0.0-af7a8772535884b0468ceef4fdb5cc79de57e689"
2024-11-21 21:12.49: Using OBuilder spec:
((from ocaml/opam:fedora-40-ocaml-4.14@sha256:49dd7652c4417b27f55c7058a4b1f0a63bcd04bb3cacfb934842ff6bca2f79cc)
 (user (uid 1000) (gid 1000))
 (workdir /home/opam)
 (run (shell "sudo ln -f /usr/bin/opam-dev /usr/bin/opam"))
 (run (network host)
      (shell "opam init --reinit --config .opamrc-sandbox -ni"))
 (run (shell "uname -rs && opam exec -- ocaml -version && opam --version"))
 (env OPAMDOWNLOADJOBS 1)
 (env OPAMERRLOGLEN 0)
 (env OPAMSOLVERTIMEOUT 1000)
 (env OPAMPRECISETRACKING 1)
 (env CI true)
 (env OPAM_REPO_CI true)
 (run (shell "rm -rf opam-repository/"))
 (copy (src .) (dst opam-repository/))
 (run (shell "opam repository set-url --strict default opam-repository/"))
 (run (network host)
      (shell "opam update --depexts || true"))
 (run (shell "opam pin add -k version -yn cohttp-curl-lwt.6.0.0 6.0.0"))
 (run (cache (opam-archives (target /home/opam/.opam/download-cache)))
      (network host)
      (shell  "opam reinstall cohttp-curl-lwt.6.0.0;\
             \n        res=$?;\
             \n        test \"$res\" != 31 && exit \"$res\";\
             \n        export OPAMCLI=2.0;\
             \n        build_dir=$(opam var prefix)/.opam-switch/build;\
             \n        failed=$(ls \"$build_dir\");\
             \n        partial_fails=\"\";\
             \n        for pkg in $failed; do\
             \n          if opam show -f x-ci-accept-failures: \"$pkg\" | grep -qF \"\\\"fedora-40\\\"\"; then\
             \n            echo \"A package failed and has been disabled for CI using the 'x-ci-accept-failures' field.\";\
             \n          fi;\
             \n          test \"$pkg\" != 'cohttp-curl-lwt.6.0.0' && partial_fails=\"$partial_fails $pkg\";\
             \n        done;\
             \n        test \"${partial_fails}\" != \"\" && echo \"opam-repo-ci detected dependencies failing: ${partial_fails}\";\
             \n        exit 1"))
 (run (network host)
      (shell "(opam reinstall --with-test cohttp-curl-lwt.6.0.0) || true"))
 (run (shell  "opam reinstall --with-test --verbose cohttp-curl-lwt.6.0.0;\
             \n        res=$?;\
             \n        test \"$res\" != 31 && exit \"$res\";\
             \n        export OPAMCLI=2.0;\
             \n        build_dir=$(opam var prefix)/.opam-switch/build;\
             \n        failed=$(ls \"$build_dir\");\
             \n        partial_fails=\"\";\
             \n        for pkg in $failed; do\
             \n          if opam show -f x-ci-accept-failures: \"$pkg\" | grep -qF \"\\\"fedora-40\\\"\"; then\
             \n            echo \"A package failed and has been disabled for CI using the 'x-ci-accept-failures' field.\";\
             \n          fi;\
             \n          test \"$pkg\" != 'cohttp-curl-lwt.6.0.0' && partial_fails=\"$partial_fails $pkg\";\
             \n        done;\
             \n        test \"${partial_fails}\" != \"\" && echo \"opam-repo-ci detected dependencies failing: ${partial_fails}\";\
             \n        exit 1"))
)

2024-11-21 21:12.49: Waiting for resource in pool OCluster
2024-11-21 21:29.43: Waiting for worker…
2024-11-21 21:33.57: Got resource from pool OCluster
Building on x86-bm-c14.sw.ocaml.org
All commits already cached
Updating files:  86% (28168/32727)Updating files:  87% (28473/32727)Updating files:  88% (28800/32727)Updating files:  89% (29128/32727)Updating files:  90% (29455/32727)Updating files:  91% (29782/32727)Updating files:  92% (30109/32727)Updating files:  93% (30437/32727)Updating files:  94% (30764/32727)Updating files:  95% (31091/32727)Updating files:  96% (31418/32727)Updating files:  97% (31746/32727)Updating files:  98% (32073/32727)Updating files:  99% (32400/32727)Updating files: 100% (32727/32727)Updating files: 100% (32727/32727), done.
HEAD is now at 232a37e8b0 Merge pull request #26922 from dkalinichenko-js/opam-publish-typerep.v0.17.1
Updating 232a37e8b0..af7a877253
Fast-forward
 packages/cohttp-async/cohttp-async.6.0.0/opam      | 73 +++++++++++++++++++++
 packages/cohttp-bench/cohttp-bench.6.0.0/opam      | 61 ++++++++++++++++++
 .../cohttp-curl-async/cohttp-curl-async.6.0.0/opam | 62 ++++++++++++++++++
 .../cohttp-curl-lwt/cohttp-curl-lwt.6.0.0/opam     | 61 ++++++++++++++++++
 packages/cohttp-curl/cohttp-curl.6.0.0/opam        | 50 +++++++++++++++
 packages/cohttp-eio/cohttp-eio.6.0.0/opam          | 62 ++++++++++++++++++
 .../cohttp-lwt-jsoo/cohttp-lwt-jsoo.6.0.0/opam     | 62 ++++++++++++++++++
 .../cohttp-lwt-unix/cohttp-lwt-unix.6.0.0/opam     | 69 ++++++++++++++++++++
 packages/cohttp-lwt/cohttp-lwt.6.0.0/opam          | 61 ++++++++++++++++++
 packages/cohttp-mirage/cohttp-mirage.6.0.0/opam    | 69 ++++++++++++++++++++
 .../cohttp-server-lwt-unix.6.0.0/opam              | 56 ++++++++++++++++
 packages/cohttp-top/cohttp-top.6.0.0/opam          | 53 ++++++++++++++++
 packages/cohttp/cohttp.6.0.0/opam                  | 74 ++++++++++++++++++++++
 packages/http/http.6.0.0/opam                      | 59 +++++++++++++++++
 14 files changed, 872 insertions(+)
 create mode 100644 packages/cohttp-async/cohttp-async.6.0.0/opam
 create mode 100644 packages/cohttp-bench/cohttp-bench.6.0.0/opam
 create mode 100644 packages/cohttp-curl-async/cohttp-curl-async.6.0.0/opam
 create mode 100644 packages/cohttp-curl-lwt/cohttp-curl-lwt.6.0.0/opam
 create mode 100644 packages/cohttp-curl/cohttp-curl.6.0.0/opam
 create mode 100644 packages/cohttp-eio/cohttp-eio.6.0.0/opam
 create mode 100644 packages/cohttp-lwt-jsoo/cohttp-lwt-jsoo.6.0.0/opam
 create mode 100644 packages/cohttp-lwt-unix/cohttp-lwt-unix.6.0.0/opam
 create mode 100644 packages/cohttp-lwt/cohttp-lwt.6.0.0/opam
 create mode 100644 packages/cohttp-mirage/cohttp-mirage.6.0.0/opam
 create mode 100644 packages/cohttp-server-lwt-unix/cohttp-server-lwt-unix.6.0.0/opam
 create mode 100644 packages/cohttp-top/cohttp-top.6.0.0/opam
 create mode 100644 packages/cohttp/cohttp.6.0.0/opam
 create mode 100644 packages/http/http.6.0.0/opam

[01;34m(from ocaml/opam:fedora-40-ocaml-4.14@sha256:49dd7652c4417b27f55c7058a4b1f0a63bcd04bb3cacfb934842ff6bca2f79cc)[0m
[01;2m[01;35m2024-11-21 21:33.59 ---> using "a6da2fa5702909e1a20f92b2dcfe676437df5eb8d50f2f47c71e3834d67c30d1" from cache[0m

[01;34m/: (user (uid 1000) (gid 1000))[0m

[01;34m/: (workdir /home/opam)[0m

[01;34m/home/opam: (run (shell "sudo ln -f /usr/bin/opam-dev /usr/bin/opam"))[0m
[01;2m[01;35m2024-11-21 21:33.59 ---> using "e772107ad2b0ae010a4a8281d2205bec3d1c351d9d08db478dad8358fbbd2167" from cache[0m

[01;34m/home/opam: (run (network host)
                 (shell "opam init --reinit --config .opamrc-sandbox -ni"))[0m
Configuring from /home/opam/.opamrc-sandbox, then /home/opam/.opamrc, and finally from built-in defaults.
Checking for available remotes: rsync and local, git.
  - you won't be able to use mercurial repositories unless you install the hg command on your system.
  - you won't be able to use darcs repositories unless you install the darcs command on your system.

This development version of opam requires an update to the layout of /home/opam/.opam from version 2.0 to version 2.2, which can't be reverted.
You may want to back it up before going further.

Continue? [Y/n] y
Format upgrade done.

<><> Updating repositories ><><><><><><><><><><><><><><><><><><><><><><><><><><>
[default] synchronised from file:///home/opam/opam-repository
[01;2m[01;35m2024-11-21 21:35.19 ---> saved as "a139a5d7e5f5c8cb8ac29dfe528cdd4391d299fe2effa4043a8e952892bd144b"[0m

[01;34m/home/opam: (run (shell "uname -rs && opam exec -- ocaml -version && opam --version"))[0m
Linux 5.15.0-125-generic
The OCaml toplevel, version 4.14.2
2.4.0~alpha1~dev
[01;2m[01;35m2024-11-21 21:35.19 ---> saved as "28b749b7afe1cf77d4e332b31b5211e6d6c6df9bd583e7369b66ba06d23eb4c4"[0m

[01;34m/home/opam: (env OPAMDOWNLOADJOBS 1)[0m

[01;34m/home/opam: (env OPAMERRLOGLEN 0)[0m

[01;34m/home/opam: (env OPAMSOLVERTIMEOUT 1000)[0m

[01;34m/home/opam: (env OPAMPRECISETRACKING 1)[0m

[01;34m/home/opam: (env CI true)[0m

[01;34m/home/opam: (env OPAM_REPO_CI true)[0m

[01;34m/home/opam: (run (shell "rm -rf opam-repository/"))[0m
[01;2m[01;35m2024-11-21 21:35.26 ---> saved as "f3bf058dac4ece8f6cf2ce26e481ebbe6440a50ccc770b725a491f6685e471bf"[0m

[01;34m/home/opam: (copy (src .) (dst opam-repository/))[0m
[01;2m[01;35m2024-11-21 21:35.44 ---> saved as "d80a6370e46a24dc3f0ae808165c0a04341ede1a9833c82e7084b272490e145b"[0m

[01;34m/home/opam: (run (shell "opam repository set-url --strict default opam-repository/"))[0m
[default] Initialised
[01;2m[01;35m2024-11-21 21:36.36 ---> saved as "6d74463e2ef472c48be4faf9e3004e57863a43060ab7ee9a6be2b5c0127ac4c4"[0m

[01;34m/home/opam: (run (network host)
                 (shell "opam update --depexts || true"))[0m
+ /usr/bin/sudo "yum" "makecache"
- Fedora 40 - x86_64                              310 kB/s |  27 kB     00:00    
- Fedora 40 openh264 (From Cisco) - x86_64         14 kB/s | 989  B     00:00    
- Fedora 40 - x86_64 - Updates                    276 kB/s |  25 kB     00:00    
- Fedora 40 - x86_64 - Updates                    2.4 MB/s | 4.1 MB     00:01    
- Metadata cache created.
[01;2m[01;35m2024-11-21 21:36.44 ---> saved as "b8fc002b66a2ce0d5f1bda2262c7c897e1ab883bf5f4373cefb3f5a692b78968"[0m

[01;34m/home/opam: (run (shell "opam pin add -k version -yn cohttp-curl-lwt.6.0.0 6.0.0"))[0m
cohttp-curl-lwt is now pinned to version 6.0.0
[01;2m[01;35m2024-11-21 21:36.45 ---> saved as "858d47e1d8f4a5587e6e23fcd0cb2d71e3f50647fd4a505c3f27c1b32e7de6fe"[0m

[01;34m/home/opam: (run (cache (opam-archives (target /home/opam/.opam/download-cache)))
                 (network host)
                 (shell  "opam reinstall cohttp-curl-lwt.6.0.0;\
                        \n        res=$?;\
                        \n        test \"$res\" != 31 && exit \"$res\";\
                        \n        export OPAMCLI=2.0;\
                        \n        build_dir=$(opam var prefix)/.opam-switch/build;\
                        \n        failed=$(ls \"$build_dir\");\
                        \n        partial_fails=\"\";\
                        \n        for pkg in $failed; do\
                        \n          if opam show -f x-ci-accept-failures: \"$pkg\" | grep -qF \"\\\"fedora-40\\\"\"; then\
                        \n            echo \"A package failed and has been disabled for CI using the 'x-ci-accept-failures' field.\";\
                        \n          fi;\
                        \n          test \"$pkg\" != 'cohttp-curl-lwt.6.0.0' && partial_fails=\"$partial_fails $pkg\";\
                        \n        done;\
                        \n        test \"${partial_fails}\" != \"\" && echo \"opam-repo-ci detected dependencies failing: ${partial_fails}\";\
                        \n        exit 1"))[0m
cohttp-curl-lwt.6.0.0 is not installed. Install it? [Y/n] y
The following actions will be performed:
=== install 14 packages
  - install base-bytes        base           [required by ocplib-endian]
  - install cohttp-curl       6.0.0          [required by cohttp-curl-lwt]
  - install cohttp-curl-lwt   6.0.0 (pinned)
  - install conf-libcurl      2              [required by ocurl]
  - install cppo              1.7.0          [required by lwt]
  - install csexp             1.5.2          [required by dune-configurator]
  - install dune              3.16.1         [required by cohttp-curl-lwt]
  - install dune-configurator 3.16.1         [required by lwt]
  - install http              6.0.0          [required by cohttp-curl-lwt]
  - install lwt               5.9.0          [required by cohttp-curl-lwt]
  - install ocamlfind         1.9.6          [required by ocurl]
  - install ocplib-endian     1.2            [required by lwt]
  - install ocurl             0.9.2          [required by cohttp-curl-lwt]
  - install stringext         1.6.0          [required by cohttp-curl-lwt]

The following system packages will first need to be installed:
    libcurl-devel

<><> Handling external dependencies <><><><><><><><><><><><><><><><><><><><><><>

opam believes some required external dependencies are missing. opam can:
> 1. Run yum to install them (may need root/sudo access)
  2. Display the recommended yum command and wait while you run it manually (e.g. in another terminal)
  3. Continue anyway, and, upon success, permanently register that this external dependency is present, but not detectable
  4. Abort the installation

[1/2/3/4] 1

+ /usr/bin/sudo "yum" "install" "-y" "libcurl-devel"
- Last metadata expiration check: 0:00:23 ago on Thu Nov 21 21:36:37 2024.
- Dependencies resolved.
- ================================================================================
-  Package              Architecture  Version                Repository      Size
- ================================================================================
- Installing:
-  libcurl-devel        x86_64        8.6.0-10.fc40          updates        851 k
- 
- Transaction Summary
- ================================================================================
- Install  1 Package
- 
- Total download size: 851 k
- Installed size: 1.2 M
- Downloading Packages:
- libcurl-devel-8.6.0-10.fc40.x86_64.rpm          3.2 MB/s | 851 kB     00:00    
- --------------------------------------------------------------------------------
- Total                                           2.3 MB/s | 851 kB     00:00     
- Running transaction check
- Transaction check succeeded.
- Running transaction test
- Transaction test succeeded.
- Running transaction
-   Preparing        :                                                        1/1 
-   Installing       : libcurl-devel-8.6.0-10.fc40.x86_64                     1/1 
-   Running scriptlet: libcurl-devel-8.6.0-10.fc40.x86_64                     1/1 
- 
- Installed:
-   libcurl-devel-8.6.0-10.fc40.x86_64                                            
- 
- Complete!
+ /usr/bin/rpm "-q" "--whatprovides" "libcurl-devel"
- libcurl-devel-8.6.0-10.fc40.x86_64

<><> Processing actions <><><><><><><><><><><><><><><><><><><><><><><><><><><><>
-> retrieved cohttp-curl.6.0.0, cohttp-curl-lwt.6.0.0, http.6.0.0  (cached)
-> retrieved cppo.1.7.0  (cached)
-> retrieved csexp.1.5.2  (cached)
-> installed conf-libcurl.2
-> retrieved dune.3.16.1, dune-configurator.3.16.1  (cached)
-> retrieved lwt.5.9.0  (cached)
-> retrieved ocamlfind.1.9.6  (cached)
-> retrieved ocplib-endian.1.2  (cached)
-> retrieved ocurl.0.9.2  (cached)
-> retrieved stringext.1.6.0  (cached)
-> installed ocamlfind.1.9.6
-> installed base-bytes.base
-> installed dune.3.16.1
-> installed csexp.1.5.2
-> installed http.6.0.0
-> installed stringext.1.6.0
-> installed cppo.1.7.0
-> installed ocplib-endian.1.2
-> installed dune-configurator.3.16.1
-> installed lwt.5.9.0
-> installed ocurl.0.9.2
-> installed cohttp-curl.6.0.0
-> installed cohttp-curl-lwt.6.0.0
Done.
# To update the current shell environment, run: eval $(opam env)
[01;2m[01;35m2024-11-21 21:38.01 ---> saved as "ca51dc74175dc5a58a1f8512d2be9fc861c2924fed28bfae15f75e7c5685e345"[0m

[01;34m/home/opam: (run (network host)
                 (shell "(opam reinstall --with-test cohttp-curl-lwt.6.0.0) || true"))[0m
[ERROR] Sorry, resolution of the request timed out.
        Try to specify a more precise request, use a different solver, or increase the allowed time by setting OPAMSOLVERTIMEOUT to a bigger value (currently, it is set to 1000.0 seconds).
[01;2m[01;35m2024-11-21 21:54.58 ---> saved as "6c17e7bd4904ea25cc2f70ba4471d238527a7670764b103971e456ce64316449"[0m

[01;34m/home/opam: (run (shell  "opam reinstall --with-test --verbose cohttp-curl-lwt.6.0.0;\
                        \n        res=$?;\
                        \n        test \"$res\" != 31 && exit \"$res\";\
                        \n        export OPAMCLI=2.0;\
                        \n        build_dir=$(opam var prefix)/.opam-switch/build;\
                        \n        failed=$(ls \"$build_dir\");\
                        \n        partial_fails=\"\";\
                        \n        for pkg in $failed; do\
                        \n          if opam show -f x-ci-accept-failures: \"$pkg\" | grep -qF \"\\\"fedora-40\\\"\"; then\
                        \n            echo \"A package failed and has been disabled for CI using the 'x-ci-accept-failures' field.\";\
                        \n          fi;\
                        \n          test \"$pkg\" != 'cohttp-curl-lwt.6.0.0' && partial_fails=\"$partial_fails $pkg\";\
                        \n        done;\
                        \n        test \"${partial_fails}\" != \"\" && echo \"opam-repo-ci detected dependencies failing: ${partial_fails}\";\
                        \n        exit 1"))[0m
2024-11-21 21:55.26: Cancelling: Auto-cancelling job because it is no longer needed
Job cancelled
