2024-06-05 00:32.53: New job: test js_of_ocaml-toplevel.5.2.0 with yojson.2.2.1, using opam dev
                              from https://github.com/ocaml/opam-repository.git#refs/pull/26014/head (dd1f7a904024287a3f7f1288feb4a3694f856d28)
                              on debian-12-ocaml-4.14/amd64

To reproduce locally:

cd $(mktemp -d)
git clone --recursive "https://github.com/ocaml/opam-repository.git" && cd "opam-repository" && git fetch origin "refs/pull/26014/head" && git reset --hard dd1f7a90
git fetch origin master
git merge --no-edit 5979d639be2999663a41c1d1b8a73ce3036dcb41
cat > ../Dockerfile <<'END-OF-DOCKERFILE'
[34mFROM ocaml/opam:debian-12-ocaml-4.14@sha256:2ba69112cb856b702920b505b82a8fab331d2c9d9406c7f3b9f4adb73637666c
USER 1000:1000
WORKDIR /home/opam
RUN sudo ln -f /usr/bin/opam-dev /usr/bin/opam
RUN opam init --reinit -ni
RUN uname -rs && opam exec -- ocaml -version && opam --version
ENV OPAMDOWNLOADJOBS="1"
ENV OPAMERRLOGLEN="0"
ENV OPAMSOLVERTIMEOUT="500"
ENV OPAMPRECISETRACKING="1"
ENV CI="true"
ENV OPAM_REPO_CI="true"
RUN rm -rf opam-repository/
COPY --chown=1000:1000 . opam-repository/
RUN opam repository set-url --strict default opam-repository/
RUN opam update --depexts || true
RUN opam pin add -k version -yn yojson.2.2.1 2.2.1
RUN opam reinstall yojson.2.2.1; \
    res=$?; \
    test "$res" != 31 && exit "$res"; \
    export OPAMCLI=2.0; \
    build_dir=$(opam var prefix)/.opam-switch/build; \
    failed=$(ls "$build_dir"); \
    partial_fails=""; \
    for pkg in $failed; do \
    if opam show -f x-ci-accept-failures: "$pkg" | grep -qF "\"debian-12\""; then \
    echo "A package failed and has been disabled for CI using the 'x-ci-accept-failures' field."; \
    fi; \
    test "$pkg" != 'yojson.2.2.1' && partial_fails="$partial_fails $pkg"; \
    done; \
    test "${partial_fails}" != "" && echo "opam-repo-ci detected dependencies failing: ${partial_fails}"; \
    exit 1
RUN opam reinstall js_of_ocaml-toplevel.5.2.0; \
    res=$?; \
    test "$res" != 31 && exit "$res"; \
    export OPAMCLI=2.0; \
    build_dir=$(opam var prefix)/.opam-switch/build; \
    failed=$(ls "$build_dir"); \
    partial_fails=""; \
    for pkg in $failed; do \
    if opam show -f x-ci-accept-failures: "$pkg" | grep -qF "\"debian-12\""; then \
    echo "A package failed and has been disabled for CI using the 'x-ci-accept-failures' field."; \
    fi; \
    test "$pkg" != 'js_of_ocaml-toplevel.5.2.0' && partial_fails="$partial_fails $pkg"; \
    done; \
    test "${partial_fails}" != "" && echo "opam-repo-ci detected dependencies failing: ${partial_fails}"; \
    exit 1
RUN (opam reinstall --with-test js_of_ocaml-toplevel.5.2.0) || true
RUN opam reinstall --with-test --verbose js_of_ocaml-toplevel.5.2.0; \
    res=$?; \
    test "$res" != 31 && exit "$res"; \
    export OPAMCLI=2.0; \
    build_dir=$(opam var prefix)/.opam-switch/build; \
    failed=$(ls "$build_dir"); \
    partial_fails=""; \
    for pkg in $failed; do \
    if opam show -f x-ci-accept-failures: "$pkg" | grep -qF "\"debian-12\""; then \
    echo "A package failed and has been disabled for CI using the 'x-ci-accept-failures' field."; \
    fi; \
    test "$pkg" != 'js_of_ocaml-toplevel.5.2.0' && partial_fails="$partial_fails $pkg"; \
    done; \
    test "${partial_fails}" != "" && echo "opam-repo-ci detected dependencies failing: ${partial_fails}"; \
    exit 1
[0m
END-OF-DOCKERFILE
docker build -f ../Dockerfile .

2024-06-05 00:32.53: Using cache hint "ocaml/opam:debian-12-ocaml-4.14@sha256:2ba69112cb856b702920b505b82a8fab331d2c9d9406c7f3b9f4adb73637666c-yojson.2.2.1-js_of_ocaml-toplevel.5.2.0-dd1f7a904024287a3f7f1288feb4a3694f856d28"
2024-06-05 00:32.53: Using OBuilder spec:
((from ocaml/opam:debian-12-ocaml-4.14@sha256:2ba69112cb856b702920b505b82a8fab331d2c9d9406c7f3b9f4adb73637666c)
 (user (uid 1000) (gid 1000))
 (workdir /home/opam)
 (run (shell "sudo ln -f /usr/bin/opam-dev /usr/bin/opam"))
 (run (network host)
      (shell "opam init --reinit --config .opamrc-sandbox -ni"))
 (run (shell "uname -rs && opam exec -- ocaml -version && opam --version"))
 (env OPAMDOWNLOADJOBS 1)
 (env OPAMERRLOGLEN 0)
 (env OPAMSOLVERTIMEOUT 500)
 (env OPAMPRECISETRACKING 1)
 (env CI true)
 (env OPAM_REPO_CI true)
 (run (shell "rm -rf opam-repository/"))
 (copy (src .) (dst opam-repository/))
 (run (shell "opam repository set-url --strict default opam-repository/"))
 (run (network host)
      (shell "opam update --depexts || true"))
 (run (shell "opam pin add -k version -yn yojson.2.2.1 2.2.1"))
 (run (cache (opam-archives (target /home/opam/.opam/download-cache)))
      (network host)
      (shell  "opam reinstall yojson.2.2.1;\
             \n        res=$?;\
             \n        test \"$res\" != 31 && exit \"$res\";\
             \n        export OPAMCLI=2.0;\
             \n        build_dir=$(opam var prefix)/.opam-switch/build;\
             \n        failed=$(ls \"$build_dir\");\
             \n        partial_fails=\"\";\
             \n        for pkg in $failed; do\
             \n          if opam show -f x-ci-accept-failures: \"$pkg\" | grep -qF \"\\\"debian-12\\\"\"; then\
             \n            echo \"A package failed and has been disabled for CI using the 'x-ci-accept-failures' field.\";\
             \n          fi;\
             \n          test \"$pkg\" != 'yojson.2.2.1' && partial_fails=\"$partial_fails $pkg\";\
             \n        done;\
             \n        test \"${partial_fails}\" != \"\" && echo \"opam-repo-ci detected dependencies failing: ${partial_fails}\";\
             \n        exit 1"))
 (run (cache (opam-archives (target /home/opam/.opam/download-cache)))
      (network host)
      (shell  "opam reinstall js_of_ocaml-toplevel.5.2.0;\
             \n        res=$?;\
             \n        test \"$res\" != 31 && exit \"$res\";\
             \n        export OPAMCLI=2.0;\
             \n        build_dir=$(opam var prefix)/.opam-switch/build;\
             \n        failed=$(ls \"$build_dir\");\
             \n        partial_fails=\"\";\
             \n        for pkg in $failed; do\
             \n          if opam show -f x-ci-accept-failures: \"$pkg\" | grep -qF \"\\\"debian-12\\\"\"; then\
             \n            echo \"A package failed and has been disabled for CI using the 'x-ci-accept-failures' field.\";\
             \n          fi;\
             \n          test \"$pkg\" != 'js_of_ocaml-toplevel.5.2.0' && partial_fails=\"$partial_fails $pkg\";\
             \n        done;\
             \n        test \"${partial_fails}\" != \"\" && echo \"opam-repo-ci detected dependencies failing: ${partial_fails}\";\
             \n        exit 1"))
 (run (network host)
      (shell "(opam reinstall --with-test js_of_ocaml-toplevel.5.2.0) || true"))
 (run (shell  "opam reinstall --with-test --verbose js_of_ocaml-toplevel.5.2.0;\
             \n        res=$?;\
             \n        test \"$res\" != 31 && exit \"$res\";\
             \n        export OPAMCLI=2.0;\
             \n        build_dir=$(opam var prefix)/.opam-switch/build;\
             \n        failed=$(ls \"$build_dir\");\
             \n        partial_fails=\"\";\
             \n        for pkg in $failed; do\
             \n          if opam show -f x-ci-accept-failures: \"$pkg\" | grep -qF \"\\\"debian-12\\\"\"; then\
             \n            echo \"A package failed and has been disabled for CI using the 'x-ci-accept-failures' field.\";\
             \n          fi;\
             \n          test \"$pkg\" != 'js_of_ocaml-toplevel.5.2.0' && partial_fails=\"$partial_fails $pkg\";\
             \n        done;\
             \n        test \"${partial_fails}\" != \"\" && echo \"opam-repo-ci detected dependencies failing: ${partial_fails}\";\
             \n        exit 1"))
)

2024-06-05 00:32.53: Waiting for resource in pool OCluster
2024-06-05 02:12.16: Waiting for worker…
2024-06-05 02:15.44: Got resource from pool OCluster
Building on doris.caelum.ci.dev
All commits already cached
HEAD is now at 5979d639be Merge pull request #25948 from panglesd/release-slipshow-v0.0.32-3-gad3df09
Updating 5979d639be..dd1f7a9040
Fast-forward
 packages/yojson-five/yojson-five.2.2.1/opam | 46 ++++++++++++++++++++++++++++
 packages/yojson/yojson.2.2.1/opam           | 47 +++++++++++++++++++++++++++++
 2 files changed, 93 insertions(+)
 create mode 100644 packages/yojson-five/yojson-five.2.2.1/opam
 create mode 100644 packages/yojson/yojson.2.2.1/opam

[01;34m(from ocaml/opam:debian-12-ocaml-4.14@sha256:2ba69112cb856b702920b505b82a8fab331d2c9d9406c7f3b9f4adb73637666c)[0m
[01;2m[01;35m2024-06-05 02:17.05 ---> using "48fcd9b686ae3e44ef60a164ef8db6e11e86f168703f26fb1315f899c9c53662" from cache[0m

[01;34m/: (user (uid 1000) (gid 1000))[0m

[01;34m/: (workdir /home/opam)[0m

[01;34m/home/opam: (run (shell "sudo ln -f /usr/bin/opam-dev /usr/bin/opam"))[0m
[01;2m[01;35m2024-06-05 02:17.05 ---> using "182db0db166b9dc97fd6bddbdaada0d920c1a351accedca1486cd948e46ba36e" from cache[0m

[01;34m/home/opam: (run (network host)
                 (shell "opam init --reinit --config .opamrc-sandbox -ni"))[0m
Configuring from /home/opam/.opamrc-sandbox, then /home/opam/.opamrc, and finally from built-in defaults.
Checking for available remotes: rsync and local, git.
  - you won't be able to use mercurial repositories unless you install the hg command on your system.
  - you won't be able to use darcs repositories unless you install the darcs command on your system.

This development version of opam requires an update to the layout of /home/opam/.opam from version 2.0 to version 2.2~beta, which can't be reverted.
You may want to back it up before going further.

Continue? [y/n] y
[NOTE] The 'jobs' option was reset, its value was 39 and its new value will vary according to the current number of cores on your machine. You can restore the fixed value using:
           opam option jobs=39 --global
Format upgrade done.

<><> Updating repositories ><><><><><><><><><><><><><><><><><><><><><><><><><><>
[default] synchronised from file:///home/opam/opam-repository
[01;2m[01;35m2024-06-05 02:17.05 ---> using "4fbb68d819e513d708f904a56dbcd9eac5442d5d3fd384b169ffc78983ed0e74" from cache[0m

[01;34m/home/opam: (run (shell "uname -rs && opam exec -- ocaml -version && opam --version"))[0m
Linux 5.15.0-107-generic
The OCaml toplevel, version 4.14.2
2.2.0~beta3~dev
[01;2m[01;35m2024-06-05 02:17.05 ---> using "3c4a9f3d7a40a43473780c877ab3475ae6bd03681c2f4881fe30bb5d34e05f9b" from cache[0m

[01;34m/home/opam: (env OPAMDOWNLOADJOBS 1)[0m

[01;34m/home/opam: (env OPAMERRLOGLEN 0)[0m

[01;34m/home/opam: (env OPAMSOLVERTIMEOUT 500)[0m

[01;34m/home/opam: (env OPAMPRECISETRACKING 1)[0m

[01;34m/home/opam: (env CI true)[0m

[01;34m/home/opam: (env OPAM_REPO_CI true)[0m

[01;34m/home/opam: (run (shell "rm -rf opam-repository/"))[0m
[01;2m[01;35m2024-06-05 02:17.05 ---> using "0ad48452d9001012444a91ed62dee40f750c23d668e41d370665cd385b64805a" from cache[0m

[01;34m/home/opam: (copy (src .) (dst opam-repository/))[0m
[01;2m[01;35m2024-06-05 02:17.07 ---> using "b51068bf0f9ca794221d7812ab63a770185d97e3ac08c628466acc4e8f5ca858" from cache[0m

[01;34m/home/opam: (run (shell "opam repository set-url --strict default opam-repository/"))[0m
[default] Initialised
[01;2m[01;35m2024-06-05 02:17.07 ---> using "2c1f0a9a0d3a4e9bd71ab42b9675c920de4dd3cef4eeb5b3f867f5660e2c3c35" from cache[0m

[01;34m/home/opam: (run (network host)
                 (shell "opam update --depexts || true"))[0m
+ /usr/bin/sudo "apt-get" "update"
- Hit:1 http://deb.debian.org/debian bookworm InRelease
- Get:2 http://deb.debian.org/debian bookworm-updates InRelease [55.4 kB]
- Get:3 http://deb.debian.org/debian-security bookworm-security InRelease [48.0 kB]
- Get:4 http://deb.debian.org/debian-security bookworm-security/main amd64 Packages [157 kB]
- Fetched 260 kB in 0s (566 kB/s)
- Reading package lists...
[01;2m[01;35m2024-06-05 02:17.07 ---> using "8db4e02913e0669d8083b679057bcea8d4584148aaeb47e3d284672d988211c5" from cache[0m

[01;34m/home/opam: (run (shell "opam pin add -k version -yn yojson.2.2.1 2.2.1"))[0m
yojson is now pinned to version 2.2.1
[01;2m[01;35m2024-06-05 02:17.07 ---> using "15b13be7da22de50f9fb0928cccc50f32895549c3f32b89d7a59b00b963b034c" from cache[0m

[01;34m/home/opam: (run (cache (opam-archives (target /home/opam/.opam/download-cache)))
                 (network host)
                 (shell  "opam reinstall yojson.2.2.1;\
                        \n        res=$?;\
                        \n        test \"$res\" != 31 && exit \"$res\";\
                        \n        export OPAMCLI=2.0;\
                        \n        build_dir=$(opam var prefix)/.opam-switch/build;\
                        \n        failed=$(ls \"$build_dir\");\
                        \n        partial_fails=\"\";\
                        \n        for pkg in $failed; do\
                        \n          if opam show -f x-ci-accept-failures: \"$pkg\" | grep -qF \"\\\"debian-12\\\"\"; then\
                        \n            echo \"A package failed and has been disabled for CI using the 'x-ci-accept-failures' field.\";\
                        \n          fi;\
                        \n          test \"$pkg\" != 'yojson.2.2.1' && partial_fails=\"$partial_fails $pkg\";\
                        \n        done;\
                        \n        test \"${partial_fails}\" != \"\" && echo \"opam-repo-ci detected dependencies failing: ${partial_fails}\";\
                        \n        exit 1"))[0m
yojson.2.2.1 is not installed. Install it? [y/n] y
The following actions will be performed:
=== recompile 4 packages
  - recompile ocaml               4.14.2          [uses ocaml-base-compiler, ocaml-config]
  - recompile ocaml-base-compiler 4.14.2 (pinned) [upstream or system changes]
  - recompile ocaml-config        2               [upstream or system changes]
  - recompile opam-depext         1.2.1-1         [uses ocaml]
=== install 3 packages
  - install   dune                3.15.3          [required by yojson]
  - install   seq                 base            [required by yojson]
  - install   yojson              2.2.1 (pinned)

<><> Processing actions <><><><><><><><><><><><><><><><><><><><><><><><><><><><>
-> retrieved dune.3.15.3  (cached)
-> retrieved ocaml-base-compiler.4.14.2  (cached)
-> retrieved ocaml-config.2  (cached)
-> retrieved opam-depext.1.2.1-1  (cached)
-> retrieved seq.base  (cached)
-> retrieved yojson.2.2.1  (https://github.com/ocaml-community/yojson/releases/download/2.2.1/yojson-2.2.1.tbz)
-> removed   opam-depext.1.2.1-1
-> removed   ocaml.4.14.2
-> removed   ocaml-config.2
-> removed   ocaml-base-compiler.4.14.2
-> installed ocaml-base-compiler.4.14.2
-> installed ocaml-config.2
-> installed ocaml.4.14.2
-> installed seq.base
-> installed opam-depext.1.2.1-1
-> installed dune.3.15.3
-> installed yojson.2.2.1
Done.

<><> opam-depext.1.2.1-1 installed successfully <><><><><><><><><><><><><><><><>
=> opam-depext is unnecessary when used with opam >= 2.1. Please use opam install directly instead
# Run eval $(opam env) to update the current shell environment
[01;2m[01;35m2024-06-05 02:17.07 ---> using "11bccd5565689ddf5d67905d71ae65133f88548110d678e42cdca642981a0634" from cache[0m

[01;34m/home/opam: (run (cache (opam-archives (target /home/opam/.opam/download-cache)))
                 (network host)
                 (shell  "opam reinstall js_of_ocaml-toplevel.5.2.0;\
                        \n        res=$?;\
                        \n        test \"$res\" != 31 && exit \"$res\";\
                        \n        export OPAMCLI=2.0;\
                        \n        build_dir=$(opam var prefix)/.opam-switch/build;\
                        \n        failed=$(ls \"$build_dir\");\
                        \n        partial_fails=\"\";\
                        \n        for pkg in $failed; do\
                        \n          if opam show -f x-ci-accept-failures: \"$pkg\" | grep -qF \"\\\"debian-12\\\"\"; then\
                        \n            echo \"A package failed and has been disabled for CI using the 'x-ci-accept-failures' field.\";\
                        \n          fi;\
                        \n          test \"$pkg\" != 'js_of_ocaml-toplevel.5.2.0' && partial_fails=\"$partial_fails $pkg\";\
                        \n        done;\
                        \n        test \"${partial_fails}\" != \"\" && echo \"opam-repo-ci detected dependencies failing: ${partial_fails}\";\
                        \n        exit 1"))[0m
js_of_ocaml-toplevel.5.2.0 is not installed. Install it? [y/n] y
The following actions will be performed:
=== install 15 packages
  - install cmdliner             1.3.0    [required by js_of_ocaml-compiler]
  - install gen                  1.1      [required by sedlex]
  - install js_of_ocaml-compiler 5.2.0    [required by js_of_ocaml-toplevel]
  - install js_of_ocaml-toplevel 5.2.0
  - install menhir               20231231 [required by js_of_ocaml-compiler]
  - install menhirCST            20231231 [required by menhir]
  - install menhirLib            20231231 [required by js_of_ocaml-compiler]
  - install menhirSdk            20231231 [required by js_of_ocaml-compiler]
  - install ocaml-compiler-libs  v0.12.4  [required by ppxlib]
  - install ocamlfind            1.9.6    [required by js_of_ocaml-toplevel]
  - install ppx_derivers         1.2.1    [required by ppxlib]
  - install ppxlib               0.32.1   [required by js_of_ocaml-compiler]
  - install sedlex               3.2      [required by js_of_ocaml-compiler]
  - install sexplib0             v0.17.0  [required by ppxlib]
  - install stdlib-shims         0.3.0    [required by ppxlib]

<><> Processing actions <><><><><><><><><><><><><><><><><><><><><><><><><><><><>
-> retrieved cmdliner.1.3.0  (cached)
-> retrieved gen.1.1  (cached)
-> retrieved js_of_ocaml-compiler.5.2.0, js_of_ocaml-toplevel.5.2.0  (cached)
-> installed gen.1.1
-> retrieved menhir.20231231, menhirCST.20231231, menhirLib.20231231, menhirSdk.20231231  (cached)
-> retrieved ocaml-compiler-libs.v0.12.4  (cached)
-> retrieved ocamlfind.1.9.6  (cached)
-> retrieved ppx_derivers.1.2.1  (cached)
-> retrieved ppxlib.0.32.1  (cached)
-> installed menhirCST.20231231
-> installed ppx_derivers.1.2.1
-> retrieved sedlex.3.2  (cached)
-> retrieved sexplib0.v0.17.0  (cached)
-> retrieved stdlib-shims.0.3.0  (cached)
-> installed menhirSdk.20231231
-> installed stdlib-shims.0.3.0
-> installed menhirLib.20231231
-> installed cmdliner.1.3.0
-> installed ocaml-compiler-libs.v0.12.4
-> installed sexplib0.v0.17.0
-> installed ocamlfind.1.9.6
-> installed menhir.20231231
-> installed ppxlib.0.32.1
-> installed sedlex.3.2
-> installed js_of_ocaml-compiler.5.2.0
-> installed js_of_ocaml-toplevel.5.2.0
Done.
# Run eval $(opam env) to update the current shell environment
[01;2m[01;35m2024-06-05 02:17.51 ---> saved as "d5ea371dfb60091180ed8b0269d539c0200ee2781285677e15cf5522254c283e"[0m

[01;34m/home/opam: (run (network host)
                 (shell "(opam reinstall --with-test js_of_ocaml-toplevel.5.2.0) || true"))[0m
[ERROR] Sorry, resolution of the request timed out.
        Try to specify a more precise request, use a different solver, or increase the allowed time by setting OPAMSOLVERTIMEOUT to a bigger value (currently, it is set to 500.0 seconds).
[01;2m[01;35m2024-06-05 02:26.23 ---> saved as "3aef1c03648f4927291b944a3ee1569bbccd9b349667f6bd39350626111a80f0"[0m

[01;34m/home/opam: (run (shell  "opam reinstall --with-test --verbose js_of_ocaml-toplevel.5.2.0;\
                        \n        res=$?;\
                        \n        test \"$res\" != 31 && exit \"$res\";\
                        \n        export OPAMCLI=2.0;\
                        \n        build_dir=$(opam var prefix)/.opam-switch/build;\
                        \n        failed=$(ls \"$build_dir\");\
                        \n        partial_fails=\"\";\
                        \n        for pkg in $failed; do\
                        \n          if opam show -f x-ci-accept-failures: \"$pkg\" | grep -qF \"\\\"debian-12\\\"\"; then\
                        \n            echo \"A package failed and has been disabled for CI using the 'x-ci-accept-failures' field.\";\
                        \n          fi;\
                        \n          test \"$pkg\" != 'js_of_ocaml-toplevel.5.2.0' && partial_fails=\"$partial_fails $pkg\";\
                        \n        done;\
                        \n        test \"${partial_fails}\" != \"\" && echo \"opam-repo-ci detected dependencies failing: ${partial_fails}\";\
                        \n        exit 1"))[0m
[ERROR] Sorry, resolution of the request timed out.
        Try to specify a more precise request, use a different solver, or increase the allowed time by setting OPAMSOLVERTIMEOUT to a bigger value (currently, it is set to 500.0 seconds).
'opam reinstall --with-test --verbose js_of_ocaml-toplevel.5.2.0' failed.
"/usr/bin/env" "bash" "-c" "opam reinstall --with-test --verbose js_of_ocaml-toplevel.5.2.0;
        res=$?;
        test "$res" != 31 && exit "$res";
        export OPAMCLI=2.0;
        build_dir=$(opam var prefix)/.opam-switch/build;
        failed=$(ls "$build_dir");
        partial_fails="";
        for pkg in $failed; do
          if opam show -f x-ci-accept-failures: "$pkg" | grep -qF "\"debian-12\""; then
            echo "A package failed and has been disabled for CI using the 'x-ci-accept-failures' field.";
          fi;
          test "$pkg" != 'js_of_ocaml-toplevel.5.2.0' && partial_fails="$partial_fails $pkg";
        done;
        test "${partial_fails}" != "" && echo "opam-repo-ci detected dependencies failing: ${partial_fails}";
        exit 1" failed with exit status 60
2024-06-05 02:35.04: Job failed: Failed: Build failed
2024-06-05 02:35.04: Log analysis:
2024-06-05 02:35.04: >>> 
[ERROR] Sorry, resolution of the request timed out.
 (score = 20)
2024-06-05 02:35.04: >>> 
[ERROR] Sorry, resolution of the request timed out.
 (score = 20)
2024-06-05 02:35.04: Sorry, resolution of the request timed out.
