2024-06-05 04:49.55: New job: test gluten-mirage.0.5.1, using opam 2.1
                              from https://github.com/ocaml/opam-repository.git#refs/pull/26018/head (33b68581bdb41a459107f3d9ff3a850aa57d1160)
                              on debian-12-ocaml-4.14/amd64

To reproduce locally:

cd $(mktemp -d)
git clone --recursive "https://github.com/ocaml/opam-repository.git" && cd "opam-repository" && git fetch origin "refs/pull/26018/head" && git reset --hard 33b68581
git fetch origin master
git merge --no-edit 5979d639be2999663a41c1d1b8a73ce3036dcb41
cat > ../Dockerfile <<'END-OF-DOCKERFILE'
[34mFROM ocaml/opam:debian-12-ocaml-4.14@sha256:2ba69112cb856b702920b505b82a8fab331d2c9d9406c7f3b9f4adb73637666c
USER 1000:1000
WORKDIR /home/opam
RUN sudo ln -f /usr/bin/opam-2.1 /usr/bin/opam
RUN opam init --reinit -ni
RUN uname -rs && opam exec -- ocaml -version && opam --version
ENV OPAMDOWNLOADJOBS="1"
ENV OPAMERRLOGLEN="0"
ENV OPAMSOLVERTIMEOUT="500"
ENV OPAMPRECISETRACKING="1"
ENV CI="true"
ENV OPAM_REPO_CI="true"
RUN rm -rf opam-repository/
COPY --chown=1000:1000 . opam-repository/
RUN opam repository set-url --strict default opam-repository/
RUN opam update --depexts || true
RUN opam pin add -k version -yn gluten-mirage.0.5.1 0.5.1
RUN opam reinstall gluten-mirage.0.5.1; \
    res=$?; \
    test "$res" != 31 && exit "$res"; \
    export OPAMCLI=2.0; \
    build_dir=$(opam var prefix)/.opam-switch/build; \
    failed=$(ls "$build_dir"); \
    partial_fails=""; \
    for pkg in $failed; do \
    if opam show -f x-ci-accept-failures: "$pkg" | grep -qF "\"debian-12\""; then \
    echo "A package failed and has been disabled for CI using the 'x-ci-accept-failures' field."; \
    fi; \
    test "$pkg" != 'gluten-mirage.0.5.1' && partial_fails="$partial_fails $pkg"; \
    done; \
    test "${partial_fails}" != "" && echo "opam-repo-ci detected dependencies failing: ${partial_fails}"; \
    exit 1
RUN (opam reinstall --with-test gluten-mirage.0.5.1) || true
RUN opam reinstall --with-test --verbose gluten-mirage.0.5.1; \
    res=$?; \
    test "$res" != 31 && exit "$res"; \
    export OPAMCLI=2.0; \
    build_dir=$(opam var prefix)/.opam-switch/build; \
    failed=$(ls "$build_dir"); \
    partial_fails=""; \
    for pkg in $failed; do \
    if opam show -f x-ci-accept-failures: "$pkg" | grep -qF "\"debian-12\""; then \
    echo "A package failed and has been disabled for CI using the 'x-ci-accept-failures' field."; \
    fi; \
    test "$pkg" != 'gluten-mirage.0.5.1' && partial_fails="$partial_fails $pkg"; \
    done; \
    test "${partial_fails}" != "" && echo "opam-repo-ci detected dependencies failing: ${partial_fails}"; \
    exit 1
[0m
END-OF-DOCKERFILE
docker build -f ../Dockerfile .

2024-06-05 04:49.55: Using cache hint "ocaml/opam:debian-12-ocaml-4.14@sha256:2ba69112cb856b702920b505b82a8fab331d2c9d9406c7f3b9f4adb73637666c-gluten-mirage.0.5.1-33b68581bdb41a459107f3d9ff3a850aa57d1160"
2024-06-05 04:49.55: Using OBuilder spec:
((from ocaml/opam:debian-12-ocaml-4.14@sha256:2ba69112cb856b702920b505b82a8fab331d2c9d9406c7f3b9f4adb73637666c)
 (user (uid 1000) (gid 1000))
 (workdir /home/opam)
 (run (shell "sudo ln -f /usr/bin/opam-2.1 /usr/bin/opam"))
 (run (network host)
      (shell "opam init --reinit --config .opamrc-sandbox -ni"))
 (run (shell "uname -rs && opam exec -- ocaml -version && opam --version"))
 (env OPAMDOWNLOADJOBS 1)
 (env OPAMERRLOGLEN 0)
 (env OPAMSOLVERTIMEOUT 500)
 (env OPAMPRECISETRACKING 1)
 (env CI true)
 (env OPAM_REPO_CI true)
 (run (shell "rm -rf opam-repository/"))
 (copy (src .) (dst opam-repository/))
 (run (shell "opam repository set-url --strict default opam-repository/"))
 (run (network host)
      (shell "opam update --depexts || true"))
 (run (shell "opam pin add -k version -yn gluten-mirage.0.5.1 0.5.1"))
 (run (cache (opam-archives (target /home/opam/.opam/download-cache)))
      (network host)
      (shell  "opam reinstall gluten-mirage.0.5.1;\
             \n        res=$?;\
             \n        test \"$res\" != 31 && exit \"$res\";\
             \n        export OPAMCLI=2.0;\
             \n        build_dir=$(opam var prefix)/.opam-switch/build;\
             \n        failed=$(ls \"$build_dir\");\
             \n        partial_fails=\"\";\
             \n        for pkg in $failed; do\
             \n          if opam show -f x-ci-accept-failures: \"$pkg\" | grep -qF \"\\\"debian-12\\\"\"; then\
             \n            echo \"A package failed and has been disabled for CI using the 'x-ci-accept-failures' field.\";\
             \n          fi;\
             \n          test \"$pkg\" != 'gluten-mirage.0.5.1' && partial_fails=\"$partial_fails $pkg\";\
             \n        done;\
             \n        test \"${partial_fails}\" != \"\" && echo \"opam-repo-ci detected dependencies failing: ${partial_fails}\";\
             \n        exit 1"))
 (run (network host)
      (shell "(opam reinstall --with-test gluten-mirage.0.5.1) || true"))
 (run (shell  "opam reinstall --with-test --verbose gluten-mirage.0.5.1;\
             \n        res=$?;\
             \n        test \"$res\" != 31 && exit \"$res\";\
             \n        export OPAMCLI=2.0;\
             \n        build_dir=$(opam var prefix)/.opam-switch/build;\
             \n        failed=$(ls \"$build_dir\");\
             \n        partial_fails=\"\";\
             \n        for pkg in $failed; do\
             \n          if opam show -f x-ci-accept-failures: \"$pkg\" | grep -qF \"\\\"debian-12\\\"\"; then\
             \n            echo \"A package failed and has been disabled for CI using the 'x-ci-accept-failures' field.\";\
             \n          fi;\
             \n          test \"$pkg\" != 'gluten-mirage.0.5.1' && partial_fails=\"$partial_fails $pkg\";\
             \n        done;\
             \n        test \"${partial_fails}\" != \"\" && echo \"opam-repo-ci detected dependencies failing: ${partial_fails}\";\
             \n        exit 1"))
)

2024-06-05 04:49.55: Waiting for resource in pool OCluster
2024-06-05 05:02.26: Waiting for worker…
2024-06-05 05:06.26: Got resource from pool OCluster
Building on doris.caelum.ci.dev
All commits already cached
Updating files:  94% (29647/31429)Updating files:  95% (29858/31429)Updating files:  96% (30172/31429)Updating files:  97% (30487/31429)Updating files:  98% (30801/31429)Updating files:  99% (31115/31429)Updating files: 100% (31429/31429)Updating files: 100% (31429/31429), done.
HEAD is now at 5979d639be Merge pull request #25948 from panglesd/release-slipshow-v0.0.32-3-gad3df09
Updating 5979d639be..33b68581bd
Fast-forward
 packages/gluten-async/gluten-async.0.5.1/opam      | 41 +++++++++++++++++++++
 packages/gluten-eio/gluten-eio.0.5.1/opam          | 38 ++++++++++++++++++++
 .../gluten-lwt-unix/gluten-lwt-unix.0.5.1/opam     | 42 ++++++++++++++++++++++
 packages/gluten-lwt/gluten-lwt.0.5.1/opam          | 38 ++++++++++++++++++++
 packages/gluten-mirage/gluten-mirage.0.5.1/opam    | 41 +++++++++++++++++++++
 packages/gluten/gluten.0.5.1/opam                  | 40 +++++++++++++++++++++
 packages/styled-ppx/styled-ppx.0.56.0/opam         |  1 -
 7 files changed, 240 insertions(+), 1 deletion(-)
 create mode 100644 packages/gluten-async/gluten-async.0.5.1/opam
 create mode 100644 packages/gluten-eio/gluten-eio.0.5.1/opam
 create mode 100644 packages/gluten-lwt-unix/gluten-lwt-unix.0.5.1/opam
 create mode 100644 packages/gluten-lwt/gluten-lwt.0.5.1/opam
 create mode 100644 packages/gluten-mirage/gluten-mirage.0.5.1/opam
 create mode 100644 packages/gluten/gluten.0.5.1/opam

[01;34m(from ocaml/opam:debian-12-ocaml-4.14@sha256:2ba69112cb856b702920b505b82a8fab331d2c9d9406c7f3b9f4adb73637666c)[0m
[01;2m[01;35m2024-06-05 05:06.28 ---> using "48fcd9b686ae3e44ef60a164ef8db6e11e86f168703f26fb1315f899c9c53662" from cache[0m

[01;34m/: (user (uid 1000) (gid 1000))[0m

[01;34m/: (workdir /home/opam)[0m

[01;34m/home/opam: (run (shell "sudo ln -f /usr/bin/opam-2.1 /usr/bin/opam"))[0m
[01;2m[01;35m2024-06-05 05:06.28 ---> using "2c3cfe222678361350f54d2fd0d3629836a1caadeb3d32232aed3d337b400c0e" from cache[0m

[01;34m/home/opam: (run (network host)
                 (shell "opam init --reinit --config .opamrc-sandbox -ni"))[0m
Configuring from /home/opam/.opamrc-sandbox, then /home/opam/.opamrc, and finally from built-in defaults.
Checking for available remotes: rsync and local, git.
  - you won't be able to use mercurial repositories unless you install the hg command on your system.
  - you won't be able to use darcs repositories unless you install the darcs command on your system.

This version of opam requires an update to the layout of /home/opam/.opam from version 2.0 to version 2.1, which can't be reverted.
You may want to back it up before going further.

Continue? [Y/n] y
Format upgrade done.

<><> Updating repositories ><><><><><><><><><><><><><><><><><><><><><><><><><><>
[default] synchronised from file:///home/opam/opam-repository
[01;2m[01;35m2024-06-05 05:07.22 ---> saved as "3c68e0ebee8348210d089d520024b866c58ef169efc405130a567eaba81ed4ca"[0m

[01;34m/home/opam: (run (shell "uname -rs && opam exec -- ocaml -version && opam --version"))[0m
Linux 5.15.0-107-generic
The OCaml toplevel, version 4.14.2
2.1.6
[01;2m[01;35m2024-06-05 05:07.22 ---> saved as "9702442a4beab8f1ec9868ede9345690cc7e926a709756e7ab878883b40630bc"[0m

[01;34m/home/opam: (env OPAMDOWNLOADJOBS 1)[0m

[01;34m/home/opam: (env OPAMERRLOGLEN 0)[0m

[01;34m/home/opam: (env OPAMSOLVERTIMEOUT 500)[0m

[01;34m/home/opam: (env OPAMPRECISETRACKING 1)[0m

[01;34m/home/opam: (env CI true)[0m

[01;34m/home/opam: (env OPAM_REPO_CI true)[0m

[01;34m/home/opam: (run (shell "rm -rf opam-repository/"))[0m
[01;2m[01;35m2024-06-05 05:07.33 ---> saved as "7b48adb7bf8c739ac7a8258c54111d6a58f69ec86b859ebeca733e25c24244af"[0m

[01;34m/home/opam: (copy (src .) (dst opam-repository/))[0m
[01;2m[01;35m2024-06-05 05:07.42 ---> saved as "b8129447a402a6103fe1839ca2a4f686bca840027afe60195c3e2519f43a6a1e"[0m

[01;34m/home/opam: (run (shell "opam repository set-url --strict default opam-repository/"))[0m
[default] Initialised
[01;2m[01;35m2024-06-05 05:07.57 ---> saved as "9804b33043947e47ae9ce8027503022eb7ff27b6880b8a8d6a32650ac85cbf38"[0m

[01;34m/home/opam: (run (network host)
                 (shell "opam update --depexts || true"))[0m
+ /usr/bin/sudo "apt-get" "update"
- Hit:1 http://deb.debian.org/debian bookworm InRelease
- Get:2 http://deb.debian.org/debian bookworm-updates InRelease [55.4 kB]
- Get:3 http://deb.debian.org/debian-security bookworm-security InRelease [48.0 kB]
- Get:4 http://deb.debian.org/debian-security bookworm-security/main amd64 Packages [157 kB]
- Fetched 260 kB in 0s (862 kB/s)
- Reading package lists...
[01;2m[01;35m2024-06-05 05:07.58 ---> saved as "ed2771c7c5f60233cfd11db4d48641bcb768ab70c33e2011c51c4795a4a5770c"[0m

[01;34m/home/opam: (run (shell "opam pin add -k version -yn gluten-mirage.0.5.1 0.5.1"))[0m
gluten-mirage is now pinned to version 0.5.1
[01;2m[01;35m2024-06-05 05:07.59 ---> saved as "832be06865d0b3ce4d234b5f19cf78d81c3a592be212a91356810a61c47a636c"[0m

[01;34m/home/opam: (run (cache (opam-archives (target /home/opam/.opam/download-cache)))
                 (network host)
                 (shell  "opam reinstall gluten-mirage.0.5.1;\
                        \n        res=$?;\
                        \n        test \"$res\" != 31 && exit \"$res\";\
                        \n        export OPAMCLI=2.0;\
                        \n        build_dir=$(opam var prefix)/.opam-switch/build;\
                        \n        failed=$(ls \"$build_dir\");\
                        \n        partial_fails=\"\";\
                        \n        for pkg in $failed; do\
                        \n          if opam show -f x-ci-accept-failures: \"$pkg\" | grep -qF \"\\\"debian-12\\\"\"; then\
                        \n            echo \"A package failed and has been disabled for CI using the 'x-ci-accept-failures' field.\";\
                        \n          fi;\
                        \n          test \"$pkg\" != 'gluten-mirage.0.5.1' && partial_fails=\"$partial_fails $pkg\";\
                        \n        done;\
                        \n        test \"${partial_fails}\" != \"\" && echo \"opam-repo-ci detected dependencies failing: ${partial_fails}\";\
                        \n        exit 1"))[0m
gluten-mirage.0.5.1 is not installed. Install it? [Y/n] y
[ERROR] Sorry, resolution of the request timed out.
        Try to specify a more precise request, use a different solver, or increase the allowed time by setting OPAMSOLVERTIMEOUT to a bigger value (currently, it is set to 500.0 seconds).
"/usr/bin/env" "bash" "-c" "opam reinstall gluten-mirage.0.5.1;
        res=$?;
        test "$res" != 31 && exit "$res";
        export OPAMCLI=2.0;
        build_dir=$(opam var prefix)/.opam-switch/build;
        failed=$(ls "$build_dir");
        partial_fails="";
        for pkg in $failed; do
          if opam show -f x-ci-accept-failures: "$pkg" | grep -qF "\"debian-12\""; then
            echo "A package failed and has been disabled for CI using the 'x-ci-accept-failures' field.";
          fi;
          test "$pkg" != 'gluten-mirage.0.5.1' && partial_fails="$partial_fails $pkg";
        done;
        test "${partial_fails}" != "" && echo "opam-repo-ci detected dependencies failing: ${partial_fails}";
        exit 1" failed with exit status 60
2024-06-05 05:16.56: Job failed: Failed: Build failed
2024-06-05 05:16.56: Log analysis:
2024-06-05 05:16.56: >>> 
[ERROR] Sorry, resolution of the request timed out.
 (score = 20)
2024-06-05 05:16.56: Sorry, resolution of the request timed out.
