2024-06-05 08:26.38: New job: build mehari-lwt-unix.0.4, using opam 2.1
                              from https://github.com/ocaml/opam-repository.git#refs/pull/26019/head (8d7cb50e9ff4951a52da2b615a49267c73cdb1a4)
                              on debian-12-ocaml-5.2/amd64

To reproduce locally:

cd $(mktemp -d)
git clone --recursive "https://github.com/ocaml/opam-repository.git" && cd "opam-repository" && git fetch origin "refs/pull/26019/head" && git reset --hard 8d7cb50e
git fetch origin master
git merge --no-edit 5979d639be2999663a41c1d1b8a73ce3036dcb41
cat > ../Dockerfile <<'END-OF-DOCKERFILE'
[34mFROM ocaml/opam:debian-12-ocaml-5.2@sha256:12df694d8961e9d2889415e9f52914c529db83d399156ead1a40943939257d06
USER 1000:1000
WORKDIR /home/opam
RUN sudo ln -f /usr/bin/opam-2.1 /usr/bin/opam
RUN opam init --reinit -ni
RUN uname -rs && opam exec -- ocaml -version && opam --version
ENV OPAMDOWNLOADJOBS="1"
ENV OPAMERRLOGLEN="0"
ENV OPAMSOLVERTIMEOUT="500"
ENV OPAMPRECISETRACKING="1"
ENV CI="true"
ENV OPAM_REPO_CI="true"
RUN rm -rf opam-repository/
COPY --chown=1000:1000 . opam-repository/
RUN opam repository set-url --strict default opam-repository/
RUN opam update --depexts || true
RUN opam pin add -k version -yn mehari-lwt-unix.0.4 0.4
RUN opam reinstall mehari-lwt-unix.0.4; \
    res=$?; \
    test "$res" != 31 && exit "$res"; \
    export OPAMCLI=2.0; \
    build_dir=$(opam var prefix)/.opam-switch/build; \
    failed=$(ls "$build_dir"); \
    partial_fails=""; \
    for pkg in $failed; do \
    if opam show -f x-ci-accept-failures: "$pkg" | grep -qF "\"debian-12\""; then \
    echo "A package failed and has been disabled for CI using the 'x-ci-accept-failures' field."; \
    fi; \
    test "$pkg" != 'mehari-lwt-unix.0.4' && partial_fails="$partial_fails $pkg"; \
    done; \
    test "${partial_fails}" != "" && echo "opam-repo-ci detected dependencies failing: ${partial_fails}"; \
    exit 1
[0m
END-OF-DOCKERFILE
docker build -f ../Dockerfile .

2024-06-05 08:26.38: Using cache hint "ocaml/opam:debian-12-ocaml-5.2@sha256:12df694d8961e9d2889415e9f52914c529db83d399156ead1a40943939257d06-mehari-lwt-unix.0.4-8d7cb50e9ff4951a52da2b615a49267c73cdb1a4"
2024-06-05 08:26.38: Using OBuilder spec:
((from ocaml/opam:debian-12-ocaml-5.2@sha256:12df694d8961e9d2889415e9f52914c529db83d399156ead1a40943939257d06)
 (user (uid 1000) (gid 1000))
 (workdir /home/opam)
 (run (shell "sudo ln -f /usr/bin/opam-2.1 /usr/bin/opam"))
 (run (network host)
      (shell "opam init --reinit --config .opamrc-sandbox -ni"))
 (run (shell "uname -rs && opam exec -- ocaml -version && opam --version"))
 (env OPAMDOWNLOADJOBS 1)
 (env OPAMERRLOGLEN 0)
 (env OPAMSOLVERTIMEOUT 500)
 (env OPAMPRECISETRACKING 1)
 (env CI true)
 (env OPAM_REPO_CI true)
 (run (shell "rm -rf opam-repository/"))
 (copy (src .) (dst opam-repository/))
 (run (shell "opam repository set-url --strict default opam-repository/"))
 (run (network host)
      (shell "opam update --depexts || true"))
 (run (shell "opam pin add -k version -yn mehari-lwt-unix.0.4 0.4"))
 (run (cache (opam-archives (target /home/opam/.opam/download-cache)))
      (network host)
      (shell  "opam reinstall mehari-lwt-unix.0.4;\
             \n        res=$?;\
             \n        test \"$res\" != 31 && exit \"$res\";\
             \n        export OPAMCLI=2.0;\
             \n        build_dir=$(opam var prefix)/.opam-switch/build;\
             \n        failed=$(ls \"$build_dir\");\
             \n        partial_fails=\"\";\
             \n        for pkg in $failed; do\
             \n          if opam show -f x-ci-accept-failures: \"$pkg\" | grep -qF \"\\\"debian-12\\\"\"; then\
             \n            echo \"A package failed and has been disabled for CI using the 'x-ci-accept-failures' field.\";\
             \n          fi;\
             \n          test \"$pkg\" != 'mehari-lwt-unix.0.4' && partial_fails=\"$partial_fails $pkg\";\
             \n        done;\
             \n        test \"${partial_fails}\" != \"\" && echo \"opam-repo-ci detected dependencies failing: ${partial_fails}\";\
             \n        exit 1"))
)

2024-06-05 08:26.38: Waiting for resource in pool OCluster
2024-06-05 08:26.38: Waiting for worker…
2024-06-05 08:29.49: Got resource from pool OCluster
Building on x86-bm-c10.sw.ocaml.org
All commits already cached
Updating files:  83% (26229/31427)Updating files:  84% (26399/31427)Updating files:  85% (26713/31427)Updating files:  86% (27028/31427)Updating files:  87% (27342/31427)Updating files:  88% (27656/31427)Updating files:  89% (27971/31427)Updating files:  90% (28285/31427)Updating files:  91% (28599/31427)Updating files:  92% (28913/31427)Updating files:  93% (29228/31427)Updating files:  94% (29542/31427)Updating files:  95% (29856/31427)Updating files:  96% (30170/31427)Updating files:  97% (30485/31427)Updating files:  98% (30799/31427)Updating files:  99% (31113/31427)Updating files: 100% (31427/31427)Updating files: 100% (31427/31427), done.
HEAD is now at 5979d639be Merge pull request #25948 from panglesd/release-slipshow-v0.0.32-3-gad3df09
Updating 5979d639be..8d7cb50e9f
Fast-forward
 packages/mehari-eio/mehari-eio.0.4/opam           | 40 ++++++++++++++++++++
 packages/mehari-lwt-unix/mehari-lwt-unix.0.4/opam | 41 ++++++++++++++++++++
 packages/mehari-mirage/mehari-mirage.0.4/opam     | 42 +++++++++++++++++++++
 packages/mehari/mehari.0.4/opam                   | 46 +++++++++++++++++++++++
 4 files changed, 169 insertions(+)
 create mode 100644 packages/mehari-eio/mehari-eio.0.4/opam
 create mode 100644 packages/mehari-lwt-unix/mehari-lwt-unix.0.4/opam
 create mode 100644 packages/mehari-mirage/mehari-mirage.0.4/opam
 create mode 100644 packages/mehari/mehari.0.4/opam

[01;34m(from ocaml/opam:debian-12-ocaml-5.2@sha256:12df694d8961e9d2889415e9f52914c529db83d399156ead1a40943939257d06)[0m
[01;2m[01;35m2024-06-05 08:29.52 ---> using "cd5e28c7764350a015cf18513c5962c60f452082d33e091e5bfc48530437f838" from cache[0m

[01;34m/: (user (uid 1000) (gid 1000))[0m

[01;34m/: (workdir /home/opam)[0m

[01;34m/home/opam: (run (shell "sudo ln -f /usr/bin/opam-2.1 /usr/bin/opam"))[0m
[01;2m[01;35m2024-06-05 08:29.52 ---> saved as "ccd96d018a7bd6dbb98c54442f212a07957ffd91eda53d466d9a1f76c534e451"[0m

[01;34m/home/opam: (run (network host)
                 (shell "opam init --reinit --config .opamrc-sandbox -ni"))[0m
Configuring from /home/opam/.opamrc-sandbox, then /home/opam/.opamrc, and finally from built-in defaults.
Checking for available remotes: rsync and local, git.
  - you won't be able to use mercurial repositories unless you install the hg command on your system.
  - you won't be able to use darcs repositories unless you install the darcs command on your system.

This version of opam requires an update to the layout of /home/opam/.opam from version 2.0 to version 2.1, which can't be reverted.
You may want to back it up before going further.

Continue? [Y/n] y
Format upgrade done.

<><> Updating repositories ><><><><><><><><><><><><><><><><><><><><><><><><><><>
[default] synchronised from file:///home/opam/opam-repository
[01;2m[01;35m2024-06-05 08:31.13 ---> saved as "cd173343aea1736b7fefdc2ffa000d0811efeeefdb58ca947d763803f016756a"[0m

[01;34m/home/opam: (run (shell "uname -rs && opam exec -- ocaml -version && opam --version"))[0m
Linux 5.15.0-107-generic
The OCaml toplevel, version 5.2.0
2.1.6
[01;2m[01;35m2024-06-05 08:31.13 ---> saved as "b2dd3a09f81a53f5a04c308e06ee02d5725961fa7a6665c839a34f36973332ed"[0m

[01;34m/home/opam: (env OPAMDOWNLOADJOBS 1)[0m

[01;34m/home/opam: (env OPAMERRLOGLEN 0)[0m

[01;34m/home/opam: (env OPAMSOLVERTIMEOUT 500)[0m

[01;34m/home/opam: (env OPAMPRECISETRACKING 1)[0m

[01;34m/home/opam: (env CI true)[0m

[01;34m/home/opam: (env OPAM_REPO_CI true)[0m

[01;34m/home/opam: (run (shell "rm -rf opam-repository/"))[0m
[01;2m[01;35m2024-06-05 08:31.20 ---> saved as "07bc4da3481f611cd3bbb7d0b07429d4a05b4fa06d43860383216832115678a5"[0m

[01;34m/home/opam: (copy (src .) (dst opam-repository/))[0m
[01;2m[01;35m2024-06-05 08:31.31 ---> saved as "306fe6bcc244b47eaa52573aabef18899c19daad8045ac5e482686ba661687cc"[0m

[01;34m/home/opam: (run (shell "opam repository set-url --strict default opam-repository/"))[0m
[default] Initialised
[01;2m[01;35m2024-06-05 08:31.53 ---> saved as "41428990522531d36b1e45d2b966e6ad423aebc4b8256c36e3821bed5f9e833c"[0m

[01;34m/home/opam: (run (network host)
                 (shell "opam update --depexts || true"))[0m
+ /usr/bin/sudo "apt-get" "update"
- Hit:1 http://deb.debian.org/debian bookworm InRelease
- Get:2 http://deb.debian.org/debian bookworm-updates InRelease [55.4 kB]
- Hit:3 http://deb.debian.org/debian-security bookworm-security InRelease
- Fetched 55.4 kB in 0s (272 kB/s)
- Reading package lists...
[01;2m[01;35m2024-06-05 08:31.54 ---> saved as "c862b9cbffaf8cc7aad966f92e168249fb356ae3d16a0ed486762149543f16f2"[0m

[01;34m/home/opam: (run (shell "opam pin add -k version -yn mehari-lwt-unix.0.4 0.4"))[0m
mehari-lwt-unix is now pinned to version 0.4
[01;2m[01;35m2024-06-05 08:31.55 ---> saved as "0e4a35c27237cfff1de392140f71544e1794a85a9c47b3f1e3dedc3474cd653d"[0m

[01;34m/home/opam: (run (cache (opam-archives (target /home/opam/.opam/download-cache)))
                 (network host)
                 (shell  "opam reinstall mehari-lwt-unix.0.4;\
                        \n        res=$?;\
                        \n        test \"$res\" != 31 && exit \"$res\";\
                        \n        export OPAMCLI=2.0;\
                        \n        build_dir=$(opam var prefix)/.opam-switch/build;\
                        \n        failed=$(ls \"$build_dir\");\
                        \n        partial_fails=\"\";\
                        \n        for pkg in $failed; do\
                        \n          if opam show -f x-ci-accept-failures: \"$pkg\" | grep -qF \"\\\"debian-12\\\"\"; then\
                        \n            echo \"A package failed and has been disabled for CI using the 'x-ci-accept-failures' field.\";\
                        \n          fi;\
                        \n          test \"$pkg\" != 'mehari-lwt-unix.0.4' && partial_fails=\"$partial_fails $pkg\";\
                        \n        done;\
                        \n        test \"${partial_fails}\" != \"\" && echo \"opam-repo-ci detected dependencies failing: ${partial_fails}\";\
                        \n        exit 1"))[0m
mehari-lwt-unix.0.4 is not installed. Install it? [Y/n] y
[ERROR] Sorry, resolution of the request timed out.
        Try to specify a more precise request, use a different solver, or increase the allowed time by setting OPAMSOLVERTIMEOUT to a bigger value (currently, it is set to 500.0 seconds).
"/usr/bin/env" "bash" "-c" "opam reinstall mehari-lwt-unix.0.4;
        res=$?;
        test "$res" != 31 && exit "$res";
        export OPAMCLI=2.0;
        build_dir=$(opam var prefix)/.opam-switch/build;
        failed=$(ls "$build_dir");
        partial_fails="";
        for pkg in $failed; do
          if opam show -f x-ci-accept-failures: "$pkg" | grep -qF "\"debian-12\""; then
            echo "A package failed and has been disabled for CI using the 'x-ci-accept-failures' field.";
          fi;
          test "$pkg" != 'mehari-lwt-unix.0.4' && partial_fails="$partial_fails $pkg";
        done;
        test "${partial_fails}" != "" && echo "opam-repo-ci detected dependencies failing: ${partial_fails}";
        exit 1" failed with exit status 60
2024-06-05 08:40.47: Job failed: Failed: Build failed
2024-06-05 08:40.47: Log analysis:
2024-06-05 08:40.47: >>> 
[ERROR] Sorry, resolution of the request timed out.
 (score = 20)
2024-06-05 08:40.47: Sorry, resolution of the request timed out.
