2024-06-05 15:11.08: New job: test drom_lib.0.8.0 with dune.3.16.0~alpha1, using opam dev
                              from https://github.com/ocaml/opam-repository.git#refs/pull/26022/head (0858f4711d4239a60f03cf11ed36bf7bf9c496b9)
                              on debian-12-ocaml-4.14/amd64

To reproduce locally:

cd $(mktemp -d)
git clone --recursive "https://github.com/ocaml/opam-repository.git" && cd "opam-repository" && git fetch origin "refs/pull/26022/head" && git reset --hard 0858f471
git fetch origin master
git merge --no-edit 22cb14682f92387672bc27bcbf1a95a5aba4434c
cat > ../Dockerfile <<'END-OF-DOCKERFILE'
[34mFROM ocaml/opam:debian-12-ocaml-4.14@sha256:2ba69112cb856b702920b505b82a8fab331d2c9d9406c7f3b9f4adb73637666c
USER 1000:1000
WORKDIR /home/opam
RUN sudo ln -f /usr/bin/opam-dev /usr/bin/opam
RUN opam init --reinit -ni
RUN uname -rs && opam exec -- ocaml -version && opam --version
ENV OPAMDOWNLOADJOBS="1"
ENV OPAMERRLOGLEN="0"
ENV OPAMSOLVERTIMEOUT="500"
ENV OPAMPRECISETRACKING="1"
ENV CI="true"
ENV OPAM_REPO_CI="true"
RUN rm -rf opam-repository/
COPY --chown=1000:1000 . opam-repository/
RUN opam repository set-url --strict default opam-repository/
RUN opam update --depexts || true
RUN opam pin add -k version -yn dune.3.16.0~alpha1 3.16.0~alpha1
RUN opam reinstall dune.3.16.0~alpha1; \
    res=$?; \
    test "$res" != 31 && exit "$res"; \
    export OPAMCLI=2.0; \
    build_dir=$(opam var prefix)/.opam-switch/build; \
    failed=$(ls "$build_dir"); \
    partial_fails=""; \
    for pkg in $failed; do \
    if opam show -f x-ci-accept-failures: "$pkg" | grep -qF "\"debian-12\""; then \
    echo "A package failed and has been disabled for CI using the 'x-ci-accept-failures' field."; \
    fi; \
    test "$pkg" != 'dune.3.16.0~alpha1' && partial_fails="$partial_fails $pkg"; \
    done; \
    test "${partial_fails}" != "" && echo "opam-repo-ci detected dependencies failing: ${partial_fails}"; \
    exit 1
RUN opam reinstall drom_lib.0.8.0; \
    res=$?; \
    test "$res" != 31 && exit "$res"; \
    export OPAMCLI=2.0; \
    build_dir=$(opam var prefix)/.opam-switch/build; \
    failed=$(ls "$build_dir"); \
    partial_fails=""; \
    for pkg in $failed; do \
    if opam show -f x-ci-accept-failures: "$pkg" | grep -qF "\"debian-12\""; then \
    echo "A package failed and has been disabled for CI using the 'x-ci-accept-failures' field."; \
    fi; \
    test "$pkg" != 'drom_lib.0.8.0' && partial_fails="$partial_fails $pkg"; \
    done; \
    test "${partial_fails}" != "" && echo "opam-repo-ci detected dependencies failing: ${partial_fails}"; \
    exit 1
RUN (opam reinstall --with-test drom_lib.0.8.0) || true
RUN opam reinstall --with-test --verbose drom_lib.0.8.0; \
    res=$?; \
    test "$res" != 31 && exit "$res"; \
    export OPAMCLI=2.0; \
    build_dir=$(opam var prefix)/.opam-switch/build; \
    failed=$(ls "$build_dir"); \
    partial_fails=""; \
    for pkg in $failed; do \
    if opam show -f x-ci-accept-failures: "$pkg" | grep -qF "\"debian-12\""; then \
    echo "A package failed and has been disabled for CI using the 'x-ci-accept-failures' field."; \
    fi; \
    test "$pkg" != 'drom_lib.0.8.0' && partial_fails="$partial_fails $pkg"; \
    done; \
    test "${partial_fails}" != "" && echo "opam-repo-ci detected dependencies failing: ${partial_fails}"; \
    exit 1
[0m
END-OF-DOCKERFILE
docker build -f ../Dockerfile .

2024-06-05 15:11.08: Using cache hint "ocaml/opam:debian-12-ocaml-4.14@sha256:2ba69112cb856b702920b505b82a8fab331d2c9d9406c7f3b9f4adb73637666c-dune.3.16.0~alpha1-drom_lib.0.8.0-0858f4711d4239a60f03cf11ed36bf7bf9c496b9"
2024-06-05 15:11.08: Using OBuilder spec:
((from ocaml/opam:debian-12-ocaml-4.14@sha256:2ba69112cb856b702920b505b82a8fab331d2c9d9406c7f3b9f4adb73637666c)
 (user (uid 1000) (gid 1000))
 (workdir /home/opam)
 (run (shell "sudo ln -f /usr/bin/opam-dev /usr/bin/opam"))
 (run (network host)
      (shell "opam init --reinit --config .opamrc-sandbox -ni"))
 (run (shell "uname -rs && opam exec -- ocaml -version && opam --version"))
 (env OPAMDOWNLOADJOBS 1)
 (env OPAMERRLOGLEN 0)
 (env OPAMSOLVERTIMEOUT 500)
 (env OPAMPRECISETRACKING 1)
 (env CI true)
 (env OPAM_REPO_CI true)
 (run (shell "rm -rf opam-repository/"))
 (copy (src .) (dst opam-repository/))
 (run (shell "opam repository set-url --strict default opam-repository/"))
 (run (network host)
      (shell "opam update --depexts || true"))
 (run (shell "opam pin add -k version -yn dune.3.16.0~alpha1 3.16.0~alpha1"))
 (run (cache (opam-archives (target /home/opam/.opam/download-cache)))
      (network host)
      (shell  "opam reinstall dune.3.16.0~alpha1;\
             \n        res=$?;\
             \n        test \"$res\" != 31 && exit \"$res\";\
             \n        export OPAMCLI=2.0;\
             \n        build_dir=$(opam var prefix)/.opam-switch/build;\
             \n        failed=$(ls \"$build_dir\");\
             \n        partial_fails=\"\";\
             \n        for pkg in $failed; do\
             \n          if opam show -f x-ci-accept-failures: \"$pkg\" | grep -qF \"\\\"debian-12\\\"\"; then\
             \n            echo \"A package failed and has been disabled for CI using the 'x-ci-accept-failures' field.\";\
             \n          fi;\
             \n          test \"$pkg\" != 'dune.3.16.0~alpha1' && partial_fails=\"$partial_fails $pkg\";\
             \n        done;\
             \n        test \"${partial_fails}\" != \"\" && echo \"opam-repo-ci detected dependencies failing: ${partial_fails}\";\
             \n        exit 1"))
 (run (cache (opam-archives (target /home/opam/.opam/download-cache)))
      (network host)
      (shell  "opam reinstall drom_lib.0.8.0;\
             \n        res=$?;\
             \n        test \"$res\" != 31 && exit \"$res\";\
             \n        export OPAMCLI=2.0;\
             \n        build_dir=$(opam var prefix)/.opam-switch/build;\
             \n        failed=$(ls \"$build_dir\");\
             \n        partial_fails=\"\";\
             \n        for pkg in $failed; do\
             \n          if opam show -f x-ci-accept-failures: \"$pkg\" | grep -qF \"\\\"debian-12\\\"\"; then\
             \n            echo \"A package failed and has been disabled for CI using the 'x-ci-accept-failures' field.\";\
             \n          fi;\
             \n          test \"$pkg\" != 'drom_lib.0.8.0' && partial_fails=\"$partial_fails $pkg\";\
             \n        done;\
             \n        test \"${partial_fails}\" != \"\" && echo \"opam-repo-ci detected dependencies failing: ${partial_fails}\";\
             \n        exit 1"))
 (run (network host)
      (shell "(opam reinstall --with-test drom_lib.0.8.0) || true"))
 (run (shell  "opam reinstall --with-test --verbose drom_lib.0.8.0;\
             \n        res=$?;\
             \n        test \"$res\" != 31 && exit \"$res\";\
             \n        export OPAMCLI=2.0;\
             \n        build_dir=$(opam var prefix)/.opam-switch/build;\
             \n        failed=$(ls \"$build_dir\");\
             \n        partial_fails=\"\";\
             \n        for pkg in $failed; do\
             \n          if opam show -f x-ci-accept-failures: \"$pkg\" | grep -qF \"\\\"debian-12\\\"\"; then\
             \n            echo \"A package failed and has been disabled for CI using the 'x-ci-accept-failures' field.\";\
             \n          fi;\
             \n          test \"$pkg\" != 'drom_lib.0.8.0' && partial_fails=\"$partial_fails $pkg\";\
             \n        done;\
             \n        test \"${partial_fails}\" != \"\" && echo \"opam-repo-ci detected dependencies failing: ${partial_fails}\";\
             \n        exit 1"))
)

2024-06-05 15:11.08: Waiting for resource in pool OCluster
2024-06-06 01:43.05: Waiting for worker…
2024-06-06 01:44.31: Got resource from pool OCluster
Building on asteria.caelum.ci.dev
All commits already cached
HEAD is now at 22cb14682f Merge pull request #26013 from Leonidas-from-XIV/core-unix-bsd
Merge made by the 'ort' strategy.
 .../chrome-trace/chrome-trace.3.16.0~alpha1/opam   | 40 +++++++++++++++
 .../dune-action-plugin.3.16.0~alpha1/opam          | 53 ++++++++++++++++++++
 .../dune-build-info.3.16.0~alpha1/opam             | 46 +++++++++++++++++
 .../dune-configurator.3.16.0~alpha1/opam           | 50 +++++++++++++++++++
 packages/dune-glob/dune-glob.3.16.0~alpha1/opam    | 43 ++++++++++++++++
 .../dune-private-libs.3.16.0~alpha1/opam           | 51 +++++++++++++++++++
 .../dune-rpc-lwt/dune-rpc-lwt.3.16.0~alpha1/opam   | 42 ++++++++++++++++
 packages/dune-rpc/dune-rpc.3.16.0~alpha1/opam      | 44 +++++++++++++++++
 packages/dune-site/dune-site.3.16.0~alpha1/opam    | 38 +++++++++++++++
 packages/dune/dune.3.16.0~alpha1/opam              | 57 ++++++++++++++++++++++
 packages/dyn/dyn.3.16.0~alpha1/opam                | 41 ++++++++++++++++
 packages/ocamlc-loc/ocamlc-loc.3.16.0~alpha1/opam  | 44 +++++++++++++++++
 packages/ordering/ordering.3.16.0~alpha1/opam      | 39 +++++++++++++++
 packages/stdune/stdune.3.16.0~alpha1/opam          | 45 +++++++++++++++++
 packages/xdg/xdg.3.16.0~alpha1/opam                | 40 +++++++++++++++
 15 files changed, 673 insertions(+)
 create mode 100644 packages/chrome-trace/chrome-trace.3.16.0~alpha1/opam
 create mode 100644 packages/dune-action-plugin/dune-action-plugin.3.16.0~alpha1/opam
 create mode 100644 packages/dune-build-info/dune-build-info.3.16.0~alpha1/opam
 create mode 100644 packages/dune-configurator/dune-configurator.3.16.0~alpha1/opam
 create mode 100644 packages/dune-glob/dune-glob.3.16.0~alpha1/opam
 create mode 100644 packages/dune-private-libs/dune-private-libs.3.16.0~alpha1/opam
 create mode 100644 packages/dune-rpc-lwt/dune-rpc-lwt.3.16.0~alpha1/opam
 create mode 100644 packages/dune-rpc/dune-rpc.3.16.0~alpha1/opam
 create mode 100644 packages/dune-site/dune-site.3.16.0~alpha1/opam
 create mode 100644 packages/dune/dune.3.16.0~alpha1/opam
 create mode 100644 packages/dyn/dyn.3.16.0~alpha1/opam
 create mode 100644 packages/ocamlc-loc/ocamlc-loc.3.16.0~alpha1/opam
 create mode 100644 packages/ordering/ordering.3.16.0~alpha1/opam
 create mode 100644 packages/stdune/stdune.3.16.0~alpha1/opam
 create mode 100644 packages/xdg/xdg.3.16.0~alpha1/opam

[01;34m(from ocaml/opam:debian-12-ocaml-4.14@sha256:2ba69112cb856b702920b505b82a8fab331d2c9d9406c7f3b9f4adb73637666c)[0m
[01;2m[01;35m2024-06-06 01:46.24 ---> using "48fcd9b686ae3e44ef60a164ef8db6e11e86f168703f26fb1315f899c9c53662" from cache[0m

[01;34m/: (user (uid 1000) (gid 1000))[0m

[01;34m/: (workdir /home/opam)[0m

[01;34m/home/opam: (run (shell "sudo ln -f /usr/bin/opam-dev /usr/bin/opam"))[0m
[01;2m[01;35m2024-06-06 01:46.24 ---> using "182db0db166b9dc97fd6bddbdaada0d920c1a351accedca1486cd948e46ba36e" from cache[0m

[01;34m/home/opam: (run (network host)
                 (shell "opam init --reinit --config .opamrc-sandbox -ni"))[0m
Configuring from /home/opam/.opamrc-sandbox, then /home/opam/.opamrc, and finally from built-in defaults.
Checking for available remotes: rsync and local, git.
  - you won't be able to use mercurial repositories unless you install the hg command on your system.
  - you won't be able to use darcs repositories unless you install the darcs command on your system.

This development version of opam requires an update to the layout of /home/opam/.opam from version 2.0 to version 2.2~beta, which can't be reverted.
You may want to back it up before going further.

Continue? [y/n] y
[NOTE] The 'jobs' option was reset, its value was 39 and its new value will vary according to the current number of cores on your machine. You can restore the fixed value using:
           opam option jobs=39 --global
Format upgrade done.

<><> Updating repositories ><><><><><><><><><><><><><><><><><><><><><><><><><><>
[default] synchronised from file:///home/opam/opam-repository
[01;2m[01;35m2024-06-06 01:46.24 ---> using "4fbb68d819e513d708f904a56dbcd9eac5442d5d3fd384b169ffc78983ed0e74" from cache[0m

[01;34m/home/opam: (run (shell "uname -rs && opam exec -- ocaml -version && opam --version"))[0m
Linux 5.15.0-107-generic
The OCaml toplevel, version 4.14.2
2.2.0~beta3~dev
[01;2m[01;35m2024-06-06 01:46.24 ---> using "3c4a9f3d7a40a43473780c877ab3475ae6bd03681c2f4881fe30bb5d34e05f9b" from cache[0m

[01;34m/home/opam: (env OPAMDOWNLOADJOBS 1)[0m

[01;34m/home/opam: (env OPAMERRLOGLEN 0)[0m

[01;34m/home/opam: (env OPAMSOLVERTIMEOUT 500)[0m

[01;34m/home/opam: (env OPAMPRECISETRACKING 1)[0m

[01;34m/home/opam: (env CI true)[0m

[01;34m/home/opam: (env OPAM_REPO_CI true)[0m

[01;34m/home/opam: (run (shell "rm -rf opam-repository/"))[0m
[01;2m[01;35m2024-06-06 01:46.24 ---> using "0ad48452d9001012444a91ed62dee40f750c23d668e41d370665cd385b64805a" from cache[0m

[01;34m/home/opam: (copy (src .) (dst opam-repository/))[0m
[01;2m[01;35m2024-06-06 01:46.26 ---> using "c48509a44dfc8db9f4f7e5423f232d2fafe09a12305947a3752e1b379daa6356" from cache[0m

[01;34m/home/opam: (run (shell "opam repository set-url --strict default opam-repository/"))[0m
[default] Initialised
[01;2m[01;35m2024-06-06 01:46.26 ---> using "b07b2e6f1e50b2ebcd18cb939c04e63680408828c597976d741c95db4f2680c3" from cache[0m

[01;34m/home/opam: (run (network host)
                 (shell "opam update --depexts || true"))[0m
+ /usr/bin/sudo "apt-get" "update"
- Hit:1 http://deb.debian.org/debian bookworm InRelease
- Get:2 http://deb.debian.org/debian bookworm-updates InRelease [55.4 kB]
- Get:3 http://deb.debian.org/debian-security bookworm-security InRelease [48.0 kB]
- Get:4 http://deb.debian.org/debian-security bookworm-security/main amd64 Packages [158 kB]
- Fetched 261 kB in 0s (705 kB/s)
- Reading package lists...
[01;2m[01;35m2024-06-06 01:46.26 ---> using "cee70d0147f6ceab8e81aebbeb4c2a731269a0507fd675f5bf616fdfd1a0826b" from cache[0m

[01;34m/home/opam: (run (shell "opam pin add -k version -yn dune.3.16.0~alpha1 3.16.0~alpha1"))[0m
dune is now pinned to version 3.16.0~alpha1
[01;2m[01;35m2024-06-06 01:46.26 ---> using "6058e9e88cee203abdd7a9da0be1e5f49a7a031067103cbb2ea47ecd83af8324" from cache[0m

[01;34m/home/opam: (run (cache (opam-archives (target /home/opam/.opam/download-cache)))
                 (network host)
                 (shell  "opam reinstall dune.3.16.0~alpha1;\
                        \n        res=$?;\
                        \n        test \"$res\" != 31 && exit \"$res\";\
                        \n        export OPAMCLI=2.0;\
                        \n        build_dir=$(opam var prefix)/.opam-switch/build;\
                        \n        failed=$(ls \"$build_dir\");\
                        \n        partial_fails=\"\";\
                        \n        for pkg in $failed; do\
                        \n          if opam show -f x-ci-accept-failures: \"$pkg\" | grep -qF \"\\\"debian-12\\\"\"; then\
                        \n            echo \"A package failed and has been disabled for CI using the 'x-ci-accept-failures' field.\";\
                        \n          fi;\
                        \n          test \"$pkg\" != 'dune.3.16.0~alpha1' && partial_fails=\"$partial_fails $pkg\";\
                        \n        done;\
                        \n        test \"${partial_fails}\" != \"\" && echo \"opam-repo-ci detected dependencies failing: ${partial_fails}\";\
                        \n        exit 1"))[0m
dune.3.16.0~alpha1 is not installed. Install it? [y/n] y
The following actions will be performed:
=== recompile 4 packages
  - recompile ocaml               4.14.2                 [upstream or system changes]
  - recompile ocaml-base-compiler 4.14.2 (pinned)        [upstream or system changes]
  - recompile ocaml-config        2                      [upstream or system changes]
  - recompile opam-depext         1.2.1-1                [uses ocaml]
=== install 3 packages
  - install   dune                3.16.0~alpha1 (pinned)
  - install   host-arch-x86_64    1
  - install   host-system-other   1

<><> Processing actions <><><><><><><><><><><><><><><><><><><><><><><><><><><><>
-> retrieved dune.3.16.0~alpha1  (cached)
-> installed host-arch-x86_64.1
-> installed host-system-other.1
-> retrieved ocaml-base-compiler.4.14.2  (cached)
-> retrieved ocaml-config.2  (cached)
-> retrieved opam-depext.1.2.1-1  (cached)
-> removed   opam-depext.1.2.1-1
-> removed   ocaml.4.14.2
-> removed   ocaml-config.2
-> removed   ocaml-base-compiler.4.14.2
-> installed ocaml-base-compiler.4.14.2
-> installed ocaml-config.2
-> installed ocaml.4.14.2
-> installed opam-depext.1.2.1-1
-> installed dune.3.16.0~alpha1
Done.

<><> opam-depext.1.2.1-1 installed successfully <><><><><><><><><><><><><><><><>
=> opam-depext is unnecessary when used with opam >= 2.1. Please use opam install directly instead
# Run eval $(opam env) to update the current shell environment
[01;2m[01;35m2024-06-06 01:46.26 ---> using "9906506ad86309b79b59491c8fe308e7e7c33824cf48d9bc50a45f8499700291" from cache[0m

[01;34m/home/opam: (run (cache (opam-archives (target /home/opam/.opam/download-cache)))
                 (network host)
                 (shell  "opam reinstall drom_lib.0.8.0;\
                        \n        res=$?;\
                        \n        test \"$res\" != 31 && exit \"$res\";\
                        \n        export OPAMCLI=2.0;\
                        \n        build_dir=$(opam var prefix)/.opam-switch/build;\
                        \n        failed=$(ls \"$build_dir\");\
                        \n        partial_fails=\"\";\
                        \n        for pkg in $failed; do\
                        \n          if opam show -f x-ci-accept-failures: \"$pkg\" | grep -qF \"\\\"debian-12\\\"\"; then\
                        \n            echo \"A package failed and has been disabled for CI using the 'x-ci-accept-failures' field.\";\
                        \n          fi;\
                        \n          test \"$pkg\" != 'drom_lib.0.8.0' && partial_fails=\"$partial_fails $pkg\";\
                        \n        done;\
                        \n        test \"${partial_fails}\" != \"\" && echo \"opam-repo-ci detected dependencies failing: ${partial_fails}\";\
                        \n        exit 1"))[0m
drom_lib.0.8.0 is not installed. Install it? [y/n] y
The following actions will be performed:
=== install 23 packages
  - install cmdliner         1.3.0    [required by crunch, ez_cmdliner]
  - install crunch           3.3.1    [required by drom_lib]
  - install directories      0.5      [required by drom_lib]
  - install drom_lib         0.8.0
  - install drom_toml        0.8.0    [required by drom_lib]
  - install ez_cmdliner      0.4.3    [required by drom_lib]
  - install ez_config        0.2.0    [required by drom_lib]
  - install ez_file          0.3.0    [required by drom_lib]
  - install ez_opam_file     0.1.0    [required by drom_lib]
  - install ez_subst         0.2.1    [required by drom_lib]
  - install ISO8601          0.2.6    [required by drom_toml]
  - install menhir           20231231 [required by drom_toml]
  - install menhirCST        20231231 [required by menhir]
  - install menhirLib        20231231 [required by drom_toml]
  - install menhirSdk        20231231 [required by menhir]
  - install ocamlbuild       0.14.3   [required by ptime]
  - install ocamlfind        1.9.6    [required by ptime]
  - install ocplib_stuff     0.4.0    [required by ez_cmdliner]
  - install opam-file-format 2.1.6    [required by ez_opam_file]
  - install ptime            1.1.0    [required by crunch]
  - install re               1.11.0   [required by ez_file]
  - install seq              base     [required by re]
  - install topkg            1.0.7    [required by ptime]

<><> Processing actions <><><><><><><><><><><><><><><><><><><><><><><><><><><><>
-> retrieved cmdliner.1.3.0  (cached)
-> retrieved crunch.3.3.1  (cached)
-> retrieved directories.0.5  (cached)
-> retrieved drom_lib.0.8.0, drom_toml.0.8.0  (cached)
-> retrieved ez_cmdliner.0.4.3  (cached)
-> retrieved ez_config.0.2.0  (cached)
-> retrieved ez_file.0.3.0  (cached)
-> retrieved ez_opam_file.0.1.0  (cached)
-> retrieved ez_subst.0.2.1  (cached)
-> retrieved ISO8601.0.2.6  (cached)
-> retrieved menhir.20231231, menhirCST.20231231, menhirLib.20231231, menhirSdk.20231231  (cached)
-> installed directories.0.5
-> installed ISO8601.0.2.6
-> retrieved ocamlbuild.0.14.3  (cached)
-> retrieved ocamlfind.1.9.6  (cached)
-> retrieved ocplib_stuff.0.4.0  (cached)
-> installed menhirCST.20231231
-> retrieved opam-file-format.2.1.6  (cached)
-> retrieved ptime.1.1.0  (cached)
-> retrieved re.1.11.0  (cached)
-> retrieved seq.base  (cached)
-> installed seq.base
-> retrieved topkg.1.0.7  (cached)
-> installed ez_subst.0.2.1
-> installed cmdliner.1.3.0
-> installed menhirLib.20231231
-> installed menhirSdk.20231231
-> installed ocplib_stuff.0.4.0
-> installed opam-file-format.2.1.6
-> installed re.1.11.0
-> installed ez_opam_file.0.1.0
-> installed ez_cmdliner.0.4.3
-> installed ez_file.0.3.0
-> installed ez_config.0.2.0
-> installed ocamlfind.1.9.6
-> installed ocamlbuild.0.14.3
-> installed topkg.1.0.7
-> installed ptime.1.1.0
-> installed crunch.3.3.1
-> installed menhir.20231231
-> installed drom_toml.0.8.0
-> installed drom_lib.0.8.0
Done.
# Run eval $(opam env) to update the current shell environment
[01;2m[01;35m2024-06-06 01:46.51 ---> saved as "ee0606ccb244d006958d589d9f27c31468eef6b963dcf97ecfa35fe945e2b005"[0m

[01;34m/home/opam: (run (network host)
                 (shell "(opam reinstall --with-test drom_lib.0.8.0) || true"))[0m
[ERROR] Sorry, resolution of the request timed out.
        Try to specify a more precise request, use a different solver, or increase the allowed time by setting OPAMSOLVERTIMEOUT to a bigger value (currently, it is set to 500.0 seconds).
[01;2m[01;35m2024-06-06 01:55.19 ---> saved as "096a02a74b35b67bcbd235a4859f2becaea2d84ecf980bcc8d3e02c91edee1c9"[0m

[01;34m/home/opam: (run (shell  "opam reinstall --with-test --verbose drom_lib.0.8.0;\
                        \n        res=$?;\
                        \n        test \"$res\" != 31 && exit \"$res\";\
                        \n        export OPAMCLI=2.0;\
                        \n        build_dir=$(opam var prefix)/.opam-switch/build;\
                        \n        failed=$(ls \"$build_dir\");\
                        \n        partial_fails=\"\";\
                        \n        for pkg in $failed; do\
                        \n          if opam show -f x-ci-accept-failures: \"$pkg\" | grep -qF \"\\\"debian-12\\\"\"; then\
                        \n            echo \"A package failed and has been disabled for CI using the 'x-ci-accept-failures' field.\";\
                        \n          fi;\
                        \n          test \"$pkg\" != 'drom_lib.0.8.0' && partial_fails=\"$partial_fails $pkg\";\
                        \n        done;\
                        \n        test \"${partial_fails}\" != \"\" && echo \"opam-repo-ci detected dependencies failing: ${partial_fails}\";\
                        \n        exit 1"))[0m
[ERROR] Sorry, resolution of the request timed out.
        Try to specify a more precise request, use a different solver, or increase the allowed time by setting OPAMSOLVERTIMEOUT to a bigger value (currently, it is set to 500.0 seconds).
'opam reinstall --with-test --verbose drom_lib.0.8.0' failed.
"/usr/bin/env" "bash" "-c" "opam reinstall --with-test --verbose drom_lib.0.8.0;
        res=$?;
        test "$res" != 31 && exit "$res";
        export OPAMCLI=2.0;
        build_dir=$(opam var prefix)/.opam-switch/build;
        failed=$(ls "$build_dir");
        partial_fails="";
        for pkg in $failed; do
          if opam show -f x-ci-accept-failures: "$pkg" | grep -qF "\"debian-12\""; then
            echo "A package failed and has been disabled for CI using the 'x-ci-accept-failures' field.";
          fi;
          test "$pkg" != 'drom_lib.0.8.0' && partial_fails="$partial_fails $pkg";
        done;
        test "${partial_fails}" != "" && echo "opam-repo-ci detected dependencies failing: ${partial_fails}";
        exit 1" failed with exit status 60
2024-06-06 02:04.04: Job failed: Failed: Build failed
2024-06-06 02:04.04: Log analysis:
2024-06-06 02:04.04: >>> 
[ERROR] Sorry, resolution of the request timed out.
 (score = 20)
2024-06-06 02:04.04: >>> 
[ERROR] Sorry, resolution of the request timed out.
 (score = 20)
2024-06-06 02:04.04: Sorry, resolution of the request timed out.
