2024-05-26 12:55.01: New job: test irmin-http.2.6.0 with ocaml-base-compiler.4.14.2, using opam dev
                              from https://github.com/ocaml/opam-repository.git#refs/pull/25861/head (2a4b96b825f7340d75f1b55d791280383ba5a256)
                              on debian-12-ocaml-4.14/amd64

To reproduce locally:

cd $(mktemp -d)
git clone --recursive "https://github.com/ocaml/opam-repository.git" && cd "opam-repository" && git fetch origin "refs/pull/25861/head" && git reset --hard 2a4b96b8
git fetch origin master
git merge --no-edit c61e9068d528d92b1d6ac84a06cf44489b10b835
cat > ../Dockerfile <<'END-OF-DOCKERFILE'
[34mFROM ocaml/opam:debian-12-ocaml-4.14@sha256:575952ac1a1b71568d969fe2b9788c1516c1252dda6ccffdc995036cc8cc9e3b
USER 1000:1000
WORKDIR /home/opam
RUN sudo ln -f /usr/bin/opam-dev /usr/bin/opam
RUN opam init --reinit -ni
RUN uname -rs && opam exec -- ocaml -version && opam --version
ENV OPAMDOWNLOADJOBS="1"
ENV OPAMERRLOGLEN="0"
ENV OPAMSOLVERTIMEOUT="500"
ENV OPAMPRECISETRACKING="1"
ENV CI="true"
ENV OPAM_REPO_CI="true"
RUN rm -rf opam-repository/
COPY --chown=1000:1000 . opam-repository/
RUN opam repository set-url --strict default opam-repository/
RUN opam update --depexts || true
RUN opam pin add -k version -yn ocaml-base-compiler.4.14.2 4.14.2
RUN opam reinstall ocaml-base-compiler.4.14.2; \
    res=$?; \
    test "$res" != 31 && exit "$res"; \
    export OPAMCLI=2.0; \
    build_dir=$(opam var prefix)/.opam-switch/build; \
    failed=$(ls "$build_dir"); \
    partial_fails=""; \
    for pkg in $failed; do \
    if opam show -f x-ci-accept-failures: "$pkg" | grep -qF "\"debian-12\""; then \
    echo "A package failed and has been disabled for CI using the 'x-ci-accept-failures' field."; \
    fi; \
    test "$pkg" != 'ocaml-base-compiler.4.14.2' && partial_fails="$partial_fails $pkg"; \
    done; \
    test "${partial_fails}" != "" && echo "opam-repo-ci detected dependencies failing: ${partial_fails}"; \
    exit 1
RUN opam reinstall irmin-http.2.6.0; \
    res=$?; \
    test "$res" != 31 && exit "$res"; \
    export OPAMCLI=2.0; \
    build_dir=$(opam var prefix)/.opam-switch/build; \
    failed=$(ls "$build_dir"); \
    partial_fails=""; \
    for pkg in $failed; do \
    if opam show -f x-ci-accept-failures: "$pkg" | grep -qF "\"debian-12\""; then \
    echo "A package failed and has been disabled for CI using the 'x-ci-accept-failures' field."; \
    fi; \
    test "$pkg" != 'irmin-http.2.6.0' && partial_fails="$partial_fails $pkg"; \
    done; \
    test "${partial_fails}" != "" && echo "opam-repo-ci detected dependencies failing: ${partial_fails}"; \
    exit 1
RUN (opam reinstall --with-test irmin-http.2.6.0) || true
RUN opam reinstall --with-test --verbose irmin-http.2.6.0; \
    res=$?; \
    test "$res" != 31 && exit "$res"; \
    export OPAMCLI=2.0; \
    build_dir=$(opam var prefix)/.opam-switch/build; \
    failed=$(ls "$build_dir"); \
    partial_fails=""; \
    for pkg in $failed; do \
    if opam show -f x-ci-accept-failures: "$pkg" | grep -qF "\"debian-12\""; then \
    echo "A package failed and has been disabled for CI using the 'x-ci-accept-failures' field."; \
    fi; \
    test "$pkg" != 'irmin-http.2.6.0' && partial_fails="$partial_fails $pkg"; \
    done; \
    test "${partial_fails}" != "" && echo "opam-repo-ci detected dependencies failing: ${partial_fails}"; \
    exit 1
[0m
END-OF-DOCKERFILE
docker build -f ../Dockerfile .

2024-05-26 12:55.01: Using cache hint "ocaml/opam:debian-12-ocaml-4.14@sha256:575952ac1a1b71568d969fe2b9788c1516c1252dda6ccffdc995036cc8cc9e3b-ocaml-base-compiler.4.14.2-irmin-http.2.6.0-2a4b96b825f7340d75f1b55d791280383ba5a256"
2024-05-26 12:55.01: Using OBuilder spec:
((from ocaml/opam:debian-12-ocaml-4.14@sha256:575952ac1a1b71568d969fe2b9788c1516c1252dda6ccffdc995036cc8cc9e3b)
 (user (uid 1000) (gid 1000))
 (workdir /home/opam)
 (run (shell "sudo ln -f /usr/bin/opam-dev /usr/bin/opam"))
 (run (network host)
      (shell "opam init --reinit --config .opamrc-sandbox -ni"))
 (run (shell "uname -rs && opam exec -- ocaml -version && opam --version"))
 (env OPAMDOWNLOADJOBS 1)
 (env OPAMERRLOGLEN 0)
 (env OPAMSOLVERTIMEOUT 500)
 (env OPAMPRECISETRACKING 1)
 (env CI true)
 (env OPAM_REPO_CI true)
 (run (shell "rm -rf opam-repository/"))
 (copy (src .) (dst opam-repository/))
 (run (shell "opam repository set-url --strict default opam-repository/"))
 (run (network host)
      (shell "opam update --depexts || true"))
 (run (shell "opam pin add -k version -yn ocaml-base-compiler.4.14.2 4.14.2"))
 (run (cache (opam-archives (target /home/opam/.opam/download-cache)))
      (network host)
      (shell  "opam reinstall ocaml-base-compiler.4.14.2;\
             \n        res=$?;\
             \n        test \"$res\" != 31 && exit \"$res\";\
             \n        export OPAMCLI=2.0;\
             \n        build_dir=$(opam var prefix)/.opam-switch/build;\
             \n        failed=$(ls \"$build_dir\");\
             \n        partial_fails=\"\";\
             \n        for pkg in $failed; do\
             \n          if opam show -f x-ci-accept-failures: \"$pkg\" | grep -qF \"\\\"debian-12\\\"\"; then\
             \n            echo \"A package failed and has been disabled for CI using the 'x-ci-accept-failures' field.\";\
             \n          fi;\
             \n          test \"$pkg\" != 'ocaml-base-compiler.4.14.2' && partial_fails=\"$partial_fails $pkg\";\
             \n        done;\
             \n        test \"${partial_fails}\" != \"\" && echo \"opam-repo-ci detected dependencies failing: ${partial_fails}\";\
             \n        exit 1"))
 (run (cache (opam-archives (target /home/opam/.opam/download-cache)))
      (network host)
      (shell  "opam reinstall irmin-http.2.6.0;\
             \n        res=$?;\
             \n        test \"$res\" != 31 && exit \"$res\";\
             \n        export OPAMCLI=2.0;\
             \n        build_dir=$(opam var prefix)/.opam-switch/build;\
             \n        failed=$(ls \"$build_dir\");\
             \n        partial_fails=\"\";\
             \n        for pkg in $failed; do\
             \n          if opam show -f x-ci-accept-failures: \"$pkg\" | grep -qF \"\\\"debian-12\\\"\"; then\
             \n            echo \"A package failed and has been disabled for CI using the 'x-ci-accept-failures' field.\";\
             \n          fi;\
             \n          test \"$pkg\" != 'irmin-http.2.6.0' && partial_fails=\"$partial_fails $pkg\";\
             \n        done;\
             \n        test \"${partial_fails}\" != \"\" && echo \"opam-repo-ci detected dependencies failing: ${partial_fails}\";\
             \n        exit 1"))
 (run (network host)
      (shell "(opam reinstall --with-test irmin-http.2.6.0) || true"))
 (run (shell  "opam reinstall --with-test --verbose irmin-http.2.6.0;\
             \n        res=$?;\
             \n        test \"$res\" != 31 && exit \"$res\";\
             \n        export OPAMCLI=2.0;\
             \n        build_dir=$(opam var prefix)/.opam-switch/build;\
             \n        failed=$(ls \"$build_dir\");\
             \n        partial_fails=\"\";\
             \n        for pkg in $failed; do\
             \n          if opam show -f x-ci-accept-failures: \"$pkg\" | grep -qF \"\\\"debian-12\\\"\"; then\
             \n            echo \"A package failed and has been disabled for CI using the 'x-ci-accept-failures' field.\";\
             \n          fi;\
             \n          test \"$pkg\" != 'irmin-http.2.6.0' && partial_fails=\"$partial_fails $pkg\";\
             \n        done;\
             \n        test \"${partial_fails}\" != \"\" && echo \"opam-repo-ci detected dependencies failing: ${partial_fails}\";\
             \n        exit 1"))
)

2024-05-26 12:55.01: Waiting for resource in pool OCluster
2024-05-27 00:42.58: Waiting for worker…
2024-05-27 00:46.59: Got resource from pool OCluster
Building on asteria.caelum.ci.dev
All commits already cached
Updating files:  94% (31982/34007)Updating files:  95% (32307/34007)Updating files:  96% (32647/34007)Updating files:  97% (32987/34007)Updating files:  98% (33327/34007)Updating files:  99% (33667/34007)Updating files: 100% (34007/34007)Updating files: 100% (34007/34007), done.
HEAD is now at c61e9068d5 Merge pull request #25938 from ocaml/mseri-patch-5
Merge made by the 'ort' strategy.
 packages/arch-x86_32/arch-x86_32.1/opam            | 22 ++++++
 packages/arch-x86_64/arch-x86_64.1/opam            | 27 +++++++
 packages/conf-c++/conf-c++.1.0/opam                | 10 ++-
 packages/conf-g++/conf-g++.1.0/opam                | 10 ++-
 .../conf-mingw-w64-gcc-i686.1/opam                 |  4 ++
 .../conf-mingw-w64-gcc-x86_64.1/opam               |  4 ++
 .../conf-mingw-w64-pkgconf-i686.1/opam             |  4 ++
 .../conf-mingw-w64-pkgconf-x86_64.1/opam           |  4 ++
 .../conf-mingw-w64-zstd-i686.1/opam                |  2 +
 .../conf-mingw-w64-zstd-x86_64.1/opam              |  2 +
 packages/conf-pkg-config/conf-pkg-config.3/opam    |  6 +-
 packages/conf-zstd/conf-zstd.1.3.8/opam            | 12 +++-
 packages/host-arch-arm32/host-arch-arm32.1/opam    | 16 +++++
 packages/host-arch-arm64/host-arch-arm64.1/opam    | 16 +++++
 packages/host-arch-ppc64/host-arch-ppc64.1/opam    | 17 +++++
 .../host-arch-riscv64/host-arch-riscv64.1/opam     | 16 +++++
 packages/host-arch-s390x/host-arch-s390x.1/opam    | 17 +++++
 .../host-arch-unknown/host-arch-unknown.1/opam     | 16 +++++
 packages/host-arch-x86_32/host-arch-x86_32.1/opam  | 17 +++++
 packages/host-arch-x86_64/host-arch-x86_64.1/opam  | 17 +++++
 .../host-system-mingw/host-system-mingw.1/opam     | 17 +++++
 packages/host-system-msvc/host-system-msvc.1/opam  | 17 +++++
 .../host-system-other/host-system-other.1/opam     | 15 ++++
 packages/msys2-clang32/msys2-clang32.1/opam        | 17 +++++
 packages/msys2-clang64/msys2-clang64.1/opam        | 17 +++++
 packages/msys2-clangarm64/msys2-clangarm64.1/opam  | 17 +++++
 packages/msys2-mingw32/msys2-mingw32.1/opam        | 17 +++++
 packages/msys2-mingw64/msys2-mingw64.1/opam        | 17 +++++
 packages/msys2-ucrt64/msys2-ucrt64.1/opam          | 17 +++++
 packages/msys2/msys2.0.1.0/opam                    | 83 ++++++++++++++++++++++
 .../ocaml-base-compiler.4.13.0/opam                | 46 +++++++++++-
 .../ocaml-base-compiler.4.13.1/opam                | 46 +++++++++++-
 .../ocaml-base-compiler.4.14.0/opam                | 46 +++++++++++-
 .../ocaml-base-compiler.4.14.1/opam                | 46 +++++++++++-
 .../ocaml-base-compiler.4.14.2/opam                | 46 +++++++++++-
 .../ocaml-base-compiler.5.0.0/opam                 | 42 ++++++++++-
 .../ocaml-base-compiler.5.1.0/opam                 | 40 +++++++++++
 .../ocaml-base-compiler.5.1.1/opam                 | 40 +++++++++++
 .../ocaml-base-compiler.5.2.0/opam                 | 40 +++++++++++
 .../ocaml-base-compiler.5.2.0~alpha1/opam          | 43 ++++++++++-
 .../ocaml-base-compiler.5.2.0~beta1/opam           | 43 ++++++++++-
 .../ocaml-base-compiler.5.2.0~beta2/opam           | 43 ++++++++++-
 .../ocaml-base-compiler.5.2.0~rc1/opam             | 43 ++++++++++-
 packages/ocaml-beta/ocaml-beta.disabled/opam       |  1 +
 packages/ocaml-config/ocaml-config.0/opam          |  3 +-
 packages/ocaml-config/ocaml-config.1/opam          |  3 +-
 packages/ocaml-config/ocaml-config.2/opam          |  2 +
 .../ocaml-mingw32-env/ocaml-mingw32-env.1/opam     | 28 ++++++++
 .../ocaml-mingw64-env/ocaml-mingw64-env.1/opam     | 28 ++++++++
 packages/ocaml-msvc32-env/ocaml-msvc32-env.1/opam  | 38 ++++++++++
 packages/ocaml-msvc64-env/ocaml-msvc64-env.1/opam  | 38 ++++++++++
 .../ocaml-option-32bit/ocaml-option-32bit.1/opam   |  7 ++
 .../ocaml-option-address-sanitizer.1/opam          |  7 ++
 packages/ocaml-option-afl/ocaml-option-afl.1/opam  |  7 ++
 .../ocaml-option-bytecode-only.1/opam              | 15 +++-
 .../ocaml-option-default-unsafe-string.1/opam      |  7 ++
 .../ocaml-option-flambda.1/opam                    |  7 ++
 packages/ocaml-option-fp/ocaml-option-fp.1/opam    |  7 ++
 .../ocaml-option-leak-sanitizer.1/opam             |  7 ++
 .../ocaml-option-mingw/ocaml-option-mingw.1/opam   | 19 +++++
 .../ocaml-option-musl/ocaml-option-musl.1/opam     |  7 ++
 packages/ocaml-option-nnp/ocaml-option-nnp.1/opam  |  7 ++
 .../ocaml-option-nnpchecker.1/opam                 | 10 ++-
 .../ocaml-option-no-compression.1/opam             |  7 ++
 .../ocaml-option-no-flat-float-array.1/opam        |  7 ++
 .../ocaml-option-spacetime.1/opam                  |  7 ++
 .../ocaml-option-static/ocaml-option-static.1/opam |  7 ++
 .../ocaml-option-tsan/ocaml-option-tsan.1/opam     |  8 +++
 .../ocaml-options-only-afl.1/opam                  |  8 +++
 .../ocaml-options-only-flambda-fp.1/opam           |  8 +++
 .../ocaml-options-only-flambda.1/opam              |  8 +++
 .../ocaml-options-only-fp.1/opam                   |  8 +++
 .../ocaml-options-only-nnp.1/opam                  |  8 +++
 .../ocaml-options-only-nnpchecker.1/opam           |  8 +++
 .../opam                                           |  8 +++
 .../ocaml-options-only-no-flat-float-array.1/opam  |  8 +++
 .../ocaml-options-only-tsan.1/opam                 |  8 +++
 .../ocaml-options-vanilla.1/opam                   | 16 ++++-
 packages/ocaml-system/ocaml-system.4.13.0/opam     | 39 +++++++++-
 packages/ocaml-system/ocaml-system.4.13.1/opam     | 39 +++++++++-
 packages/ocaml-system/ocaml-system.4.14.0/opam     | 39 +++++++++-
 packages/ocaml-system/ocaml-system.4.14.1/opam     | 39 +++++++++-
 packages/ocaml-system/ocaml-system.4.14.2/opam     | 39 +++++++++-
 packages/ocaml-system/ocaml-system.5.0.0/opam      | 40 ++++++++++-
 packages/ocaml-system/ocaml-system.5.1.0/opam      | 42 ++++++++++-
 packages/ocaml-system/ocaml-system.5.1.1/opam      | 42 ++++++++++-
 packages/ocaml-system/ocaml-system.5.2.0/opam      | 42 ++++++++++-
 .../ocaml-variants.4.13.0+options/opam             | 43 +++++++++++
 .../ocaml-variants.4.13.1+options/opam             | 43 +++++++++++
 .../ocaml-variants.4.13.2+trunk/opam               | 44 ++++++++++++
 .../ocaml-variants.4.14.0+options/opam             | 43 +++++++++++
 .../ocaml-variants.4.14.1+options/opam             | 43 +++++++++++
 .../ocaml-variants.4.14.2+options/opam             | 43 +++++++++++
 .../ocaml-variants.4.14.3+trunk/opam               | 44 ++++++++++++
 .../ocaml-variants.5.0.0+options/opam              | 46 +++++++++++-
 .../ocaml-variants/ocaml-variants.5.0.1+trunk/opam | 48 ++++++++++++-
 .../ocaml-variants.5.1.0+options/opam              | 45 +++++++++++-
 .../ocaml-variants.5.1.1+effect-syntax/opam        | 46 +++++++++++-
 .../ocaml-variants.5.1.1+options/opam              | 45 +++++++++++-
 .../ocaml-variants/ocaml-variants.5.1.2+trunk/opam | 61 +++++++++++-----
 .../ocaml-variants.5.2.0+options/opam              | 43 +++++++++++
 .../ocaml-variants.5.2.0+statmemprof/opam          | 46 +++++++++++-
 .../ocaml-variants.5.2.0~alpha1+options/opam       | 46 +++++++++++-
 .../ocaml-variants.5.2.0~beta1+options/opam        | 46 +++++++++++-
 .../ocaml-variants.5.2.0~beta2+options/opam        | 46 +++++++++++-
 .../ocaml-variants.5.2.0~rc1+options/opam          | 46 +++++++++++-
 .../ocaml-variants/ocaml-variants.5.2.1+trunk/opam | 46 +++++++++++-
 .../ocaml-variants/ocaml-variants.5.3.0+trunk/opam | 49 ++++++++++++-
 packages/ocaml/ocaml.4.13.0/opam                   |  3 +
 packages/ocaml/ocaml.4.13.1/opam                   |  3 +
 packages/ocaml/ocaml.4.13.2/opam                   |  3 +
 packages/ocaml/ocaml.4.14.0/opam                   |  3 +
 packages/ocaml/ocaml.4.14.1/opam                   |  3 +
 packages/ocaml/ocaml.4.14.2/opam                   |  3 +
 packages/ocaml/ocaml.4.14.3/opam                   |  3 +
 packages/ocaml/ocaml.5.0.0/opam                    |  3 +
 packages/ocaml/ocaml.5.0.1/opam                    |  3 +
 packages/ocaml/ocaml.5.1.0/opam                    |  3 +
 packages/ocaml/ocaml.5.1.1/opam                    |  3 +
 packages/ocaml/ocaml.5.1.2/opam                    |  3 +
 packages/ocaml/ocaml.5.2.0/opam                    |  3 +
 packages/ocaml/ocaml.5.3.0/opam                    |  3 +
 packages/system-mingw/system-mingw.1/opam          | 20 ++++++
 packages/system-msvc/system-msvc.1/opam            | 20 ++++++
 124 files changed, 2746 insertions(+), 68 deletions(-)
 create mode 100644 packages/arch-x86_32/arch-x86_32.1/opam
 create mode 100644 packages/arch-x86_64/arch-x86_64.1/opam
 create mode 100644 packages/host-arch-arm32/host-arch-arm32.1/opam
 create mode 100644 packages/host-arch-arm64/host-arch-arm64.1/opam
 create mode 100644 packages/host-arch-ppc64/host-arch-ppc64.1/opam
 create mode 100644 packages/host-arch-riscv64/host-arch-riscv64.1/opam
 create mode 100644 packages/host-arch-s390x/host-arch-s390x.1/opam
 create mode 100644 packages/host-arch-unknown/host-arch-unknown.1/opam
 create mode 100644 packages/host-arch-x86_32/host-arch-x86_32.1/opam
 create mode 100644 packages/host-arch-x86_64/host-arch-x86_64.1/opam
 create mode 100644 packages/host-system-mingw/host-system-mingw.1/opam
 create mode 100644 packages/host-system-msvc/host-system-msvc.1/opam
 create mode 100644 packages/host-system-other/host-system-other.1/opam
 create mode 100644 packages/msys2-clang32/msys2-clang32.1/opam
 create mode 100644 packages/msys2-clang64/msys2-clang64.1/opam
 create mode 100644 packages/msys2-clangarm64/msys2-clangarm64.1/opam
 create mode 100644 packages/msys2-mingw32/msys2-mingw32.1/opam
 create mode 100644 packages/msys2-mingw64/msys2-mingw64.1/opam
 create mode 100644 packages/msys2-ucrt64/msys2-ucrt64.1/opam
 create mode 100644 packages/msys2/msys2.0.1.0/opam
 create mode 100644 packages/ocaml-mingw32-env/ocaml-mingw32-env.1/opam
 create mode 100644 packages/ocaml-mingw64-env/ocaml-mingw64-env.1/opam
 create mode 100644 packages/ocaml-msvc32-env/ocaml-msvc32-env.1/opam
 create mode 100644 packages/ocaml-msvc64-env/ocaml-msvc64-env.1/opam
 create mode 100644 packages/ocaml-option-mingw/ocaml-option-mingw.1/opam
 create mode 100644 packages/system-mingw/system-mingw.1/opam
 create mode 100644 packages/system-msvc/system-msvc.1/opam

[01;34m(from ocaml/opam:debian-12-ocaml-4.14@sha256:575952ac1a1b71568d969fe2b9788c1516c1252dda6ccffdc995036cc8cc9e3b)[0m
[01;2m[01;35m2024-05-27 00:48.04 ---> using "b70a2807c2cfb3c5680f4fafeddd66a33d7dcdd9d48b1543e8642b8df113fdbf" from cache[0m

[01;34m/: (user (uid 1000) (gid 1000))[0m

[01;34m/: (workdir /home/opam)[0m

[01;34m/home/opam: (run (shell "sudo ln -f /usr/bin/opam-dev /usr/bin/opam"))[0m
[01;2m[01;35m2024-05-27 00:48.04 ---> using "c36f90ecff164603a21017340adb790a2f028b93271d75cce805aa2725f2c474" from cache[0m

[01;34m/home/opam: (run (network host)
                 (shell "opam init --reinit --config .opamrc-sandbox -ni"))[0m
Configuring from /home/opam/.opamrc-sandbox, then /home/opam/.opamrc, and finally from built-in defaults.
Checking for available remotes: rsync and local, git.
  - you won't be able to use mercurial repositories unless you install the hg command on your system.
  - you won't be able to use darcs repositories unless you install the darcs command on your system.

This development version of opam requires an update to the layout of /home/opam/.opam from version 2.0 to version 2.2~beta, which can't be reverted.
You may want to back it up before going further.

Continue? [y/n] y
[NOTE] The 'jobs' option was reset, its value was 39 and its new value will vary according to the current number of cores on your machine. You can restore the fixed value using:
           opam option jobs=39 --global
Format upgrade done.

<><> Updating repositories ><><><><><><><><><><><><><><><><><><><><><><><><><><>
[default] synchronised from file:///home/opam/opam-repository
[01;2m[01;35m2024-05-27 00:48.04 ---> using "41ba59c52c751987091a990bfc68743f47f1d48b58a0242e92679239747c0a38" from cache[0m

[01;34m/home/opam: (run (shell "uname -rs && opam exec -- ocaml -version && opam --version"))[0m
Linux 5.15.0-107-generic
The OCaml toplevel, version 4.14.2
2.2.0~beta3~dev
[01;2m[01;35m2024-05-27 00:48.04 ---> using "43177bf724d2ad14c3885c9e8604bf82de09a17c5632804082eaf00f00843b27" from cache[0m

[01;34m/home/opam: (env OPAMDOWNLOADJOBS 1)[0m

[01;34m/home/opam: (env OPAMERRLOGLEN 0)[0m

[01;34m/home/opam: (env OPAMSOLVERTIMEOUT 500)[0m

[01;34m/home/opam: (env OPAMPRECISETRACKING 1)[0m

[01;34m/home/opam: (env CI true)[0m

[01;34m/home/opam: (env OPAM_REPO_CI true)[0m

[01;34m/home/opam: (run (shell "rm -rf opam-repository/"))[0m
[01;2m[01;35m2024-05-27 00:48.04 ---> using "dc5d5a1631518083bf7b71a8bbeb70067bb1c0e264ce14940be3414232922413" from cache[0m

[01;34m/home/opam: (copy (src .) (dst opam-repository/))[0m
[01;2m[01;35m2024-05-27 00:48.05 ---> using "190cc024e33037c9c944692f38ff21b1893eff2a4db0f9162d9ec08c91625fec" from cache[0m

[01;34m/home/opam: (run (shell "opam repository set-url --strict default opam-repository/"))[0m
[default] Initialised
[01;2m[01;35m2024-05-27 00:48.05 ---> using "aab20379ad2b8b29656044b0a98b34a84bb7d19c203680d8f7aeab14c90c96b6" from cache[0m

[01;34m/home/opam: (run (network host)
                 (shell "opam update --depexts || true"))[0m
+ /usr/bin/sudo "apt-get" "update"
- Hit:1 http://deb.debian.org/debian bookworm InRelease
- Get:2 http://deb.debian.org/debian bookworm-updates InRelease [55.4 kB]
- Get:3 http://deb.debian.org/debian-security bookworm-security InRelease [48.0 kB]
- Get:4 http://deb.debian.org/debian-security bookworm-security/main amd64 Packages [157 kB]
- Fetched 260 kB in 0s (939 kB/s)
- Reading package lists...
[01;2m[01;35m2024-05-27 00:48.05 ---> using "10c13a9558836720253f9ae50218e69220cf8643c2ce21b398c21140dd97cd00" from cache[0m

[01;34m/home/opam: (run (shell "opam pin add -k version -yn ocaml-base-compiler.4.14.2 4.14.2"))[0m
[NOTE] Pinning unchanged
ocaml-base-compiler is now pinned to version 4.14.2
[01;2m[01;35m2024-05-27 00:48.05 ---> using "1bde8095d57d57c41b9d58316f20004fd3507db97e02d025ad44c0603a27f2bc" from cache[0m

[01;34m/home/opam: (run (cache (opam-archives (target /home/opam/.opam/download-cache)))
                 (network host)
                 (shell  "opam reinstall ocaml-base-compiler.4.14.2;\
                        \n        res=$?;\
                        \n        test \"$res\" != 31 && exit \"$res\";\
                        \n        export OPAMCLI=2.0;\
                        \n        build_dir=$(opam var prefix)/.opam-switch/build;\
                        \n        failed=$(ls \"$build_dir\");\
                        \n        partial_fails=\"\";\
                        \n        for pkg in $failed; do\
                        \n          if opam show -f x-ci-accept-failures: \"$pkg\" | grep -qF \"\\\"debian-12\\\"\"; then\
                        \n            echo \"A package failed and has been disabled for CI using the 'x-ci-accept-failures' field.\";\
                        \n          fi;\
                        \n          test \"$pkg\" != 'ocaml-base-compiler.4.14.2' && partial_fails=\"$partial_fails $pkg\";\
                        \n        done;\
                        \n        test \"${partial_fails}\" != \"\" && echo \"opam-repo-ci detected dependencies failing: ${partial_fails}\";\
                        \n        exit 1"))[0m
The following actions will be performed:
=== recompile 4 packages
  - recompile ocaml               4.14.2          [uses ocaml-base-compiler]
  - recompile ocaml-base-compiler 4.14.2 (pinned)
  - recompile ocaml-config        2               [uses ocaml-base-compiler]
  - recompile opam-depext         1.2.1-1         [uses ocaml]
=== install 2 packages
  - install   host-arch-x86_64    1
  - install   host-system-other   1

<><> Processing actions <><><><><><><><><><><><><><><><><><><><><><><><><><><><>
-> installed host-arch-x86_64.1
-> installed host-system-other.1
-> retrieved ocaml-base-compiler.4.14.2  (cached)
-> retrieved opam-depext.1.2.1-1  (cached)
-> removed   opam-depext.1.2.1-1
-> removed   ocaml.4.14.2
-> removed   ocaml-config.2
-> removed   ocaml-base-compiler.4.14.2
-> installed ocaml-base-compiler.4.14.2
-> installed ocaml-config.2
-> installed ocaml.4.14.2
-> installed opam-depext.1.2.1-1
Done.

<><> opam-depext.1.2.1-1 installed successfully <><><><><><><><><><><><><><><><>
=> opam-depext is unnecessary when used with opam >= 2.1. Please use opam install directly instead
# Run eval $(opam env) to update the current shell environment
[01;2m[01;35m2024-05-27 00:48.05 ---> using "0cb4d6c35c8b5a095cfe9706a9036fa3a5e28409288fe6d50d83516ce9e76680" from cache[0m

[01;34m/home/opam: (run (cache (opam-archives (target /home/opam/.opam/download-cache)))
                 (network host)
                 (shell  "opam reinstall irmin-http.2.6.0;\
                        \n        res=$?;\
                        \n        test \"$res\" != 31 && exit \"$res\";\
                        \n        export OPAMCLI=2.0;\
                        \n        build_dir=$(opam var prefix)/.opam-switch/build;\
                        \n        failed=$(ls \"$build_dir\");\
                        \n        partial_fails=\"\";\
                        \n        for pkg in $failed; do\
                        \n          if opam show -f x-ci-accept-failures: \"$pkg\" | grep -qF \"\\\"debian-12\\\"\"; then\
                        \n            echo \"A package failed and has been disabled for CI using the 'x-ci-accept-failures' field.\";\
                        \n          fi;\
                        \n          test \"$pkg\" != 'irmin-http.2.6.0' && partial_fails=\"$partial_fails $pkg\";\
                        \n        done;\
                        \n        test \"${partial_fails}\" != \"\" && echo \"opam-repo-ci detected dependencies failing: ${partial_fails}\";\
                        \n        exit 1"))[0m
irmin-http.2.6.0 is not installed. Install it? [y/n] y
The following actions will be performed:
=== install 52 packages
  - install angstrom            0.16.0  [required by uri]
  - install astring             0.8.5   [required by irmin-http]
  - install base                v0.16.3 [required by ppx_sexp_conv]
  - install base-bytes          base    [required by cohttp]
  - install base64              3.5.1   [required by cohttp]
  - install bheap               2.0.0   [required by irmin]
  - install bigstringaf         0.9.1   [required by angstrom]
  - install cmdliner            1.3.0   [required by crunch]
  - install cohttp              5.3.1   [required by irmin-http]
  - install cohttp-lwt          5.3.0   [required by irmin-http]
  - install conf-bash           1       [required by base]
  - install cppo                1.6.9   [required by lwt]
  - install crunch              3.3.1   [required by irmin-http]
  - install csexp               1.5.2   [required by dune-configurator]
  - install cstruct             6.2.0   [required by eqaf]
  - install digestif            1.2.0   [required by irmin]
  - install dispatch            0.5.0   [required by webmachine]
  - install dune                3.15.3  [required by irmin-http]
  - install dune-configurator   3.15.3  [required by base, lwt]
  - install either              1.0.0   [required by repr]
  - install eqaf                0.9     [required by digestif]
  - install fmt                 0.9.0   [required by irmin-http]
  - install irmin               2.6.0   [required by irmin-http]
  - install irmin-http          2.6.0
  - install jsonm               1.0.2   [required by irmin-http]
  - install logs                0.7.0   [required by irmin-http]
  - install lwt                 5.7.0   [required by irmin-http]
  - install ocaml-compiler-libs v0.12.4 [required by ppxlib]
  - install ocaml-syntax-shims  1.0.0   [required by angstrom]
  - install ocamlbuild          0.14.3  [required by astring]
  - install ocamlfind           1.9.6   [required by astring]
  - install ocamlgraph          2.1.0   [required by irmin]
  - install ocplib-endian       1.2     [required by lwt]
  - install ppx_derivers        1.2.1   [required by ppxlib]
  - install ppx_deriving        5.2.1   [required by ppx_repr]
  - install ppx_irmin           2.6.0   [required by irmin-http]
  - install ppx_repr            0.3.0   [required by ppx_irmin]
  - install ppx_sexp_conv       v0.16.0 [required by cohttp, cohttp-lwt]
  - install ppxlib              0.32.1  [required by ppx_sexp_conv]
  - install ptime               1.1.0   [required by crunch, webmachine]
  - install re                  1.11.0  [required by cohttp, webmachine]
  - install repr                0.3.0   [required by irmin]
  - install result              1.5     [required by dispatch]
  - install seq                 base    [required by re]
  - install sexplib0            v0.16.0 [required by cohttp, cohttp-lwt]
  - install stdlib-shims        0.3.0   [required by ocamlgraph]
  - install stringext           1.6.0   [required by cohttp]
  - install topkg               1.0.7   [required by astring]
  - install uri                 4.4.0   [required by irmin-http]
  - install uri-sexp            4.4.0   [required by cohttp]
  - install uutf                1.0.3   [required by irmin]
  - install webmachine          0.7.0   [required by irmin-http]

<><> Processing actions <><><><><><><><><><><><><><><><><><><><><><><><><><><><>
-> retrieved angstrom.0.16.0  (cached)
-> retrieved astring.0.8.5  (cached)
-> retrieved base.v0.16.3  (cached)
-> retrieved base64.3.5.1  (cached)
-> retrieved bheap.2.0.0  (cached)
-> retrieved bigstringaf.0.9.1  (cached)
-> retrieved cmdliner.1.3.0  (cached)
-> retrieved cohttp.5.3.1  (cached)
-> retrieved cohttp-lwt.5.3.0  (cached)
-> retrieved cppo.1.6.9  (cached)
-> retrieved crunch.3.3.1  (cached)
-> retrieved csexp.1.5.2  (cached)
-> installed conf-bash.1
-> retrieved cstruct.6.2.0  (cached)
-> retrieved digestif.1.2.0  (cached)
-> retrieved dispatch.0.5.0  (cached)
-> retrieved dune.3.15.3, dune-configurator.3.15.3  (cached)
-> retrieved either.1.0.0  (cached)
-> retrieved eqaf.0.9  (cached)
-> retrieved fmt.0.9.0  (cached)
-> retrieved irmin.2.6.0, irmin-http.2.6.0, ppx_irmin.2.6.0  (cached)
-> installed cmdliner.1.3.0
-> retrieved jsonm.1.0.2  (cached)
-> retrieved logs.0.7.0  (cached)
-> retrieved lwt.5.7.0  (cached)
-> retrieved ocaml-compiler-libs.v0.12.4  (cached)
-> retrieved ocaml-syntax-shims.1.0.0  (cached)
-> retrieved ocamlbuild.0.14.3  (cached)
-> retrieved ocamlfind.1.9.6  (cached)
-> retrieved ocamlgraph.2.1.0  (cached)
-> retrieved ocplib-endian.1.2  (cached)
-> retrieved ppx_derivers.1.2.1  (cached)
-> retrieved ppx_deriving.5.2.1  (cached)
-> retrieved ppx_repr.0.3.0, repr.0.3.0  (cached)
-> retrieved ppx_sexp_conv.v0.16.0  (cached)
-> retrieved ppxlib.0.32.1  (cached)
-> retrieved ptime.1.1.0  (cached)
-> retrieved re.1.11.0  (cached)
-> retrieved result.1.5  (cached)
-> installed seq.base
-> retrieved sexplib0.v0.16.0  (cached)
-> retrieved stdlib-shims.0.3.0  (cached)
-> retrieved stringext.1.6.0  (cached)
-> retrieved topkg.1.0.7  (cached)
-> retrieved uri.4.4.0, uri-sexp.4.4.0  (cached)
-> retrieved uutf.1.0.3  (cached)
-> retrieved webmachine.0.7.0  (cached)
-> installed ocamlfind.1.9.6
-> installed base-bytes.base
-> installed ocamlbuild.0.14.3
-> installed topkg.1.0.7
-> installed uutf.1.0.3
-> installed fmt.0.9.0
-> installed ptime.1.1.0
-> installed astring.0.8.5
-> installed jsonm.1.0.2
-> installed dune.3.15.3
-> installed bheap.2.0.0
-> installed csexp.1.5.2
-> installed base64.3.5.1
-> installed cppo.1.6.9
-> installed crunch.3.3.1
-> installed cstruct.6.2.0
-> installed either.1.0.0
-> installed ocaml-compiler-libs.v0.12.4
-> installed ocaml-syntax-shims.1.0.0
-> installed ppx_derivers.1.2.1
-> installed re.1.11.0
-> installed result.1.5
-> installed sexplib0.v0.16.0
-> installed stdlib-shims.0.3.0
-> installed stringext.1.6.0
-> installed dispatch.0.5.0
-> installed ocplib-endian.1.2
-> installed eqaf.0.9
-> installed repr.0.3.0
-> installed digestif.1.2.0
-> installed dune-configurator.3.15.3
-> installed ocamlgraph.2.1.0
-> installed bigstringaf.0.9.1
-> installed angstrom.0.16.0
-> installed uri.4.4.0
-> installed lwt.5.7.0
-> installed logs.0.7.0
-> installed base.v0.16.3
-> installed ppxlib.0.32.1
-> installed ppx_sexp_conv.v0.16.0
-> installed ppx_deriving.5.2.1
-> installed uri-sexp.4.4.0
-> installed ppx_repr.0.3.0
-> installed ppx_irmin.2.6.0
-> installed cohttp.5.3.1
-> installed webmachine.0.7.0
-> installed cohttp-lwt.5.3.0
-> installed irmin.2.6.0
-> installed irmin-http.2.6.0
Done.
# Run eval $(opam env) to update the current shell environment
[01;2m[01;35m2024-05-27 00:49.05 ---> saved as "6345dd12eb5b9786fbcf6d16b9ecd6d8937ee3bc0fe361ea5770a5bcc28c0ab5"[0m

[01;34m/home/opam: (run (network host)
                 (shell "(opam reinstall --with-test irmin-http.2.6.0) || true"))[0m
[ERROR] Sorry, resolution of the request timed out.
        Try to specify a more precise request, use a different solver, or increase the allowed time by setting OPAMSOLVERTIMEOUT to a bigger value (currently, it is set to 500.0 seconds).
[01;2m[01;35m2024-05-27 00:57.41 ---> saved as "ceaeb0f9ba8487c072425777c4213f994ff03d53f44d072b134cec4afbf11d60"[0m

[01;34m/home/opam: (run (shell  "opam reinstall --with-test --verbose irmin-http.2.6.0;\
                        \n        res=$?;\
                        \n        test \"$res\" != 31 && exit \"$res\";\
                        \n        export OPAMCLI=2.0;\
                        \n        build_dir=$(opam var prefix)/.opam-switch/build;\
                        \n        failed=$(ls \"$build_dir\");\
                        \n        partial_fails=\"\";\
                        \n        for pkg in $failed; do\
                        \n          if opam show -f x-ci-accept-failures: \"$pkg\" | grep -qF \"\\\"debian-12\\\"\"; then\
                        \n            echo \"A package failed and has been disabled for CI using the 'x-ci-accept-failures' field.\";\
                        \n          fi;\
                        \n          test \"$pkg\" != 'irmin-http.2.6.0' && partial_fails=\"$partial_fails $pkg\";\
                        \n        done;\
                        \n        test \"${partial_fails}\" != \"\" && echo \"opam-repo-ci detected dependencies failing: ${partial_fails}\";\
                        \n        exit 1"))[0m
[ERROR] Sorry, resolution of the request timed out.
        Try to specify a more precise request, use a different solver, or increase the allowed time by setting OPAMSOLVERTIMEOUT to a bigger value (currently, it is set to 500.0 seconds).
'opam reinstall --with-test --verbose irmin-http.2.6.0' failed.
"/usr/bin/env" "bash" "-c" "opam reinstall --with-test --verbose irmin-http.2.6.0;
        res=$?;
        test "$res" != 31 && exit "$res";
        export OPAMCLI=2.0;
        build_dir=$(opam var prefix)/.opam-switch/build;
        failed=$(ls "$build_dir");
        partial_fails="";
        for pkg in $failed; do
          if opam show -f x-ci-accept-failures: "$pkg" | grep -qF "\"debian-12\""; then
            echo "A package failed and has been disabled for CI using the 'x-ci-accept-failures' field.";
          fi;
          test "$pkg" != 'irmin-http.2.6.0' && partial_fails="$partial_fails $pkg";
        done;
        test "${partial_fails}" != "" && echo "opam-repo-ci detected dependencies failing: ${partial_fails}";
        exit 1" failed with exit status 60
2024-05-27 01:06.51: Job failed: Failed: Build failed
2024-05-27 01:06.51: Log analysis:
2024-05-27 01:06.51: >>> 
[ERROR] Sorry, resolution of the request timed out.
 (score = 20)
2024-05-27 01:06.51: >>> 
[ERROR] Sorry, resolution of the request timed out.
 (score = 20)
2024-05-27 01:06.51: Sorry, resolution of the request timed out.
