2024-05-26 14:12.18: New job: test js_of_ocaml-toplevel.5.8.2, using opam dev
                              from https://github.com/ocaml/opam-repository.git#refs/pull/25940/head (a04dbcb3f84046c24daa89593b0c4e0b130d76ec)
                              on debian-12-ocaml-4.14/s390x

To reproduce locally:

cd $(mktemp -d)
git clone --recursive "https://github.com/ocaml/opam-repository.git" && cd "opam-repository" && git fetch origin "refs/pull/25940/head" && git reset --hard a04dbcb3
git fetch origin master
git merge --no-edit c61e9068d528d92b1d6ac84a06cf44489b10b835
cat > ../Dockerfile <<'END-OF-DOCKERFILE'
[34mFROM ocaml/opam:debian-12-ocaml-4.14@sha256:6215f5faef384383e4454b98d8e4711b2cd759f479481493ec549951e239106c
USER 1000:1000
WORKDIR /home/opam
RUN sudo ln -f /usr/bin/opam-dev /usr/bin/opam
RUN opam init --reinit -ni
RUN uname -rs && opam exec -- ocaml -version && opam --version
ENV OPAMDOWNLOADJOBS="1"
ENV OPAMERRLOGLEN="0"
ENV OPAMSOLVERTIMEOUT="500"
ENV OPAMPRECISETRACKING="1"
ENV CI="true"
ENV OPAM_REPO_CI="true"
RUN rm -rf opam-repository/
COPY --chown=1000:1000 . opam-repository/
RUN opam repository set-url --strict default opam-repository/
RUN opam update --depexts || true
RUN opam pin add -k version -yn js_of_ocaml-toplevel.5.8.2 5.8.2
RUN opam reinstall js_of_ocaml-toplevel.5.8.2; \
    res=$?; \
    test "$res" != 31 && exit "$res"; \
    export OPAMCLI=2.0; \
    build_dir=$(opam var prefix)/.opam-switch/build; \
    failed=$(ls "$build_dir"); \
    partial_fails=""; \
    for pkg in $failed; do \
    if opam show -f x-ci-accept-failures: "$pkg" | grep -qF "\"debian-12\""; then \
    echo "A package failed and has been disabled for CI using the 'x-ci-accept-failures' field."; \
    fi; \
    test "$pkg" != 'js_of_ocaml-toplevel.5.8.2' && partial_fails="$partial_fails $pkg"; \
    done; \
    test "${partial_fails}" != "" && echo "opam-repo-ci detected dependencies failing: ${partial_fails}"; \
    exit 1
RUN (opam reinstall --with-test js_of_ocaml-toplevel.5.8.2) || true
RUN opam reinstall --with-test --verbose js_of_ocaml-toplevel.5.8.2; \
    res=$?; \
    test "$res" != 31 && exit "$res"; \
    export OPAMCLI=2.0; \
    build_dir=$(opam var prefix)/.opam-switch/build; \
    failed=$(ls "$build_dir"); \
    partial_fails=""; \
    for pkg in $failed; do \
    if opam show -f x-ci-accept-failures: "$pkg" | grep -qF "\"debian-12\""; then \
    echo "A package failed and has been disabled for CI using the 'x-ci-accept-failures' field."; \
    fi; \
    test "$pkg" != 'js_of_ocaml-toplevel.5.8.2' && partial_fails="$partial_fails $pkg"; \
    done; \
    test "${partial_fails}" != "" && echo "opam-repo-ci detected dependencies failing: ${partial_fails}"; \
    exit 1
[0m
END-OF-DOCKERFILE
docker build -f ../Dockerfile .

2024-05-26 14:12.18: Using cache hint "ocaml/opam:debian-12-ocaml-4.14@sha256:6215f5faef384383e4454b98d8e4711b2cd759f479481493ec549951e239106c-js_of_ocaml-toplevel.5.8.2-a04dbcb3f84046c24daa89593b0c4e0b130d76ec"
2024-05-26 14:12.18: Using OBuilder spec:
((from ocaml/opam:debian-12-ocaml-4.14@sha256:6215f5faef384383e4454b98d8e4711b2cd759f479481493ec549951e239106c)
 (user (uid 1000) (gid 1000))
 (workdir /home/opam)
 (run (shell "sudo ln -f /usr/bin/opam-dev /usr/bin/opam"))
 (run (network host)
      (shell "opam init --reinit --config .opamrc-sandbox -ni"))
 (run (shell "uname -rs && opam exec -- ocaml -version && opam --version"))
 (env OPAMDOWNLOADJOBS 1)
 (env OPAMERRLOGLEN 0)
 (env OPAMSOLVERTIMEOUT 500)
 (env OPAMPRECISETRACKING 1)
 (env CI true)
 (env OPAM_REPO_CI true)
 (run (shell "rm -rf opam-repository/"))
 (copy (src .) (dst opam-repository/))
 (run (shell "opam repository set-url --strict default opam-repository/"))
 (run (network host)
      (shell "opam update --depexts || true"))
 (run (shell "opam pin add -k version -yn js_of_ocaml-toplevel.5.8.2 5.8.2"))
 (run (cache (opam-archives (target /home/opam/.opam/download-cache)))
      (network host)
      (shell  "opam reinstall js_of_ocaml-toplevel.5.8.2;\
             \n        res=$?;\
             \n        test \"$res\" != 31 && exit \"$res\";\
             \n        export OPAMCLI=2.0;\
             \n        build_dir=$(opam var prefix)/.opam-switch/build;\
             \n        failed=$(ls \"$build_dir\");\
             \n        partial_fails=\"\";\
             \n        for pkg in $failed; do\
             \n          if opam show -f x-ci-accept-failures: \"$pkg\" | grep -qF \"\\\"debian-12\\\"\"; then\
             \n            echo \"A package failed and has been disabled for CI using the 'x-ci-accept-failures' field.\";\
             \n          fi;\
             \n          test \"$pkg\" != 'js_of_ocaml-toplevel.5.8.2' && partial_fails=\"$partial_fails $pkg\";\
             \n        done;\
             \n        test \"${partial_fails}\" != \"\" && echo \"opam-repo-ci detected dependencies failing: ${partial_fails}\";\
             \n        exit 1"))
 (run (network host)
      (shell "(opam reinstall --with-test js_of_ocaml-toplevel.5.8.2) || true"))
 (run (shell  "opam reinstall --with-test --verbose js_of_ocaml-toplevel.5.8.2;\
             \n        res=$?;\
             \n        test \"$res\" != 31 && exit \"$res\";\
             \n        export OPAMCLI=2.0;\
             \n        build_dir=$(opam var prefix)/.opam-switch/build;\
             \n        failed=$(ls \"$build_dir\");\
             \n        partial_fails=\"\";\
             \n        for pkg in $failed; do\
             \n          if opam show -f x-ci-accept-failures: \"$pkg\" | grep -qF \"\\\"debian-12\\\"\"; then\
             \n            echo \"A package failed and has been disabled for CI using the 'x-ci-accept-failures' field.\";\
             \n          fi;\
             \n          test \"$pkg\" != 'js_of_ocaml-toplevel.5.8.2' && partial_fails=\"$partial_fails $pkg\";\
             \n        done;\
             \n        test \"${partial_fails}\" != \"\" && echo \"opam-repo-ci detected dependencies failing: ${partial_fails}\";\
             \n        exit 1"))
)

2024-05-26 14:12.18: Waiting for resource in pool OCluster
2024-05-26 14:12.18: Waiting for worker…
2024-05-26 14:25.39: Got resource from pool OCluster
Building on s390x-worker-01.marist.ci.dev
All commits already cached
Updating files:  89% (30281/33987)Updating files:  90% (30589/33987)Updating files:  91% (30929/33987)Updating files:  92% (31269/33987)Updating files:  93% (31608/33987)Updating files:  94% (31948/33987)Updating files:  95% (32288/33987)Updating files:  96% (32628/33987)Updating files:  97% (32968/33987)Updating files:  98% (33308/33987)Updating files:  99% (33648/33987)Updating files: 100% (33987/33987)Updating files: 100% (33987/33987), done.
HEAD is now at c61e9068d5 Merge pull request #25938 from ocaml/mseri-patch-5
Updating c61e9068d5..a04dbcb3f8
Fast-forward
 .../js_of_ocaml-compiler.5.8.2/opam                | 55 ++++++++++++++++++++++
 .../js_of_ocaml-lwt/js_of_ocaml-lwt.5.8.2/opam     | 48 +++++++++++++++++++
 .../js_of_ocaml-ppx/js_of_ocaml-ppx.5.8.2/opam     | 45 ++++++++++++++++++
 .../js_of_ocaml-ppx_deriving_json.5.8.2/opam       | 45 ++++++++++++++++++
 .../js_of_ocaml-toplevel.5.8.2/opam                | 48 +++++++++++++++++++
 .../js_of_ocaml-tyxml/js_of_ocaml-tyxml.5.8.2/opam | 49 +++++++++++++++++++
 packages/js_of_ocaml/js_of_ocaml.5.8.2/opam        | 45 ++++++++++++++++++
 7 files changed, 335 insertions(+)
 create mode 100644 packages/js_of_ocaml-compiler/js_of_ocaml-compiler.5.8.2/opam
 create mode 100644 packages/js_of_ocaml-lwt/js_of_ocaml-lwt.5.8.2/opam
 create mode 100644 packages/js_of_ocaml-ppx/js_of_ocaml-ppx.5.8.2/opam
 create mode 100644 packages/js_of_ocaml-ppx_deriving_json/js_of_ocaml-ppx_deriving_json.5.8.2/opam
 create mode 100644 packages/js_of_ocaml-toplevel/js_of_ocaml-toplevel.5.8.2/opam
 create mode 100644 packages/js_of_ocaml-tyxml/js_of_ocaml-tyxml.5.8.2/opam
 create mode 100644 packages/js_of_ocaml/js_of_ocaml.5.8.2/opam

[01;34m(from ocaml/opam:debian-12-ocaml-4.14@sha256:6215f5faef384383e4454b98d8e4711b2cd759f479481493ec549951e239106c)[0m
Unable to find image 'ocaml/opam:debian-12-ocaml-4.14@sha256:6215f5faef384383e4454b98d8e4711b2cd759f479481493ec549951e239106c' locally
docker.io/ocaml/opam@sha256:6215f5faef384383e4454b98d8e4711b2cd759f479481493ec549951e239106c: Pulling from ocaml/opam
c14194bfeabb: Pulling fs layer
c14194bfeabb: Verifying Checksum
c14194bfeabb: Pull complete
Digest: sha256:6215f5faef384383e4454b98d8e4711b2cd759f479481493ec549951e239106c
Status: Downloaded newer image for ocaml/opam@sha256:6215f5faef384383e4454b98d8e4711b2cd759f479481493ec549951e239106c
[01;2m[01;35m2024-05-26 14:25.41 ---> using "0d5a8f118163a8868325c19ff057c92a0ff57006b46aa5db11b8c0a2a2107ed5" from cache[0m

[01;34m/: (user (uid 1000) (gid 1000))[0m

[01;34m/: (workdir /home/opam)[0m

[01;34m/home/opam: (run (shell "sudo ln -f /usr/bin/opam-dev /usr/bin/opam"))[0m
[01;2m[01;35m2024-05-26 14:25.41 ---> using "6f4f7865acaab542cb5bc40e15302de057718d170614d137043fbf3f8b293aa5" from cache[0m

[01;34m/home/opam: (run (network host)
                 (shell "opam init --reinit --config .opamrc-sandbox -ni"))[0m
Configuring from /home/opam/.opamrc-sandbox, then /home/opam/.opamrc, and finally from built-in defaults.
Checking for available remotes: rsync and local, git.
  - you won't be able to use mercurial repositories unless you install the hg command on your system.
  - you won't be able to use darcs repositories unless you install the darcs command on your system.

This development version of opam requires an update to the layout of /home/opam/.opam from version 2.0 to version 2.2~beta, which can't be reverted.
You may want to back it up before going further.

Continue? [y/n] y
Format upgrade done.

<><> Updating repositories ><><><><><><><><><><><><><><><><><><><><><><><><><><>
[default] synchronised from file:///home/opam/opam-repository
[01;2m[01;35m2024-05-26 14:25.41 ---> using "87810bfa0e592118bfdb1d502aa472e15b3b51cae862847708c3be6771090153" from cache[0m

[01;34m/home/opam: (run (shell "uname -rs && opam exec -- ocaml -version && opam --version"))[0m
Linux 5.15.0-107-generic
The OCaml toplevel, version 4.14.2
2.2.0~beta3~dev
[01;2m[01;35m2024-05-26 14:25.41 ---> using "322e77d9a0264dae85f8b00421fe0bb764ad57b221d4554fcb7888714be0b6a3" from cache[0m

[01;34m/home/opam: (env OPAMDOWNLOADJOBS 1)[0m

[01;34m/home/opam: (env OPAMERRLOGLEN 0)[0m

[01;34m/home/opam: (env OPAMSOLVERTIMEOUT 500)[0m

[01;34m/home/opam: (env OPAMPRECISETRACKING 1)[0m

[01;34m/home/opam: (env CI true)[0m

[01;34m/home/opam: (env OPAM_REPO_CI true)[0m

[01;34m/home/opam: (run (shell "rm -rf opam-repository/"))[0m
[01;2m[01;35m2024-05-26 14:25.41 ---> using "bc5fcb50ea40de1ffd86ed94cf17bab218eb687d332063ad7ab333542f2ad199" from cache[0m

[01;34m/home/opam: (copy (src .) (dst opam-repository/))[0m
[01;2m[01;35m2024-05-26 14:25.48 ---> saved as "abb7ffe02b4752f0852c4986928738cbf24ab8a801028c3bbaa1e181f5c520b6"[0m

[01;34m/home/opam: (run (shell "opam repository set-url --strict default opam-repository/"))[0m
[default] Initialised
[01;2m[01;35m2024-05-26 14:28.08 ---> saved as "3baaa484498aa88dc2dc85297b1b5ab0a4c9e67d4861222f1b3da379426a8462"[0m

[01;34m/home/opam: (run (network host)
                 (shell "opam update --depexts || true"))[0m
+ /usr/bin/sudo "apt-get" "update"
- Hit:1 http://deb.debian.org/debian bookworm InRelease
- Get:2 http://deb.debian.org/debian bookworm-updates InRelease [55.4 kB]
- Get:3 http://deb.debian.org/debian-security bookworm-security InRelease [48.0 kB]
- Get:4 http://deb.debian.org/debian-security bookworm-security/main s390x Packages [148 kB]
- Fetched 252 kB in 0s (799 kB/s)
- Reading package lists...
- 
[01;2m[01;35m2024-05-26 14:28.18 ---> saved as "6b57199404a84a755639b319b46437942f05bb0d97f84451fe30e3c449290bdd"[0m

[01;34m/home/opam: (run (shell "opam pin add -k version -yn js_of_ocaml-toplevel.5.8.2 5.8.2"))[0m
js_of_ocaml-toplevel is now pinned to version 5.8.2
[01;2m[01;35m2024-05-26 14:28.20 ---> saved as "f17afb511148d11911d75ef45081d8b0db681772a295993db9284983617b3cb1"[0m

[01;34m/home/opam: (run (cache (opam-archives (target /home/opam/.opam/download-cache)))
                 (network host)
                 (shell  "opam reinstall js_of_ocaml-toplevel.5.8.2;\
                        \n        res=$?;\
                        \n        test \"$res\" != 31 && exit \"$res\";\
                        \n        export OPAMCLI=2.0;\
                        \n        build_dir=$(opam var prefix)/.opam-switch/build;\
                        \n        failed=$(ls \"$build_dir\");\
                        \n        partial_fails=\"\";\
                        \n        for pkg in $failed; do\
                        \n          if opam show -f x-ci-accept-failures: \"$pkg\" | grep -qF \"\\\"debian-12\\\"\"; then\
                        \n            echo \"A package failed and has been disabled for CI using the 'x-ci-accept-failures' field.\";\
                        \n          fi;\
                        \n          test \"$pkg\" != 'js_of_ocaml-toplevel.5.8.2' && partial_fails=\"$partial_fails $pkg\";\
                        \n        done;\
                        \n        test \"${partial_fails}\" != \"\" && echo \"opam-repo-ci detected dependencies failing: ${partial_fails}\";\
                        \n        exit 1"))[0m
js_of_ocaml-toplevel.5.8.2 is not installed. Install it? [y/n] y
The following actions will be performed:
=== install 19 packages
  - install cmdliner             1.3.0          [required by js_of_ocaml-compiler]
  - install cppo                 1.6.9          [required by yojson]
  - install dune                 3.15.3         [required by js_of_ocaml-toplevel]
  - install gen                  1.1            [required by sedlex]
  - install js_of_ocaml-compiler 5.8.2          [required by js_of_ocaml-toplevel]
  - install js_of_ocaml-toplevel 5.8.2 (pinned)
  - install menhir               20231231       [required by js_of_ocaml-compiler]
  - install menhirCST            20231231       [required by menhir]
  - install menhirLib            20231231       [required by js_of_ocaml-compiler]
  - install menhirSdk            20231231       [required by js_of_ocaml-compiler]
  - install ocaml-compiler-libs  v0.12.4        [required by ppxlib]
  - install ocamlfind            1.9.6          [required by js_of_ocaml-toplevel]
  - install ppx_derivers         1.2.1          [required by ppxlib]
  - install ppxlib               0.32.1         [required by js_of_ocaml-compiler]
  - install sedlex               3.2            [required by js_of_ocaml-compiler]
  - install seq                  base           [required by yojson]
  - install sexplib0             v0.17.0        [required by ppxlib]
  - install stdlib-shims         0.3.0          [required by ppxlib]
  - install yojson               2.1.2          [required by js_of_ocaml-compiler]

<><> Processing actions <><><><><><><><><><><><><><><><><><><><><><><><><><><><>
-> retrieved cmdliner.1.3.0  (cached)
-> retrieved cppo.1.6.9  (cached)
-> retrieved dune.3.15.3  (cached)
-> retrieved gen.1.1  (cached)
-> retrieved js_of_ocaml-compiler.5.8.2, js_of_ocaml-toplevel.5.8.2  (cached)
-> retrieved menhir.20231231, menhirCST.20231231, menhirLib.20231231, menhirSdk.20231231  (cached)
-> retrieved ocaml-compiler-libs.v0.12.4  (cached)
-> retrieved ocamlfind.1.9.6  (cached)
-> retrieved ppx_derivers.1.2.1  (cached)
-> installed cmdliner.1.3.0
-> retrieved ppxlib.0.32.1  (cached)
-> retrieved sedlex.3.2  (cached)
-> installed seq.base
-> retrieved sexplib0.v0.17.0  (cached)
-> retrieved stdlib-shims.0.3.0  (cached)
-> retrieved yojson.2.1.2  (cached)
-> installed ocamlfind.1.9.6
-> installed dune.3.15.3
-> installed menhirCST.20231231
-> installed gen.1.1
-> installed menhirLib.20231231
-> installed cppo.1.6.9
-> installed ppx_derivers.1.2.1
-> installed menhirSdk.20231231
-> installed stdlib-shims.0.3.0
-> installed ocaml-compiler-libs.v0.12.4
-> installed sexplib0.v0.17.0
-> installed yojson.2.1.2
-> installed ppxlib.0.32.1
-> installed menhir.20231231
-> installed sedlex.3.2
-> installed js_of_ocaml-compiler.5.8.2
-> installed js_of_ocaml-toplevel.5.8.2
Done.
# Run eval $(opam env) to update the current shell environment
[01;2m[01;35m2024-05-26 14:30.13 ---> saved as "416bb98b3473b564e410aa4ac247817e10328d5a9125aedeceef4e6f37748b32"[0m

[01;34m/home/opam: (run (network host)
                 (shell "(opam reinstall --with-test js_of_ocaml-toplevel.5.8.2) || true"))[0m
[ERROR] Sorry, resolution of the request timed out.
        Try to specify a more precise request, use a different solver, or increase the allowed time by setting OPAMSOLVERTIMEOUT to a bigger value (currently, it is set to 500.0 seconds).
[01;2m[01;35m2024-05-26 14:38.56 ---> saved as "d0efe2e4ccb3ff3481416c6c772eed5eb4250786757ef871aea7a9938add3666"[0m

[01;34m/home/opam: (run (shell  "opam reinstall --with-test --verbose js_of_ocaml-toplevel.5.8.2;\
                        \n        res=$?;\
                        \n        test \"$res\" != 31 && exit \"$res\";\
                        \n        export OPAMCLI=2.0;\
                        \n        build_dir=$(opam var prefix)/.opam-switch/build;\
                        \n        failed=$(ls \"$build_dir\");\
                        \n        partial_fails=\"\";\
                        \n        for pkg in $failed; do\
                        \n          if opam show -f x-ci-accept-failures: \"$pkg\" | grep -qF \"\\\"debian-12\\\"\"; then\
                        \n            echo \"A package failed and has been disabled for CI using the 'x-ci-accept-failures' field.\";\
                        \n          fi;\
                        \n          test \"$pkg\" != 'js_of_ocaml-toplevel.5.8.2' && partial_fails=\"$partial_fails $pkg\";\
                        \n        done;\
                        \n        test \"${partial_fails}\" != \"\" && echo \"opam-repo-ci detected dependencies failing: ${partial_fails}\";\
                        \n        exit 1"))[0m
[ERROR] Sorry, resolution of the request timed out.
        Try to specify a more precise request, use a different solver, or increase the allowed time by setting OPAMSOLVERTIMEOUT to a bigger value (currently, it is set to 500.0 seconds).
'opam reinstall --with-test --verbose js_of_ocaml-toplevel.5.8.2' failed.
"/bin/bash" "-c" "opam reinstall --with-test --verbose js_of_ocaml-toplevel.5.8.2;
        res=$?;
        test "$res" != 31 && exit "$res";
        export OPAMCLI=2.0;
        build_dir=$(opam var prefix)/.opam-switch/build;
        failed=$(ls "$build_dir");
        partial_fails="";
        for pkg in $failed; do
          if opam show -f x-ci-accept-failures: "$pkg" | grep -qF "\"debian-12\""; then
            echo "A package failed and has been disabled for CI using the 'x-ci-accept-failures' field.";
          fi;
          test "$pkg" != 'js_of_ocaml-toplevel.5.8.2' && partial_fails="$partial_fails $pkg";
        done;
        test "${partial_fails}" != "" && echo "opam-repo-ci detected dependencies failing: ${partial_fails}";
        exit 1" failed with exit status 60
2024-05-26 14:47.48: Job failed: Failed: Build failed
2024-05-26 14:47.48: Log analysis:
2024-05-26 14:47.48: >>> 
[ERROR] Sorry, resolution of the request timed out.
 (score = 20)
2024-05-26 14:47.48: >>> 
[ERROR] Sorry, resolution of the request timed out.
 (score = 20)
2024-05-26 14:47.48: Sorry, resolution of the request timed out.
