2024-01-26 01:08.21: New job: test irmin-git.2.7.2 with ocaml-compiler-libs.v0.12.1, using opam dev
                              from https://github.com/ocaml/opam-repository.git#refs/pull/25029/head (9e587aaf5caeecc1cd879e2294ac9fed6aaa153a)
                              on debian-12-ocaml-4.14/amd64

To reproduce locally:

cd $(mktemp -d)
git clone --recursive "https://github.com/ocaml/opam-repository.git" && cd "opam-repository" && git fetch origin "refs/pull/25029/head" && git reset --hard 9e587aaf
git fetch origin master
git merge --no-edit 6d3d7021d944058cc7531905e065fe2cd72f01e8
cat > ../Dockerfile <<'END-OF-DOCKERFILE'
[34mFROM ocaml/opam:debian-12-ocaml-4.14@sha256:cbf523fa02a59bcc2a446150e37a15575f1bbaeab2aed549a4f2195e5c179e94
USER 1000:1000
WORKDIR /home/opam
RUN sudo ln -f /usr/bin/opam-dev /usr/bin/opam
RUN opam init --reinit -ni
ENV OPAMDOWNLOADJOBS="1"
ENV OPAMERRLOGLEN="0"
ENV OPAMSOLVERTIMEOUT="500"
ENV OPAMPRECISETRACKING="1"
ENV CI="true"
ENV OPAM_REPO_CI="true"
RUN rm -rf opam-repository/
COPY --chown=1000:1000 . opam-repository/
RUN opam repository set-url --strict default opam-repository/
RUN opam update --depexts || true
ENV OPAMCRITERIA="-removed,-count[avoid-version,changed],-count[version-lag,request],-count[version-lag,changed],-count[missing-depexts,changed],-changed"
ENV OPAMFIXUPCRITERIA="-removed,-count[avoid-version,changed],-count[version-lag,request],-count[version-lag,changed],-count[missing-depexts,changed],-changed"
ENV OPAMUPGRADECRITERIA="-removed,-count[avoid-version,changed],-count[version-lag,request],-count[version-lag,changed],-count[missing-depexts,changed],-changed"
RUN opam pin add -k version -yn ocaml-compiler-libs.v0.12.1 v0.12.1
RUN opam reinstall ocaml-compiler-libs.v0.12.1; \
    res=$?; \
    test "$res" != 31 && exit "$res"; \
    export OPAMCLI=2.0; \
    build_dir=$(opam var prefix)/.opam-switch/build; \
    failed=$(ls "$build_dir"); \
    partial_fails=""; \
    for pkg in $failed; do \
    if opam show -f x-ci-accept-failures: "$pkg" | grep -qF "\"debian-12\""; then \
    echo "A package failed and has been disabled for CI using the 'x-ci-accept-failures' field."; \
    fi; \
    test "$pkg" != 'ocaml-compiler-libs.v0.12.1' && partial_fails="$partial_fails $pkg"; \
    done; \
    test "${partial_fails}" != "" && echo "opam-repo-ci detected dependencies failing: ${partial_fails}"; \
    exit 1
ENV OPAMCRITERIA="-removed,-count[avoid-version,changed],-count[version-lag,request],-count[version-lag,changed],-count[missing-depexts,changed],-changed"
ENV OPAMFIXUPCRITERIA="-removed,-count[avoid-version,changed],-count[version-lag,request],-count[version-lag,changed],-count[missing-depexts,changed],-changed"
ENV OPAMUPGRADECRITERIA="-removed,-count[avoid-version,changed],-count[version-lag,request],-count[version-lag,changed],-count[missing-depexts,changed],-changed"
RUN opam reinstall irmin-git.2.7.2; \
    res=$?; \
    test "$res" != 31 && exit "$res"; \
    export OPAMCLI=2.0; \
    build_dir=$(opam var prefix)/.opam-switch/build; \
    failed=$(ls "$build_dir"); \
    partial_fails=""; \
    for pkg in $failed; do \
    if opam show -f x-ci-accept-failures: "$pkg" | grep -qF "\"debian-12\""; then \
    echo "A package failed and has been disabled for CI using the 'x-ci-accept-failures' field."; \
    fi; \
    test "$pkg" != 'irmin-git.2.7.2' && partial_fails="$partial_fails $pkg"; \
    done; \
    test "${partial_fails}" != "" && echo "opam-repo-ci detected dependencies failing: ${partial_fails}"; \
    exit 1
ENV OPAMCRITERIA="-removed,-count[avoid-version,changed],-count[version-lag,request],-count[version-lag,changed],-count[missing-depexts,changed],-changed"
ENV OPAMFIXUPCRITERIA="-removed,-count[avoid-version,changed],-count[version-lag,request],-count[version-lag,changed],-count[missing-depexts,changed],-changed"
ENV OPAMUPGRADECRITERIA="-removed,-count[avoid-version,changed],-count[version-lag,request],-count[version-lag,changed],-count[missing-depexts,changed],-changed"
RUN (opam reinstall --with-test irmin-git.2.7.2) || true
RUN opam reinstall --with-test --verbose irmin-git.2.7.2; \
    res=$?; \
    test "$res" != 31 && exit "$res"; \
    export OPAMCLI=2.0; \
    build_dir=$(opam var prefix)/.opam-switch/build; \
    failed=$(ls "$build_dir"); \
    partial_fails=""; \
    for pkg in $failed; do \
    if opam show -f x-ci-accept-failures: "$pkg" | grep -qF "\"debian-12\""; then \
    echo "A package failed and has been disabled for CI using the 'x-ci-accept-failures' field."; \
    fi; \
    test "$pkg" != 'irmin-git.2.7.2' && partial_fails="$partial_fails $pkg"; \
    done; \
    test "${partial_fails}" != "" && echo "opam-repo-ci detected dependencies failing: ${partial_fails}"; \
    exit 1
[0m
END-OF-DOCKERFILE
docker build -f ../Dockerfile .

2024-01-26 01:08.21: Using cache hint "ocaml/opam:debian-12-ocaml-4.14@sha256:cbf523fa02a59bcc2a446150e37a15575f1bbaeab2aed549a4f2195e5c179e94-ocaml-compiler-libs.v0.12.1-irmin-git.2.7.2-9e587aaf5caeecc1cd879e2294ac9fed6aaa153a"
2024-01-26 01:08.21: Using OBuilder spec:
((from ocaml/opam:debian-12-ocaml-4.14@sha256:cbf523fa02a59bcc2a446150e37a15575f1bbaeab2aed549a4f2195e5c179e94)
 (user (uid 1000) (gid 1000))
 (workdir /home/opam)
 (run (shell "sudo ln -f /usr/bin/opam-dev /usr/bin/opam"))
 (run (network host)
      (shell "opam init --reinit --config .opamrc-sandbox -ni"))
 (env OPAMDOWNLOADJOBS 1)
 (env OPAMERRLOGLEN 0)
 (env OPAMSOLVERTIMEOUT 500)
 (env OPAMPRECISETRACKING 1)
 (env CI true)
 (env OPAM_REPO_CI true)
 (run (shell "rm -rf opam-repository/"))
 (copy (src .) (dst opam-repository/))
 (run (shell "opam repository set-url --strict default opam-repository/"))
 (run (network host)
      (shell "opam update --depexts || true"))
 (env OPAMCRITERIA -removed,-count[avoid-version,changed],-count[version-lag,request],-count[version-lag,changed],-count[missing-depexts,changed],-changed)
 (env OPAMFIXUPCRITERIA -removed,-count[avoid-version,changed],-count[version-lag,request],-count[version-lag,changed],-count[missing-depexts,changed],-changed)
 (env OPAMUPGRADECRITERIA -removed,-count[avoid-version,changed],-count[version-lag,request],-count[version-lag,changed],-count[missing-depexts,changed],-changed)
 (run (shell "opam pin add -k version -yn ocaml-compiler-libs.v0.12.1 v0.12.1"))
 (run (cache (opam-archives (target /home/opam/.opam/download-cache)))
      (network host)
      (shell  "opam reinstall ocaml-compiler-libs.v0.12.1;\
             \n        res=$?;\
             \n        test \"$res\" != 31 && exit \"$res\";\
             \n        export OPAMCLI=2.0;\
             \n        build_dir=$(opam var prefix)/.opam-switch/build;\
             \n        failed=$(ls \"$build_dir\");\
             \n        partial_fails=\"\";\
             \n        for pkg in $failed; do\
             \n          if opam show -f x-ci-accept-failures: \"$pkg\" | grep -qF \"\\\"debian-12\\\"\"; then\
             \n            echo \"A package failed and has been disabled for CI using the 'x-ci-accept-failures' field.\";\
             \n          fi;\
             \n          test \"$pkg\" != 'ocaml-compiler-libs.v0.12.1' && partial_fails=\"$partial_fails $pkg\";\
             \n        done;\
             \n        test \"${partial_fails}\" != \"\" && echo \"opam-repo-ci detected dependencies failing: ${partial_fails}\";\
             \n        exit 1"))
 (env OPAMCRITERIA -removed,-count[avoid-version,changed],-count[version-lag,request],-count[version-lag,changed],-count[missing-depexts,changed],-changed)
 (env OPAMFIXUPCRITERIA -removed,-count[avoid-version,changed],-count[version-lag,request],-count[version-lag,changed],-count[missing-depexts,changed],-changed)
 (env OPAMUPGRADECRITERIA -removed,-count[avoid-version,changed],-count[version-lag,request],-count[version-lag,changed],-count[missing-depexts,changed],-changed)
 (run (cache (opam-archives (target /home/opam/.opam/download-cache)))
      (network host)
      (shell  "opam reinstall irmin-git.2.7.2;\
             \n        res=$?;\
             \n        test \"$res\" != 31 && exit \"$res\";\
             \n        export OPAMCLI=2.0;\
             \n        build_dir=$(opam var prefix)/.opam-switch/build;\
             \n        failed=$(ls \"$build_dir\");\
             \n        partial_fails=\"\";\
             \n        for pkg in $failed; do\
             \n          if opam show -f x-ci-accept-failures: \"$pkg\" | grep -qF \"\\\"debian-12\\\"\"; then\
             \n            echo \"A package failed and has been disabled for CI using the 'x-ci-accept-failures' field.\";\
             \n          fi;\
             \n          test \"$pkg\" != 'irmin-git.2.7.2' && partial_fails=\"$partial_fails $pkg\";\
             \n        done;\
             \n        test \"${partial_fails}\" != \"\" && echo \"opam-repo-ci detected dependencies failing: ${partial_fails}\";\
             \n        exit 1"))
 (env OPAMCRITERIA -removed,-count[avoid-version,changed],-count[version-lag,request],-count[version-lag,changed],-count[missing-depexts,changed],-changed)
 (env OPAMFIXUPCRITERIA -removed,-count[avoid-version,changed],-count[version-lag,request],-count[version-lag,changed],-count[missing-depexts,changed],-changed)
 (env OPAMUPGRADECRITERIA -removed,-count[avoid-version,changed],-count[version-lag,request],-count[version-lag,changed],-count[missing-depexts,changed],-changed)
 (run (network host)
      (shell "(opam reinstall --with-test irmin-git.2.7.2) || true"))
 (run (shell  "opam reinstall --with-test --verbose irmin-git.2.7.2;\
             \n        res=$?;\
             \n        test \"$res\" != 31 && exit \"$res\";\
             \n        export OPAMCLI=2.0;\
             \n        build_dir=$(opam var prefix)/.opam-switch/build;\
             \n        failed=$(ls \"$build_dir\");\
             \n        partial_fails=\"\";\
             \n        for pkg in $failed; do\
             \n          if opam show -f x-ci-accept-failures: \"$pkg\" | grep -qF \"\\\"debian-12\\\"\"; then\
             \n            echo \"A package failed and has been disabled for CI using the 'x-ci-accept-failures' field.\";\
             \n          fi;\
             \n          test \"$pkg\" != 'irmin-git.2.7.2' && partial_fails=\"$partial_fails $pkg\";\
             \n        done;\
             \n        test \"${partial_fails}\" != \"\" && echo \"opam-repo-ci detected dependencies failing: ${partial_fails}\";\
             \n        exit 1"))
)

2024-01-26 01:08.21: Waiting for resource in pool OCluster
2024-01-27 10:14.17: Waiting for worker…
2024-01-27 10:15.41: Got resource from pool OCluster
Building on x86-bm-c7.sw.ocaml.org
All commits already cached
Updating files:  81% (26527/32699)Updating files:  82% (26814/32699)Updating files:  83% (27141/32699)Updating files:  84% (27468/32699)Updating files:  85% (27795/32699)Updating files:  86% (28122/32699)Updating files:  87% (28449/32699)Updating files:  88% (28776/32699)Updating files:  89% (29103/32699)Updating files:  90% (29430/32699)Updating files:  91% (29757/32699)Updating files:  92% (30084/32699)Updating files:  93% (30411/32699)Updating files:  94% (30738/32699)Updating files:  95% (31065/32699)Updating files:  96% (31392/32699)Updating files:  97% (31719/32699)Updating files:  98% (32046/32699)Updating files:  99% (32373/32699)Updating files: 100% (32699/32699)Updating files: 100% (32699/32699), done.
HEAD is now at 6d3d7021d9 Merge pull request #25103 from silene/why3-1.7.1
Merge made by the 'ort' strategy.
 .../ocaml-compiler-libs.v0.10.0/opam               |  2 +-
 .../ocaml-compiler-libs.v0.11.0/opam               |  2 +-
 .../ocaml-compiler-libs.v0.12.0/opam               |  2 +-
 .../ocaml-compiler-libs.v0.12.1/opam               |  2 +-
 .../ocaml-compiler-libs.v0.12.3/opam               |  2 +-
 .../ocaml-compiler-libs.v0.12.4/opam               |  2 +-
 .../ocaml-compiler-libs.v0.17.0/opam               | 28 ++++++++++++++++++++++
 7 files changed, 34 insertions(+), 6 deletions(-)
 create mode 100644 packages/ocaml-compiler-libs/ocaml-compiler-libs.v0.17.0/opam

[01;34m(from ocaml/opam:debian-12-ocaml-4.14@sha256:cbf523fa02a59bcc2a446150e37a15575f1bbaeab2aed549a4f2195e5c179e94)[0m
Unable to find image 'ocaml/opam:debian-12-ocaml-4.14@sha256:cbf523fa02a59bcc2a446150e37a15575f1bbaeab2aed549a4f2195e5c179e94' locally
docker.io/ocaml/opam@sha256:cbf523fa02a59bcc2a446150e37a15575f1bbaeab2aed549a4f2195e5c179e94: Pulling from ocaml/opam
1ed5994c1b4c: Pulling fs layer
1ed5994c1b4c: Verifying Checksum
1ed5994c1b4c: Download complete
1ed5994c1b4c: Pull complete
Digest: sha256:cbf523fa02a59bcc2a446150e37a15575f1bbaeab2aed549a4f2195e5c179e94
Status: Downloaded newer image for ocaml/opam@sha256:cbf523fa02a59bcc2a446150e37a15575f1bbaeab2aed549a4f2195e5c179e94
[01;2m[01;35m2024-01-27 10:15.53 ---> using "f4335c76fef522325ad1ac98ba0be7d64253255290f3c04143767cd4fd46515f" from cache[0m

[01;34m/: (user (uid 1000) (gid 1000))[0m

[01;34m/: (workdir /home/opam)[0m

[01;34m/home/opam: (run (shell "sudo ln -f /usr/bin/opam-dev /usr/bin/opam"))[0m
[01;2m[01;35m2024-01-27 10:15.53 ---> using "6cd29a264758fcd160e4c24d702a853929ab5c9de70109c884afd641c56e03ef" from cache[0m

[01;34m/home/opam: (run (network host)
                 (shell "opam init --reinit --config .opamrc-sandbox -ni"))[0m
Configuring from /home/opam/.opamrc-sandbox, then /home/opam/.opamrc, and finally from built-in defaults.
Checking for available remotes: rsync and local, git.
  - you won't be able to use mercurial repositories unless you install the hg command on your system.
  - you won't be able to use darcs repositories unless you install the darcs command on your system.

This development version of opam requires an update to the layout of /home/opam/.opam from version 2.0 to version 2.2~alpha, which can't be reverted.
You may want to back it up before going further.

Continue? [y/n] y
[NOTE] The 'jobs' option was reset, its value was 255 and its new value will vary according to the current number of cores on your machine. You can restore the fixed value using:
           opam option jobs=255 --global
Format upgrade done.

<><> Updating repositories ><><><><><><><><><><><><><><><><><><><><><><><><><><>
[default] synchronised from file:///home/opam/opam-repository
[01;2m[01;35m2024-01-27 10:15.53 ---> using "b0092a1a3187440dbbc08d212cec961ff8a8a6c6f25009dc87371350e0161218" from cache[0m

[01;34m/home/opam: (env OPAMDOWNLOADJOBS 1)[0m

[01;34m/home/opam: (env OPAMERRLOGLEN 0)[0m

[01;34m/home/opam: (env OPAMSOLVERTIMEOUT 500)[0m

[01;34m/home/opam: (env OPAMPRECISETRACKING 1)[0m

[01;34m/home/opam: (env CI true)[0m

[01;34m/home/opam: (env OPAM_REPO_CI true)[0m

[01;34m/home/opam: (run (shell "rm -rf opam-repository/"))[0m
[01;2m[01;35m2024-01-27 10:15.53 ---> using "d69a2657e45904d4024dcd9718b3a8d71379112c34805976165fd6dd0e0ba254" from cache[0m

[01;34m/home/opam: (copy (src .) (dst opam-repository/))[0m
[01;2m[01;35m2024-01-27 10:15.55 ---> using "4f125b6d654cbb4bdaf075010856ae2710a119c5dabf6e36f5e7d41a56b9374b" from cache[0m

[01;34m/home/opam: (run (shell "opam repository set-url --strict default opam-repository/"))[0m
[default] Initialised
[01;2m[01;35m2024-01-27 10:15.55 ---> using "c3af81cc36a4f55510fb4ec608a2de02648a105f47e4c23fdfd0331e9348d3ac" from cache[0m

[01;34m/home/opam: (run (network host)
                 (shell "opam update --depexts || true"))[0m
+ /usr/bin/sudo "apt-get" "update"
- Hit:1 http://deb.debian.org/debian bookworm InRelease
- Get:2 http://deb.debian.org/debian bookworm-updates InRelease [52.1 kB]
- Get:3 http://deb.debian.org/debian-security bookworm-security InRelease [48.0 kB]
- Get:4 http://deb.debian.org/debian-security bookworm-security/main amd64 Packages [134 kB]
- Fetched 234 kB in 0s (861 kB/s)
- Reading package lists...
[01;2m[01;35m2024-01-27 10:15.55 ---> using "2d8c7cc9a7424a7ac67262a9be50903d23578ef23eda4d562a74a2fbd3526a33" from cache[0m

[01;34m/home/opam: (env OPAMCRITERIA -removed,-count[avoid-version,changed],-count[version-lag,request],-count[version-lag,changed],-count[missing-depexts,changed],-changed)[0m

[01;34m/home/opam: (env OPAMFIXUPCRITERIA -removed,-count[avoid-version,changed],-count[version-lag,request],-count[version-lag,changed],-count[missing-depexts,changed],-changed)[0m

[01;34m/home/opam: (env OPAMUPGRADECRITERIA -removed,-count[avoid-version,changed],-count[version-lag,request],-count[version-lag,changed],-count[missing-depexts,changed],-changed)[0m

[01;34m/home/opam: (run (shell "opam pin add -k version -yn ocaml-compiler-libs.v0.12.1 v0.12.1"))[0m
ocaml-compiler-libs is now pinned to version v0.12.1
[01;2m[01;35m2024-01-27 10:15.55 ---> using "4f35e243184e584010d364af20f8db15373fdb4d6f7d2a91683a3e12245ee78e" from cache[0m

[01;34m/home/opam: (run (cache (opam-archives (target /home/opam/.opam/download-cache)))
                 (network host)
                 (shell  "opam reinstall ocaml-compiler-libs.v0.12.1;\
                        \n        res=$?;\
                        \n        test \"$res\" != 31 && exit \"$res\";\
                        \n        export OPAMCLI=2.0;\
                        \n        build_dir=$(opam var prefix)/.opam-switch/build;\
                        \n        failed=$(ls \"$build_dir\");\
                        \n        partial_fails=\"\";\
                        \n        for pkg in $failed; do\
                        \n          if opam show -f x-ci-accept-failures: \"$pkg\" | grep -qF \"\\\"debian-12\\\"\"; then\
                        \n            echo \"A package failed and has been disabled for CI using the 'x-ci-accept-failures' field.\";\
                        \n          fi;\
                        \n          test \"$pkg\" != 'ocaml-compiler-libs.v0.12.1' && partial_fails=\"$partial_fails $pkg\";\
                        \n        done;\
                        \n        test \"${partial_fails}\" != \"\" && echo \"opam-repo-ci detected dependencies failing: ${partial_fails}\";\
                        \n        exit 1"))[0m
ocaml-compiler-libs.v0.12.1 is not installed. Install it? [y/n] y
The following actions will be performed:
=== install 2 packages
  - install dune                3.13.0           [required by ocaml-compiler-libs]
  - install ocaml-compiler-libs v0.12.1 (pinned)

<><> Processing actions <><><><><><><><><><><><><><><><><><><><><><><><><><><><>
-> retrieved dune.3.13.0  (cached)
-> retrieved ocaml-compiler-libs.v0.12.1  (cached)
-> installed dune.3.13.0
-> installed ocaml-compiler-libs.v0.12.1
Done.
# Run eval $(opam env) to update the current shell environment
[01;2m[01;35m2024-01-27 10:15.55 ---> using "0820a5bf53b006b4f52c6ed3bcf06413ea2fc57a49c644e08f4a77f4c45976e6" from cache[0m

[01;34m/home/opam: (env OPAMCRITERIA -removed,-count[avoid-version,changed],-count[version-lag,request],-count[version-lag,changed],-count[missing-depexts,changed],-changed)[0m

[01;34m/home/opam: (env OPAMFIXUPCRITERIA -removed,-count[avoid-version,changed],-count[version-lag,request],-count[version-lag,changed],-count[missing-depexts,changed],-changed)[0m

[01;34m/home/opam: (env OPAMUPGRADECRITERIA -removed,-count[avoid-version,changed],-count[version-lag,request],-count[version-lag,changed],-count[missing-depexts,changed],-changed)[0m

[01;34m/home/opam: (run (cache (opam-archives (target /home/opam/.opam/download-cache)))
                 (network host)
                 (shell  "opam reinstall irmin-git.2.7.2;\
                        \n        res=$?;\
                        \n        test \"$res\" != 31 && exit \"$res\";\
                        \n        export OPAMCLI=2.0;\
                        \n        build_dir=$(opam var prefix)/.opam-switch/build;\
                        \n        failed=$(ls \"$build_dir\");\
                        \n        partial_fails=\"\";\
                        \n        for pkg in $failed; do\
                        \n          if opam show -f x-ci-accept-failures: \"$pkg\" | grep -qF \"\\\"debian-12\\\"\"; then\
                        \n            echo \"A package failed and has been disabled for CI using the 'x-ci-accept-failures' field.\";\
                        \n          fi;\
                        \n          test \"$pkg\" != 'irmin-git.2.7.2' && partial_fails=\"$partial_fails $pkg\";\
                        \n        done;\
                        \n        test \"${partial_fails}\" != \"\" && echo \"opam-repo-ci detected dependencies failing: ${partial_fails}\";\
                        \n        exit 1"))[0m
irmin-git.2.7.2 is not installed. Install it? [y/n] y
The following actions will be performed:
=== install 61 packages
  - install angstrom           0.16.0  [required by git]
  - install astring            0.8.5   [required by irmin-git]
  - install base-bytes         base    [required by ocplib-endian]
  - install base64             3.5.1   [required by git]
  - install bheap              2.0.0   [required by irmin]
  - install bigstringaf        0.9.1   [required by git]
  - install bos                0.2.1   [required by carton]
  - install carton             0.7.0   [required by git]
  - install carton-git         0.7.0   [required by git]
  - install carton-lwt         0.7.0   [required by git]
  - install checkseum          0.5.2   [required by git]
  - install cmdliner           1.2.0   [required by carton, fmt, emile]
  - install cppo               1.6.9   [required by ppx_deriving]
  - install csexp              1.5.2   [required by dune-configurator]
  - install cstruct            6.2.0   [required by irmin-git]
  - install decompress         1.5.3   [required by git]
  - install digestif           1.1.4   [required by irmin-git]
  - install domain-name        0.4.0   [required by git]
  - install duff               0.5     [required by carton]
  - install dune-configurator  3.13.0  [required by checkseum, bigstringaf, hxd]
  - install either             1.0.0   [required by repr]
  - install emile              1.1     [required by git]
  - install encore             0.8     [required by git]
  - install eqaf               0.9     [required by digestif]
  - install fmt                0.9.0   [required by irmin-git]
  - install fpath              0.7.3   [required by irmin-git]
  - install git                3.14.0  [required by irmin-git]
  - install hxd                0.3.2   [required by git]
  - install ipaddr             5.5.0   [required by git]
  - install irmin              2.7.2   [required by irmin-git]
  - install irmin-git          2.7.2
  - install jsonm              1.0.2   [required by irmin]
  - install ke                 0.6     [required by git]
  - install logs               0.7.0   [required by irmin-git]
  - install lwt                5.7.0   [required by irmin-git]
  - install macaddr            5.5.0   [required by ipaddr]
  - install mimic              0.0.6   [required by git]
  - install mirage-flow        3.0.0   [required by git]
  - install ocaml-syntax-shims 1.0.0   [required by angstrom]
  - install ocamlbuild         0.14.3  [required by astring, fpath]
  - install ocamlfind          1.9.6   [required by astring, fpath]
  - install ocamlgraph         2.1.0   [required by git, irmin]
  - install ocplib-endian      1.2     [required by lwt]
  - install optint             0.3.0   [required by git]
  - install pecu               0.6     [required by emile]
  - install ppx_derivers       1.2.1   [required by ppx_deriving]
  - install ppx_deriving       5.2.1   [required by ppx_repr]
  - install ppx_irmin          2.7.2   [required by irmin-git]
  - install ppx_repr           0.4.0   [required by ppx_irmin]
  - install ppxlib             0.31.0  [required by ppx_repr]
  - install psq                0.2.1   [required by git]
  - install repr               0.4.0   [required by irmin]
  - install result             1.5     [required by git]
  - install rresult            0.7.0   [required by git]
  - install seq                base    [required by psq]
  - install sexplib0           v0.16.0 [required by ppxlib]
  - install stdlib-shims       0.3.0   [required by ocamlgraph]
  - install stringext          1.6.0   [required by uri]
  - install topkg              1.0.7   [required by astring, fpath]
  - install uri                4.4.0   [required by irmin-git]
  - install uutf               1.0.3   [required by irmin]

<><> Processing actions <><><><><><><><><><><><><><><><><><><><><><><><><><><><>
-> retrieved angstrom.0.16.0  (cached)
-> retrieved astring.0.8.5  (cached)
-> retrieved base64.3.5.1  (cached)
-> retrieved bheap.2.0.0  (cached)
-> retrieved bigstringaf.0.9.1  (cached)
-> retrieved bos.0.2.1  (cached)
-> retrieved carton.0.7.0, carton-git.0.7.0, carton-lwt.0.7.0  (cached)
-> installed bheap.2.0.0
-> retrieved checkseum.0.5.2  (cached)
-> retrieved cmdliner.1.2.0  (cached)
-> retrieved cppo.1.6.9  (cached)
-> retrieved csexp.1.5.2  (cached)
-> retrieved cstruct.6.2.0  (cached)
-> installed base64.3.5.1
-> retrieved decompress.1.5.3  (cached)
-> installed csexp.1.5.2
-> retrieved digestif.1.1.4  (cached)
-> retrieved domain-name.0.4.0  (cached)
-> retrieved duff.0.5  (cached)
-> installed cppo.1.6.9
-> installed domain-name.0.4.0
-> retrieved dune-configurator.3.13.0  (cached)
-> retrieved either.1.0.0  (cached)
-> retrieved emile.1.1  (cached)
-> retrieved encore.0.8  (cached)
-> retrieved eqaf.0.9  (cached)
-> retrieved fmt.0.9.0  (cached)
-> retrieved fpath.0.7.3  (cached)
-> installed cmdliner.1.2.0
-> retrieved git.3.14.0  (cached)
-> retrieved hxd.0.3.2  (cached)
-> retrieved ipaddr.5.5.0, macaddr.5.5.0  (cached)
-> installed either.1.0.0
-> retrieved irmin.2.7.2, irmin-git.2.7.2, ppx_irmin.2.7.2  (cached)
-> installed macaddr.5.5.0
-> retrieved jsonm.1.0.2  (cached)
-> retrieved ke.0.6  (cached)
-> retrieved logs.0.7.0  (cached)
-> retrieved lwt.5.7.0  (cached)
-> retrieved mimic.0.0.6  (cached)
-> retrieved mirage-flow.3.0.0  (cached)
-> retrieved ocaml-syntax-shims.1.0.0  (cached)
-> retrieved ocamlbuild.0.14.3  (cached)
-> retrieved ocamlfind.1.9.6  (cached)
-> retrieved ocamlgraph.2.1.0  (cached)
-> retrieved ocplib-endian.1.2  (cached)
-> retrieved optint.0.3.0  (cached)
-> retrieved pecu.0.6  (cached)
-> retrieved ppx_derivers.1.2.1  (cached)
-> retrieved ppx_deriving.5.2.1  (cached)
-> retrieved ppx_repr.0.4.0, repr.0.4.0  (cached)
-> installed ipaddr.5.5.0
-> installed ppx_derivers.1.2.1
-> installed pecu.0.6
-> installed optint.0.3.0
-> retrieved ppxlib.0.31.0  (cached)
-> retrieved psq.0.2.1  (cached)
-> retrieved result.1.5  (cached)
-> retrieved rresult.0.7.0  (cached)
-> installed seq.base
-> retrieved sexplib0.v0.16.0  (cached)
-> retrieved stdlib-shims.0.3.0  (cached)
-> retrieved stringext.1.6.0  (cached)
-> retrieved topkg.1.0.7  (cached)
-> retrieved uri.4.4.0  (cached)
-> retrieved uutf.1.0.3  (cached)
-> installed result.1.5
-> installed ocaml-syntax-shims.1.0.0
-> installed stringext.1.6.0
-> installed stdlib-shims.0.3.0
-> installed psq.0.2.1
-> installed sexplib0.v0.16.0
-> installed dune-configurator.3.13.0
-> installed bigstringaf.0.9.1
-> installed checkseum.0.5.2
-> installed angstrom.0.16.0
-> installed ocamlfind.1.9.6
-> installed base-bytes.base
-> installed ocamlgraph.2.1.0
-> installed ocplib-endian.1.2
-> installed decompress.1.5.3
-> installed uri.4.4.0
-> installed ocamlbuild.0.14.3
-> installed lwt.5.7.0
-> installed hxd.0.3.2
-> installed topkg.1.0.7
-> installed rresult.0.7.0
-> installed uutf.1.0.3
-> installed fmt.0.9.0
-> installed duff.0.5
-> installed emile.1.1
-> installed encore.0.8
-> installed ke.0.6
-> installed astring.0.8.5
-> installed cstruct.6.2.0
-> installed mirage-flow.3.0.0
-> installed jsonm.1.0.2
-> installed eqaf.0.9
-> installed fpath.0.7.3
-> installed logs.0.7.0
-> installed repr.0.4.0
-> installed mimic.0.0.6
-> installed digestif.1.1.4
-> installed ppxlib.0.31.0
-> installed bos.0.2.1
-> installed carton.0.7.0
-> installed carton-lwt.0.7.0
-> installed carton-git.0.7.0
-> installed ppx_deriving.5.2.1
-> installed ppx_repr.0.4.0
-> installed git.3.14.0
-> installed ppx_irmin.2.7.2
-> installed irmin.2.7.2
-> installed irmin-git.2.7.2
Done.
# Run eval $(opam env) to update the current shell environment
[01;2m[01;35m2024-01-27 10:17.28 ---> saved as "b356da177a4a7989c6b3392a94a5b022be87f1ddcdb7470570ad7f564963de43"[0m

[01;34m/home/opam: (env OPAMCRITERIA -removed,-count[avoid-version,changed],-count[version-lag,request],-count[version-lag,changed],-count[missing-depexts,changed],-changed)[0m

[01;34m/home/opam: (env OPAMFIXUPCRITERIA -removed,-count[avoid-version,changed],-count[version-lag,request],-count[version-lag,changed],-count[missing-depexts,changed],-changed)[0m

[01;34m/home/opam: (env OPAMUPGRADECRITERIA -removed,-count[avoid-version,changed],-count[version-lag,request],-count[version-lag,changed],-count[missing-depexts,changed],-changed)[0m

[01;34m/home/opam: (run (network host)
                 (shell "(opam reinstall --with-test irmin-git.2.7.2) || true"))[0m
[ERROR] Sorry, resolution of the request timed out.
        Try to specify a more precise request, use a different solver, or increase the allowed time by setting OPAMSOLVERTIMEOUT to a bigger value (currently, it is set to 500.0 seconds).
[01;2m[01;35m2024-01-27 10:26.14 ---> saved as "5172e41d70712332dcf53aaf28f9709a24857b316a06925d11a257ba8bbc5288"[0m

[01;34m/home/opam: (run (shell  "opam reinstall --with-test --verbose irmin-git.2.7.2;\
                        \n        res=$?;\
                        \n        test \"$res\" != 31 && exit \"$res\";\
                        \n        export OPAMCLI=2.0;\
                        \n        build_dir=$(opam var prefix)/.opam-switch/build;\
                        \n        failed=$(ls \"$build_dir\");\
                        \n        partial_fails=\"\";\
                        \n        for pkg in $failed; do\
                        \n          if opam show -f x-ci-accept-failures: \"$pkg\" | grep -qF \"\\\"debian-12\\\"\"; then\
                        \n            echo \"A package failed and has been disabled for CI using the 'x-ci-accept-failures' field.\";\
                        \n          fi;\
                        \n          test \"$pkg\" != 'irmin-git.2.7.2' && partial_fails=\"$partial_fails $pkg\";\
                        \n        done;\
                        \n        test \"${partial_fails}\" != \"\" && echo \"opam-repo-ci detected dependencies failing: ${partial_fails}\";\
                        \n        exit 1"))[0m
[ERROR] Sorry, resolution of the request timed out.
        Try to specify a more precise request, use a different solver, or increase the allowed time by setting OPAMSOLVERTIMEOUT to a bigger value (currently, it is set to 500.0 seconds).
'opam reinstall --with-test --verbose irmin-git.2.7.2' failed.
"/usr/bin/env" "bash" "-c" "opam reinstall --with-test --verbose irmin-git.2.7.2;
        res=$?;
        test "$res" != 31 && exit "$res";
        export OPAMCLI=2.0;
        build_dir=$(opam var prefix)/.opam-switch/build;
        failed=$(ls "$build_dir");
        partial_fails="";
        for pkg in $failed; do
          if opam show -f x-ci-accept-failures: "$pkg" | grep -qF "\"debian-12\""; then
            echo "A package failed and has been disabled for CI using the 'x-ci-accept-failures' field.";
          fi;
          test "$pkg" != 'irmin-git.2.7.2' && partial_fails="$partial_fails $pkg";
        done;
        test "${partial_fails}" != "" && echo "opam-repo-ci detected dependencies failing: ${partial_fails}";
        exit 1" failed with exit status 60
2024-01-27 10:35.02: Job failed: Failed: Build failed
2024-01-27 10:35.02: Log analysis:
2024-01-27 10:35.02: >>> 
[ERROR] Sorry, resolution of the request timed out.
 (score = 20)
2024-01-27 10:35.02: >>> 
[ERROR] Sorry, resolution of the request timed out.
 (score = 20)
2024-01-27 10:35.02: Sorry, resolution of the request timed out.
