2024-05-13 09:24.29: New job: test ppx_deriving_variant_string.1.0.0, using opam dev
                              from https://github.com/ocaml/opam-repository.git#refs/pull/25800/head (39e5d8062593137b06bb9d5e035becd6cdbc7fa6)
                              on fedora-40-ocaml-4.14/amd64

To reproduce locally:

cd $(mktemp -d)
git clone --recursive "https://github.com/ocaml/opam-repository.git" && cd "opam-repository" && git fetch origin "refs/pull/25800/head" && git reset --hard 39e5d806
git fetch origin master
git merge --no-edit c3d26a5899c5e309b6616d4e3cb57c3fe40ea0a5
cat > ../Dockerfile <<'END-OF-DOCKERFILE'
[34mFROM ocaml/opam:fedora-40-ocaml-4.14@sha256:3a2458add6599949b1daebdf5cbb413c7098b9038330ebd884ce6ae8f17fd15d
USER 1000:1000
WORKDIR /home/opam
RUN sudo ln -f /usr/bin/opam-dev /usr/bin/opam
RUN opam init --reinit -ni
RUN uname -rs && opam exec -- ocaml -version && opam --version
ENV OPAMDOWNLOADJOBS="1"
ENV OPAMERRLOGLEN="0"
ENV OPAMSOLVERTIMEOUT="500"
ENV OPAMPRECISETRACKING="1"
ENV CI="true"
ENV OPAM_REPO_CI="true"
RUN rm -rf opam-repository/
COPY --chown=1000:1000 . opam-repository/
RUN opam repository set-url --strict default opam-repository/
RUN opam update --depexts || true
RUN opam pin add -k version -yn ppx_deriving_variant_string.1.0.0 1.0.0
RUN opam reinstall ppx_deriving_variant_string.1.0.0; \
    res=$?; \
    test "$res" != 31 && exit "$res"; \
    export OPAMCLI=2.0; \
    build_dir=$(opam var prefix)/.opam-switch/build; \
    failed=$(ls "$build_dir"); \
    partial_fails=""; \
    for pkg in $failed; do \
    if opam show -f x-ci-accept-failures: "$pkg" | grep -qF "\"fedora-40\""; then \
    echo "A package failed and has been disabled for CI using the 'x-ci-accept-failures' field."; \
    fi; \
    test "$pkg" != 'ppx_deriving_variant_string.1.0.0' && partial_fails="$partial_fails $pkg"; \
    done; \
    test "${partial_fails}" != "" && echo "opam-repo-ci detected dependencies failing: ${partial_fails}"; \
    exit 1
RUN (opam reinstall --with-test ppx_deriving_variant_string.1.0.0) || true
RUN opam reinstall --with-test --verbose ppx_deriving_variant_string.1.0.0; \
    res=$?; \
    test "$res" != 31 && exit "$res"; \
    export OPAMCLI=2.0; \
    build_dir=$(opam var prefix)/.opam-switch/build; \
    failed=$(ls "$build_dir"); \
    partial_fails=""; \
    for pkg in $failed; do \
    if opam show -f x-ci-accept-failures: "$pkg" | grep -qF "\"fedora-40\""; then \
    echo "A package failed and has been disabled for CI using the 'x-ci-accept-failures' field."; \
    fi; \
    test "$pkg" != 'ppx_deriving_variant_string.1.0.0' && partial_fails="$partial_fails $pkg"; \
    done; \
    test "${partial_fails}" != "" && echo "opam-repo-ci detected dependencies failing: ${partial_fails}"; \
    exit 1
[0m
END-OF-DOCKERFILE
docker build -f ../Dockerfile .

2024-05-13 09:24.29: Using cache hint "ocaml/opam:fedora-40-ocaml-4.14@sha256:3a2458add6599949b1daebdf5cbb413c7098b9038330ebd884ce6ae8f17fd15d-ppx_deriving_variant_string.1.0.0-39e5d8062593137b06bb9d5e035becd6cdbc7fa6"
2024-05-13 09:24.29: Using OBuilder spec:
((from ocaml/opam:fedora-40-ocaml-4.14@sha256:3a2458add6599949b1daebdf5cbb413c7098b9038330ebd884ce6ae8f17fd15d)
 (user (uid 1000) (gid 1000))
 (workdir /home/opam)
 (run (shell "sudo ln -f /usr/bin/opam-dev /usr/bin/opam"))
 (run (network host)
      (shell "opam init --reinit --config .opamrc-sandbox -ni"))
 (run (shell "uname -rs && opam exec -- ocaml -version && opam --version"))
 (env OPAMDOWNLOADJOBS 1)
 (env OPAMERRLOGLEN 0)
 (env OPAMSOLVERTIMEOUT 500)
 (env OPAMPRECISETRACKING 1)
 (env CI true)
 (env OPAM_REPO_CI true)
 (run (shell "rm -rf opam-repository/"))
 (copy (src .) (dst opam-repository/))
 (run (shell "opam repository set-url --strict default opam-repository/"))
 (run (network host)
      (shell "opam update --depexts || true"))
 (run (shell "opam pin add -k version -yn ppx_deriving_variant_string.1.0.0 1.0.0"))
 (run (cache (opam-archives (target /home/opam/.opam/download-cache)))
      (network host)
      (shell  "opam reinstall ppx_deriving_variant_string.1.0.0;\
             \n        res=$?;\
             \n        test \"$res\" != 31 && exit \"$res\";\
             \n        export OPAMCLI=2.0;\
             \n        build_dir=$(opam var prefix)/.opam-switch/build;\
             \n        failed=$(ls \"$build_dir\");\
             \n        partial_fails=\"\";\
             \n        for pkg in $failed; do\
             \n          if opam show -f x-ci-accept-failures: \"$pkg\" | grep -qF \"\\\"fedora-40\\\"\"; then\
             \n            echo \"A package failed and has been disabled for CI using the 'x-ci-accept-failures' field.\";\
             \n          fi;\
             \n          test \"$pkg\" != 'ppx_deriving_variant_string.1.0.0' && partial_fails=\"$partial_fails $pkg\";\
             \n        done;\
             \n        test \"${partial_fails}\" != \"\" && echo \"opam-repo-ci detected dependencies failing: ${partial_fails}\";\
             \n        exit 1"))
 (run (network host)
      (shell "(opam reinstall --with-test ppx_deriving_variant_string.1.0.0) || true"))
 (run (shell  "opam reinstall --with-test --verbose ppx_deriving_variant_string.1.0.0;\
             \n        res=$?;\
             \n        test \"$res\" != 31 && exit \"$res\";\
             \n        export OPAMCLI=2.0;\
             \n        build_dir=$(opam var prefix)/.opam-switch/build;\
             \n        failed=$(ls \"$build_dir\");\
             \n        partial_fails=\"\";\
             \n        for pkg in $failed; do\
             \n          if opam show -f x-ci-accept-failures: \"$pkg\" | grep -qF \"\\\"fedora-40\\\"\"; then\
             \n            echo \"A package failed and has been disabled for CI using the 'x-ci-accept-failures' field.\";\
             \n          fi;\
             \n          test \"$pkg\" != 'ppx_deriving_variant_string.1.0.0' && partial_fails=\"$partial_fails $pkg\";\
             \n        done;\
             \n        test \"${partial_fails}\" != \"\" && echo \"opam-repo-ci detected dependencies failing: ${partial_fails}\";\
             \n        exit 1"))
)

2024-05-13 09:24.29: Waiting for resource in pool OCluster
2024-05-13 09:24.54: Waiting for worker…
2024-05-13 09:25.22: Got resource from pool OCluster
Building on doris.caelum.ci.dev
All commits already cached
Updating files:  85% (28671/33653)Updating files:  86% (28942/33653)Updating files:  87% (29279/33653)Updating files:  88% (29615/33653)Updating files:  89% (29952/33653)Updating files:  90% (30288/33653)Updating files:  91% (30625/33653)Updating files:  92% (30961/33653)Updating files:  93% (31298/33653)Updating files:  94% (31634/33653)Updating files:  95% (31971/33653)Updating files:  96% (32307/33653)Updating files:  97% (32644/33653)Updating files:  98% (32980/33653)Updating files:  99% (33317/33653)Updating files: 100% (33653/33653)Updating files: 100% (33653/33653), done.
HEAD is now at c3d26a5899 Merge pull request #25803 from patricoferris/release-ppx_deriving_yaml-v0.3.0
Merge made by the 'ort' strategy.
 .../ppx_deriving_variant_string.1.0.0/opam         | 43 ++++++++++++++++++++++
 1 file changed, 43 insertions(+)
 create mode 100644 packages/ppx_deriving_variant_string/ppx_deriving_variant_string.1.0.0/opam

[01;34m(from ocaml/opam:fedora-40-ocaml-4.14@sha256:3a2458add6599949b1daebdf5cbb413c7098b9038330ebd884ce6ae8f17fd15d)[0m
[01;2m[01;35m2024-05-13 09:26.32 ---> using "e9c68af292818f4be7b8a295f41db4233b09aad605f3840147ef0f230af149b3" from cache[0m

[01;34m/: (user (uid 1000) (gid 1000))[0m

[01;34m/: (workdir /home/opam)[0m

[01;34m/home/opam: (run (shell "sudo ln -f /usr/bin/opam-dev /usr/bin/opam"))[0m
[01;2m[01;35m2024-05-13 09:26.32 ---> using "b6dd0e9c80235f0c54b9521549cf08acc2fd24a08cf3ec1663aa913861457c99" from cache[0m

[01;34m/home/opam: (run (network host)
                 (shell "opam init --reinit --config .opamrc-sandbox -ni"))[0m
Configuring from /home/opam/.opamrc-sandbox, then /home/opam/.opamrc, and finally from built-in defaults.
Checking for available remotes: rsync and local, git.
  - you won't be able to use mercurial repositories unless you install the hg command on your system.
  - you won't be able to use darcs repositories unless you install the darcs command on your system.

This development version of opam requires an update to the layout of /home/opam/.opam from version 2.0 to version 2.2~alpha, which can't be reverted.
You may want to back it up before going further.

Continue? [y/n] y
Format upgrade done.

<><> Updating repositories ><><><><><><><><><><><><><><><><><><><><><><><><><><>
[default] synchronised from file:///home/opam/opam-repository
[01;2m[01;35m2024-05-13 09:26.32 ---> using "d93670a7da203d24d07d3e65509d66db69fe499fed4dc3d8103412435744697f" from cache[0m

[01;34m/home/opam: (run (shell "uname -rs && opam exec -- ocaml -version && opam --version"))[0m
Linux 5.15.0-101-generic
The OCaml toplevel, version 4.14.2
2.2.0~beta3~dev
[01;2m[01;35m2024-05-13 09:26.32 ---> using "2bf092a8a9e85e12a58b92c2b24df2ea57aed36bb634ca0c1b0fbe237417dbe1" from cache[0m

[01;34m/home/opam: (env OPAMDOWNLOADJOBS 1)[0m

[01;34m/home/opam: (env OPAMERRLOGLEN 0)[0m

[01;34m/home/opam: (env OPAMSOLVERTIMEOUT 500)[0m

[01;34m/home/opam: (env OPAMPRECISETRACKING 1)[0m

[01;34m/home/opam: (env CI true)[0m

[01;34m/home/opam: (env OPAM_REPO_CI true)[0m

[01;34m/home/opam: (run (shell "rm -rf opam-repository/"))[0m
[01;2m[01;35m2024-05-13 09:26.32 ---> using "36971d2024e7b4b867ba75167e864dfad3b8208626d9621311a712b9b57fbd1e" from cache[0m

[01;34m/home/opam: (copy (src .) (dst opam-repository/))[0m
[01;2m[01;35m2024-05-13 09:27.09 ---> saved as "796c5c2141ec72949d974f1dd7e9916468cf0bc8092a092b863ab0ad0ef4d512"[0m

[01;34m/home/opam: (run (shell "opam repository set-url --strict default opam-repository/"))[0m
[default] Initialised
[01;2m[01;35m2024-05-13 09:28.12 ---> saved as "8d9d5e8c8a466d5af10762b8ad6386ffa0b0f0df9e2112a3cdebf1d57b82eeb4"[0m

[01;34m/home/opam: (run (network host)
                 (shell "opam update --depexts || true"))[0m
+ /usr/bin/sudo "yum" "makecache"
- Fedora 40 - x86_64                              189 kB/s |  24 kB     00:00    
- Fedora 40 openh264 (From Cisco) - x86_64         10 kB/s | 989  B     00:00    
- Fedora 40 - x86_64 - Updates                    182 kB/s |  22 kB     00:00    
- Fedora 40 - x86_64 - Updates                    7.8 MB/s | 4.7 MB     00:00    
- Metadata cache created.
[01;2m[01;35m2024-05-13 09:28.15 ---> saved as "7ed3c47c0c40b43937e53df0817156cbe957fa17d19990115d74054aa3e3202f"[0m

[01;34m/home/opam: (run (shell "opam pin add -k version -yn ppx_deriving_variant_string.1.0.0 1.0.0"))[0m
ppx_deriving_variant_string is now pinned to version 1.0.0
[01;2m[01;35m2024-05-13 09:28.16 ---> saved as "ddb91a1f19fa40d893ed4e24db52f8e08a5089db97994a515ba6f3ba9b37052d"[0m

[01;34m/home/opam: (run (cache (opam-archives (target /home/opam/.opam/download-cache)))
                 (network host)
                 (shell  "opam reinstall ppx_deriving_variant_string.1.0.0;\
                        \n        res=$?;\
                        \n        test \"$res\" != 31 && exit \"$res\";\
                        \n        export OPAMCLI=2.0;\
                        \n        build_dir=$(opam var prefix)/.opam-switch/build;\
                        \n        failed=$(ls \"$build_dir\");\
                        \n        partial_fails=\"\";\
                        \n        for pkg in $failed; do\
                        \n          if opam show -f x-ci-accept-failures: \"$pkg\" | grep -qF \"\\\"fedora-40\\\"\"; then\
                        \n            echo \"A package failed and has been disabled for CI using the 'x-ci-accept-failures' field.\";\
                        \n          fi;\
                        \n          test \"$pkg\" != 'ppx_deriving_variant_string.1.0.0' && partial_fails=\"$partial_fails $pkg\";\
                        \n        done;\
                        \n        test \"${partial_fails}\" != \"\" && echo \"opam-repo-ci detected dependencies failing: ${partial_fails}\";\
                        \n        exit 1"))[0m
ppx_deriving_variant_string.1.0.0 is not installed. Install it? [y/n] y
The following actions will be performed:
=== install 7 packages
  - install dune                        3.15.2         [required by ppx_deriving_variant_string]
  - install ocaml-compiler-libs         v0.12.4        [required by ppxlib]
  - install ppx_derivers                1.2.1          [required by ppxlib]
  - install ppx_deriving_variant_string 1.0.0 (pinned)
  - install ppxlib                      0.32.1         [required by ppx_deriving_variant_string]
  - install sexplib0                    v0.17.0        [required by ppxlib]
  - install stdlib-shims                0.3.0          [required by ppxlib]

<><> Processing actions <><><><><><><><><><><><><><><><><><><><><><><><><><><><>
-> retrieved dune.3.15.2  (cached)
-> retrieved ocaml-compiler-libs.v0.12.4  (cached)
-> retrieved ppx_derivers.1.2.1  (cached)
-> retrieved ppx_deriving_variant_string.1.0.0  (cached)
-> retrieved ppxlib.0.32.1  (cached)
-> retrieved sexplib0.v0.17.0  (cached)
-> retrieved stdlib-shims.0.3.0  (cached)
-> installed dune.3.15.2
-> installed ppx_derivers.1.2.1
-> installed stdlib-shims.0.3.0
-> installed sexplib0.v0.17.0
-> installed ocaml-compiler-libs.v0.12.4
-> installed ppxlib.0.32.1
-> installed ppx_deriving_variant_string.1.0.0
Done.
# Run eval $(opam env) to update the current shell environment
[01;2m[01;35m2024-05-13 09:28.55 ---> saved as "11c489e1019328088604aed20ce67e79c1fad83ea6dfe49ea288c61b520f47fe"[0m

[01;34m/home/opam: (run (network host)
                 (shell "(opam reinstall --with-test ppx_deriving_variant_string.1.0.0) || true"))[0m
[ERROR] Sorry, resolution of the request timed out.
        Try to specify a more precise request, use a different solver, or increase the allowed time by setting OPAMSOLVERTIMEOUT to a bigger value (currently, it is set to 500.0 seconds).
[01;2m[01;35m2024-05-13 09:37.23 ---> saved as "1d23eead31ee8480b7cbc62ef7384761203d53af51e1fa4f861cec72710974f6"[0m

[01;34m/home/opam: (run (shell  "opam reinstall --with-test --verbose ppx_deriving_variant_string.1.0.0;\
                        \n        res=$?;\
                        \n        test \"$res\" != 31 && exit \"$res\";\
                        \n        export OPAMCLI=2.0;\
                        \n        build_dir=$(opam var prefix)/.opam-switch/build;\
                        \n        failed=$(ls \"$build_dir\");\
                        \n        partial_fails=\"\";\
                        \n        for pkg in $failed; do\
                        \n          if opam show -f x-ci-accept-failures: \"$pkg\" | grep -qF \"\\\"fedora-40\\\"\"; then\
                        \n            echo \"A package failed and has been disabled for CI using the 'x-ci-accept-failures' field.\";\
                        \n          fi;\
                        \n          test \"$pkg\" != 'ppx_deriving_variant_string.1.0.0' && partial_fails=\"$partial_fails $pkg\";\
                        \n        done;\
                        \n        test \"${partial_fails}\" != \"\" && echo \"opam-repo-ci detected dependencies failing: ${partial_fails}\";\
                        \n        exit 1"))[0m
[ERROR] Sorry, resolution of the request timed out.
        Try to specify a more precise request, use a different solver, or increase the allowed time by setting OPAMSOLVERTIMEOUT to a bigger value (currently, it is set to 500.0 seconds).
'opam reinstall --with-test --verbose ppx_deriving_variant_string.1.0.0' failed.
"/usr/bin/env" "bash" "-c" "opam reinstall --with-test --verbose ppx_deriving_variant_string.1.0.0;
        res=$?;
        test "$res" != 31 && exit "$res";
        export OPAMCLI=2.0;
        build_dir=$(opam var prefix)/.opam-switch/build;
        failed=$(ls "$build_dir");
        partial_fails="";
        for pkg in $failed; do
          if opam show -f x-ci-accept-failures: "$pkg" | grep -qF "\"fedora-40\""; then
            echo "A package failed and has been disabled for CI using the 'x-ci-accept-failures' field.";
          fi;
          test "$pkg" != 'ppx_deriving_variant_string.1.0.0' && partial_fails="$partial_fails $pkg";
        done;
        test "${partial_fails}" != "" && echo "opam-repo-ci detected dependencies failing: ${partial_fails}";
        exit 1" failed with exit status 60
2024-05-13 09:45.58: Job failed: Failed: Build failed
2024-05-13 09:45.58: Log analysis:
2024-05-13 09:45.58: >>> 
[ERROR] Sorry, resolution of the request timed out.
 (score = 20)
2024-05-13 09:45.58: >>> 
[ERROR] Sorry, resolution of the request timed out.
 (score = 20)
2024-05-13 09:45.58: Sorry, resolution of the request timed out.
