2024-05-13 20:05.24: New job: test js_of_ocaml-toplevel.5.8.1, using opam dev
                              from https://github.com/ocaml/opam-repository.git#refs/pull/25796/head (5c437502467fa418e8ec322bfdbbff269e4139e2)
                              on debian-12-ocaml-4.14/amd64

To reproduce locally:

cd $(mktemp -d)
git clone --recursive "https://github.com/ocaml/opam-repository.git" && cd "opam-repository" && git fetch origin "refs/pull/25796/head" && git reset --hard 5c437502
git fetch origin master
git merge --no-edit 76d09264e920a27527de605cc64ef1d28ec353cd
cat > ../Dockerfile <<'END-OF-DOCKERFILE'
[34mFROM ocaml/opam:debian-12-ocaml-4.14@sha256:35b1aa76181479f2ba40039ae0c5fa5d94e24300e1eb606117587a8e82e9d89e
USER 1000:1000
WORKDIR /home/opam
RUN sudo ln -f /usr/bin/opam-dev /usr/bin/opam
RUN opam init --reinit -ni
RUN uname -rs && opam exec -- ocaml -version && opam --version
ENV OPAMDOWNLOADJOBS="1"
ENV OPAMERRLOGLEN="0"
ENV OPAMSOLVERTIMEOUT="500"
ENV OPAMPRECISETRACKING="1"
ENV CI="true"
ENV OPAM_REPO_CI="true"
RUN rm -rf opam-repository/
COPY --chown=1000:1000 . opam-repository/
RUN opam repository set-url --strict default opam-repository/
RUN opam update --depexts || true
RUN opam pin add -k version -yn js_of_ocaml-toplevel.5.8.1 5.8.1
RUN opam reinstall js_of_ocaml-toplevel.5.8.1; \
    res=$?; \
    test "$res" != 31 && exit "$res"; \
    export OPAMCLI=2.0; \
    build_dir=$(opam var prefix)/.opam-switch/build; \
    failed=$(ls "$build_dir"); \
    partial_fails=""; \
    for pkg in $failed; do \
    if opam show -f x-ci-accept-failures: "$pkg" | grep -qF "\"debian-12\""; then \
    echo "A package failed and has been disabled for CI using the 'x-ci-accept-failures' field."; \
    fi; \
    test "$pkg" != 'js_of_ocaml-toplevel.5.8.1' && partial_fails="$partial_fails $pkg"; \
    done; \
    test "${partial_fails}" != "" && echo "opam-repo-ci detected dependencies failing: ${partial_fails}"; \
    exit 1
RUN (opam reinstall --with-test js_of_ocaml-toplevel.5.8.1) || true
RUN opam reinstall --with-test --verbose js_of_ocaml-toplevel.5.8.1; \
    res=$?; \
    test "$res" != 31 && exit "$res"; \
    export OPAMCLI=2.0; \
    build_dir=$(opam var prefix)/.opam-switch/build; \
    failed=$(ls "$build_dir"); \
    partial_fails=""; \
    for pkg in $failed; do \
    if opam show -f x-ci-accept-failures: "$pkg" | grep -qF "\"debian-12\""; then \
    echo "A package failed and has been disabled for CI using the 'x-ci-accept-failures' field."; \
    fi; \
    test "$pkg" != 'js_of_ocaml-toplevel.5.8.1' && partial_fails="$partial_fails $pkg"; \
    done; \
    test "${partial_fails}" != "" && echo "opam-repo-ci detected dependencies failing: ${partial_fails}"; \
    exit 1
[0m
END-OF-DOCKERFILE
docker build -f ../Dockerfile .

2024-05-13 20:05.24: Using cache hint "ocaml/opam:debian-12-ocaml-4.14@sha256:35b1aa76181479f2ba40039ae0c5fa5d94e24300e1eb606117587a8e82e9d89e-js_of_ocaml-toplevel.5.8.1-5c437502467fa418e8ec322bfdbbff269e4139e2"
2024-05-13 20:05.24: Using OBuilder spec:
((from ocaml/opam:debian-12-ocaml-4.14@sha256:35b1aa76181479f2ba40039ae0c5fa5d94e24300e1eb606117587a8e82e9d89e)
 (user (uid 1000) (gid 1000))
 (workdir /home/opam)
 (run (shell "sudo ln -f /usr/bin/opam-dev /usr/bin/opam"))
 (run (network host)
      (shell "opam init --reinit --config .opamrc-sandbox -ni"))
 (run (shell "uname -rs && opam exec -- ocaml -version && opam --version"))
 (env OPAMDOWNLOADJOBS 1)
 (env OPAMERRLOGLEN 0)
 (env OPAMSOLVERTIMEOUT 500)
 (env OPAMPRECISETRACKING 1)
 (env CI true)
 (env OPAM_REPO_CI true)
 (run (shell "rm -rf opam-repository/"))
 (copy (src .) (dst opam-repository/))
 (run (shell "opam repository set-url --strict default opam-repository/"))
 (run (network host)
      (shell "opam update --depexts || true"))
 (run (shell "opam pin add -k version -yn js_of_ocaml-toplevel.5.8.1 5.8.1"))
 (run (cache (opam-archives (target /home/opam/.opam/download-cache)))
      (network host)
      (shell  "opam reinstall js_of_ocaml-toplevel.5.8.1;\
             \n        res=$?;\
             \n        test \"$res\" != 31 && exit \"$res\";\
             \n        export OPAMCLI=2.0;\
             \n        build_dir=$(opam var prefix)/.opam-switch/build;\
             \n        failed=$(ls \"$build_dir\");\
             \n        partial_fails=\"\";\
             \n        for pkg in $failed; do\
             \n          if opam show -f x-ci-accept-failures: \"$pkg\" | grep -qF \"\\\"debian-12\\\"\"; then\
             \n            echo \"A package failed and has been disabled for CI using the 'x-ci-accept-failures' field.\";\
             \n          fi;\
             \n          test \"$pkg\" != 'js_of_ocaml-toplevel.5.8.1' && partial_fails=\"$partial_fails $pkg\";\
             \n        done;\
             \n        test \"${partial_fails}\" != \"\" && echo \"opam-repo-ci detected dependencies failing: ${partial_fails}\";\
             \n        exit 1"))
 (run (network host)
      (shell "(opam reinstall --with-test js_of_ocaml-toplevel.5.8.1) || true"))
 (run (shell  "opam reinstall --with-test --verbose js_of_ocaml-toplevel.5.8.1;\
             \n        res=$?;\
             \n        test \"$res\" != 31 && exit \"$res\";\
             \n        export OPAMCLI=2.0;\
             \n        build_dir=$(opam var prefix)/.opam-switch/build;\
             \n        failed=$(ls \"$build_dir\");\
             \n        partial_fails=\"\";\
             \n        for pkg in $failed; do\
             \n          if opam show -f x-ci-accept-failures: \"$pkg\" | grep -qF \"\\\"debian-12\\\"\"; then\
             \n            echo \"A package failed and has been disabled for CI using the 'x-ci-accept-failures' field.\";\
             \n          fi;\
             \n          test \"$pkg\" != 'js_of_ocaml-toplevel.5.8.1' && partial_fails=\"$partial_fails $pkg\";\
             \n        done;\
             \n        test \"${partial_fails}\" != \"\" && echo \"opam-repo-ci detected dependencies failing: ${partial_fails}\";\
             \n        exit 1"))
)

2024-05-13 20:05.24: Waiting for resource in pool OCluster
2024-05-13 20:05.24: Waiting for worker…
2024-05-13 20:18.57: Got resource from pool OCluster
Building on x86-bm-c2.sw.ocaml.org
All commits already cached
Updating files:  97% (32804/33673)Updating files:  98% (33000/33673)Updating files:  99% (33337/33673)Updating files: 100% (33673/33673)Updating files: 100% (33673/33673), done.
HEAD is now at 76d09264e9 Merge pull request #25865 from Octachron/OCaml_5.2.0_release
Merge made by the 'ort' strategy.
 .../js_of_ocaml-compiler.5.8.1/opam                | 55 ++++++++++++++++++++++
 .../js_of_ocaml-lwt/js_of_ocaml-lwt.5.8.1/opam     | 48 +++++++++++++++++++
 .../js_of_ocaml-ppx/js_of_ocaml-ppx.5.8.1/opam     | 45 ++++++++++++++++++
 .../js_of_ocaml-ppx_deriving_json.5.8.1/opam       | 45 ++++++++++++++++++
 .../js_of_ocaml-toplevel.5.8.1/opam                | 48 +++++++++++++++++++
 .../js_of_ocaml-tyxml/js_of_ocaml-tyxml.5.8.1/opam | 49 +++++++++++++++++++
 packages/js_of_ocaml/js_of_ocaml.5.8.1/opam        | 45 ++++++++++++++++++
 7 files changed, 335 insertions(+)
 create mode 100644 packages/js_of_ocaml-compiler/js_of_ocaml-compiler.5.8.1/opam
 create mode 100644 packages/js_of_ocaml-lwt/js_of_ocaml-lwt.5.8.1/opam
 create mode 100644 packages/js_of_ocaml-ppx/js_of_ocaml-ppx.5.8.1/opam
 create mode 100644 packages/js_of_ocaml-ppx_deriving_json/js_of_ocaml-ppx_deriving_json.5.8.1/opam
 create mode 100644 packages/js_of_ocaml-toplevel/js_of_ocaml-toplevel.5.8.1/opam
 create mode 100644 packages/js_of_ocaml-tyxml/js_of_ocaml-tyxml.5.8.1/opam
 create mode 100644 packages/js_of_ocaml/js_of_ocaml.5.8.1/opam

[01;34m(from ocaml/opam:debian-12-ocaml-4.14@sha256:35b1aa76181479f2ba40039ae0c5fa5d94e24300e1eb606117587a8e82e9d89e)[0m
[01;2m[01;35m2024-05-13 20:19.15 ---> using "6bc7e89b5725106f75c11a8b774d971b425f7dab532e626727166f8fc8501d75" from cache[0m

[01;34m/: (user (uid 1000) (gid 1000))[0m

[01;34m/: (workdir /home/opam)[0m

[01;34m/home/opam: (run (shell "sudo ln -f /usr/bin/opam-dev /usr/bin/opam"))[0m
[01;2m[01;35m2024-05-13 20:19.15 ---> using "6c46928c87bd33edd5e231c6d2911f55a5eec75b812a3d7fda9fca2b12f57d18" from cache[0m

[01;34m/home/opam: (run (network host)
                 (shell "opam init --reinit --config .opamrc-sandbox -ni"))[0m
Configuring from /home/opam/.opamrc-sandbox, then /home/opam/.opamrc, and finally from built-in defaults.
Checking for available remotes: rsync and local, git.
  - you won't be able to use mercurial repositories unless you install the hg command on your system.
  - you won't be able to use darcs repositories unless you install the darcs command on your system.

This development version of opam requires an update to the layout of /home/opam/.opam from version 2.0 to version 2.2~alpha, which can't be reverted.
You may want to back it up before going further.

Continue? [y/n] y
[NOTE] The 'jobs' option was reset, its value was 255 and its new value will vary according to the current number of cores on your machine. You can restore the fixed value using:
           opam option jobs=255 --global
Format upgrade done.

<><> Updating repositories ><><><><><><><><><><><><><><><><><><><><><><><><><><>
[default] synchronised from file:///home/opam/opam-repository
[01;2m[01;35m2024-05-13 20:19.15 ---> using "3788b182527ec34e6f4ace4f954db383e2985afce7b5a5d65b696ddea02578e3" from cache[0m

[01;34m/home/opam: (run (shell "uname -rs && opam exec -- ocaml -version && opam --version"))[0m
Linux 5.15.0-101-generic
The OCaml toplevel, version 4.14.2
2.2.0~beta3~dev
[01;2m[01;35m2024-05-13 20:19.15 ---> using "c7bf2e2bd9245a43ecc8d21b4a2e1fa9eed2aa27ec394d7eebda31d38857e6c9" from cache[0m

[01;34m/home/opam: (env OPAMDOWNLOADJOBS 1)[0m

[01;34m/home/opam: (env OPAMERRLOGLEN 0)[0m

[01;34m/home/opam: (env OPAMSOLVERTIMEOUT 500)[0m

[01;34m/home/opam: (env OPAMPRECISETRACKING 1)[0m

[01;34m/home/opam: (env CI true)[0m

[01;34m/home/opam: (env OPAM_REPO_CI true)[0m

[01;34m/home/opam: (run (shell "rm -rf opam-repository/"))[0m
[01;2m[01;35m2024-05-13 20:19.15 ---> using "112dde4704bddd0267c8982796c8bcbcc4f65cf21c3dfeb42addcfb7cee9ac89" from cache[0m

[01;34m/home/opam: (copy (src .) (dst opam-repository/))[0m
[01;2m[01;35m2024-05-13 20:19.16 ---> using "8d540e2b3f2a2e9484b5e90774d8c94e9c3c84cbf4bb85f9b9fe346c9f5efc33" from cache[0m

[01;34m/home/opam: (run (shell "opam repository set-url --strict default opam-repository/"))[0m
[default] Initialised
[01;2m[01;35m2024-05-13 20:20.21 ---> saved as "44692dfa147c70a4f8c6fc5e1cd23c9fca52c94f290cc6ffe86a6e0fbd9bd1ef"[0m

[01;34m/home/opam: (run (network host)
                 (shell "opam update --depexts || true"))[0m
+ /usr/bin/sudo "apt-get" "update"
- Hit:1 http://deb.debian.org/debian bookworm InRelease
- Get:2 http://deb.debian.org/debian bookworm-updates InRelease [55.4 kB]
- Get:3 http://deb.debian.org/debian-security bookworm-security InRelease [48.0 kB]
- Get:4 http://deb.debian.org/debian bookworm-updates/main amd64 Packages.diff/Index [10.6 kB]
- Get:5 http://deb.debian.org/debian bookworm-updates/main amd64 Packages T-2024-04-23-2036.10-F-2024-04-23-2036.10.pdiff [1595 B]
- Get:5 http://deb.debian.org/debian bookworm-updates/main amd64 Packages T-2024-04-23-2036.10-F-2024-04-23-2036.10.pdiff [1595 B]
- Get:6 http://deb.debian.org/debian-security bookworm-security/main amd64 Packages [156 kB]
- Fetched 272 kB in 0s (830 kB/s)
- Reading package lists...
[01;2m[01;35m2024-05-13 20:20.23 ---> saved as "5f1462831dd14f652dcc2b56944ef53ce11f5b293b22aedc841cfb327ebe49eb"[0m

[01;34m/home/opam: (run (shell "opam pin add -k version -yn js_of_ocaml-toplevel.5.8.1 5.8.1"))[0m
js_of_ocaml-toplevel is now pinned to version 5.8.1
[01;2m[01;35m2024-05-13 20:20.23 ---> saved as "7302581fba65bc2781d6e1997c7726d6238a9daeae5bf0b95763f62271e8c64e"[0m

[01;34m/home/opam: (run (cache (opam-archives (target /home/opam/.opam/download-cache)))
                 (network host)
                 (shell  "opam reinstall js_of_ocaml-toplevel.5.8.1;\
                        \n        res=$?;\
                        \n        test \"$res\" != 31 && exit \"$res\";\
                        \n        export OPAMCLI=2.0;\
                        \n        build_dir=$(opam var prefix)/.opam-switch/build;\
                        \n        failed=$(ls \"$build_dir\");\
                        \n        partial_fails=\"\";\
                        \n        for pkg in $failed; do\
                        \n          if opam show -f x-ci-accept-failures: \"$pkg\" | grep -qF \"\\\"debian-12\\\"\"; then\
                        \n            echo \"A package failed and has been disabled for CI using the 'x-ci-accept-failures' field.\";\
                        \n          fi;\
                        \n          test \"$pkg\" != 'js_of_ocaml-toplevel.5.8.1' && partial_fails=\"$partial_fails $pkg\";\
                        \n        done;\
                        \n        test \"${partial_fails}\" != \"\" && echo \"opam-repo-ci detected dependencies failing: ${partial_fails}\";\
                        \n        exit 1"))[0m
js_of_ocaml-toplevel.5.8.1 is not installed. Install it? [y/n] y
The following actions will be performed:
=== install 19 packages
  - install cmdliner             1.2.0          [required by js_of_ocaml-compiler]
  - install cppo                 1.6.9          [required by yojson]
  - install dune                 3.15.2         [required by js_of_ocaml-toplevel]
  - install gen                  1.1            [required by sedlex]
  - install js_of_ocaml-compiler 5.8.1          [required by js_of_ocaml-toplevel]
  - install js_of_ocaml-toplevel 5.8.1 (pinned)
  - install menhir               20231231       [required by js_of_ocaml-compiler]
  - install menhirCST            20231231       [required by menhir]
  - install menhirLib            20231231       [required by js_of_ocaml-compiler]
  - install menhirSdk            20231231       [required by js_of_ocaml-compiler]
  - install ocaml-compiler-libs  v0.12.4        [required by ppxlib]
  - install ocamlfind            1.9.6          [required by js_of_ocaml-toplevel]
  - install ppx_derivers         1.2.1          [required by ppxlib]
  - install ppxlib               0.32.1         [required by js_of_ocaml-compiler]
  - install sedlex               3.2            [required by js_of_ocaml-compiler]
  - install seq                  base           [required by yojson]
  - install sexplib0             v0.17.0        [required by ppxlib]
  - install stdlib-shims         0.3.0          [required by ppxlib]
  - install yojson               2.1.2          [required by js_of_ocaml-compiler]

<><> Processing actions <><><><><><><><><><><><><><><><><><><><><><><><><><><><>
-> retrieved cmdliner.1.2.0  (cached)
-> retrieved cppo.1.6.9  (cached)
-> retrieved dune.3.15.2  (cached)
-> retrieved gen.1.1  (cached)
-> retrieved js_of_ocaml-compiler.5.8.1, js_of_ocaml-toplevel.5.8.1  (cached)
-> retrieved menhir.20231231, menhirCST.20231231, menhirLib.20231231, menhirSdk.20231231  (cached)
-> installed cmdliner.1.2.0
-> retrieved ocaml-compiler-libs.v0.12.4  (cached)
-> retrieved ocamlfind.1.9.6  (cached)
-> retrieved ppx_derivers.1.2.1  (cached)
-> retrieved ppxlib.0.32.1  (cached)
-> retrieved sedlex.3.2  (cached)
-> installed seq.base
-> retrieved sexplib0.v0.17.0  (cached)
-> retrieved stdlib-shims.0.3.0  (cached)
-> retrieved yojson.2.1.2  (cached)
-> installed ocamlfind.1.9.6
-> installed dune.3.15.2
-> installed menhirCST.20231231
-> installed ppx_derivers.1.2.1
-> installed stdlib-shims.0.3.0
-> installed menhirSdk.20231231
-> installed sexplib0.v0.17.0
-> installed menhirLib.20231231
-> installed gen.1.1
-> installed cppo.1.6.9
-> installed ocaml-compiler-libs.v0.12.4
-> installed yojson.2.1.2
-> installed menhir.20231231
-> installed ppxlib.0.32.1
-> installed sedlex.3.2
-> installed js_of_ocaml-compiler.5.8.1
-> installed js_of_ocaml-toplevel.5.8.1
Done.
# Run eval $(opam env) to update the current shell environment
[01;2m[01;35m2024-05-13 20:21.57 ---> saved as "a44d21a30cf79e30941ee1130704b45afe2af577f03f6a78ec68952be3f83af9"[0m

[01;34m/home/opam: (run (network host)
                 (shell "(opam reinstall --with-test js_of_ocaml-toplevel.5.8.1) || true"))[0m
[ERROR] Sorry, resolution of the request timed out.
        Try to specify a more precise request, use a different solver, or increase the allowed time by setting OPAMSOLVERTIMEOUT to a bigger value (currently, it is set to 500.0 seconds).
[01;2m[01;35m2024-05-13 20:30.35 ---> saved as "4a345d13b9de5c89d8aa579eb8d053d94fbeb729e565029bb6ed44d1157fe158"[0m

[01;34m/home/opam: (run (shell  "opam reinstall --with-test --verbose js_of_ocaml-toplevel.5.8.1;\
                        \n        res=$?;\
                        \n        test \"$res\" != 31 && exit \"$res\";\
                        \n        export OPAMCLI=2.0;\
                        \n        build_dir=$(opam var prefix)/.opam-switch/build;\
                        \n        failed=$(ls \"$build_dir\");\
                        \n        partial_fails=\"\";\
                        \n        for pkg in $failed; do\
                        \n          if opam show -f x-ci-accept-failures: \"$pkg\" | grep -qF \"\\\"debian-12\\\"\"; then\
                        \n            echo \"A package failed and has been disabled for CI using the 'x-ci-accept-failures' field.\";\
                        \n          fi;\
                        \n          test \"$pkg\" != 'js_of_ocaml-toplevel.5.8.1' && partial_fails=\"$partial_fails $pkg\";\
                        \n        done;\
                        \n        test \"${partial_fails}\" != \"\" && echo \"opam-repo-ci detected dependencies failing: ${partial_fails}\";\
                        \n        exit 1"))[0m
[ERROR] Sorry, resolution of the request timed out.
        Try to specify a more precise request, use a different solver, or increase the allowed time by setting OPAMSOLVERTIMEOUT to a bigger value (currently, it is set to 500.0 seconds).
'opam reinstall --with-test --verbose js_of_ocaml-toplevel.5.8.1' failed.
"/usr/bin/env" "bash" "-c" "opam reinstall --with-test --verbose js_of_ocaml-toplevel.5.8.1;
        res=$?;
        test "$res" != 31 && exit "$res";
        export OPAMCLI=2.0;
        build_dir=$(opam var prefix)/.opam-switch/build;
        failed=$(ls "$build_dir");
        partial_fails="";
        for pkg in $failed; do
          if opam show -f x-ci-accept-failures: "$pkg" | grep -qF "\"debian-12\""; then
            echo "A package failed and has been disabled for CI using the 'x-ci-accept-failures' field.";
          fi;
          test "$pkg" != 'js_of_ocaml-toplevel.5.8.1' && partial_fails="$partial_fails $pkg";
        done;
        test "${partial_fails}" != "" && echo "opam-repo-ci detected dependencies failing: ${partial_fails}";
        exit 1" failed with exit status 60
2024-05-13 20:39.22: Job failed: Failed: Build failed
2024-05-13 20:39.22: Log analysis:
2024-05-13 20:39.22: >>> 
[ERROR] Sorry, resolution of the request timed out.
 (score = 20)
2024-05-13 20:39.22: >>> 
[ERROR] Sorry, resolution of the request timed out.
 (score = 20)
2024-05-13 20:39.22: Sorry, resolution of the request timed out.
