2024-05-14 15:37.32: New job: test sihl-core.0.2.1, using opam dev
                              from https://github.com/ocaml/opam-repository.git#refs/pull/25818/head (e342646724cf48470d12ed8fdd05429c43503303)
                              on freebsd-ocaml-4.14/amd64

To reproduce locally:

cd $(mktemp -d)
git clone --recursive "https://github.com/ocaml/opam-repository.git" && cd "opam-repository" && git fetch origin "refs/pull/25818/head" && git reset --hard e3426467
git fetch origin master
git merge --no-edit 562676196a4a2fa9f467757c5f0cf1633dc592d4
cat > ../Dockerfile <<'END-OF-DOCKERFILE'
[34mFROM freebsd-ocaml-4.14
USER 1000:1000
WORKDIR /home/opam
RUN sudo ln -f /usr/local/bin/opam-dev /usr/local/bin/opam
RUN opam init --reinit -ni
RUN uname -rs && opam exec -- ocaml -version && opam --version
ENV OPAMDOWNLOADJOBS="1"
ENV OPAMERRLOGLEN="0"
ENV OPAMSOLVERTIMEOUT="500"
ENV OPAMPRECISETRACKING="1"
ENV CI="true"
ENV OPAM_REPO_CI="true"
RUN rm -rf opam-repository/
COPY --chown=1000:1000 . opam-repository/
RUN opam repository set-url --strict default opam-repository/
RUN opam update --depexts || true
RUN opam pin add -k version -yn sihl-core.0.2.1 0.2.1
RUN opam reinstall sihl-core.0.2.1; \
    res=$?; \
    test "$res" != 31 && exit "$res"; \
    export OPAMCLI=2.0; \
    build_dir=$(opam var prefix)/.opam-switch/build; \
    failed=$(ls "$build_dir"); \
    partial_fails=""; \
    for pkg in $failed; do \
    if opam show -f x-ci-accept-failures: "$pkg" | grep -qF "\"freebsd\""; then \
    echo "A package failed and has been disabled for CI using the 'x-ci-accept-failures' field."; \
    fi; \
    test "$pkg" != 'sihl-core.0.2.1' && partial_fails="$partial_fails $pkg"; \
    done; \
    test "${partial_fails}" != "" && echo "opam-repo-ci detected dependencies failing: ${partial_fails}"; \
    exit 1
RUN (opam reinstall --with-test sihl-core.0.2.1) || true
RUN opam reinstall --with-test --verbose sihl-core.0.2.1; \
    res=$?; \
    test "$res" != 31 && exit "$res"; \
    export OPAMCLI=2.0; \
    build_dir=$(opam var prefix)/.opam-switch/build; \
    failed=$(ls "$build_dir"); \
    partial_fails=""; \
    for pkg in $failed; do \
    if opam show -f x-ci-accept-failures: "$pkg" | grep -qF "\"freebsd\""; then \
    echo "A package failed and has been disabled for CI using the 'x-ci-accept-failures' field."; \
    fi; \
    test "$pkg" != 'sihl-core.0.2.1' && partial_fails="$partial_fails $pkg"; \
    done; \
    test "${partial_fails}" != "" && echo "opam-repo-ci detected dependencies failing: ${partial_fails}"; \
    exit 1
[0m
END-OF-DOCKERFILE
docker build -f ../Dockerfile .

2024-05-14 15:37.32: Using cache hint "freebsd-ocaml-4.14-sihl-core.0.2.1-e342646724cf48470d12ed8fdd05429c43503303"
2024-05-14 15:37.32: Using OBuilder spec:
((from freebsd-ocaml-4.14)
 (user (uid 1000) (gid 1000))
 (workdir /home/opam)
 (run (shell "sudo ln -f /usr/local/bin/opam-dev /usr/local/bin/opam"))
 (run (network host)
      (shell "opam init --reinit -ni"))
 (run (shell "uname -rs && opam exec -- ocaml -version && opam --version"))
 (env OPAMDOWNLOADJOBS 1)
 (env OPAMERRLOGLEN 0)
 (env OPAMSOLVERTIMEOUT 500)
 (env OPAMPRECISETRACKING 1)
 (env CI true)
 (env OPAM_REPO_CI true)
 (run (shell "rm -rf opam-repository/"))
 (copy (src .) (dst opam-repository/))
 (run (shell "opam repository set-url --strict default opam-repository/"))
 (run (network host)
      (shell "opam update --depexts || true"))
 (run (shell "opam pin add -k version -yn sihl-core.0.2.1 0.2.1"))
 (run (cache (opam-archives (target /home/opam/.opam/download-cache)))
      (network host)
      (shell  "opam reinstall sihl-core.0.2.1;\
             \n        res=$?;\
             \n        test \"$res\" != 31 && exit \"$res\";\
             \n        export OPAMCLI=2.0;\
             \n        build_dir=$(opam var prefix)/.opam-switch/build;\
             \n        failed=$(ls \"$build_dir\");\
             \n        partial_fails=\"\";\
             \n        for pkg in $failed; do\
             \n          if opam show -f x-ci-accept-failures: \"$pkg\" | grep -qF \"\\\"freebsd\\\"\"; then\
             \n            echo \"A package failed and has been disabled for CI using the 'x-ci-accept-failures' field.\";\
             \n          fi;\
             \n          test \"$pkg\" != 'sihl-core.0.2.1' && partial_fails=\"$partial_fails $pkg\";\
             \n        done;\
             \n        test \"${partial_fails}\" != \"\" && echo \"opam-repo-ci detected dependencies failing: ${partial_fails}\";\
             \n        exit 1"))
 (run (network host)
      (shell "(opam reinstall --with-test sihl-core.0.2.1) || true"))
 (run (shell  "opam reinstall --with-test --verbose sihl-core.0.2.1;\
             \n        res=$?;\
             \n        test \"$res\" != 31 && exit \"$res\";\
             \n        export OPAMCLI=2.0;\
             \n        build_dir=$(opam var prefix)/.opam-switch/build;\
             \n        failed=$(ls \"$build_dir\");\
             \n        partial_fails=\"\";\
             \n        for pkg in $failed; do\
             \n          if opam show -f x-ci-accept-failures: \"$pkg\" | grep -qF \"\\\"freebsd\\\"\"; then\
             \n            echo \"A package failed and has been disabled for CI using the 'x-ci-accept-failures' field.\";\
             \n          fi;\
             \n          test \"$pkg\" != 'sihl-core.0.2.1' && partial_fails=\"$partial_fails $pkg\";\
             \n        done;\
             \n        test \"${partial_fails}\" != \"\" && echo \"opam-repo-ci detected dependencies failing: ${partial_fails}\";\
             \n        exit 1"))
)

2024-05-14 15:37.32: Connecting to build cluster…
2024-05-14 15:37.32: Waiting for resource in pool OCluster
2024-05-14 15:50.26: Waiting for worker…
2024-05-14 16:20.35: Got resource from pool OCluster
Building on spring
All commits already cached
Updating files: 100% (33719/33719), done.
HEAD is now at 562676196a Merge pull request #25846 from kit-ty-kate/fix-296
Merge made by the 'ort' strategy.
 .../base_bigstring/base_bigstring.v0.17.0/opam     | 27 +++++++++++
 .../base_quickcheck/base_quickcheck.v0.17.0/opam   | 34 ++++++++++++++
 packages/bin_prot/bin_prot.v0.17.0/opam            | 38 ++++++++++++++++
 packages/bio_io/bio_io.0.5.1/opam                  |  2 +-
 packages/bio_io/bio_io.0.6.0/opam                  |  2 +-
 packages/caisar-ir/caisar-ir.0.2/opam              |  2 +-
 packages/caisar-nnet/caisar-nnet.0.1/opam          |  2 +-
 packages/caisar-nnet/caisar-nnet.0.2/opam          |  2 +-
 packages/caisar-onnx/caisar-onnx.0.1/opam          |  2 +-
 packages/caisar-onnx/caisar-onnx.0.2/opam          |  2 +-
 packages/caisar-ovo/caisar-ovo.0.1/opam            |  2 +-
 packages/caisar-ovo/caisar-ovo.0.2/opam            |  2 +-
 packages/camlimages/camlimages.5.0.5/opam          |  2 +-
 .../capitalization/capitalization.v0.17.0/opam     | 25 ++++++++++
 packages/core/core.v0.17.0/opam                    | 50 ++++++++++++++++++++
 packages/dotenv/dotenv.0.0.1/opam                  |  2 +-
 packages/dotenv/dotenv.0.0.3/opam                  |  2 +-
 packages/feather/feather.0.2.0/opam                |  2 +-
 packages/feather/feather.0.3.0/opam                |  2 +-
 packages/fiber-lwt/fiber-lwt.3.7.0/opam            |  2 +-
 packages/fiber/fiber.3.7.0/opam                    |  2 +-
 packages/fieldslib/fieldslib.v0.17.0/opam          | 28 ++++++++++++
 packages/gel/gel.v0.17.0/opam                      | 26 +++++++++++
 packages/genspio/genspio.0.0.3/opam                |  2 +-
 packages/http/http.6.0.0~alpha2/opam               |  2 +-
 packages/http/http.6.0.0~beta2/opam                |  2 +-
 packages/idd/idd.0.1/opam                          |  2 +-
 packages/int_repr/int_repr.v0.17.0/opam            | 26 +++++++++++
 .../jane-street-headers.v0.17.0/opam               | 24 ++++++++++
 packages/jst-config/jst-config.v0.17.0/opam        | 32 +++++++++++++
 packages/lacaml/lacaml.10.0.1/opam                 |  2 +-
 packages/lacaml/lacaml.10.0.2/opam                 |  2 +-
 packages/lacaml/lacaml.11.0.0/opam                 |  2 +-
 packages/lacaml/lacaml.11.0.1/opam                 |  2 +-
 packages/lacaml/lacaml.11.0.2/opam                 |  2 +-
 packages/lacaml/lacaml.11.0.3/opam                 |  2 +-
 packages/lacaml/lacaml.11.0.4/opam                 |  2 +-
 packages/lacaml/lacaml.11.0.5/opam                 |  2 +-
 packages/lacaml/lacaml.11.0.6/opam                 |  2 +-
 packages/logical/logical.0.3.0/opam                |  2 +-
 packages/matplotlib/matplotlib.0.1/opam            |  2 +-
 packages/matplotlib/matplotlib.0.2/opam            |  2 +-
 packages/merge-fmt/merge-fmt.0.1/opam              |  2 +-
 packages/merge-fmt/merge-fmt.0.2/opam              |  2 +-
 packages/merge-fmt/merge-fmt.0.3/opam              |  2 +-
 packages/nuscr/nuscr.2.1.0/opam                    |  2 +-
 packages/nuscr/nuscr.2.1.1/opam                    |  2 +-
 .../ocaml-protoc-plugin.1.0.0/opam                 |  2 +-
 .../ocaml-protoc-plugin.2.0.0/opam                 |  2 +-
 .../ocaml-protoc-plugin.3.0.0/opam                 |  2 +-
 .../ocaml-protoc-plugin.4.0.0/opam                 |  2 +-
 .../ocaml-protoc-plugin.4.1.0/opam                 |  2 +-
 .../ocaml-protoc-plugin.4.2.0/opam                 |  2 +-
 .../ocaml-protoc-plugin.4.3.1/opam                 |  2 +-
 .../ocaml-protoc-plugin.4.4.0/opam                 |  2 +-
 .../ocaml-protoc-plugin.4.5.0/opam                 |  2 +-
 packages/ocaml-r/ocaml-r.0.1.0/opam                |  2 +-
 packages/ocaml-r/ocaml-r.0.1.1/opam                |  2 +-
 packages/ocaml-r/ocaml-r.0.2.0/opam                |  2 +-
 packages/ocaml-r/ocaml-r.0.3.0/opam                |  2 +-
 packages/ocaml-r/ocaml-r.0.3.1/opam                |  2 +-
 packages/ocaml-r/ocaml-r.0.4.0/opam                |  2 +-
 packages/ocaml-r/ocaml-r.0.5.0/opam                |  2 +-
 packages/ocaml-r/ocaml-r.0.6.0/opam                |  2 +-
 packages/ocamlformat/ocamlformat.0.23.0/opam       |  2 +-
 packages/ocamlformat/ocamlformat.0.24.1/opam       |  2 +-
 packages/parsexp/parsexp.v0.17.0/opam              | 43 ++++++++++++++++++
 packages/postgresql/postgresql.4.1.0/opam          |  2 +-
 packages/postgresql/postgresql.4.2.0/opam          |  2 +-
 packages/postgresql/postgresql.4.2.1/opam          |  2 +-
 packages/postgresql/postgresql.4.3.0/opam          |  2 +-
 packages/postgresql/postgresql.4.4.0/opam          |  2 +-
 packages/postgresql/postgresql.4.4.1/opam          |  2 +-
 packages/postgresql/postgresql.4.4.2/opam          |  2 +-
 packages/postgresql/postgresql.4.5.0/opam          |  2 +-
 packages/postgresql/postgresql.4.5.1/opam          |  2 +-
 packages/postgresql/postgresql.4.5.2/opam          |  2 +-
 packages/postgresql/postgresql.4.6.0/opam          |  2 +-
 packages/postgresql/postgresql.4.6.1/opam          |  2 +-
 packages/ppx_assert/ppx_assert.v0.17.0/opam        | 30 ++++++++++++
 packages/ppx_base/ppx_base.v0.17.0/opam            | 34 ++++++++++++++
 packages/ppx_bench/ppx_bench.v0.17.0/opam          | 26 +++++++++++
 packages/ppx_bin_prot/ppx_bin_prot.v0.17.0/opam    | 29 ++++++++++++
 packages/ppx_cold/ppx_cold.v0.17.0/opam            | 26 +++++++++++
 packages/ppx_compare/ppx_compare.v0.17.0/opam      | 27 +++++++++++
 .../ppx_custom_printf.v0.17.0/opam                 | 27 +++++++++++
 .../ppx_deriving_cad/ppx_deriving_cad.0.1.0/opam   |  2 +-
 .../ppx_deriving_cad/ppx_deriving_cad.0.2.0/opam   |  2 +-
 .../ppx_deriving_scad/ppx_deriving_scad.1.0.0/opam |  2 +-
 packages/ppx_diff/ppx_diff.v0.17.0/opam            | 31 +++++++++++++
 .../ppx_disable_unused_warnings.v0.17.0/opam       | 26 +++++++++++
 packages/ppx_enumerate/ppx_enumerate.v0.17.0/opam  | 27 +++++++++++
 packages/ppx_expect/ppx_expect.v0.17.0/opam        | 29 ++++++++++++
 .../ppx_fields_conv/ppx_fields_conv.v0.17.0/opam   | 27 +++++++++++
 .../ppx_fixed_literal.v0.17.0/opam                 | 27 +++++++++++
 packages/ppx_globalize/ppx_globalize.v0.17.0/opam  | 27 +++++++++++
 packages/ppx_hash/ppx_hash.v0.17.0/opam            | 29 ++++++++++++
 packages/ppx_here/ppx_here.v0.17.0/opam            | 26 +++++++++++
 .../ppx_ignore_instrumentation.v0.17.0/opam        | 26 +++++++++++
 .../ppx_inline_test/ppx_inline_test.v0.17.0/opam   | 27 +++++++++++
 packages/ppx_jane/ppx_jane.v0.17.0/opam            | 53 ++++++++++++++++++++++
 packages/ppx_let/ppx_let.v0.17.0/opam              | 27 +++++++++++
 packages/ppx_log/ppx_log.v0.17.0/opam              | 39 ++++++++++++++++
 .../ppx_module_timer/ppx_module_timer.v0.17.0/opam | 29 ++++++++++++
 packages/ppx_optcomp/ppx_optcomp.v0.17.0/opam      | 27 +++++++++++
 packages/ppx_optional/ppx_optional.v0.17.0/opam    | 28 ++++++++++++
 packages/ppx_pipebang/ppx_pipebang.v0.17.0/opam    | 25 ++++++++++
 .../ppx_protocol_conv/ppx_protocol_conv.5.1.3/opam |  2 +-
 packages/ppx_rapper/ppx_rapper.1.0.1/opam          |  2 +-
 packages/ppx_rapper/ppx_rapper.1.0.2/opam          |  2 +-
 packages/ppx_rapper/ppx_rapper.1.1.0/opam          |  2 +-
 packages/ppx_rapper/ppx_rapper.1.1.1/opam          |  2 +-
 packages/ppx_rapper/ppx_rapper.1.2.0/opam          |  2 +-
 packages/ppx_rapper/ppx_rapper.2.0.0/opam          |  2 +-
 packages/ppx_rapper/ppx_rapper.3.0.0/opam          |  2 +-
 packages/ppx_rapper/ppx_rapper.3.1.0/opam          |  2 +-
 packages/ppx_sexp_conv/ppx_sexp_conv.v0.17.0/opam  | 28 ++++++++++++
 .../ppx_sexp_message/ppx_sexp_message.v0.17.0/opam | 28 ++++++++++++
 .../ppx_sexp_value/ppx_sexp_value.v0.17.0/opam     | 28 ++++++++++++
 packages/ppx_stable/ppx_stable.v0.17.0/opam        | 27 +++++++++++
 .../ppx_stable_witness.v0.17.0/opam                | 26 +++++++++++
 packages/ppx_string/ppx_string.v0.17.0/opam        | 27 +++++++++++
 .../ppx_string_conv/ppx_string_conv.v0.17.0/opam   | 29 ++++++++++++
 packages/ppx_tydi/ppx_tydi.v0.17.0/opam            | 26 +++++++++++
 .../ppx_typerep_conv/ppx_typerep_conv.v0.17.0/opam | 27 +++++++++++
 .../ppx_variants_conv.v0.17.0/opam                 | 27 +++++++++++
 packages/ppxlib_jane/ppxlib_jane.v0.17.0/opam      | 25 ++++++++++
 packages/protocell/protocell.1.0.0/opam            |  2 +-
 packages/pyml_bindgen/pyml_bindgen.0.3.1/opam      |  2 +-
 packages/sanddb/sanddb.0.1/opam                    |  2 +-
 packages/sanddb/sanddb.0.2/opam                    |  2 +-
 packages/sanddb/sanddb.0.3.0/opam                  |  2 +-
 packages/sarif/sarif.0.2.1/opam                    |  2 +-
 packages/sarif/sarif.0.3.0/opam                    |  2 +-
 packages/sarif/sarif.0.3.1/opam                    |  2 +-
 packages/sexplib/sexplib.v0.17.0/opam              | 30 ++++++++++++
 packages/sihl-core/sihl-core.0.2.0/opam            |  2 +-
 packages/sihl-core/sihl-core.0.2.1/opam            |  2 +-
 packages/sihl-core/sihl-core.0.2.2/opam            |  2 +-
 packages/sihl-core/sihl-core.0.3.0~rc1/opam        |  2 +-
 packages/spin/spin.0.5.0/opam                      |  2 +-
 packages/spin/spin.0.5.1/opam                      |  2 +-
 .../splittable_random.v0.17.0/opam                 | 36 +++++++++++++++
 packages/sqlite3/sqlite3.4.4.1/opam                |  2 +-
 packages/stdio/stdio.v0.17.0/opam                  | 28 ++++++++++++
 packages/tensorboard/tensorboard.0.0.1/opam        |  2 +-
 packages/time_now/time_now.v0.17.0/opam            | 30 ++++++++++++
 packages/tldr/tldr.0.3.0/opam                      |  2 +-
 packages/torch/torch.0.10/opam                     |  2 +-
 packages/torch/torch.0.11/opam                     |  2 +-
 packages/torch/torch.0.12/opam                     |  2 +-
 packages/torch/torch.0.13/opam                     |  2 +-
 packages/torch/torch.0.14/opam                     |  2 +-
 packages/torch/torch.0.15/opam                     |  2 +-
 packages/torch/torch.0.16/opam                     |  2 +-
 packages/torch/torch.0.17/opam                     |  2 +-
 packages/torch/torch.0.5/opam                      |  2 +-
 packages/torch/torch.0.6/opam                      |  2 +-
 packages/torch/torch.0.7/opam                      |  2 +-
 packages/torch/torch.0.8/opam                      |  2 +-
 packages/torch/torch.0.9/opam                      |  2 +-
 packages/travesty/travesty.0.8.0/opam              |  2 +-
 packages/typerep/typerep.v0.17.0/opam              | 24 ++++++++++
 .../user-agent-parser/user-agent-parser.0.1.3/opam |  2 +-
 .../user-agent-parser/user-agent-parser.0.2.0/opam |  2 +-
 packages/variantslib/variantslib.v0.17.0/opam      | 27 +++++++++++
 packages/wasmtime/wasmtime.0.0.1/opam              |  2 +-
 packages/wasmtime/wasmtime.0.0.2/opam              |  2 +-
 packages/wasmtime/wasmtime.0.0.3/opam              |  2 +-
 169 files changed, 1671 insertions(+), 116 deletions(-)
 create mode 100644 packages/base_bigstring/base_bigstring.v0.17.0/opam
 create mode 100644 packages/base_quickcheck/base_quickcheck.v0.17.0/opam
 create mode 100644 packages/bin_prot/bin_prot.v0.17.0/opam
 create mode 100644 packages/capitalization/capitalization.v0.17.0/opam
 create mode 100644 packages/core/core.v0.17.0/opam
 create mode 100644 packages/fieldslib/fieldslib.v0.17.0/opam
 create mode 100644 packages/gel/gel.v0.17.0/opam
 create mode 100644 packages/int_repr/int_repr.v0.17.0/opam
 create mode 100644 packages/jane-street-headers/jane-street-headers.v0.17.0/opam
 create mode 100644 packages/jst-config/jst-config.v0.17.0/opam
 create mode 100644 packages/parsexp/parsexp.v0.17.0/opam
 create mode 100644 packages/ppx_assert/ppx_assert.v0.17.0/opam
 create mode 100644 packages/ppx_base/ppx_base.v0.17.0/opam
 create mode 100644 packages/ppx_bench/ppx_bench.v0.17.0/opam
 create mode 100644 packages/ppx_bin_prot/ppx_bin_prot.v0.17.0/opam
 create mode 100644 packages/ppx_cold/ppx_cold.v0.17.0/opam
 create mode 100644 packages/ppx_compare/ppx_compare.v0.17.0/opam
 create mode 100644 packages/ppx_custom_printf/ppx_custom_printf.v0.17.0/opam
 create mode 100644 packages/ppx_diff/ppx_diff.v0.17.0/opam
 create mode 100644 packages/ppx_disable_unused_warnings/ppx_disable_unused_warnings.v0.17.0/opam
 create mode 100644 packages/ppx_enumerate/ppx_enumerate.v0.17.0/opam
 create mode 100644 packages/ppx_expect/ppx_expect.v0.17.0/opam
 create mode 100644 packages/ppx_fields_conv/ppx_fields_conv.v0.17.0/opam
 create mode 100644 packages/ppx_fixed_literal/ppx_fixed_literal.v0.17.0/opam
 create mode 100644 packages/ppx_globalize/ppx_globalize.v0.17.0/opam
 create mode 100644 packages/ppx_hash/ppx_hash.v0.17.0/opam
 create mode 100644 packages/ppx_here/ppx_here.v0.17.0/opam
 create mode 100644 packages/ppx_ignore_instrumentation/ppx_ignore_instrumentation.v0.17.0/opam
 create mode 100644 packages/ppx_inline_test/ppx_inline_test.v0.17.0/opam
 create mode 100644 packages/ppx_jane/ppx_jane.v0.17.0/opam
 create mode 100644 packages/ppx_let/ppx_let.v0.17.0/opam
 create mode 100644 packages/ppx_log/ppx_log.v0.17.0/opam
 create mode 100644 packages/ppx_module_timer/ppx_module_timer.v0.17.0/opam
 create mode 100644 packages/ppx_optcomp/ppx_optcomp.v0.17.0/opam
 create mode 100644 packages/ppx_optional/ppx_optional.v0.17.0/opam
 create mode 100644 packages/ppx_pipebang/ppx_pipebang.v0.17.0/opam
 create mode 100644 packages/ppx_sexp_conv/ppx_sexp_conv.v0.17.0/opam
 create mode 100644 packages/ppx_sexp_message/ppx_sexp_message.v0.17.0/opam
 create mode 100644 packages/ppx_sexp_value/ppx_sexp_value.v0.17.0/opam
 create mode 100644 packages/ppx_stable/ppx_stable.v0.17.0/opam
 create mode 100644 packages/ppx_stable_witness/ppx_stable_witness.v0.17.0/opam
 create mode 100644 packages/ppx_string/ppx_string.v0.17.0/opam
 create mode 100644 packages/ppx_string_conv/ppx_string_conv.v0.17.0/opam
 create mode 100644 packages/ppx_tydi/ppx_tydi.v0.17.0/opam
 create mode 100644 packages/ppx_typerep_conv/ppx_typerep_conv.v0.17.0/opam
 create mode 100644 packages/ppx_variants_conv/ppx_variants_conv.v0.17.0/opam
 create mode 100644 packages/ppxlib_jane/ppxlib_jane.v0.17.0/opam
 create mode 100644 packages/sexplib/sexplib.v0.17.0/opam
 create mode 100644 packages/splittable_random/splittable_random.v0.17.0/opam
 create mode 100644 packages/stdio/stdio.v0.17.0/opam
 create mode 100644 packages/time_now/time_now.v0.17.0/opam
 create mode 100644 packages/typerep/typerep.v0.17.0/opam
 create mode 100644 packages/variantslib/variantslib.v0.17.0/opam

[01;34m(from freebsd-ocaml-4.14)[0m
[01;2m[01;35m2024-05-14 16:15.08 ---> using "57eeeabfec88366322a66f228a693df277d348dc99f1cc2a63749102c5e1e405" from cache[0m

[01;34m/: (user (uid 1000) (gid 1000))[0m

[01;34m/: (workdir /home/opam)[0m

[01;34m/home/opam: (run (shell "sudo ln -f /usr/local/bin/opam-dev /usr/local/bin/opam"))[0m
[01;2m[01;35m2024-05-14 16:15.08 ---> using "85d5eb985f2262919a26a9cdcf048ce0967ef341a4c5d41a4d1a47b077ffa8eb" from cache[0m

[01;34m/home/opam: (run (network host)
                 (shell "opam init --reinit -ni"))[0m
No configuration file found, using built-in defaults.
Checking for available remotes: rsync and local, git.
  - you won't be able to use mercurial repositories unless you install the hg command on your system.
  - you won't be able to use darcs repositories unless you install the darcs command on your system.

This development version of opam requires an update to the layout of /home/opam/.opam from version 2.1 to version 2.2~alpha, which can't be reverted.
You may want to back it up before going further.

Continue? [y/n] y
Format upgrade done.

<><> Updating repositories ><><><><><><><><><><><><><><><><><><><><><><><><><><>
[default] no changes from git+file:///home/opam/opam-repository
[01;2m[01;35m2024-05-14 16:15.09 ---> using "08e4174ad8cc33ff0dffef40dd5755acd4c7df1ee65b0d98f918f8851b0422be" from cache[0m

[01;34m/home/opam: (run (shell "uname -rs && opam exec -- ocaml -version && opam --version"))[0m
FreeBSD 14.0-RELEASE-p5
The OCaml toplevel, version 4.14.2
2.2.0~beta2~dev
[01;2m[01;35m2024-05-14 16:15.09 ---> using "a624c9a56a657e8f7944ca7b5e274913c647764382db65f778e1fb6ea0cbf8b9" from cache[0m

[01;34m/home/opam: (env OPAMDOWNLOADJOBS 1)[0m

[01;34m/home/opam: (env OPAMERRLOGLEN 0)[0m

[01;34m/home/opam: (env OPAMSOLVERTIMEOUT 500)[0m

[01;34m/home/opam: (env OPAMPRECISETRACKING 1)[0m

[01;34m/home/opam: (env CI true)[0m

[01;34m/home/opam: (env OPAM_REPO_CI true)[0m

[01;34m/home/opam: (run (shell "rm -rf opam-repository/"))[0m
[01;2m[01;35m2024-05-14 16:15.09 ---> using "7664227bcddc9f07a15b72213897bcf0575250f735d1bc45966bada674a472ca" from cache[0m

[01;34m/home/opam: (copy (src .) (dst opam-repository/))[0m
[01;2m[01;35m2024-05-14 16:15.33 ---> using "8d046c2feffff9a4b2d9f173cc363fae996f142814598e0db900422c9bd1dde0" from cache[0m

[01;34m/home/opam: (run (shell "opam repository set-url --strict default opam-repository/"))[0m
[default] Initialised
[01;2m[01;35m2024-05-14 16:15.33 ---> using "be3028aacc4f3b3c695ab6c551d1bdcce802f19a6e2ac090f75f772dfc40fff8" from cache[0m

[01;34m/home/opam: (run (network host)
                 (shell "opam update --depexts || true"))[0m
[WARNING] Unknown update command for bsd, skipping system update
[01;2m[01;35m2024-05-14 16:15.33 ---> using "dcf5cec9bc6eec8aa492f339a2c387925404b4831c798f1af64d89fafc6a250f" from cache[0m

[01;34m/home/opam: (run (shell "opam pin add -k version -yn sihl-core.0.2.1 0.2.1"))[0m
sihl-core is now pinned to version 0.2.1
[01;2m[01;35m2024-05-14 16:15.39 ---> saved as "d227a1aa77f581a6e639379b447f0582e2dc4a3b71e2abfca735ec99dfb59afd"[0m

[01;34m/home/opam: (run (cache (opam-archives (target /home/opam/.opam/download-cache)))
                 (network host)
                 (shell  "opam reinstall sihl-core.0.2.1;\
                        \n        res=$?;\
                        \n        test \"$res\" != 31 && exit \"$res\";\
                        \n        export OPAMCLI=2.0;\
                        \n        build_dir=$(opam var prefix)/.opam-switch/build;\
                        \n        failed=$(ls \"$build_dir\");\
                        \n        partial_fails=\"\";\
                        \n        for pkg in $failed; do\
                        \n          if opam show -f x-ci-accept-failures: \"$pkg\" | grep -qF \"\\\"freebsd\\\"\"; then\
                        \n            echo \"A package failed and has been disabled for CI using the 'x-ci-accept-failures' field.\";\
                        \n          fi;\
                        \n          test \"$pkg\" != 'sihl-core.0.2.1' && partial_fails=\"$partial_fails $pkg\";\
                        \n        done;\
                        \n        test \"${partial_fails}\" != \"\" && echo \"opam-repo-ci detected dependencies failing: ${partial_fails}\";\
                        \n        exit 1"))[0m
sihl-core.0.2.1 is not installed. Install it? [y/n] y
The following actions will be performed:
=== install 70 packages
  ∗ angstrom            0.16.0         [required by caqti]
  ∗ asn1-combinators    0.2.6          [required by x509]
  ∗ base                v0.16.3        [required by ppx_fields_conv, ppx_sexp_conv]
  ∗ base-bytes          base           [required by ocplib-endian]
  ∗ base64              3.5.1          [required by jwto]
  ∗ bigstringaf         0.9.1          [required by caqti]
  ∗ caqti               1.9.0          [required by sihl-core]
  ∗ conf-bash           1              [required by base]
  ∗ conf-gmp            4              [required by conf-gmp-powm-sec, zarith]
  ∗ conf-gmp-powm-sec   3              [required by mirage-crypto-pk]
  ∗ conf-libssl         4              [required by ssl]
  ∗ conf-pkg-config     3              [required by conf-libssl]
  ∗ conformist          0.2.1          [required by sihl-core]
  ∗ containers          3.13.1         [required by tsort]
  ∗ cppo                1.6.9          [required by caqti]
  ∗ csexp               1.5.2          [required by dune-configurator]
  ∗ cstruct             6.2.0          [required by tls]
  ∗ digestif            1.2.0          [required by jwto]
  ∗ domain-name         0.4.0          [required by tls]
  ∗ dune                3.15.2         [required by sihl-core]
  ∗ dune-configurator   3.15.2         [required by mirage-crypto-ec, ssl, base, containers]
  ∗ duration            0.2.1          [required by mirage-crypto-rng]
  ∗ either              1.0.0          [required by containers]
  ∗ eqaf                0.9            [required by mirage-crypto-ec, digestif, mirage-crypto-pk]
  ∗ fieldslib           v0.16.0        [required by ppx_fields_conv]
  ∗ fmt                 0.9.0          [required by sihl-core]
  ∗ gmap                0.3.0          [required by x509]
  ∗ hkdf                1.0.4          [required by tls]
  ∗ ipaddr              5.5.0          [required by tls]
  ∗ jwto                0.4.0          [required by sihl-core]
  ∗ logs                0.7.0          [required by sihl-core]
  ∗ lwt                 5.7.0          [required by lwt_ssl]
  ∗ lwt_ssl             1.2.0          [required by sihl-core]
  ∗ macaddr             5.5.0          [required by ipaddr]
  ∗ mirage-crypto       0.11.3         [required by tls]
  ∗ mirage-crypto-ec    0.11.3         [required by tls]
  ∗ mirage-crypto-pk    0.11.3         [required by tls]
  ∗ mirage-crypto-rng   0.11.3         [required by tls]
  ∗ num                 1.5            [required by sexplib]
  ∗ ocaml-compiler-libs v0.12.4        [required by ppxlib]
  ∗ ocaml-syntax-shims  1.0.0          [required by angstrom]
  ∗ ocamlbuild          0.14.3         [required by logs, ptime]
  ∗ ocamlfind           1.9.6          [required by ptime, logs, ppx_deriving]
  ∗ ocplib-endian       1.2            [required by lwt]
  ∗ parsexp             v0.16.0        [required by sexplib]
  ∗ pbkdf               1.2.0          [required by x509]
  ∗ ppx_derivers        1.2.1          [required by ppx_deriving]
  ∗ ppx_deriving        5.2.1          [required by jwto, ppx_deriving_yojson]
  ∗ ppx_deriving_yojson 3.7.0          [required by sihl-core]
  ∗ ppx_fields_conv     v0.16.0        [required by sihl-core]
  ∗ ppx_sexp_conv       v0.16.0        [required by sihl-core]
  ∗ ppxlib              0.32.1         [required by ppx_fields_conv, ppx_deriving_yojson, ppx_sexp_conv]
  ∗ ptime               1.1.0          [required by caqti]
  ∗ re                  1.11.0         [required by jwto]
  ∗ result              1.5            [required by ppx_deriving_yojson]
  ∗ safepass            3.1            [required by sihl-core]
  ∗ seq                 base           [required by re, yojson]
  ∗ sexplib             v0.16.0        [required by sihl-core]
  ∗ sexplib0            v0.16.0        [required by ppx_sexp_conv, sexplib]
  ∗ sihl-core           0.2.1 (pinned)
  ∗ ssl                 0.7.0          [required by sihl-core]
  ∗ stdlib-shims        0.3.0          [required by ppxlib]
  ∗ stringext           1.6.0          [required by uri]
  ∗ tls                 0.17.4         [required by sihl-core]
  ∗ topkg               1.0.7          [required by logs, ptime]
  ∗ tsort               2.0.0          [required by sihl-core]
  ∗ uri                 4.4.0          [required by caqti]
  ∗ x509                0.16.5         [required by tls]
  ∗ yojson              2.1.2          [required by sihl-core]
  ∗ zarith              1.13           [required by mirage-crypto-pk]

The following system packages will first need to be installed:
    gmp

<><> Handling external dependencies <><><><><><><><><><><><><><><><><><><><><><>

opam believes some required external dependencies are missing. opam can:
> 1. Run pkg to install them (may need root/sudo access)
  2. Display the recommended pkg command and wait while you run it manually (e.g. in another terminal)
  3. Continue anyway, and, upon success, permanently register that this external dependency is present, but not detectable
  4. Abort the installation

[1/2/3/4] 1

+ /usr/local/bin/sudo "pkg" "install" "-y" "gmp"
- Updating FreeBSD repository catalogue...
- [spring] Fetching meta.conf: . done
- [spring] Fetching packagesite.pkg: ...
- ......
- . done
- Processing entries: 
- ..
- ..
- .
- ..
- ..
- . done
- FreeBSD repository update completed. 34065 packages processed.
- All repositories are up to date.
- New version of pkg detected; it needs to be installed first.
- The following 1 package(s) will be affected (of 0 checked):
- 
- Installed packages to be UPGRADED:
- 	pkg: 1.20.9 -> 1.21.2
- 
- Number of packages to be upgraded: 1
- 
- The process will require 7 MiB more space.
- 12 MiB to be downloaded.
- [spring] [1/1] Fetching pkg-1.21.2.pkg: 
- ...
- .....
- .. done
- Checking integrity... done (0 conflicting)
- [spring] [1/1] Upgrading pkg from 1.20.9 to 1.21.2...
- [spring] [1/1] Extracting pkg-1.21.2: .......... done
- Updating FreeBSD repository catalogue...
- [spring] Fetching meta.conf: . done
- [spring] Fetching data.pkg: ....
- ...... done
- Processing entries: .
- ..
- ..
- ..
- .
- .. done
- FreeBSD repository update completed. 34065 packages processed.
- All repositories are up to date.
- The following 1 package(s) will be affected (of 0 checked):
- 
- New packages to be INSTALLED:
- 	gmp: 6.3.0
- 
- Number of packages to be installed: 1
- 
- The process will require 3 MiB more space.
- 498 KiB to be downloaded.
- [spring] [1/1] Fetching gmp-6.3.0.pkg: .......
- ... done
- Checking integrity... done (0 conflicting)
- [spring] [1/1] Installing gmp-6.3.0...
- [spring] [1/1] Extracting gmp-6.3.0: .......... done

<><> Processing actions <><><><><><><><><><><><><><><><><><><><><><><><><><><><>
⬇ retrieved angstrom.0.16.0  (cached)
⬇ retrieved asn1-combinators.0.2.6  (cached)
⬇ retrieved base.v0.16.3  (cached)
⬇ retrieved base64.3.5.1  (cached)
⬇ retrieved bigstringaf.0.9.1  (cached)
⬇ retrieved caqti.1.9.0  (cached)
∗ installed conf-bash.1
∗ installed conf-pkg-config.3
∗ installed conf-libssl.4
⬇ retrieved conformist.0.2.1  (cached)
⬇ retrieved containers.3.13.1  (cached)
∗ installed conf-gmp.4
⬇ retrieved cppo.1.6.9  (cached)
∗ installed conf-gmp-powm-sec.3
⬇ retrieved csexp.1.5.2  (cached)
⬇ retrieved cstruct.6.2.0  (cached)
⬇ retrieved digestif.1.2.0  (cached)
⬇ retrieved domain-name.0.4.0  (cached)
⬇ retrieved dune.3.15.2, dune-configurator.3.15.2  (cached)
⬇ retrieved duration.0.2.1  (cached)
⬇ retrieved either.1.0.0  (cached)
⬇ retrieved eqaf.0.9  (cached)
⬇ retrieved fieldslib.v0.16.0  (cached)
⬇ retrieved fmt.0.9.0  (cached)
⬇ retrieved gmap.0.3.0  (cached)
⬇ retrieved hkdf.1.0.4  (cached)
⬇ retrieved ipaddr.5.5.0, macaddr.5.5.0  (cached)
⬇ retrieved jwto.0.4.0  (cached)
⬇ retrieved logs.0.7.0  (cached)
⬇ retrieved lwt.5.7.0  (cached)
⬇ retrieved lwt_ssl.1.2.0  (cached)
⬇ retrieved mirage-crypto.0.11.3, mirage-crypto-ec.0.11.3, mirage-crypto-pk.0.11.3, mirage-crypto-rng.0.11.3  (cached)
⬇ retrieved num.1.5  (cached)
⬇ retrieved ocaml-compiler-libs.v0.12.4  (cached)
⬇ retrieved ocaml-syntax-shims.1.0.0  (cached)
⬇ retrieved ocamlbuild.0.14.3  (cached)
⬇ retrieved ocamlfind.1.9.6  (cached)
⬇ retrieved ocplib-endian.1.2  (cached)
⬇ retrieved parsexp.v0.16.0  (cached)
⬇ retrieved pbkdf.1.2.0  (cached)
⬇ retrieved ppx_derivers.1.2.1  (cached)
⬇ retrieved ppx_deriving.5.2.1  (cached)
⬇ retrieved ppx_deriving_yojson.3.7.0  (cached)
⬇ retrieved ppx_fields_conv.v0.16.0  (cached)
⬇ retrieved ppx_sexp_conv.v0.16.0  (cached)
⬇ retrieved ppxlib.0.32.1  (cached)
⬇ retrieved ptime.1.1.0  (cached)
⬇ retrieved re.1.11.0  (cached)
⬇ retrieved result.1.5  (cached)
⬇ retrieved safepass.3.1  (cached)
∗ installed seq.base
⬇ retrieved sexplib.v0.16.0  (cached)
⬇ retrieved sexplib0.v0.16.0  (cached)
⬇ retrieved sihl-core.0.2.1  (https://github.com/oxidizing/sihl/releases/download/0.2.1/sihl-0.2.1.tbz)
⬇ retrieved ssl.0.7.0  (cached)
⬇ retrieved stdlib-shims.0.3.0  (cached)
⬇ retrieved stringext.1.6.0  (cached)
⬇ retrieved tls.0.17.4  (cached)
⬇ retrieved topkg.1.0.7  (cached)
⬇ retrieved tsort.2.0.0  (cached)
⬇ retrieved uri.4.4.0  (cached)
∗ installed num.1.5
⬇ retrieved x509.0.16.5  (cached)
⬇ retrieved yojson.2.1.2  (cached)
⬇ retrieved zarith.1.13  (cached)
∗ installed ocamlfind.1.9.6
∗ installed base-bytes.base
∗ installed ocamlbuild.0.14.3
∗ installed zarith.1.13
∗ installed topkg.1.0.7
∗ installed fmt.0.9.0
∗ installed ptime.1.1.0
∗ installed dune.3.15.2
∗ installed csexp.1.5.2
∗ installed cppo.1.6.9
∗ installed either.1.0.0
∗ installed duration.0.2.1
∗ installed domain-name.0.4.0
∗ installed cstruct.6.2.0
∗ installed conformist.0.2.1
∗ installed base64.3.5.1
∗ installed macaddr.5.5.0
∗ installed gmap.0.3.0
∗ installed ocaml-syntax-shims.1.0.0
∗ installed eqaf.0.9
∗ installed ocplib-endian.1.2
∗ installed ppx_derivers.1.2.1
∗ installed ipaddr.5.5.0
∗ installed asn1-combinators.0.2.6
∗ installed ocaml-compiler-libs.v0.12.4
∗ installed result.1.5
∗ installed dune-configurator.3.15.2
∗ installed stringext.1.6.0
∗ installed stdlib-shims.0.3.0
∗ installed bigstringaf.0.9.1
∗ installed yojson.2.1.2
∗ installed sexplib0.v0.16.0
∗ installed angstrom.0.16.0
∗ installed containers.3.13.1
∗ installed safepass.3.1
∗ installed mirage-crypto.0.11.3
∗ installed digestif.1.2.0
∗ installed hkdf.1.0.4
∗ installed parsexp.v0.16.0
∗ installed re.1.11.0
∗ installed tsort.2.0.0
∗ installed pbkdf.1.2.0
∗ installed ssl.0.7.0
∗ installed lwt.5.7.0
∗ installed sexplib.v0.16.0
∗ installed lwt_ssl.1.2.0
∗ installed uri.4.4.0
∗ installed logs.0.7.0
∗ installed caqti.1.9.0
∗ installed base.v0.16.3
∗ installed fieldslib.v0.16.0
∗ installed mirage-crypto-rng.0.11.3
∗ installed mirage-crypto-pk.0.11.3
∗ installed ppxlib.0.32.1
∗ installed mirage-crypto-ec.0.11.3
∗ installed ppx_fields_conv.v0.16.0
∗ installed x509.0.16.5
∗ installed ppx_sexp_conv.v0.16.0
∗ installed ppx_deriving.5.2.1
∗ installed jwto.0.4.0
∗ installed tls.0.17.4
∗ installed ppx_deriving_yojson.3.7.0
∗ installed sihl-core.0.2.1
Done.
[01;2m[01;35m2024-05-14 16:19.13 ---> saved as "598b23b127779cf2d3d91bdad72677ab11aea83234aae5037b27ceb513b12eb9"[0m

[01;34m/home/opam: (run (network host)
                 (shell "(opam reinstall --with-test sihl-core.0.2.1) || true"))[0m
[ERROR] Sorry, resolution of the request timed out.
        Try to specify a more precise request, use a different solver, or increase the allowed time by setting OPAMSOLVERTIMEOUT to a bigger value (currently, it is set to 500.0 seconds).
[01;2m[01;35m2024-05-14 16:27.54 ---> saved as "41c826ad4f80f3f11f0a51edbdf7f122c821fa6b88f9c4cd6826dea68bb95263"[0m

[01;34m/home/opam: (run (shell  "opam reinstall --with-test --verbose sihl-core.0.2.1;\
                        \n        res=$?;\
                        \n        test \"$res\" != 31 && exit \"$res\";\
                        \n        export OPAMCLI=2.0;\
                        \n        build_dir=$(opam var prefix)/.opam-switch/build;\
                        \n        failed=$(ls \"$build_dir\");\
                        \n        partial_fails=\"\";\
                        \n        for pkg in $failed; do\
                        \n          if opam show -f x-ci-accept-failures: \"$pkg\" | grep -qF \"\\\"freebsd\\\"\"; then\
                        \n            echo \"A package failed and has been disabled for CI using the 'x-ci-accept-failures' field.\";\
                        \n          fi;\
                        \n          test \"$pkg\" != 'sihl-core.0.2.1' && partial_fails=\"$partial_fails $pkg\";\
                        \n        done;\
                        \n        test \"${partial_fails}\" != \"\" && echo \"opam-repo-ci detected dependencies failing: ${partial_fails}\";\
                        \n        exit 1"))[0m
[ERROR] Sorry, resolution of the request timed out.
        Try to specify a more precise request, use a different solver, or increase the allowed time by setting OPAMSOLVERTIMEOUT to a bigger value (currently, it is set to 500.0 seconds).
'opam reinstall --with-test --verbose sihl-core.0.2.1' failed.
jail: /usr/bin/su -l opam -c cd '/home/opam' && env OPAM_REPO_CI='true' CI='true' OPAMPRECISETRACKING='1' OPAMSOLVERTIMEOUT='500' OPAMERRLOGLEN='0' OPAMDOWNLOADJOBS='1' '/usr/bin/env' 'bash' '-c' 'opam reinstall --with-test --verbose sihl-core.0.2.1;
        res=$?;
        test "$res" != 31 && exit "$res";
        export OPAMCLI=2.0;
        build_dir=$(opam var prefix)/.opam-switch/build;
        failed=$(ls "$build_dir");
        partial_fails="";
        for pkg in $failed; do
          if opam show -f x-ci-accept-failures: "$pkg" | grep -qF "\"freebsd\""; then
            echo "A package failed and has been disabled for CI using the '\''x-ci-accept-failures'\'' field.";
          fi;
          test "$pkg" != '\''sihl-core.0.2.1'\'' && partial_fails="$partial_fails $pkg";
        done;
        test "${partial_fails}" != "" && echo "opam-repo-ci detected dependencies failing: ${partial_fails}";
        exit 1': failed
"jail" "-c" "name=obuilder_3653_12621" "mount.devfs" "path=/obuilder/result/75031efa8397ae2da9271afe406a124d185ca1a2b3ec7124b79a20bb927e6b08/rootfs" "vnet" "exec.start=/sbin/ifconfig lo0 127.0.0.1/8" "command=/usr/bin/su" "-l" "opam" "-c" "cd '/home/opam' && env OPAM_REPO_CI='true' CI='true' OPAMPRECISETRACKING='1' OPAMSOLVERTIMEOUT='500' OPAMERRLOGLEN='0' OPAMDOWNLOADJOBS='1' '/usr/bin/env' 'bash' '-c' 'opam reinstall --with-test --verbose sihl-core.0.2.1;
        res=$?;
        test "$res" != 31 && exit "$res";
        export OPAMCLI=2.0;
        build_dir=$(opam var prefix)/.opam-switch/build;
        failed=$(ls "$build_dir");
        partial_fails="";
        for pkg in $failed; do
          if opam show -f x-ci-accept-failures: "$pkg" | grep -qF "\"freebsd\""; then
            echo "A package failed and has been disabled for CI using the '\''x-ci-accept-failures'\'' field.";
          fi;
          test "$pkg" != '\''sihl-core.0.2.1'\'' && partial_fails="$partial_fails $pkg";
        done;
        test "${partial_fails}" != "" && echo "opam-repo-ci detected dependencies failing: ${partial_fails}";
        exit 1'" failed with exit status 1
2024-05-14 16:42.47: Job failed: Failed: Build failed
2024-05-14 16:42.47: Log analysis:
2024-05-14 16:42.47: >>> 
[ERROR] Sorry, resolution of the request timed out.
 (score = 20)
2024-05-14 16:42.47: >>> 
[ERROR] Sorry, resolution of the request timed out.
 (score = 20)
2024-05-14 16:42.47: Sorry, resolution of the request timed out.
