2024-06-03 08:24.30: New job: test sarif.0.2.0, using opam 2.0
                              from https://github.com/ocaml/opam-repository.git#refs/pull/26009/head (6e405f820dc0584c2a309f316f90880e34154f6f)
                              on debian-12-ocaml-4.14/amd64

To reproduce locally:

cd $(mktemp -d)
git clone --recursive "https://github.com/ocaml/opam-repository.git" && cd "opam-repository" && git fetch origin "refs/pull/26009/head" && git reset --hard 6e405f82
git fetch origin master
git merge --no-edit 4e03b5779a616b359a49721086d24092d8deef5c
cat > ../Dockerfile <<'END-OF-DOCKERFILE'
[34mFROM ocaml/opam:debian-12-ocaml-4.14@sha256:2ba69112cb856b702920b505b82a8fab331d2c9d9406c7f3b9f4adb73637666c
USER 1000:1000
WORKDIR /home/opam
RUN sudo ln -f /usr/bin/opam-2.0 /usr/bin/opam
RUN opam init --reinit -ni
RUN uname -rs && opam exec -- ocaml -version && opam --version
ENV OPAMDOWNLOADJOBS="1"
ENV OPAMERRLOGLEN="0"
ENV OPAMSOLVERTIMEOUT="500"
ENV OPAMPRECISETRACKING="1"
ENV CI="true"
ENV OPAM_REPO_CI="true"
RUN rm -rf opam-repository/
COPY --chown=1000:1000 . opam-repository/
RUN opam repository set-url --strict default opam-repository/
RUN opam depext -u || true
RUN opam pin add -k version -yn sarif.0.2.0 0.2.0
RUN opam depext sarif.0.2.0 && opam reinstall sarif.0.2.0; \
    res=$?; \
    test "$res" != 31 && exit "$res"; \
    export OPAMCLI=2.0; \
    build_dir=$(opam var prefix)/.opam-switch/build; \
    failed=$(ls "$build_dir"); \
    partial_fails=""; \
    for pkg in $failed; do \
    if opam show -f x-ci-accept-failures: "$pkg" | grep -qF "\"debian-12\""; then \
    echo "A package failed and has been disabled for CI using the 'x-ci-accept-failures' field."; \
    fi; \
    test "$pkg" != 'sarif.0.2.0' && partial_fails="$partial_fails $pkg"; \
    done; \
    test "${partial_fails}" != "" && echo "opam-repo-ci detected dependencies failing: ${partial_fails}"; \
    exit 1
RUN (opam depext --with-test sarif.0.2.0 && opam reinstall --with-test sarif.0.2.0) || true
RUN opam depext --with-test sarif.0.2.0 && opam reinstall --with-test --verbose sarif.0.2.0; \
    res=$?; \
    test "$res" != 31 && exit "$res"; \
    export OPAMCLI=2.0; \
    build_dir=$(opam var prefix)/.opam-switch/build; \
    failed=$(ls "$build_dir"); \
    partial_fails=""; \
    for pkg in $failed; do \
    if opam show -f x-ci-accept-failures: "$pkg" | grep -qF "\"debian-12\""; then \
    echo "A package failed and has been disabled for CI using the 'x-ci-accept-failures' field."; \
    fi; \
    test "$pkg" != 'sarif.0.2.0' && partial_fails="$partial_fails $pkg"; \
    done; \
    test "${partial_fails}" != "" && echo "opam-repo-ci detected dependencies failing: ${partial_fails}"; \
    exit 1
[0m
END-OF-DOCKERFILE
docker build -f ../Dockerfile .

2024-06-03 08:24.30: Using cache hint "ocaml/opam:debian-12-ocaml-4.14@sha256:2ba69112cb856b702920b505b82a8fab331d2c9d9406c7f3b9f4adb73637666c-sarif.0.2.0-6e405f820dc0584c2a309f316f90880e34154f6f"
2024-06-03 08:24.30: Using OBuilder spec:
((from ocaml/opam:debian-12-ocaml-4.14@sha256:2ba69112cb856b702920b505b82a8fab331d2c9d9406c7f3b9f4adb73637666c)
 (user (uid 1000) (gid 1000))
 (workdir /home/opam)
 (run (shell "sudo ln -f /usr/bin/opam-2.0 /usr/bin/opam"))
 (run (network host)
      (shell "opam init --reinit --config .opamrc-sandbox -ni"))
 (run (shell "uname -rs && opam exec -- ocaml -version && opam --version"))
 (env OPAMDOWNLOADJOBS 1)
 (env OPAMERRLOGLEN 0)
 (env OPAMSOLVERTIMEOUT 500)
 (env OPAMPRECISETRACKING 1)
 (env CI true)
 (env OPAM_REPO_CI true)
 (run (shell "rm -rf opam-repository/"))
 (copy (src .) (dst opam-repository/))
 (run (shell "opam repository set-url --strict default opam-repository/"))
 (run (network host)
      (shell "opam depext -u || true"))
 (run (shell "opam pin add -k version -yn sarif.0.2.0 0.2.0"))
 (run (cache (opam-archives (target /home/opam/.opam/download-cache)))
      (network host)
      (shell  "opam depext sarif.0.2.0 && opam reinstall sarif.0.2.0;\
             \n        res=$?;\
             \n        test \"$res\" != 31 && exit \"$res\";\
             \n        export OPAMCLI=2.0;\
             \n        build_dir=$(opam var prefix)/.opam-switch/build;\
             \n        failed=$(ls \"$build_dir\");\
             \n        partial_fails=\"\";\
             \n        for pkg in $failed; do\
             \n          if opam show -f x-ci-accept-failures: \"$pkg\" | grep -qF \"\\\"debian-12\\\"\"; then\
             \n            echo \"A package failed and has been disabled for CI using the 'x-ci-accept-failures' field.\";\
             \n          fi;\
             \n          test \"$pkg\" != 'sarif.0.2.0' && partial_fails=\"$partial_fails $pkg\";\
             \n        done;\
             \n        test \"${partial_fails}\" != \"\" && echo \"opam-repo-ci detected dependencies failing: ${partial_fails}\";\
             \n        exit 1"))
 (run (network host)
      (shell "(opam depext --with-test sarif.0.2.0 && opam reinstall --with-test sarif.0.2.0) || true"))
 (run (shell  "opam depext --with-test sarif.0.2.0 && opam reinstall --with-test --verbose sarif.0.2.0;\
             \n        res=$?;\
             \n        test \"$res\" != 31 && exit \"$res\";\
             \n        export OPAMCLI=2.0;\
             \n        build_dir=$(opam var prefix)/.opam-switch/build;\
             \n        failed=$(ls \"$build_dir\");\
             \n        partial_fails=\"\";\
             \n        for pkg in $failed; do\
             \n          if opam show -f x-ci-accept-failures: \"$pkg\" | grep -qF \"\\\"debian-12\\\"\"; then\
             \n            echo \"A package failed and has been disabled for CI using the 'x-ci-accept-failures' field.\";\
             \n          fi;\
             \n          test \"$pkg\" != 'sarif.0.2.0' && partial_fails=\"$partial_fails $pkg\";\
             \n        done;\
             \n        test \"${partial_fails}\" != \"\" && echo \"opam-repo-ci detected dependencies failing: ${partial_fails}\";\
             \n        exit 1"))
)

2024-06-03 08:24.30: Waiting for resource in pool OCluster
2024-06-03 08:38.03: Waiting for worker…
2024-06-03 08:43.39: Got resource from pool OCluster
Building on doris.caelum.ci.dev
All commits already cached
Updating files:  93% (29518/31415)Updating files:  94% (29531/31415)Updating files:  95% (29845/31415)Updating files:  96% (30159/31415)Updating files:  97% (30473/31415)Updating files:  98% (30787/31415)Updating files:  99% (31101/31415)Updating files: 100% (31415/31415)Updating files: 100% (31415/31415), done.
HEAD is now at 4e03b5779a Merge pull request #25997 from jmid/expand-conf-sdpa
Updating 4e03b5779a..6e405f820d
Fast-forward
 packages/guardian/guardian.0.1.0/opam   | 1 +
 packages/pa_ppx/pa_ppx.0.12/opam        | 1 +
 packages/pa_ppx/pa_ppx.0.13/opam        | 1 +
 packages/pa_ppx/pa_ppx.0.14/opam        | 1 +
 packages/safemoney/safemoney.0.1.1/opam | 1 +
 packages/sarif/sarif.0.1.0/opam         | 1 +
 packages/sarif/sarif.0.2.0/opam         | 1 +
 7 files changed, 7 insertions(+)

[01;34m(from ocaml/opam:debian-12-ocaml-4.14@sha256:2ba69112cb856b702920b505b82a8fab331d2c9d9406c7f3b9f4adb73637666c)[0m
[01;2m[01;35m2024-06-03 08:43.47 ---> using "48fcd9b686ae3e44ef60a164ef8db6e11e86f168703f26fb1315f899c9c53662" from cache[0m

[01;34m/: (user (uid 1000) (gid 1000))[0m

[01;34m/: (workdir /home/opam)[0m

[01;34m/home/opam: (run (shell "sudo ln -f /usr/bin/opam-2.0 /usr/bin/opam"))[0m
[01;2m[01;35m2024-06-03 08:43.47 ---> using "10a191612ba91acdc9470e0518320d3fa1e903db88cd1be8d35dc78c8042841f" from cache[0m

[01;34m/home/opam: (run (network host)
                 (shell "opam init --reinit --config .opamrc-sandbox -ni"))[0m
[NOTE] Will configure from /home/opam/.opamrc-sandbox, then /home/opam/.opamrc, and finally from built-in defaults.
Checking for available remotes: rsync and local, git.
  - you won't be able to use mercurial repositories unless you install the hg command on your system.
  - you won't be able to use darcs repositories unless you install the darcs command on your system.

[WARNING] Recommended dependencies -- most packages rely on these:
  - m4

<><> Updating repositories ><><><><><><><><><><><><><><><><><><><><><><><><><><>
[default] synchronised from file:///home/opam/opam-repository
default (at file:///home/opam/opam-repository): 
    [INFO] opam 2.1 includes many performance improvements over 2.0; please consider upgrading (https://opam.ocaml.org/doc/Install.html)

[01;2m[01;35m2024-06-03 08:44.20 ---> saved as "7ddb12175bce0dcccc132300c19096dc83ef42e5aaecbb0d36fce392f4ba0e38"[0m

[01;34m/home/opam: (run (shell "uname -rs && opam exec -- ocaml -version && opam --version"))[0m
Linux 5.15.0-107-generic
The OCaml toplevel, version 4.14.2
2.0.10
[01;2m[01;35m2024-06-03 08:44.21 ---> saved as "59545dfc860c18f63ed87e235b64e0b63937ca04dbfc9a16786fe7f63f60e3aa"[0m

[01;34m/home/opam: (env OPAMDOWNLOADJOBS 1)[0m

[01;34m/home/opam: (env OPAMERRLOGLEN 0)[0m

[01;34m/home/opam: (env OPAMSOLVERTIMEOUT 500)[0m

[01;34m/home/opam: (env OPAMPRECISETRACKING 1)[0m

[01;34m/home/opam: (env CI true)[0m

[01;34m/home/opam: (env OPAM_REPO_CI true)[0m

[01;34m/home/opam: (run (shell "rm -rf opam-repository/"))[0m
[01;2m[01;35m2024-06-03 08:44.29 ---> saved as "235b7c81f219dcf170c9f8cdf4a9859708afcd86e77f5f77612095883a34d7bb"[0m

[01;34m/home/opam: (copy (src .) (dst opam-repository/))[0m
[01;2m[01;35m2024-06-03 08:44.44 ---> saved as "7c7c5c2cf9cae65da7dffa98d2bccd5d9b62601724bc641f1fb295b86b801218"[0m

[01;34m/home/opam: (run (shell "opam repository set-url --strict default opam-repository/"))[0m
[default] Initialised
default (at file:///home/opam/opam-repository): 
    [INFO] opam 2.1 includes many performance improvements over 2.0; please consider upgrading (https://opam.ocaml.org/doc/Install.html)

[01;2m[01;35m2024-06-03 08:45.05 ---> saved as "cff7893a860675cbefd674576cc2122b05395dba0085b209e83741da7fc00d9e"[0m

[01;34m/home/opam: (run (network host)
                 (shell "opam depext -u || true"))[0m
# Detecting depexts using vars: arch=x86_64, os=linux, os-distribution=debian, os-family=debian
# No extra OS packages requirements found.
# All required OS packages found.
The following command needs to be run through "sudo":
    apt-get update
Hit:1 http://deb.debian.org/debian bookworm InRelease
Get:2 http://deb.debian.org/debian bookworm-updates InRelease [55.4 kB]
Get:3 http://deb.debian.org/debian-security bookworm-security InRelease [48.0 kB]
Get:4 http://deb.debian.org/debian-security bookworm-security/main amd64 Packages [157 kB]
Fetched 260 kB in 0s (969 kB/s)
Reading package lists...
# OS package update successful
[01;2m[01;35m2024-06-03 08:45.06 ---> saved as "547daa33d8f887d64785e78d56dc46a1e62c806c9968f377d177ef6887b4a116"[0m

[01;34m/home/opam: (run (shell "opam pin add -k version -yn sarif.0.2.0 0.2.0"))[0m
sarif is now pinned to version 0.2.0
[01;2m[01;35m2024-06-03 08:45.07 ---> saved as "05f8540db1ee80aabceccff5f50ce4381b15b21035c1452c4b7220fda9534060"[0m

[01;34m/home/opam: (run (cache (opam-archives (target /home/opam/.opam/download-cache)))
                 (network host)
                 (shell  "opam depext sarif.0.2.0 && opam reinstall sarif.0.2.0;\
                        \n        res=$?;\
                        \n        test \"$res\" != 31 && exit \"$res\";\
                        \n        export OPAMCLI=2.0;\
                        \n        build_dir=$(opam var prefix)/.opam-switch/build;\
                        \n        failed=$(ls \"$build_dir\");\
                        \n        partial_fails=\"\";\
                        \n        for pkg in $failed; do\
                        \n          if opam show -f x-ci-accept-failures: \"$pkg\" | grep -qF \"\\\"debian-12\\\"\"; then\
                        \n            echo \"A package failed and has been disabled for CI using the 'x-ci-accept-failures' field.\";\
                        \n          fi;\
                        \n          test \"$pkg\" != 'sarif.0.2.0' && partial_fails=\"$partial_fails $pkg\";\
                        \n        done;\
                        \n        test \"${partial_fails}\" != \"\" && echo \"opam-repo-ci detected dependencies failing: ${partial_fails}\";\
                        \n        exit 1"))[0m
# Detecting depexts using vars: arch=x86_64, os=linux, os-distribution=debian, os-family=debian
# The following system packages are needed:
g++
# All required OS packages found.
sarif.0.2.0 is not installed. Install it? [Y/n] y
[ERROR] Sorry, resolution of the request timed out.
        Try to specify a simpler request, use a different solver, or increase the allowed time by setting OPAMSOLVERTIMEOUT to a bigger value (currently, it is set to 500.0 seconds).
"/usr/bin/env" "bash" "-c" "opam depext sarif.0.2.0 && opam reinstall sarif.0.2.0;
        res=$?;
        test "$res" != 31 && exit "$res";
        export OPAMCLI=2.0;
        build_dir=$(opam var prefix)/.opam-switch/build;
        failed=$(ls "$build_dir");
        partial_fails="";
        for pkg in $failed; do
          if opam show -f x-ci-accept-failures: "$pkg" | grep -qF "\"debian-12\""; then
            echo "A package failed and has been disabled for CI using the 'x-ci-accept-failures' field.";
          fi;
          test "$pkg" != 'sarif.0.2.0' && partial_fails="$partial_fails $pkg";
        done;
        test "${partial_fails}" != "" && echo "opam-repo-ci detected dependencies failing: ${partial_fails}";
        exit 1" failed with exit status 60
2024-06-03 08:53.55: Job failed: Failed: Build failed
2024-06-03 08:53.55: Log analysis:
2024-06-03 08:53.55: >>> 
[ERROR] Sorry, resolution of the request timed out.
 (score = 20)
2024-06-03 08:53.55: Sorry, resolution of the request timed out.
