2024-06-03 12:42.49: New job: test opentelemetry-lwt.0.7 with ocaml.5.2.0, using opam dev
                              from https://github.com/ocaml/opam-repository.git#refs/pull/25861/head (416bb59d4e5bd5a6dd8fb9323d97ea2c58b95d20)
                              on debian-12-ocaml-5.2/amd64

To reproduce locally:

cd $(mktemp -d)
git clone --recursive "https://github.com/ocaml/opam-repository.git" && cd "opam-repository" && git fetch origin "refs/pull/25861/head" && git reset --hard 416bb59d
git fetch origin master
git merge --no-edit c45f5bab71d3589f41f9603daca5acad14df0ab0
cat > ../Dockerfile <<'END-OF-DOCKERFILE'
[34mFROM ocaml/opam:debian-12-ocaml-5.2@sha256:c3648aaaa12427d39407562078858b92695580fc0b6babaf3e2ac8f9a7107280
USER 1000:1000
WORKDIR /home/opam
RUN sudo ln -f /usr/bin/opam-dev /usr/bin/opam
RUN opam init --reinit -ni
RUN uname -rs && opam exec -- ocaml -version && opam --version
ENV OPAMDOWNLOADJOBS="1"
ENV OPAMERRLOGLEN="0"
ENV OPAMSOLVERTIMEOUT="500"
ENV OPAMPRECISETRACKING="1"
ENV CI="true"
ENV OPAM_REPO_CI="true"
RUN rm -rf opam-repository/
COPY --chown=1000:1000 . opam-repository/
RUN opam repository set-url --strict default opam-repository/
RUN opam update --depexts || true
RUN opam pin add -k version -yn ocaml.5.2.0 5.2.0
RUN opam reinstall ocaml.5.2.0; \
    res=$?; \
    test "$res" != 31 && exit "$res"; \
    export OPAMCLI=2.0; \
    build_dir=$(opam var prefix)/.opam-switch/build; \
    failed=$(ls "$build_dir"); \
    partial_fails=""; \
    for pkg in $failed; do \
    if opam show -f x-ci-accept-failures: "$pkg" | grep -qF "\"debian-12\""; then \
    echo "A package failed and has been disabled for CI using the 'x-ci-accept-failures' field."; \
    fi; \
    test "$pkg" != 'ocaml.5.2.0' && partial_fails="$partial_fails $pkg"; \
    done; \
    test "${partial_fails}" != "" && echo "opam-repo-ci detected dependencies failing: ${partial_fails}"; \
    exit 1
RUN opam reinstall opentelemetry-lwt.0.7; \
    res=$?; \
    test "$res" != 31 && exit "$res"; \
    export OPAMCLI=2.0; \
    build_dir=$(opam var prefix)/.opam-switch/build; \
    failed=$(ls "$build_dir"); \
    partial_fails=""; \
    for pkg in $failed; do \
    if opam show -f x-ci-accept-failures: "$pkg" | grep -qF "\"debian-12\""; then \
    echo "A package failed and has been disabled for CI using the 'x-ci-accept-failures' field."; \
    fi; \
    test "$pkg" != 'opentelemetry-lwt.0.7' && partial_fails="$partial_fails $pkg"; \
    done; \
    test "${partial_fails}" != "" && echo "opam-repo-ci detected dependencies failing: ${partial_fails}"; \
    exit 1
RUN (opam reinstall --with-test opentelemetry-lwt.0.7) || true
RUN opam reinstall --with-test --verbose opentelemetry-lwt.0.7; \
    res=$?; \
    test "$res" != 31 && exit "$res"; \
    export OPAMCLI=2.0; \
    build_dir=$(opam var prefix)/.opam-switch/build; \
    failed=$(ls "$build_dir"); \
    partial_fails=""; \
    for pkg in $failed; do \
    if opam show -f x-ci-accept-failures: "$pkg" | grep -qF "\"debian-12\""; then \
    echo "A package failed and has been disabled for CI using the 'x-ci-accept-failures' field."; \
    fi; \
    test "$pkg" != 'opentelemetry-lwt.0.7' && partial_fails="$partial_fails $pkg"; \
    done; \
    test "${partial_fails}" != "" && echo "opam-repo-ci detected dependencies failing: ${partial_fails}"; \
    exit 1
[0m
END-OF-DOCKERFILE
docker build -f ../Dockerfile .

2024-06-03 12:42.49: Using cache hint "ocaml/opam:debian-12-ocaml-5.2@sha256:c3648aaaa12427d39407562078858b92695580fc0b6babaf3e2ac8f9a7107280-ocaml.5.2.0-opentelemetry-lwt.0.7-416bb59d4e5bd5a6dd8fb9323d97ea2c58b95d20"
2024-06-03 12:42.49: Using OBuilder spec:
((from ocaml/opam:debian-12-ocaml-5.2@sha256:c3648aaaa12427d39407562078858b92695580fc0b6babaf3e2ac8f9a7107280)
 (user (uid 1000) (gid 1000))
 (workdir /home/opam)
 (run (shell "sudo ln -f /usr/bin/opam-dev /usr/bin/opam"))
 (run (network host)
      (shell "opam init --reinit --config .opamrc-sandbox -ni"))
 (run (shell "uname -rs && opam exec -- ocaml -version && opam --version"))
 (env OPAMDOWNLOADJOBS 1)
 (env OPAMERRLOGLEN 0)
 (env OPAMSOLVERTIMEOUT 500)
 (env OPAMPRECISETRACKING 1)
 (env CI true)
 (env OPAM_REPO_CI true)
 (run (shell "rm -rf opam-repository/"))
 (copy (src .) (dst opam-repository/))
 (run (shell "opam repository set-url --strict default opam-repository/"))
 (run (network host)
      (shell "opam update --depexts || true"))
 (run (shell "opam pin add -k version -yn ocaml.5.2.0 5.2.0"))
 (run (cache (opam-archives (target /home/opam/.opam/download-cache)))
      (network host)
      (shell  "opam reinstall ocaml.5.2.0;\
             \n        res=$?;\
             \n        test \"$res\" != 31 && exit \"$res\";\
             \n        export OPAMCLI=2.0;\
             \n        build_dir=$(opam var prefix)/.opam-switch/build;\
             \n        failed=$(ls \"$build_dir\");\
             \n        partial_fails=\"\";\
             \n        for pkg in $failed; do\
             \n          if opam show -f x-ci-accept-failures: \"$pkg\" | grep -qF \"\\\"debian-12\\\"\"; then\
             \n            echo \"A package failed and has been disabled for CI using the 'x-ci-accept-failures' field.\";\
             \n          fi;\
             \n          test \"$pkg\" != 'ocaml.5.2.0' && partial_fails=\"$partial_fails $pkg\";\
             \n        done;\
             \n        test \"${partial_fails}\" != \"\" && echo \"opam-repo-ci detected dependencies failing: ${partial_fails}\";\
             \n        exit 1"))
 (run (cache (opam-archives (target /home/opam/.opam/download-cache)))
      (network host)
      (shell  "opam reinstall opentelemetry-lwt.0.7;\
             \n        res=$?;\
             \n        test \"$res\" != 31 && exit \"$res\";\
             \n        export OPAMCLI=2.0;\
             \n        build_dir=$(opam var prefix)/.opam-switch/build;\
             \n        failed=$(ls \"$build_dir\");\
             \n        partial_fails=\"\";\
             \n        for pkg in $failed; do\
             \n          if opam show -f x-ci-accept-failures: \"$pkg\" | grep -qF \"\\\"debian-12\\\"\"; then\
             \n            echo \"A package failed and has been disabled for CI using the 'x-ci-accept-failures' field.\";\
             \n          fi;\
             \n          test \"$pkg\" != 'opentelemetry-lwt.0.7' && partial_fails=\"$partial_fails $pkg\";\
             \n        done;\
             \n        test \"${partial_fails}\" != \"\" && echo \"opam-repo-ci detected dependencies failing: ${partial_fails}\";\
             \n        exit 1"))
 (run (network host)
      (shell "(opam reinstall --with-test opentelemetry-lwt.0.7) || true"))
 (run (shell  "opam reinstall --with-test --verbose opentelemetry-lwt.0.7;\
             \n        res=$?;\
             \n        test \"$res\" != 31 && exit \"$res\";\
             \n        export OPAMCLI=2.0;\
             \n        build_dir=$(opam var prefix)/.opam-switch/build;\
             \n        failed=$(ls \"$build_dir\");\
             \n        partial_fails=\"\";\
             \n        for pkg in $failed; do\
             \n          if opam show -f x-ci-accept-failures: \"$pkg\" | grep -qF \"\\\"debian-12\\\"\"; then\
             \n            echo \"A package failed and has been disabled for CI using the 'x-ci-accept-failures' field.\";\
             \n          fi;\
             \n          test \"$pkg\" != 'opentelemetry-lwt.0.7' && partial_fails=\"$partial_fails $pkg\";\
             \n        done;\
             \n        test \"${partial_fails}\" != \"\" && echo \"opam-repo-ci detected dependencies failing: ${partial_fails}\";\
             \n        exit 1"))
)

2024-06-03 12:42.49: Waiting for resource in pool OCluster
2024-06-05 07:09.33: Waiting for worker…
2024-06-05 07:11.35: Got resource from pool OCluster
Building on asteria.caelum.ci.dev
All commits already cached
HEAD is now at c45f5bab71 Merge pull request #25994 from Leonidas-from-XIV/release-yojson-2.2.0
Merge made by the 'ort' strategy.
 packages/arch-x86_32/arch-x86_32.1/opam            | 22 ++++++
 packages/arch-x86_64/arch-x86_64.1/opam            | 27 +++++++
 packages/conf-c++/conf-c++.1.0/opam                | 10 ++-
 packages/conf-g++/conf-g++.1.0/opam                | 10 ++-
 .../conf-mingw-w64-gcc-i686.1/opam                 |  4 ++
 .../conf-mingw-w64-gcc-x86_64.1/opam               |  4 ++
 .../conf-mingw-w64-pkgconf-i686.1/opam             |  4 ++
 .../conf-mingw-w64-pkgconf-x86_64.1/opam           |  4 ++
 .../conf-mingw-w64-zstd-i686.1/opam                |  2 +
 .../conf-mingw-w64-zstd-x86_64.1/opam              |  2 +
 packages/conf-pkg-config/conf-pkg-config.3/opam    |  6 +-
 packages/conf-zstd/conf-zstd.1.3.8/opam            | 12 +++-
 packages/host-arch-arm32/host-arch-arm32.1/opam    | 16 +++++
 packages/host-arch-arm64/host-arch-arm64.1/opam    | 16 +++++
 packages/host-arch-ppc64/host-arch-ppc64.1/opam    | 17 +++++
 .../host-arch-riscv64/host-arch-riscv64.1/opam     | 16 +++++
 packages/host-arch-s390x/host-arch-s390x.1/opam    | 17 +++++
 .../host-arch-unknown/host-arch-unknown.1/opam     | 16 +++++
 packages/host-arch-x86_32/host-arch-x86_32.1/opam  | 17 +++++
 packages/host-arch-x86_64/host-arch-x86_64.1/opam  | 17 +++++
 .../host-system-mingw/host-system-mingw.1/opam     | 17 +++++
 packages/host-system-msvc/host-system-msvc.1/opam  | 17 +++++
 .../host-system-other/host-system-other.1/opam     | 15 ++++
 packages/msys2-clang32/msys2-clang32.1/opam        | 17 +++++
 packages/msys2-clang64/msys2-clang64.1/opam        | 17 +++++
 packages/msys2-clangarm64/msys2-clangarm64.1/opam  | 17 +++++
 packages/msys2-mingw32/msys2-mingw32.1/opam        | 17 +++++
 packages/msys2-mingw64/msys2-mingw64.1/opam        | 17 +++++
 packages/msys2-ucrt64/msys2-ucrt64.1/opam          | 17 +++++
 packages/msys2/msys2.0.1.0/opam                    | 83 ++++++++++++++++++++++
 .../ocaml-base-compiler.4.13.0/opam                | 46 +++++++++++-
 .../ocaml-base-compiler.4.13.1/opam                | 46 +++++++++++-
 .../ocaml-base-compiler.4.14.0/opam                | 46 +++++++++++-
 .../ocaml-base-compiler.4.14.1/opam                | 46 +++++++++++-
 .../ocaml-base-compiler.4.14.2/opam                | 46 +++++++++++-
 .../ocaml-base-compiler.5.0.0/opam                 | 42 ++++++++++-
 .../ocaml-base-compiler.5.1.0/opam                 | 40 +++++++++++
 .../ocaml-base-compiler.5.1.1/opam                 | 40 +++++++++++
 .../ocaml-base-compiler.5.2.0/opam                 | 40 +++++++++++
 .../ocaml-base-compiler.5.2.0~alpha1/opam          | 43 ++++++++++-
 .../ocaml-base-compiler.5.2.0~beta1/opam           | 43 ++++++++++-
 .../ocaml-base-compiler.5.2.0~beta2/opam           | 43 ++++++++++-
 .../ocaml-base-compiler.5.2.0~rc1/opam             | 43 ++++++++++-
 packages/ocaml-beta/ocaml-beta.disabled/opam       |  1 +
 packages/ocaml-config/ocaml-config.0/opam          |  3 +-
 packages/ocaml-config/ocaml-config.1/opam          |  3 +-
 packages/ocaml-config/ocaml-config.2/opam          |  2 +
 .../ocaml-env-mingw32/ocaml-env-mingw32.1/opam     | 28 ++++++++
 .../ocaml-env-mingw64/ocaml-env-mingw64.1/opam     | 28 ++++++++
 packages/ocaml-env-msvc32/ocaml-env-msvc32.1/opam  | 38 ++++++++++
 packages/ocaml-env-msvc64/ocaml-env-msvc64.1/opam  | 38 ++++++++++
 .../ocaml-option-32bit/ocaml-option-32bit.1/opam   |  7 ++
 .../ocaml-option-address-sanitizer.1/opam          |  7 ++
 packages/ocaml-option-afl/ocaml-option-afl.1/opam  |  7 ++
 .../ocaml-option-bytecode-only.1/opam              | 15 +++-
 .../ocaml-option-default-unsafe-string.1/opam      |  7 ++
 .../ocaml-option-flambda.1/opam                    |  7 ++
 packages/ocaml-option-fp/ocaml-option-fp.1/opam    |  7 ++
 .../ocaml-option-leak-sanitizer.1/opam             |  7 ++
 .../ocaml-option-mingw/ocaml-option-mingw.1/opam   | 19 +++++
 .../ocaml-option-musl/ocaml-option-musl.1/opam     |  7 ++
 packages/ocaml-option-nnp/ocaml-option-nnp.1/opam  |  7 ++
 .../ocaml-option-nnpchecker.1/opam                 | 10 ++-
 .../ocaml-option-no-compression.1/opam             |  7 ++
 .../ocaml-option-no-flat-float-array.1/opam        |  7 ++
 .../ocaml-option-spacetime.1/opam                  |  7 ++
 .../ocaml-option-static/ocaml-option-static.1/opam |  7 ++
 .../ocaml-option-tsan/ocaml-option-tsan.1/opam     |  8 +++
 .../ocaml-options-only-afl.1/opam                  |  8 +++
 .../ocaml-options-only-flambda-fp.1/opam           |  8 +++
 .../ocaml-options-only-flambda.1/opam              |  8 +++
 .../ocaml-options-only-fp.1/opam                   |  8 +++
 .../ocaml-options-only-nnp.1/opam                  |  8 +++
 .../ocaml-options-only-nnpchecker.1/opam           |  8 +++
 .../opam                                           |  8 +++
 .../ocaml-options-only-no-flat-float-array.1/opam  |  8 +++
 .../ocaml-options-only-tsan.1/opam                 |  8 +++
 .../ocaml-options-vanilla.1/opam                   | 16 ++++-
 packages/ocaml-system/ocaml-system.4.13.0/opam     | 40 ++++++++++-
 packages/ocaml-system/ocaml-system.4.13.1/opam     | 40 ++++++++++-
 packages/ocaml-system/ocaml-system.4.14.0/opam     | 40 ++++++++++-
 packages/ocaml-system/ocaml-system.4.14.1/opam     | 40 ++++++++++-
 packages/ocaml-system/ocaml-system.4.14.2/opam     | 40 ++++++++++-
 packages/ocaml-system/ocaml-system.5.0.0/opam      | 41 ++++++++++-
 packages/ocaml-system/ocaml-system.5.1.0/opam      | 43 ++++++++++-
 packages/ocaml-system/ocaml-system.5.1.1/opam      | 43 ++++++++++-
 packages/ocaml-system/ocaml-system.5.2.0/opam      | 43 ++++++++++-
 .../ocaml-variants.4.13.0+options/opam             | 43 +++++++++++
 .../ocaml-variants.4.13.1+options/opam             | 43 +++++++++++
 .../ocaml-variants.4.13.2+trunk/opam               | 44 ++++++++++++
 .../ocaml-variants.4.14.0+options/opam             | 43 +++++++++++
 .../ocaml-variants.4.14.1+options/opam             | 43 +++++++++++
 .../ocaml-variants.4.14.2+options/opam             | 43 +++++++++++
 .../ocaml-variants.4.14.3+trunk/opam               | 44 ++++++++++++
 .../ocaml-variants.5.0.0+options/opam              | 55 +++++++++++++-
 .../ocaml-variants/ocaml-variants.5.0.1+trunk/opam | 57 ++++++++++++++-
 .../ocaml-variants.5.1.0+options/opam              | 45 +++++++++++-
 .../ocaml-variants.5.1.1+effect-syntax/opam        | 46 +++++++++++-
 .../ocaml-variants.5.1.1+options/opam              | 45 +++++++++++-
 .../ocaml-variants/ocaml-variants.5.1.2+trunk/opam | 70 +++++++++++++-----
 .../ocaml-variants.5.2.0+options/opam              | 43 +++++++++++
 .../ocaml-variants.5.2.0+statmemprof/opam          | 46 +++++++++++-
 .../ocaml-variants.5.2.0~alpha1+options/opam       | 46 +++++++++++-
 .../ocaml-variants.5.2.0~beta1+options/opam        | 46 +++++++++++-
 .../ocaml-variants.5.2.0~beta2+options/opam        | 46 +++++++++++-
 .../ocaml-variants.5.2.0~rc1+options/opam          | 46 +++++++++++-
 .../ocaml-variants/ocaml-variants.5.2.1+trunk/opam | 46 +++++++++++-
 .../ocaml-variants/ocaml-variants.5.3.0+trunk/opam | 49 ++++++++++++-
 packages/ocaml/ocaml.4.13.0/opam                   |  3 +
 packages/ocaml/ocaml.4.13.1/opam                   |  3 +
 packages/ocaml/ocaml.4.13.2/opam                   |  3 +
 packages/ocaml/ocaml.4.14.0/opam                   |  3 +
 packages/ocaml/ocaml.4.14.1/opam                   |  3 +
 packages/ocaml/ocaml.4.14.2/opam                   |  3 +
 packages/ocaml/ocaml.4.14.3/opam                   |  3 +
 packages/ocaml/ocaml.5.0.0/opam                    |  3 +
 packages/ocaml/ocaml.5.0.1/opam                    |  3 +
 packages/ocaml/ocaml.5.1.0/opam                    |  3 +
 packages/ocaml/ocaml.5.1.1/opam                    |  3 +
 packages/ocaml/ocaml.5.1.2/opam                    |  3 +
 packages/ocaml/ocaml.5.2.0/opam                    |  3 +
 packages/ocaml/ocaml.5.3.0/opam                    |  3 +
 packages/system-mingw/system-mingw.1/opam          | 20 ++++++
 packages/system-msvc/system-msvc.1/opam            | 20 ++++++
 124 files changed, 2779 insertions(+), 71 deletions(-)
 create mode 100644 packages/arch-x86_32/arch-x86_32.1/opam
 create mode 100644 packages/arch-x86_64/arch-x86_64.1/opam
 create mode 100644 packages/host-arch-arm32/host-arch-arm32.1/opam
 create mode 100644 packages/host-arch-arm64/host-arch-arm64.1/opam
 create mode 100644 packages/host-arch-ppc64/host-arch-ppc64.1/opam
 create mode 100644 packages/host-arch-riscv64/host-arch-riscv64.1/opam
 create mode 100644 packages/host-arch-s390x/host-arch-s390x.1/opam
 create mode 100644 packages/host-arch-unknown/host-arch-unknown.1/opam
 create mode 100644 packages/host-arch-x86_32/host-arch-x86_32.1/opam
 create mode 100644 packages/host-arch-x86_64/host-arch-x86_64.1/opam
 create mode 100644 packages/host-system-mingw/host-system-mingw.1/opam
 create mode 100644 packages/host-system-msvc/host-system-msvc.1/opam
 create mode 100644 packages/host-system-other/host-system-other.1/opam
 create mode 100644 packages/msys2-clang32/msys2-clang32.1/opam
 create mode 100644 packages/msys2-clang64/msys2-clang64.1/opam
 create mode 100644 packages/msys2-clangarm64/msys2-clangarm64.1/opam
 create mode 100644 packages/msys2-mingw32/msys2-mingw32.1/opam
 create mode 100644 packages/msys2-mingw64/msys2-mingw64.1/opam
 create mode 100644 packages/msys2-ucrt64/msys2-ucrt64.1/opam
 create mode 100644 packages/msys2/msys2.0.1.0/opam
 create mode 100644 packages/ocaml-env-mingw32/ocaml-env-mingw32.1/opam
 create mode 100644 packages/ocaml-env-mingw64/ocaml-env-mingw64.1/opam
 create mode 100644 packages/ocaml-env-msvc32/ocaml-env-msvc32.1/opam
 create mode 100644 packages/ocaml-env-msvc64/ocaml-env-msvc64.1/opam
 create mode 100644 packages/ocaml-option-mingw/ocaml-option-mingw.1/opam
 create mode 100644 packages/system-mingw/system-mingw.1/opam
 create mode 100644 packages/system-msvc/system-msvc.1/opam

[01;34m(from ocaml/opam:debian-12-ocaml-5.2@sha256:c3648aaaa12427d39407562078858b92695580fc0b6babaf3e2ac8f9a7107280)[0m
[01;2m[01;35m2024-06-05 07:12.44 ---> using "ed75a14731b6a9ff34cfb0628927e06efa510541d8edd19ef220d9903f45ed0e" from cache[0m

[01;34m/: (user (uid 1000) (gid 1000))[0m

[01;34m/: (workdir /home/opam)[0m

[01;34m/home/opam: (run (shell "sudo ln -f /usr/bin/opam-dev /usr/bin/opam"))[0m
[01;2m[01;35m2024-06-05 07:12.44 ---> using "11407642a9d65bbfe22ea23d9d03e5b9bec90b8d6ca69708f3dc8fa0168619ce" from cache[0m

[01;34m/home/opam: (run (network host)
                 (shell "opam init --reinit --config .opamrc-sandbox -ni"))[0m
Configuring from /home/opam/.opamrc-sandbox, then /home/opam/.opamrc, and finally from built-in defaults.
Checking for available remotes: rsync and local, git.
  - you won't be able to use mercurial repositories unless you install the hg command on your system.
  - you won't be able to use darcs repositories unless you install the darcs command on your system.

This development version of opam requires an update to the layout of /home/opam/.opam from version 2.0 to version 2.2~beta, which can't be reverted.
You may want to back it up before going further.

Continue? [y/n] y
[NOTE] The 'jobs' option was reset, its value was 39 and its new value will vary according to the current number of cores on your machine. You can restore the fixed value using:
           opam option jobs=39 --global
Format upgrade done.

<><> Updating repositories ><><><><><><><><><><><><><><><><><><><><><><><><><><>
[default] synchronised from file:///home/opam/opam-repository
[01;2m[01;35m2024-06-05 07:12.44 ---> using "14b037a82688ab97c0a8b22d60e50563984236ca01ae61941f44c1930b9bab24" from cache[0m

[01;34m/home/opam: (run (shell "uname -rs && opam exec -- ocaml -version && opam --version"))[0m
Linux 5.15.0-107-generic
The OCaml toplevel, version 5.2.0
2.2.0~beta3~dev
[01;2m[01;35m2024-06-05 07:12.44 ---> using "76d009faee541a4c38b7e1ffa1141f594311345167f6eecb6954eee8857b6145" from cache[0m

[01;34m/home/opam: (env OPAMDOWNLOADJOBS 1)[0m

[01;34m/home/opam: (env OPAMERRLOGLEN 0)[0m

[01;34m/home/opam: (env OPAMSOLVERTIMEOUT 500)[0m

[01;34m/home/opam: (env OPAMPRECISETRACKING 1)[0m

[01;34m/home/opam: (env CI true)[0m

[01;34m/home/opam: (env OPAM_REPO_CI true)[0m

[01;34m/home/opam: (run (shell "rm -rf opam-repository/"))[0m
[01;2m[01;35m2024-06-05 07:12.44 ---> using "5653e5cd7765413b07893ccde9ff3bace209532ccde658e6660e46a2dcb3872d" from cache[0m

[01;34m/home/opam: (copy (src .) (dst opam-repository/))[0m
[01;2m[01;35m2024-06-05 07:12.45 ---> using "34533e8776d5f02d6899b2ff637c06229ed293a18b31184d50000115de21b507" from cache[0m

[01;34m/home/opam: (run (shell "opam repository set-url --strict default opam-repository/"))[0m
[default] Initialised
[01;2m[01;35m2024-06-05 07:12.45 ---> using "f2fe1844a7adc9c4e0967dd980978cd10558f5ada2a2644b31e5d4fe9b30a0db" from cache[0m

[01;34m/home/opam: (run (network host)
                 (shell "opam update --depexts || true"))[0m
+ /usr/bin/sudo "apt-get" "update"
- Hit:1 http://deb.debian.org/debian bookworm InRelease
- Get:2 http://deb.debian.org/debian bookworm-updates InRelease [55.4 kB]
- Get:3 http://deb.debian.org/debian-security bookworm-security InRelease [48.0 kB]
- Get:4 http://deb.debian.org/debian-security bookworm-security/main amd64 Packages [157 kB]
- Fetched 260 kB in 0s (1053 kB/s)
- Reading package lists...
[01;2m[01;35m2024-06-05 07:12.45 ---> using "f96d91eba7cac27c0a03191274fcf9edd1a484ce57fda25e613ad6f53e54433b" from cache[0m

[01;34m/home/opam: (run (shell "opam pin add -k version -yn ocaml.5.2.0 5.2.0"))[0m
ocaml is now pinned to version 5.2.0
[01;2m[01;35m2024-06-05 07:12.45 ---> using "ed070eeae41211a7fc99e88cd8a1d42dfa28d8019f32ed1ddacce62d419bb449" from cache[0m

[01;34m/home/opam: (run (cache (opam-archives (target /home/opam/.opam/download-cache)))
                 (network host)
                 (shell  "opam reinstall ocaml.5.2.0;\
                        \n        res=$?;\
                        \n        test \"$res\" != 31 && exit \"$res\";\
                        \n        export OPAMCLI=2.0;\
                        \n        build_dir=$(opam var prefix)/.opam-switch/build;\
                        \n        failed=$(ls \"$build_dir\");\
                        \n        partial_fails=\"\";\
                        \n        for pkg in $failed; do\
                        \n          if opam show -f x-ci-accept-failures: \"$pkg\" | grep -qF \"\\\"debian-12\\\"\"; then\
                        \n            echo \"A package failed and has been disabled for CI using the 'x-ci-accept-failures' field.\";\
                        \n          fi;\
                        \n          test \"$pkg\" != 'ocaml.5.2.0' && partial_fails=\"$partial_fails $pkg\";\
                        \n        done;\
                        \n        test \"${partial_fails}\" != \"\" && echo \"opam-repo-ci detected dependencies failing: ${partial_fails}\";\
                        \n        exit 1"))[0m
The following actions will be performed:
=== recompile 6 packages
  - recompile base-domains        base           [uses ocaml]
  - recompile base-nnp            base           [uses base-domains]
  - recompile ocaml               5.2.0 (pinned)
  - recompile ocaml-base-compiler 5.2.0 (pinned) [upstream or system changes]
  - recompile ocaml-config        3              [upstream or system changes]
  - recompile opam-depext         1.2.1-1        [uses ocaml]
=== install 2 packages
  - install   host-arch-x86_64    1
  - install   host-system-other   1

<><> Processing actions <><><><><><><><><><><><><><><><><><><><><><><><><><><><>
-> installed host-arch-x86_64.1
-> installed host-system-other.1
-> retrieved ocaml-base-compiler.5.2.0  (cached)
-> retrieved ocaml-config.3  (cached)
-> retrieved opam-depext.1.2.1-1  (cached)
-> removed   base-nnp.base
-> removed   base-domains.base
-> removed   opam-depext.1.2.1-1
-> removed   ocaml.5.2.0
-> removed   ocaml-config.3
-> removed   ocaml-base-compiler.5.2.0
-> installed ocaml-base-compiler.5.2.0
-> installed ocaml-config.3
-> installed ocaml.5.2.0
-> installed base-domains.base
-> installed base-nnp.base
-> installed opam-depext.1.2.1-1
Done.

<><> opam-depext.1.2.1-1 installed successfully <><><><><><><><><><><><><><><><>
=> opam-depext is unnecessary when used with opam >= 2.1. Please use opam install directly instead
# Run eval $(opam env) to update the current shell environment
[01;2m[01;35m2024-06-05 07:12.45 ---> using "bf08524f493dacb12736848465fe6d1f33be4961b3646ef4e48fb8372c08c97f" from cache[0m

[01;34m/home/opam: (run (cache (opam-archives (target /home/opam/.opam/download-cache)))
                 (network host)
                 (shell  "opam reinstall opentelemetry-lwt.0.7;\
                        \n        res=$?;\
                        \n        test \"$res\" != 31 && exit \"$res\";\
                        \n        export OPAMCLI=2.0;\
                        \n        build_dir=$(opam var prefix)/.opam-switch/build;\
                        \n        failed=$(ls \"$build_dir\");\
                        \n        partial_fails=\"\";\
                        \n        for pkg in $failed; do\
                        \n          if opam show -f x-ci-accept-failures: \"$pkg\" | grep -qF \"\\\"debian-12\\\"\"; then\
                        \n            echo \"A package failed and has been disabled for CI using the 'x-ci-accept-failures' field.\";\
                        \n          fi;\
                        \n          test \"$pkg\" != 'opentelemetry-lwt.0.7' && partial_fails=\"$partial_fails $pkg\";\
                        \n        done;\
                        \n        test \"${partial_fails}\" != \"\" && echo \"opam-repo-ci detected dependencies failing: ${partial_fails}\";\
                        \n        exit 1"))[0m
opentelemetry-lwt.0.7 is not installed. Install it? [y/n] y
The following actions will be performed:
=== install 21 packages
  - install ambient-context     0.1.0   [required by opentelemetry-lwt]
  - install base-bytes          base    [required by ocplib-endian]
  - install cppo                1.6.9   [required by lwt]
  - install csexp               1.5.2   [required by dune-configurator]
  - install dune                3.15.3  [required by opentelemetry-lwt]
  - install dune-configurator   3.15.3  [required by lwt]
  - install lwt                 5.7.0   [required by opentelemetry-lwt]
  - install lwt_ppx             2.1.0   [required by opentelemetry-lwt]
  - install ocaml-compiler-libs v0.17.0 [required by ppxlib]
  - install ocamlbuild          0.14.3  [required by ptime]
  - install ocamlfind           1.9.6   [required by ptime]
  - install ocplib-endian       1.2     [required by lwt]
  - install opentelemetry       0.7     [required by opentelemetry-lwt]
  - install opentelemetry-lwt   0.7
  - install pbrt                3.0.2   [required by opentelemetry]
  - install ppx_derivers        1.2.1   [required by ppxlib]
  - install ppxlib              0.32.1  [required by lwt_ppx]
  - install ptime               1.1.0   [required by opentelemetry]
  - install sexplib0            v0.17.0 [required by ppxlib]
  - install stdlib-shims        0.3.0   [required by ppxlib, pbrt]
  - install topkg               1.0.7   [required by ptime]

<><> Processing actions <><><><><><><><><><><><><><><><><><><><><><><><><><><><>
-> retrieved ambient-context.0.1.0  (cached)
-> retrieved cppo.1.6.9  (cached)
-> retrieved csexp.1.5.2  (cached)
-> retrieved dune.3.15.3, dune-configurator.3.15.3  (cached)
-> retrieved lwt.5.7.0  (cached)
-> retrieved lwt_ppx.2.1.0  (cached)
-> retrieved ocaml-compiler-libs.v0.17.0  (cached)
-> retrieved ocamlbuild.0.14.3  (cached)
-> retrieved ocamlfind.1.9.6  (cached)
-> retrieved ocplib-endian.1.2  (cached)
-> retrieved opentelemetry.0.7, opentelemetry-lwt.0.7  (cached)
-> retrieved pbrt.3.0.2  (cached)
-> retrieved ppx_derivers.1.2.1  (cached)
-> retrieved ppxlib.0.32.1  (cached)
-> retrieved ptime.1.1.0  (cached)
-> retrieved sexplib0.v0.17.0  (cached)
-> retrieved stdlib-shims.0.3.0  (cached)
-> retrieved topkg.1.0.7  (cached)
-> installed ocamlfind.1.9.6
-> installed base-bytes.base
-> installed ocamlbuild.0.14.3
-> installed topkg.1.0.7
-> installed ptime.1.1.0
-> installed dune.3.15.3
-> installed ppx_derivers.1.2.1
-> installed csexp.1.5.2
-> installed ambient-context.0.1.0
-> installed cppo.1.6.9
-> installed ocaml-compiler-libs.v0.17.0
-> installed sexplib0.v0.17.0
-> installed stdlib-shims.0.3.0
-> installed ocplib-endian.1.2
-> installed pbrt.3.0.2
-> installed dune-configurator.3.15.3
-> installed opentelemetry.0.7
-> installed lwt.5.7.0
-> installed ppxlib.0.32.1
-> installed lwt_ppx.2.1.0
-> installed opentelemetry-lwt.0.7
Done.
# Run eval $(opam env) to update the current shell environment
[01;2m[01;35m2024-06-05 07:13.33 ---> saved as "1adf9580ea9f3eefb2552ca5437372f9243e749b0f53bdfc01c33d7c0129b27c"[0m

[01;34m/home/opam: (run (network host)
                 (shell "(opam reinstall --with-test opentelemetry-lwt.0.7) || true"))[0m
[ERROR] Sorry, resolution of the request timed out.
        Try to specify a more precise request, use a different solver, or increase the allowed time by setting OPAMSOLVERTIMEOUT to a bigger value (currently, it is set to 500.0 seconds).
[01;2m[01;35m2024-06-05 07:22.02 ---> saved as "064f2325c4f07ab71a61c53b652ab9024a40a92c1e42de5fdca2b4e65f1f9831"[0m

[01;34m/home/opam: (run (shell  "opam reinstall --with-test --verbose opentelemetry-lwt.0.7;\
                        \n        res=$?;\
                        \n        test \"$res\" != 31 && exit \"$res\";\
                        \n        export OPAMCLI=2.0;\
                        \n        build_dir=$(opam var prefix)/.opam-switch/build;\
                        \n        failed=$(ls \"$build_dir\");\
                        \n        partial_fails=\"\";\
                        \n        for pkg in $failed; do\
                        \n          if opam show -f x-ci-accept-failures: \"$pkg\" | grep -qF \"\\\"debian-12\\\"\"; then\
                        \n            echo \"A package failed and has been disabled for CI using the 'x-ci-accept-failures' field.\";\
                        \n          fi;\
                        \n          test \"$pkg\" != 'opentelemetry-lwt.0.7' && partial_fails=\"$partial_fails $pkg\";\
                        \n        done;\
                        \n        test \"${partial_fails}\" != \"\" && echo \"opam-repo-ci detected dependencies failing: ${partial_fails}\";\
                        \n        exit 1"))[0m
[ERROR] Sorry, resolution of the request timed out.
        Try to specify a more precise request, use a different solver, or increase the allowed time by setting OPAMSOLVERTIMEOUT to a bigger value (currently, it is set to 500.0 seconds).
'opam reinstall --with-test --verbose opentelemetry-lwt.0.7' failed.
"/usr/bin/env" "bash" "-c" "opam reinstall --with-test --verbose opentelemetry-lwt.0.7;
        res=$?;
        test "$res" != 31 && exit "$res";
        export OPAMCLI=2.0;
        build_dir=$(opam var prefix)/.opam-switch/build;
        failed=$(ls "$build_dir");
        partial_fails="";
        for pkg in $failed; do
          if opam show -f x-ci-accept-failures: "$pkg" | grep -qF "\"debian-12\""; then
            echo "A package failed and has been disabled for CI using the 'x-ci-accept-failures' field.";
          fi;
          test "$pkg" != 'opentelemetry-lwt.0.7' && partial_fails="$partial_fails $pkg";
        done;
        test "${partial_fails}" != "" && echo "opam-repo-ci detected dependencies failing: ${partial_fails}";
        exit 1" failed with exit status 60
2024-06-05 07:30.47: Job failed: Failed: Build failed
2024-06-05 07:30.47: Log analysis:
2024-06-05 07:30.47: >>> 
[ERROR] Sorry, resolution of the request timed out.
 (score = 20)
2024-06-05 07:30.47: >>> 
[ERROR] Sorry, resolution of the request timed out.
 (score = 20)
2024-06-05 07:30.47: Sorry, resolution of the request timed out.
