2024-05-29 19:09.53: New job: test irmin-http.3.2.1 with tcpip.8.1.0, using opam dev
                              from https://github.com/ocaml/opam-repository.git#refs/pull/25966/head (a0c202cf060bfc241338bf6c738f54be8b19b135)
                              on debian-12-ocaml-4.14/amd64

To reproduce locally:

cd $(mktemp -d)
git clone --recursive "https://github.com/ocaml/opam-repository.git" && cd "opam-repository" && git fetch origin "refs/pull/25966/head" && git reset --hard a0c202cf
git fetch origin master
git merge --no-edit 0b9453aa6048fe22dfdf9af320fe1dd40296d350
cat > ../Dockerfile <<'END-OF-DOCKERFILE'
[34mFROM ocaml/opam:debian-12-ocaml-4.14@sha256:575952ac1a1b71568d969fe2b9788c1516c1252dda6ccffdc995036cc8cc9e3b
USER 1000:1000
WORKDIR /home/opam
RUN sudo ln -f /usr/bin/opam-dev /usr/bin/opam
RUN opam init --reinit -ni
RUN uname -rs && opam exec -- ocaml -version && opam --version
ENV OPAMDOWNLOADJOBS="1"
ENV OPAMERRLOGLEN="0"
ENV OPAMSOLVERTIMEOUT="500"
ENV OPAMPRECISETRACKING="1"
ENV CI="true"
ENV OPAM_REPO_CI="true"
RUN rm -rf opam-repository/
COPY --chown=1000:1000 . opam-repository/
RUN opam repository set-url --strict default opam-repository/
RUN opam update --depexts || true
RUN opam pin add -k version -yn tcpip.8.1.0 8.1.0
RUN opam reinstall tcpip.8.1.0; \
    res=$?; \
    test "$res" != 31 && exit "$res"; \
    export OPAMCLI=2.0; \
    build_dir=$(opam var prefix)/.opam-switch/build; \
    failed=$(ls "$build_dir"); \
    partial_fails=""; \
    for pkg in $failed; do \
    if opam show -f x-ci-accept-failures: "$pkg" | grep -qF "\"debian-12\""; then \
    echo "A package failed and has been disabled for CI using the 'x-ci-accept-failures' field."; \
    fi; \
    test "$pkg" != 'tcpip.8.1.0' && partial_fails="$partial_fails $pkg"; \
    done; \
    test "${partial_fails}" != "" && echo "opam-repo-ci detected dependencies failing: ${partial_fails}"; \
    exit 1
RUN opam reinstall irmin-http.3.2.1; \
    res=$?; \
    test "$res" != 31 && exit "$res"; \
    export OPAMCLI=2.0; \
    build_dir=$(opam var prefix)/.opam-switch/build; \
    failed=$(ls "$build_dir"); \
    partial_fails=""; \
    for pkg in $failed; do \
    if opam show -f x-ci-accept-failures: "$pkg" | grep -qF "\"debian-12\""; then \
    echo "A package failed and has been disabled for CI using the 'x-ci-accept-failures' field."; \
    fi; \
    test "$pkg" != 'irmin-http.3.2.1' && partial_fails="$partial_fails $pkg"; \
    done; \
    test "${partial_fails}" != "" && echo "opam-repo-ci detected dependencies failing: ${partial_fails}"; \
    exit 1
RUN (opam reinstall --with-test irmin-http.3.2.1) || true
RUN opam reinstall --with-test --verbose irmin-http.3.2.1; \
    res=$?; \
    test "$res" != 31 && exit "$res"; \
    export OPAMCLI=2.0; \
    build_dir=$(opam var prefix)/.opam-switch/build; \
    failed=$(ls "$build_dir"); \
    partial_fails=""; \
    for pkg in $failed; do \
    if opam show -f x-ci-accept-failures: "$pkg" | grep -qF "\"debian-12\""; then \
    echo "A package failed and has been disabled for CI using the 'x-ci-accept-failures' field."; \
    fi; \
    test "$pkg" != 'irmin-http.3.2.1' && partial_fails="$partial_fails $pkg"; \
    done; \
    test "${partial_fails}" != "" && echo "opam-repo-ci detected dependencies failing: ${partial_fails}"; \
    exit 1
[0m
END-OF-DOCKERFILE
docker build -f ../Dockerfile .

2024-05-29 19:09.53: Using cache hint "ocaml/opam:debian-12-ocaml-4.14@sha256:575952ac1a1b71568d969fe2b9788c1516c1252dda6ccffdc995036cc8cc9e3b-tcpip.8.1.0-irmin-http.3.2.1-a0c202cf060bfc241338bf6c738f54be8b19b135"
2024-05-29 19:09.53: Using OBuilder spec:
((from ocaml/opam:debian-12-ocaml-4.14@sha256:575952ac1a1b71568d969fe2b9788c1516c1252dda6ccffdc995036cc8cc9e3b)
 (user (uid 1000) (gid 1000))
 (workdir /home/opam)
 (run (shell "sudo ln -f /usr/bin/opam-dev /usr/bin/opam"))
 (run (network host)
      (shell "opam init --reinit --config .opamrc-sandbox -ni"))
 (run (shell "uname -rs && opam exec -- ocaml -version && opam --version"))
 (env OPAMDOWNLOADJOBS 1)
 (env OPAMERRLOGLEN 0)
 (env OPAMSOLVERTIMEOUT 500)
 (env OPAMPRECISETRACKING 1)
 (env CI true)
 (env OPAM_REPO_CI true)
 (run (shell "rm -rf opam-repository/"))
 (copy (src .) (dst opam-repository/))
 (run (shell "opam repository set-url --strict default opam-repository/"))
 (run (network host)
      (shell "opam update --depexts || true"))
 (run (shell "opam pin add -k version -yn tcpip.8.1.0 8.1.0"))
 (run (cache (opam-archives (target /home/opam/.opam/download-cache)))
      (network host)
      (shell  "opam reinstall tcpip.8.1.0;\
             \n        res=$?;\
             \n        test \"$res\" != 31 && exit \"$res\";\
             \n        export OPAMCLI=2.0;\
             \n        build_dir=$(opam var prefix)/.opam-switch/build;\
             \n        failed=$(ls \"$build_dir\");\
             \n        partial_fails=\"\";\
             \n        for pkg in $failed; do\
             \n          if opam show -f x-ci-accept-failures: \"$pkg\" | grep -qF \"\\\"debian-12\\\"\"; then\
             \n            echo \"A package failed and has been disabled for CI using the 'x-ci-accept-failures' field.\";\
             \n          fi;\
             \n          test \"$pkg\" != 'tcpip.8.1.0' && partial_fails=\"$partial_fails $pkg\";\
             \n        done;\
             \n        test \"${partial_fails}\" != \"\" && echo \"opam-repo-ci detected dependencies failing: ${partial_fails}\";\
             \n        exit 1"))
 (run (cache (opam-archives (target /home/opam/.opam/download-cache)))
      (network host)
      (shell  "opam reinstall irmin-http.3.2.1;\
             \n        res=$?;\
             \n        test \"$res\" != 31 && exit \"$res\";\
             \n        export OPAMCLI=2.0;\
             \n        build_dir=$(opam var prefix)/.opam-switch/build;\
             \n        failed=$(ls \"$build_dir\");\
             \n        partial_fails=\"\";\
             \n        for pkg in $failed; do\
             \n          if opam show -f x-ci-accept-failures: \"$pkg\" | grep -qF \"\\\"debian-12\\\"\"; then\
             \n            echo \"A package failed and has been disabled for CI using the 'x-ci-accept-failures' field.\";\
             \n          fi;\
             \n          test \"$pkg\" != 'irmin-http.3.2.1' && partial_fails=\"$partial_fails $pkg\";\
             \n        done;\
             \n        test \"${partial_fails}\" != \"\" && echo \"opam-repo-ci detected dependencies failing: ${partial_fails}\";\
             \n        exit 1"))
 (run (network host)
      (shell "(opam reinstall --with-test irmin-http.3.2.1) || true"))
 (run (shell  "opam reinstall --with-test --verbose irmin-http.3.2.1;\
             \n        res=$?;\
             \n        test \"$res\" != 31 && exit \"$res\";\
             \n        export OPAMCLI=2.0;\
             \n        build_dir=$(opam var prefix)/.opam-switch/build;\
             \n        failed=$(ls \"$build_dir\");\
             \n        partial_fails=\"\";\
             \n        for pkg in $failed; do\
             \n          if opam show -f x-ci-accept-failures: \"$pkg\" | grep -qF \"\\\"debian-12\\\"\"; then\
             \n            echo \"A package failed and has been disabled for CI using the 'x-ci-accept-failures' field.\";\
             \n          fi;\
             \n          test \"$pkg\" != 'irmin-http.3.2.1' && partial_fails=\"$partial_fails $pkg\";\
             \n        done;\
             \n        test \"${partial_fails}\" != \"\" && echo \"opam-repo-ci detected dependencies failing: ${partial_fails}\";\
             \n        exit 1"))
)

2024-05-29 19:09.53: Waiting for resource in pool OCluster
2024-05-29 19:33.41: Waiting for worker…
2024-05-29 19:43.15: Got resource from pool OCluster
Building on x86-bm-c19.sw.ocaml.org
All commits already cached
Updating files:  91% (28623/31379)Updating files:  92% (28869/31379)Updating files:  93% (29183/31379)Updating files:  94% (29497/31379)Updating files:  95% (29811/31379)Updating files:  96% (30124/31379)Updating files:  97% (30438/31379)Updating files:  98% (30752/31379)Updating files:  99% (31066/31379)Updating files: 100% (31379/31379)Updating files: 100% (31379/31379), done.
HEAD is now at 0b9453aa60 Merge pull request #25962 from hannesm/no-check-for-ocaml-trunk
Updating 0b9453aa60..a0c202cf06
Fast-forward
 packages/tcpip/tcpip.8.1.0/opam | 77 +++++++++++++++++++++++++++++++++++++++++
 1 file changed, 77 insertions(+)
 create mode 100644 packages/tcpip/tcpip.8.1.0/opam

[01;34m(from ocaml/opam:debian-12-ocaml-4.14@sha256:575952ac1a1b71568d969fe2b9788c1516c1252dda6ccffdc995036cc8cc9e3b)[0m
[01;2m[01;35m2024-05-29 19:43.29 ---> using "b70a2807c2cfb3c5680f4fafeddd66a33d7dcdd9d48b1543e8642b8df113fdbf" from cache[0m

[01;34m/: (user (uid 1000) (gid 1000))[0m

[01;34m/: (workdir /home/opam)[0m

[01;34m/home/opam: (run (shell "sudo ln -f /usr/bin/opam-dev /usr/bin/opam"))[0m
[01;2m[01;35m2024-05-29 19:43.29 ---> using "c36f90ecff164603a21017340adb790a2f028b93271d75cce805aa2725f2c474" from cache[0m

[01;34m/home/opam: (run (network host)
                 (shell "opam init --reinit --config .opamrc-sandbox -ni"))[0m
Configuring from /home/opam/.opamrc-sandbox, then /home/opam/.opamrc, and finally from built-in defaults.
Checking for available remotes: rsync and local, git.
  - you won't be able to use mercurial repositories unless you install the hg command on your system.
  - you won't be able to use darcs repositories unless you install the darcs command on your system.

This development version of opam requires an update to the layout of /home/opam/.opam from version 2.0 to version 2.2~beta, which can't be reverted.
You may want to back it up before going further.

Continue? [y/n] y
[NOTE] The 'jobs' option was reset, its value was 39 and its new value will vary according to the current number of cores on your machine. You can restore the fixed value using:
           opam option jobs=39 --global
Format upgrade done.

<><> Updating repositories ><><><><><><><><><><><><><><><><><><><><><><><><><><>
[default] synchronised from file:///home/opam/opam-repository
[01;2m[01;35m2024-05-29 19:43.29 ---> using "41ba59c52c751987091a990bfc68743f47f1d48b58a0242e92679239747c0a38" from cache[0m

[01;34m/home/opam: (run (shell "uname -rs && opam exec -- ocaml -version && opam --version"))[0m
Linux 5.15.0-107-generic
The OCaml toplevel, version 4.14.2
2.2.0~beta3~dev
[01;2m[01;35m2024-05-29 19:43.29 ---> using "43177bf724d2ad14c3885c9e8604bf82de09a17c5632804082eaf00f00843b27" from cache[0m

[01;34m/home/opam: (env OPAMDOWNLOADJOBS 1)[0m

[01;34m/home/opam: (env OPAMERRLOGLEN 0)[0m

[01;34m/home/opam: (env OPAMSOLVERTIMEOUT 500)[0m

[01;34m/home/opam: (env OPAMPRECISETRACKING 1)[0m

[01;34m/home/opam: (env CI true)[0m

[01;34m/home/opam: (env OPAM_REPO_CI true)[0m

[01;34m/home/opam: (run (shell "rm -rf opam-repository/"))[0m
[01;2m[01;35m2024-05-29 19:43.29 ---> using "dc5d5a1631518083bf7b71a8bbeb70067bb1c0e264ce14940be3414232922413" from cache[0m

[01;34m/home/opam: (copy (src .) (dst opam-repository/))[0m
[01;2m[01;35m2024-05-29 19:43.31 ---> using "72b9087370baaa82cfc64e3f87b21205bd6524aeb090ca509ecfdaea1901cf74" from cache[0m

[01;34m/home/opam: (run (shell "opam repository set-url --strict default opam-repository/"))[0m
[default] Initialised
[01;2m[01;35m2024-05-29 19:43.31 ---> using "f5630101137818bb0c0ae2c679949505ac4f376a81a1b7b3623c6dce97405ea7" from cache[0m

[01;34m/home/opam: (run (network host)
                 (shell "opam update --depexts || true"))[0m
+ /usr/bin/sudo "apt-get" "update"
- Hit:1 http://deb.debian.org/debian bookworm InRelease
- Get:2 http://deb.debian.org/debian bookworm-updates InRelease [55.4 kB]
- Get:3 http://deb.debian.org/debian-security bookworm-security InRelease [48.0 kB]
- Get:4 http://deb.debian.org/debian-security bookworm-security/main amd64 Packages [157 kB]
- Fetched 261 kB in 0s (950 kB/s)
- Reading package lists...
[01;2m[01;35m2024-05-29 19:43.31 ---> using "18ce0db814efc868c44f82a4d49d30fd8349052016f09df9a2f9e1297389ab35" from cache[0m

[01;34m/home/opam: (run (shell "opam pin add -k version -yn tcpip.8.1.0 8.1.0"))[0m
tcpip is now pinned to version 8.1.0
[01;2m[01;35m2024-05-29 19:43.31 ---> using "1d41387be891a1e7660d820e7f2d301ac6f133b1f0bebaf5c69a058336892535" from cache[0m

[01;34m/home/opam: (run (cache (opam-archives (target /home/opam/.opam/download-cache)))
                 (network host)
                 (shell  "opam reinstall tcpip.8.1.0;\
                        \n        res=$?;\
                        \n        test \"$res\" != 31 && exit \"$res\";\
                        \n        export OPAMCLI=2.0;\
                        \n        build_dir=$(opam var prefix)/.opam-switch/build;\
                        \n        failed=$(ls \"$build_dir\");\
                        \n        partial_fails=\"\";\
                        \n        for pkg in $failed; do\
                        \n          if opam show -f x-ci-accept-failures: \"$pkg\" | grep -qF \"\\\"debian-12\\\"\"; then\
                        \n            echo \"A package failed and has been disabled for CI using the 'x-ci-accept-failures' field.\";\
                        \n          fi;\
                        \n          test \"$pkg\" != 'tcpip.8.1.0' && partial_fails=\"$partial_fails $pkg\";\
                        \n        done;\
                        \n        test \"${partial_fails}\" != \"\" && echo \"opam-repo-ci detected dependencies failing: ${partial_fails}\";\
                        \n        exit 1"))[0m
tcpip.8.1.0 is not installed. Install it? [y/n] y
The following actions will be performed:
=== recompile 4 packages
  - recompile ocaml               4.14.2          [uses ocaml-base-compiler, ocaml-config]
  - recompile ocaml-base-compiler 4.14.2 (pinned) [upstream or system changes]
  - recompile ocaml-config        2               [upstream or system changes]
  - recompile opam-depext         1.2.1-1         [uses ocaml]
=== install 35 packages
  - install   arp                 3.1.1           [required by tcpip]
  - install   base-bytes          base            [required by ocplib-endian]
  - install   cmdliner            1.3.0           [required by tcpip]
  - install   cppo                1.6.9           [required by lwt]
  - install   csexp               1.5.2           [required by dune-configurator]
  - install   cstruct             6.2.0           [required by tcpip]
  - install   cstruct-lwt         6.2.0           [required by tcpip]
  - install   domain-name         0.4.0           [required by ipaddr]
  - install   dune                3.15.3          [required by tcpip]
  - install   dune-configurator   3.15.3          [required by lwt]
  - install   duration            0.2.1           [required by tcpip]
  - install   ethernet            3.2.0           [required by tcpip]
  - install   fmt                 0.9.0           [required by tcpip]
  - install   ipaddr              5.6.0           [required by tcpip]
  - install   ipaddr-cstruct      5.6.0           [required by tcpip]
  - install   logs                0.7.0           [required by tcpip]
  - install   lru                 0.3.1           [required by tcpip]
  - install   lwt                 5.7.0           [required by tcpip]
  - install   lwt-dllist          1.0.1           [required by tcpip]
  - install   macaddr             5.6.0           [required by tcpip]
  - install   macaddr-cstruct     5.6.0           [required by tcpip]
  - install   metrics             0.4.1           [required by tcpip]
  - install   mirage-clock        4.2.0           [required by tcpip]
  - install   mirage-flow         4.0.2           [required by tcpip]
  - install   mirage-net          4.0.0           [required by tcpip]
  - install   mirage-random       3.0.0           [required by tcpip]
  - install   mirage-time         3.0.0           [required by tcpip]
  - install   ocamlbuild          0.14.3          [required by fmt, logs]
  - install   ocamlfind           1.9.6           [required by fmt, logs]
  - install   ocplib-endian       1.2             [required by lwt]
  - install   psq                 0.2.1           [required by lru]
  - install   randomconv          0.1.3           [required by tcpip]
  - install   seq                 base            [required by psq]
  - install   tcpip               8.1.0 (pinned)
  - install   topkg               1.0.7           [required by fmt, logs]

<><> Processing actions <><><><><><><><><><><><><><><><><><><><><><><><><><><><>
-> retrieved arp.3.1.1  (cached)
-> retrieved cmdliner.1.3.0  (cached)
-> retrieved cppo.1.6.9  (cached)
-> retrieved csexp.1.5.2  (cached)
-> retrieved cstruct.6.2.0, cstruct-lwt.6.2.0  (cached)
-> retrieved domain-name.0.4.0  (cached)
-> retrieved dune.3.15.3, dune-configurator.3.15.3  (cached)
-> retrieved duration.0.2.1  (cached)
-> retrieved ethernet.3.2.0  (cached)
-> retrieved fmt.0.9.0  (cached)
-> retrieved ipaddr.5.6.0, ipaddr-cstruct.5.6.0, macaddr.5.6.0, macaddr-cstruct.5.6.0  (cached)
-> retrieved logs.0.7.0  (cached)
-> retrieved lru.0.3.1  (cached)
-> retrieved lwt.5.7.0  (cached)
-> retrieved lwt-dllist.1.0.1  (cached)
-> retrieved metrics.0.4.1  (cached)
-> retrieved mirage-clock.4.2.0  (cached)
-> retrieved mirage-flow.4.0.2  (cached)
-> retrieved mirage-net.4.0.0  (cached)
-> retrieved mirage-random.3.0.0  (cached)
-> retrieved mirage-time.3.0.0  (cached)
-> retrieved ocaml-base-compiler.4.14.2  (cached)
-> retrieved ocaml-config.2  (cached)
-> retrieved ocamlbuild.0.14.3  (cached)
-> retrieved ocamlfind.1.9.6  (cached)
-> retrieved ocplib-endian.1.2  (cached)
-> retrieved opam-depext.1.2.1-1  (cached)
-> retrieved psq.0.2.1  (cached)
-> retrieved randomconv.0.1.3  (cached)
-> retrieved seq.base  (cached)
-> retrieved tcpip.8.1.0  (cached)
-> retrieved topkg.1.0.7  (cached)
-> removed   opam-depext.1.2.1-1
-> removed   ocaml.4.14.2
-> removed   ocaml-config.2
-> removed   ocaml-base-compiler.4.14.2
-> installed ocaml-base-compiler.4.14.2
-> installed ocaml-config.2
-> installed ocaml.4.14.2
-> installed seq.base
-> installed opam-depext.1.2.1-1
-> installed ocamlfind.1.9.6
-> installed base-bytes.base
-> installed cmdliner.1.3.0
-> installed ocamlbuild.0.14.3
-> installed topkg.1.0.7
-> installed fmt.0.9.0
-> installed dune.3.15.3
-> installed lwt-dllist.1.0.1
-> installed mirage-clock.4.2.0
-> installed duration.0.2.1
-> installed csexp.1.5.2
-> installed cstruct.6.2.0
-> installed domain-name.0.4.0
-> installed macaddr.5.6.0
-> installed metrics.0.4.1
-> installed cppo.1.6.9
-> installed psq.0.2.1
-> installed mirage-random.3.0.0
-> installed randomconv.0.1.3
-> installed macaddr-cstruct.5.6.0
-> installed lru.0.3.1
-> installed ocplib-endian.1.2
-> installed ipaddr.5.6.0
-> installed ipaddr-cstruct.5.6.0
-> installed dune-configurator.3.15.3
-> installed lwt.5.7.0
-> installed mirage-time.3.0.0
-> installed mirage-flow.4.0.2
-> installed mirage-net.4.0.0
-> installed cstruct-lwt.6.2.0
-> installed logs.0.7.0
-> installed ethernet.3.2.0
-> installed arp.3.1.1
-> installed tcpip.8.1.0
Done.

<><> opam-depext.1.2.1-1 installed successfully <><><><><><><><><><><><><><><><>
=> opam-depext is unnecessary when used with opam >= 2.1. Please use opam install directly instead
# Run eval $(opam env) to update the current shell environment
[01;2m[01;35m2024-05-29 19:43.31 ---> using "5ae8bdf5ea5015123ffdfc96be33029184272148d9046769f90fa39c5a0bba3e" from cache[0m

[01;34m/home/opam: (run (cache (opam-archives (target /home/opam/.opam/download-cache)))
                 (network host)
                 (shell  "opam reinstall irmin-http.3.2.1;\
                        \n        res=$?;\
                        \n        test \"$res\" != 31 && exit \"$res\";\
                        \n        export OPAMCLI=2.0;\
                        \n        build_dir=$(opam var prefix)/.opam-switch/build;\
                        \n        failed=$(ls \"$build_dir\");\
                        \n        partial_fails=\"\";\
                        \n        for pkg in $failed; do\
                        \n          if opam show -f x-ci-accept-failures: \"$pkg\" | grep -qF \"\\\"debian-12\\\"\"; then\
                        \n            echo \"A package failed and has been disabled for CI using the 'x-ci-accept-failures' field.\";\
                        \n          fi;\
                        \n          test \"$pkg\" != 'irmin-http.3.2.1' && partial_fails=\"$partial_fails $pkg\";\
                        \n        done;\
                        \n        test \"${partial_fails}\" != \"\" && echo \"opam-repo-ci detected dependencies failing: ${partial_fails}\";\
                        \n        exit 1"))[0m
irmin-http.3.2.1 is not installed. Install it? [y/n] y
The following actions will be performed:
=== install 39 packages
  - install angstrom            0.16.0  [required by uri]
  - install astring             0.8.5   [required by irmin-http]
  - install base                v0.16.3 [required by ppx_sexp_conv]
  - install base64              3.5.1   [required by cohttp]
  - install bheap               2.0.0   [required by irmin]
  - install bigstringaf         0.9.1   [required by irmin]
  - install cohttp              5.3.1   [required by irmin-http]
  - install cohttp-lwt          5.3.0   [required by irmin-http]
  - install conf-bash           1       [required by base]
  - install crunch              3.3.1   [required by irmin-http]
  - install digestif            1.2.0   [required by irmin]
  - install dispatch            0.5.0   [required by webmachine]
  - install either              1.0.0   [required by repr]
  - install eqaf                0.9     [required by digestif]
  - install irmin               3.2.1   [required by irmin-http]
  - install irmin-http          3.2.1
  - install jsonm               1.0.2   [required by irmin-http]
  - install mtime               1.4.0   [required by irmin]
  - install ocaml-compiler-libs v0.12.4 [required by ppxlib]
  - install ocaml-syntax-shims  1.0.0   [required by angstrom]
  - install ocamlgraph          2.1.0   [required by irmin]
  - install optint              0.3.0   [required by repr]
  - install ppx_derivers        1.2.1   [required by ppxlib]
  - install ppx_deriving        6.0.2   [required by ppx_repr]
  - install ppx_irmin           3.2.1   [required by irmin-http]
  - install ppx_repr            0.7.0   [required by ppx_irmin]
  - install ppx_sexp_conv       v0.16.0 [required by cohttp, cohttp-lwt]
  - install ppxlib              0.32.1  [required by ppx_sexp_conv, ppx_irmin]
  - install ptime               1.1.0   [required by crunch, webmachine]
  - install re                  1.11.0  [required by cohttp, webmachine]
  - install repr                0.7.0   [required by irmin]
  - install result              1.5     [required by dispatch]
  - install sexplib0            v0.16.0 [required by cohttp, cohttp-lwt]
  - install stdlib-shims        0.3.0   [required by ocamlgraph]
  - install stringext           1.6.0   [required by cohttp]
  - install uri                 4.4.0   [required by irmin-http]
  - install uri-sexp            4.4.0   [required by cohttp]
  - install uutf                1.0.3   [required by irmin]
  - install webmachine          0.7.0   [required by irmin-http]

<><> Processing actions <><><><><><><><><><><><><><><><><><><><><><><><><><><><>
-> retrieved angstrom.0.16.0  (cached)
-> retrieved astring.0.8.5  (cached)
-> retrieved base.v0.16.3  (cached)
-> retrieved base64.3.5.1  (cached)
-> retrieved bheap.2.0.0  (cached)
-> retrieved bigstringaf.0.9.1  (cached)
-> retrieved cohttp.5.3.1  (cached)
-> retrieved cohttp-lwt.5.3.0  (cached)
-> installed bheap.2.0.0
-> retrieved crunch.3.3.1  (cached)
-> installed conf-bash.1
-> installed base64.3.5.1
-> installed bigstringaf.0.9.1
-> retrieved digestif.1.2.0  (cached)
-> retrieved dispatch.0.5.0  (cached)
-> retrieved either.1.0.0  (cached)
-> retrieved eqaf.0.9  (cached)
-> retrieved irmin.3.2.1, irmin-http.3.2.1, ppx_irmin.3.2.1  (cached)
-> installed either.1.0.0
-> retrieved jsonm.1.0.2  (cached)
-> retrieved mtime.1.4.0  (cached)
-> retrieved ocaml-compiler-libs.v0.12.4  (cached)
-> retrieved ocaml-syntax-shims.1.0.0  (cached)
-> retrieved ocamlgraph.2.1.0  (cached)
-> retrieved optint.0.3.0  (cached)
-> retrieved ppx_derivers.1.2.1  (cached)
-> retrieved ppx_deriving.6.0.2  (cached)
-> installed eqaf.0.9
-> retrieved ppx_repr.0.7.0, repr.0.7.0  (cached)
-> retrieved ppx_sexp_conv.v0.16.0  (cached)
-> installed astring.0.8.5
-> installed ppx_derivers.1.2.1
-> retrieved ppxlib.0.32.1  (cached)
-> retrieved ptime.1.1.0  (cached)
-> retrieved re.1.11.0  (cached)
-> retrieved result.1.5  (cached)
-> retrieved sexplib0.v0.16.0  (cached)
-> installed optint.0.3.0
-> retrieved stdlib-shims.0.3.0  (cached)
-> retrieved stringext.1.6.0  (cached)
-> retrieved uri.4.4.0, uri-sexp.4.4.0  (cached)
-> retrieved uutf.1.0.3  (cached)
-> retrieved webmachine.0.7.0  (cached)
-> installed ocaml-syntax-shims.1.0.0
-> installed result.1.5
-> installed stringext.1.6.0
-> installed stdlib-shims.0.3.0
-> installed dispatch.0.5.0
-> installed sexplib0.v0.16.0
-> installed ocaml-compiler-libs.v0.12.4
-> installed digestif.1.2.0
-> installed mtime.1.4.0
-> installed angstrom.0.16.0
-> installed re.1.11.0
-> installed uutf.1.0.3
-> installed ptime.1.1.0
-> installed crunch.3.3.1
-> installed jsonm.1.0.2
-> installed ocamlgraph.2.1.0
-> installed uri.4.4.0
-> installed repr.0.7.0
-> installed base.v0.16.3
-> installed ppxlib.0.32.1
-> installed ppx_sexp_conv.v0.16.0
-> installed ppx_deriving.6.0.2
-> installed uri-sexp.4.4.0
-> installed ppx_repr.0.7.0
-> installed cohttp.5.3.1
-> installed webmachine.0.7.0
-> installed ppx_irmin.3.2.1
-> installed cohttp-lwt.5.3.0
-> installed irmin.3.2.1
-> installed irmin-http.3.2.1
Done.
# Run eval $(opam env) to update the current shell environment
[01;2m[01;35m2024-05-29 19:45.25 ---> saved as "283bd867e845a6f4b246a826cafa58f4c038c6251dfe1bfb209f3db100c16cc8"[0m

[01;34m/home/opam: (run (network host)
                 (shell "(opam reinstall --with-test irmin-http.3.2.1) || true"))[0m
[ERROR] Sorry, resolution of the request timed out.
        Try to specify a more precise request, use a different solver, or increase the allowed time by setting OPAMSOLVERTIMEOUT to a bigger value (currently, it is set to 500.0 seconds).
[01;2m[01;35m2024-05-29 19:54.07 ---> saved as "a5ef5b1463047df27027f6889ad839d58fda8285da4536d393e5d16712af59df"[0m

[01;34m/home/opam: (run (shell  "opam reinstall --with-test --verbose irmin-http.3.2.1;\
                        \n        res=$?;\
                        \n        test \"$res\" != 31 && exit \"$res\";\
                        \n        export OPAMCLI=2.0;\
                        \n        build_dir=$(opam var prefix)/.opam-switch/build;\
                        \n        failed=$(ls \"$build_dir\");\
                        \n        partial_fails=\"\";\
                        \n        for pkg in $failed; do\
                        \n          if opam show -f x-ci-accept-failures: \"$pkg\" | grep -qF \"\\\"debian-12\\\"\"; then\
                        \n            echo \"A package failed and has been disabled for CI using the 'x-ci-accept-failures' field.\";\
                        \n          fi;\
                        \n          test \"$pkg\" != 'irmin-http.3.2.1' && partial_fails=\"$partial_fails $pkg\";\
                        \n        done;\
                        \n        test \"${partial_fails}\" != \"\" && echo \"opam-repo-ci detected dependencies failing: ${partial_fails}\";\
                        \n        exit 1"))[0m
[ERROR] Sorry, resolution of the request timed out.
        Try to specify a more precise request, use a different solver, or increase the allowed time by setting OPAMSOLVERTIMEOUT to a bigger value (currently, it is set to 500.0 seconds).
'opam reinstall --with-test --verbose irmin-http.3.2.1' failed.
"/usr/bin/env" "bash" "-c" "opam reinstall --with-test --verbose irmin-http.3.2.1;
        res=$?;
        test "$res" != 31 && exit "$res";
        export OPAMCLI=2.0;
        build_dir=$(opam var prefix)/.opam-switch/build;
        failed=$(ls "$build_dir");
        partial_fails="";
        for pkg in $failed; do
          if opam show -f x-ci-accept-failures: "$pkg" | grep -qF "\"debian-12\""; then
            echo "A package failed and has been disabled for CI using the 'x-ci-accept-failures' field.";
          fi;
          test "$pkg" != 'irmin-http.3.2.1' && partial_fails="$partial_fails $pkg";
        done;
        test "${partial_fails}" != "" && echo "opam-repo-ci detected dependencies failing: ${partial_fails}";
        exit 1" failed with exit status 60
2024-05-29 20:03.14: Job failed: Failed: Build failed
2024-05-29 20:03.14: Log analysis:
2024-05-29 20:03.14: >>> 
[ERROR] Sorry, resolution of the request timed out.
 (score = 20)
2024-05-29 20:03.14: >>> 
[ERROR] Sorry, resolution of the request timed out.
 (score = 20)
2024-05-29 20:03.14: Sorry, resolution of the request timed out.
