2024-05-29 19:12.51: New job: build conduit-mirage.6.2.0, using opam 2.1
                              from https://github.com/ocaml/opam-repository.git#refs/pull/25965/head (ac735af56941967ddabe29be7d893653fafce2ab)
                              on debian-12-ocaml-4.14/amd64

To reproduce locally:

cd $(mktemp -d)
git clone --recursive "https://github.com/ocaml/opam-repository.git" && cd "opam-repository" && git fetch origin "refs/pull/25965/head" && git reset --hard ac735af5
git fetch origin master
git merge --no-edit 0b9453aa6048fe22dfdf9af320fe1dd40296d350
cat > ../Dockerfile <<'END-OF-DOCKERFILE'
[34mFROM ocaml/opam:debian-12-ocaml-4.14@sha256:575952ac1a1b71568d969fe2b9788c1516c1252dda6ccffdc995036cc8cc9e3b
USER 1000:1000
WORKDIR /home/opam
RUN sudo ln -f /usr/bin/opam-2.1 /usr/bin/opam
RUN opam init --reinit -ni
RUN uname -rs && opam exec -- ocaml -version && opam --version
ENV OPAMDOWNLOADJOBS="1"
ENV OPAMERRLOGLEN="0"
ENV OPAMSOLVERTIMEOUT="500"
ENV OPAMPRECISETRACKING="1"
ENV CI="true"
ENV OPAM_REPO_CI="true"
RUN rm -rf opam-repository/
COPY --chown=1000:1000 . opam-repository/
RUN opam repository set-url --strict default opam-repository/
RUN opam update --depexts || true
RUN opam pin add -k version -yn conduit-mirage.6.2.0 6.2.0
RUN opam reinstall conduit-mirage.6.2.0; \
    res=$?; \
    test "$res" != 31 && exit "$res"; \
    export OPAMCLI=2.0; \
    build_dir=$(opam var prefix)/.opam-switch/build; \
    failed=$(ls "$build_dir"); \
    partial_fails=""; \
    for pkg in $failed; do \
    if opam show -f x-ci-accept-failures: "$pkg" | grep -qF "\"debian-12\""; then \
    echo "A package failed and has been disabled for CI using the 'x-ci-accept-failures' field."; \
    fi; \
    test "$pkg" != 'conduit-mirage.6.2.0' && partial_fails="$partial_fails $pkg"; \
    done; \
    test "${partial_fails}" != "" && echo "opam-repo-ci detected dependencies failing: ${partial_fails}"; \
    exit 1
[0m
END-OF-DOCKERFILE
docker build -f ../Dockerfile .

2024-05-29 19:12.51: Using cache hint "ocaml/opam:debian-12-ocaml-4.14@sha256:575952ac1a1b71568d969fe2b9788c1516c1252dda6ccffdc995036cc8cc9e3b-conduit-mirage.6.2.0-ac735af56941967ddabe29be7d893653fafce2ab"
2024-05-29 19:12.51: Using OBuilder spec:
((from ocaml/opam:debian-12-ocaml-4.14@sha256:575952ac1a1b71568d969fe2b9788c1516c1252dda6ccffdc995036cc8cc9e3b)
 (user (uid 1000) (gid 1000))
 (workdir /home/opam)
 (run (shell "sudo ln -f /usr/bin/opam-2.1 /usr/bin/opam"))
 (run (network host)
      (shell "opam init --reinit --config .opamrc-sandbox -ni"))
 (run (shell "uname -rs && opam exec -- ocaml -version && opam --version"))
 (env OPAMDOWNLOADJOBS 1)
 (env OPAMERRLOGLEN 0)
 (env OPAMSOLVERTIMEOUT 500)
 (env OPAMPRECISETRACKING 1)
 (env CI true)
 (env OPAM_REPO_CI true)
 (run (shell "rm -rf opam-repository/"))
 (copy (src .) (dst opam-repository/))
 (run (shell "opam repository set-url --strict default opam-repository/"))
 (run (network host)
      (shell "opam update --depexts || true"))
 (run (shell "opam pin add -k version -yn conduit-mirage.6.2.0 6.2.0"))
 (run (cache (opam-archives (target /home/opam/.opam/download-cache)))
      (network host)
      (shell  "opam reinstall conduit-mirage.6.2.0;\
             \n        res=$?;\
             \n        test \"$res\" != 31 && exit \"$res\";\
             \n        export OPAMCLI=2.0;\
             \n        build_dir=$(opam var prefix)/.opam-switch/build;\
             \n        failed=$(ls \"$build_dir\");\
             \n        partial_fails=\"\";\
             \n        for pkg in $failed; do\
             \n          if opam show -f x-ci-accept-failures: \"$pkg\" | grep -qF \"\\\"debian-12\\\"\"; then\
             \n            echo \"A package failed and has been disabled for CI using the 'x-ci-accept-failures' field.\";\
             \n          fi;\
             \n          test \"$pkg\" != 'conduit-mirage.6.2.0' && partial_fails=\"$partial_fails $pkg\";\
             \n        done;\
             \n        test \"${partial_fails}\" != \"\" && echo \"opam-repo-ci detected dependencies failing: ${partial_fails}\";\
             \n        exit 1"))
)

2024-05-29 19:12.51: Waiting for resource in pool OCluster
2024-05-29 21:02.00: Waiting for worker…
2024-05-29 21:06.23: Got resource from pool OCluster
Building on asteria.caelum.ci.dev
All commits already cached
HEAD is now at 0b9453aa60 Merge pull request #25962 from hannesm/no-check-for-ocaml-trunk
Updating 0b9453aa60..ac735af569
Fast-forward
 packages/conduit-mirage/conduit-mirage.6.2.0/opam  |  2 +-
 packages/conduit-mirage/conduit-mirage.6.2.1/opam  |  2 +-
 packages/conduit-mirage/conduit-mirage.6.2.2/opam  |  2 +-
 packages/dns-certify/dns-certify.8.0.0/opam        | 49 ++++++++++++++++++
 packages/dns-cli/dns-cli.8.0.0/opam                | 60 ++++++++++++++++++++++
 packages/dns-client-lwt/dns-client-lwt.8.0.0/opam  | 41 +++++++++++++++
 .../dns-client-mirage/dns-client-mirage.8.0.0/opam | 44 ++++++++++++++++
 packages/dns-client/dns-client.8.0.0/opam          | 39 ++++++++++++++
 packages/dns-mirage/dns-mirage.8.0.0/opam          | 49 ++++++++++++++++++
 packages/dns-resolver/dns-resolver.8.0.0/opam      | 48 +++++++++++++++++
 packages/dns-server/dns-server.8.0.0/opam          | 49 ++++++++++++++++++
 packages/dns-stub/dns-stub.8.0.0/opam              | 49 ++++++++++++++++++
 packages/dns-tsig/dns-tsig.8.0.0/opam              | 38 ++++++++++++++
 packages/dns/dns.8.0.0/opam                        | 55 ++++++++++++++++++++
 packages/dnssec/dnssec.8.0.0/opam                  | 42 +++++++++++++++
 15 files changed, 566 insertions(+), 3 deletions(-)
 create mode 100644 packages/dns-certify/dns-certify.8.0.0/opam
 create mode 100644 packages/dns-cli/dns-cli.8.0.0/opam
 create mode 100644 packages/dns-client-lwt/dns-client-lwt.8.0.0/opam
 create mode 100644 packages/dns-client-mirage/dns-client-mirage.8.0.0/opam
 create mode 100644 packages/dns-client/dns-client.8.0.0/opam
 create mode 100644 packages/dns-mirage/dns-mirage.8.0.0/opam
 create mode 100644 packages/dns-resolver/dns-resolver.8.0.0/opam
 create mode 100644 packages/dns-server/dns-server.8.0.0/opam
 create mode 100644 packages/dns-stub/dns-stub.8.0.0/opam
 create mode 100644 packages/dns-tsig/dns-tsig.8.0.0/opam
 create mode 100644 packages/dns/dns.8.0.0/opam
 create mode 100644 packages/dnssec/dnssec.8.0.0/opam

[01;34m(from ocaml/opam:debian-12-ocaml-4.14@sha256:575952ac1a1b71568d969fe2b9788c1516c1252dda6ccffdc995036cc8cc9e3b)[0m
Unable to find image 'ocaml/opam:debian-12-ocaml-4.14@sha256:575952ac1a1b71568d969fe2b9788c1516c1252dda6ccffdc995036cc8cc9e3b' locally
docker.io/ocaml/opam@sha256:575952ac1a1b71568d969fe2b9788c1516c1252dda6ccffdc995036cc8cc9e3b: Pulling from ocaml/opam
d8f8273aa989: Pulling fs layer
d8f8273aa989: Verifying Checksum
d8f8273aa989: Download complete
d8f8273aa989: Pull complete
Digest: sha256:575952ac1a1b71568d969fe2b9788c1516c1252dda6ccffdc995036cc8cc9e3b
Status: Downloaded newer image for ocaml/opam@sha256:575952ac1a1b71568d969fe2b9788c1516c1252dda6ccffdc995036cc8cc9e3b
[01;2m[01;35m2024-05-29 21:06.25 ---> using "b70a2807c2cfb3c5680f4fafeddd66a33d7dcdd9d48b1543e8642b8df113fdbf" from cache[0m

[01;34m/: (user (uid 1000) (gid 1000))[0m

[01;34m/: (workdir /home/opam)[0m

[01;34m/home/opam: (run (shell "sudo ln -f /usr/bin/opam-2.1 /usr/bin/opam"))[0m
[01;2m[01;35m2024-05-29 21:06.25 ---> using "5e8018b7963625cf37a808faeeb98c45b63c944fd505c8488b2bc7738dfddd60" from cache[0m

[01;34m/home/opam: (run (network host)
                 (shell "opam init --reinit --config .opamrc-sandbox -ni"))[0m
Configuring from /home/opam/.opamrc-sandbox, then /home/opam/.opamrc, and finally from built-in defaults.
Checking for available remotes: rsync and local, git.
  - you won't be able to use mercurial repositories unless you install the hg command on your system.
  - you won't be able to use darcs repositories unless you install the darcs command on your system.

This version of opam requires an update to the layout of /home/opam/.opam from version 2.0 to version 2.1, which can't be reverted.
You may want to back it up before going further.

Continue? [Y/n] y
Format upgrade done.

<><> Updating repositories ><><><><><><><><><><><><><><><><><><><><><><><><><><>
[default] synchronised from file:///home/opam/opam-repository
[01;2m[01;35m2024-05-29 21:07.11 ---> saved as "e3a113f378d2a0d37c770510dc88d0bbec9fab6822c519f3af45ea700a3526a6"[0m

[01;34m/home/opam: (run (shell "uname -rs && opam exec -- ocaml -version && opam --version"))[0m
Linux 5.15.0-107-generic
The OCaml toplevel, version 4.14.2
2.1.6
[01;2m[01;35m2024-05-29 21:07.11 ---> saved as "4e3aace51d759de58503eeb907fc0fec48059c8e065e2078f434f5dca4ea90ec"[0m

[01;34m/home/opam: (env OPAMDOWNLOADJOBS 1)[0m

[01;34m/home/opam: (env OPAMERRLOGLEN 0)[0m

[01;34m/home/opam: (env OPAMSOLVERTIMEOUT 500)[0m

[01;34m/home/opam: (env OPAMPRECISETRACKING 1)[0m

[01;34m/home/opam: (env CI true)[0m

[01;34m/home/opam: (env OPAM_REPO_CI true)[0m

[01;34m/home/opam: (run (shell "rm -rf opam-repository/"))[0m
[01;2m[01;35m2024-05-29 21:07.22 ---> saved as "175524f75ccbd663ce1da9915c14a6a35c37cc4c92873b4f2eb4563935ee5e3d"[0m

[01;34m/home/opam: (copy (src .) (dst opam-repository/))[0m
[01;2m[01;35m2024-05-29 21:07.30 ---> saved as "7334f1016aed41512c9146abeabc33e79f0bf8ca0cff5696120ac5cabeb8eb19"[0m

[01;34m/home/opam: (run (shell "opam repository set-url --strict default opam-repository/"))[0m
[default] Initialised
[01;2m[01;35m2024-05-29 21:07.45 ---> saved as "913f006ba7a833a6aa371f57d6ddddc74233f3732bd28766f4713976cfe8e5c8"[0m

[01;34m/home/opam: (run (network host)
                 (shell "opam update --depexts || true"))[0m
+ /usr/bin/sudo "apt-get" "update"
- Hit:1 http://deb.debian.org/debian bookworm InRelease
- Get:2 http://deb.debian.org/debian bookworm-updates InRelease [55.4 kB]
- Get:3 http://deb.debian.org/debian-security bookworm-security InRelease [48.0 kB]
- Get:4 http://deb.debian.org/debian-security bookworm-security/main amd64 Packages [157 kB]
- Fetched 261 kB in 0s (1051 kB/s)
- Reading package lists...
[01;2m[01;35m2024-05-29 21:07.46 ---> saved as "2a131084be9890cb3d3612e957da9e5705a0d9efb0777f5011c025f76bc93f8a"[0m

[01;34m/home/opam: (run (shell "opam pin add -k version -yn conduit-mirage.6.2.0 6.2.0"))[0m
conduit-mirage is now pinned to version 6.2.0
[01;2m[01;35m2024-05-29 21:07.46 ---> saved as "ceee685c712a481a6c37d25edc55e029658d758f688c18ed4850c3ae146c7849"[0m

[01;34m/home/opam: (run (cache (opam-archives (target /home/opam/.opam/download-cache)))
                 (network host)
                 (shell  "opam reinstall conduit-mirage.6.2.0;\
                        \n        res=$?;\
                        \n        test \"$res\" != 31 && exit \"$res\";\
                        \n        export OPAMCLI=2.0;\
                        \n        build_dir=$(opam var prefix)/.opam-switch/build;\
                        \n        failed=$(ls \"$build_dir\");\
                        \n        partial_fails=\"\";\
                        \n        for pkg in $failed; do\
                        \n          if opam show -f x-ci-accept-failures: \"$pkg\" | grep -qF \"\\\"debian-12\\\"\"; then\
                        \n            echo \"A package failed and has been disabled for CI using the 'x-ci-accept-failures' field.\";\
                        \n          fi;\
                        \n          test \"$pkg\" != 'conduit-mirage.6.2.0' && partial_fails=\"$partial_fails $pkg\";\
                        \n        done;\
                        \n        test \"${partial_fails}\" != \"\" && echo \"opam-repo-ci detected dependencies failing: ${partial_fails}\";\
                        \n        exit 1"))[0m
conduit-mirage.6.2.0 is not installed. Install it? [Y/n] y
[ERROR] Sorry, resolution of the request timed out.
        Try to specify a more precise request, use a different solver, or increase the allowed time by setting OPAMSOLVERTIMEOUT to a bigger value (currently, it is set to 500.0 seconds).
"/usr/bin/env" "bash" "-c" "opam reinstall conduit-mirage.6.2.0;
        res=$?;
        test "$res" != 31 && exit "$res";
        export OPAMCLI=2.0;
        build_dir=$(opam var prefix)/.opam-switch/build;
        failed=$(ls "$build_dir");
        partial_fails="";
        for pkg in $failed; do
          if opam show -f x-ci-accept-failures: "$pkg" | grep -qF "\"debian-12\""; then
            echo "A package failed and has been disabled for CI using the 'x-ci-accept-failures' field.";
          fi;
          test "$pkg" != 'conduit-mirage.6.2.0' && partial_fails="$partial_fails $pkg";
        done;
        test "${partial_fails}" != "" && echo "opam-repo-ci detected dependencies failing: ${partial_fails}";
        exit 1" failed with exit status 60
2024-05-29 21:16.39: Job failed: Failed: Build failed
2024-05-29 21:16.39: Log analysis:
2024-05-29 21:16.39: >>> 
[ERROR] Sorry, resolution of the request timed out.
 (score = 20)
2024-05-29 21:16.39: Sorry, resolution of the request timed out.
