2024-05-28 12:57.02: New job: test git-kv.0.0.3 with ppx_deriving.6.0.2, using opam dev
                              from https://github.com/ocaml/opam-repository.git#refs/pull/25918/head (20dee918203c441ff3ed79352628b2c69d7f991f)
                              on debian-12-ocaml-4.14/amd64

To reproduce locally:

cd $(mktemp -d)
git clone --recursive "https://github.com/ocaml/opam-repository.git" && cd "opam-repository" && git fetch origin "refs/pull/25918/head" && git reset --hard 20dee918
git fetch origin master
git merge --no-edit fad6b917e0bc31d1e95285300d95a866e3954758
cat > ../Dockerfile <<'END-OF-DOCKERFILE'
[34mFROM ocaml/opam:debian-12-ocaml-4.14@sha256:575952ac1a1b71568d969fe2b9788c1516c1252dda6ccffdc995036cc8cc9e3b
USER 1000:1000
WORKDIR /home/opam
RUN sudo ln -f /usr/bin/opam-dev /usr/bin/opam
RUN opam init --reinit -ni
RUN uname -rs && opam exec -- ocaml -version && opam --version
ENV OPAMDOWNLOADJOBS="1"
ENV OPAMERRLOGLEN="0"
ENV OPAMSOLVERTIMEOUT="500"
ENV OPAMPRECISETRACKING="1"
ENV CI="true"
ENV OPAM_REPO_CI="true"
RUN rm -rf opam-repository/
COPY --chown=1000:1000 . opam-repository/
RUN opam repository set-url --strict default opam-repository/
RUN opam update --depexts || true
RUN opam pin add -k version -yn ppx_deriving.6.0.2 6.0.2
RUN opam reinstall ppx_deriving.6.0.2; \
    res=$?; \
    test "$res" != 31 && exit "$res"; \
    export OPAMCLI=2.0; \
    build_dir=$(opam var prefix)/.opam-switch/build; \
    failed=$(ls "$build_dir"); \
    partial_fails=""; \
    for pkg in $failed; do \
    if opam show -f x-ci-accept-failures: "$pkg" | grep -qF "\"debian-12\""; then \
    echo "A package failed and has been disabled for CI using the 'x-ci-accept-failures' field."; \
    fi; \
    test "$pkg" != 'ppx_deriving.6.0.2' && partial_fails="$partial_fails $pkg"; \
    done; \
    test "${partial_fails}" != "" && echo "opam-repo-ci detected dependencies failing: ${partial_fails}"; \
    exit 1
RUN opam reinstall git-kv.0.0.3; \
    res=$?; \
    test "$res" != 31 && exit "$res"; \
    export OPAMCLI=2.0; \
    build_dir=$(opam var prefix)/.opam-switch/build; \
    failed=$(ls "$build_dir"); \
    partial_fails=""; \
    for pkg in $failed; do \
    if opam show -f x-ci-accept-failures: "$pkg" | grep -qF "\"debian-12\""; then \
    echo "A package failed and has been disabled for CI using the 'x-ci-accept-failures' field."; \
    fi; \
    test "$pkg" != 'git-kv.0.0.3' && partial_fails="$partial_fails $pkg"; \
    done; \
    test "${partial_fails}" != "" && echo "opam-repo-ci detected dependencies failing: ${partial_fails}"; \
    exit 1
RUN (opam reinstall --with-test git-kv.0.0.3) || true
RUN opam reinstall --with-test --verbose git-kv.0.0.3; \
    res=$?; \
    test "$res" != 31 && exit "$res"; \
    export OPAMCLI=2.0; \
    build_dir=$(opam var prefix)/.opam-switch/build; \
    failed=$(ls "$build_dir"); \
    partial_fails=""; \
    for pkg in $failed; do \
    if opam show -f x-ci-accept-failures: "$pkg" | grep -qF "\"debian-12\""; then \
    echo "A package failed and has been disabled for CI using the 'x-ci-accept-failures' field."; \
    fi; \
    test "$pkg" != 'git-kv.0.0.3' && partial_fails="$partial_fails $pkg"; \
    done; \
    test "${partial_fails}" != "" && echo "opam-repo-ci detected dependencies failing: ${partial_fails}"; \
    exit 1
[0m
END-OF-DOCKERFILE
docker build -f ../Dockerfile .

2024-05-28 12:57.02: Using cache hint "ocaml/opam:debian-12-ocaml-4.14@sha256:575952ac1a1b71568d969fe2b9788c1516c1252dda6ccffdc995036cc8cc9e3b-ppx_deriving.6.0.2-git-kv.0.0.3-20dee918203c441ff3ed79352628b2c69d7f991f"
2024-05-28 12:57.02: Using OBuilder spec:
((from ocaml/opam:debian-12-ocaml-4.14@sha256:575952ac1a1b71568d969fe2b9788c1516c1252dda6ccffdc995036cc8cc9e3b)
 (user (uid 1000) (gid 1000))
 (workdir /home/opam)
 (run (shell "sudo ln -f /usr/bin/opam-dev /usr/bin/opam"))
 (run (network host)
      (shell "opam init --reinit --config .opamrc-sandbox -ni"))
 (run (shell "uname -rs && opam exec -- ocaml -version && opam --version"))
 (env OPAMDOWNLOADJOBS 1)
 (env OPAMERRLOGLEN 0)
 (env OPAMSOLVERTIMEOUT 500)
 (env OPAMPRECISETRACKING 1)
 (env CI true)
 (env OPAM_REPO_CI true)
 (run (shell "rm -rf opam-repository/"))
 (copy (src .) (dst opam-repository/))
 (run (shell "opam repository set-url --strict default opam-repository/"))
 (run (network host)
      (shell "opam update --depexts || true"))
 (run (shell "opam pin add -k version -yn ppx_deriving.6.0.2 6.0.2"))
 (run (cache (opam-archives (target /home/opam/.opam/download-cache)))
      (network host)
      (shell  "opam reinstall ppx_deriving.6.0.2;\
             \n        res=$?;\
             \n        test \"$res\" != 31 && exit \"$res\";\
             \n        export OPAMCLI=2.0;\
             \n        build_dir=$(opam var prefix)/.opam-switch/build;\
             \n        failed=$(ls \"$build_dir\");\
             \n        partial_fails=\"\";\
             \n        for pkg in $failed; do\
             \n          if opam show -f x-ci-accept-failures: \"$pkg\" | grep -qF \"\\\"debian-12\\\"\"; then\
             \n            echo \"A package failed and has been disabled for CI using the 'x-ci-accept-failures' field.\";\
             \n          fi;\
             \n          test \"$pkg\" != 'ppx_deriving.6.0.2' && partial_fails=\"$partial_fails $pkg\";\
             \n        done;\
             \n        test \"${partial_fails}\" != \"\" && echo \"opam-repo-ci detected dependencies failing: ${partial_fails}\";\
             \n        exit 1"))
 (run (cache (opam-archives (target /home/opam/.opam/download-cache)))
      (network host)
      (shell  "opam reinstall git-kv.0.0.3;\
             \n        res=$?;\
             \n        test \"$res\" != 31 && exit \"$res\";\
             \n        export OPAMCLI=2.0;\
             \n        build_dir=$(opam var prefix)/.opam-switch/build;\
             \n        failed=$(ls \"$build_dir\");\
             \n        partial_fails=\"\";\
             \n        for pkg in $failed; do\
             \n          if opam show -f x-ci-accept-failures: \"$pkg\" | grep -qF \"\\\"debian-12\\\"\"; then\
             \n            echo \"A package failed and has been disabled for CI using the 'x-ci-accept-failures' field.\";\
             \n          fi;\
             \n          test \"$pkg\" != 'git-kv.0.0.3' && partial_fails=\"$partial_fails $pkg\";\
             \n        done;\
             \n        test \"${partial_fails}\" != \"\" && echo \"opam-repo-ci detected dependencies failing: ${partial_fails}\";\
             \n        exit 1"))
 (run (network host)
      (shell "(opam reinstall --with-test git-kv.0.0.3) || true"))
 (run (shell  "opam reinstall --with-test --verbose git-kv.0.0.3;\
             \n        res=$?;\
             \n        test \"$res\" != 31 && exit \"$res\";\
             \n        export OPAMCLI=2.0;\
             \n        build_dir=$(opam var prefix)/.opam-switch/build;\
             \n        failed=$(ls \"$build_dir\");\
             \n        partial_fails=\"\";\
             \n        for pkg in $failed; do\
             \n          if opam show -f x-ci-accept-failures: \"$pkg\" | grep -qF \"\\\"debian-12\\\"\"; then\
             \n            echo \"A package failed and has been disabled for CI using the 'x-ci-accept-failures' field.\";\
             \n          fi;\
             \n          test \"$pkg\" != 'git-kv.0.0.3' && partial_fails=\"$partial_fails $pkg\";\
             \n        done;\
             \n        test \"${partial_fails}\" != \"\" && echo \"opam-repo-ci detected dependencies failing: ${partial_fails}\";\
             \n        exit 1"))
)

2024-05-28 12:57.02: Waiting for resource in pool OCluster
2024-05-28 13:15.22: Waiting for worker…
2024-05-28 13:17.20: Got resource from pool OCluster
Building on doris.caelum.ci.dev
All commits already cached
HEAD is now at fad6b917e0 Merge pull request #25951 from mseri/ub-ppx-deriving
Merge made by the 'ort' strategy.
 packages/pa_ppx/pa_ppx.0.10/opam              |  2 +-
 packages/pa_ppx/pa_ppx.0.11/opam              |  2 +-
 packages/pa_ppx/pa_ppx.0.12/opam              |  2 +-
 packages/pa_ppx/pa_ppx.0.13/opam              |  2 +-
 packages/pa_ppx/pa_ppx.0.14/opam              |  2 +-
 packages/ppx_deriving/ppx_deriving.6.0.2/opam | 39 +++++++++++++++++++++++++++
 6 files changed, 44 insertions(+), 5 deletions(-)
 create mode 100644 packages/ppx_deriving/ppx_deriving.6.0.2/opam

[01;34m(from ocaml/opam:debian-12-ocaml-4.14@sha256:575952ac1a1b71568d969fe2b9788c1516c1252dda6ccffdc995036cc8cc9e3b)[0m
Unable to find image 'ocaml/opam:debian-12-ocaml-4.14@sha256:575952ac1a1b71568d969fe2b9788c1516c1252dda6ccffdc995036cc8cc9e3b' locally
docker.io/ocaml/opam@sha256:575952ac1a1b71568d969fe2b9788c1516c1252dda6ccffdc995036cc8cc9e3b: Pulling from ocaml/opam
d8f8273aa989: Pulling fs layer
d8f8273aa989: Verifying Checksum
d8f8273aa989: Download complete
d8f8273aa989: Pull complete
Digest: sha256:575952ac1a1b71568d969fe2b9788c1516c1252dda6ccffdc995036cc8cc9e3b
Status: Downloaded newer image for ocaml/opam@sha256:575952ac1a1b71568d969fe2b9788c1516c1252dda6ccffdc995036cc8cc9e3b
[01;2m[01;35m2024-05-28 13:18.12 ---> using "b70a2807c2cfb3c5680f4fafeddd66a33d7dcdd9d48b1543e8642b8df113fdbf" from cache[0m

[01;34m/: (user (uid 1000) (gid 1000))[0m

[01;34m/: (workdir /home/opam)[0m

[01;34m/home/opam: (run (shell "sudo ln -f /usr/bin/opam-dev /usr/bin/opam"))[0m
[01;2m[01;35m2024-05-28 13:18.12 ---> using "c36f90ecff164603a21017340adb790a2f028b93271d75cce805aa2725f2c474" from cache[0m

[01;34m/home/opam: (run (network host)
                 (shell "opam init --reinit --config .opamrc-sandbox -ni"))[0m
Configuring from /home/opam/.opamrc-sandbox, then /home/opam/.opamrc, and finally from built-in defaults.
Checking for available remotes: rsync and local, git.
  - you won't be able to use mercurial repositories unless you install the hg command on your system.
  - you won't be able to use darcs repositories unless you install the darcs command on your system.

This development version of opam requires an update to the layout of /home/opam/.opam from version 2.0 to version 2.2~beta, which can't be reverted.
You may want to back it up before going further.

Continue? [y/n] y
[NOTE] The 'jobs' option was reset, its value was 39 and its new value will vary according to the current number of cores on your machine. You can restore the fixed value using:
           opam option jobs=39 --global
Format upgrade done.

<><> Updating repositories ><><><><><><><><><><><><><><><><><><><><><><><><><><>
[default] synchronised from file:///home/opam/opam-repository
[01;2m[01;35m2024-05-28 13:18.12 ---> using "41ba59c52c751987091a990bfc68743f47f1d48b58a0242e92679239747c0a38" from cache[0m

[01;34m/home/opam: (run (shell "uname -rs && opam exec -- ocaml -version && opam --version"))[0m
Linux 5.15.0-107-generic
The OCaml toplevel, version 4.14.2
2.2.0~beta3~dev
[01;2m[01;35m2024-05-28 13:18.12 ---> using "43177bf724d2ad14c3885c9e8604bf82de09a17c5632804082eaf00f00843b27" from cache[0m

[01;34m/home/opam: (env OPAMDOWNLOADJOBS 1)[0m

[01;34m/home/opam: (env OPAMERRLOGLEN 0)[0m

[01;34m/home/opam: (env OPAMSOLVERTIMEOUT 500)[0m

[01;34m/home/opam: (env OPAMPRECISETRACKING 1)[0m

[01;34m/home/opam: (env CI true)[0m

[01;34m/home/opam: (env OPAM_REPO_CI true)[0m

[01;34m/home/opam: (run (shell "rm -rf opam-repository/"))[0m
[01;2m[01;35m2024-05-28 13:18.12 ---> using "dc5d5a1631518083bf7b71a8bbeb70067bb1c0e264ce14940be3414232922413" from cache[0m

[01;34m/home/opam: (copy (src .) (dst opam-repository/))[0m
[01;2m[01;35m2024-05-28 13:18.14 ---> using "e6958710670d440383327053406300c169bca5aff35714095cef525a051fb14f" from cache[0m

[01;34m/home/opam: (run (shell "opam repository set-url --strict default opam-repository/"))[0m
[default] Initialised
[01;2m[01;35m2024-05-28 13:18.27 ---> saved as "efbf6b1db00a37bda8e3eb0b25effbcc280ada07e3499cc69c469b66fa1f11a0"[0m

[01;34m/home/opam: (run (network host)
                 (shell "opam update --depexts || true"))[0m
+ /usr/bin/sudo "apt-get" "update"
- Hit:1 http://deb.debian.org/debian bookworm InRelease
- Get:2 http://deb.debian.org/debian bookworm-updates InRelease [55.4 kB]
- Get:3 http://deb.debian.org/debian-security bookworm-security InRelease [48.0 kB]
- Get:4 http://deb.debian.org/debian-security bookworm-security/main amd64 Packages [157 kB]
- Fetched 260 kB in 0s (666 kB/s)
- Reading package lists...
[01;2m[01;35m2024-05-28 13:18.29 ---> saved as "53f65428a8d114dabf8c953630461044f7234333aea8158be6fce84666fce7b9"[0m

[01;34m/home/opam: (run (shell "opam pin add -k version -yn ppx_deriving.6.0.2 6.0.2"))[0m
ppx_deriving is now pinned to version 6.0.2
[01;2m[01;35m2024-05-28 13:18.30 ---> saved as "86d479fe8b0974e1b1d821e8e337c3cf1a5ecb934f09a047d16ec33c8eac0f7f"[0m

[01;34m/home/opam: (run (cache (opam-archives (target /home/opam/.opam/download-cache)))
                 (network host)
                 (shell  "opam reinstall ppx_deriving.6.0.2;\
                        \n        res=$?;\
                        \n        test \"$res\" != 31 && exit \"$res\";\
                        \n        export OPAMCLI=2.0;\
                        \n        build_dir=$(opam var prefix)/.opam-switch/build;\
                        \n        failed=$(ls \"$build_dir\");\
                        \n        partial_fails=\"\";\
                        \n        for pkg in $failed; do\
                        \n          if opam show -f x-ci-accept-failures: \"$pkg\" | grep -qF \"\\\"debian-12\\\"\"; then\
                        \n            echo \"A package failed and has been disabled for CI using the 'x-ci-accept-failures' field.\";\
                        \n          fi;\
                        \n          test \"$pkg\" != 'ppx_deriving.6.0.2' && partial_fails=\"$partial_fails $pkg\";\
                        \n        done;\
                        \n        test \"${partial_fails}\" != \"\" && echo \"opam-repo-ci detected dependencies failing: ${partial_fails}\";\
                        \n        exit 1"))[0m
ppx_deriving.6.0.2 is not installed. Install it? [y/n] y
The following actions will be performed:
=== install 9 packages
  - install cppo                1.6.9          [required by ppx_deriving]
  - install dune                3.15.3         [required by ppx_deriving]
  - install ocaml-compiler-libs v0.12.4        [required by ppxlib]
  - install ocamlfind           1.9.6          [required by ppx_deriving]
  - install ppx_derivers        1.2.1          [required by ppx_deriving]
  - install ppx_deriving        6.0.2 (pinned)
  - install ppxlib              0.32.1         [required by ppx_deriving]
  - install sexplib0            v0.17.0        [required by ppxlib]
  - install stdlib-shims        0.3.0          [required by ppxlib]

<><> Processing actions <><><><><><><><><><><><><><><><><><><><><><><><><><><><>
-> retrieved cppo.1.6.9  (cached)
-> retrieved dune.3.15.3  (cached)
-> retrieved ocaml-compiler-libs.v0.12.4  (cached)
-> retrieved ocamlfind.1.9.6  (cached)
-> retrieved ppx_derivers.1.2.1  (cached)
-> retrieved ppx_deriving.6.0.2  (cached)
-> retrieved ppxlib.0.32.1  (cached)
-> retrieved sexplib0.v0.17.0  (cached)
-> retrieved stdlib-shims.0.3.0  (cached)
-> installed ocamlfind.1.9.6
-> installed dune.3.15.3
-> installed ppx_derivers.1.2.1
-> installed stdlib-shims.0.3.0
-> installed sexplib0.v0.17.0
-> installed ocaml-compiler-libs.v0.12.4
-> installed cppo.1.6.9
-> installed ppxlib.0.32.1
-> installed ppx_deriving.6.0.2
Done.
# Run eval $(opam env) to update the current shell environment
[01;2m[01;35m2024-05-28 13:19.10 ---> saved as "2744521d9bf1ce115b26133b05d9b678a1f0bde585a985c3ce1e61cb5daf7d40"[0m

[01;34m/home/opam: (run (cache (opam-archives (target /home/opam/.opam/download-cache)))
                 (network host)
                 (shell  "opam reinstall git-kv.0.0.3;\
                        \n        res=$?;\
                        \n        test \"$res\" != 31 && exit \"$res\";\
                        \n        export OPAMCLI=2.0;\
                        \n        build_dir=$(opam var prefix)/.opam-switch/build;\
                        \n        failed=$(ls \"$build_dir\");\
                        \n        partial_fails=\"\";\
                        \n        for pkg in $failed; do\
                        \n          if opam show -f x-ci-accept-failures: \"$pkg\" | grep -qF \"\\\"debian-12\\\"\"; then\
                        \n            echo \"A package failed and has been disabled for CI using the 'x-ci-accept-failures' field.\";\
                        \n          fi;\
                        \n          test \"$pkg\" != 'git-kv.0.0.3' && partial_fails=\"$partial_fails $pkg\";\
                        \n        done;\
                        \n        test \"${partial_fails}\" != \"\" && echo \"opam-repo-ci detected dependencies failing: ${partial_fails}\";\
                        \n        exit 1"))[0m
git-kv.0.0.3 is not installed. Install it? [y/n] y
The following actions will be performed:
=== install 49 packages
  - install angstrom           0.16.0 [required by git]
  - install astring            0.8.5  [required by git]
  - install base-bytes         base   [required by ocplib-endian]
  - install base64             3.5.1  [required by git]
  - install bigstringaf        0.9.1  [required by carton, git]
  - install bos                0.2.1  [required by carton]
  - install carton             0.7.2  [required by git-kv]
  - install carton-git         0.7.2  [required by git]
  - install carton-lwt         0.7.2  [required by git]
  - install checkseum          0.5.2  [required by carton, git]
  - install cmdliner           1.3.0  [required by carton]
  - install csexp              1.5.2  [required by dune-configurator]
  - install cstruct            6.2.0  [required by carton, git]
  - install decompress         1.5.3  [required by carton, git]
  - install digestif           1.2.0  [required by carton, git]
  - install domain-name        0.4.0  [required by git]
  - install duff               0.5    [required by carton]
  - install dune-configurator  3.15.3 [required by checkseum, bigstringaf, hxd]
  - install emile              1.1    [required by git]
  - install encore             0.8    [required by git]
  - install eqaf               0.9    [required by digestif]
  - install fmt                0.9.0  [required by git-kv]
  - install fpath              0.7.3  [required by carton, git]
  - install git                3.16.0 [required by git-kv]
  - install git-kv             0.0.3
  - install hxd                0.3.2  [required by carton, git]
  - install ipaddr             5.6.0  [required by git]
  - install ke                 0.6    [required by carton, git]
  - install logs               0.7.0  [required by carton, git]
  - install lwt                5.7.0  [required by git, mirage-kv]
  - install macaddr            5.6.0  [required by ipaddr]
  - install mimic              0.0.7  [required by git]
  - install mirage-clock       4.2.0  [required by git-kv]
  - install mirage-flow        4.0.2  [required by git]
  - install mirage-kv          6.1.1  [required by git-kv]
  - install ocaml-syntax-shims 1.0.0  [required by angstrom]
  - install ocamlbuild         0.14.3 [required by bos, ptime]
  - install ocamlgraph         2.1.0  [required by git]
  - install ocplib-endian      1.2    [required by lwt]
  - install optint             0.3.0  [required by git, carton, mirage-kv]
  - install pecu               0.7    [required by emile]
  - install psq                0.2.1  [required by carton, git]
  - install ptime              1.1.0  [required by git-kv]
  - install rresult            0.7.0  [required by git]
  - install seq                base   [required by psq]
  - install stringext          1.6.0  [required by uri]
  - install topkg              1.0.7  [required by bos, ptime]
  - install uri                4.4.0  [required by git]
  - install uutf               1.0.3  [required by emile]

<><> Processing actions <><><><><><><><><><><><><><><><><><><><><><><><><><><><>
-> retrieved angstrom.0.16.0  (cached)
-> retrieved astring.0.8.5  (cached)
-> installed base-bytes.base
-> retrieved base64.3.5.1  (cached)
-> retrieved bigstringaf.0.9.1  (cached)
-> retrieved bos.0.2.1  (cached)
-> retrieved carton.0.7.2, carton-git.0.7.2, carton-lwt.0.7.2  (cached)
-> retrieved checkseum.0.5.2  (cached)
-> retrieved cmdliner.1.3.0  (cached)
-> retrieved csexp.1.5.2  (cached)
-> retrieved cstruct.6.2.0  (cached)
-> installed base64.3.5.1
-> retrieved decompress.1.5.3  (cached)
-> installed csexp.1.5.2
-> retrieved digestif.1.2.0  (cached)
-> retrieved domain-name.0.4.0  (cached)
-> retrieved duff.0.5  (cached)
-> installed domain-name.0.4.0
-> retrieved dune-configurator.3.15.3  (cached)
-> retrieved emile.1.1  (cached)
-> retrieved encore.0.8  (cached)
-> retrieved eqaf.0.9  (cached)
-> retrieved fmt.0.9.0  (cached)
-> retrieved fpath.0.7.3  (cached)
-> retrieved git.3.16.0  (cached)
-> retrieved git-kv.0.0.3  (cached)
-> retrieved hxd.0.3.2  (cached)
-> installed cmdliner.1.3.0
-> retrieved ipaddr.5.6.0, macaddr.5.6.0  (cached)
-> retrieved ke.0.6  (cached)
-> retrieved logs.0.7.0  (cached)
-> retrieved lwt.5.7.0  (cached)
-> retrieved mimic.0.0.7  (cached)
-> retrieved mirage-clock.4.2.0  (cached)
-> retrieved mirage-flow.4.0.2  (cached)
-> retrieved mirage-kv.6.1.1  (cached)
-> retrieved ocaml-syntax-shims.1.0.0  (cached)
-> retrieved ocamlbuild.0.14.3  (cached)
-> installed macaddr.5.6.0
-> installed mirage-clock.4.2.0
-> retrieved ocamlgraph.2.1.0  (cached)
-> retrieved ocplib-endian.1.2  (cached)
-> retrieved optint.0.3.0  (cached)
-> retrieved pecu.0.7  (cached)
-> retrieved psq.0.2.1  (cached)
-> retrieved ptime.1.1.0  (cached)
-> retrieved rresult.0.7.0  (cached)
-> installed seq.base
-> retrieved stringext.1.6.0  (cached)
-> retrieved topkg.1.0.7  (cached)
-> retrieved uri.4.4.0  (cached)
-> retrieved uutf.1.0.3  (cached)
-> installed pecu.0.7
-> installed stringext.1.6.0
-> installed optint.0.3.0
-> installed ocplib-endian.1.2
-> installed ipaddr.5.6.0
-> installed psq.0.2.1
-> installed ocaml-syntax-shims.1.0.0
-> installed dune-configurator.3.15.3
-> installed bigstringaf.0.9.1
-> installed checkseum.0.5.2
-> installed ocamlgraph.2.1.0
-> installed angstrom.0.16.0
-> installed decompress.1.5.3
-> installed uri.4.4.0
-> installed lwt.5.7.0
-> installed hxd.0.3.2
-> installed ocamlbuild.0.14.3
-> installed topkg.1.0.7
-> installed rresult.0.7.0
-> installed uutf.1.0.3
-> installed ptime.1.1.0
-> installed fmt.0.9.0
-> installed astring.0.8.5
-> installed emile.1.1
-> installed mirage-kv.6.1.1
-> installed duff.0.5
-> installed encore.0.8
-> installed ke.0.6
-> installed cstruct.6.2.0
-> installed mirage-flow.4.0.2
-> installed fpath.0.7.3
-> installed eqaf.0.9
-> installed logs.0.7.0
-> installed digestif.1.2.0
-> installed mimic.0.0.7
-> installed bos.0.2.1
-> installed carton.0.7.2
-> installed carton-lwt.0.7.2
-> installed carton-git.0.7.2
-> installed git.3.16.0
-> installed git-kv.0.0.3
Done.
# Run eval $(opam env) to update the current shell environment
[01;2m[01;35m2024-05-28 13:19.51 ---> saved as "0d7646d460a4368f1e2e580da3a7210b9da9f4ff23119bc6f704ea6c481e13eb"[0m

[01;34m/home/opam: (run (network host)
                 (shell "(opam reinstall --with-test git-kv.0.0.3) || true"))[0m
[ERROR] Sorry, resolution of the request timed out.
        Try to specify a more precise request, use a different solver, or increase the allowed time by setting OPAMSOLVERTIMEOUT to a bigger value (currently, it is set to 500.0 seconds).
[01;2m[01;35m2024-05-28 13:28.24 ---> saved as "27159d5fef9624bd0682273f17575a5ea44393dd91a4665320d80d0166c096fe"[0m

[01;34m/home/opam: (run (shell  "opam reinstall --with-test --verbose git-kv.0.0.3;\
                        \n        res=$?;\
                        \n        test \"$res\" != 31 && exit \"$res\";\
                        \n        export OPAMCLI=2.0;\
                        \n        build_dir=$(opam var prefix)/.opam-switch/build;\
                        \n        failed=$(ls \"$build_dir\");\
                        \n        partial_fails=\"\";\
                        \n        for pkg in $failed; do\
                        \n          if opam show -f x-ci-accept-failures: \"$pkg\" | grep -qF \"\\\"debian-12\\\"\"; then\
                        \n            echo \"A package failed and has been disabled for CI using the 'x-ci-accept-failures' field.\";\
                        \n          fi;\
                        \n          test \"$pkg\" != 'git-kv.0.0.3' && partial_fails=\"$partial_fails $pkg\";\
                        \n        done;\
                        \n        test \"${partial_fails}\" != \"\" && echo \"opam-repo-ci detected dependencies failing: ${partial_fails}\";\
                        \n        exit 1"))[0m
[ERROR] Sorry, resolution of the request timed out.
        Try to specify a more precise request, use a different solver, or increase the allowed time by setting OPAMSOLVERTIMEOUT to a bigger value (currently, it is set to 500.0 seconds).
'opam reinstall --with-test --verbose git-kv.0.0.3' failed.
"/usr/bin/env" "bash" "-c" "opam reinstall --with-test --verbose git-kv.0.0.3;
        res=$?;
        test "$res" != 31 && exit "$res";
        export OPAMCLI=2.0;
        build_dir=$(opam var prefix)/.opam-switch/build;
        failed=$(ls "$build_dir");
        partial_fails="";
        for pkg in $failed; do
          if opam show -f x-ci-accept-failures: "$pkg" | grep -qF "\"debian-12\""; then
            echo "A package failed and has been disabled for CI using the 'x-ci-accept-failures' field.";
          fi;
          test "$pkg" != 'git-kv.0.0.3' && partial_fails="$partial_fails $pkg";
        done;
        test "${partial_fails}" != "" && echo "opam-repo-ci detected dependencies failing: ${partial_fails}";
        exit 1" failed with exit status 60
2024-05-28 13:37.31: Job failed: Failed: Build failed
2024-05-28 13:37.31: Log analysis:
2024-05-28 13:37.31: >>> 
[ERROR] Sorry, resolution of the request timed out.
 (score = 20)
2024-05-28 13:37.31: >>> 
[ERROR] Sorry, resolution of the request timed out.
 (score = 20)
2024-05-28 13:37.31: Sorry, resolution of the request timed out.
