2024-05-28 12:57.11: New job: test irmin-http.3.3.0 with ppx_deriving.6.0.2, using opam dev
                              from https://github.com/ocaml/opam-repository.git#refs/pull/25918/head (20dee918203c441ff3ed79352628b2c69d7f991f)
                              on debian-12-ocaml-4.14/amd64

To reproduce locally:

cd $(mktemp -d)
git clone --recursive "https://github.com/ocaml/opam-repository.git" && cd "opam-repository" && git fetch origin "refs/pull/25918/head" && git reset --hard 20dee918
git fetch origin master
git merge --no-edit fad6b917e0bc31d1e95285300d95a866e3954758
cat > ../Dockerfile <<'END-OF-DOCKERFILE'
[34mFROM ocaml/opam:debian-12-ocaml-4.14@sha256:575952ac1a1b71568d969fe2b9788c1516c1252dda6ccffdc995036cc8cc9e3b
USER 1000:1000
WORKDIR /home/opam
RUN sudo ln -f /usr/bin/opam-dev /usr/bin/opam
RUN opam init --reinit -ni
RUN uname -rs && opam exec -- ocaml -version && opam --version
ENV OPAMDOWNLOADJOBS="1"
ENV OPAMERRLOGLEN="0"
ENV OPAMSOLVERTIMEOUT="500"
ENV OPAMPRECISETRACKING="1"
ENV CI="true"
ENV OPAM_REPO_CI="true"
RUN rm -rf opam-repository/
COPY --chown=1000:1000 . opam-repository/
RUN opam repository set-url --strict default opam-repository/
RUN opam update --depexts || true
RUN opam pin add -k version -yn ppx_deriving.6.0.2 6.0.2
RUN opam reinstall ppx_deriving.6.0.2; \
    res=$?; \
    test "$res" != 31 && exit "$res"; \
    export OPAMCLI=2.0; \
    build_dir=$(opam var prefix)/.opam-switch/build; \
    failed=$(ls "$build_dir"); \
    partial_fails=""; \
    for pkg in $failed; do \
    if opam show -f x-ci-accept-failures: "$pkg" | grep -qF "\"debian-12\""; then \
    echo "A package failed and has been disabled for CI using the 'x-ci-accept-failures' field."; \
    fi; \
    test "$pkg" != 'ppx_deriving.6.0.2' && partial_fails="$partial_fails $pkg"; \
    done; \
    test "${partial_fails}" != "" && echo "opam-repo-ci detected dependencies failing: ${partial_fails}"; \
    exit 1
RUN opam reinstall irmin-http.3.3.0; \
    res=$?; \
    test "$res" != 31 && exit "$res"; \
    export OPAMCLI=2.0; \
    build_dir=$(opam var prefix)/.opam-switch/build; \
    failed=$(ls "$build_dir"); \
    partial_fails=""; \
    for pkg in $failed; do \
    if opam show -f x-ci-accept-failures: "$pkg" | grep -qF "\"debian-12\""; then \
    echo "A package failed and has been disabled for CI using the 'x-ci-accept-failures' field."; \
    fi; \
    test "$pkg" != 'irmin-http.3.3.0' && partial_fails="$partial_fails $pkg"; \
    done; \
    test "${partial_fails}" != "" && echo "opam-repo-ci detected dependencies failing: ${partial_fails}"; \
    exit 1
RUN (opam reinstall --with-test irmin-http.3.3.0) || true
RUN opam reinstall --with-test --verbose irmin-http.3.3.0; \
    res=$?; \
    test "$res" != 31 && exit "$res"; \
    export OPAMCLI=2.0; \
    build_dir=$(opam var prefix)/.opam-switch/build; \
    failed=$(ls "$build_dir"); \
    partial_fails=""; \
    for pkg in $failed; do \
    if opam show -f x-ci-accept-failures: "$pkg" | grep -qF "\"debian-12\""; then \
    echo "A package failed and has been disabled for CI using the 'x-ci-accept-failures' field."; \
    fi; \
    test "$pkg" != 'irmin-http.3.3.0' && partial_fails="$partial_fails $pkg"; \
    done; \
    test "${partial_fails}" != "" && echo "opam-repo-ci detected dependencies failing: ${partial_fails}"; \
    exit 1
[0m
END-OF-DOCKERFILE
docker build -f ../Dockerfile .

2024-05-28 12:57.11: Using cache hint "ocaml/opam:debian-12-ocaml-4.14@sha256:575952ac1a1b71568d969fe2b9788c1516c1252dda6ccffdc995036cc8cc9e3b-ppx_deriving.6.0.2-irmin-http.3.3.0-20dee918203c441ff3ed79352628b2c69d7f991f"
2024-05-28 12:57.11: Using OBuilder spec:
((from ocaml/opam:debian-12-ocaml-4.14@sha256:575952ac1a1b71568d969fe2b9788c1516c1252dda6ccffdc995036cc8cc9e3b)
 (user (uid 1000) (gid 1000))
 (workdir /home/opam)
 (run (shell "sudo ln -f /usr/bin/opam-dev /usr/bin/opam"))
 (run (network host)
      (shell "opam init --reinit --config .opamrc-sandbox -ni"))
 (run (shell "uname -rs && opam exec -- ocaml -version && opam --version"))
 (env OPAMDOWNLOADJOBS 1)
 (env OPAMERRLOGLEN 0)
 (env OPAMSOLVERTIMEOUT 500)
 (env OPAMPRECISETRACKING 1)
 (env CI true)
 (env OPAM_REPO_CI true)
 (run (shell "rm -rf opam-repository/"))
 (copy (src .) (dst opam-repository/))
 (run (shell "opam repository set-url --strict default opam-repository/"))
 (run (network host)
      (shell "opam update --depexts || true"))
 (run (shell "opam pin add -k version -yn ppx_deriving.6.0.2 6.0.2"))
 (run (cache (opam-archives (target /home/opam/.opam/download-cache)))
      (network host)
      (shell  "opam reinstall ppx_deriving.6.0.2;\
             \n        res=$?;\
             \n        test \"$res\" != 31 && exit \"$res\";\
             \n        export OPAMCLI=2.0;\
             \n        build_dir=$(opam var prefix)/.opam-switch/build;\
             \n        failed=$(ls \"$build_dir\");\
             \n        partial_fails=\"\";\
             \n        for pkg in $failed; do\
             \n          if opam show -f x-ci-accept-failures: \"$pkg\" | grep -qF \"\\\"debian-12\\\"\"; then\
             \n            echo \"A package failed and has been disabled for CI using the 'x-ci-accept-failures' field.\";\
             \n          fi;\
             \n          test \"$pkg\" != 'ppx_deriving.6.0.2' && partial_fails=\"$partial_fails $pkg\";\
             \n        done;\
             \n        test \"${partial_fails}\" != \"\" && echo \"opam-repo-ci detected dependencies failing: ${partial_fails}\";\
             \n        exit 1"))
 (run (cache (opam-archives (target /home/opam/.opam/download-cache)))
      (network host)
      (shell  "opam reinstall irmin-http.3.3.0;\
             \n        res=$?;\
             \n        test \"$res\" != 31 && exit \"$res\";\
             \n        export OPAMCLI=2.0;\
             \n        build_dir=$(opam var prefix)/.opam-switch/build;\
             \n        failed=$(ls \"$build_dir\");\
             \n        partial_fails=\"\";\
             \n        for pkg in $failed; do\
             \n          if opam show -f x-ci-accept-failures: \"$pkg\" | grep -qF \"\\\"debian-12\\\"\"; then\
             \n            echo \"A package failed and has been disabled for CI using the 'x-ci-accept-failures' field.\";\
             \n          fi;\
             \n          test \"$pkg\" != 'irmin-http.3.3.0' && partial_fails=\"$partial_fails $pkg\";\
             \n        done;\
             \n        test \"${partial_fails}\" != \"\" && echo \"opam-repo-ci detected dependencies failing: ${partial_fails}\";\
             \n        exit 1"))
 (run (network host)
      (shell "(opam reinstall --with-test irmin-http.3.3.0) || true"))
 (run (shell  "opam reinstall --with-test --verbose irmin-http.3.3.0;\
             \n        res=$?;\
             \n        test \"$res\" != 31 && exit \"$res\";\
             \n        export OPAMCLI=2.0;\
             \n        build_dir=$(opam var prefix)/.opam-switch/build;\
             \n        failed=$(ls \"$build_dir\");\
             \n        partial_fails=\"\";\
             \n        for pkg in $failed; do\
             \n          if opam show -f x-ci-accept-failures: \"$pkg\" | grep -qF \"\\\"debian-12\\\"\"; then\
             \n            echo \"A package failed and has been disabled for CI using the 'x-ci-accept-failures' field.\";\
             \n          fi;\
             \n          test \"$pkg\" != 'irmin-http.3.3.0' && partial_fails=\"$partial_fails $pkg\";\
             \n        done;\
             \n        test \"${partial_fails}\" != \"\" && echo \"opam-repo-ci detected dependencies failing: ${partial_fails}\";\
             \n        exit 1"))
)

2024-05-28 12:57.11: Waiting for resource in pool OCluster
2024-05-28 13:15.52: Waiting for worker…
2024-05-28 13:19.45: Got resource from pool OCluster
Building on x86-bm-c10.sw.ocaml.org
All commits already cached
Updating files:  83% (28361/33986)Updating files:  84% (28549/33986)Updating files:  85% (28889/33986)Updating files:  86% (29228/33986)Updating files:  87% (29568/33986)Updating files:  88% (29908/33986)Updating files:  89% (30248/33986)Updating files:  90% (30588/33986)Updating files:  91% (30928/33986)Updating files:  92% (31268/33986)Updating files:  93% (31607/33986)Updating files:  94% (31947/33986)Updating files:  95% (32287/33986)Updating files:  96% (32627/33986)Updating files:  97% (32967/33986)Updating files:  98% (33307/33986)Updating files:  99% (33647/33986)Updating files: 100% (33986/33986)Updating files: 100% (33986/33986), done.
HEAD is now at fad6b917e0 Merge pull request #25951 from mseri/ub-ppx-deriving
Merge made by the 'ort' strategy.
 packages/pa_ppx/pa_ppx.0.10/opam              |  2 +-
 packages/pa_ppx/pa_ppx.0.11/opam              |  2 +-
 packages/pa_ppx/pa_ppx.0.12/opam              |  2 +-
 packages/pa_ppx/pa_ppx.0.13/opam              |  2 +-
 packages/pa_ppx/pa_ppx.0.14/opam              |  2 +-
 packages/ppx_deriving/ppx_deriving.6.0.2/opam | 39 +++++++++++++++++++++++++++
 6 files changed, 44 insertions(+), 5 deletions(-)
 create mode 100644 packages/ppx_deriving/ppx_deriving.6.0.2/opam

[01;34m(from ocaml/opam:debian-12-ocaml-4.14@sha256:575952ac1a1b71568d969fe2b9788c1516c1252dda6ccffdc995036cc8cc9e3b)[0m
[01;2m[01;35m2024-05-28 13:19.53 ---> using "b70a2807c2cfb3c5680f4fafeddd66a33d7dcdd9d48b1543e8642b8df113fdbf" from cache[0m

[01;34m/: (user (uid 1000) (gid 1000))[0m

[01;34m/: (workdir /home/opam)[0m

[01;34m/home/opam: (run (shell "sudo ln -f /usr/bin/opam-dev /usr/bin/opam"))[0m
[01;2m[01;35m2024-05-28 13:19.53 ---> using "c36f90ecff164603a21017340adb790a2f028b93271d75cce805aa2725f2c474" from cache[0m

[01;34m/home/opam: (run (network host)
                 (shell "opam init --reinit --config .opamrc-sandbox -ni"))[0m
Configuring from /home/opam/.opamrc-sandbox, then /home/opam/.opamrc, and finally from built-in defaults.
Checking for available remotes: rsync and local, git.
  - you won't be able to use mercurial repositories unless you install the hg command on your system.
  - you won't be able to use darcs repositories unless you install the darcs command on your system.

This development version of opam requires an update to the layout of /home/opam/.opam from version 2.0 to version 2.2~beta, which can't be reverted.
You may want to back it up before going further.

Continue? [y/n] y
Format upgrade done.

<><> Updating repositories ><><><><><><><><><><><><><><><><><><><><><><><><><><>
[default] synchronised from file:///home/opam/opam-repository
[01;2m[01;35m2024-05-28 13:19.53 ---> using "41ba59c52c751987091a990bfc68743f47f1d48b58a0242e92679239747c0a38" from cache[0m

[01;34m/home/opam: (run (shell "uname -rs && opam exec -- ocaml -version && opam --version"))[0m
Linux 5.15.0-107-generic
The OCaml toplevel, version 4.14.2
2.2.0~beta3~dev
[01;2m[01;35m2024-05-28 13:19.53 ---> using "43177bf724d2ad14c3885c9e8604bf82de09a17c5632804082eaf00f00843b27" from cache[0m

[01;34m/home/opam: (env OPAMDOWNLOADJOBS 1)[0m

[01;34m/home/opam: (env OPAMERRLOGLEN 0)[0m

[01;34m/home/opam: (env OPAMSOLVERTIMEOUT 500)[0m

[01;34m/home/opam: (env OPAMPRECISETRACKING 1)[0m

[01;34m/home/opam: (env CI true)[0m

[01;34m/home/opam: (env OPAM_REPO_CI true)[0m

[01;34m/home/opam: (run (shell "rm -rf opam-repository/"))[0m
[01;2m[01;35m2024-05-28 13:19.53 ---> using "dc5d5a1631518083bf7b71a8bbeb70067bb1c0e264ce14940be3414232922413" from cache[0m

[01;34m/home/opam: (copy (src .) (dst opam-repository/))[0m
[01;2m[01;35m2024-05-28 13:19.54 ---> using "e6958710670d440383327053406300c169bca5aff35714095cef525a051fb14f" from cache[0m

[01;34m/home/opam: (run (shell "opam repository set-url --strict default opam-repository/"))[0m
[default] Initialised
[01;2m[01;35m2024-05-28 13:19.54 ---> using "efbf6b1db00a37bda8e3eb0b25effbcc280ada07e3499cc69c469b66fa1f11a0" from cache[0m

[01;34m/home/opam: (run (network host)
                 (shell "opam update --depexts || true"))[0m
+ /usr/bin/sudo "apt-get" "update"
- Hit:1 http://deb.debian.org/debian bookworm InRelease
- Get:2 http://deb.debian.org/debian bookworm-updates InRelease [55.4 kB]
- Get:3 http://deb.debian.org/debian-security bookworm-security InRelease [48.0 kB]
- Get:4 http://deb.debian.org/debian-security bookworm-security/main amd64 Packages [157 kB]
- Fetched 260 kB in 0s (947 kB/s)
- Reading package lists...
[01;2m[01;35m2024-05-28 13:19.54 ---> using "53f65428a8d114dabf8c953630461044f7234333aea8158be6fce84666fce7b9" from cache[0m

[01;34m/home/opam: (run (shell "opam pin add -k version -yn ppx_deriving.6.0.2 6.0.2"))[0m
ppx_deriving is now pinned to version 6.0.2
[01;2m[01;35m2024-05-28 13:19.54 ---> using "86d479fe8b0974e1b1d821e8e337c3cf1a5ecb934f09a047d16ec33c8eac0f7f" from cache[0m

[01;34m/home/opam: (run (cache (opam-archives (target /home/opam/.opam/download-cache)))
                 (network host)
                 (shell  "opam reinstall ppx_deriving.6.0.2;\
                        \n        res=$?;\
                        \n        test \"$res\" != 31 && exit \"$res\";\
                        \n        export OPAMCLI=2.0;\
                        \n        build_dir=$(opam var prefix)/.opam-switch/build;\
                        \n        failed=$(ls \"$build_dir\");\
                        \n        partial_fails=\"\";\
                        \n        for pkg in $failed; do\
                        \n          if opam show -f x-ci-accept-failures: \"$pkg\" | grep -qF \"\\\"debian-12\\\"\"; then\
                        \n            echo \"A package failed and has been disabled for CI using the 'x-ci-accept-failures' field.\";\
                        \n          fi;\
                        \n          test \"$pkg\" != 'ppx_deriving.6.0.2' && partial_fails=\"$partial_fails $pkg\";\
                        \n        done;\
                        \n        test \"${partial_fails}\" != \"\" && echo \"opam-repo-ci detected dependencies failing: ${partial_fails}\";\
                        \n        exit 1"))[0m
ppx_deriving.6.0.2 is not installed. Install it? [y/n] y
The following actions will be performed:
=== install 9 packages
  - install cppo                1.6.9          [required by ppx_deriving]
  - install dune                3.15.3         [required by ppx_deriving]
  - install ocaml-compiler-libs v0.12.4        [required by ppxlib]
  - install ocamlfind           1.9.6          [required by ppx_deriving]
  - install ppx_derivers        1.2.1          [required by ppx_deriving]
  - install ppx_deriving        6.0.2 (pinned)
  - install ppxlib              0.32.1         [required by ppx_deriving]
  - install sexplib0            v0.17.0        [required by ppxlib]
  - install stdlib-shims        0.3.0          [required by ppxlib]

<><> Processing actions <><><><><><><><><><><><><><><><><><><><><><><><><><><><>
-> retrieved cppo.1.6.9  (cached)
-> retrieved dune.3.15.3  (cached)
-> retrieved ocaml-compiler-libs.v0.12.4  (cached)
-> retrieved ocamlfind.1.9.6  (cached)
-> retrieved ppx_derivers.1.2.1  (cached)
-> retrieved ppx_deriving.6.0.2  (cached)
-> retrieved ppxlib.0.32.1  (cached)
-> retrieved sexplib0.v0.17.0  (cached)
-> retrieved stdlib-shims.0.3.0  (cached)
-> installed ocamlfind.1.9.6
-> installed dune.3.15.3
-> installed ppx_derivers.1.2.1
-> installed stdlib-shims.0.3.0
-> installed sexplib0.v0.17.0
-> installed ocaml-compiler-libs.v0.12.4
-> installed cppo.1.6.9
-> installed ppxlib.0.32.1
-> installed ppx_deriving.6.0.2
Done.
# Run eval $(opam env) to update the current shell environment
[01;2m[01;35m2024-05-28 13:19.54 ---> using "2744521d9bf1ce115b26133b05d9b678a1f0bde585a985c3ce1e61cb5daf7d40" from cache[0m

[01;34m/home/opam: (run (cache (opam-archives (target /home/opam/.opam/download-cache)))
                 (network host)
                 (shell  "opam reinstall irmin-http.3.3.0;\
                        \n        res=$?;\
                        \n        test \"$res\" != 31 && exit \"$res\";\
                        \n        export OPAMCLI=2.0;\
                        \n        build_dir=$(opam var prefix)/.opam-switch/build;\
                        \n        failed=$(ls \"$build_dir\");\
                        \n        partial_fails=\"\";\
                        \n        for pkg in $failed; do\
                        \n          if opam show -f x-ci-accept-failures: \"$pkg\" | grep -qF \"\\\"debian-12\\\"\"; then\
                        \n            echo \"A package failed and has been disabled for CI using the 'x-ci-accept-failures' field.\";\
                        \n          fi;\
                        \n          test \"$pkg\" != 'irmin-http.3.3.0' && partial_fails=\"$partial_fails $pkg\";\
                        \n        done;\
                        \n        test \"${partial_fails}\" != \"\" && echo \"opam-repo-ci detected dependencies failing: ${partial_fails}\";\
                        \n        exit 1"))[0m
irmin-http.3.3.0 is not installed. Install it? [y/n] y
The following actions will be performed:
=== downgrade 1 package
  - downgrade sexplib0           v0.17.0 to v0.16.0 [required by cohttp, cohttp-lwt]
=== recompile 2 packages
  - recompile ppx_deriving       6.0.2 (pinned)     [uses ppxlib]
  - recompile ppxlib             0.32.1             [uses sexplib0]
=== install 45 packages
  - install   angstrom           0.16.0             [required by uri]
  - install   astring            0.8.5              [required by irmin-http]
  - install   base               v0.16.3            [required by ppx_sexp_conv]
  - install   base-bytes         base               [required by cohttp]
  - install   base64             3.5.1              [required by cohttp]
  - install   bheap              2.0.0              [required by irmin]
  - install   bigstringaf        0.9.1              [required by irmin]
  - install   cmdliner           1.3.0              [required by crunch]
  - install   cohttp             5.3.1              [required by irmin-http]
  - install   cohttp-lwt         5.3.0              [required by irmin-http]
  - install   conf-bash          1                  [required by base]
  - install   crunch             3.3.1              [required by irmin-http]
  - install   csexp              1.5.2              [required by dune-configurator]
  - install   cstruct            6.2.0              [required by eqaf]
  - install   digestif           1.2.0              [required by irmin]
  - install   dispatch           0.5.0              [required by webmachine]
  - install   dune-configurator  3.15.3             [required by base, lwt]
  - install   either             1.0.0              [required by repr]
  - install   eqaf               0.9                [required by digestif]
  - install   fmt                0.9.0              [required by irmin-http]
  - install   irmin              3.3.0              [required by irmin-http]
  - install   irmin-http         3.3.0
  - install   jsonm              1.0.2              [required by irmin-http]
  - install   logs               0.7.0              [required by irmin-http]
  - install   lwt                5.7.0              [required by irmin-http]
  - install   mtime              1.4.0              [required by irmin]
  - install   ocaml-syntax-shims 1.0.0              [required by angstrom]
  - install   ocamlbuild         0.14.3             [required by astring]
  - install   ocamlgraph         2.1.0              [required by irmin]
  - install   ocplib-endian      1.2                [required by lwt]
  - install   optint             0.3.0              [required by repr]
  - install   ppx_irmin          3.3.0              [required by irmin-http]
  - install   ppx_repr           0.7.0              [required by ppx_irmin]
  - install   ppx_sexp_conv      v0.16.0            [required by cohttp, cohttp-lwt]
  - install   ptime              1.1.0              [required by crunch, webmachine]
  - install   re                 1.11.0             [required by cohttp, webmachine]
  - install   repr               0.7.0              [required by irmin]
  - install   result             1.5                [required by dispatch]
  - install   seq                base               [required by re]
  - install   stringext          1.6.0              [required by cohttp]
  - install   topkg              1.0.7              [required by astring]
  - install   uri                4.4.0              [required by irmin-http]
  - install   uri-sexp           4.4.0              [required by cohttp]
  - install   uutf               1.0.3              [required by irmin]
  - install   webmachine         0.7.0              [required by irmin-http]

<><> Processing actions <><><><><><><><><><><><><><><><><><><><><><><><><><><><>
-> retrieved angstrom.0.16.0  (cached)
-> retrieved astring.0.8.5  (cached)
-> retrieved base.v0.16.3  (cached)
-> installed base-bytes.base
-> retrieved base64.3.5.1  (cached)
-> retrieved bheap.2.0.0  (cached)
-> retrieved bigstringaf.0.9.1  (cached)
-> retrieved cmdliner.1.3.0  (cached)
-> retrieved cohttp.5.3.1  (cached)
-> retrieved cohttp-lwt.5.3.0  (cached)
-> retrieved crunch.3.3.1  (cached)
-> retrieved csexp.1.5.2  (cached)
-> installed conf-bash.1
-> retrieved cstruct.6.2.0  (cached)
-> installed bheap.2.0.0
-> installed csexp.1.5.2
-> installed base64.3.5.1
-> retrieved digestif.1.2.0  (cached)
-> retrieved dispatch.0.5.0  (cached)
-> retrieved dune-configurator.3.15.3  (cached)
-> retrieved either.1.0.0  (cached)
-> retrieved eqaf.0.9  (cached)
-> retrieved fmt.0.9.0  (cached)
-> installed cmdliner.1.3.0
-> retrieved irmin.3.3.0, irmin-http.3.3.0, ppx_irmin.3.3.0  (cached)
-> installed either.1.0.0
-> retrieved jsonm.1.0.2  (cached)
-> retrieved logs.0.7.0  (cached)
-> retrieved lwt.5.7.0  (cached)
-> retrieved mtime.1.4.0  (cached)
-> retrieved ocaml-syntax-shims.1.0.0  (cached)
-> retrieved ocamlbuild.0.14.3  (cached)
-> retrieved ocamlgraph.2.1.0  (cached)
-> retrieved ocplib-endian.1.2  (cached)
-> retrieved optint.0.3.0  (cached)
-> retrieved ppx_repr.0.7.0, repr.0.7.0  (cached)
-> retrieved ppx_sexp_conv.v0.16.0  (cached)
-> retrieved ppxlib.0.32.1  (cached)
-> installed optint.0.3.0
-> retrieved ptime.1.1.0  (cached)
-> installed ocplib-endian.1.2
-> retrieved re.1.11.0  (cached)
-> retrieved result.1.5  (cached)
-> installed seq.base
-> retrieved sexplib0.v0.16.0  (cached)
-> retrieved stringext.1.6.0  (cached)
-> retrieved topkg.1.0.7  (cached)
-> retrieved uri.4.4.0, uri-sexp.4.4.0  (cached)
-> retrieved uutf.1.0.3  (cached)
-> retrieved webmachine.0.7.0  (cached)
-> installed result.1.5
-> installed ocaml-syntax-shims.1.0.0
-> installed dune-configurator.3.15.3
-> installed stringext.1.6.0
-> installed dispatch.0.5.0
-> removed   ppx_deriving.6.0.2
-> removed   ppxlib.0.32.1
-> removed   sexplib0.v0.17.0
-> installed sexplib0.v0.16.0
-> installed bigstringaf.0.9.1
-> installed re.1.11.0
-> installed angstrom.0.16.0
-> installed ocamlgraph.2.1.0
-> installed uri.4.4.0
-> installed lwt.5.7.0
-> installed ocamlbuild.0.14.3
-> installed base.v0.16.3
-> installed topkg.1.0.7
-> installed mtime.1.4.0
-> installed fmt.0.9.0
-> installed uutf.1.0.3
-> installed ptime.1.1.0
-> installed cstruct.6.2.0
-> installed astring.0.8.5
-> installed eqaf.0.9
-> installed crunch.3.3.1
-> installed logs.0.7.0
-> installed jsonm.1.0.2
-> installed digestif.1.2.0
-> installed repr.0.7.0
-> installed ppxlib.0.32.1
-> installed ppx_deriving.6.0.2
-> installed ppx_sexp_conv.v0.16.0
-> installed uri-sexp.4.4.0
-> installed ppx_repr.0.7.0
-> installed cohttp.5.3.1
-> installed webmachine.0.7.0
-> installed ppx_irmin.3.3.0
-> installed cohttp-lwt.5.3.0
-> installed irmin.3.3.0
-> installed irmin-http.3.3.0
Done.
# Run eval $(opam env) to update the current shell environment
[01;2m[01;35m2024-05-28 13:21.11 ---> saved as "af706a941bcde4994af628e3e0649c9a901d8c7da39bc821bd5ccd30a6834ee0"[0m

[01;34m/home/opam: (run (network host)
                 (shell "(opam reinstall --with-test irmin-http.3.3.0) || true"))[0m
[ERROR] Sorry, resolution of the request timed out.
        Try to specify a more precise request, use a different solver, or increase the allowed time by setting OPAMSOLVERTIMEOUT to a bigger value (currently, it is set to 500.0 seconds).
[01;2m[01;35m2024-05-28 13:29.55 ---> saved as "4ab4582673cc5bdd98cb1fe7a586c7166a3110458ae94a837ec0274a3ce7367d"[0m

[01;34m/home/opam: (run (shell  "opam reinstall --with-test --verbose irmin-http.3.3.0;\
                        \n        res=$?;\
                        \n        test \"$res\" != 31 && exit \"$res\";\
                        \n        export OPAMCLI=2.0;\
                        \n        build_dir=$(opam var prefix)/.opam-switch/build;\
                        \n        failed=$(ls \"$build_dir\");\
                        \n        partial_fails=\"\";\
                        \n        for pkg in $failed; do\
                        \n          if opam show -f x-ci-accept-failures: \"$pkg\" | grep -qF \"\\\"debian-12\\\"\"; then\
                        \n            echo \"A package failed and has been disabled for CI using the 'x-ci-accept-failures' field.\";\
                        \n          fi;\
                        \n          test \"$pkg\" != 'irmin-http.3.3.0' && partial_fails=\"$partial_fails $pkg\";\
                        \n        done;\
                        \n        test \"${partial_fails}\" != \"\" && echo \"opam-repo-ci detected dependencies failing: ${partial_fails}\";\
                        \n        exit 1"))[0m
[ERROR] Sorry, resolution of the request timed out.
        Try to specify a more precise request, use a different solver, or increase the allowed time by setting OPAMSOLVERTIMEOUT to a bigger value (currently, it is set to 500.0 seconds).
'opam reinstall --with-test --verbose irmin-http.3.3.0' failed.
"/usr/bin/env" "bash" "-c" "opam reinstall --with-test --verbose irmin-http.3.3.0;
        res=$?;
        test "$res" != 31 && exit "$res";
        export OPAMCLI=2.0;
        build_dir=$(opam var prefix)/.opam-switch/build;
        failed=$(ls "$build_dir");
        partial_fails="";
        for pkg in $failed; do
          if opam show -f x-ci-accept-failures: "$pkg" | grep -qF "\"debian-12\""; then
            echo "A package failed and has been disabled for CI using the 'x-ci-accept-failures' field.";
          fi;
          test "$pkg" != 'irmin-http.3.3.0' && partial_fails="$partial_fails $pkg";
        done;
        test "${partial_fails}" != "" && echo "opam-repo-ci detected dependencies failing: ${partial_fails}";
        exit 1" failed with exit status 60
2024-05-28 13:38.54: Job failed: Failed: Build failed
2024-05-28 13:38.54: Log analysis:
2024-05-28 13:38.54: >>> 
[ERROR] Sorry, resolution of the request timed out.
 (score = 20)
2024-05-28 13:38.54: >>> 
[ERROR] Sorry, resolution of the request timed out.
 (score = 20)
2024-05-28 13:38.54: Sorry, resolution of the request timed out.
