2024-06-14 08:36.00: New job: test ocsipersist-dbm-config.2.0.0, using opam dev
                              from https://github.com/ocaml/opam-repository.git#refs/pull/26059/head (8681a1764c91512ce699c15287ce936282a8fbf5)
                              on debian-12-ocaml-4.08/amd64

To reproduce locally:

cd $(mktemp -d)
git clone --recursive "https://github.com/ocaml/opam-repository.git" && cd "opam-repository" && git fetch origin "refs/pull/26059/head" && git reset --hard 8681a176
git fetch origin master
git merge --no-edit 56c3e1b1a26a4d141748b526598c4a7f5b27253c
cat > ../Dockerfile <<'END-OF-DOCKERFILE'
[34mFROM ocaml/opam:debian-12-ocaml-4.08@sha256:71d3bee67eda20ecf48748fd11bf203fc3c217a4648feba27c13962afa4c703b
USER 1000:1000
WORKDIR /home/opam
RUN sudo ln -f /usr/bin/opam-dev /usr/bin/opam
RUN opam init --reinit -ni
RUN uname -rs && opam exec -- ocaml -version && opam --version
ENV OPAMDOWNLOADJOBS="1"
ENV OPAMERRLOGLEN="0"
ENV OPAMSOLVERTIMEOUT="500"
ENV OPAMPRECISETRACKING="1"
ENV CI="true"
ENV OPAM_REPO_CI="true"
RUN rm -rf opam-repository/
COPY --chown=1000:1000 . opam-repository/
RUN opam repository set-url --strict default opam-repository/
RUN opam update --depexts || true
RUN opam pin add -k version -yn ocsipersist-dbm-config.2.0.0 2.0.0
RUN opam reinstall ocsipersist-dbm-config.2.0.0; \
    res=$?; \
    test "$res" != 31 && exit "$res"; \
    export OPAMCLI=2.0; \
    build_dir=$(opam var prefix)/.opam-switch/build; \
    failed=$(ls "$build_dir"); \
    partial_fails=""; \
    for pkg in $failed; do \
    if opam show -f x-ci-accept-failures: "$pkg" | grep -qF "\"debian-12\""; then \
    echo "A package failed and has been disabled for CI using the 'x-ci-accept-failures' field."; \
    fi; \
    test "$pkg" != 'ocsipersist-dbm-config.2.0.0' && partial_fails="$partial_fails $pkg"; \
    done; \
    test "${partial_fails}" != "" && echo "opam-repo-ci detected dependencies failing: ${partial_fails}"; \
    exit 1
RUN (opam reinstall --with-test ocsipersist-dbm-config.2.0.0) || true
RUN opam reinstall --with-test --verbose ocsipersist-dbm-config.2.0.0; \
    res=$?; \
    test "$res" != 31 && exit "$res"; \
    export OPAMCLI=2.0; \
    build_dir=$(opam var prefix)/.opam-switch/build; \
    failed=$(ls "$build_dir"); \
    partial_fails=""; \
    for pkg in $failed; do \
    if opam show -f x-ci-accept-failures: "$pkg" | grep -qF "\"debian-12\""; then \
    echo "A package failed and has been disabled for CI using the 'x-ci-accept-failures' field."; \
    fi; \
    test "$pkg" != 'ocsipersist-dbm-config.2.0.0' && partial_fails="$partial_fails $pkg"; \
    done; \
    test "${partial_fails}" != "" && echo "opam-repo-ci detected dependencies failing: ${partial_fails}"; \
    exit 1
[0m
END-OF-DOCKERFILE
docker build -f ../Dockerfile .

2024-06-14 08:36.00: Using cache hint "ocaml/opam:debian-12-ocaml-4.08@sha256:71d3bee67eda20ecf48748fd11bf203fc3c217a4648feba27c13962afa4c703b-ocsipersist-dbm-config.2.0.0-8681a1764c91512ce699c15287ce936282a8fbf5"
2024-06-14 08:36.00: Using OBuilder spec:
((from ocaml/opam:debian-12-ocaml-4.08@sha256:71d3bee67eda20ecf48748fd11bf203fc3c217a4648feba27c13962afa4c703b)
 (user (uid 1000) (gid 1000))
 (workdir /home/opam)
 (run (shell "sudo ln -f /usr/bin/opam-dev /usr/bin/opam"))
 (run (network host)
      (shell "opam init --reinit --config .opamrc-sandbox -ni"))
 (run (shell "uname -rs && opam exec -- ocaml -version && opam --version"))
 (env OPAMDOWNLOADJOBS 1)
 (env OPAMERRLOGLEN 0)
 (env OPAMSOLVERTIMEOUT 500)
 (env OPAMPRECISETRACKING 1)
 (env CI true)
 (env OPAM_REPO_CI true)
 (run (shell "rm -rf opam-repository/"))
 (copy (src .) (dst opam-repository/))
 (run (shell "opam repository set-url --strict default opam-repository/"))
 (run (network host)
      (shell "opam update --depexts || true"))
 (run (shell "opam pin add -k version -yn ocsipersist-dbm-config.2.0.0 2.0.0"))
 (run (cache (opam-archives (target /home/opam/.opam/download-cache)))
      (network host)
      (shell  "opam reinstall ocsipersist-dbm-config.2.0.0;\
             \n        res=$?;\
             \n        test \"$res\" != 31 && exit \"$res\";\
             \n        export OPAMCLI=2.0;\
             \n        build_dir=$(opam var prefix)/.opam-switch/build;\
             \n        failed=$(ls \"$build_dir\");\
             \n        partial_fails=\"\";\
             \n        for pkg in $failed; do\
             \n          if opam show -f x-ci-accept-failures: \"$pkg\" | grep -qF \"\\\"debian-12\\\"\"; then\
             \n            echo \"A package failed and has been disabled for CI using the 'x-ci-accept-failures' field.\";\
             \n          fi;\
             \n          test \"$pkg\" != 'ocsipersist-dbm-config.2.0.0' && partial_fails=\"$partial_fails $pkg\";\
             \n        done;\
             \n        test \"${partial_fails}\" != \"\" && echo \"opam-repo-ci detected dependencies failing: ${partial_fails}\";\
             \n        exit 1"))
 (run (network host)
      (shell "(opam reinstall --with-test ocsipersist-dbm-config.2.0.0) || true"))
 (run (shell  "opam reinstall --with-test --verbose ocsipersist-dbm-config.2.0.0;\
             \n        res=$?;\
             \n        test \"$res\" != 31 && exit \"$res\";\
             \n        export OPAMCLI=2.0;\
             \n        build_dir=$(opam var prefix)/.opam-switch/build;\
             \n        failed=$(ls \"$build_dir\");\
             \n        partial_fails=\"\";\
             \n        for pkg in $failed; do\
             \n          if opam show -f x-ci-accept-failures: \"$pkg\" | grep -qF \"\\\"debian-12\\\"\"; then\
             \n            echo \"A package failed and has been disabled for CI using the 'x-ci-accept-failures' field.\";\
             \n          fi;\
             \n          test \"$pkg\" != 'ocsipersist-dbm-config.2.0.0' && partial_fails=\"$partial_fails $pkg\";\
             \n        done;\
             \n        test \"${partial_fails}\" != \"\" && echo \"opam-repo-ci detected dependencies failing: ${partial_fails}\";\
             \n        exit 1"))
)

2024-06-14 08:36.00: Waiting for resource in pool OCluster
2024-06-14 08:36.07: Waiting for worker…
2024-06-14 08:37.48: Got resource from pool OCluster
Building on asteria.caelum.ci.dev
All commits already cached
Updating files:  93% (29563/31521)Updating files:  94% (29630/31521)Updating files:  95% (29945/31521)Updating files:  96% (30261/31521)Updating files:  97% (30576/31521)Updating files:  98% (30891/31521)Updating files:  99% (31206/31521)Updating files: 100% (31521/31521)Updating files: 100% (31521/31521), done.
HEAD is now at 56c3e1b1a2 Merge pull request #26081 from dra27/ci-cache
Updating 56c3e1b1a2..8681a1764c
Fast-forward
 .../ocsipersist-dbm-config.2.0.0/opam              | 27 +++++++++++++++++++
 .../ocsipersist-dbm/ocsipersist-dbm.2.0.0/opam     | 28 ++++++++++++++++++++
 .../ocsipersist-lib/ocsipersist-lib.2.0.0/opam     | 25 ++++++++++++++++++
 .../ocsipersist-pgsql-config.2.0.0/opam            | 27 +++++++++++++++++++
 .../ocsipersist-pgsql/ocsipersist-pgsql.2.0.0/opam | 28 ++++++++++++++++++++
 .../ocsipersist-sqlite-config.2.0.0/opam           | 26 +++++++++++++++++++
 .../ocsipersist-sqlite.2.0.0/opam                  | 27 +++++++++++++++++++
 packages/ocsipersist/ocsipersist.2.0.0/opam        | 30 ++++++++++++++++++++++
 8 files changed, 218 insertions(+)
 create mode 100644 packages/ocsipersist-dbm-config/ocsipersist-dbm-config.2.0.0/opam
 create mode 100644 packages/ocsipersist-dbm/ocsipersist-dbm.2.0.0/opam
 create mode 100644 packages/ocsipersist-lib/ocsipersist-lib.2.0.0/opam
 create mode 100644 packages/ocsipersist-pgsql-config/ocsipersist-pgsql-config.2.0.0/opam
 create mode 100644 packages/ocsipersist-pgsql/ocsipersist-pgsql.2.0.0/opam
 create mode 100644 packages/ocsipersist-sqlite-config/ocsipersist-sqlite-config.2.0.0/opam
 create mode 100644 packages/ocsipersist-sqlite/ocsipersist-sqlite.2.0.0/opam
 create mode 100644 packages/ocsipersist/ocsipersist.2.0.0/opam

[01;34m(from ocaml/opam:debian-12-ocaml-4.08@sha256:71d3bee67eda20ecf48748fd11bf203fc3c217a4648feba27c13962afa4c703b)[0m
[01;2m[01;35m2024-06-14 08:38.09 ---> using "029b0aeb0b383d5e92a7a0d1d58318cd6a2d82b94685d677aeab986f4b6f9767" from cache[0m

[01;34m/: (user (uid 1000) (gid 1000))[0m

[01;34m/: (workdir /home/opam)[0m

[01;34m/home/opam: (run (shell "sudo ln -f /usr/bin/opam-dev /usr/bin/opam"))[0m
[01;2m[01;35m2024-06-14 08:38.09 ---> using "d67c37d9da69f0a462840d0ebebc1d115822d4868a19948b90f656c0299d3657" from cache[0m

[01;34m/home/opam: (run (network host)
                 (shell "opam init --reinit --config .opamrc-sandbox -ni"))[0m
Configuring from /home/opam/.opamrc-sandbox, then /home/opam/.opamrc, and finally from built-in defaults.
Checking for available remotes: rsync and local, git.
  - you won't be able to use mercurial repositories unless you install the hg command on your system.
  - you won't be able to use darcs repositories unless you install the darcs command on your system.

This development version of opam requires an update to the layout of /home/opam/.opam from version 2.0 to version 2.2~beta, which can't be reverted.
You may want to back it up before going further.

Continue? [y/n] y
[NOTE] The 'jobs' option was reset, its value was 39 and its new value will vary according to the current number of cores on your machine. You can restore the fixed value using:
           opam option jobs=39 --global
Format upgrade done.

<><> Updating repositories ><><><><><><><><><><><><><><><><><><><><><><><><><><>
[default] synchronised from file:///home/opam/opam-repository
[01;2m[01;35m2024-06-14 08:38.09 ---> using "d69a73e5c38d0a49f9f357e4fb15f068f4ca2c814881da0ee7422c1e13fc4c96" from cache[0m

[01;34m/home/opam: (run (shell "uname -rs && opam exec -- ocaml -version && opam --version"))[0m
Linux 5.15.0-107-generic
The OCaml toplevel, version 4.08.1
2.2.0~beta3~dev
[01;2m[01;35m2024-06-14 08:38.09 ---> using "ebb5c97d3835f02bb8c1368666a27b75190f97d3bceb18c3b8bb44c3a0e31072" from cache[0m

[01;34m/home/opam: (env OPAMDOWNLOADJOBS 1)[0m

[01;34m/home/opam: (env OPAMERRLOGLEN 0)[0m

[01;34m/home/opam: (env OPAMSOLVERTIMEOUT 500)[0m

[01;34m/home/opam: (env OPAMPRECISETRACKING 1)[0m

[01;34m/home/opam: (env CI true)[0m

[01;34m/home/opam: (env OPAM_REPO_CI true)[0m

[01;34m/home/opam: (run (shell "rm -rf opam-repository/"))[0m
[01;2m[01;35m2024-06-14 08:38.09 ---> using "8eb93440f61f6c0d4a52e35e5770be91f3c056cf4b3beaab7e5e623fd930b4c7" from cache[0m

[01;34m/home/opam: (copy (src .) (dst opam-repository/))[0m
[01;2m[01;35m2024-06-14 08:38.11 ---> using "2cf1017ca039abc3685f8949147a6cb5f935e5edefd4a12cd832cf4b0861d828" from cache[0m

[01;34m/home/opam: (run (shell "opam repository set-url --strict default opam-repository/"))[0m
[default] Initialised
[01;2m[01;35m2024-06-14 08:38.41 ---> saved as "1519c49315d7cf4ecdbba2767eeb7f0fd3ca6f02f7b2ad9011cdec0dc3945d70"[0m

[01;34m/home/opam: (run (network host)
                 (shell "opam update --depexts || true"))[0m
+ /usr/bin/sudo "apt-get" "update"
- Hit:1 http://deb.debian.org/debian bookworm InRelease
- Get:2 http://deb.debian.org/debian bookworm-updates InRelease [55.4 kB]
- Get:3 http://deb.debian.org/debian-security bookworm-security InRelease [48.0 kB]
- Get:4 http://deb.debian.org/debian-security bookworm-security/main amd64 Packages [160 kB]
- Fetched 263 kB in 0s (964 kB/s)
- Reading package lists...
[01;2m[01;35m2024-06-14 08:38.42 ---> saved as "f1e42b76c7456c4eebe48408982f2608e483422849f21073cafac17422f5220e"[0m

[01;34m/home/opam: (run (shell "opam pin add -k version -yn ocsipersist-dbm-config.2.0.0 2.0.0"))[0m
ocsipersist-dbm-config is now pinned to version 2.0.0
[01;2m[01;35m2024-06-14 08:38.43 ---> saved as "873a0150bee6499d201679fff0730158b8bbda2e99f0c8ca989e9f5ff465fc2e"[0m

[01;34m/home/opam: (run (cache (opam-archives (target /home/opam/.opam/download-cache)))
                 (network host)
                 (shell  "opam reinstall ocsipersist-dbm-config.2.0.0;\
                        \n        res=$?;\
                        \n        test \"$res\" != 31 && exit \"$res\";\
                        \n        export OPAMCLI=2.0;\
                        \n        build_dir=$(opam var prefix)/.opam-switch/build;\
                        \n        failed=$(ls \"$build_dir\");\
                        \n        partial_fails=\"\";\
                        \n        for pkg in $failed; do\
                        \n          if opam show -f x-ci-accept-failures: \"$pkg\" | grep -qF \"\\\"debian-12\\\"\"; then\
                        \n            echo \"A package failed and has been disabled for CI using the 'x-ci-accept-failures' field.\";\
                        \n          fi;\
                        \n          test \"$pkg\" != 'ocsipersist-dbm-config.2.0.0' && partial_fails=\"$partial_fails $pkg\";\
                        \n        done;\
                        \n        test \"${partial_fails}\" != \"\" && echo \"opam-repo-ci detected dependencies failing: ${partial_fails}\";\
                        \n        exit 1"))[0m
ocsipersist-dbm-config.2.0.0 is not installed. Install it? [y/n] y
[ERROR] Sorry, resolution of the request timed out.
        Try to specify a more precise request, use a different solver, or increase the allowed time by setting OPAMSOLVERTIMEOUT to a bigger value (currently, it is set to 500.0 seconds).
"/usr/bin/env" "bash" "-c" "opam reinstall ocsipersist-dbm-config.2.0.0;
        res=$?;
        test "$res" != 31 && exit "$res";
        export OPAMCLI=2.0;
        build_dir=$(opam var prefix)/.opam-switch/build;
        failed=$(ls "$build_dir");
        partial_fails="";
        for pkg in $failed; do
          if opam show -f x-ci-accept-failures: "$pkg" | grep -qF "\"debian-12\""; then
            echo "A package failed and has been disabled for CI using the 'x-ci-accept-failures' field.";
          fi;
          test "$pkg" != 'ocsipersist-dbm-config.2.0.0' && partial_fails="$partial_fails $pkg";
        done;
        test "${partial_fails}" != "" && echo "opam-repo-ci detected dependencies failing: ${partial_fails}";
        exit 1" failed with exit status 60
2024-06-14 08:47.20: Job failed: Failed: Build failed
2024-06-14 08:47.20: Log analysis:
2024-06-14 08:47.20: >>> 
[ERROR] Sorry, resolution of the request timed out.
 (score = 20)
2024-06-14 08:47.20: Sorry, resolution of the request timed out.
