2024-06-14 08:36.04: New job: build ocsipersist-dbm-config.2.0.0, using opam 2.1
                              from https://github.com/ocaml/opam-repository.git#refs/pull/26059/head (8681a1764c91512ce699c15287ce936282a8fbf5)
                              on debian-12-ocaml-5.2/amd64

To reproduce locally:

cd $(mktemp -d)
git clone --recursive "https://github.com/ocaml/opam-repository.git" && cd "opam-repository" && git fetch origin "refs/pull/26059/head" && git reset --hard 8681a176
git fetch origin master
git merge --no-edit 56c3e1b1a26a4d141748b526598c4a7f5b27253c
cat > ../Dockerfile <<'END-OF-DOCKERFILE'
[34mFROM ocaml/opam:debian-12-ocaml-5.2@sha256:12df694d8961e9d2889415e9f52914c529db83d399156ead1a40943939257d06
USER 1000:1000
WORKDIR /home/opam
RUN sudo ln -f /usr/bin/opam-2.1 /usr/bin/opam
RUN opam init --reinit -ni
RUN uname -rs && opam exec -- ocaml -version && opam --version
ENV OPAMDOWNLOADJOBS="1"
ENV OPAMERRLOGLEN="0"
ENV OPAMSOLVERTIMEOUT="500"
ENV OPAMPRECISETRACKING="1"
ENV CI="true"
ENV OPAM_REPO_CI="true"
RUN rm -rf opam-repository/
COPY --chown=1000:1000 . opam-repository/
RUN opam repository set-url --strict default opam-repository/
RUN opam update --depexts || true
RUN opam pin add -k version -yn ocsipersist-dbm-config.2.0.0 2.0.0
RUN opam reinstall ocsipersist-dbm-config.2.0.0; \
    res=$?; \
    test "$res" != 31 && exit "$res"; \
    export OPAMCLI=2.0; \
    build_dir=$(opam var prefix)/.opam-switch/build; \
    failed=$(ls "$build_dir"); \
    partial_fails=""; \
    for pkg in $failed; do \
    if opam show -f x-ci-accept-failures: "$pkg" | grep -qF "\"debian-12\""; then \
    echo "A package failed and has been disabled for CI using the 'x-ci-accept-failures' field."; \
    fi; \
    test "$pkg" != 'ocsipersist-dbm-config.2.0.0' && partial_fails="$partial_fails $pkg"; \
    done; \
    test "${partial_fails}" != "" && echo "opam-repo-ci detected dependencies failing: ${partial_fails}"; \
    exit 1
[0m
END-OF-DOCKERFILE
docker build -f ../Dockerfile .

2024-06-14 08:36.04: Using cache hint "ocaml/opam:debian-12-ocaml-5.2@sha256:12df694d8961e9d2889415e9f52914c529db83d399156ead1a40943939257d06-ocsipersist-dbm-config.2.0.0-8681a1764c91512ce699c15287ce936282a8fbf5"
2024-06-14 08:36.04: Using OBuilder spec:
((from ocaml/opam:debian-12-ocaml-5.2@sha256:12df694d8961e9d2889415e9f52914c529db83d399156ead1a40943939257d06)
 (user (uid 1000) (gid 1000))
 (workdir /home/opam)
 (run (shell "sudo ln -f /usr/bin/opam-2.1 /usr/bin/opam"))
 (run (network host)
      (shell "opam init --reinit --config .opamrc-sandbox -ni"))
 (run (shell "uname -rs && opam exec -- ocaml -version && opam --version"))
 (env OPAMDOWNLOADJOBS 1)
 (env OPAMERRLOGLEN 0)
 (env OPAMSOLVERTIMEOUT 500)
 (env OPAMPRECISETRACKING 1)
 (env CI true)
 (env OPAM_REPO_CI true)
 (run (shell "rm -rf opam-repository/"))
 (copy (src .) (dst opam-repository/))
 (run (shell "opam repository set-url --strict default opam-repository/"))
 (run (network host)
      (shell "opam update --depexts || true"))
 (run (shell "opam pin add -k version -yn ocsipersist-dbm-config.2.0.0 2.0.0"))
 (run (cache (opam-archives (target /home/opam/.opam/download-cache)))
      (network host)
      (shell  "opam reinstall ocsipersist-dbm-config.2.0.0;\
             \n        res=$?;\
             \n        test \"$res\" != 31 && exit \"$res\";\
             \n        export OPAMCLI=2.0;\
             \n        build_dir=$(opam var prefix)/.opam-switch/build;\
             \n        failed=$(ls \"$build_dir\");\
             \n        partial_fails=\"\";\
             \n        for pkg in $failed; do\
             \n          if opam show -f x-ci-accept-failures: \"$pkg\" | grep -qF \"\\\"debian-12\\\"\"; then\
             \n            echo \"A package failed and has been disabled for CI using the 'x-ci-accept-failures' field.\";\
             \n          fi;\
             \n          test \"$pkg\" != 'ocsipersist-dbm-config.2.0.0' && partial_fails=\"$partial_fails $pkg\";\
             \n        done;\
             \n        test \"${partial_fails}\" != \"\" && echo \"opam-repo-ci detected dependencies failing: ${partial_fails}\";\
             \n        exit 1"))
)

2024-06-14 08:36.04: Waiting for resource in pool OCluster
2024-06-14 08:57.22: Waiting for worker…
2024-06-14 09:03.34: Got resource from pool OCluster
Building on x86-bm-c18.sw.ocaml.org
All commits already cached
Updating files:  93% (29417/31521)Updating files:  94% (29630/31521)Updating files:  95% (29945/31521)Updating files:  96% (30261/31521)Updating files:  97% (30576/31521)Updating files:  98% (30891/31521)Updating files:  99% (31206/31521)Updating files: 100% (31521/31521)Updating files: 100% (31521/31521), done.
HEAD is now at 56c3e1b1a2 Merge pull request #26081 from dra27/ci-cache
Updating 56c3e1b1a2..8681a1764c
Fast-forward
 .../ocsipersist-dbm-config.2.0.0/opam              | 27 +++++++++++++++++++
 .../ocsipersist-dbm/ocsipersist-dbm.2.0.0/opam     | 28 ++++++++++++++++++++
 .../ocsipersist-lib/ocsipersist-lib.2.0.0/opam     | 25 ++++++++++++++++++
 .../ocsipersist-pgsql-config.2.0.0/opam            | 27 +++++++++++++++++++
 .../ocsipersist-pgsql/ocsipersist-pgsql.2.0.0/opam | 28 ++++++++++++++++++++
 .../ocsipersist-sqlite-config.2.0.0/opam           | 26 +++++++++++++++++++
 .../ocsipersist-sqlite.2.0.0/opam                  | 27 +++++++++++++++++++
 packages/ocsipersist/ocsipersist.2.0.0/opam        | 30 ++++++++++++++++++++++
 8 files changed, 218 insertions(+)
 create mode 100644 packages/ocsipersist-dbm-config/ocsipersist-dbm-config.2.0.0/opam
 create mode 100644 packages/ocsipersist-dbm/ocsipersist-dbm.2.0.0/opam
 create mode 100644 packages/ocsipersist-lib/ocsipersist-lib.2.0.0/opam
 create mode 100644 packages/ocsipersist-pgsql-config/ocsipersist-pgsql-config.2.0.0/opam
 create mode 100644 packages/ocsipersist-pgsql/ocsipersist-pgsql.2.0.0/opam
 create mode 100644 packages/ocsipersist-sqlite-config/ocsipersist-sqlite-config.2.0.0/opam
 create mode 100644 packages/ocsipersist-sqlite/ocsipersist-sqlite.2.0.0/opam
 create mode 100644 packages/ocsipersist/ocsipersist.2.0.0/opam

[01;34m(from ocaml/opam:debian-12-ocaml-5.2@sha256:12df694d8961e9d2889415e9f52914c529db83d399156ead1a40943939257d06)[0m
[01;2m[01;35m2024-06-14 09:03.36 ---> using "cd5e28c7764350a015cf18513c5962c60f452082d33e091e5bfc48530437f838" from cache[0m

[01;34m/: (user (uid 1000) (gid 1000))[0m

[01;34m/: (workdir /home/opam)[0m

[01;34m/home/opam: (run (shell "sudo ln -f /usr/bin/opam-2.1 /usr/bin/opam"))[0m
[01;2m[01;35m2024-06-14 09:03.36 ---> saved as "ccd96d018a7bd6dbb98c54442f212a07957ffd91eda53d466d9a1f76c534e451"[0m

[01;34m/home/opam: (run (network host)
                 (shell "opam init --reinit --config .opamrc-sandbox -ni"))[0m
Configuring from /home/opam/.opamrc-sandbox, then /home/opam/.opamrc, and finally from built-in defaults.
Checking for available remotes: rsync and local, git.
  - you won't be able to use mercurial repositories unless you install the hg command on your system.
  - you won't be able to use darcs repositories unless you install the darcs command on your system.

This version of opam requires an update to the layout of /home/opam/.opam from version 2.0 to version 2.1, which can't be reverted.
You may want to back it up before going further.

Continue? [Y/n] y
Format upgrade done.

<><> Updating repositories ><><><><><><><><><><><><><><><><><><><><><><><><><><>
[default] synchronised from file:///home/opam/opam-repository
[01;2m[01;35m2024-06-14 09:04.54 ---> saved as "cd173343aea1736b7fefdc2ffa000d0811efeeefdb58ca947d763803f016756a"[0m

[01;34m/home/opam: (run (shell "uname -rs && opam exec -- ocaml -version && opam --version"))[0m
Linux 5.15.0-107-generic
The OCaml toplevel, version 5.2.0
2.1.6
[01;2m[01;35m2024-06-14 09:04.54 ---> saved as "b2dd3a09f81a53f5a04c308e06ee02d5725961fa7a6665c839a34f36973332ed"[0m

[01;34m/home/opam: (env OPAMDOWNLOADJOBS 1)[0m

[01;34m/home/opam: (env OPAMERRLOGLEN 0)[0m

[01;34m/home/opam: (env OPAMSOLVERTIMEOUT 500)[0m

[01;34m/home/opam: (env OPAMPRECISETRACKING 1)[0m

[01;34m/home/opam: (env CI true)[0m

[01;34m/home/opam: (env OPAM_REPO_CI true)[0m

[01;34m/home/opam: (run (shell "rm -rf opam-repository/"))[0m
[01;2m[01;35m2024-06-14 09:05.02 ---> saved as "07bc4da3481f611cd3bbb7d0b07429d4a05b4fa06d43860383216832115678a5"[0m

[01;34m/home/opam: (copy (src .) (dst opam-repository/))[0m
[01;2m[01;35m2024-06-14 09:05.14 ---> saved as "b96795131bd95fc18ff837ec7de714114b40e3c923125dab1f81e5a8cd6e51e7"[0m

[01;34m/home/opam: (run (shell "opam repository set-url --strict default opam-repository/"))[0m
[default] Initialised
[01;2m[01;35m2024-06-14 09:05.33 ---> saved as "a359924dd8832244dab1d016e23a5774f1c20a085abaeb84e070b54a9d9bd437"[0m

[01;34m/home/opam: (run (network host)
                 (shell "opam update --depexts || true"))[0m
+ /usr/bin/sudo "apt-get" "update"
- Hit:1 http://deb.debian.org/debian bookworm InRelease
- Get:2 http://deb.debian.org/debian bookworm-updates InRelease [55.4 kB]
- Get:3 http://deb.debian.org/debian-security bookworm-security InRelease [48.0 kB]
- Get:4 http://deb.debian.org/debian-security bookworm-security/main amd64 Packages [160 kB]
- Fetched 263 kB in 0s (1118 kB/s)
- Reading package lists...
[01;2m[01;35m2024-06-14 09:05.34 ---> saved as "65e83ba796953715d85a826cdf31bf45c7a2ddf33e8a9ac318f56d99f08532f1"[0m

[01;34m/home/opam: (run (shell "opam pin add -k version -yn ocsipersist-dbm-config.2.0.0 2.0.0"))[0m
ocsipersist-dbm-config is now pinned to version 2.0.0
[01;2m[01;35m2024-06-14 09:05.35 ---> saved as "7345a42fa4bdbbb2b5e8ce659a521384a9adf00823567ae3df30aaaea6cfdb44"[0m

[01;34m/home/opam: (run (cache (opam-archives (target /home/opam/.opam/download-cache)))
                 (network host)
                 (shell  "opam reinstall ocsipersist-dbm-config.2.0.0;\
                        \n        res=$?;\
                        \n        test \"$res\" != 31 && exit \"$res\";\
                        \n        export OPAMCLI=2.0;\
                        \n        build_dir=$(opam var prefix)/.opam-switch/build;\
                        \n        failed=$(ls \"$build_dir\");\
                        \n        partial_fails=\"\";\
                        \n        for pkg in $failed; do\
                        \n          if opam show -f x-ci-accept-failures: \"$pkg\" | grep -qF \"\\\"debian-12\\\"\"; then\
                        \n            echo \"A package failed and has been disabled for CI using the 'x-ci-accept-failures' field.\";\
                        \n          fi;\
                        \n          test \"$pkg\" != 'ocsipersist-dbm-config.2.0.0' && partial_fails=\"$partial_fails $pkg\";\
                        \n        done;\
                        \n        test \"${partial_fails}\" != \"\" && echo \"opam-repo-ci detected dependencies failing: ${partial_fails}\";\
                        \n        exit 1"))[0m
ocsipersist-dbm-config.2.0.0 is not installed. Install it? [Y/n] y
[ERROR] Sorry, resolution of the request timed out.
        Try to specify a more precise request, use a different solver, or increase the allowed time by setting OPAMSOLVERTIMEOUT to a bigger value (currently, it is set to 500.0 seconds).
"/usr/bin/env" "bash" "-c" "opam reinstall ocsipersist-dbm-config.2.0.0;
        res=$?;
        test "$res" != 31 && exit "$res";
        export OPAMCLI=2.0;
        build_dir=$(opam var prefix)/.opam-switch/build;
        failed=$(ls "$build_dir");
        partial_fails="";
        for pkg in $failed; do
          if opam show -f x-ci-accept-failures: "$pkg" | grep -qF "\"debian-12\""; then
            echo "A package failed and has been disabled for CI using the 'x-ci-accept-failures' field.";
          fi;
          test "$pkg" != 'ocsipersist-dbm-config.2.0.0' && partial_fails="$partial_fails $pkg";
        done;
        test "${partial_fails}" != "" && echo "opam-repo-ci detected dependencies failing: ${partial_fails}";
        exit 1" failed with exit status 60
2024-06-14 09:14.23: Job failed: Failed: Build failed
2024-06-14 09:14.23: Log analysis:
2024-06-14 09:14.23: >>> 
[ERROR] Sorry, resolution of the request timed out.
 (score = 20)
2024-06-14 09:14.23: Sorry, resolution of the request timed out.
