2024-10-29 19:38.59: New job: test git-kv.0.1.0, using opam dev
                              from https://github.com/ocaml/opam-repository.git#refs/pull/26802/head (98de9cabacd5a21964e6b85a7dd4a7964203164a)
                              on debian-12-ocaml-5.2-no-flat-float-array/amd64

To reproduce locally:

cd $(mktemp -d)
git clone --recursive "https://github.com/ocaml/opam-repository.git" && cd "opam-repository" && git fetch origin "refs/pull/26802/head" && git reset --hard 98de9cab
git fetch origin master
git merge --no-edit 6cf718053b985eab1c6f11efbea6489ec4251b47
cat > ../Dockerfile <<'END-OF-DOCKERFILE'
[34mFROM ocaml/opam:debian-12-ocaml-5.2-no-flat-float-array@sha256:3c991aeafee2b86cc156dbf2c8b2fe92c50c66db7378efa81325d523df9a9670
USER 1000:1000
WORKDIR /home/opam
RUN sudo ln -f /usr/bin/opam-dev /usr/bin/opam
RUN opam init --reinit -ni
RUN uname -rs && opam exec -- ocaml -version && opam --version
ENV OPAMDOWNLOADJOBS="1"
ENV OPAMERRLOGLEN="0"
ENV OPAMSOLVERTIMEOUT="1000"
ENV OPAMPRECISETRACKING="1"
ENV CI="true"
ENV OPAM_REPO_CI="true"
RUN rm -rf opam-repository/
COPY --chown=1000:1000 . opam-repository/
RUN opam repository set-url --strict default opam-repository/
RUN opam update --depexts || true
RUN opam pin add -k version -yn git-kv.0.1.0 0.1.0
RUN opam reinstall git-kv.0.1.0; \
    res=$?; \
    test "$res" != 31 && exit "$res"; \
    export OPAMCLI=2.0; \
    build_dir=$(opam var prefix)/.opam-switch/build; \
    failed=$(ls "$build_dir"); \
    partial_fails=""; \
    for pkg in $failed; do \
    if opam show -f x-ci-accept-failures: "$pkg" | grep -qF "\"debian-12\""; then \
    echo "A package failed and has been disabled for CI using the 'x-ci-accept-failures' field."; \
    fi; \
    test "$pkg" != 'git-kv.0.1.0' && partial_fails="$partial_fails $pkg"; \
    done; \
    test "${partial_fails}" != "" && echo "opam-repo-ci detected dependencies failing: ${partial_fails}"; \
    exit 1
RUN (opam reinstall --with-test git-kv.0.1.0) || true
RUN opam reinstall --with-test --verbose git-kv.0.1.0; \
    res=$?; \
    test "$res" != 31 && exit "$res"; \
    export OPAMCLI=2.0; \
    build_dir=$(opam var prefix)/.opam-switch/build; \
    failed=$(ls "$build_dir"); \
    partial_fails=""; \
    for pkg in $failed; do \
    if opam show -f x-ci-accept-failures: "$pkg" | grep -qF "\"debian-12\""; then \
    echo "A package failed and has been disabled for CI using the 'x-ci-accept-failures' field."; \
    fi; \
    test "$pkg" != 'git-kv.0.1.0' && partial_fails="$partial_fails $pkg"; \
    done; \
    test "${partial_fails}" != "" && echo "opam-repo-ci detected dependencies failing: ${partial_fails}"; \
    exit 1
[0m
END-OF-DOCKERFILE
docker build -f ../Dockerfile .

2024-10-29 19:38.59: Using cache hint "ocaml/opam:debian-12-ocaml-5.2-no-flat-float-array@sha256:3c991aeafee2b86cc156dbf2c8b2fe92c50c66db7378efa81325d523df9a9670-git-kv.0.1.0-98de9cabacd5a21964e6b85a7dd4a7964203164a"
2024-10-29 19:38.59: Using OBuilder spec:
((from ocaml/opam:debian-12-ocaml-5.2-no-flat-float-array@sha256:3c991aeafee2b86cc156dbf2c8b2fe92c50c66db7378efa81325d523df9a9670)
 (user (uid 1000) (gid 1000))
 (workdir /home/opam)
 (run (shell "sudo ln -f /usr/bin/opam-dev /usr/bin/opam"))
 (run (network host)
      (shell "opam init --reinit --config .opamrc-sandbox -ni"))
 (run (shell "uname -rs && opam exec -- ocaml -version && opam --version"))
 (env OPAMDOWNLOADJOBS 1)
 (env OPAMERRLOGLEN 0)
 (env OPAMSOLVERTIMEOUT 1000)
 (env OPAMPRECISETRACKING 1)
 (env CI true)
 (env OPAM_REPO_CI true)
 (run (shell "rm -rf opam-repository/"))
 (copy (src .) (dst opam-repository/))
 (run (shell "opam repository set-url --strict default opam-repository/"))
 (run (network host)
      (shell "opam update --depexts || true"))
 (run (shell "opam pin add -k version -yn git-kv.0.1.0 0.1.0"))
 (run (cache (opam-archives (target /home/opam/.opam/download-cache)))
      (network host)
      (shell  "opam reinstall git-kv.0.1.0;\
             \n        res=$?;\
             \n        test \"$res\" != 31 && exit \"$res\";\
             \n        export OPAMCLI=2.0;\
             \n        build_dir=$(opam var prefix)/.opam-switch/build;\
             \n        failed=$(ls \"$build_dir\");\
             \n        partial_fails=\"\";\
             \n        for pkg in $failed; do\
             \n          if opam show -f x-ci-accept-failures: \"$pkg\" | grep -qF \"\\\"debian-12\\\"\"; then\
             \n            echo \"A package failed and has been disabled for CI using the 'x-ci-accept-failures' field.\";\
             \n          fi;\
             \n          test \"$pkg\" != 'git-kv.0.1.0' && partial_fails=\"$partial_fails $pkg\";\
             \n        done;\
             \n        test \"${partial_fails}\" != \"\" && echo \"opam-repo-ci detected dependencies failing: ${partial_fails}\";\
             \n        exit 1"))
 (run (network host)
      (shell "(opam reinstall --with-test git-kv.0.1.0) || true"))
 (run (shell  "opam reinstall --with-test --verbose git-kv.0.1.0;\
             \n        res=$?;\
             \n        test \"$res\" != 31 && exit \"$res\";\
             \n        export OPAMCLI=2.0;\
             \n        build_dir=$(opam var prefix)/.opam-switch/build;\
             \n        failed=$(ls \"$build_dir\");\
             \n        partial_fails=\"\";\
             \n        for pkg in $failed; do\
             \n          if opam show -f x-ci-accept-failures: \"$pkg\" | grep -qF \"\\\"debian-12\\\"\"; then\
             \n            echo \"A package failed and has been disabled for CI using the 'x-ci-accept-failures' field.\";\
             \n          fi;\
             \n          test \"$pkg\" != 'git-kv.0.1.0' && partial_fails=\"$partial_fails $pkg\";\
             \n        done;\
             \n        test \"${partial_fails}\" != \"\" && echo \"opam-repo-ci detected dependencies failing: ${partial_fails}\";\
             \n        exit 1"))
)

2024-10-29 19:38.59: Waiting for resource in pool OCluster
2024-10-29 19:38.59: Waiting for worker…
2024-10-29 19:38.59: Got resource from pool OCluster
Building on x86-bm-c2.sw.ocaml.org
All commits already cached
Updating files:  82% (26861/32554)Updating files:  83% (27020/32554)Updating files:  84% (27346/32554)Updating files:  85% (27671/32554)Updating files:  86% (27997/32554)Updating files:  87% (28322/32554)Updating files:  88% (28648/32554)Updating files:  89% (28974/32554)Updating files:  90% (29299/32554)Updating files:  91% (29625/32554)Updating files:  92% (29950/32554)Updating files:  93% (30276/32554)Updating files:  94% (30601/32554)Updating files:  95% (30927/32554)Updating files:  96% (31252/32554)Updating files:  97% (31578/32554)Updating files:  98% (31903/32554)Updating files:  99% (32229/32554)Updating files: 100% (32554/32554)Updating files: 100% (32554/32554), done.
HEAD is now at 6cf718053b Merge pull request #26807 from toots/opam-publish-theora.0.4.1
Merge made by the 'ort' strategy.
 packages/git-kv/git-kv.0.1.0/opam | 41 +++++++++++++++++++++++++++++++++++++++
 1 file changed, 41 insertions(+)
 create mode 100644 packages/git-kv/git-kv.0.1.0/opam

[01;34m(from ocaml/opam:debian-12-ocaml-5.2-no-flat-float-array@sha256:3c991aeafee2b86cc156dbf2c8b2fe92c50c66db7378efa81325d523df9a9670)[0m
[01;2m[01;35m2024-10-29 19:40.25 ---> saved as "a89c65da694fd081d404ca3dbd94c8e6ef7ff8da8614ebf2b17c40fcdce93a09"[0m

[01;34m/: (user (uid 1000) (gid 1000))[0m

[01;34m/: (workdir /home/opam)[0m

[01;34m/home/opam: (run (shell "sudo ln -f /usr/bin/opam-dev /usr/bin/opam"))[0m
[01;2m[01;35m2024-10-29 19:40.25 ---> saved as "1c835e3541bc4f88e69e7b25f6d07f8cecdef4916fcfd0ea2f1bf42b3e791af1"[0m

[01;34m/home/opam: (run (network host)
                 (shell "opam init --reinit --config .opamrc-sandbox -ni"))[0m
Configuring from /home/opam/.opamrc-sandbox, then /home/opam/.opamrc, and finally from built-in defaults.
Checking for available remotes: rsync and local, git.
  - you won't be able to use mercurial repositories unless you install the hg command on your system.
  - you won't be able to use darcs repositories unless you install the darcs command on your system.

This development version of opam requires an update to the layout of /home/opam/.opam from version 2.0 to version 2.2, which can't be reverted.
You may want to back it up before going further.

Continue? [y/n] y
Format upgrade done.

<><> Updating repositories ><><><><><><><><><><><><><><><><><><><><><><><><><><>
[default] synchronised from file:///home/opam/opam-repository
[01;2m[01;35m2024-10-29 19:41.56 ---> saved as "9e5d516a833f3dd37778fa8a9ece23f8e85f2a735c603254fabe85446c84aeca"[0m

[01;34m/home/opam: (run (shell "uname -rs && opam exec -- ocaml -version && opam --version"))[0m
Linux 5.15.0-122-generic
The OCaml toplevel, version 5.2.0
2.4.0~alpha1~dev
[01;2m[01;35m2024-10-29 19:41.56 ---> saved as "3bb39a58ae74e7135f04c4a57db645d33dd7804552a383a8250a12895fda7d3a"[0m

[01;34m/home/opam: (env OPAMDOWNLOADJOBS 1)[0m

[01;34m/home/opam: (env OPAMERRLOGLEN 0)[0m

[01;34m/home/opam: (env OPAMSOLVERTIMEOUT 1000)[0m

[01;34m/home/opam: (env OPAMPRECISETRACKING 1)[0m

[01;34m/home/opam: (env CI true)[0m

[01;34m/home/opam: (env OPAM_REPO_CI true)[0m

[01;34m/home/opam: (run (shell "rm -rf opam-repository/"))[0m
[01;2m[01;35m2024-10-29 19:42.07 ---> saved as "203edda966a219f6c704d7f246855ff0d1d73fd0f575853c56af0eb5bd80721c"[0m

[01;34m/home/opam: (copy (src .) (dst opam-repository/))[0m
[01;2m[01;35m2024-10-29 19:42.21 ---> saved as "7c9b182373f13401d0af611c888fa4552fe3fe9cc94dde6123ad5776827d876b"[0m

[01;34m/home/opam: (run (shell "opam repository set-url --strict default opam-repository/"))[0m
[default] Initialised
[01;2m[01;35m2024-10-29 19:43.26 ---> saved as "fec2faaddd38d252c9248f73203b675df5e12fd8b7daac3f05e58702603be42d"[0m

[01;34m/home/opam: (run (network host)
                 (shell "opam update --depexts || true"))[0m
+ /usr/bin/sudo "apt-get" "update"
- Hit:1 http://deb.debian.org/debian bookworm InRelease
- Get:2 http://deb.debian.org/debian bookworm-updates InRelease [55.4 kB]
- Get:3 http://deb.debian.org/debian-security bookworm-security InRelease [48.0 kB]
- Get:4 http://deb.debian.org/debian-security bookworm-security/main amd64 Packages [190 kB]
- Fetched 293 kB in 0s (898 kB/s)
- Reading package lists...
- 
[01;2m[01;35m2024-10-29 19:43.27 ---> saved as "00e418db432251488746f29183fab8490ea42c5126d0c7a081e7d14b2bae138a"[0m

[01;34m/home/opam: (run (shell "opam pin add -k version -yn git-kv.0.1.0 0.1.0"))[0m
git-kv is now pinned to version 0.1.0
[01;2m[01;35m2024-10-29 19:43.28 ---> saved as "3a991f2ec111bebff9ff3666686213b69e437747a1251c85fa36858085f7bc11"[0m

[01;34m/home/opam: (run (cache (opam-archives (target /home/opam/.opam/download-cache)))
                 (network host)
                 (shell  "opam reinstall git-kv.0.1.0;\
                        \n        res=$?;\
                        \n        test \"$res\" != 31 && exit \"$res\";\
                        \n        export OPAMCLI=2.0;\
                        \n        build_dir=$(opam var prefix)/.opam-switch/build;\
                        \n        failed=$(ls \"$build_dir\");\
                        \n        partial_fails=\"\";\
                        \n        for pkg in $failed; do\
                        \n          if opam show -f x-ci-accept-failures: \"$pkg\" | grep -qF \"\\\"debian-12\\\"\"; then\
                        \n            echo \"A package failed and has been disabled for CI using the 'x-ci-accept-failures' field.\";\
                        \n          fi;\
                        \n          test \"$pkg\" != 'git-kv.0.1.0' && partial_fails=\"$partial_fails $pkg\";\
                        \n        done;\
                        \n        test \"${partial_fails}\" != \"\" && echo \"opam-repo-ci detected dependencies failing: ${partial_fails}\";\
                        \n        exit 1"))[0m
git-kv.0.1.0 is not installed. Install it? [y/n] y
The following actions will be performed:
=== install 53 packages
  - install angstrom           0.16.1         [required by git]
  - install astring            0.8.5          [required by git]
  - install base-bytes         base           [required by ocplib-endian]
  - install base64             3.5.1          [required by git]
  - install bigstringaf        0.10.0         [required by carton-lwt, carton, git]
  - install bos                0.2.1          [required by carton]
  - install carton             0.7.2          [required by git-kv]
  - install carton-git         0.7.2          [required by git]
  - install carton-lwt         0.7.2          [required by git-kv]
  - install checkseum          0.5.2          [required by carton, git]
  - install cmdliner           1.3.0          [required by carton]
  - install cppo               1.7.0          [required by lwt]
  - install csexp              1.5.2          [required by dune-configurator]
  - install cstruct            6.2.0          [required by carton, git]
  - install decompress         1.5.3          [required by carton-lwt, carton, git]
  - install digestif           1.2.0          [required by carton, git]
  - install domain-name        0.4.0          [required by git]
  - install duff               0.5            [required by carton]
  - install dune               3.16.0         [required by git-kv]
  - install dune-configurator  3.16.0         [required by checkseum, bigstringaf, hxd]
  - install emile              1.1            [required by git]
  - install encore             0.8            [required by git]
  - install eqaf               0.10           [required by digestif]
  - install fmt                0.9.0          [required by git-kv]
  - install fpath              0.7.3          [required by carton, git]
  - install git                3.17.0         [required by git-kv]
  - install git-kv             0.1.0 (pinned)
  - install hxd                0.3.2          [required by carton, git]
  - install ipaddr             5.6.0          [required by git]
  - install ke                 0.6            [required by carton, git]
  - install logs               0.7.0          [required by carton, git]
  - install lwt                5.8.0          [required by git, carton-lwt, mirage-kv]
  - install macaddr            5.6.0          [required by ipaddr]
  - install mimic              0.0.9          [required by git]
  - install mirage-clock       4.2.0          [required by git-kv]
  - install mirage-flow        4.0.2          [required by git]
  - install mirage-kv          6.1.1          [required by git-kv]
  - install ocaml-syntax-shims 1.0.0          [required by angstrom]
  - install ocamlbuild         0.15.0         [required by bos, ptime]
  - install ocamlfind          1.9.6          [required by bos, ptime]
  - install ocamlgraph         2.1.0          [required by git]
  - install ocplib-endian      1.2            [required by lwt]
  - install optint             0.3.0          [required by git, carton, carton-lwt, mirage-kv]
  - install pecu               0.7            [required by emile]
  - install psq                0.2.1          [required by carton, git]
  - install ptime              1.2.0          [required by git-kv]
  - install rresult            0.7.0          [required by git]
  - install seq                base           [required by psq]
  - install stdlib-shims       0.3.0          [required by ocamlgraph]
  - install stringext          1.6.0          [required by uri]
  - install topkg              1.0.7          [required by bos, ptime]
  - install uri                4.4.0          [required by git]
  - install uutf               1.0.3          [required by emile]

<><> Processing actions <><><><><><><><><><><><><><><><><><><><><><><><><><><><>
-> retrieved angstrom.0.16.1  (cached)
-> retrieved astring.0.8.5  (cached)
-> retrieved base64.3.5.1  (cached)
-> retrieved bigstringaf.0.10.0  (cached)
-> retrieved bos.0.2.1  (cached)
-> retrieved carton.0.7.2, carton-git.0.7.2, carton-lwt.0.7.2  (cached)
-> retrieved checkseum.0.5.2  (cached)
-> retrieved cmdliner.1.3.0  (cached)
-> retrieved cppo.1.7.0  (cached)
-> retrieved csexp.1.5.2  (cached)
-> retrieved cstruct.6.2.0  (cached)
-> retrieved decompress.1.5.3  (cached)
-> retrieved digestif.1.2.0  (cached)
-> retrieved domain-name.0.4.0  (cached)
-> retrieved duff.0.5  (cached)
-> retrieved dune.3.16.0, dune-configurator.3.16.0  (cached)
-> retrieved emile.1.1  (cached)
-> retrieved encore.0.8  (cached)
-> retrieved eqaf.0.10  (cached)
-> retrieved fmt.0.9.0  (cached)
-> retrieved fpath.0.7.3  (cached)
-> retrieved git.3.17.0  (cached)
-> installed cmdliner.1.3.0
-> retrieved git-kv.0.1.0  (cached)
-> retrieved hxd.0.3.2  (cached)
-> retrieved ipaddr.5.6.0, macaddr.5.6.0  (cached)
-> retrieved ke.0.6  (cached)
-> retrieved logs.0.7.0  (cached)
-> retrieved lwt.5.8.0  (cached)
-> retrieved mimic.0.0.9  (cached)
-> retrieved mirage-clock.4.2.0  (cached)
-> retrieved mirage-flow.4.0.2  (cached)
-> retrieved mirage-kv.6.1.1  (cached)
-> retrieved ocaml-syntax-shims.1.0.0  (cached)
-> retrieved ocamlbuild.0.15.0  (cached)
-> retrieved ocamlfind.1.9.6  (cached)
-> retrieved ocamlgraph.2.1.0  (cached)
-> retrieved ocplib-endian.1.2  (cached)
-> retrieved optint.0.3.0  (cached)
-> retrieved pecu.0.7  (cached)
-> retrieved psq.0.2.1  (cached)
-> retrieved ptime.1.2.0  (cached)
-> retrieved rresult.0.7.0  (cached)
-> retrieved seq.base  (cached)
-> installed seq.base
-> retrieved stdlib-shims.0.3.0  (cached)
-> retrieved stringext.1.6.0  (cached)
-> retrieved topkg.1.0.7  (cached)
-> retrieved uri.4.4.0  (cached)
-> retrieved uutf.1.0.3  (cached)
-> installed ocamlfind.1.9.6
-> installed base-bytes.base
-> installed ocamlbuild.0.15.0
-> installed topkg.1.0.7
-> installed rresult.0.7.0
-> installed uutf.1.0.3
-> installed fmt.0.9.0
-> installed ptime.1.2.0
-> installed astring.0.8.5
-> installed fpath.0.7.3
-> installed dune.3.16.0
-> installed mirage-clock.4.2.0
-> installed csexp.1.5.2
-> installed base64.3.5.1
-> installed cppo.1.7.0
-> installed cstruct.6.2.0
-> installed domain-name.0.4.0
-> installed duff.0.5
-> installed eqaf.0.10
-> installed ke.0.6
-> installed macaddr.5.6.0
-> installed ocaml-syntax-shims.1.0.0
-> installed optint.0.3.0
-> installed pecu.0.7
-> installed psq.0.2.1
-> installed stdlib-shims.0.3.0
-> installed stringext.1.6.0
-> installed ocplib-endian.1.2
-> installed ipaddr.5.6.0
-> installed digestif.1.2.0
-> installed dune-configurator.3.16.0
-> installed bigstringaf.0.10.0
-> installed ocamlgraph.2.1.0
-> installed checkseum.0.5.2
-> installed angstrom.0.16.1
-> installed encore.0.8
-> installed emile.1.1
-> installed decompress.1.5.3
-> installed uri.4.4.0
-> installed lwt.5.8.0
-> installed mirage-kv.6.1.1
-> installed mirage-flow.4.0.2
-> installed hxd.0.3.2
-> installed logs.0.7.0
-> installed mimic.0.0.9
-> installed bos.0.2.1
-> installed carton.0.7.2
-> installed carton-lwt.0.7.2
-> installed carton-git.0.7.2
-> installed git.3.17.0
-> installed git-kv.0.1.0
Done.
# To update the current shell environment, run: eval $(opam env)
[01;2m[01;35m2024-10-29 19:44.42 ---> saved as "638cf97b5257738e835dac295fc8257006fa66aa3a143bf5e0193986671abfbc"[0m

[01;34m/home/opam: (run (network host)
                 (shell "(opam reinstall --with-test git-kv.0.1.0) || true"))[0m
[ERROR] Sorry, resolution of the request timed out.
        Try to specify a more precise request, use a different solver, or increase the allowed time by setting OPAMSOLVERTIMEOUT to a bigger value (currently, it is set to 1000.0 seconds).
[01;2m[01;35m2024-10-29 20:01.40 ---> saved as "f0d4eacc5d1e5bf4fcbafddd2e2ea7b89699ed47774676e954e4f0dc4d617a29"[0m

[01;34m/home/opam: (run (shell  "opam reinstall --with-test --verbose git-kv.0.1.0;\
                        \n        res=$?;\
                        \n        test \"$res\" != 31 && exit \"$res\";\
                        \n        export OPAMCLI=2.0;\
                        \n        build_dir=$(opam var prefix)/.opam-switch/build;\
                        \n        failed=$(ls \"$build_dir\");\
                        \n        partial_fails=\"\";\
                        \n        for pkg in $failed; do\
                        \n          if opam show -f x-ci-accept-failures: \"$pkg\" | grep -qF \"\\\"debian-12\\\"\"; then\
                        \n            echo \"A package failed and has been disabled for CI using the 'x-ci-accept-failures' field.\";\
                        \n          fi;\
                        \n          test \"$pkg\" != 'git-kv.0.1.0' && partial_fails=\"$partial_fails $pkg\";\
                        \n        done;\
                        \n        test \"${partial_fails}\" != \"\" && echo \"opam-repo-ci detected dependencies failing: ${partial_fails}\";\
                        \n        exit 1"))[0m
[ERROR] Sorry, resolution of the request timed out.
        Try to specify a more precise request, use a different solver, or increase the allowed time by setting OPAMSOLVERTIMEOUT to a bigger value (currently, it is set to 1000.0 seconds).
'opam reinstall --with-test --verbose git-kv.0.1.0' failed.
"/usr/bin/env" "bash" "-c" "opam reinstall --with-test --verbose git-kv.0.1.0;
        res=$?;
        test "$res" != 31 && exit "$res";
        export OPAMCLI=2.0;
        build_dir=$(opam var prefix)/.opam-switch/build;
        failed=$(ls "$build_dir");
        partial_fails="";
        for pkg in $failed; do
          if opam show -f x-ci-accept-failures: "$pkg" | grep -qF "\"debian-12\""; then
            echo "A package failed and has been disabled for CI using the 'x-ci-accept-failures' field.";
          fi;
          test "$pkg" != 'git-kv.0.1.0' && partial_fails="$partial_fails $pkg";
        done;
        test "${partial_fails}" != "" && echo "opam-repo-ci detected dependencies failing: ${partial_fails}";
        exit 1" failed with exit status 60
2024-10-29 20:18.47: Job failed: Failed: Build failed
2024-10-29 20:18.47: Log analysis:
2024-10-29 20:18.47: >>> 
[ERROR] Sorry, resolution of the request timed out.
 (score = 20)
2024-10-29 20:18.47: >>> 
[ERROR] Sorry, resolution of the request timed out.
 (score = 20)
2024-10-29 20:18.47: Sorry, resolution of the request timed out.
