2024-10-29 19:38.58: New job: test git-kv.0.1.0, using opam dev
                              from https://github.com/ocaml/opam-repository.git#refs/pull/26802/head (98de9cabacd5a21964e6b85a7dd4a7964203164a)
                              on debian-testing-ocaml-5.2/amd64

To reproduce locally:

cd $(mktemp -d)
git clone --recursive "https://github.com/ocaml/opam-repository.git" && cd "opam-repository" && git fetch origin "refs/pull/26802/head" && git reset --hard 98de9cab
git fetch origin master
git merge --no-edit 6cf718053b985eab1c6f11efbea6489ec4251b47
cat > ../Dockerfile <<'END-OF-DOCKERFILE'
[34mFROM ocaml/opam:debian-testing-ocaml-5.2@sha256:ce34d98dcdcab3344343eb648ca3568291441bdd42c18313bc49dce7f2568bf4
USER 1000:1000
WORKDIR /home/opam
RUN sudo ln -f /usr/bin/opam-dev /usr/bin/opam
RUN opam init --reinit -ni
RUN uname -rs && opam exec -- ocaml -version && opam --version
ENV OPAMDOWNLOADJOBS="1"
ENV OPAMERRLOGLEN="0"
ENV OPAMSOLVERTIMEOUT="1000"
ENV OPAMPRECISETRACKING="1"
ENV CI="true"
ENV OPAM_REPO_CI="true"
RUN rm -rf opam-repository/
COPY --chown=1000:1000 . opam-repository/
RUN opam repository set-url --strict default opam-repository/
RUN opam update --depexts || true
RUN opam pin add -k version -yn git-kv.0.1.0 0.1.0
RUN opam reinstall git-kv.0.1.0; \
    res=$?; \
    test "$res" != 31 && exit "$res"; \
    export OPAMCLI=2.0; \
    build_dir=$(opam var prefix)/.opam-switch/build; \
    failed=$(ls "$build_dir"); \
    partial_fails=""; \
    for pkg in $failed; do \
    if opam show -f x-ci-accept-failures: "$pkg" | grep -qF "\"debian-testing\""; then \
    echo "A package failed and has been disabled for CI using the 'x-ci-accept-failures' field."; \
    fi; \
    test "$pkg" != 'git-kv.0.1.0' && partial_fails="$partial_fails $pkg"; \
    done; \
    test "${partial_fails}" != "" && echo "opam-repo-ci detected dependencies failing: ${partial_fails}"; \
    exit 1
RUN (opam reinstall --with-test git-kv.0.1.0) || true
RUN opam reinstall --with-test --verbose git-kv.0.1.0; \
    res=$?; \
    test "$res" != 31 && exit "$res"; \
    export OPAMCLI=2.0; \
    build_dir=$(opam var prefix)/.opam-switch/build; \
    failed=$(ls "$build_dir"); \
    partial_fails=""; \
    for pkg in $failed; do \
    if opam show -f x-ci-accept-failures: "$pkg" | grep -qF "\"debian-testing\""; then \
    echo "A package failed and has been disabled for CI using the 'x-ci-accept-failures' field."; \
    fi; \
    test "$pkg" != 'git-kv.0.1.0' && partial_fails="$partial_fails $pkg"; \
    done; \
    test "${partial_fails}" != "" && echo "opam-repo-ci detected dependencies failing: ${partial_fails}"; \
    exit 1
[0m
END-OF-DOCKERFILE
docker build -f ../Dockerfile .

2024-10-29 19:38.58: Using cache hint "ocaml/opam:debian-testing-ocaml-5.2@sha256:ce34d98dcdcab3344343eb648ca3568291441bdd42c18313bc49dce7f2568bf4-git-kv.0.1.0-98de9cabacd5a21964e6b85a7dd4a7964203164a"
2024-10-29 19:38.58: Using OBuilder spec:
((from ocaml/opam:debian-testing-ocaml-5.2@sha256:ce34d98dcdcab3344343eb648ca3568291441bdd42c18313bc49dce7f2568bf4)
 (user (uid 1000) (gid 1000))
 (workdir /home/opam)
 (run (shell "sudo ln -f /usr/bin/opam-dev /usr/bin/opam"))
 (run (network host)
      (shell "opam init --reinit --config .opamrc-sandbox -ni"))
 (run (shell "uname -rs && opam exec -- ocaml -version && opam --version"))
 (env OPAMDOWNLOADJOBS 1)
 (env OPAMERRLOGLEN 0)
 (env OPAMSOLVERTIMEOUT 1000)
 (env OPAMPRECISETRACKING 1)
 (env CI true)
 (env OPAM_REPO_CI true)
 (run (shell "rm -rf opam-repository/"))
 (copy (src .) (dst opam-repository/))
 (run (shell "opam repository set-url --strict default opam-repository/"))
 (run (network host)
      (shell "opam update --depexts || true"))
 (run (shell "opam pin add -k version -yn git-kv.0.1.0 0.1.0"))
 (run (cache (opam-archives (target /home/opam/.opam/download-cache)))
      (network host)
      (shell  "opam reinstall git-kv.0.1.0;\
             \n        res=$?;\
             \n        test \"$res\" != 31 && exit \"$res\";\
             \n        export OPAMCLI=2.0;\
             \n        build_dir=$(opam var prefix)/.opam-switch/build;\
             \n        failed=$(ls \"$build_dir\");\
             \n        partial_fails=\"\";\
             \n        for pkg in $failed; do\
             \n          if opam show -f x-ci-accept-failures: \"$pkg\" | grep -qF \"\\\"debian-testing\\\"\"; then\
             \n            echo \"A package failed and has been disabled for CI using the 'x-ci-accept-failures' field.\";\
             \n          fi;\
             \n          test \"$pkg\" != 'git-kv.0.1.0' && partial_fails=\"$partial_fails $pkg\";\
             \n        done;\
             \n        test \"${partial_fails}\" != \"\" && echo \"opam-repo-ci detected dependencies failing: ${partial_fails}\";\
             \n        exit 1"))
 (run (network host)
      (shell "(opam reinstall --with-test git-kv.0.1.0) || true"))
 (run (shell  "opam reinstall --with-test --verbose git-kv.0.1.0;\
             \n        res=$?;\
             \n        test \"$res\" != 31 && exit \"$res\";\
             \n        export OPAMCLI=2.0;\
             \n        build_dir=$(opam var prefix)/.opam-switch/build;\
             \n        failed=$(ls \"$build_dir\");\
             \n        partial_fails=\"\";\
             \n        for pkg in $failed; do\
             \n          if opam show -f x-ci-accept-failures: \"$pkg\" | grep -qF \"\\\"debian-testing\\\"\"; then\
             \n            echo \"A package failed and has been disabled for CI using the 'x-ci-accept-failures' field.\";\
             \n          fi;\
             \n          test \"$pkg\" != 'git-kv.0.1.0' && partial_fails=\"$partial_fails $pkg\";\
             \n        done;\
             \n        test \"${partial_fails}\" != \"\" && echo \"opam-repo-ci detected dependencies failing: ${partial_fails}\";\
             \n        exit 1"))
)

2024-10-29 19:38.58: Waiting for resource in pool OCluster
2024-10-29 19:38.59: Waiting for worker…
2024-10-29 19:38.59: Got resource from pool OCluster
Building on x86-bm-c16.sw.ocaml.org
All commits already cached
Updating files:  82% (26951/32554)Updating files:  83% (27020/32554)Updating files:  84% (27346/32554)Updating files:  85% (27671/32554)Updating files:  86% (27997/32554)Updating files:  87% (28322/32554)Updating files:  88% (28648/32554)Updating files:  89% (28974/32554)Updating files:  90% (29299/32554)Updating files:  91% (29625/32554)Updating files:  92% (29950/32554)Updating files:  93% (30276/32554)Updating files:  94% (30601/32554)Updating files:  95% (30927/32554)Updating files:  96% (31252/32554)Updating files:  97% (31578/32554)Updating files:  98% (31903/32554)Updating files:  99% (32229/32554)Updating files: 100% (32554/32554)Updating files: 100% (32554/32554), done.
HEAD is now at 6cf718053b Merge pull request #26807 from toots/opam-publish-theora.0.4.1
Merge made by the 'ort' strategy.
 packages/git-kv/git-kv.0.1.0/opam | 41 +++++++++++++++++++++++++++++++++++++++
 1 file changed, 41 insertions(+)
 create mode 100644 packages/git-kv/git-kv.0.1.0/opam

[01;34m(from ocaml/opam:debian-testing-ocaml-5.2@sha256:ce34d98dcdcab3344343eb648ca3568291441bdd42c18313bc49dce7f2568bf4)[0m
[01;2m[01;35m2024-10-29 19:40.11 ---> saved as "7634476357c9fc57a059c2aceee3af653240398c12e1c01aa29338f440be46e4"[0m

[01;34m/: (user (uid 1000) (gid 1000))[0m

[01;34m/: (workdir /home/opam)[0m

[01;34m/home/opam: (run (shell "sudo ln -f /usr/bin/opam-dev /usr/bin/opam"))[0m
[01;2m[01;35m2024-10-29 19:40.11 ---> saved as "b74e97c9be33ed2ab0bd3536a404c5810c272003f7fc9e8cff7056739de2e756"[0m

[01;34m/home/opam: (run (network host)
                 (shell "opam init --reinit --config .opamrc-sandbox -ni"))[0m
Configuring from /home/opam/.opamrc-sandbox, then /home/opam/.opamrc, and finally from built-in defaults.
Checking for available remotes: rsync and local, git.
  - you won't be able to use mercurial repositories unless you install the hg command on your system.
  - you won't be able to use darcs repositories unless you install the darcs command on your system.

This development version of opam requires an update to the layout of /home/opam/.opam from version 2.0 to version 2.2, which can't be reverted.
You may want to back it up before going further.

Continue? [y/n] y
Format upgrade done.

<><> Updating repositories ><><><><><><><><><><><><><><><><><><><><><><><><><><>
[default] synchronised from file:///home/opam/opam-repository
[01;2m[01;35m2024-10-29 19:41.57 ---> saved as "95c91469dc99bc6f4fecbf0741a7131a8b0be4271fdffec871d3c49275453b20"[0m

[01;34m/home/opam: (run (shell "uname -rs && opam exec -- ocaml -version && opam --version"))[0m
Linux 5.15.0-122-generic
The OCaml toplevel, version 5.2.0
2.4.0~alpha1~dev
[01;2m[01;35m2024-10-29 19:41.57 ---> saved as "5a7a13b1ff8b8544147b91852709bd76a62d9bc3e2405b2d5f0971778e5b6ba0"[0m

[01;34m/home/opam: (env OPAMDOWNLOADJOBS 1)[0m

[01;34m/home/opam: (env OPAMERRLOGLEN 0)[0m

[01;34m/home/opam: (env OPAMSOLVERTIMEOUT 1000)[0m

[01;34m/home/opam: (env OPAMPRECISETRACKING 1)[0m

[01;34m/home/opam: (env CI true)[0m

[01;34m/home/opam: (env OPAM_REPO_CI true)[0m

[01;34m/home/opam: (run (shell "rm -rf opam-repository/"))[0m
[01;2m[01;35m2024-10-29 19:42.05 ---> saved as "020cfe067a0ce148a38bcc6c877a889543d57e33784f5253a35d1ab6630c9d75"[0m

[01;34m/home/opam: (copy (src .) (dst opam-repository/))[0m
[01;2m[01;35m2024-10-29 19:42.28 ---> saved as "a2acbfa0feabc7dd800b921e83bbc029a21ad3a7b2bafb5d4eb62aa0692085d2"[0m

[01;34m/home/opam: (run (shell "opam repository set-url --strict default opam-repository/"))[0m
[default] Initialised
[01;2m[01;35m2024-10-29 19:43.41 ---> saved as "f24230cef1742ddb5a118ff2ee79d09356383cf7343eae46b549a8e560e87cbe"[0m

[01;34m/home/opam: (run (network host)
                 (shell "opam update --depexts || true"))[0m
+ /usr/bin/sudo "apt-get" "update"
- Get:1 http://deb.debian.org/debian testing InRelease [172 kB]
- Get:2 http://deb.debian.org/debian testing-updates InRelease [49.6 kB]
- Get:3 http://deb.debian.org/debian-security testing-security InRelease [43.5 kB]
- Get:4 http://deb.debian.org/debian testing/main amd64 Packages.diff/Index [27.9 kB]
- Get:5 http://deb.debian.org/debian testing/main amd64 Packages 2024-10-16-2005.16.pdiff [30.7 kB]
- Get:6 http://deb.debian.org/debian testing/main amd64 Packages 2024-10-17-0206.14.pdiff [20.0 kB]
- Get:7 http://deb.debian.org/debian testing/main amd64 Packages 2024-10-17-1413.53.pdiff [2467 B]
- Get:8 http://deb.debian.org/debian testing/main amd64 Packages 2024-10-17-2012.23.pdiff [322 B]
- Get:9 http://deb.debian.org/debian testing/main amd64 Packages 2024-10-18-0205.02.pdiff [60.9 kB]
- Get:10 http://deb.debian.org/debian testing/main amd64 Packages 2024-10-18-0804.38.pdiff [1227 B]
- Get:11 http://deb.debian.org/debian testing/main amd64 Packages 2024-10-18-1404.35.pdiff [2137 B]
- Get:12 http://deb.debian.org/debian testing/main amd64 Packages 2024-10-18-2008.12.pdiff [12.3 kB]
- Get:13 http://deb.debian.org/debian testing/main amd64 Packages 2024-10-19-0204.47.pdiff [537 kB]
- Get:14 http://deb.debian.org/debian testing/main amd64 Packages 2024-10-19-0806.10.pdiff [4845 B]
- Get:15 http://deb.debian.org/debian testing/main amd64 Packages 2024-10-19-1404.24.pdiff [6626 B]
- Get:16 http://deb.debian.org/debian testing/main amd64 Packages 2024-10-19-2007.16.pdiff [4608 B]
- Get:17 http://deb.debian.org/debian testing/main amd64 Packages 2024-10-20-0205.40.pdiff [32.3 kB]
- Get:18 http://deb.debian.org/debian testing/main amd64 Packages 2024-10-20-0805.04.pdiff [589 B]
- Get:19 http://deb.debian.org/debian testing/main amd64 Packages 2024-10-20-1407.14.pdiff [338 B]
- Get:20 http://deb.debian.org/debian testing/main amd64 Packages 2024-10-20-2009.34.pdiff [47.3 kB]
- Get:21 http://deb.debian.org/debian testing/main amd64 Packages 2024-10-21-0213.35.pdiff [54.5 kB]
- Get:22 http://deb.debian.org/debian testing/main amd64 Packages 2024-10-21-0817.02.pdiff [76.6 kB]
- Get:23 http://deb.debian.org/debian testing/main amd64 Packages 2024-10-21-1409.06.pdiff [12.6 kB]
- Get:24 http://deb.debian.org/debian testing/main amd64 Packages 2024-10-22-0205.08.pdiff [31.9 kB]
- Get:25 http://deb.debian.org/debian testing/main amd64 Packages 2024-10-22-0805.38.pdiff [8439 B]
- Get:26 http://deb.debian.org/debian testing/main amd64 Packages 2024-10-22-1411.13.pdiff [656 B]
- Get:27 http://deb.debian.org/debian testing/main amd64 Packages 2024-10-22-2009.21.pdiff [941 B]
- Get:28 http://deb.debian.org/debian testing/main amd64 Packages 2024-10-23-0205.03.pdiff [37.3 kB]
- Get:29 http://deb.debian.org/debian testing/main amd64 Packages 2024-10-23-0806.09.pdiff [1139 B]
- Get:30 http://deb.debian.org/debian testing/main amd64 Packages 2024-10-23-1420.52.pdiff [230 kB]
- Get:31 http://deb.debian.org/debian testing/main amd64 Packages 2024-10-23-2009.52.pdiff [7325 B]
- Get:32 http://deb.debian.org/debian testing/main amd64 Packages 2024-10-24-0205.40.pdiff [46.6 kB]
- Get:33 http://deb.debian.org/debian testing/main amd64 Packages 2024-10-24-1404.10.pdiff [19.5 kB]
- Get:34 http://deb.debian.org/debian testing/main amd64 Packages 2024-10-24-2024.49.pdiff [1331 B]
- Get:35 http://deb.debian.org/debian testing/main amd64 Packages 2024-10-25-0204.11.pdiff [28.3 kB]
- Get:36 http://deb.debian.org/debian testing/main amd64 Packages 2024-10-25-1419.36.pdiff [944 B]
- Get:37 http://deb.debian.org/debian testing/main amd64 Packages 2024-10-25-2011.53.pdiff [407 B]
- Get:38 http://deb.debian.org/debian testing/main amd64 Packages 2024-10-26-0206.54.pdiff [42.2 kB]
- Get:39 http://deb.debian.org/debian testing/main amd64 Packages 2024-10-26-0804.28.pdiff [3595 B]
- Get:40 http://deb.debian.org/debian testing/main amd64 Packages 2024-10-26-1406.13.pdiff [1196 B]
- Get:41 http://deb.debian.org/debian testing/main amd64 Packages 2024-10-27-0203.55.pdiff [33.2 kB]
- Get:42 http://deb.debian.org/debian testing/main amd64 Packages 2024-10-27-0804.03.pdiff [2011 B]
- Get:43 http://deb.debian.org/debian testing/main amd64 Packages 2024-10-27-1404.50.pdiff [78 B]
- Get:44 http://deb.debian.org/debian testing/main amd64 Packages 2024-10-27-2118.16.pdiff [497 B]
- Get:45 http://deb.debian.org/debian testing/main amd64 Packages 2024-10-28-0208.00.pdiff [47.9 kB]
- Get:46 http://deb.debian.org/debian testing/main amd64 Packages 2024-10-28-0831.49.pdiff [15.0 kB]
- Get:47 http://deb.debian.org/debian testing/main amd64 Packages 2024-10-28-1418.57.pdiff [129 B]
- Get:48 http://deb.debian.org/debian testing/main amd64 Packages 2024-10-28-2123.03.pdiff [1259 B]
- Get:48 http://deb.debian.org/debian testing/main amd64 Packages 2024-10-28-2123.03.pdiff [1259 B]
- Fetched 1762 kB in 3s (587 kB/s)
- Reading package lists...
- 
[01;2m[01;35m2024-10-29 19:43.45 ---> saved as "4ac5de49a262cdc80f8791802edc6f529439eff4c39a069fa293ce291bbd83b4"[0m

[01;34m/home/opam: (run (shell "opam pin add -k version -yn git-kv.0.1.0 0.1.0"))[0m
git-kv is now pinned to version 0.1.0
[01;2m[01;35m2024-10-29 19:43.46 ---> saved as "adebdbfe34e9cc5c1807fa8ce9e3af376550e859ed10f73f170d54f15a125ee4"[0m

[01;34m/home/opam: (run (cache (opam-archives (target /home/opam/.opam/download-cache)))
                 (network host)
                 (shell  "opam reinstall git-kv.0.1.0;\
                        \n        res=$?;\
                        \n        test \"$res\" != 31 && exit \"$res\";\
                        \n        export OPAMCLI=2.0;\
                        \n        build_dir=$(opam var prefix)/.opam-switch/build;\
                        \n        failed=$(ls \"$build_dir\");\
                        \n        partial_fails=\"\";\
                        \n        for pkg in $failed; do\
                        \n          if opam show -f x-ci-accept-failures: \"$pkg\" | grep -qF \"\\\"debian-testing\\\"\"; then\
                        \n            echo \"A package failed and has been disabled for CI using the 'x-ci-accept-failures' field.\";\
                        \n          fi;\
                        \n          test \"$pkg\" != 'git-kv.0.1.0' && partial_fails=\"$partial_fails $pkg\";\
                        \n        done;\
                        \n        test \"${partial_fails}\" != \"\" && echo \"opam-repo-ci detected dependencies failing: ${partial_fails}\";\
                        \n        exit 1"))[0m
git-kv.0.1.0 is not installed. Install it? [y/n] y
The following actions will be performed:
=== install 53 packages
  - install angstrom           0.16.1         [required by git]
  - install astring            0.8.5          [required by git]
  - install base-bytes         base           [required by ocplib-endian]
  - install base64             3.5.1          [required by git]
  - install bigstringaf        0.10.0         [required by carton-lwt, carton, git]
  - install bos                0.2.1          [required by carton]
  - install carton             0.7.2          [required by git-kv]
  - install carton-git         0.7.2          [required by git]
  - install carton-lwt         0.7.2          [required by git-kv]
  - install checkseum          0.5.2          [required by carton, git]
  - install cmdliner           1.3.0          [required by carton]
  - install cppo               1.7.0          [required by lwt]
  - install csexp              1.5.2          [required by dune-configurator]
  - install cstruct            6.2.0          [required by carton, git]
  - install decompress         1.5.3          [required by carton-lwt, carton, git]
  - install digestif           1.2.0          [required by carton, git]
  - install domain-name        0.4.0          [required by git]
  - install duff               0.5            [required by carton]
  - install dune               3.16.0         [required by git-kv]
  - install dune-configurator  3.16.0         [required by checkseum, bigstringaf, hxd]
  - install emile              1.1            [required by git]
  - install encore             0.8            [required by git]
  - install eqaf               0.10           [required by digestif]
  - install fmt                0.9.0          [required by git-kv]
  - install fpath              0.7.3          [required by carton, git]
  - install git                3.17.0         [required by git-kv]
  - install git-kv             0.1.0 (pinned)
  - install hxd                0.3.2          [required by carton, git]
  - install ipaddr             5.6.0          [required by git]
  - install ke                 0.6            [required by carton, git]
  - install logs               0.7.0          [required by carton, git]
  - install lwt                5.8.0          [required by git, carton-lwt, mirage-kv]
  - install macaddr            5.6.0          [required by ipaddr]
  - install mimic              0.0.9          [required by git]
  - install mirage-clock       4.2.0          [required by git-kv]
  - install mirage-flow        4.0.2          [required by git]
  - install mirage-kv          6.1.1          [required by git-kv]
  - install ocaml-syntax-shims 1.0.0          [required by angstrom]
  - install ocamlbuild         0.15.0         [required by bos, ptime]
  - install ocamlfind          1.9.6          [required by bos, ptime]
  - install ocamlgraph         2.1.0          [required by git]
  - install ocplib-endian      1.2            [required by lwt]
  - install optint             0.3.0          [required by git, carton, carton-lwt, mirage-kv]
  - install pecu               0.7            [required by emile]
  - install psq                0.2.1          [required by carton, git]
  - install ptime              1.2.0          [required by git-kv]
  - install rresult            0.7.0          [required by git]
  - install seq                base           [required by psq]
  - install stdlib-shims       0.3.0          [required by ocamlgraph]
  - install stringext          1.6.0          [required by uri]
  - install topkg              1.0.7          [required by bos, ptime]
  - install uri                4.4.0          [required by git]
  - install uutf               1.0.3          [required by emile]

<><> Processing actions <><><><><><><><><><><><><><><><><><><><><><><><><><><><>
-> retrieved angstrom.0.16.1  (cached)
-> retrieved astring.0.8.5  (cached)
-> retrieved base64.3.5.1  (cached)
-> retrieved bigstringaf.0.10.0  (cached)
-> retrieved bos.0.2.1  (cached)
-> retrieved carton.0.7.2, carton-git.0.7.2, carton-lwt.0.7.2  (cached)
-> retrieved checkseum.0.5.2  (cached)
-> retrieved cmdliner.1.3.0  (cached)
-> retrieved cppo.1.7.0  (cached)
-> retrieved csexp.1.5.2  (cached)
-> retrieved cstruct.6.2.0  (cached)
-> retrieved decompress.1.5.3  (cached)
-> retrieved digestif.1.2.0  (cached)
-> retrieved domain-name.0.4.0  (cached)
-> retrieved duff.0.5  (cached)
-> retrieved dune.3.16.0, dune-configurator.3.16.0  (cached)
-> retrieved emile.1.1  (cached)
-> retrieved encore.0.8  (cached)
-> retrieved eqaf.0.10  (cached)
-> retrieved fmt.0.9.0  (cached)
-> retrieved fpath.0.7.3  (cached)
-> installed cmdliner.1.3.0
-> retrieved git.3.17.0  (cached)
-> retrieved git-kv.0.1.0  (cached)
-> retrieved hxd.0.3.2  (cached)
-> retrieved ipaddr.5.6.0, macaddr.5.6.0  (cached)
-> retrieved ke.0.6  (cached)
-> retrieved logs.0.7.0  (cached)
-> retrieved lwt.5.8.0  (cached)
-> retrieved mimic.0.0.9  (cached)
-> retrieved mirage-clock.4.2.0  (cached)
-> retrieved mirage-flow.4.0.2  (cached)
-> retrieved mirage-kv.6.1.1  (cached)
-> retrieved ocaml-syntax-shims.1.0.0  (cached)
-> retrieved ocamlbuild.0.15.0  (cached)
-> retrieved ocamlfind.1.9.6  (cached)
-> retrieved ocamlgraph.2.1.0  (cached)
-> retrieved ocplib-endian.1.2  (cached)
-> retrieved optint.0.3.0  (cached)
-> retrieved pecu.0.7  (cached)
-> retrieved psq.0.2.1  (cached)
-> retrieved ptime.1.2.0  (cached)
-> retrieved rresult.0.7.0  (cached)
-> retrieved seq.base  (cached)
-> installed seq.base
-> retrieved stdlib-shims.0.3.0  (cached)
-> retrieved stringext.1.6.0  (cached)
-> retrieved topkg.1.0.7  (cached)
-> retrieved uri.4.4.0  (cached)
-> retrieved uutf.1.0.3  (cached)
-> installed ocamlfind.1.9.6
-> installed base-bytes.base
-> installed ocamlbuild.0.15.0
-> installed topkg.1.0.7
-> installed rresult.0.7.0
-> installed uutf.1.0.3
-> installed fmt.0.9.0
-> installed ptime.1.2.0
-> installed astring.0.8.5
-> installed fpath.0.7.3
-> installed dune.3.16.0
-> installed mirage-clock.4.2.0
-> installed csexp.1.5.2
-> installed base64.3.5.1
-> installed cppo.1.7.0
-> installed cstruct.6.2.0
-> installed domain-name.0.4.0
-> installed duff.0.5
-> installed eqaf.0.10
-> installed ke.0.6
-> installed macaddr.5.6.0
-> installed ocaml-syntax-shims.1.0.0
-> installed optint.0.3.0
-> installed pecu.0.7
-> installed psq.0.2.1
-> installed stdlib-shims.0.3.0
-> installed stringext.1.6.0
-> installed ocplib-endian.1.2
-> installed ipaddr.5.6.0
-> installed digestif.1.2.0
-> installed dune-configurator.3.16.0
-> installed bigstringaf.0.10.0
-> installed ocamlgraph.2.1.0
-> installed checkseum.0.5.2
-> installed angstrom.0.16.1
-> installed encore.0.8
-> installed emile.1.1
-> installed decompress.1.5.3
-> installed uri.4.4.0
-> installed lwt.5.8.0
-> installed mirage-flow.4.0.2
-> installed mirage-kv.6.1.1
-> installed hxd.0.3.2
-> installed logs.0.7.0
-> installed mimic.0.0.9
-> installed bos.0.2.1
-> installed carton.0.7.2
-> installed carton-lwt.0.7.2
-> installed carton-git.0.7.2
-> installed git.3.17.0
-> installed git-kv.0.1.0
Done.
# To update the current shell environment, run: eval $(opam env)
[01;2m[01;35m2024-10-29 19:44.55 ---> saved as "b1e9d2ed596a5b44680b340dbe072184b3649b9934924f279650eab8081837da"[0m

[01;34m/home/opam: (run (network host)
                 (shell "(opam reinstall --with-test git-kv.0.1.0) || true"))[0m
[ERROR] Sorry, resolution of the request timed out.
        Try to specify a more precise request, use a different solver, or increase the allowed time by setting OPAMSOLVERTIMEOUT to a bigger value (currently, it is set to 1000.0 seconds).
[01;2m[01;35m2024-10-29 20:01.51 ---> saved as "834bedbaa01c94ed0dfcf01db5d52da4f30d58ff1924fda47fe835967a60fc90"[0m

[01;34m/home/opam: (run (shell  "opam reinstall --with-test --verbose git-kv.0.1.0;\
                        \n        res=$?;\
                        \n        test \"$res\" != 31 && exit \"$res\";\
                        \n        export OPAMCLI=2.0;\
                        \n        build_dir=$(opam var prefix)/.opam-switch/build;\
                        \n        failed=$(ls \"$build_dir\");\
                        \n        partial_fails=\"\";\
                        \n        for pkg in $failed; do\
                        \n          if opam show -f x-ci-accept-failures: \"$pkg\" | grep -qF \"\\\"debian-testing\\\"\"; then\
                        \n            echo \"A package failed and has been disabled for CI using the 'x-ci-accept-failures' field.\";\
                        \n          fi;\
                        \n          test \"$pkg\" != 'git-kv.0.1.0' && partial_fails=\"$partial_fails $pkg\";\
                        \n        done;\
                        \n        test \"${partial_fails}\" != \"\" && echo \"opam-repo-ci detected dependencies failing: ${partial_fails}\";\
                        \n        exit 1"))[0m
[ERROR] Sorry, resolution of the request timed out.
        Try to specify a more precise request, use a different solver, or increase the allowed time by setting OPAMSOLVERTIMEOUT to a bigger value (currently, it is set to 1000.0 seconds).
'opam reinstall --with-test --verbose git-kv.0.1.0' failed.
"/usr/bin/env" "bash" "-c" "opam reinstall --with-test --verbose git-kv.0.1.0;
        res=$?;
        test "$res" != 31 && exit "$res";
        export OPAMCLI=2.0;
        build_dir=$(opam var prefix)/.opam-switch/build;
        failed=$(ls "$build_dir");
        partial_fails="";
        for pkg in $failed; do
          if opam show -f x-ci-accept-failures: "$pkg" | grep -qF "\"debian-testing\""; then
            echo "A package failed and has been disabled for CI using the 'x-ci-accept-failures' field.";
          fi;
          test "$pkg" != 'git-kv.0.1.0' && partial_fails="$partial_fails $pkg";
        done;
        test "${partial_fails}" != "" && echo "opam-repo-ci detected dependencies failing: ${partial_fails}";
        exit 1" failed with exit status 60
2024-10-29 20:19.01: Job failed: Failed: Build failed
2024-10-29 20:19.01: Log analysis:
2024-10-29 20:19.01: >>> 
[ERROR] Sorry, resolution of the request timed out.
 (score = 20)
2024-10-29 20:19.01: >>> 
[ERROR] Sorry, resolution of the request timed out.
 (score = 20)
2024-10-29 20:19.01: Sorry, resolution of the request timed out.
