2024-09-27 07:56.55: New job: build dblp-api.0.1.0, lower-bounds, using opam dev
                              from https://github.com/ocaml/opam-repository.git#refs/pull/26631/head (4f459584657e9303ae0d4a88c445a3775830c157)
                              on debian-12-ocaml-4.08/amd64

To reproduce locally:

cd $(mktemp -d)
git clone --recursive "https://github.com/ocaml/opam-repository.git" && cd "opam-repository" && git fetch origin "refs/pull/26631/head" && git reset --hard 4f459584
git fetch origin master
git merge --no-edit e8adc678c94cce378a663563e9f1c2eb1248708d
cat > ../Dockerfile <<'END-OF-DOCKERFILE'
[34mFROM ocaml/opam:debian-12-ocaml-4.08@sha256:f9ec33e7e118cd33c1637baea93e301a1cf1cf69d95fe4020eb0601d30aeb7a4
USER 1000:1000
WORKDIR /home/opam
RUN sudo ln -f /usr/bin/opam-dev /usr/bin/opam
RUN opam init --reinit -ni
RUN uname -rs && opam exec -- ocaml -version && opam --version
ENV OPAMDOWNLOADJOBS="1"
ENV OPAMERRLOGLEN="0"
ENV OPAMSOLVERTIMEOUT="1000"
ENV OPAMPRECISETRACKING="1"
ENV CI="true"
ENV OPAM_REPO_CI="true"
RUN rm -rf opam-repository/
COPY --chown=1000:1000 . opam-repository/
RUN opam repository set-url --strict default opam-repository/
RUN opam update --depexts || true
RUN opam pin add -k version -yn dblp-api.0.1.0 0.1.0
RUN opam reinstall dblp-api.0.1.0; \
    res=$?; \
    test "$res" != 31 && exit "$res"; \
    export OPAMCLI=2.0; \
    build_dir=$(opam var prefix)/.opam-switch/build; \
    failed=$(ls "$build_dir"); \
    partial_fails=""; \
    for pkg in $failed; do \
    if opam show -f x-ci-accept-failures: "$pkg" | grep -qF "\"debian-12\""; then \
    echo "A package failed and has been disabled for CI using the 'x-ci-accept-failures' field."; \
    fi; \
    test "$pkg" != 'dblp-api.0.1.0' && partial_fails="$partial_fails $pkg"; \
    done; \
    test "${partial_fails}" != "" && echo "opam-repo-ci detected dependencies failing: ${partial_fails}"; \
    exit 1
ENV OPAMCRITERIA="+removed,+count[version-lag,solution]"
ENV OPAMFIXUPCRITERIA="+removed,+count[version-lag,solution]"
ENV OPAMUPGRADECRITERIA="+removed,+count[version-lag,solution]"
RUN opam option solver=builtin-0install
RUN opam reinstall dblp-api.0.1.0; \
    res=$?; \
    test "$res" != 31 && exit "$res"; \
    export OPAMCLI=2.0; \
    build_dir=$(opam var prefix)/.opam-switch/build; \
    failed=$(ls "$build_dir"); \
    partial_fails=""; \
    for pkg in $failed; do \
    if opam show -f x-ci-accept-failures: "$pkg" | grep -qF "\"debian-12\""; then \
    echo "A package failed and has been disabled for CI using the 'x-ci-accept-failures' field."; \
    fi; \
    test "$pkg" != 'dblp-api.0.1.0' && partial_fails="$partial_fails $pkg"; \
    done; \
    test "${partial_fails}" != "" && echo "opam-repo-ci detected dependencies failing: ${partial_fails}"; \
    exit 1
[0m
END-OF-DOCKERFILE
docker build -f ../Dockerfile .

2024-09-27 07:56.55: Using cache hint "ocaml/opam:debian-12-ocaml-4.08@sha256:f9ec33e7e118cd33c1637baea93e301a1cf1cf69d95fe4020eb0601d30aeb7a4-dblp-api.0.1.0-4f459584657e9303ae0d4a88c445a3775830c157"
2024-09-27 07:56.55: Using OBuilder spec:
((from ocaml/opam:debian-12-ocaml-4.08@sha256:f9ec33e7e118cd33c1637baea93e301a1cf1cf69d95fe4020eb0601d30aeb7a4)
 (user (uid 1000) (gid 1000))
 (workdir /home/opam)
 (run (shell "sudo ln -f /usr/bin/opam-dev /usr/bin/opam"))
 (run (network host)
      (shell "opam init --reinit --config .opamrc-sandbox -ni"))
 (run (shell "uname -rs && opam exec -- ocaml -version && opam --version"))
 (env OPAMDOWNLOADJOBS 1)
 (env OPAMERRLOGLEN 0)
 (env OPAMSOLVERTIMEOUT 1000)
 (env OPAMPRECISETRACKING 1)
 (env CI true)
 (env OPAM_REPO_CI true)
 (run (shell "rm -rf opam-repository/"))
 (copy (src .) (dst opam-repository/))
 (run (shell "opam repository set-url --strict default opam-repository/"))
 (run (network host)
      (shell "opam update --depexts || true"))
 (run (shell "opam pin add -k version -yn dblp-api.0.1.0 0.1.0"))
 (run (cache (opam-archives (target /home/opam/.opam/download-cache)))
      (network host)
      (shell  "opam reinstall dblp-api.0.1.0;\
             \n        res=$?;\
             \n        test \"$res\" != 31 && exit \"$res\";\
             \n        export OPAMCLI=2.0;\
             \n        build_dir=$(opam var prefix)/.opam-switch/build;\
             \n        failed=$(ls \"$build_dir\");\
             \n        partial_fails=\"\";\
             \n        for pkg in $failed; do\
             \n          if opam show -f x-ci-accept-failures: \"$pkg\" | grep -qF \"\\\"debian-12\\\"\"; then\
             \n            echo \"A package failed and has been disabled for CI using the 'x-ci-accept-failures' field.\";\
             \n          fi;\
             \n          test \"$pkg\" != 'dblp-api.0.1.0' && partial_fails=\"$partial_fails $pkg\";\
             \n        done;\
             \n        test \"${partial_fails}\" != \"\" && echo \"opam-repo-ci detected dependencies failing: ${partial_fails}\";\
             \n        exit 1"))
 (env OPAMCRITERIA +removed,+count[version-lag,solution])
 (env OPAMFIXUPCRITERIA +removed,+count[version-lag,solution])
 (env OPAMUPGRADECRITERIA +removed,+count[version-lag,solution])
 (run (shell "opam option solver=builtin-0install"))
 (run (cache (opam-archives (target /home/opam/.opam/download-cache)))
      (network host)
      (shell  "opam reinstall dblp-api.0.1.0;\
             \n        res=$?;\
             \n        test \"$res\" != 31 && exit \"$res\";\
             \n        export OPAMCLI=2.0;\
             \n        build_dir=$(opam var prefix)/.opam-switch/build;\
             \n        failed=$(ls \"$build_dir\");\
             \n        partial_fails=\"\";\
             \n        for pkg in $failed; do\
             \n          if opam show -f x-ci-accept-failures: \"$pkg\" | grep -qF \"\\\"debian-12\\\"\"; then\
             \n            echo \"A package failed and has been disabled for CI using the 'x-ci-accept-failures' field.\";\
             \n          fi;\
             \n          test \"$pkg\" != 'dblp-api.0.1.0' && partial_fails=\"$partial_fails $pkg\";\
             \n        done;\
             \n        test \"${partial_fails}\" != \"\" && echo \"opam-repo-ci detected dependencies failing: ${partial_fails}\";\
             \n        exit 1"))
)

2024-09-27 07:56.55: Waiting for resource in pool OCluster
2024-09-27 07:56.56: Waiting for worker…
2024-09-27 07:56.56: Got resource from pool OCluster
Building on x86-bm-c11.sw.ocaml.org
All commits already cached
HEAD is now at e8adc678c9 Merge pull request #26618 from samoht/release-semaphore-compat-1.0.2
Updating e8adc678c9..4f45958465
Fast-forward
 packages/dblp-api/dblp-api.0.1.0/opam | 42 +++++++++++++++++++++++++++++++++++
 packages/dblp/dblp.0.1.0/opam         | 39 ++++++++++++++++++++++++++++++++
 2 files changed, 81 insertions(+)
 create mode 100644 packages/dblp-api/dblp-api.0.1.0/opam
 create mode 100644 packages/dblp/dblp.0.1.0/opam

[01;34m(from ocaml/opam:debian-12-ocaml-4.08@sha256:f9ec33e7e118cd33c1637baea93e301a1cf1cf69d95fe4020eb0601d30aeb7a4)[0m
Unable to find image 'ocaml/opam:debian-12-ocaml-4.08@sha256:f9ec33e7e118cd33c1637baea93e301a1cf1cf69d95fe4020eb0601d30aeb7a4' locally
docker.io/ocaml/opam@sha256:f9ec33e7e118cd33c1637baea93e301a1cf1cf69d95fe4020eb0601d30aeb7a4: Pulling from ocaml/opam
11cf0f02cc3c: Pulling fs layer
11cf0f02cc3c: Verifying Checksum
11cf0f02cc3c: Download complete
11cf0f02cc3c: Pull complete
Digest: sha256:f9ec33e7e118cd33c1637baea93e301a1cf1cf69d95fe4020eb0601d30aeb7a4
Status: Downloaded newer image for ocaml/opam@sha256:f9ec33e7e118cd33c1637baea93e301a1cf1cf69d95fe4020eb0601d30aeb7a4
[01;2m[01;35m2024-09-27 07:59.06 ---> saved as "6eba92fe3d42ed922734b04d2239dbaf7ac61cb265afc1e0387b83812c14cb99"[0m

[01;34m/: (user (uid 1000) (gid 1000))[0m

[01;34m/: (workdir /home/opam)[0m

[01;34m/home/opam: (run (shell "sudo ln -f /usr/bin/opam-dev /usr/bin/opam"))[0m
[01;2m[01;35m2024-09-27 07:59.06 ---> saved as "765657bb1bc7c3fe969e03b1c9927f13c4a0d758d18b13c093d148be56eedfb1"[0m

[01;34m/home/opam: (run (network host)
                 (shell "opam init --reinit --config .opamrc-sandbox -ni"))[0m
Configuring from /home/opam/.opamrc-sandbox, then /home/opam/.opamrc, and finally from built-in defaults.
Checking for available remotes: rsync and local, git.
  - you won't be able to use mercurial repositories unless you install the hg command on your system.
  - you won't be able to use darcs repositories unless you install the darcs command on your system.

This development version of opam requires an update to the layout of /home/opam/.opam from version 2.0 to version 2.2, which can't be reverted.
You may want to back it up before going further.

Continue? [y/n] y
Format upgrade done.

<><> Updating repositories ><><><><><><><><><><><><><><><><><><><><><><><><><><>
[default] synchronised from file:///home/opam/opam-repository
[01;2m[01;35m2024-09-27 08:00.23 ---> saved as "66b8ad1d2ced4c9e597316256a14fce203f30ec0e1cb3b28810f1e38e85879ed"[0m

[01;34m/home/opam: (run (shell "uname -rs && opam exec -- ocaml -version && opam --version"))[0m
Linux 5.15.0-121-generic
The OCaml toplevel, version 4.08.1
2.3.0~alpha~dev
[01;2m[01;35m2024-09-27 08:00.24 ---> saved as "2161288c79eb781d8a305a8569e8a47a0191ac863e0cb5de8cc278a7a9d03ce6"[0m

[01;34m/home/opam: (env OPAMDOWNLOADJOBS 1)[0m

[01;34m/home/opam: (env OPAMERRLOGLEN 0)[0m

[01;34m/home/opam: (env OPAMSOLVERTIMEOUT 1000)[0m

[01;34m/home/opam: (env OPAMPRECISETRACKING 1)[0m

[01;34m/home/opam: (env CI true)[0m

[01;34m/home/opam: (env OPAM_REPO_CI true)[0m

[01;34m/home/opam: (run (shell "rm -rf opam-repository/"))[0m
[01;2m[01;35m2024-09-27 08:00.31 ---> saved as "9fa02f462bb47cb8ec360ee898c19c1ec07aef420f3ee712a52e73c6c23298a2"[0m

[01;34m/home/opam: (copy (src .) (dst opam-repository/))[0m
[01;2m[01;35m2024-09-27 08:00.43 ---> saved as "8f8c6f1908bd8c40a49c9a2611a387cd669a31d18be4db153b2a2a516514309e"[0m

[01;34m/home/opam: (run (shell "opam repository set-url --strict default opam-repository/"))[0m
[default] Initialised
[01;2m[01;35m2024-09-27 08:01.45 ---> saved as "64f64a9fe8330db214ea1e9a928b3751431b57aee9a8a15589e185294af696ed"[0m

[01;34m/home/opam: (run (network host)
                 (shell "opam update --depexts || true"))[0m
+ /usr/bin/sudo "apt-get" "update"
- Hit:1 http://deb.debian.org/debian bookworm InRelease
- Get:2 http://deb.debian.org/debian bookworm-updates InRelease [55.4 kB]
- Get:3 http://deb.debian.org/debian-security bookworm-security InRelease [48.0 kB]
- Get:4 http://deb.debian.org/debian-security bookworm-security/main amd64 Packages [182 kB]
- Fetched 286 kB in 0s (1026 kB/s)
- Reading package lists...
- 
[01;2m[01;35m2024-09-27 08:01.46 ---> saved as "2007d0196b5b2be9b2893c4a976843a3faddf85b5c1273e036efa0299aa9f117"[0m

[01;34m/home/opam: (run (shell "opam pin add -k version -yn dblp-api.0.1.0 0.1.0"))[0m
dblp-api is now pinned to version 0.1.0
[01;2m[01;35m2024-09-27 08:01.47 ---> saved as "e72b4f71e14d6c131ea2c32bbc210914d2d596e2a1e50620119070d4465f0f46"[0m

[01;34m/home/opam: (run (cache (opam-archives (target /home/opam/.opam/download-cache)))
                 (network host)
                 (shell  "opam reinstall dblp-api.0.1.0;\
                        \n        res=$?;\
                        \n        test \"$res\" != 31 && exit \"$res\";\
                        \n        export OPAMCLI=2.0;\
                        \n        build_dir=$(opam var prefix)/.opam-switch/build;\
                        \n        failed=$(ls \"$build_dir\");\
                        \n        partial_fails=\"\";\
                        \n        for pkg in $failed; do\
                        \n          if opam show -f x-ci-accept-failures: \"$pkg\" | grep -qF \"\\\"debian-12\\\"\"; then\
                        \n            echo \"A package failed and has been disabled for CI using the 'x-ci-accept-failures' field.\";\
                        \n          fi;\
                        \n          test \"$pkg\" != 'dblp-api.0.1.0' && partial_fails=\"$partial_fails $pkg\";\
                        \n        done;\
                        \n        test \"${partial_fails}\" != \"\" && echo \"opam-repo-ci detected dependencies failing: ${partial_fails}\";\
                        \n        exit 1"))[0m
dblp-api.0.1.0 is not installed. Install it? [y/n] y
[ERROR] Sorry, resolution of the request timed out.
        Try to specify a more precise request, use a different solver, or increase the allowed time by setting OPAMSOLVERTIMEOUT to a bigger value (currently, it is set to 1000.0 seconds).
"/usr/bin/env" "bash" "-c" "opam reinstall dblp-api.0.1.0;
        res=$?;
        test "$res" != 31 && exit "$res";
        export OPAMCLI=2.0;
        build_dir=$(opam var prefix)/.opam-switch/build;
        failed=$(ls "$build_dir");
        partial_fails="";
        for pkg in $failed; do
          if opam show -f x-ci-accept-failures: "$pkg" | grep -qF "\"debian-12\""; then
            echo "A package failed and has been disabled for CI using the 'x-ci-accept-failures' field.";
          fi;
          test "$pkg" != 'dblp-api.0.1.0' && partial_fails="$partial_fails $pkg";
        done;
        test "${partial_fails}" != "" && echo "opam-repo-ci detected dependencies failing: ${partial_fails}";
        exit 1" failed with exit status 60
2024-09-27 08:18.52: Job failed: Failed: Build failed
2024-09-27 08:18.52: Log analysis:
2024-09-27 08:18.52: >>> 
[ERROR] Sorry, resolution of the request timed out.
 (score = 20)
2024-09-27 08:18.52: Sorry, resolution of the request timed out.
