2024-05-22 10:24.28: New job: test irmin-git.2.7.0 with ppx_deriving.6.0.2, using opam dev
                              from https://github.com/ocaml/opam-repository.git#refs/pull/25918/head (ca18d5edbca206fb5f6a5fb6bab4aaeaa255e30d)
                              on debian-12-ocaml-4.14/amd64

To reproduce locally:

cd $(mktemp -d)
git clone --recursive "https://github.com/ocaml/opam-repository.git" && cd "opam-repository" && git fetch origin "refs/pull/25918/head" && git reset --hard ca18d5ed
git fetch origin master
git merge --no-edit 51268be01852dbdbed8a3ef6599fbe3dfc1c18f7
cat > ../Dockerfile <<'END-OF-DOCKERFILE'
[34mFROM ocaml/opam:debian-12-ocaml-4.14@sha256:fc1bfce0b28ebac35b8e98d8578b6f1caebd26d88e81c54bf3ec7758885629c8
USER 1000:1000
WORKDIR /home/opam
RUN sudo ln -f /usr/bin/opam-dev /usr/bin/opam
RUN opam init --reinit -ni
RUN uname -rs && opam exec -- ocaml -version && opam --version
ENV OPAMDOWNLOADJOBS="1"
ENV OPAMERRLOGLEN="0"
ENV OPAMSOLVERTIMEOUT="500"
ENV OPAMPRECISETRACKING="1"
ENV CI="true"
ENV OPAM_REPO_CI="true"
RUN rm -rf opam-repository/
COPY --chown=1000:1000 . opam-repository/
RUN opam repository set-url --strict default opam-repository/
RUN opam update --depexts || true
RUN opam pin add -k version -yn ppx_deriving.6.0.2 6.0.2
RUN opam reinstall ppx_deriving.6.0.2; \
    res=$?; \
    test "$res" != 31 && exit "$res"; \
    export OPAMCLI=2.0; \
    build_dir=$(opam var prefix)/.opam-switch/build; \
    failed=$(ls "$build_dir"); \
    partial_fails=""; \
    for pkg in $failed; do \
    if opam show -f x-ci-accept-failures: "$pkg" | grep -qF "\"debian-12\""; then \
    echo "A package failed and has been disabled for CI using the 'x-ci-accept-failures' field."; \
    fi; \
    test "$pkg" != 'ppx_deriving.6.0.2' && partial_fails="$partial_fails $pkg"; \
    done; \
    test "${partial_fails}" != "" && echo "opam-repo-ci detected dependencies failing: ${partial_fails}"; \
    exit 1
RUN opam reinstall irmin-git.2.7.0; \
    res=$?; \
    test "$res" != 31 && exit "$res"; \
    export OPAMCLI=2.0; \
    build_dir=$(opam var prefix)/.opam-switch/build; \
    failed=$(ls "$build_dir"); \
    partial_fails=""; \
    for pkg in $failed; do \
    if opam show -f x-ci-accept-failures: "$pkg" | grep -qF "\"debian-12\""; then \
    echo "A package failed and has been disabled for CI using the 'x-ci-accept-failures' field."; \
    fi; \
    test "$pkg" != 'irmin-git.2.7.0' && partial_fails="$partial_fails $pkg"; \
    done; \
    test "${partial_fails}" != "" && echo "opam-repo-ci detected dependencies failing: ${partial_fails}"; \
    exit 1
RUN (opam reinstall --with-test irmin-git.2.7.0) || true
RUN opam reinstall --with-test --verbose irmin-git.2.7.0; \
    res=$?; \
    test "$res" != 31 && exit "$res"; \
    export OPAMCLI=2.0; \
    build_dir=$(opam var prefix)/.opam-switch/build; \
    failed=$(ls "$build_dir"); \
    partial_fails=""; \
    for pkg in $failed; do \
    if opam show -f x-ci-accept-failures: "$pkg" | grep -qF "\"debian-12\""; then \
    echo "A package failed and has been disabled for CI using the 'x-ci-accept-failures' field."; \
    fi; \
    test "$pkg" != 'irmin-git.2.7.0' && partial_fails="$partial_fails $pkg"; \
    done; \
    test "${partial_fails}" != "" && echo "opam-repo-ci detected dependencies failing: ${partial_fails}"; \
    exit 1
[0m
END-OF-DOCKERFILE
docker build -f ../Dockerfile .

2024-05-22 10:24.28: Using cache hint "ocaml/opam:debian-12-ocaml-4.14@sha256:fc1bfce0b28ebac35b8e98d8578b6f1caebd26d88e81c54bf3ec7758885629c8-ppx_deriving.6.0.2-irmin-git.2.7.0-ca18d5edbca206fb5f6a5fb6bab4aaeaa255e30d"
2024-05-22 10:24.28: Using OBuilder spec:
((from ocaml/opam:debian-12-ocaml-4.14@sha256:fc1bfce0b28ebac35b8e98d8578b6f1caebd26d88e81c54bf3ec7758885629c8)
 (user (uid 1000) (gid 1000))
 (workdir /home/opam)
 (run (shell "sudo ln -f /usr/bin/opam-dev /usr/bin/opam"))
 (run (network host)
      (shell "opam init --reinit --config .opamrc-sandbox -ni"))
 (run (shell "uname -rs && opam exec -- ocaml -version && opam --version"))
 (env OPAMDOWNLOADJOBS 1)
 (env OPAMERRLOGLEN 0)
 (env OPAMSOLVERTIMEOUT 500)
 (env OPAMPRECISETRACKING 1)
 (env CI true)
 (env OPAM_REPO_CI true)
 (run (shell "rm -rf opam-repository/"))
 (copy (src .) (dst opam-repository/))
 (run (shell "opam repository set-url --strict default opam-repository/"))
 (run (network host)
      (shell "opam update --depexts || true"))
 (run (shell "opam pin add -k version -yn ppx_deriving.6.0.2 6.0.2"))
 (run (cache (opam-archives (target /home/opam/.opam/download-cache)))
      (network host)
      (shell  "opam reinstall ppx_deriving.6.0.2;\
             \n        res=$?;\
             \n        test \"$res\" != 31 && exit \"$res\";\
             \n        export OPAMCLI=2.0;\
             \n        build_dir=$(opam var prefix)/.opam-switch/build;\
             \n        failed=$(ls \"$build_dir\");\
             \n        partial_fails=\"\";\
             \n        for pkg in $failed; do\
             \n          if opam show -f x-ci-accept-failures: \"$pkg\" | grep -qF \"\\\"debian-12\\\"\"; then\
             \n            echo \"A package failed and has been disabled for CI using the 'x-ci-accept-failures' field.\";\
             \n          fi;\
             \n          test \"$pkg\" != 'ppx_deriving.6.0.2' && partial_fails=\"$partial_fails $pkg\";\
             \n        done;\
             \n        test \"${partial_fails}\" != \"\" && echo \"opam-repo-ci detected dependencies failing: ${partial_fails}\";\
             \n        exit 1"))
 (run (cache (opam-archives (target /home/opam/.opam/download-cache)))
      (network host)
      (shell  "opam reinstall irmin-git.2.7.0;\
             \n        res=$?;\
             \n        test \"$res\" != 31 && exit \"$res\";\
             \n        export OPAMCLI=2.0;\
             \n        build_dir=$(opam var prefix)/.opam-switch/build;\
             \n        failed=$(ls \"$build_dir\");\
             \n        partial_fails=\"\";\
             \n        for pkg in $failed; do\
             \n          if opam show -f x-ci-accept-failures: \"$pkg\" | grep -qF \"\\\"debian-12\\\"\"; then\
             \n            echo \"A package failed and has been disabled for CI using the 'x-ci-accept-failures' field.\";\
             \n          fi;\
             \n          test \"$pkg\" != 'irmin-git.2.7.0' && partial_fails=\"$partial_fails $pkg\";\
             \n        done;\
             \n        test \"${partial_fails}\" != \"\" && echo \"opam-repo-ci detected dependencies failing: ${partial_fails}\";\
             \n        exit 1"))
 (run (network host)
      (shell "(opam reinstall --with-test irmin-git.2.7.0) || true"))
 (run (shell  "opam reinstall --with-test --verbose irmin-git.2.7.0;\
             \n        res=$?;\
             \n        test \"$res\" != 31 && exit \"$res\";\
             \n        export OPAMCLI=2.0;\
             \n        build_dir=$(opam var prefix)/.opam-switch/build;\
             \n        failed=$(ls \"$build_dir\");\
             \n        partial_fails=\"\";\
             \n        for pkg in $failed; do\
             \n          if opam show -f x-ci-accept-failures: \"$pkg\" | grep -qF \"\\\"debian-12\\\"\"; then\
             \n            echo \"A package failed and has been disabled for CI using the 'x-ci-accept-failures' field.\";\
             \n          fi;\
             \n          test \"$pkg\" != 'irmin-git.2.7.0' && partial_fails=\"$partial_fails $pkg\";\
             \n        done;\
             \n        test \"${partial_fails}\" != \"\" && echo \"opam-repo-ci detected dependencies failing: ${partial_fails}\";\
             \n        exit 1"))
)

2024-05-22 10:24.28: Waiting for resource in pool OCluster
2024-05-22 12:30.39: Waiting for worker…
2024-05-22 12:33.21: Got resource from pool OCluster
Building on doris.caelum.ci.dev
All commits already cached
Updating files:  84% (28394/33709)Updating files:  85% (28653/33709)Updating files:  86% (28990/33709)Updating files:  87% (29327/33709)Updating files:  88% (29664/33709)Updating files:  89% (30002/33709)Updating files:  90% (30339/33709)Updating files:  91% (30676/33709)Updating files:  92% (31013/33709)Updating files:  93% (31350/33709)Updating files:  94% (31687/33709)Updating files:  95% (32024/33709)Updating files:  96% (32361/33709)Updating files:  97% (32698/33709)Updating files:  98% (33035/33709)Updating files:  99% (33372/33709)Updating files: 100% (33709/33709)Updating files: 100% (33709/33709), done.
HEAD is now at 51268be018 Merge pull request #25902 from voodoos/release-merlin-5.0-502
Updating 51268be018..ca18d5edbc
Fast-forward
 packages/pa_ppx/pa_ppx.0.10/opam              |  2 +-
 packages/pa_ppx/pa_ppx.0.11/opam              |  2 +-
 packages/pa_ppx/pa_ppx.0.12/opam              |  2 +-
 packages/pa_ppx/pa_ppx.0.13/opam              |  2 +-
 packages/pa_ppx/pa_ppx.0.14/opam              |  2 +-
 packages/ppx_deriving/ppx_deriving.6.0.2/opam | 37 +++++++++++++++++++++++++++
 6 files changed, 42 insertions(+), 5 deletions(-)
 create mode 100644 packages/ppx_deriving/ppx_deriving.6.0.2/opam

[01;34m(from ocaml/opam:debian-12-ocaml-4.14@sha256:fc1bfce0b28ebac35b8e98d8578b6f1caebd26d88e81c54bf3ec7758885629c8)[0m
Unable to find image 'ocaml/opam:debian-12-ocaml-4.14@sha256:fc1bfce0b28ebac35b8e98d8578b6f1caebd26d88e81c54bf3ec7758885629c8' locally
docker.io/ocaml/opam@sha256:fc1bfce0b28ebac35b8e98d8578b6f1caebd26d88e81c54bf3ec7758885629c8: Pulling from ocaml/opam
Digest: sha256:fc1bfce0b28ebac35b8e98d8578b6f1caebd26d88e81c54bf3ec7758885629c8
Status: Downloaded newer image for ocaml/opam@sha256:fc1bfce0b28ebac35b8e98d8578b6f1caebd26d88e81c54bf3ec7758885629c8
[01;2m[01;35m2024-05-22 12:34.38 ---> using "8852882e21c6051f77f79eee880029b0646f70046996faa594db535e800a150e" from cache[0m

[01;34m/: (user (uid 1000) (gid 1000))[0m

[01;34m/: (workdir /home/opam)[0m

[01;34m/home/opam: (run (shell "sudo ln -f /usr/bin/opam-dev /usr/bin/opam"))[0m
[01;2m[01;35m2024-05-22 12:34.38 ---> using "bfe916841514f9c781479a0ad6b80c4659ce58820a6f6cae42700801c5299cb0" from cache[0m

[01;34m/home/opam: (run (network host)
                 (shell "opam init --reinit --config .opamrc-sandbox -ni"))[0m
Configuring from /home/opam/.opamrc-sandbox, then /home/opam/.opamrc, and finally from built-in defaults.
Checking for available remotes: rsync and local, git.
  - you won't be able to use mercurial repositories unless you install the hg command on your system.
  - you won't be able to use darcs repositories unless you install the darcs command on your system.

This development version of opam requires an update to the layout of /home/opam/.opam from version 2.0 to version 2.2~beta, which can't be reverted.
You may want to back it up before going further.

Continue? [y/n] y
[NOTE] The 'jobs' option was reset, its value was 31 and its new value will vary according to the current number of cores on your machine. You can restore the fixed value using:
           opam option jobs=31 --global
Format upgrade done.

<><> Updating repositories ><><><><><><><><><><><><><><><><><><><><><><><><><><>
[default] synchronised from file:///home/opam/opam-repository
[01;2m[01;35m2024-05-22 12:34.38 ---> using "8165c3249b97c4d11a9b9605e837e22e3a7493fb673ae0ae7ca2c4cabad68322" from cache[0m

[01;34m/home/opam: (run (shell "uname -rs && opam exec -- ocaml -version && opam --version"))[0m
Linux 5.15.0-107-generic
The OCaml toplevel, version 4.14.2
2.2.0~beta3~dev
[01;2m[01;35m2024-05-22 12:34.38 ---> using "5ad72b177064b9cf7e723ad9399ed9a0190ef04c2841f79663a8e0be8a754d3e" from cache[0m

[01;34m/home/opam: (env OPAMDOWNLOADJOBS 1)[0m

[01;34m/home/opam: (env OPAMERRLOGLEN 0)[0m

[01;34m/home/opam: (env OPAMSOLVERTIMEOUT 500)[0m

[01;34m/home/opam: (env OPAMPRECISETRACKING 1)[0m

[01;34m/home/opam: (env CI true)[0m

[01;34m/home/opam: (env OPAM_REPO_CI true)[0m

[01;34m/home/opam: (run (shell "rm -rf opam-repository/"))[0m
[01;2m[01;35m2024-05-22 12:34.38 ---> using "ca354d5a414cb7aa964526d7324c22a31c7b75e8b46b8cd432fe3252bb13aa17" from cache[0m

[01;34m/home/opam: (copy (src .) (dst opam-repository/))[0m
[01;2m[01;35m2024-05-22 12:34.39 ---> using "6d3fa43aa28313d54ec08c66da00724d6650b9d46f8638fd770cc18d46639293" from cache[0m

[01;34m/home/opam: (run (shell "opam repository set-url --strict default opam-repository/"))[0m
[default] Initialised
[01;2m[01;35m2024-05-22 12:34.39 ---> using "74b24bc4a3775f0be7a7be0dca1de6653e94ff950e1333ef911ea279b5281d81" from cache[0m

[01;34m/home/opam: (run (network host)
                 (shell "opam update --depexts || true"))[0m
+ /usr/bin/sudo "apt-get" "update"
- Hit:1 http://deb.debian.org/debian bookworm InRelease
- Get:2 http://deb.debian.org/debian bookworm-updates InRelease [55.4 kB]
- Get:3 http://deb.debian.org/debian-security bookworm-security InRelease [48.0 kB]
- Get:4 http://deb.debian.org/debian-security bookworm-security/main amd64 Packages [156 kB]
- Fetched 259 kB in 0s (1081 kB/s)
- Reading package lists...
[01;2m[01;35m2024-05-22 12:34.39 ---> using "c983b283fa4513237fe4fd80b70a0d52ed313149f8fe38c3caa2b091ce626923" from cache[0m

[01;34m/home/opam: (run (shell "opam pin add -k version -yn ppx_deriving.6.0.2 6.0.2"))[0m
ppx_deriving is now pinned to version 6.0.2
[01;2m[01;35m2024-05-22 12:34.39 ---> using "c19d197e5d4578706e0ce7a61a473af6f0d7aebc5abf44fc202baaa0bf5a7f7e" from cache[0m

[01;34m/home/opam: (run (cache (opam-archives (target /home/opam/.opam/download-cache)))
                 (network host)
                 (shell  "opam reinstall ppx_deriving.6.0.2;\
                        \n        res=$?;\
                        \n        test \"$res\" != 31 && exit \"$res\";\
                        \n        export OPAMCLI=2.0;\
                        \n        build_dir=$(opam var prefix)/.opam-switch/build;\
                        \n        failed=$(ls \"$build_dir\");\
                        \n        partial_fails=\"\";\
                        \n        for pkg in $failed; do\
                        \n          if opam show -f x-ci-accept-failures: \"$pkg\" | grep -qF \"\\\"debian-12\\\"\"; then\
                        \n            echo \"A package failed and has been disabled for CI using the 'x-ci-accept-failures' field.\";\
                        \n          fi;\
                        \n          test \"$pkg\" != 'ppx_deriving.6.0.2' && partial_fails=\"$partial_fails $pkg\";\
                        \n        done;\
                        \n        test \"${partial_fails}\" != \"\" && echo \"opam-repo-ci detected dependencies failing: ${partial_fails}\";\
                        \n        exit 1"))[0m
ppx_deriving.6.0.2 is not installed. Install it? [y/n] y
The following actions will be performed:
=== install 9 packages
  - install cppo                1.6.9          [required by ppx_deriving]
  - install dune                3.15.2         [required by ppx_deriving]
  - install ocaml-compiler-libs v0.12.4        [required by ppxlib]
  - install ocamlfind           1.9.6          [required by ppx_deriving]
  - install ppx_derivers        1.2.1          [required by ppx_deriving]
  - install ppx_deriving        6.0.2 (pinned)
  - install ppxlib              0.32.1         [required by ppx_deriving]
  - install sexplib0            v0.17.0        [required by ppxlib]
  - install stdlib-shims        0.3.0          [required by ppxlib]

<><> Processing actions <><><><><><><><><><><><><><><><><><><><><><><><><><><><>
-> retrieved cppo.1.6.9  (cached)
-> retrieved dune.3.15.2  (cached)
-> retrieved ocaml-compiler-libs.v0.12.4  (cached)
-> retrieved ocamlfind.1.9.6  (cached)
-> retrieved ppx_derivers.1.2.1  (cached)
-> retrieved ppx_deriving.6.0.2  (cached)
-> retrieved ppxlib.0.32.1  (cached)
-> retrieved sexplib0.v0.17.0  (cached)
-> retrieved stdlib-shims.0.3.0  (cached)
-> installed ocamlfind.1.9.6
-> installed dune.3.15.2
-> installed ppx_derivers.1.2.1
-> installed stdlib-shims.0.3.0
-> installed sexplib0.v0.17.0
-> installed ocaml-compiler-libs.v0.12.4
-> installed cppo.1.6.9
-> installed ppxlib.0.32.1
-> installed ppx_deriving.6.0.2
Done.
# Run eval $(opam env) to update the current shell environment
[01;2m[01;35m2024-05-22 12:34.39 ---> using "24d76f8b0149b28b616f461e5228318660c45cc8d8b9006b659cedec65b5db38" from cache[0m

[01;34m/home/opam: (run (cache (opam-archives (target /home/opam/.opam/download-cache)))
                 (network host)
                 (shell  "opam reinstall irmin-git.2.7.0;\
                        \n        res=$?;\
                        \n        test \"$res\" != 31 && exit \"$res\";\
                        \n        export OPAMCLI=2.0;\
                        \n        build_dir=$(opam var prefix)/.opam-switch/build;\
                        \n        failed=$(ls \"$build_dir\");\
                        \n        partial_fails=\"\";\
                        \n        for pkg in $failed; do\
                        \n          if opam show -f x-ci-accept-failures: \"$pkg\" | grep -qF \"\\\"debian-12\\\"\"; then\
                        \n            echo \"A package failed and has been disabled for CI using the 'x-ci-accept-failures' field.\";\
                        \n          fi;\
                        \n          test \"$pkg\" != 'irmin-git.2.7.0' && partial_fails=\"$partial_fails $pkg\";\
                        \n        done;\
                        \n        test \"${partial_fails}\" != \"\" && echo \"opam-repo-ci detected dependencies failing: ${partial_fails}\";\
                        \n        exit 1"))[0m
irmin-git.2.7.0 is not installed. Install it? [y/n] y
The following actions will be performed:
=== install 54 packages
  - install angstrom           0.16.0 [required by git]
  - install astring            0.8.5  [required by irmin-git]
  - install base-bytes         base   [required by ocplib-endian]
  - install base64             3.5.1  [required by git]
  - install bheap              2.0.0  [required by irmin]
  - install bigstringaf        0.9.1  [required by git]
  - install bos                0.2.1  [required by carton]
  - install carton             0.7.1  [required by git]
  - install carton-git         0.7.1  [required by git]
  - install carton-lwt         0.7.1  [required by git]
  - install checkseum          0.5.2  [required by git]
  - install cmdliner           1.2.0  [required by carton, fmt, emile]
  - install csexp              1.5.2  [required by dune-configurator]
  - install cstruct            6.2.0  [required by irmin-git]
  - install decompress         1.5.3  [required by git]
  - install digestif           1.2.0  [required by irmin-git]
  - install domain-name        0.4.0  [required by git]
  - install duff               0.5    [required by carton]
  - install dune-configurator  3.15.2 [required by checkseum, bigstringaf, hxd]
  - install either             1.0.0  [required by repr]
  - install emile              1.1    [required by git]
  - install encore             0.8    [required by git]
  - install eqaf               0.9    [required by digestif]
  - install fmt                0.9.0  [required by irmin-git]
  - install fpath              0.7.3  [required by irmin-git]
  - install git                3.15.0 [required by irmin-git]
  - install hxd                0.3.2  [required by git]
  - install ipaddr             5.5.0  [required by git]
  - install irmin              2.7.0  [required by irmin-git]
  - install irmin-git          2.7.0
  - install jsonm              1.0.2  [required by irmin]
  - install ke                 0.6    [required by git]
  - install logs               0.7.0  [required by irmin-git]
  - install lwt                5.7.0  [required by irmin-git]
  - install macaddr            5.5.0  [required by ipaddr]
  - install mimic              0.0.7  [required by git]
  - install mirage-flow        4.0.2  [required by git]
  - install ocaml-syntax-shims 1.0.0  [required by angstrom]
  - install ocamlbuild         0.14.3 [required by astring, fpath]
  - install ocamlgraph         2.1.0  [required by git, irmin]
  - install ocplib-endian      1.2    [required by lwt]
  - install optint             0.3.0  [required by git]
  - install pecu               0.7    [required by emile]
  - install ppx_irmin          2.7.0  [required by irmin-git]
  - install ppx_repr           0.4.0  [required by ppx_irmin]
  - install psq                0.2.1  [required by git]
  - install repr               0.4.0  [required by irmin]
  - install result             1.5    [required by git, irmin]
  - install rresult            0.7.0  [required by git]
  - install seq                base   [required by psq]
  - install stringext          1.6.0  [required by uri]
  - install topkg              1.0.7  [required by astring, fpath]
  - install uri                4.4.0  [required by irmin-git]
  - install uutf               1.0.3  [required by irmin]

<><> Processing actions <><><><><><><><><><><><><><><><><><><><><><><><><><><><>
-> retrieved angstrom.0.16.0  (cached)
-> retrieved astring.0.8.5  (cached)
-> installed base-bytes.base
-> retrieved base64.3.5.1  (cached)
-> retrieved bheap.2.0.0  (cached)
-> retrieved bigstringaf.0.9.1  (cached)
-> retrieved bos.0.2.1  (cached)
-> retrieved carton.0.7.1, carton-git.0.7.1, carton-lwt.0.7.1  (cached)
-> installed bheap.2.0.0
-> retrieved checkseum.0.5.2  (cached)
-> retrieved cmdliner.1.2.0  (cached)
-> retrieved csexp.1.5.2  (cached)
-> retrieved cstruct.6.2.0  (cached)
-> installed base64.3.5.1
-> retrieved decompress.1.5.3  (cached)
-> installed csexp.1.5.2
-> retrieved digestif.1.2.0  (cached)
-> retrieved domain-name.0.4.0  (cached)
-> retrieved duff.0.5  (cached)
-> installed domain-name.0.4.0
-> retrieved dune-configurator.3.15.2  (cached)
-> retrieved either.1.0.0  (cached)
-> retrieved emile.1.1  (cached)
-> retrieved encore.0.8  (cached)
-> retrieved eqaf.0.9  (cached)
-> retrieved fmt.0.9.0  (cached)
-> retrieved fpath.0.7.3  (cached)
-> installed cmdliner.1.2.0
-> retrieved git.3.15.0  (cached)
-> retrieved hxd.0.3.2  (cached)
-> retrieved ipaddr.5.5.0, macaddr.5.5.0  (cached)
-> retrieved irmin.2.7.0, irmin-git.2.7.0, ppx_irmin.2.7.0  (cached)
-> installed either.1.0.0
-> retrieved jsonm.1.0.2  (cached)
-> retrieved ke.0.6  (cached)
-> installed macaddr.5.5.0
-> retrieved logs.0.7.0  (cached)
-> retrieved lwt.5.7.0  (cached)
-> retrieved mimic.0.0.7  (cached)
-> retrieved mirage-flow.4.0.2  (cached)
-> retrieved ocaml-syntax-shims.1.0.0  (cached)
-> retrieved ocamlbuild.0.14.3  (cached)
-> retrieved ocamlgraph.2.1.0  (cached)
-> retrieved ocplib-endian.1.2  (cached)
-> retrieved optint.0.3.0  (cached)
-> retrieved pecu.0.7  (cached)
-> retrieved ppx_repr.0.4.0, repr.0.4.0  (cached)
-> retrieved psq.0.2.1  (cached)
-> retrieved result.1.5  (cached)
-> retrieved rresult.0.7.0  (cached)
-> installed seq.base
-> retrieved stringext.1.6.0  (cached)
-> retrieved topkg.1.0.7  (cached)
-> retrieved uri.4.4.0  (cached)
-> retrieved uutf.1.0.3  (cached)
-> installed ipaddr.5.5.0
-> installed pecu.0.7
-> installed stringext.1.6.0
-> installed optint.0.3.0
-> installed ocplib-endian.1.2
-> installed result.1.5
-> installed psq.0.2.1
-> installed dune-configurator.3.15.2
-> installed ocaml-syntax-shims.1.0.0
-> installed bigstringaf.0.9.1
-> installed checkseum.0.5.2
-> installed angstrom.0.16.0
-> installed ocamlgraph.2.1.0
-> installed decompress.1.5.3
-> installed uri.4.4.0
-> installed lwt.5.7.0
-> installed hxd.0.3.2
-> installed ocamlbuild.0.14.3
-> installed topkg.1.0.7
-> installed rresult.0.7.0
-> installed uutf.1.0.3
-> installed fmt.0.9.0
-> installed emile.1.1
-> installed astring.0.8.5
-> installed duff.0.5
-> installed encore.0.8
-> installed ke.0.6
-> installed cstruct.6.2.0
-> installed mirage-flow.4.0.2
-> installed jsonm.1.0.2
-> installed fpath.0.7.3
-> installed eqaf.0.9
-> installed logs.0.7.0
-> installed repr.0.4.0
-> installed mimic.0.0.7
-> installed digestif.1.2.0
-> installed bos.0.2.1
-> installed ppx_repr.0.4.0
-> installed ppx_irmin.2.7.0
-> installed carton.0.7.1
-> installed carton-lwt.0.7.1
-> installed carton-git.0.7.1
-> installed git.3.15.0
-> installed irmin.2.7.0
-> installed irmin-git.2.7.0
Done.
# Run eval $(opam env) to update the current shell environment
[01;2m[01;35m2024-05-22 12:35.18 ---> saved as "e901d01c873c2b1556f53f160bc0c0dd7e5decbae680de4ed8aa7c7f445dd722"[0m

[01;34m/home/opam: (run (network host)
                 (shell "(opam reinstall --with-test irmin-git.2.7.0) || true"))[0m
[ERROR] Sorry, resolution of the request timed out.
        Try to specify a more precise request, use a different solver, or increase the allowed time by setting OPAMSOLVERTIMEOUT to a bigger value (currently, it is set to 500.0 seconds).
[01;2m[01;35m2024-05-22 12:43.49 ---> saved as "12bac95293d221b3cf3e061f138c95525c8df31338016bbcb8e18a50347d152e"[0m

[01;34m/home/opam: (run (shell  "opam reinstall --with-test --verbose irmin-git.2.7.0;\
                        \n        res=$?;\
                        \n        test \"$res\" != 31 && exit \"$res\";\
                        \n        export OPAMCLI=2.0;\
                        \n        build_dir=$(opam var prefix)/.opam-switch/build;\
                        \n        failed=$(ls \"$build_dir\");\
                        \n        partial_fails=\"\";\
                        \n        for pkg in $failed; do\
                        \n          if opam show -f x-ci-accept-failures: \"$pkg\" | grep -qF \"\\\"debian-12\\\"\"; then\
                        \n            echo \"A package failed and has been disabled for CI using the 'x-ci-accept-failures' field.\";\
                        \n          fi;\
                        \n          test \"$pkg\" != 'irmin-git.2.7.0' && partial_fails=\"$partial_fails $pkg\";\
                        \n        done;\
                        \n        test \"${partial_fails}\" != \"\" && echo \"opam-repo-ci detected dependencies failing: ${partial_fails}\";\
                        \n        exit 1"))[0m
[ERROR] Sorry, resolution of the request timed out.
        Try to specify a more precise request, use a different solver, or increase the allowed time by setting OPAMSOLVERTIMEOUT to a bigger value (currently, it is set to 500.0 seconds).
'opam reinstall --with-test --verbose irmin-git.2.7.0' failed.
"/usr/bin/env" "bash" "-c" "opam reinstall --with-test --verbose irmin-git.2.7.0;
        res=$?;
        test "$res" != 31 && exit "$res";
        export OPAMCLI=2.0;
        build_dir=$(opam var prefix)/.opam-switch/build;
        failed=$(ls "$build_dir");
        partial_fails="";
        for pkg in $failed; do
          if opam show -f x-ci-accept-failures: "$pkg" | grep -qF "\"debian-12\""; then
            echo "A package failed and has been disabled for CI using the 'x-ci-accept-failures' field.";
          fi;
          test "$pkg" != 'irmin-git.2.7.0' && partial_fails="$partial_fails $pkg";
        done;
        test "${partial_fails}" != "" && echo "opam-repo-ci detected dependencies failing: ${partial_fails}";
        exit 1" failed with exit status 60
2024-05-22 12:52.49: Job failed: Failed: Build failed
2024-05-22 12:52.49: Log analysis:
2024-05-22 12:52.49: >>> 
[ERROR] Sorry, resolution of the request timed out.
 (score = 20)
2024-05-22 12:52.49: >>> 
[ERROR] Sorry, resolution of the request timed out.
 (score = 20)
2024-05-22 12:52.49: Sorry, resolution of the request timed out.
