2024-05-22 10:24.40: New job: test caldav.0.2.2 with ppx_deriving.6.0.2, using opam dev
                              from https://github.com/ocaml/opam-repository.git#refs/pull/25918/head (ca18d5edbca206fb5f6a5fb6bab4aaeaa255e30d)
                              on debian-12-ocaml-5.2/amd64

To reproduce locally:

cd $(mktemp -d)
git clone --recursive "https://github.com/ocaml/opam-repository.git" && cd "opam-repository" && git fetch origin "refs/pull/25918/head" && git reset --hard ca18d5ed
git fetch origin master
git merge --no-edit 51268be01852dbdbed8a3ef6599fbe3dfc1c18f7
cat > ../Dockerfile <<'END-OF-DOCKERFILE'
[34mFROM ocaml/opam:debian-12-ocaml-5.2@sha256:72f1ad6870043a5ae18793a383a4ff59bb1304a5fd68e210fb2ad0f70c9ca660
USER 1000:1000
WORKDIR /home/opam
RUN sudo ln -f /usr/bin/opam-dev /usr/bin/opam
RUN opam init --reinit -ni
RUN uname -rs && opam exec -- ocaml -version && opam --version
ENV OPAMDOWNLOADJOBS="1"
ENV OPAMERRLOGLEN="0"
ENV OPAMSOLVERTIMEOUT="500"
ENV OPAMPRECISETRACKING="1"
ENV CI="true"
ENV OPAM_REPO_CI="true"
RUN rm -rf opam-repository/
COPY --chown=1000:1000 . opam-repository/
RUN opam repository set-url --strict default opam-repository/
RUN opam update --depexts || true
RUN opam pin add -k version -yn ppx_deriving.6.0.2 6.0.2
RUN opam reinstall ppx_deriving.6.0.2; \
    res=$?; \
    test "$res" != 31 && exit "$res"; \
    export OPAMCLI=2.0; \
    build_dir=$(opam var prefix)/.opam-switch/build; \
    failed=$(ls "$build_dir"); \
    partial_fails=""; \
    for pkg in $failed; do \
    if opam show -f x-ci-accept-failures: "$pkg" | grep -qF "\"debian-12\""; then \
    echo "A package failed and has been disabled for CI using the 'x-ci-accept-failures' field."; \
    fi; \
    test "$pkg" != 'ppx_deriving.6.0.2' && partial_fails="$partial_fails $pkg"; \
    done; \
    test "${partial_fails}" != "" && echo "opam-repo-ci detected dependencies failing: ${partial_fails}"; \
    exit 1
RUN opam reinstall caldav.0.2.2; \
    res=$?; \
    test "$res" != 31 && exit "$res"; \
    export OPAMCLI=2.0; \
    build_dir=$(opam var prefix)/.opam-switch/build; \
    failed=$(ls "$build_dir"); \
    partial_fails=""; \
    for pkg in $failed; do \
    if opam show -f x-ci-accept-failures: "$pkg" | grep -qF "\"debian-12\""; then \
    echo "A package failed and has been disabled for CI using the 'x-ci-accept-failures' field."; \
    fi; \
    test "$pkg" != 'caldav.0.2.2' && partial_fails="$partial_fails $pkg"; \
    done; \
    test "${partial_fails}" != "" && echo "opam-repo-ci detected dependencies failing: ${partial_fails}"; \
    exit 1
RUN (opam reinstall --with-test caldav.0.2.2) || true
RUN opam reinstall --with-test --verbose caldav.0.2.2; \
    res=$?; \
    test "$res" != 31 && exit "$res"; \
    export OPAMCLI=2.0; \
    build_dir=$(opam var prefix)/.opam-switch/build; \
    failed=$(ls "$build_dir"); \
    partial_fails=""; \
    for pkg in $failed; do \
    if opam show -f x-ci-accept-failures: "$pkg" | grep -qF "\"debian-12\""; then \
    echo "A package failed and has been disabled for CI using the 'x-ci-accept-failures' field."; \
    fi; \
    test "$pkg" != 'caldav.0.2.2' && partial_fails="$partial_fails $pkg"; \
    done; \
    test "${partial_fails}" != "" && echo "opam-repo-ci detected dependencies failing: ${partial_fails}"; \
    exit 1
[0m
END-OF-DOCKERFILE
docker build -f ../Dockerfile .

2024-05-22 10:24.40: Using cache hint "ocaml/opam:debian-12-ocaml-5.2@sha256:72f1ad6870043a5ae18793a383a4ff59bb1304a5fd68e210fb2ad0f70c9ca660-ppx_deriving.6.0.2-caldav.0.2.2-ca18d5edbca206fb5f6a5fb6bab4aaeaa255e30d"
2024-05-22 10:24.40: Using OBuilder spec:
((from ocaml/opam:debian-12-ocaml-5.2@sha256:72f1ad6870043a5ae18793a383a4ff59bb1304a5fd68e210fb2ad0f70c9ca660)
 (user (uid 1000) (gid 1000))
 (workdir /home/opam)
 (run (shell "sudo ln -f /usr/bin/opam-dev /usr/bin/opam"))
 (run (network host)
      (shell "opam init --reinit --config .opamrc-sandbox -ni"))
 (run (shell "uname -rs && opam exec -- ocaml -version && opam --version"))
 (env OPAMDOWNLOADJOBS 1)
 (env OPAMERRLOGLEN 0)
 (env OPAMSOLVERTIMEOUT 500)
 (env OPAMPRECISETRACKING 1)
 (env CI true)
 (env OPAM_REPO_CI true)
 (run (shell "rm -rf opam-repository/"))
 (copy (src .) (dst opam-repository/))
 (run (shell "opam repository set-url --strict default opam-repository/"))
 (run (network host)
      (shell "opam update --depexts || true"))
 (run (shell "opam pin add -k version -yn ppx_deriving.6.0.2 6.0.2"))
 (run (cache (opam-archives (target /home/opam/.opam/download-cache)))
      (network host)
      (shell  "opam reinstall ppx_deriving.6.0.2;\
             \n        res=$?;\
             \n        test \"$res\" != 31 && exit \"$res\";\
             \n        export OPAMCLI=2.0;\
             \n        build_dir=$(opam var prefix)/.opam-switch/build;\
             \n        failed=$(ls \"$build_dir\");\
             \n        partial_fails=\"\";\
             \n        for pkg in $failed; do\
             \n          if opam show -f x-ci-accept-failures: \"$pkg\" | grep -qF \"\\\"debian-12\\\"\"; then\
             \n            echo \"A package failed and has been disabled for CI using the 'x-ci-accept-failures' field.\";\
             \n          fi;\
             \n          test \"$pkg\" != 'ppx_deriving.6.0.2' && partial_fails=\"$partial_fails $pkg\";\
             \n        done;\
             \n        test \"${partial_fails}\" != \"\" && echo \"opam-repo-ci detected dependencies failing: ${partial_fails}\";\
             \n        exit 1"))
 (run (cache (opam-archives (target /home/opam/.opam/download-cache)))
      (network host)
      (shell  "opam reinstall caldav.0.2.2;\
             \n        res=$?;\
             \n        test \"$res\" != 31 && exit \"$res\";\
             \n        export OPAMCLI=2.0;\
             \n        build_dir=$(opam var prefix)/.opam-switch/build;\
             \n        failed=$(ls \"$build_dir\");\
             \n        partial_fails=\"\";\
             \n        for pkg in $failed; do\
             \n          if opam show -f x-ci-accept-failures: \"$pkg\" | grep -qF \"\\\"debian-12\\\"\"; then\
             \n            echo \"A package failed and has been disabled for CI using the 'x-ci-accept-failures' field.\";\
             \n          fi;\
             \n          test \"$pkg\" != 'caldav.0.2.2' && partial_fails=\"$partial_fails $pkg\";\
             \n        done;\
             \n        test \"${partial_fails}\" != \"\" && echo \"opam-repo-ci detected dependencies failing: ${partial_fails}\";\
             \n        exit 1"))
 (run (network host)
      (shell "(opam reinstall --with-test caldav.0.2.2) || true"))
 (run (shell  "opam reinstall --with-test --verbose caldav.0.2.2;\
             \n        res=$?;\
             \n        test \"$res\" != 31 && exit \"$res\";\
             \n        export OPAMCLI=2.0;\
             \n        build_dir=$(opam var prefix)/.opam-switch/build;\
             \n        failed=$(ls \"$build_dir\");\
             \n        partial_fails=\"\";\
             \n        for pkg in $failed; do\
             \n          if opam show -f x-ci-accept-failures: \"$pkg\" | grep -qF \"\\\"debian-12\\\"\"; then\
             \n            echo \"A package failed and has been disabled for CI using the 'x-ci-accept-failures' field.\";\
             \n          fi;\
             \n          test \"$pkg\" != 'caldav.0.2.2' && partial_fails=\"$partial_fails $pkg\";\
             \n        done;\
             \n        test \"${partial_fails}\" != \"\" && echo \"opam-repo-ci detected dependencies failing: ${partial_fails}\";\
             \n        exit 1"))
)

2024-05-22 10:24.40: Waiting for resource in pool OCluster
2024-05-22 13:36.21: Waiting for worker…
2024-05-22 13:39.07: Got resource from pool OCluster
Building on asteria.caelum.ci.dev
All commits already cached
Updating files:  97% (32835/33709)Updating files:  98% (33035/33709)Updating files:  99% (33372/33709)Updating files: 100% (33709/33709)Updating files: 100% (33709/33709), done.
HEAD is now at 51268be018 Merge pull request #25902 from voodoos/release-merlin-5.0-502
Updating 51268be018..ca18d5edbc
Fast-forward
 packages/pa_ppx/pa_ppx.0.10/opam              |  2 +-
 packages/pa_ppx/pa_ppx.0.11/opam              |  2 +-
 packages/pa_ppx/pa_ppx.0.12/opam              |  2 +-
 packages/pa_ppx/pa_ppx.0.13/opam              |  2 +-
 packages/pa_ppx/pa_ppx.0.14/opam              |  2 +-
 packages/ppx_deriving/ppx_deriving.6.0.2/opam | 37 +++++++++++++++++++++++++++
 6 files changed, 42 insertions(+), 5 deletions(-)
 create mode 100644 packages/ppx_deriving/ppx_deriving.6.0.2/opam

[01;34m(from ocaml/opam:debian-12-ocaml-5.2@sha256:72f1ad6870043a5ae18793a383a4ff59bb1304a5fd68e210fb2ad0f70c9ca660)[0m
[01;2m[01;35m2024-05-22 13:40.50 ---> using "efa95ef99b8aa7297e2241765c861437c10bd642b9ced42ffa5c9ae1ca4d3cd4" from cache[0m

[01;34m/: (user (uid 1000) (gid 1000))[0m

[01;34m/: (workdir /home/opam)[0m

[01;34m/home/opam: (run (shell "sudo ln -f /usr/bin/opam-dev /usr/bin/opam"))[0m
[01;2m[01;35m2024-05-22 13:40.50 ---> using "b6dbda34a7bfbcecaf53ce1b27c917a02ba1365f9ab5ff30009298f2795440d8" from cache[0m

[01;34m/home/opam: (run (network host)
                 (shell "opam init --reinit --config .opamrc-sandbox -ni"))[0m
Configuring from /home/opam/.opamrc-sandbox, then /home/opam/.opamrc, and finally from built-in defaults.
Checking for available remotes: rsync and local, git.
  - you won't be able to use mercurial repositories unless you install the hg command on your system.
  - you won't be able to use darcs repositories unless you install the darcs command on your system.

This development version of opam requires an update to the layout of /home/opam/.opam from version 2.0 to version 2.2~beta, which can't be reverted.
You may want to back it up before going further.

Continue? [y/n] y
[NOTE] The 'jobs' option was reset, its value was 39 and its new value will vary according to the current number of cores on your machine. You can restore the fixed value using:
           opam option jobs=39 --global
Format upgrade done.

<><> Updating repositories ><><><><><><><><><><><><><><><><><><><><><><><><><><>
[default] synchronised from file:///home/opam/opam-repository
[01;2m[01;35m2024-05-22 13:40.50 ---> using "1a46b5946bd34bae7665d9ed7d1d23bd8a329e773fa0be7155a01e62ab9e321a" from cache[0m

[01;34m/home/opam: (run (shell "uname -rs && opam exec -- ocaml -version && opam --version"))[0m
Linux 5.15.0-107-generic
The OCaml toplevel, version 5.2.0
2.2.0~beta3~dev
[01;2m[01;35m2024-05-22 13:40.50 ---> using "76877ae6d785523c964b243ac3c5d087180476e800b019bcb4da5c9aed151e42" from cache[0m

[01;34m/home/opam: (env OPAMDOWNLOADJOBS 1)[0m

[01;34m/home/opam: (env OPAMERRLOGLEN 0)[0m

[01;34m/home/opam: (env OPAMSOLVERTIMEOUT 500)[0m

[01;34m/home/opam: (env OPAMPRECISETRACKING 1)[0m

[01;34m/home/opam: (env CI true)[0m

[01;34m/home/opam: (env OPAM_REPO_CI true)[0m

[01;34m/home/opam: (run (shell "rm -rf opam-repository/"))[0m
[01;2m[01;35m2024-05-22 13:40.50 ---> using "3093426f5da81095a517ddbff1096a0c19f6484b67f5dc6142e7833fde7f8417" from cache[0m

[01;34m/home/opam: (copy (src .) (dst opam-repository/))[0m
[01;2m[01;35m2024-05-22 13:40.52 ---> using "57bcd6f2ab55aa0e22da3ae6f1c625c8a7f72f78d9b481454d747246f6faf788" from cache[0m

[01;34m/home/opam: (run (shell "opam repository set-url --strict default opam-repository/"))[0m
[default] Initialised
[01;2m[01;35m2024-05-22 13:40.52 ---> using "8be78788596748a6b566c73118fedc6305900abacd3b0e29eefbe3ca36047ec4" from cache[0m

[01;34m/home/opam: (run (network host)
                 (shell "opam update --depexts || true"))[0m
+ /usr/bin/sudo "apt-get" "update"
- Hit:1 http://deb.debian.org/debian bookworm InRelease
- Get:2 http://deb.debian.org/debian bookworm-updates InRelease [55.4 kB]
- Get:3 http://deb.debian.org/debian-security bookworm-security InRelease [48.0 kB]
- Get:4 http://deb.debian.org/debian-security bookworm-security/main amd64 Packages [156 kB]
- Fetched 259 kB in 0s (907 kB/s)
- Reading package lists...
[01;2m[01;35m2024-05-22 13:40.52 ---> using "a2371a9e901774caaaf66b7da0ca262c77e7b9903cd59b80a2128f88945c03c5" from cache[0m

[01;34m/home/opam: (run (shell "opam pin add -k version -yn ppx_deriving.6.0.2 6.0.2"))[0m
ppx_deriving is now pinned to version 6.0.2
[01;2m[01;35m2024-05-22 13:40.52 ---> using "9a758ea0036be839371c25abb4651c9bf64e2f7e0966a7f27e6ee5e2fb77e87f" from cache[0m

[01;34m/home/opam: (run (cache (opam-archives (target /home/opam/.opam/download-cache)))
                 (network host)
                 (shell  "opam reinstall ppx_deriving.6.0.2;\
                        \n        res=$?;\
                        \n        test \"$res\" != 31 && exit \"$res\";\
                        \n        export OPAMCLI=2.0;\
                        \n        build_dir=$(opam var prefix)/.opam-switch/build;\
                        \n        failed=$(ls \"$build_dir\");\
                        \n        partial_fails=\"\";\
                        \n        for pkg in $failed; do\
                        \n          if opam show -f x-ci-accept-failures: \"$pkg\" | grep -qF \"\\\"debian-12\\\"\"; then\
                        \n            echo \"A package failed and has been disabled for CI using the 'x-ci-accept-failures' field.\";\
                        \n          fi;\
                        \n          test \"$pkg\" != 'ppx_deriving.6.0.2' && partial_fails=\"$partial_fails $pkg\";\
                        \n        done;\
                        \n        test \"${partial_fails}\" != \"\" && echo \"opam-repo-ci detected dependencies failing: ${partial_fails}\";\
                        \n        exit 1"))[0m
ppx_deriving.6.0.2 is not installed. Install it? [y/n] y
The following actions will be performed:
=== install 9 packages
  - install cppo                1.6.9          [required by ppx_deriving]
  - install dune                3.15.2         [required by ppx_deriving]
  - install ocaml-compiler-libs v0.17.0        [required by ppxlib]
  - install ocamlfind           1.9.6          [required by ppx_deriving]
  - install ppx_derivers        1.2.1          [required by ppx_deriving]
  - install ppx_deriving        6.0.2 (pinned)
  - install ppxlib              0.32.1         [required by ppx_deriving]
  - install sexplib0            v0.17.0        [required by ppxlib]
  - install stdlib-shims        0.3.0          [required by ppxlib]

<><> Processing actions <><><><><><><><><><><><><><><><><><><><><><><><><><><><>
-> retrieved cppo.1.6.9  (cached)
-> retrieved dune.3.15.2  (cached)
-> retrieved ocaml-compiler-libs.v0.17.0  (cached)
-> retrieved ocamlfind.1.9.6  (cached)
-> retrieved ppx_derivers.1.2.1  (cached)
-> retrieved ppx_deriving.6.0.2  (cached)
-> retrieved ppxlib.0.32.1  (cached)
-> retrieved sexplib0.v0.17.0  (cached)
-> retrieved stdlib-shims.0.3.0  (cached)
-> installed ocamlfind.1.9.6
-> installed dune.3.15.2
-> installed ppx_derivers.1.2.1
-> installed stdlib-shims.0.3.0
-> installed sexplib0.v0.17.0
-> installed ocaml-compiler-libs.v0.17.0
-> installed cppo.1.6.9
-> installed ppxlib.0.32.1
-> installed ppx_deriving.6.0.2
Done.
# Run eval $(opam env) to update the current shell environment
[01;2m[01;35m2024-05-22 13:40.52 ---> using "b191acc7ef57a43b8f7e716b7b250cc47f65649ed981e361761ce6312ff2922b" from cache[0m

[01;34m/home/opam: (run (cache (opam-archives (target /home/opam/.opam/download-cache)))
                 (network host)
                 (shell  "opam reinstall caldav.0.2.2;\
                        \n        res=$?;\
                        \n        test \"$res\" != 31 && exit \"$res\";\
                        \n        export OPAMCLI=2.0;\
                        \n        build_dir=$(opam var prefix)/.opam-switch/build;\
                        \n        failed=$(ls \"$build_dir\");\
                        \n        partial_fails=\"\";\
                        \n        for pkg in $failed; do\
                        \n          if opam show -f x-ci-accept-failures: \"$pkg\" | grep -qF \"\\\"debian-12\\\"\"; then\
                        \n            echo \"A package failed and has been disabled for CI using the 'x-ci-accept-failures' field.\";\
                        \n          fi;\
                        \n          test \"$pkg\" != 'caldav.0.2.2' && partial_fails=\"$partial_fails $pkg\";\
                        \n        done;\
                        \n        test \"${partial_fails}\" != \"\" && echo \"opam-repo-ci detected dependencies failing: ${partial_fails}\";\
                        \n        exit 1"))[0m
caldav.0.2.2 is not installed. Install it? [y/n] y
The following actions will be performed:
=== downgrade 1 package
  - downgrade sexplib0           v0.17.0 to v0.16.0 [required by cohttp-lwt, cohttp, sexplib]
=== recompile 2 packages
  - recompile ppx_deriving       6.0.2 (pinned)     [uses ppxlib]
  - recompile ppxlib             0.32.1             [uses sexplib0]
=== install 47 packages
  - install   angstrom           0.16.0             [required by icalendar]
  - install   base               v0.16.3            [required by ppx_sexp_conv]
  - install   base-bytes         base               [required by cohttp]
  - install   base64             3.5.1              [required by caldav]
  - install   bigstringaf        0.9.1              [required by angstrom]
  - install   caldav             0.2.2
  - install   cohttp             5.3.1              [required by caldav]
  - install   cohttp-lwt         5.3.0              [required by caldav]
  - install   conf-bash          1                  [required by base]
  - install   csexp              1.5.2              [required by dune-configurator]
  - install   cstruct            6.2.0              [required by mirage-crypto-rng, mirage-crypto, mirage-random]
  - install   dispatch           0.5.0              [required by caldav]
  - install   dune-configurator  3.15.2             [required by mirage-crypto, mirage-crypto-rng]
  - install   duration           0.2.1              [required by mirage-crypto-rng]
  - install   eqaf               0.9                [required by mirage-crypto]
  - install   fmt                0.9.0              [required by caldav]
  - install   gmap               0.3.0              [required by icalendar]
  - install   icalendar          0.1.8              [required by caldav]
  - install   jsonm              1.0.2              [required by cohttp]
  - install   logs               0.7.0              [required by caldav]
  - install   lwt                5.7.0              [required by caldav]
  - install   metrics            0.4.1              [required by caldav]
  - install   mirage-clock       4.2.0              [required by caldav]
  - install   mirage-crypto      0.11.3             [required by caldav]
  - install   mirage-crypto-rng  0.11.3             [required by caldav]
  - install   mirage-kv          6.1.1              [required by caldav]
  - install   mirage-random      3.0.0              [required by caldav]
  - install   num                1.5                [required by sexplib]
  - install   ocaml-syntax-shims 1.0.0              [required by angstrom]
  - install   ocamlbuild         0.14.3             [required by xmlm]
  - install   ocplib-endian      1.2                [required by lwt]
  - install   ohex               0.2.0              [required by caldav]
  - install   optint             0.3.0              [required by mirage-kv]
  - install   parsexp            v0.16.0            [required by sexplib]
  - install   ppx_sexp_conv      v0.16.0            [required by caldav]
  - install   ptime              1.1.0              [required by caldav]
  - install   re                 1.11.0             [required by caldav]
  - install   result             1.5                [required by dispatch]
  - install   seq                base               [required by tyxml]
  - install   sexplib            v0.16.0            [required by caldav]
  - install   stringext          1.6.0              [required by cohttp]
  - install   topkg              1.0.7              [required by xmlm]
  - install   tyxml              4.6.0              [required by caldav]
  - install   uri                4.4.0              [required by caldav]
  - install   uri-sexp           4.4.0              [required by cohttp]
  - install   uutf               1.0.3              [required by tyxml]
  - install   xmlm               1.4.0              [required by caldav]

<><> Processing actions <><><><><><><><><><><><><><><><><><><><><><><><><><><><>
-> retrieved angstrom.0.16.0  (cached)
-> retrieved base.v0.16.3  (cached)
-> installed base-bytes.base
-> retrieved base64.3.5.1  (cached)
-> retrieved bigstringaf.0.9.1  (cached)
-> retrieved caldav.0.2.2  (cached)
-> retrieved cohttp.5.3.1  (cached)
-> retrieved cohttp-lwt.5.3.0  (cached)
-> retrieved csexp.1.5.2  (cached)
-> installed conf-bash.1
-> retrieved cstruct.6.2.0  (cached)
-> retrieved dispatch.0.5.0  (cached)
-> installed base64.3.5.1
-> installed csexp.1.5.2
-> retrieved dune-configurator.3.15.2  (cached)
-> retrieved duration.0.2.1  (cached)
-> retrieved eqaf.0.9  (cached)
-> retrieved fmt.0.9.0  (cached)
-> retrieved gmap.0.3.0  (cached)
-> retrieved icalendar.0.1.8  (cached)
-> retrieved jsonm.1.0.2  (cached)
-> retrieved logs.0.7.0  (cached)
-> retrieved lwt.5.7.0  (cached)
-> retrieved metrics.0.4.1  (cached)
-> retrieved mirage-clock.4.2.0  (cached)
-> installed duration.0.2.1
-> installed gmap.0.3.0
-> installed mirage-clock.4.2.0
-> retrieved mirage-crypto.0.11.3, mirage-crypto-rng.0.11.3  (cached)
-> retrieved mirage-kv.6.1.1  (cached)
-> retrieved mirage-random.3.0.0  (cached)
-> retrieved num.1.5  (cached)
-> retrieved ocaml-syntax-shims.1.0.0  (cached)
-> retrieved ocamlbuild.0.14.3  (cached)
-> retrieved ocplib-endian.1.2  (cached)
-> retrieved ohex.0.2.0  (cached)
-> retrieved optint.0.3.0  (cached)
-> retrieved parsexp.v0.16.0  (cached)
-> retrieved ppx_deriving.6.0.2  (cached)
-> retrieved ppx_sexp_conv.v0.16.0  (cached)
-> retrieved ppxlib.0.32.1  (cached)
-> retrieved ptime.1.1.0  (cached)
-> retrieved re.1.11.0  (cached)
-> retrieved result.1.5  (cached)
-> installed seq.base
-> installed ohex.0.2.0
-> retrieved sexplib.v0.16.0  (cached)
-> retrieved sexplib0.v0.16.0  (cached)
-> retrieved stringext.1.6.0  (cached)
-> retrieved topkg.1.0.7  (cached)
-> installed dune-configurator.3.15.2
-> retrieved tyxml.4.6.0  (cached)
-> installed optint.0.3.0
-> installed ocplib-endian.1.2
-> retrieved uri.4.4.0, uri-sexp.4.4.0  (cached)
-> retrieved uutf.1.0.3  (cached)
-> retrieved xmlm.1.4.0  (cached)
-> installed stringext.1.6.0
-> installed result.1.5
-> installed dispatch.0.5.0
-> installed ocaml-syntax-shims.1.0.0
-> removed   ppx_deriving.6.0.2
-> removed   ppxlib.0.32.1
-> removed   sexplib0.v0.17.0
-> installed sexplib0.v0.16.0
-> installed bigstringaf.0.9.1
-> installed re.1.11.0
-> installed num.1.5
-> installed angstrom.0.16.0
-> installed parsexp.v0.16.0
-> installed lwt.5.7.0
-> installed uri.4.4.0
-> installed sexplib.v0.16.0
-> installed ocamlbuild.0.14.3
-> installed base.v0.16.3
-> installed topkg.1.0.7
-> installed uutf.1.0.3
-> installed fmt.0.9.0
-> installed xmlm.1.4.0
-> installed ptime.1.1.0
-> installed metrics.0.4.1
-> installed mirage-kv.6.1.1
-> installed cstruct.6.2.0
-> installed jsonm.1.0.2
-> installed mirage-random.3.0.0
-> installed eqaf.0.9
-> installed logs.0.7.0
-> installed ppxlib.0.32.1
-> installed tyxml.4.6.0
-> installed mirage-crypto.0.11.3
-> installed mirage-crypto-rng.0.11.3
-> installed ppx_sexp_conv.v0.16.0
-> installed ppx_deriving.6.0.2
-> installed uri-sexp.4.4.0
-> installed icalendar.0.1.8
-> installed cohttp.5.3.1
-> installed cohttp-lwt.5.3.0
-> installed caldav.0.2.2
Done.
# Run eval $(opam env) to update the current shell environment
[01;2m[01;35m2024-05-22 13:41.31 ---> saved as "7be72c6528d23c807dd8f71db2e9b53f83aeaf25868d542e8f5efa46412692bf"[0m

[01;34m/home/opam: (run (network host)
                 (shell "(opam reinstall --with-test caldav.0.2.2) || true"))[0m
[ERROR] Sorry, resolution of the request timed out.
        Try to specify a more precise request, use a different solver, or increase the allowed time by setting OPAMSOLVERTIMEOUT to a bigger value (currently, it is set to 500.0 seconds).
[01;2m[01;35m2024-05-22 13:50.01 ---> saved as "53826d1585933ebc68cee067df9aed1557b9d83a6c1e05ac03463888563cfca0"[0m

[01;34m/home/opam: (run (shell  "opam reinstall --with-test --verbose caldav.0.2.2;\
                        \n        res=$?;\
                        \n        test \"$res\" != 31 && exit \"$res\";\
                        \n        export OPAMCLI=2.0;\
                        \n        build_dir=$(opam var prefix)/.opam-switch/build;\
                        \n        failed=$(ls \"$build_dir\");\
                        \n        partial_fails=\"\";\
                        \n        for pkg in $failed; do\
                        \n          if opam show -f x-ci-accept-failures: \"$pkg\" | grep -qF \"\\\"debian-12\\\"\"; then\
                        \n            echo \"A package failed and has been disabled for CI using the 'x-ci-accept-failures' field.\";\
                        \n          fi;\
                        \n          test \"$pkg\" != 'caldav.0.2.2' && partial_fails=\"$partial_fails $pkg\";\
                        \n        done;\
                        \n        test \"${partial_fails}\" != \"\" && echo \"opam-repo-ci detected dependencies failing: ${partial_fails}\";\
                        \n        exit 1"))[0m
[ERROR] Sorry, resolution of the request timed out.
        Try to specify a more precise request, use a different solver, or increase the allowed time by setting OPAMSOLVERTIMEOUT to a bigger value (currently, it is set to 500.0 seconds).
'opam reinstall --with-test --verbose caldav.0.2.2' failed.
"/usr/bin/env" "bash" "-c" "opam reinstall --with-test --verbose caldav.0.2.2;
        res=$?;
        test "$res" != 31 && exit "$res";
        export OPAMCLI=2.0;
        build_dir=$(opam var prefix)/.opam-switch/build;
        failed=$(ls "$build_dir");
        partial_fails="";
        for pkg in $failed; do
          if opam show -f x-ci-accept-failures: "$pkg" | grep -qF "\"debian-12\""; then
            echo "A package failed and has been disabled for CI using the 'x-ci-accept-failures' field.";
          fi;
          test "$pkg" != 'caldav.0.2.2' && partial_fails="$partial_fails $pkg";
        done;
        test "${partial_fails}" != "" && echo "opam-repo-ci detected dependencies failing: ${partial_fails}";
        exit 1" failed with exit status 60
2024-05-22 13:58.38: Job failed: Failed: Build failed
2024-05-22 13:58.38: Log analysis:
2024-05-22 13:58.38: >>> 
[ERROR] Sorry, resolution of the request timed out.
 (score = 20)
2024-05-22 13:58.38: >>> 
[ERROR] Sorry, resolution of the request timed out.
 (score = 20)
2024-05-22 13:58.38: Sorry, resolution of the request timed out.
