2024-05-22 13:47.50: New job: test git-kv.0.0.5, using opam dev
                              from https://github.com/ocaml/opam-repository.git#refs/pull/25894/head (777a342f85004b1ec44804b28181c37f4bf6dcfe)
                              on freebsd-ocaml-4.14/amd64

To reproduce locally:

cd $(mktemp -d)
git clone --recursive "https://github.com/ocaml/opam-repository.git" && cd "opam-repository" && git fetch origin "refs/pull/25894/head" && git reset --hard 777a342f
git fetch origin master
git merge --no-edit 3505472c3fc3f0d0d3c69dc4ec5fcc252487070e
cat > ../Dockerfile <<'END-OF-DOCKERFILE'
[34mFROM freebsd-ocaml-4.14
USER 1000:1000
WORKDIR /home/opam
RUN sudo ln -f /usr/local/bin/opam-dev /usr/local/bin/opam
RUN opam init --reinit -ni
RUN uname -rs && opam exec -- ocaml -version && opam --version
ENV OPAMDOWNLOADJOBS="1"
ENV OPAMERRLOGLEN="0"
ENV OPAMSOLVERTIMEOUT="500"
ENV OPAMPRECISETRACKING="1"
ENV CI="true"
ENV OPAM_REPO_CI="true"
RUN rm -rf opam-repository/
COPY --chown=1000:1000 . opam-repository/
RUN opam repository set-url --strict default opam-repository/
RUN opam update --depexts || true
RUN opam pin add -k version -yn git-kv.0.0.5 0.0.5
RUN opam reinstall git-kv.0.0.5; \
    res=$?; \
    test "$res" != 31 && exit "$res"; \
    export OPAMCLI=2.0; \
    build_dir=$(opam var prefix)/.opam-switch/build; \
    failed=$(ls "$build_dir"); \
    partial_fails=""; \
    for pkg in $failed; do \
    if opam show -f x-ci-accept-failures: "$pkg" | grep -qF "\"freebsd\""; then \
    echo "A package failed and has been disabled for CI using the 'x-ci-accept-failures' field."; \
    fi; \
    test "$pkg" != 'git-kv.0.0.5' && partial_fails="$partial_fails $pkg"; \
    done; \
    test "${partial_fails}" != "" && echo "opam-repo-ci detected dependencies failing: ${partial_fails}"; \
    exit 1
RUN (opam reinstall --with-test git-kv.0.0.5) || true
RUN opam reinstall --with-test --verbose git-kv.0.0.5; \
    res=$?; \
    test "$res" != 31 && exit "$res"; \
    export OPAMCLI=2.0; \
    build_dir=$(opam var prefix)/.opam-switch/build; \
    failed=$(ls "$build_dir"); \
    partial_fails=""; \
    for pkg in $failed; do \
    if opam show -f x-ci-accept-failures: "$pkg" | grep -qF "\"freebsd\""; then \
    echo "A package failed and has been disabled for CI using the 'x-ci-accept-failures' field."; \
    fi; \
    test "$pkg" != 'git-kv.0.0.5' && partial_fails="$partial_fails $pkg"; \
    done; \
    test "${partial_fails}" != "" && echo "opam-repo-ci detected dependencies failing: ${partial_fails}"; \
    exit 1
[0m
END-OF-DOCKERFILE
docker build -f ../Dockerfile .

2024-05-22 13:47.50: Using cache hint "freebsd-ocaml-4.14-git-kv.0.0.5-777a342f85004b1ec44804b28181c37f4bf6dcfe"
2024-05-22 13:47.50: Using OBuilder spec:
((from freebsd-ocaml-4.14)
 (user (uid 1000) (gid 1000))
 (workdir /home/opam)
 (run (shell "sudo ln -f /usr/local/bin/opam-dev /usr/local/bin/opam"))
 (run (network host)
      (shell "opam init --reinit -ni"))
 (run (shell "uname -rs && opam exec -- ocaml -version && opam --version"))
 (env OPAMDOWNLOADJOBS 1)
 (env OPAMERRLOGLEN 0)
 (env OPAMSOLVERTIMEOUT 500)
 (env OPAMPRECISETRACKING 1)
 (env CI true)
 (env OPAM_REPO_CI true)
 (run (shell "rm -rf opam-repository/"))
 (copy (src .) (dst opam-repository/))
 (run (shell "opam repository set-url --strict default opam-repository/"))
 (run (network host)
      (shell "opam update --depexts || true"))
 (run (shell "opam pin add -k version -yn git-kv.0.0.5 0.0.5"))
 (run (cache (opam-archives (target /home/opam/.opam/download-cache)))
      (network host)
      (shell  "opam reinstall git-kv.0.0.5;\
             \n        res=$?;\
             \n        test \"$res\" != 31 && exit \"$res\";\
             \n        export OPAMCLI=2.0;\
             \n        build_dir=$(opam var prefix)/.opam-switch/build;\
             \n        failed=$(ls \"$build_dir\");\
             \n        partial_fails=\"\";\
             \n        for pkg in $failed; do\
             \n          if opam show -f x-ci-accept-failures: \"$pkg\" | grep -qF \"\\\"freebsd\\\"\"; then\
             \n            echo \"A package failed and has been disabled for CI using the 'x-ci-accept-failures' field.\";\
             \n          fi;\
             \n          test \"$pkg\" != 'git-kv.0.0.5' && partial_fails=\"$partial_fails $pkg\";\
             \n        done;\
             \n        test \"${partial_fails}\" != \"\" && echo \"opam-repo-ci detected dependencies failing: ${partial_fails}\";\
             \n        exit 1"))
 (run (network host)
      (shell "(opam reinstall --with-test git-kv.0.0.5) || true"))
 (run (shell  "opam reinstall --with-test --verbose git-kv.0.0.5;\
             \n        res=$?;\
             \n        test \"$res\" != 31 && exit \"$res\";\
             \n        export OPAMCLI=2.0;\
             \n        build_dir=$(opam var prefix)/.opam-switch/build;\
             \n        failed=$(ls \"$build_dir\");\
             \n        partial_fails=\"\";\
             \n        for pkg in $failed; do\
             \n          if opam show -f x-ci-accept-failures: \"$pkg\" | grep -qF \"\\\"freebsd\\\"\"; then\
             \n            echo \"A package failed and has been disabled for CI using the 'x-ci-accept-failures' field.\";\
             \n          fi;\
             \n          test \"$pkg\" != 'git-kv.0.0.5' && partial_fails=\"$partial_fails $pkg\";\
             \n        done;\
             \n        test \"${partial_fails}\" != \"\" && echo \"opam-repo-ci detected dependencies failing: ${partial_fails}\";\
             \n        exit 1"))
)

2024-05-22 13:47.50: Waiting for resource in pool OCluster
2024-05-22 13:47.50: Waiting for worker…
2024-05-22 13:47.50: Got resource from pool OCluster
Building on summer
Updating files: 100% (33710/33710), done.
HEAD is now at 008f4b67f3 tcpip: require older vnetif
HEAD is now at 3505472c3f Merge pull request #25909 from hannesm/release-mirage-bootvar-v1.0.1
Merge made by the 'ort' strategy.
 packages/git-kv/git-kv.0.0.5/opam | 39 +++++++++++++++++++++++++++++++++++++++
 1 file changed, 39 insertions(+)
 create mode 100644 packages/git-kv/git-kv.0.0.5/opam

[01;34m(from freebsd-ocaml-4.14)[0m
[01;2m[01;35m2024-05-22 13:41.30 ---> using "57eeeabfec88366322a66f228a693df277d348dc99f1cc2a63749102c5e1e405" from cache[0m

[01;34m/: (user (uid 1000) (gid 1000))[0m

[01;34m/: (workdir /home/opam)[0m

[01;34m/home/opam: (run (shell "sudo ln -f /usr/local/bin/opam-dev /usr/local/bin/opam"))[0m
[01;2m[01;35m2024-05-22 13:41.30 ---> using "85d5eb985f2262919a26a9cdcf048ce0967ef341a4c5d41a4d1a47b077ffa8eb" from cache[0m

[01;34m/home/opam: (run (network host)
                 (shell "opam init --reinit -ni"))[0m
No configuration file found, using built-in defaults.
Checking for available remotes: rsync and local, git.
  - you won't be able to use mercurial repositories unless you install the hg command on your system.
  - you won't be able to use darcs repositories unless you install the darcs command on your system.

This development version of opam requires an update to the layout of /home/opam/.opam from version 2.1 to version 2.2~beta, which can't be reverted.
You may want to back it up before going further.

Continue? [y/n] y
[NOTE] The 'jobs' option was reset, its value was 1 and its new value will vary according to the current number of cores on your machine. You can restore the fixed value using:
           opam option jobs=1 --global
Format upgrade done.

<><> Updating repositories ><><><><><><><><><><><><><><><><><><><><><><><><><><>
[default] no changes from git+file:///home/opam/opam-repository
[01;2m[01;35m2024-05-22 13:41.30 ---> using "08e4174ad8cc33ff0dffef40dd5755acd4c7df1ee65b0d98f918f8851b0422be" from cache[0m

[01;34m/home/opam: (run (shell "uname -rs && opam exec -- ocaml -version && opam --version"))[0m
FreeBSD 14.0-RELEASE-p6
The OCaml toplevel, version 4.14.2
2.2.0~beta3~dev
[01;2m[01;35m2024-05-22 13:41.30 ---> using "a624c9a56a657e8f7944ca7b5e274913c647764382db65f778e1fb6ea0cbf8b9" from cache[0m

[01;34m/home/opam: (env OPAMDOWNLOADJOBS 1)[0m

[01;34m/home/opam: (env OPAMERRLOGLEN 0)[0m

[01;34m/home/opam: (env OPAMSOLVERTIMEOUT 500)[0m

[01;34m/home/opam: (env OPAMPRECISETRACKING 1)[0m

[01;34m/home/opam: (env CI true)[0m

[01;34m/home/opam: (env OPAM_REPO_CI true)[0m

[01;34m/home/opam: (run (shell "rm -rf opam-repository/"))[0m
[01;2m[01;35m2024-05-22 13:41.31 ---> using "7664227bcddc9f07a15b72213897bcf0575250f735d1bc45966bada674a472ca" from cache[0m

[01;34m/home/opam: (copy (src .) (dst opam-repository/))[0m
[01;2m[01;35m2024-05-22 13:41.41 ---> saved as "cdaa56fb98259486a18c6f16d27b90eb24c651fd32ea15c05bc7de08cf635372"[0m

[01;34m/home/opam: (run (shell "opam repository set-url --strict default opam-repository/"))[0m
[default] Initialised
[01;2m[01;35m2024-05-22 13:42.08 ---> saved as "afe812450eab36a8003aa451a184b8fc02b2f136d6665b4a85913379c7f8b0f7"[0m

[01;34m/home/opam: (run (network host)
                 (shell "opam update --depexts || true"))[0m
[WARNING] Unknown update command for bsd, skipping system update
[01;2m[01;35m2024-05-22 13:42.08 ---> saved as "b1d34e74a620b0a7ac643acf66dc496bff7af96bb2bc55413dbdebff582e88c0"[0m

[01;34m/home/opam: (run (shell "opam pin add -k version -yn git-kv.0.0.5 0.0.5"))[0m
git-kv is now pinned to version 0.0.5
[01;2m[01;35m2024-05-22 13:42.09 ---> saved as "a064655bb6154640af1193e25f461ffd6a7d49c354c0dbf515c218ba4e7f6546"[0m

[01;34m/home/opam: (run (cache (opam-archives (target /home/opam/.opam/download-cache)))
                 (network host)
                 (shell  "opam reinstall git-kv.0.0.5;\
                        \n        res=$?;\
                        \n        test \"$res\" != 31 && exit \"$res\";\
                        \n        export OPAMCLI=2.0;\
                        \n        build_dir=$(opam var prefix)/.opam-switch/build;\
                        \n        failed=$(ls \"$build_dir\");\
                        \n        partial_fails=\"\";\
                        \n        for pkg in $failed; do\
                        \n          if opam show -f x-ci-accept-failures: \"$pkg\" | grep -qF \"\\\"freebsd\\\"\"; then\
                        \n            echo \"A package failed and has been disabled for CI using the 'x-ci-accept-failures' field.\";\
                        \n          fi;\
                        \n          test \"$pkg\" != 'git-kv.0.0.5' && partial_fails=\"$partial_fails $pkg\";\
                        \n        done;\
                        \n        test \"${partial_fails}\" != \"\" && echo \"opam-repo-ci detected dependencies failing: ${partial_fails}\";\
                        \n        exit 1"))[0m
git-kv.0.0.5 is not installed. Install it? [y/n] y
The following actions will be performed:
=== install 54 packages
  ∗ angstrom           0.16.0         [required by git]
  ∗ astring            0.8.5          [required by git]
  ∗ base-bytes         base           [required by ocplib-endian]
  ∗ base64             3.5.1          [required by git]
  ∗ bigstringaf        0.9.1          [required by carton-lwt, carton, git]
  ∗ bos                0.2.1          [required by carton]
  ∗ carton             0.7.1          [required by git-kv]
  ∗ carton-git         0.7.1          [required by git]
  ∗ carton-lwt         0.7.1          [required by git-kv]
  ∗ checkseum          0.5.2          [required by carton, git]
  ∗ cmdliner           1.2.0          [required by carton]
  ∗ cppo               1.6.9          [required by lwt]
  ∗ csexp              1.5.2          [required by dune-configurator]
  ∗ cstruct            6.2.0          [required by carton, git]
  ∗ decompress         1.5.3          [required by carton-lwt, carton, git]
  ∗ digestif           1.2.0          [required by carton, git]
  ∗ domain-name        0.4.0          [required by git]
  ∗ duff               0.5            [required by carton]
  ∗ dune               3.15.2         [required by git-kv]
  ∗ dune-configurator  3.15.2         [required by checkseum, bigstringaf, hxd]
  ∗ emile              1.1            [required by git]
  ∗ encore             0.8            [required by git]
  ∗ eqaf               0.9            [required by digestif]
  ∗ fmt                0.9.0          [required by git-kv]
  ∗ fpath              0.7.3          [required by carton, git]
  ∗ git                3.15.0         [required by git-kv]
  ∗ git-kv             0.0.5 (pinned)
  ∗ hxd                0.3.2          [required by carton, git]
  ∗ ipaddr             5.5.0          [required by git]
  ∗ ke                 0.6            [required by carton, git]
  ∗ logs               0.7.0          [required by carton, git]
  ∗ lwt                5.7.0          [required by git, carton-lwt, mirage-kv]
  ∗ macaddr            5.5.0          [required by ipaddr]
  ∗ mimic              0.0.7          [required by git]
  ∗ mirage-clock       4.2.0          [required by git-kv]
  ∗ mirage-flow        4.0.2          [required by git]
  ∗ mirage-kv          6.1.1          [required by git-kv]
  ∗ ocaml-syntax-shims 1.0.0          [required by angstrom]
  ∗ ocamlbuild         0.14.3         [required by bos, ptime]
  ∗ ocamlfind          1.9.6          [required by bos, ptime]
  ∗ ocamlgraph         2.1.0          [required by git]
  ∗ ocplib-endian      1.2            [required by lwt]
  ∗ optint             0.3.0          [required by git, carton, carton-lwt, mirage-kv]
  ∗ pecu               0.7            [required by emile]
  ∗ psq                0.2.1          [required by carton, git]
  ∗ ptime              1.1.0          [required by git-kv]
  ∗ result             1.5            [required by carton, git]
  ∗ rresult            0.7.0          [required by carton, git]
  ∗ seq                base           [required by psq]
  ∗ stdlib-shims       0.3.0          [required by ocamlgraph]
  ∗ stringext          1.6.0          [required by uri]
  ∗ topkg              1.0.7          [required by bos, ptime]
  ∗ uri                4.4.0          [required by git]
  ∗ uutf               1.0.3          [required by emile]

<><> Processing actions <><><><><><><><><><><><><><><><><><><><><><><><><><><><>
⬇ retrieved angstrom.0.16.0  (cached)
⬇ retrieved astring.0.8.5  (cached)
⬇ retrieved base64.3.5.1  (cached)
⬇ retrieved bigstringaf.0.9.1  (cached)
⬇ retrieved bos.0.2.1  (cached)
⬇ retrieved carton.0.7.1, carton-git.0.7.1, carton-lwt.0.7.1  (cached)
⬇ retrieved checkseum.0.5.2  (cached)
⬇ retrieved cmdliner.1.2.0  (cached)
⬇ retrieved cppo.1.6.9  (cached)
⬇ retrieved csexp.1.5.2  (cached)
⬇ retrieved cstruct.6.2.0  (cached)
⬇ retrieved decompress.1.5.3  (cached)
⬇ retrieved digestif.1.2.0  (cached)
⬇ retrieved domain-name.0.4.0  (cached)
⬇ retrieved duff.0.5  (cached)
⬇ retrieved dune.3.15.2, dune-configurator.3.15.2  (cached)
⬇ retrieved emile.1.1  (cached)
⬇ retrieved encore.0.8  (cached)
⬇ retrieved eqaf.0.9  (cached)
⬇ retrieved fmt.0.9.0  (cached)
⬇ retrieved fpath.0.7.3  (cached)
∗ installed cmdliner.1.2.0
⬇ retrieved git.3.15.0  (cached)
⬇ retrieved git-kv.0.0.5  (https://github.com/robur-coop/git-kv/releases/download/v0.0.5/git-kv-0.0.5.tbz)
⬇ retrieved hxd.0.3.2  (cached)
⬇ retrieved ipaddr.5.5.0, macaddr.5.5.0  (cached)
⬇ retrieved ke.0.6  (cached)
⬇ retrieved logs.0.7.0  (cached)
⬇ retrieved lwt.5.7.0  (cached)
⬇ retrieved mimic.0.0.7  (cached)
⬇ retrieved mirage-clock.4.2.0  (cached)
⬇ retrieved mirage-flow.4.0.2  (cached)
⬇ retrieved mirage-kv.6.1.1  (cached)
⬇ retrieved ocaml-syntax-shims.1.0.0  (cached)
⬇ retrieved ocamlbuild.0.14.3  (cached)
⬇ retrieved ocamlfind.1.9.6  (cached)
⬇ retrieved ocamlgraph.2.1.0  (cached)
⬇ retrieved ocplib-endian.1.2  (cached)
⬇ retrieved optint.0.3.0  (cached)
⬇ retrieved pecu.0.7  (cached)
⬇ retrieved psq.0.2.1  (cached)
⬇ retrieved ptime.1.1.0  (cached)
⬇ retrieved result.1.5  (cached)
⬇ retrieved rresult.0.7.0  (cached)
∗ installed seq.base
⬇ retrieved stdlib-shims.0.3.0  (cached)
⬇ retrieved stringext.1.6.0  (cached)
⬇ retrieved topkg.1.0.7  (cached)
⬇ retrieved uri.4.4.0  (cached)
⬇ retrieved uutf.1.0.3  (cached)
∗ installed ocamlfind.1.9.6
∗ installed base-bytes.base
∗ installed ocamlbuild.0.14.3
∗ installed topkg.1.0.7
∗ installed rresult.0.7.0
∗ installed uutf.1.0.3
∗ installed ptime.1.1.0
∗ installed fmt.0.9.0
∗ installed astring.0.8.5
∗ installed fpath.0.7.3
∗ installed dune.3.15.2
∗ installed mirage-clock.4.2.0
∗ installed csexp.1.5.2
∗ installed stringext.1.6.0
∗ installed stdlib-shims.0.3.0
∗ installed result.1.5
∗ installed psq.0.2.1
∗ installed pecu.0.7
∗ installed optint.0.3.0
∗ installed ocaml-syntax-shims.1.0.0
∗ installed macaddr.5.5.0
∗ installed ke.0.6
∗ installed duff.0.5
∗ installed domain-name.0.4.0
∗ installed cstruct.6.2.0
∗ installed cppo.1.6.9
∗ installed base64.3.5.1
∗ installed ocplib-endian.1.2
∗ installed eqaf.0.9
∗ installed ipaddr.5.5.0
∗ installed dune-configurator.3.15.2
∗ installed bigstringaf.0.9.1
∗ installed digestif.1.2.0
∗ installed ocamlgraph.2.1.0
∗ installed checkseum.0.5.2
∗ installed angstrom.0.16.0
∗ installed encore.0.8
∗ installed emile.1.1
∗ installed decompress.1.5.3
∗ installed uri.4.4.0
∗ installed lwt.5.7.0
∗ installed mirage-flow.4.0.2
∗ installed mirage-kv.6.1.1
∗ installed hxd.0.3.2
∗ installed logs.0.7.0
∗ installed mimic.0.0.7
∗ installed bos.0.2.1
∗ installed carton.0.7.1
∗ installed carton-lwt.0.7.1
∗ installed carton-git.0.7.1
∗ installed git.3.15.0
∗ installed git-kv.0.0.5
Done.
[01;2m[01;35m2024-05-22 13:43.27 ---> saved as "f17b17d429112777e8be689f641ee4c9489ea5dbf33faf58994ea8fbf975ac38"[0m

[01;34m/home/opam: (run (network host)
                 (shell "(opam reinstall --with-test git-kv.0.0.5) || true"))[0m
[ERROR] Sorry, resolution of the request timed out.
        Try to specify a more precise request, use a different solver, or increase the allowed time by setting OPAMSOLVERTIMEOUT to a bigger value (currently, it is set to 500.0 seconds).
[01;2m[01;35m2024-05-22 13:52.03 ---> saved as "a6734732afff3b317c91e26365a4fc6869058e08221c384ab62d94590facc911"[0m

[01;34m/home/opam: (run (shell  "opam reinstall --with-test --verbose git-kv.0.0.5;\
                        \n        res=$?;\
                        \n        test \"$res\" != 31 && exit \"$res\";\
                        \n        export OPAMCLI=2.0;\
                        \n        build_dir=$(opam var prefix)/.opam-switch/build;\
                        \n        failed=$(ls \"$build_dir\");\
                        \n        partial_fails=\"\";\
                        \n        for pkg in $failed; do\
                        \n          if opam show -f x-ci-accept-failures: \"$pkg\" | grep -qF \"\\\"freebsd\\\"\"; then\
                        \n            echo \"A package failed and has been disabled for CI using the 'x-ci-accept-failures' field.\";\
                        \n          fi;\
                        \n          test \"$pkg\" != 'git-kv.0.0.5' && partial_fails=\"$partial_fails $pkg\";\
                        \n        done;\
                        \n        test \"${partial_fails}\" != \"\" && echo \"opam-repo-ci detected dependencies failing: ${partial_fails}\";\
                        \n        exit 1"))[0m
[ERROR] Sorry, resolution of the request timed out.
        Try to specify a more precise request, use a different solver, or increase the allowed time by setting OPAMSOLVERTIMEOUT to a bigger value (currently, it is set to 500.0 seconds).
'opam reinstall --with-test --verbose git-kv.0.0.5' failed.
jail: /usr/bin/su -l opam -c cd '/home/opam' && env OPAM_REPO_CI='true' CI='true' OPAMPRECISETRACKING='1' OPAMSOLVERTIMEOUT='500' OPAMERRLOGLEN='0' OPAMDOWNLOADJOBS='1' '/usr/bin/env' 'bash' '-c' 'opam reinstall --with-test --verbose git-kv.0.0.5;
        res=$?;
        test "$res" != 31 && exit "$res";
        export OPAMCLI=2.0;
        build_dir=$(opam var prefix)/.opam-switch/build;
        failed=$(ls "$build_dir");
        partial_fails="";
        for pkg in $failed; do
          if opam show -f x-ci-accept-failures: "$pkg" | grep -qF "\"freebsd\""; then
            echo "A package failed and has been disabled for CI using the '\''x-ci-accept-failures'\'' field.";
          fi;
          test "$pkg" != '\''git-kv.0.0.5'\'' && partial_fails="$partial_fails $pkg";
        done;
        test "${partial_fails}" != "" && echo "opam-repo-ci detected dependencies failing: ${partial_fails}";
        exit 1': failed
"jail" "-c" "name=obuilder_92053_6744" "mount.devfs" "path=/obuilder/result/846dd1ea17a6d79e2740915f048db0199604bb21b10639038ff0e94120c3e8cb/rootfs" "vnet" "exec.start=/sbin/ifconfig lo0 127.0.0.1/8" "command=/usr/bin/su" "-l" "opam" "-c" "cd '/home/opam' && env OPAM_REPO_CI='true' CI='true' OPAMPRECISETRACKING='1' OPAMSOLVERTIMEOUT='500' OPAMERRLOGLEN='0' OPAMDOWNLOADJOBS='1' '/usr/bin/env' 'bash' '-c' 'opam reinstall --with-test --verbose git-kv.0.0.5;
        res=$?;
        test "$res" != 31 && exit "$res";
        export OPAMCLI=2.0;
        build_dir=$(opam var prefix)/.opam-switch/build;
        failed=$(ls "$build_dir");
        partial_fails="";
        for pkg in $failed; do
          if opam show -f x-ci-accept-failures: "$pkg" | grep -qF "\"freebsd\""; then
            echo "A package failed and has been disabled for CI using the '\''x-ci-accept-failures'\'' field.";
          fi;
          test "$pkg" != '\''git-kv.0.0.5'\'' && partial_fails="$partial_fails $pkg";
        done;
        test "${partial_fails}" != "" && echo "opam-repo-ci detected dependencies failing: ${partial_fails}";
        exit 1'" failed with exit status 1
2024-05-22 14:07.54: Job failed: Failed: Build failed
2024-05-22 14:07.54: Log analysis:
2024-05-22 14:07.54: >>> 
[ERROR] Sorry, resolution of the request timed out.
 (score = 20)
2024-05-22 14:07.54: >>> 
[ERROR] Sorry, resolution of the request timed out.
 (score = 20)
2024-05-22 14:07.54: Sorry, resolution of the request timed out.
