2024-05-22 14:01.40: New job: test irmin-git.3.3.0 with carton.0.7.0, using opam dev
                              from https://github.com/ocaml/opam-repository.git#refs/pull/25893/head (181a6de2ce4430a3d37a1c3f26ca10ea8caba2f8)
                              on debian-12-ocaml-5.2/amd64

To reproduce locally:

cd $(mktemp -d)
git clone --recursive "https://github.com/ocaml/opam-repository.git" && cd "opam-repository" && git fetch origin "refs/pull/25893/head" && git reset --hard 181a6de2
git fetch origin master
git merge --no-edit 59d4e33bc872a277ff89de6bfe99a781b8ccc678
cat > ../Dockerfile <<'END-OF-DOCKERFILE'
[34mFROM ocaml/opam:debian-12-ocaml-5.2@sha256:72f1ad6870043a5ae18793a383a4ff59bb1304a5fd68e210fb2ad0f70c9ca660
USER 1000:1000
WORKDIR /home/opam
RUN sudo ln -f /usr/bin/opam-dev /usr/bin/opam
RUN opam init --reinit -ni
RUN uname -rs && opam exec -- ocaml -version && opam --version
ENV OPAMDOWNLOADJOBS="1"
ENV OPAMERRLOGLEN="0"
ENV OPAMSOLVERTIMEOUT="500"
ENV OPAMPRECISETRACKING="1"
ENV CI="true"
ENV OPAM_REPO_CI="true"
RUN rm -rf opam-repository/
COPY --chown=1000:1000 . opam-repository/
RUN opam repository set-url --strict default opam-repository/
RUN opam update --depexts || true
RUN opam pin add -k version -yn carton.0.7.0 0.7.0
RUN opam reinstall carton.0.7.0; \
    res=$?; \
    test "$res" != 31 && exit "$res"; \
    export OPAMCLI=2.0; \
    build_dir=$(opam var prefix)/.opam-switch/build; \
    failed=$(ls "$build_dir"); \
    partial_fails=""; \
    for pkg in $failed; do \
    if opam show -f x-ci-accept-failures: "$pkg" | grep -qF "\"debian-12\""; then \
    echo "A package failed and has been disabled for CI using the 'x-ci-accept-failures' field."; \
    fi; \
    test "$pkg" != 'carton.0.7.0' && partial_fails="$partial_fails $pkg"; \
    done; \
    test "${partial_fails}" != "" && echo "opam-repo-ci detected dependencies failing: ${partial_fails}"; \
    exit 1
RUN opam reinstall irmin-git.3.3.0; \
    res=$?; \
    test "$res" != 31 && exit "$res"; \
    export OPAMCLI=2.0; \
    build_dir=$(opam var prefix)/.opam-switch/build; \
    failed=$(ls "$build_dir"); \
    partial_fails=""; \
    for pkg in $failed; do \
    if opam show -f x-ci-accept-failures: "$pkg" | grep -qF "\"debian-12\""; then \
    echo "A package failed and has been disabled for CI using the 'x-ci-accept-failures' field."; \
    fi; \
    test "$pkg" != 'irmin-git.3.3.0' && partial_fails="$partial_fails $pkg"; \
    done; \
    test "${partial_fails}" != "" && echo "opam-repo-ci detected dependencies failing: ${partial_fails}"; \
    exit 1
RUN (opam reinstall --with-test irmin-git.3.3.0) || true
RUN opam reinstall --with-test --verbose irmin-git.3.3.0; \
    res=$?; \
    test "$res" != 31 && exit "$res"; \
    export OPAMCLI=2.0; \
    build_dir=$(opam var prefix)/.opam-switch/build; \
    failed=$(ls "$build_dir"); \
    partial_fails=""; \
    for pkg in $failed; do \
    if opam show -f x-ci-accept-failures: "$pkg" | grep -qF "\"debian-12\""; then \
    echo "A package failed and has been disabled for CI using the 'x-ci-accept-failures' field."; \
    fi; \
    test "$pkg" != 'irmin-git.3.3.0' && partial_fails="$partial_fails $pkg"; \
    done; \
    test "${partial_fails}" != "" && echo "opam-repo-ci detected dependencies failing: ${partial_fails}"; \
    exit 1
[0m
END-OF-DOCKERFILE
docker build -f ../Dockerfile .

2024-05-22 14:01.40: Using cache hint "ocaml/opam:debian-12-ocaml-5.2@sha256:72f1ad6870043a5ae18793a383a4ff59bb1304a5fd68e210fb2ad0f70c9ca660-carton.0.7.0-irmin-git.3.3.0-181a6de2ce4430a3d37a1c3f26ca10ea8caba2f8"
2024-05-22 14:01.40: Using OBuilder spec:
((from ocaml/opam:debian-12-ocaml-5.2@sha256:72f1ad6870043a5ae18793a383a4ff59bb1304a5fd68e210fb2ad0f70c9ca660)
 (user (uid 1000) (gid 1000))
 (workdir /home/opam)
 (run (shell "sudo ln -f /usr/bin/opam-dev /usr/bin/opam"))
 (run (network host)
      (shell "opam init --reinit --config .opamrc-sandbox -ni"))
 (run (shell "uname -rs && opam exec -- ocaml -version && opam --version"))
 (env OPAMDOWNLOADJOBS 1)
 (env OPAMERRLOGLEN 0)
 (env OPAMSOLVERTIMEOUT 500)
 (env OPAMPRECISETRACKING 1)
 (env CI true)
 (env OPAM_REPO_CI true)
 (run (shell "rm -rf opam-repository/"))
 (copy (src .) (dst opam-repository/))
 (run (shell "opam repository set-url --strict default opam-repository/"))
 (run (network host)
      (shell "opam update --depexts || true"))
 (run (shell "opam pin add -k version -yn carton.0.7.0 0.7.0"))
 (run (cache (opam-archives (target /home/opam/.opam/download-cache)))
      (network host)
      (shell  "opam reinstall carton.0.7.0;\
             \n        res=$?;\
             \n        test \"$res\" != 31 && exit \"$res\";\
             \n        export OPAMCLI=2.0;\
             \n        build_dir=$(opam var prefix)/.opam-switch/build;\
             \n        failed=$(ls \"$build_dir\");\
             \n        partial_fails=\"\";\
             \n        for pkg in $failed; do\
             \n          if opam show -f x-ci-accept-failures: \"$pkg\" | grep -qF \"\\\"debian-12\\\"\"; then\
             \n            echo \"A package failed and has been disabled for CI using the 'x-ci-accept-failures' field.\";\
             \n          fi;\
             \n          test \"$pkg\" != 'carton.0.7.0' && partial_fails=\"$partial_fails $pkg\";\
             \n        done;\
             \n        test \"${partial_fails}\" != \"\" && echo \"opam-repo-ci detected dependencies failing: ${partial_fails}\";\
             \n        exit 1"))
 (run (cache (opam-archives (target /home/opam/.opam/download-cache)))
      (network host)
      (shell  "opam reinstall irmin-git.3.3.0;\
             \n        res=$?;\
             \n        test \"$res\" != 31 && exit \"$res\";\
             \n        export OPAMCLI=2.0;\
             \n        build_dir=$(opam var prefix)/.opam-switch/build;\
             \n        failed=$(ls \"$build_dir\");\
             \n        partial_fails=\"\";\
             \n        for pkg in $failed; do\
             \n          if opam show -f x-ci-accept-failures: \"$pkg\" | grep -qF \"\\\"debian-12\\\"\"; then\
             \n            echo \"A package failed and has been disabled for CI using the 'x-ci-accept-failures' field.\";\
             \n          fi;\
             \n          test \"$pkg\" != 'irmin-git.3.3.0' && partial_fails=\"$partial_fails $pkg\";\
             \n        done;\
             \n        test \"${partial_fails}\" != \"\" && echo \"opam-repo-ci detected dependencies failing: ${partial_fails}\";\
             \n        exit 1"))
 (run (network host)
      (shell "(opam reinstall --with-test irmin-git.3.3.0) || true"))
 (run (shell  "opam reinstall --with-test --verbose irmin-git.3.3.0;\
             \n        res=$?;\
             \n        test \"$res\" != 31 && exit \"$res\";\
             \n        export OPAMCLI=2.0;\
             \n        build_dir=$(opam var prefix)/.opam-switch/build;\
             \n        failed=$(ls \"$build_dir\");\
             \n        partial_fails=\"\";\
             \n        for pkg in $failed; do\
             \n          if opam show -f x-ci-accept-failures: \"$pkg\" | grep -qF \"\\\"debian-12\\\"\"; then\
             \n            echo \"A package failed and has been disabled for CI using the 'x-ci-accept-failures' field.\";\
             \n          fi;\
             \n          test \"$pkg\" != 'irmin-git.3.3.0' && partial_fails=\"$partial_fails $pkg\";\
             \n        done;\
             \n        test \"${partial_fails}\" != \"\" && echo \"opam-repo-ci detected dependencies failing: ${partial_fails}\";\
             \n        exit 1"))
)

2024-05-22 14:01.40: Waiting for resource in pool OCluster
2024-05-22 14:01.40: Waiting for worker…
2024-05-22 22:48.54: Got resource from pool OCluster
Building on x86-bm-c2.sw.ocaml.org
All commits already cached
Updating files:  85% (28940/33718)Updating files:  86% (28998/33718)Updating files:  87% (29335/33718)Updating files:  88% (29672/33718)Updating files:  89% (30010/33718)Updating files:  90% (30347/33718)Updating files:  91% (30684/33718)Updating files:  92% (31021/33718)Updating files:  93% (31358/33718)Updating files:  94% (31695/33718)Updating files:  95% (32033/33718)Updating files:  96% (32370/33718)Updating files:  97% (32707/33718)Updating files:  98% (33044/33718)Updating files:  99% (33381/33718)Updating files: 100% (33718/33718)Updating files: 100% (33718/33718), done.
HEAD is now at 59d4e33bc8 Merge pull request #25895 from AltGr/opam-publish-dates_calc.0.0.6
Merge made by the 'ort' strategy.
 packages/carton/carton.0.7.0/opam          |  1 +
 packages/carton/carton.0.7.1/opam          |  1 +
 packages/git-mirage/git-mirage.3.16.0/opam | 61 ++++++++++++++++++++++++++
 packages/git-paf/git-paf.3.16.0/opam       | 46 ++++++++++++++++++++
 packages/git-unix/git-unix.3.16.0/opam     | 60 ++++++++++++++++++++++++++
 packages/git/git.3.16.0/opam               | 69 ++++++++++++++++++++++++++++++
 6 files changed, 238 insertions(+)
 create mode 100644 packages/git-mirage/git-mirage.3.16.0/opam
 create mode 100644 packages/git-paf/git-paf.3.16.0/opam
 create mode 100644 packages/git-unix/git-unix.3.16.0/opam
 create mode 100644 packages/git/git.3.16.0/opam

[01;34m(from ocaml/opam:debian-12-ocaml-5.2@sha256:72f1ad6870043a5ae18793a383a4ff59bb1304a5fd68e210fb2ad0f70c9ca660)[0m
[01;2m[01;35m2024-05-22 22:49.26 ---> saved as "efa95ef99b8aa7297e2241765c861437c10bd642b9ced42ffa5c9ae1ca4d3cd4"[0m

[01;34m/: (user (uid 1000) (gid 1000))[0m

[01;34m/: (workdir /home/opam)[0m

[01;34m/home/opam: (run (shell "sudo ln -f /usr/bin/opam-dev /usr/bin/opam"))[0m
[01;2m[01;35m2024-05-22 22:49.26 ---> saved as "b6dbda34a7bfbcecaf53ce1b27c917a02ba1365f9ab5ff30009298f2795440d8"[0m

[01;34m/home/opam: (run (network host)
                 (shell "opam init --reinit --config .opamrc-sandbox -ni"))[0m
Configuring from /home/opam/.opamrc-sandbox, then /home/opam/.opamrc, and finally from built-in defaults.
Checking for available remotes: rsync and local, git.
  - you won't be able to use mercurial repositories unless you install the hg command on your system.
  - you won't be able to use darcs repositories unless you install the darcs command on your system.

This development version of opam requires an update to the layout of /home/opam/.opam from version 2.0 to version 2.2~beta, which can't be reverted.
You may want to back it up before going further.

Continue? [y/n] y
Format upgrade done.

<><> Updating repositories ><><><><><><><><><><><><><><><><><><><><><><><><><><>
[default] synchronised from file:///home/opam/opam-repository
[01;2m[01;35m2024-05-22 22:51.04 ---> saved as "1a46b5946bd34bae7665d9ed7d1d23bd8a329e773fa0be7155a01e62ab9e321a"[0m

[01;34m/home/opam: (run (shell "uname -rs && opam exec -- ocaml -version && opam --version"))[0m
Linux 5.15.0-107-generic
The OCaml toplevel, version 5.2.0
2.2.0~beta3~dev
[01;2m[01;35m2024-05-22 22:51.04 ---> saved as "76877ae6d785523c964b243ac3c5d087180476e800b019bcb4da5c9aed151e42"[0m

[01;34m/home/opam: (env OPAMDOWNLOADJOBS 1)[0m

[01;34m/home/opam: (env OPAMERRLOGLEN 0)[0m

[01;34m/home/opam: (env OPAMSOLVERTIMEOUT 500)[0m

[01;34m/home/opam: (env OPAMPRECISETRACKING 1)[0m

[01;34m/home/opam: (env CI true)[0m

[01;34m/home/opam: (env OPAM_REPO_CI true)[0m

[01;34m/home/opam: (run (shell "rm -rf opam-repository/"))[0m
[01;2m[01;35m2024-05-22 22:51.17 ---> saved as "3093426f5da81095a517ddbff1096a0c19f6484b67f5dc6142e7833fde7f8417"[0m

[01;34m/home/opam: (copy (src .) (dst opam-repository/))[0m
[01;2m[01;35m2024-05-22 22:51.49 ---> saved as "e8c86028da35b55938e21fd03d8f9de64e52bf657128095f66ba4a4381d07f95"[0m

[01;34m/home/opam: (run (shell "opam repository set-url --strict default opam-repository/"))[0m
[default] Initialised
[01;2m[01;35m2024-05-22 22:52.45 ---> saved as "aa359df19df1dc61d493ae90b97c14969c44f49eb9f295190e51c6f33fb3a1c8"[0m

[01;34m/home/opam: (run (network host)
                 (shell "opam update --depexts || true"))[0m
+ /usr/bin/sudo "apt-get" "update"
- Hit:1 http://deb.debian.org/debian bookworm InRelease
- Get:2 http://deb.debian.org/debian bookworm-updates InRelease [55.4 kB]
- Get:3 http://deb.debian.org/debian-security bookworm-security InRelease [48.0 kB]
- Get:4 http://deb.debian.org/debian-security bookworm-security/main amd64 Packages [156 kB]
- Fetched 259 kB in 0s (1006 kB/s)
- Reading package lists...
- 
[01;2m[01;35m2024-05-22 22:52.46 ---> saved as "48057f23e2671660bbf60c549c391828d93fb29c0f11167c90f359542c48f113"[0m

[01;34m/home/opam: (run (shell "opam pin add -k version -yn carton.0.7.0 0.7.0"))[0m
carton is now pinned to version 0.7.0
[01;2m[01;35m2024-05-22 22:52.47 ---> saved as "44ace123400fce84f7c1892e107f18c23c6c9cafb1014c7a602163c69a6f1c44"[0m

[01;34m/home/opam: (run (cache (opam-archives (target /home/opam/.opam/download-cache)))
                 (network host)
                 (shell  "opam reinstall carton.0.7.0;\
                        \n        res=$?;\
                        \n        test \"$res\" != 31 && exit \"$res\";\
                        \n        export OPAMCLI=2.0;\
                        \n        build_dir=$(opam var prefix)/.opam-switch/build;\
                        \n        failed=$(ls \"$build_dir\");\
                        \n        partial_fails=\"\";\
                        \n        for pkg in $failed; do\
                        \n          if opam show -f x-ci-accept-failures: \"$pkg\" | grep -qF \"\\\"debian-12\\\"\"; then\
                        \n            echo \"A package failed and has been disabled for CI using the 'x-ci-accept-failures' field.\";\
                        \n          fi;\
                        \n          test \"$pkg\" != 'carton.0.7.0' && partial_fails=\"$partial_fails $pkg\";\
                        \n        done;\
                        \n        test \"${partial_fails}\" != \"\" && echo \"opam-repo-ci detected dependencies failing: ${partial_fails}\";\
                        \n        exit 1"))[0m
carton.0.7.0 is not installed. Install it? [y/n] y
The following actions will be performed:
=== install 27 packages
  - install astring           0.8.5          [required by bos]
  - install bigstringaf       0.9.1          [required by carton]
  - install bos               0.2.1          [required by carton]
  - install carton            0.7.0 (pinned)
  - install checkseum         0.5.2          [required by carton]
  - install cmdliner          1.2.0          [required by carton]
  - install csexp             1.5.2          [required by dune-configurator]
  - install cstruct           6.2.0          [required by carton]
  - install decompress        1.5.3          [required by carton]
  - install digestif          1.2.0          [required by carton]
  - install duff              0.5            [required by carton]
  - install dune              3.15.2         [required by carton]
  - install dune-configurator 3.15.2         [required by checkseum, bigstringaf, hxd]
  - install eqaf              0.9            [required by digestif]
  - install fmt               0.9.0          [required by carton]
  - install fpath             0.7.3          [required by carton]
  - install hxd               0.3.2          [required by carton]
  - install ke                0.6            [required by carton]
  - install logs              0.7.0          [required by carton]
  - install ocamlbuild        0.14.3         [required by bos]
  - install ocamlfind         1.9.6          [required by bos]
  - install optint            0.3.0          [required by carton]
  - install psq               0.2.1          [required by carton]
  - install result            1.5            [required by carton]
  - install rresult           0.7.0          [required by carton]
  - install seq               base           [required by psq]
  - install topkg             1.0.7          [required by bos]

<><> Processing actions <><><><><><><><><><><><><><><><><><><><><><><><><><><><>
-> retrieved astring.0.8.5  (cached)
-> retrieved bigstringaf.0.9.1  (cached)
-> retrieved bos.0.2.1  (cached)
-> retrieved carton.0.7.0  (cached)
-> retrieved checkseum.0.5.2  (cached)
-> retrieved cmdliner.1.2.0  (cached)
-> retrieved csexp.1.5.2  (cached)
-> retrieved cstruct.6.2.0  (cached)
-> retrieved decompress.1.5.3  (cached)
-> retrieved digestif.1.2.0  (cached)
-> retrieved duff.0.5  (cached)
-> retrieved dune.3.15.2, dune-configurator.3.15.2  (cached)
-> retrieved eqaf.0.9  (cached)
-> retrieved fmt.0.9.0  (cached)
-> retrieved fpath.0.7.3  (cached)
-> retrieved hxd.0.3.2  (cached)
-> retrieved ke.0.6  (cached)
-> retrieved logs.0.7.0  (cached)
-> retrieved ocamlbuild.0.14.3  (cached)
-> installed cmdliner.1.2.0
-> retrieved ocamlfind.1.9.6  (cached)
-> retrieved optint.0.3.0  (cached)
-> retrieved psq.0.2.1  (cached)
-> retrieved result.1.5  (cached)
-> retrieved rresult.0.7.0  (cached)
-> installed seq.base
-> retrieved topkg.1.0.7  (cached)
-> installed ocamlfind.1.9.6
-> installed ocamlbuild.0.14.3
-> installed topkg.1.0.7
-> installed rresult.0.7.0
-> installed fmt.0.9.0
-> installed astring.0.8.5
-> installed logs.0.7.0
-> installed fpath.0.7.3
-> installed bos.0.2.1
-> installed dune.3.15.2
-> installed csexp.1.5.2
-> installed cstruct.6.2.0
-> installed duff.0.5
-> installed ke.0.6
-> installed optint.0.3.0
-> installed psq.0.2.1
-> installed result.1.5
-> installed eqaf.0.9
-> installed digestif.1.2.0
-> installed dune-configurator.3.15.2
-> installed bigstringaf.0.9.1
-> installed checkseum.0.5.2
-> installed hxd.0.3.2
-> installed decompress.1.5.3
-> installed carton.0.7.0
Done.
# Run eval $(opam env) to update the current shell environment
[01;2m[01;35m2024-05-22 22:53.43 ---> saved as "3c97726602ffcf1e3673d94df943f4f7cf4a832dfa9c86a67646680877db815a"[0m

[01;34m/home/opam: (run (cache (opam-archives (target /home/opam/.opam/download-cache)))
                 (network host)
                 (shell  "opam reinstall irmin-git.3.3.0;\
                        \n        res=$?;\
                        \n        test \"$res\" != 31 && exit \"$res\";\
                        \n        export OPAMCLI=2.0;\
                        \n        build_dir=$(opam var prefix)/.opam-switch/build;\
                        \n        failed=$(ls \"$build_dir\");\
                        \n        partial_fails=\"\";\
                        \n        for pkg in $failed; do\
                        \n          if opam show -f x-ci-accept-failures: \"$pkg\" | grep -qF \"\\\"debian-12\\\"\"; then\
                        \n            echo \"A package failed and has been disabled for CI using the 'x-ci-accept-failures' field.\";\
                        \n          fi;\
                        \n          test \"$pkg\" != 'irmin-git.3.3.0' && partial_fails=\"$partial_fails $pkg\";\
                        \n        done;\
                        \n        test \"${partial_fails}\" != \"\" && echo \"opam-repo-ci detected dependencies failing: ${partial_fails}\";\
                        \n        exit 1"))[0m
irmin-git.3.3.0 is not installed. Install it? [y/n] y
The following actions will be performed:
=== recompile 4 packages
  - recompile bos                 0.2.1          [uses logs]
  - recompile carton              0.7.0 (pinned) [uses hxd, logs]
  - recompile hxd                 0.3.2          [uses lwt]
  - recompile logs                0.7.0          [uses lwt]
=== install 37 packages
  - install   angstrom            0.16.0         [required by git]
  - install   base-bytes          base           [required by ocplib-endian]
  - install   base64              3.5.1          [required by git]
  - install   bheap               2.0.0          [required by irmin]
  - install   carton-git          0.7.0          [required by git]
  - install   carton-lwt          0.7.0          [required by git]
  - install   cppo                1.6.9          [required by lwt, ppx_deriving]
  - install   domain-name         0.4.0          [required by git]
  - install   either              1.0.0          [required by repr]
  - install   emile               1.1            [required by git]
  - install   encore              0.8            [required by git]
  - install   git                 3.16.0         [required by irmin-git]
  - install   ipaddr              5.5.0          [required by git]
  - install   irmin               3.3.0          [required by irmin-git]
  - install   irmin-git           3.3.0
  - install   jsonm               1.0.2          [required by irmin]
  - install   lwt                 5.7.0          [required by irmin-git]
  - install   macaddr             5.5.0          [required by ipaddr]
  - install   mimic               0.0.7          [required by irmin-git]
  - install   mirage-flow         4.0.2          [required by git]
  - install   mtime               1.4.0          [required by irmin]
  - install   ocaml-compiler-libs v0.17.0        [required by ppxlib]
  - install   ocaml-syntax-shims  1.0.0          [required by angstrom]
  - install   ocamlgraph          2.1.0          [required by git, irmin]
  - install   ocplib-endian       1.2            [required by lwt]
  - install   pecu                0.7            [required by emile]
  - install   ppx_derivers        1.2.1          [required by ppx_deriving]
  - install   ppx_deriving        5.2.1          [required by ppx_repr]
  - install   ppx_irmin           3.3.0          [required by irmin-git]
  - install   ppx_repr            0.7.0          [required by ppx_irmin]
  - install   ppxlib              0.32.1         [required by ppx_irmin]
  - install   repr                0.7.0          [required by irmin]
  - install   sexplib0            v0.17.0        [required by ppxlib]
  - install   stdlib-shims        0.3.0          [required by ocamlgraph]
  - install   stringext           1.6.0          [required by uri]
  - install   uri                 4.4.0          [required by irmin-git]
  - install   uutf                1.0.3          [required by irmin]

<><> Processing actions <><><><><><><><><><><><><><><><><><><><><><><><><><><><>
-> retrieved angstrom.0.16.0  (cached)
-> installed base-bytes.base
-> retrieved base64.3.5.1  (cached)
-> retrieved bheap.2.0.0  (cached)
-> retrieved bos.0.2.1  (cached)
-> retrieved carton.0.7.0, carton-git.0.7.0, carton-lwt.0.7.0  (cached)
-> installed bheap.2.0.0
-> retrieved cppo.1.6.9  (cached)
-> retrieved domain-name.0.4.0  (cached)
-> retrieved either.1.0.0  (cached)
-> retrieved emile.1.1  (cached)
-> retrieved encore.0.8  (cached)
-> retrieved git.3.16.0  (cached)
-> retrieved hxd.0.3.2  (cached)
-> retrieved ipaddr.5.5.0, macaddr.5.5.0  (cached)
-> installed base64.3.5.1
-> installed domain-name.0.4.0
-> retrieved irmin.3.3.0, irmin-git.3.3.0, ppx_irmin.3.3.0  (cached)
-> installed either.1.0.0
-> installed macaddr.5.5.0
-> retrieved jsonm.1.0.2  (cached)
-> retrieved logs.0.7.0  (cached)
-> retrieved lwt.5.7.0  (cached)
-> retrieved mimic.0.0.7  (cached)
-> retrieved mirage-flow.4.0.2  (cached)
-> retrieved mtime.1.4.0  (cached)
-> retrieved ocaml-compiler-libs.v0.17.0  (cached)
-> retrieved ocaml-syntax-shims.1.0.0  (cached)
-> retrieved ocamlgraph.2.1.0  (cached)
-> retrieved ocplib-endian.1.2  (cached)
-> retrieved pecu.0.7  (cached)
-> retrieved ppx_derivers.1.2.1  (cached)
-> retrieved ppx_deriving.5.2.1  (cached)
-> retrieved ppx_repr.0.7.0, repr.0.7.0  (cached)
-> removed   carton.0.7.0
-> removed   bos.0.2.1
-> removed   hxd.0.3.2
-> removed   logs.0.7.0
-> installed cppo.1.6.9
-> installed ppx_derivers.1.2.1
-> installed ipaddr.5.5.0
-> retrieved ppxlib.0.32.1  (cached)
-> installed pecu.0.7
-> retrieved sexplib0.v0.17.0  (cached)
-> retrieved stdlib-shims.0.3.0  (cached)
-> retrieved stringext.1.6.0  (cached)
-> retrieved uri.4.4.0  (cached)
-> retrieved uutf.1.0.3  (cached)
-> installed ocplib-endian.1.2
-> installed stdlib-shims.0.3.0
-> installed stringext.1.6.0
-> installed ocaml-syntax-shims.1.0.0
-> installed ocaml-compiler-libs.v0.17.0
-> installed mtime.1.4.0
-> installed sexplib0.v0.17.0
-> installed angstrom.0.16.0
-> installed uutf.1.0.3
-> installed encore.0.8
-> installed emile.1.1
-> installed ocamlgraph.2.1.0
-> installed jsonm.1.0.2
-> installed uri.4.4.0
-> installed repr.0.7.0
-> installed lwt.5.7.0
-> installed mirage-flow.4.0.2
-> installed hxd.0.3.2
-> installed logs.0.7.0
-> installed mimic.0.0.7
-> installed bos.0.2.1
-> installed carton.0.7.0
-> installed carton-lwt.0.7.0
-> installed carton-git.0.7.0
-> installed git.3.16.0
-> installed ppxlib.0.32.1
-> installed ppx_deriving.5.2.1
-> installed ppx_repr.0.7.0
-> installed ppx_irmin.3.3.0
-> installed irmin.3.3.0
-> installed irmin-git.3.3.0
Done.
# Run eval $(opam env) to update the current shell environment
[01;2m[01;35m2024-05-22 22:55.30 ---> saved as "d68d4ef6f3e311875d28383cde7e900b1b89e9f9406510e5ace67d4fecab82fe"[0m

[01;34m/home/opam: (run (network host)
                 (shell "(opam reinstall --with-test irmin-git.3.3.0) || true"))[0m
[ERROR] Sorry, resolution of the request timed out.
        Try to specify a more precise request, use a different solver, or increase the allowed time by setting OPAMSOLVERTIMEOUT to a bigger value (currently, it is set to 500.0 seconds).
[01;2m[01;35m2024-05-22 23:04.13 ---> saved as "256db6fbef77844f9fcc0ee4bfe029b3b10a293141a0db333170cccee601ce54"[0m

[01;34m/home/opam: (run (shell  "opam reinstall --with-test --verbose irmin-git.3.3.0;\
                        \n        res=$?;\
                        \n        test \"$res\" != 31 && exit \"$res\";\
                        \n        export OPAMCLI=2.0;\
                        \n        build_dir=$(opam var prefix)/.opam-switch/build;\
                        \n        failed=$(ls \"$build_dir\");\
                        \n        partial_fails=\"\";\
                        \n        for pkg in $failed; do\
                        \n          if opam show -f x-ci-accept-failures: \"$pkg\" | grep -qF \"\\\"debian-12\\\"\"; then\
                        \n            echo \"A package failed and has been disabled for CI using the 'x-ci-accept-failures' field.\";\
                        \n          fi;\
                        \n          test \"$pkg\" != 'irmin-git.3.3.0' && partial_fails=\"$partial_fails $pkg\";\
                        \n        done;\
                        \n        test \"${partial_fails}\" != \"\" && echo \"opam-repo-ci detected dependencies failing: ${partial_fails}\";\
                        \n        exit 1"))[0m
[ERROR] Sorry, resolution of the request timed out.
        Try to specify a more precise request, use a different solver, or increase the allowed time by setting OPAMSOLVERTIMEOUT to a bigger value (currently, it is set to 500.0 seconds).
'opam reinstall --with-test --verbose irmin-git.3.3.0' failed.
"/usr/bin/env" "bash" "-c" "opam reinstall --with-test --verbose irmin-git.3.3.0;
        res=$?;
        test "$res" != 31 && exit "$res";
        export OPAMCLI=2.0;
        build_dir=$(opam var prefix)/.opam-switch/build;
        failed=$(ls "$build_dir");
        partial_fails="";
        for pkg in $failed; do
          if opam show -f x-ci-accept-failures: "$pkg" | grep -qF "\"debian-12\""; then
            echo "A package failed and has been disabled for CI using the 'x-ci-accept-failures' field.";
          fi;
          test "$pkg" != 'irmin-git.3.3.0' && partial_fails="$partial_fails $pkg";
        done;
        test "${partial_fails}" != "" && echo "opam-repo-ci detected dependencies failing: ${partial_fails}";
        exit 1" failed with exit status 60
2024-05-22 23:13.09: Job failed: Failed: Build failed
2024-05-22 23:13.09: Log analysis:
2024-05-22 23:13.09: >>> 
[ERROR] Sorry, resolution of the request timed out.
 (score = 20)
2024-05-22 23:13.09: >>> 
[ERROR] Sorry, resolution of the request timed out.
 (score = 20)
2024-05-22 23:13.09: Sorry, resolution of the request timed out.
