2024-05-22 14:01.35: New job: test git-kv.0.0.4 with carton.0.7.0, using opam dev
                              from https://github.com/ocaml/opam-repository.git#refs/pull/25893/head (181a6de2ce4430a3d37a1c3f26ca10ea8caba2f8)
                              on debian-12-ocaml-4.14/amd64

To reproduce locally:

cd $(mktemp -d)
git clone --recursive "https://github.com/ocaml/opam-repository.git" && cd "opam-repository" && git fetch origin "refs/pull/25893/head" && git reset --hard 181a6de2
git fetch origin master
git merge --no-edit 59d4e33bc872a277ff89de6bfe99a781b8ccc678
cat > ../Dockerfile <<'END-OF-DOCKERFILE'
[34mFROM ocaml/opam:debian-12-ocaml-4.14@sha256:fc1bfce0b28ebac35b8e98d8578b6f1caebd26d88e81c54bf3ec7758885629c8
USER 1000:1000
WORKDIR /home/opam
RUN sudo ln -f /usr/bin/opam-dev /usr/bin/opam
RUN opam init --reinit -ni
RUN uname -rs && opam exec -- ocaml -version && opam --version
ENV OPAMDOWNLOADJOBS="1"
ENV OPAMERRLOGLEN="0"
ENV OPAMSOLVERTIMEOUT="500"
ENV OPAMPRECISETRACKING="1"
ENV CI="true"
ENV OPAM_REPO_CI="true"
RUN rm -rf opam-repository/
COPY --chown=1000:1000 . opam-repository/
RUN opam repository set-url --strict default opam-repository/
RUN opam update --depexts || true
RUN opam pin add -k version -yn carton.0.7.0 0.7.0
RUN opam reinstall carton.0.7.0; \
    res=$?; \
    test "$res" != 31 && exit "$res"; \
    export OPAMCLI=2.0; \
    build_dir=$(opam var prefix)/.opam-switch/build; \
    failed=$(ls "$build_dir"); \
    partial_fails=""; \
    for pkg in $failed; do \
    if opam show -f x-ci-accept-failures: "$pkg" | grep -qF "\"debian-12\""; then \
    echo "A package failed and has been disabled for CI using the 'x-ci-accept-failures' field."; \
    fi; \
    test "$pkg" != 'carton.0.7.0' && partial_fails="$partial_fails $pkg"; \
    done; \
    test "${partial_fails}" != "" && echo "opam-repo-ci detected dependencies failing: ${partial_fails}"; \
    exit 1
RUN opam reinstall git-kv.0.0.4; \
    res=$?; \
    test "$res" != 31 && exit "$res"; \
    export OPAMCLI=2.0; \
    build_dir=$(opam var prefix)/.opam-switch/build; \
    failed=$(ls "$build_dir"); \
    partial_fails=""; \
    for pkg in $failed; do \
    if opam show -f x-ci-accept-failures: "$pkg" | grep -qF "\"debian-12\""; then \
    echo "A package failed and has been disabled for CI using the 'x-ci-accept-failures' field."; \
    fi; \
    test "$pkg" != 'git-kv.0.0.4' && partial_fails="$partial_fails $pkg"; \
    done; \
    test "${partial_fails}" != "" && echo "opam-repo-ci detected dependencies failing: ${partial_fails}"; \
    exit 1
RUN (opam reinstall --with-test git-kv.0.0.4) || true
RUN opam reinstall --with-test --verbose git-kv.0.0.4; \
    res=$?; \
    test "$res" != 31 && exit "$res"; \
    export OPAMCLI=2.0; \
    build_dir=$(opam var prefix)/.opam-switch/build; \
    failed=$(ls "$build_dir"); \
    partial_fails=""; \
    for pkg in $failed; do \
    if opam show -f x-ci-accept-failures: "$pkg" | grep -qF "\"debian-12\""; then \
    echo "A package failed and has been disabled for CI using the 'x-ci-accept-failures' field."; \
    fi; \
    test "$pkg" != 'git-kv.0.0.4' && partial_fails="$partial_fails $pkg"; \
    done; \
    test "${partial_fails}" != "" && echo "opam-repo-ci detected dependencies failing: ${partial_fails}"; \
    exit 1
[0m
END-OF-DOCKERFILE
docker build -f ../Dockerfile .

2024-05-22 14:01.35: Using cache hint "ocaml/opam:debian-12-ocaml-4.14@sha256:fc1bfce0b28ebac35b8e98d8578b6f1caebd26d88e81c54bf3ec7758885629c8-carton.0.7.0-git-kv.0.0.4-181a6de2ce4430a3d37a1c3f26ca10ea8caba2f8"
2024-05-22 14:01.35: Using OBuilder spec:
((from ocaml/opam:debian-12-ocaml-4.14@sha256:fc1bfce0b28ebac35b8e98d8578b6f1caebd26d88e81c54bf3ec7758885629c8)
 (user (uid 1000) (gid 1000))
 (workdir /home/opam)
 (run (shell "sudo ln -f /usr/bin/opam-dev /usr/bin/opam"))
 (run (network host)
      (shell "opam init --reinit --config .opamrc-sandbox -ni"))
 (run (shell "uname -rs && opam exec -- ocaml -version && opam --version"))
 (env OPAMDOWNLOADJOBS 1)
 (env OPAMERRLOGLEN 0)
 (env OPAMSOLVERTIMEOUT 500)
 (env OPAMPRECISETRACKING 1)
 (env CI true)
 (env OPAM_REPO_CI true)
 (run (shell "rm -rf opam-repository/"))
 (copy (src .) (dst opam-repository/))
 (run (shell "opam repository set-url --strict default opam-repository/"))
 (run (network host)
      (shell "opam update --depexts || true"))
 (run (shell "opam pin add -k version -yn carton.0.7.0 0.7.0"))
 (run (cache (opam-archives (target /home/opam/.opam/download-cache)))
      (network host)
      (shell  "opam reinstall carton.0.7.0;\
             \n        res=$?;\
             \n        test \"$res\" != 31 && exit \"$res\";\
             \n        export OPAMCLI=2.0;\
             \n        build_dir=$(opam var prefix)/.opam-switch/build;\
             \n        failed=$(ls \"$build_dir\");\
             \n        partial_fails=\"\";\
             \n        for pkg in $failed; do\
             \n          if opam show -f x-ci-accept-failures: \"$pkg\" | grep -qF \"\\\"debian-12\\\"\"; then\
             \n            echo \"A package failed and has been disabled for CI using the 'x-ci-accept-failures' field.\";\
             \n          fi;\
             \n          test \"$pkg\" != 'carton.0.7.0' && partial_fails=\"$partial_fails $pkg\";\
             \n        done;\
             \n        test \"${partial_fails}\" != \"\" && echo \"opam-repo-ci detected dependencies failing: ${partial_fails}\";\
             \n        exit 1"))
 (run (cache (opam-archives (target /home/opam/.opam/download-cache)))
      (network host)
      (shell  "opam reinstall git-kv.0.0.4;\
             \n        res=$?;\
             \n        test \"$res\" != 31 && exit \"$res\";\
             \n        export OPAMCLI=2.0;\
             \n        build_dir=$(opam var prefix)/.opam-switch/build;\
             \n        failed=$(ls \"$build_dir\");\
             \n        partial_fails=\"\";\
             \n        for pkg in $failed; do\
             \n          if opam show -f x-ci-accept-failures: \"$pkg\" | grep -qF \"\\\"debian-12\\\"\"; then\
             \n            echo \"A package failed and has been disabled for CI using the 'x-ci-accept-failures' field.\";\
             \n          fi;\
             \n          test \"$pkg\" != 'git-kv.0.0.4' && partial_fails=\"$partial_fails $pkg\";\
             \n        done;\
             \n        test \"${partial_fails}\" != \"\" && echo \"opam-repo-ci detected dependencies failing: ${partial_fails}\";\
             \n        exit 1"))
 (run (network host)
      (shell "(opam reinstall --with-test git-kv.0.0.4) || true"))
 (run (shell  "opam reinstall --with-test --verbose git-kv.0.0.4;\
             \n        res=$?;\
             \n        test \"$res\" != 31 && exit \"$res\";\
             \n        export OPAMCLI=2.0;\
             \n        build_dir=$(opam var prefix)/.opam-switch/build;\
             \n        failed=$(ls \"$build_dir\");\
             \n        partial_fails=\"\";\
             \n        for pkg in $failed; do\
             \n          if opam show -f x-ci-accept-failures: \"$pkg\" | grep -qF \"\\\"debian-12\\\"\"; then\
             \n            echo \"A package failed and has been disabled for CI using the 'x-ci-accept-failures' field.\";\
             \n          fi;\
             \n          test \"$pkg\" != 'git-kv.0.0.4' && partial_fails=\"$partial_fails $pkg\";\
             \n        done;\
             \n        test \"${partial_fails}\" != \"\" && echo \"opam-repo-ci detected dependencies failing: ${partial_fails}\";\
             \n        exit 1"))
)

2024-05-22 14:01.35: Waiting for resource in pool OCluster
2024-05-22 14:01.35: Waiting for worker…
2024-05-22 22:48.20: Got resource from pool OCluster
Building on asteria.caelum.ci.dev
All commits already cached
Updating files:  99% (33695/33715)Updating files: 100% (33715/33715)Updating files: 100% (33715/33715), done.
HEAD is now at 59d4e33bc8 Merge pull request #25895 from AltGr/opam-publish-dates_calc.0.0.6
Merge made by the 'ort' strategy.
 packages/carton/carton.0.7.0/opam          |  1 +
 packages/carton/carton.0.7.1/opam          |  1 +
 packages/git-mirage/git-mirage.3.16.0/opam | 61 ++++++++++++++++++++++++++
 packages/git-paf/git-paf.3.16.0/opam       | 46 ++++++++++++++++++++
 packages/git-unix/git-unix.3.16.0/opam     | 60 ++++++++++++++++++++++++++
 packages/git/git.3.16.0/opam               | 69 ++++++++++++++++++++++++++++++
 6 files changed, 238 insertions(+)
 create mode 100644 packages/git-mirage/git-mirage.3.16.0/opam
 create mode 100644 packages/git-paf/git-paf.3.16.0/opam
 create mode 100644 packages/git-unix/git-unix.3.16.0/opam
 create mode 100644 packages/git/git.3.16.0/opam

[01;34m(from ocaml/opam:debian-12-ocaml-4.14@sha256:fc1bfce0b28ebac35b8e98d8578b6f1caebd26d88e81c54bf3ec7758885629c8)[0m
[01;2m[01;35m2024-05-22 23:17.54 ---> using "8852882e21c6051f77f79eee880029b0646f70046996faa594db535e800a150e" from cache[0m

[01;34m/: (user (uid 1000) (gid 1000))[0m

[01;34m/: (workdir /home/opam)[0m

[01;34m/home/opam: (run (shell "sudo ln -f /usr/bin/opam-dev /usr/bin/opam"))[0m
[01;2m[01;35m2024-05-22 23:17.54 ---> using "bfe916841514f9c781479a0ad6b80c4659ce58820a6f6cae42700801c5299cb0" from cache[0m

[01;34m/home/opam: (run (network host)
                 (shell "opam init --reinit --config .opamrc-sandbox -ni"))[0m
Configuring from /home/opam/.opamrc-sandbox, then /home/opam/.opamrc, and finally from built-in defaults.
Checking for available remotes: rsync and local, git.
  - you won't be able to use mercurial repositories unless you install the hg command on your system.
  - you won't be able to use darcs repositories unless you install the darcs command on your system.

This development version of opam requires an update to the layout of /home/opam/.opam from version 2.0 to version 2.2~beta, which can't be reverted.
You may want to back it up before going further.

Continue? [y/n] y
[NOTE] The 'jobs' option was reset, its value was 31 and its new value will vary according to the current number of cores on your machine. You can restore the fixed value using:
           opam option jobs=31 --global
Format upgrade done.

<><> Updating repositories ><><><><><><><><><><><><><><><><><><><><><><><><><><>
[default] synchronised from file:///home/opam/opam-repository
[01;2m[01;35m2024-05-22 23:18.42 ---> saved as "8165c3249b97c4d11a9b9605e837e22e3a7493fb673ae0ae7ca2c4cabad68322"[0m

[01;34m/home/opam: (run (shell "uname -rs && opam exec -- ocaml -version && opam --version"))[0m
Linux 5.15.0-107-generic
The OCaml toplevel, version 4.14.2
2.2.0~beta3~dev
[01;2m[01;35m2024-05-22 23:18.42 ---> saved as "5ad72b177064b9cf7e723ad9399ed9a0190ef04c2841f79663a8e0be8a754d3e"[0m

[01;34m/home/opam: (env OPAMDOWNLOADJOBS 1)[0m

[01;34m/home/opam: (env OPAMERRLOGLEN 0)[0m

[01;34m/home/opam: (env OPAMSOLVERTIMEOUT 500)[0m

[01;34m/home/opam: (env OPAMPRECISETRACKING 1)[0m

[01;34m/home/opam: (env CI true)[0m

[01;34m/home/opam: (env OPAM_REPO_CI true)[0m

[01;34m/home/opam: (run (shell "rm -rf opam-repository/"))[0m
[01;2m[01;35m2024-05-22 23:18.51 ---> saved as "ca354d5a414cb7aa964526d7324c22a31c7b75e8b46b8cd432fe3252bb13aa17"[0m

[01;34m/home/opam: (copy (src .) (dst opam-repository/))[0m
[01;2m[01;35m2024-05-22 23:19.36 ---> saved as "0fdd22c97d814a4f047a44f353a9d507d1f28dc3c7d401d1c09c266f05d0f912"[0m

[01;34m/home/opam: (run (shell "opam repository set-url --strict default opam-repository/"))[0m
[default] Initialised
[01;2m[01;35m2024-05-22 23:20.25 ---> saved as "b3761fdbf1499cfb1951ea5e243f84af1aa0f5d3c1228aa92070e76ed10c7a72"[0m

[01;34m/home/opam: (run (network host)
                 (shell "opam update --depexts || true"))[0m
+ /usr/bin/sudo "apt-get" "update"
- Hit:1 http://deb.debian.org/debian bookworm InRelease
- Get:2 http://deb.debian.org/debian bookworm-updates InRelease [55.4 kB]
- Get:3 http://deb.debian.org/debian-security bookworm-security InRelease [48.0 kB]
- Get:4 http://deb.debian.org/debian-security bookworm-security/main amd64 Packages [156 kB]
- Fetched 259 kB in 0s (876 kB/s)
- Reading package lists...
[01;2m[01;35m2024-05-22 23:20.26 ---> saved as "1adef7c8e30d7ca54a0c95a9452ff6a28d7eccdfb852bc68e3f6c0bc66788179"[0m

[01;34m/home/opam: (run (shell "opam pin add -k version -yn carton.0.7.0 0.7.0"))[0m
carton is now pinned to version 0.7.0
[01;2m[01;35m2024-05-22 23:20.27 ---> saved as "fe2fefaa4a833729940a1b9a485df6768570d6e4c3bebf8a24c028f76c543c20"[0m

[01;34m/home/opam: (run (cache (opam-archives (target /home/opam/.opam/download-cache)))
                 (network host)
                 (shell  "opam reinstall carton.0.7.0;\
                        \n        res=$?;\
                        \n        test \"$res\" != 31 && exit \"$res\";\
                        \n        export OPAMCLI=2.0;\
                        \n        build_dir=$(opam var prefix)/.opam-switch/build;\
                        \n        failed=$(ls \"$build_dir\");\
                        \n        partial_fails=\"\";\
                        \n        for pkg in $failed; do\
                        \n          if opam show -f x-ci-accept-failures: \"$pkg\" | grep -qF \"\\\"debian-12\\\"\"; then\
                        \n            echo \"A package failed and has been disabled for CI using the 'x-ci-accept-failures' field.\";\
                        \n          fi;\
                        \n          test \"$pkg\" != 'carton.0.7.0' && partial_fails=\"$partial_fails $pkg\";\
                        \n        done;\
                        \n        test \"${partial_fails}\" != \"\" && echo \"opam-repo-ci detected dependencies failing: ${partial_fails}\";\
                        \n        exit 1"))[0m
carton.0.7.0 is not installed. Install it? [y/n] y
The following actions will be performed:
=== install 27 packages
  - install astring           0.8.5          [required by bos]
  - install bigstringaf       0.9.1          [required by carton]
  - install bos               0.2.1          [required by carton]
  - install carton            0.7.0 (pinned)
  - install checkseum         0.5.2          [required by carton]
  - install cmdliner          1.2.0          [required by carton]
  - install csexp             1.5.2          [required by dune-configurator]
  - install cstruct           6.2.0          [required by carton]
  - install decompress        1.5.3          [required by carton]
  - install digestif          1.2.0          [required by carton]
  - install duff              0.5            [required by carton]
  - install dune              3.15.2         [required by carton]
  - install dune-configurator 3.15.2         [required by checkseum, bigstringaf, hxd]
  - install eqaf              0.9            [required by digestif]
  - install fmt               0.9.0          [required by carton]
  - install fpath             0.7.3          [required by carton]
  - install hxd               0.3.2          [required by carton]
  - install ke                0.6            [required by carton]
  - install logs              0.7.0          [required by carton]
  - install ocamlbuild        0.14.3         [required by bos]
  - install ocamlfind         1.9.6          [required by bos]
  - install optint            0.3.0          [required by carton]
  - install psq               0.2.1          [required by carton]
  - install result            1.5            [required by carton]
  - install rresult           0.7.0          [required by carton]
  - install seq               base           [required by psq]
  - install topkg             1.0.7          [required by bos]

<><> Processing actions <><><><><><><><><><><><><><><><><><><><><><><><><><><><>
-> retrieved astring.0.8.5  (cached)
-> retrieved bigstringaf.0.9.1  (cached)
-> retrieved bos.0.2.1  (cached)
-> retrieved carton.0.7.0  (cached)
-> retrieved checkseum.0.5.2  (cached)
-> retrieved cmdliner.1.2.0  (cached)
-> retrieved csexp.1.5.2  (cached)
-> retrieved cstruct.6.2.0  (cached)
-> retrieved decompress.1.5.3  (cached)
-> retrieved digestif.1.2.0  (cached)
-> retrieved duff.0.5  (cached)
-> retrieved dune.3.15.2, dune-configurator.3.15.2  (cached)
-> retrieved eqaf.0.9  (cached)
-> retrieved fmt.0.9.0  (cached)
-> retrieved fpath.0.7.3  (cached)
-> retrieved hxd.0.3.2  (cached)
-> retrieved ke.0.6  (cached)
-> retrieved logs.0.7.0  (cached)
-> retrieved ocamlbuild.0.14.3  (cached)
-> installed cmdliner.1.2.0
-> retrieved ocamlfind.1.9.6  (cached)
-> retrieved optint.0.3.0  (cached)
-> retrieved psq.0.2.1  (cached)
-> retrieved result.1.5  (cached)
-> retrieved rresult.0.7.0  (cached)
-> installed seq.base
-> retrieved topkg.1.0.7  (cached)
-> installed ocamlfind.1.9.6
-> installed ocamlbuild.0.14.3
-> installed topkg.1.0.7
-> installed rresult.0.7.0
-> installed fmt.0.9.0
-> installed astring.0.8.5
-> installed fpath.0.7.3
-> installed logs.0.7.0
-> installed bos.0.2.1
-> installed dune.3.15.2
-> installed csexp.1.5.2
-> installed cstruct.6.2.0
-> installed duff.0.5
-> installed ke.0.6
-> installed optint.0.3.0
-> installed psq.0.2.1
-> installed result.1.5
-> installed eqaf.0.9
-> installed dune-configurator.3.15.2
-> installed digestif.1.2.0
-> installed bigstringaf.0.9.1
-> installed checkseum.0.5.2
-> installed hxd.0.3.2
-> installed decompress.1.5.3
-> installed carton.0.7.0
Done.
# Run eval $(opam env) to update the current shell environment
[01;2m[01;35m2024-05-22 23:21.02 ---> saved as "2ed1b7495db840520830a9f4f7b374a073d9d1c1a9bd5f21a5fd9ce3e816d843"[0m

[01;34m/home/opam: (run (cache (opam-archives (target /home/opam/.opam/download-cache)))
                 (network host)
                 (shell  "opam reinstall git-kv.0.0.4;\
                        \n        res=$?;\
                        \n        test \"$res\" != 31 && exit \"$res\";\
                        \n        export OPAMCLI=2.0;\
                        \n        build_dir=$(opam var prefix)/.opam-switch/build;\
                        \n        failed=$(ls \"$build_dir\");\
                        \n        partial_fails=\"\";\
                        \n        for pkg in $failed; do\
                        \n          if opam show -f x-ci-accept-failures: \"$pkg\" | grep -qF \"\\\"debian-12\\\"\"; then\
                        \n            echo \"A package failed and has been disabled for CI using the 'x-ci-accept-failures' field.\";\
                        \n          fi;\
                        \n          test \"$pkg\" != 'git-kv.0.0.4' && partial_fails=\"$partial_fails $pkg\";\
                        \n        done;\
                        \n        test \"${partial_fails}\" != \"\" && echo \"opam-repo-ci detected dependencies failing: ${partial_fails}\";\
                        \n        exit 1"))[0m
git-kv.0.0.4 is not installed. Install it? [y/n] y
The following actions will be performed:
=== recompile 4 packages
  - recompile bos                0.2.1          [uses logs]
  - recompile carton             0.7.0 (pinned) [uses hxd, logs]
  - recompile hxd                0.3.2          [uses lwt]
  - recompile logs               0.7.0          [uses lwt]
=== install 27 packages
  - install   angstrom           0.16.0         [required by git]
  - install   base-bytes         base           [required by ocplib-endian]
  - install   base64             3.5.1          [required by git]
  - install   carton-git         0.7.0          [required by git]
  - install   carton-lwt         0.7.0          [required by git-kv]
  - install   cppo               1.6.9          [required by lwt]
  - install   domain-name        0.4.0          [required by git]
  - install   emile              1.1            [required by git]
  - install   encore             0.8            [required by git]
  - install   git                3.16.0         [required by git-kv]
  - install   git-kv             0.0.4
  - install   ipaddr             5.5.0          [required by git]
  - install   lwt                5.7.0          [required by git, carton-lwt, mirage-kv]
  - install   macaddr            5.5.0          [required by ipaddr]
  - install   mimic              0.0.7          [required by git]
  - install   mirage-clock       4.2.0          [required by git-kv]
  - install   mirage-flow        4.0.2          [required by git]
  - install   mirage-kv          6.1.1          [required by git-kv]
  - install   ocaml-syntax-shims 1.0.0          [required by angstrom]
  - install   ocamlgraph         2.1.0          [required by git]
  - install   ocplib-endian      1.2            [required by lwt]
  - install   pecu               0.7            [required by emile]
  - install   ptime              1.1.0          [required by git-kv]
  - install   stdlib-shims       0.3.0          [required by ocamlgraph]
  - install   stringext          1.6.0          [required by uri]
  - install   uri                4.4.0          [required by git]
  - install   uutf               1.0.3          [required by emile]

<><> Processing actions <><><><><><><><><><><><><><><><><><><><><><><><><><><><>
-> retrieved angstrom.0.16.0  (cached)
-> installed base-bytes.base
-> retrieved base64.3.5.1  (cached)
-> retrieved bos.0.2.1  (cached)
-> retrieved carton.0.7.0, carton-git.0.7.0, carton-lwt.0.7.0  (cached)
-> retrieved cppo.1.6.9  (cached)
-> retrieved domain-name.0.4.0  (cached)
-> retrieved emile.1.1  (cached)
-> retrieved encore.0.8  (cached)
-> retrieved git.3.16.0  (cached)
-> retrieved git-kv.0.0.4  (cached)
-> retrieved hxd.0.3.2  (cached)
-> retrieved ipaddr.5.5.0, macaddr.5.5.0  (cached)
-> retrieved logs.0.7.0  (cached)
-> installed base64.3.5.1
-> retrieved lwt.5.7.0  (cached)
-> installed domain-name.0.4.0
-> retrieved mimic.0.0.7  (cached)
-> retrieved mirage-clock.4.2.0  (cached)
-> retrieved mirage-flow.4.0.2  (cached)
-> retrieved mirage-kv.6.1.1  (cached)
-> retrieved ocaml-syntax-shims.1.0.0  (cached)
-> retrieved ocamlgraph.2.1.0  (cached)
-> retrieved ocplib-endian.1.2  (cached)
-> retrieved pecu.0.7  (cached)
-> installed macaddr.5.5.0
-> installed mirage-clock.4.2.0
-> retrieved ptime.1.1.0  (cached)
-> retrieved stdlib-shims.0.3.0  (cached)
-> retrieved stringext.1.6.0  (cached)
-> retrieved uri.4.4.0  (cached)
-> retrieved uutf.1.0.3  (cached)
-> installed stdlib-shims.0.3.0
-> installed pecu.0.7
-> installed stringext.1.6.0
-> removed   carton.0.7.0
-> removed   bos.0.2.1
-> removed   hxd.0.3.2
-> removed   logs.0.7.0
-> installed cppo.1.6.9
-> installed ipaddr.5.5.0
-> installed ocaml-syntax-shims.1.0.0
-> installed ocplib-endian.1.2
-> installed uutf.1.0.3
-> installed angstrom.0.16.0
-> installed ptime.1.1.0
-> installed encore.0.8
-> installed emile.1.1
-> installed ocamlgraph.2.1.0
-> installed uri.4.4.0
-> installed lwt.5.7.0
-> installed mirage-flow.4.0.2
-> installed mirage-kv.6.1.1
-> installed hxd.0.3.2
-> installed logs.0.7.0
-> installed mimic.0.0.7
-> installed bos.0.2.1
-> installed carton.0.7.0
-> installed carton-lwt.0.7.0
-> installed carton-git.0.7.0
-> installed git.3.16.0
-> installed git-kv.0.0.4
Done.
# Run eval $(opam env) to update the current shell environment
[01;2m[01;35m2024-05-22 23:21.26 ---> saved as "ef737ced1e03249a047bdeaa1c053b9b565e7f874a2c7cd52216025faede8860"[0m

[01;34m/home/opam: (run (network host)
                 (shell "(opam reinstall --with-test git-kv.0.0.4) || true"))[0m
[ERROR] Sorry, resolution of the request timed out.
        Try to specify a more precise request, use a different solver, or increase the allowed time by setting OPAMSOLVERTIMEOUT to a bigger value (currently, it is set to 500.0 seconds).
[01;2m[01;35m2024-05-22 23:29.58 ---> saved as "5bde45aa1a31263410f186f4d912a8e85ee23ba046b576c3c6bf84024acdc688"[0m

[01;34m/home/opam: (run (shell  "opam reinstall --with-test --verbose git-kv.0.0.4;\
                        \n        res=$?;\
                        \n        test \"$res\" != 31 && exit \"$res\";\
                        \n        export OPAMCLI=2.0;\
                        \n        build_dir=$(opam var prefix)/.opam-switch/build;\
                        \n        failed=$(ls \"$build_dir\");\
                        \n        partial_fails=\"\";\
                        \n        for pkg in $failed; do\
                        \n          if opam show -f x-ci-accept-failures: \"$pkg\" | grep -qF \"\\\"debian-12\\\"\"; then\
                        \n            echo \"A package failed and has been disabled for CI using the 'x-ci-accept-failures' field.\";\
                        \n          fi;\
                        \n          test \"$pkg\" != 'git-kv.0.0.4' && partial_fails=\"$partial_fails $pkg\";\
                        \n        done;\
                        \n        test \"${partial_fails}\" != \"\" && echo \"opam-repo-ci detected dependencies failing: ${partial_fails}\";\
                        \n        exit 1"))[0m
[ERROR] Sorry, resolution of the request timed out.
        Try to specify a more precise request, use a different solver, or increase the allowed time by setting OPAMSOLVERTIMEOUT to a bigger value (currently, it is set to 500.0 seconds).
'opam reinstall --with-test --verbose git-kv.0.0.4' failed.
"/usr/bin/env" "bash" "-c" "opam reinstall --with-test --verbose git-kv.0.0.4;
        res=$?;
        test "$res" != 31 && exit "$res";
        export OPAMCLI=2.0;
        build_dir=$(opam var prefix)/.opam-switch/build;
        failed=$(ls "$build_dir");
        partial_fails="";
        for pkg in $failed; do
          if opam show -f x-ci-accept-failures: "$pkg" | grep -qF "\"debian-12\""; then
            echo "A package failed and has been disabled for CI using the 'x-ci-accept-failures' field.";
          fi;
          test "$pkg" != 'git-kv.0.0.4' && partial_fails="$partial_fails $pkg";
        done;
        test "${partial_fails}" != "" && echo "opam-repo-ci detected dependencies failing: ${partial_fails}";
        exit 1" failed with exit status 60
2024-05-22 23:38.44: Job failed: Failed: Build failed
2024-05-22 23:38.44: Log analysis:
2024-05-22 23:38.44: >>> 
[ERROR] Sorry, resolution of the request timed out.
 (score = 20)
2024-05-22 23:38.44: >>> 
[ERROR] Sorry, resolution of the request timed out.
 (score = 20)
2024-05-22 23:38.44: Sorry, resolution of the request timed out.
