2024-05-22 22:54.24: New job: test irmin-git.3.3.0 with carton.0.7.1, using opam dev
                              from https://github.com/ocaml/opam-repository.git#refs/pull/25893/head (181a6de2ce4430a3d37a1c3f26ca10ea8caba2f8)
                              on debian-12-ocaml-4.14/amd64

To reproduce locally:

cd $(mktemp -d)
git clone --recursive "https://github.com/ocaml/opam-repository.git" && cd "opam-repository" && git fetch origin "refs/pull/25893/head" && git reset --hard 181a6de2
git fetch origin master
git merge --no-edit 8907d75af817bb5596ec76be769cd0451b41a326
cat > ../Dockerfile <<'END-OF-DOCKERFILE'
[34mFROM ocaml/opam:debian-12-ocaml-4.14@sha256:575952ac1a1b71568d969fe2b9788c1516c1252dda6ccffdc995036cc8cc9e3b
USER 1000:1000
WORKDIR /home/opam
RUN sudo ln -f /usr/bin/opam-dev /usr/bin/opam
RUN opam init --reinit -ni
RUN uname -rs && opam exec -- ocaml -version && opam --version
ENV OPAMDOWNLOADJOBS="1"
ENV OPAMERRLOGLEN="0"
ENV OPAMSOLVERTIMEOUT="500"
ENV OPAMPRECISETRACKING="1"
ENV CI="true"
ENV OPAM_REPO_CI="true"
RUN rm -rf opam-repository/
COPY --chown=1000:1000 . opam-repository/
RUN opam repository set-url --strict default opam-repository/
RUN opam update --depexts || true
RUN opam pin add -k version -yn carton.0.7.1 0.7.1
RUN opam reinstall carton.0.7.1; \
    res=$?; \
    test "$res" != 31 && exit "$res"; \
    export OPAMCLI=2.0; \
    build_dir=$(opam var prefix)/.opam-switch/build; \
    failed=$(ls "$build_dir"); \
    partial_fails=""; \
    for pkg in $failed; do \
    if opam show -f x-ci-accept-failures: "$pkg" | grep -qF "\"debian-12\""; then \
    echo "A package failed and has been disabled for CI using the 'x-ci-accept-failures' field."; \
    fi; \
    test "$pkg" != 'carton.0.7.1' && partial_fails="$partial_fails $pkg"; \
    done; \
    test "${partial_fails}" != "" && echo "opam-repo-ci detected dependencies failing: ${partial_fails}"; \
    exit 1
RUN opam reinstall irmin-git.3.3.0; \
    res=$?; \
    test "$res" != 31 && exit "$res"; \
    export OPAMCLI=2.0; \
    build_dir=$(opam var prefix)/.opam-switch/build; \
    failed=$(ls "$build_dir"); \
    partial_fails=""; \
    for pkg in $failed; do \
    if opam show -f x-ci-accept-failures: "$pkg" | grep -qF "\"debian-12\""; then \
    echo "A package failed and has been disabled for CI using the 'x-ci-accept-failures' field."; \
    fi; \
    test "$pkg" != 'irmin-git.3.3.0' && partial_fails="$partial_fails $pkg"; \
    done; \
    test "${partial_fails}" != "" && echo "opam-repo-ci detected dependencies failing: ${partial_fails}"; \
    exit 1
RUN (opam reinstall --with-test irmin-git.3.3.0) || true
RUN opam reinstall --with-test --verbose irmin-git.3.3.0; \
    res=$?; \
    test "$res" != 31 && exit "$res"; \
    export OPAMCLI=2.0; \
    build_dir=$(opam var prefix)/.opam-switch/build; \
    failed=$(ls "$build_dir"); \
    partial_fails=""; \
    for pkg in $failed; do \
    if opam show -f x-ci-accept-failures: "$pkg" | grep -qF "\"debian-12\""; then \
    echo "A package failed and has been disabled for CI using the 'x-ci-accept-failures' field."; \
    fi; \
    test "$pkg" != 'irmin-git.3.3.0' && partial_fails="$partial_fails $pkg"; \
    done; \
    test "${partial_fails}" != "" && echo "opam-repo-ci detected dependencies failing: ${partial_fails}"; \
    exit 1
[0m
END-OF-DOCKERFILE
docker build -f ../Dockerfile .

2024-05-22 22:54.24: Using cache hint "ocaml/opam:debian-12-ocaml-4.14@sha256:575952ac1a1b71568d969fe2b9788c1516c1252dda6ccffdc995036cc8cc9e3b-carton.0.7.1-irmin-git.3.3.0-181a6de2ce4430a3d37a1c3f26ca10ea8caba2f8"
2024-05-22 22:54.24: Using OBuilder spec:
((from ocaml/opam:debian-12-ocaml-4.14@sha256:575952ac1a1b71568d969fe2b9788c1516c1252dda6ccffdc995036cc8cc9e3b)
 (user (uid 1000) (gid 1000))
 (workdir /home/opam)
 (run (shell "sudo ln -f /usr/bin/opam-dev /usr/bin/opam"))
 (run (network host)
      (shell "opam init --reinit --config .opamrc-sandbox -ni"))
 (run (shell "uname -rs && opam exec -- ocaml -version && opam --version"))
 (env OPAMDOWNLOADJOBS 1)
 (env OPAMERRLOGLEN 0)
 (env OPAMSOLVERTIMEOUT 500)
 (env OPAMPRECISETRACKING 1)
 (env CI true)
 (env OPAM_REPO_CI true)
 (run (shell "rm -rf opam-repository/"))
 (copy (src .) (dst opam-repository/))
 (run (shell "opam repository set-url --strict default opam-repository/"))
 (run (network host)
      (shell "opam update --depexts || true"))
 (run (shell "opam pin add -k version -yn carton.0.7.1 0.7.1"))
 (run (cache (opam-archives (target /home/opam/.opam/download-cache)))
      (network host)
      (shell  "opam reinstall carton.0.7.1;\
             \n        res=$?;\
             \n        test \"$res\" != 31 && exit \"$res\";\
             \n        export OPAMCLI=2.0;\
             \n        build_dir=$(opam var prefix)/.opam-switch/build;\
             \n        failed=$(ls \"$build_dir\");\
             \n        partial_fails=\"\";\
             \n        for pkg in $failed; do\
             \n          if opam show -f x-ci-accept-failures: \"$pkg\" | grep -qF \"\\\"debian-12\\\"\"; then\
             \n            echo \"A package failed and has been disabled for CI using the 'x-ci-accept-failures' field.\";\
             \n          fi;\
             \n          test \"$pkg\" != 'carton.0.7.1' && partial_fails=\"$partial_fails $pkg\";\
             \n        done;\
             \n        test \"${partial_fails}\" != \"\" && echo \"opam-repo-ci detected dependencies failing: ${partial_fails}\";\
             \n        exit 1"))
 (run (cache (opam-archives (target /home/opam/.opam/download-cache)))
      (network host)
      (shell  "opam reinstall irmin-git.3.3.0;\
             \n        res=$?;\
             \n        test \"$res\" != 31 && exit \"$res\";\
             \n        export OPAMCLI=2.0;\
             \n        build_dir=$(opam var prefix)/.opam-switch/build;\
             \n        failed=$(ls \"$build_dir\");\
             \n        partial_fails=\"\";\
             \n        for pkg in $failed; do\
             \n          if opam show -f x-ci-accept-failures: \"$pkg\" | grep -qF \"\\\"debian-12\\\"\"; then\
             \n            echo \"A package failed and has been disabled for CI using the 'x-ci-accept-failures' field.\";\
             \n          fi;\
             \n          test \"$pkg\" != 'irmin-git.3.3.0' && partial_fails=\"$partial_fails $pkg\";\
             \n        done;\
             \n        test \"${partial_fails}\" != \"\" && echo \"opam-repo-ci detected dependencies failing: ${partial_fails}\";\
             \n        exit 1"))
 (run (network host)
      (shell "(opam reinstall --with-test irmin-git.3.3.0) || true"))
 (run (shell  "opam reinstall --with-test --verbose irmin-git.3.3.0;\
             \n        res=$?;\
             \n        test \"$res\" != 31 && exit \"$res\";\
             \n        export OPAMCLI=2.0;\
             \n        build_dir=$(opam var prefix)/.opam-switch/build;\
             \n        failed=$(ls \"$build_dir\");\
             \n        partial_fails=\"\";\
             \n        for pkg in $failed; do\
             \n          if opam show -f x-ci-accept-failures: \"$pkg\" | grep -qF \"\\\"debian-12\\\"\"; then\
             \n            echo \"A package failed and has been disabled for CI using the 'x-ci-accept-failures' field.\";\
             \n          fi;\
             \n          test \"$pkg\" != 'irmin-git.3.3.0' && partial_fails=\"$partial_fails $pkg\";\
             \n        done;\
             \n        test \"${partial_fails}\" != \"\" && echo \"opam-repo-ci detected dependencies failing: ${partial_fails}\";\
             \n        exit 1"))
)

2024-05-22 22:54.24: Waiting for resource in pool OCluster
2024-05-22 22:54.30: Waiting for worker…
2024-05-22 23:00.04: Got resource from pool OCluster
Building on asteria.caelum.ci.dev
All commits already cached
Updating files:  94% (32025/33735)Updating files:  95% (32049/33735)Updating files:  96% (32386/33735)Updating files:  97% (32723/33735)Updating files:  98% (33061/33735)Updating files:  99% (33398/33735)Updating files: 100% (33735/33735)Updating files: 100% (33735/33735), done.
HEAD is now at 8907d75af8 Merge pull request #25891 from kit-ty-kate/opam-publish-opam.2.1.6
Merge made by the 'ort' strategy.
 packages/carton/carton.0.7.0/opam          |  1 +
 packages/carton/carton.0.7.1/opam          |  1 +
 packages/git-mirage/git-mirage.3.16.0/opam | 61 ++++++++++++++++++++++++++
 packages/git-paf/git-paf.3.16.0/opam       | 46 ++++++++++++++++++++
 packages/git-unix/git-unix.3.16.0/opam     | 60 ++++++++++++++++++++++++++
 packages/git/git.3.16.0/opam               | 69 ++++++++++++++++++++++++++++++
 6 files changed, 238 insertions(+)
 create mode 100644 packages/git-mirage/git-mirage.3.16.0/opam
 create mode 100644 packages/git-paf/git-paf.3.16.0/opam
 create mode 100644 packages/git-unix/git-unix.3.16.0/opam
 create mode 100644 packages/git/git.3.16.0/opam

[01;34m(from ocaml/opam:debian-12-ocaml-4.14@sha256:575952ac1a1b71568d969fe2b9788c1516c1252dda6ccffdc995036cc8cc9e3b)[0m
Unable to find image 'ocaml/opam:debian-12-ocaml-4.14@sha256:575952ac1a1b71568d969fe2b9788c1516c1252dda6ccffdc995036cc8cc9e3b' locally
docker.io/ocaml/opam@sha256:575952ac1a1b71568d969fe2b9788c1516c1252dda6ccffdc995036cc8cc9e3b: Pulling from ocaml/opam
d8f8273aa989: Pulling fs layer
d8f8273aa989: Verifying Checksum
d8f8273aa989: Download complete
d8f8273aa989: Pull complete
Digest: sha256:575952ac1a1b71568d969fe2b9788c1516c1252dda6ccffdc995036cc8cc9e3b
Status: Downloaded newer image for ocaml/opam@sha256:575952ac1a1b71568d969fe2b9788c1516c1252dda6ccffdc995036cc8cc9e3b
[01;2m[01;35m2024-05-22 23:00.07 ---> using "b70a2807c2cfb3c5680f4fafeddd66a33d7dcdd9d48b1543e8642b8df113fdbf" from cache[0m

[01;34m/: (user (uid 1000) (gid 1000))[0m

[01;34m/: (workdir /home/opam)[0m

[01;34m/home/opam: (run (shell "sudo ln -f /usr/bin/opam-dev /usr/bin/opam"))[0m
[01;2m[01;35m2024-05-22 23:00.07 ---> using "c36f90ecff164603a21017340adb790a2f028b93271d75cce805aa2725f2c474" from cache[0m

[01;34m/home/opam: (run (network host)
                 (shell "opam init --reinit --config .opamrc-sandbox -ni"))[0m
Configuring from /home/opam/.opamrc-sandbox, then /home/opam/.opamrc, and finally from built-in defaults.
Checking for available remotes: rsync and local, git.
  - you won't be able to use mercurial repositories unless you install the hg command on your system.
  - you won't be able to use darcs repositories unless you install the darcs command on your system.

This development version of opam requires an update to the layout of /home/opam/.opam from version 2.0 to version 2.2~beta, which can't be reverted.
You may want to back it up before going further.

Continue? [y/n] y
[NOTE] The 'jobs' option was reset, its value was 39 and its new value will vary according to the current number of cores on your machine. You can restore the fixed value using:
           opam option jobs=39 --global
Format upgrade done.

<><> Updating repositories ><><><><><><><><><><><><><><><><><><><><><><><><><><>
[default] synchronised from file:///home/opam/opam-repository
[01;2m[01;35m2024-05-22 23:00.07 ---> using "41ba59c52c751987091a990bfc68743f47f1d48b58a0242e92679239747c0a38" from cache[0m

[01;34m/home/opam: (run (shell "uname -rs && opam exec -- ocaml -version && opam --version"))[0m
Linux 5.15.0-107-generic
The OCaml toplevel, version 4.14.2
2.2.0~beta3~dev
[01;2m[01;35m2024-05-22 23:00.07 ---> using "43177bf724d2ad14c3885c9e8604bf82de09a17c5632804082eaf00f00843b27" from cache[0m

[01;34m/home/opam: (env OPAMDOWNLOADJOBS 1)[0m

[01;34m/home/opam: (env OPAMERRLOGLEN 0)[0m

[01;34m/home/opam: (env OPAMSOLVERTIMEOUT 500)[0m

[01;34m/home/opam: (env OPAMPRECISETRACKING 1)[0m

[01;34m/home/opam: (env CI true)[0m

[01;34m/home/opam: (env OPAM_REPO_CI true)[0m

[01;34m/home/opam: (run (shell "rm -rf opam-repository/"))[0m
[01;2m[01;35m2024-05-22 23:00.07 ---> using "dc5d5a1631518083bf7b71a8bbeb70067bb1c0e264ce14940be3414232922413" from cache[0m

[01;34m/home/opam: (copy (src .) (dst opam-repository/))[0m
[01;2m[01;35m2024-05-22 23:00.08 ---> using "e68aec2b9db9b0061c1331f9c573209a064436217bc9bfdc11af1957cd1cf041" from cache[0m

[01;34m/home/opam: (run (shell "opam repository set-url --strict default opam-repository/"))[0m
[default] Initialised
[01;2m[01;35m2024-05-22 23:00.08 ---> using "9864a1ec585ee031437cac19826ba6dbc2fc90e1e084d1d0e3d456d8b9a89fed" from cache[0m

[01;34m/home/opam: (run (network host)
                 (shell "opam update --depexts || true"))[0m
+ /usr/bin/sudo "apt-get" "update"
- Hit:1 http://deb.debian.org/debian bookworm InRelease
- Get:2 http://deb.debian.org/debian bookworm-updates InRelease [55.4 kB]
- Get:3 http://deb.debian.org/debian-security bookworm-security InRelease [48.0 kB]
- Get:4 http://deb.debian.org/debian-security bookworm-security/main amd64 Packages [156 kB]
- Fetched 259 kB in 0s (830 kB/s)
- Reading package lists...
[01;2m[01;35m2024-05-22 23:00.08 ---> using "bc8b2b3f487b316dad8f55d438e57c5fd0a3140258425e60cce171cf7c8e2504" from cache[0m

[01;34m/home/opam: (run (shell "opam pin add -k version -yn carton.0.7.1 0.7.1"))[0m
carton is now pinned to version 0.7.1
[01;2m[01;35m2024-05-22 23:00.08 ---> using "f173ebf941b11b671028e12ca4227b40e77a7aaee41991dc41d649b92d956e71" from cache[0m

[01;34m/home/opam: (run (cache (opam-archives (target /home/opam/.opam/download-cache)))
                 (network host)
                 (shell  "opam reinstall carton.0.7.1;\
                        \n        res=$?;\
                        \n        test \"$res\" != 31 && exit \"$res\";\
                        \n        export OPAMCLI=2.0;\
                        \n        build_dir=$(opam var prefix)/.opam-switch/build;\
                        \n        failed=$(ls \"$build_dir\");\
                        \n        partial_fails=\"\";\
                        \n        for pkg in $failed; do\
                        \n          if opam show -f x-ci-accept-failures: \"$pkg\" | grep -qF \"\\\"debian-12\\\"\"; then\
                        \n            echo \"A package failed and has been disabled for CI using the 'x-ci-accept-failures' field.\";\
                        \n          fi;\
                        \n          test \"$pkg\" != 'carton.0.7.1' && partial_fails=\"$partial_fails $pkg\";\
                        \n        done;\
                        \n        test \"${partial_fails}\" != \"\" && echo \"opam-repo-ci detected dependencies failing: ${partial_fails}\";\
                        \n        exit 1"))[0m
carton.0.7.1 is not installed. Install it? [y/n] y
The following actions will be performed:
=== install 27 packages
  - install astring           0.8.5          [required by bos]
  - install bigstringaf       0.9.1          [required by carton]
  - install bos               0.2.1          [required by carton]
  - install carton            0.7.1 (pinned)
  - install checkseum         0.5.2          [required by carton]
  - install cmdliner          1.2.0          [required by carton]
  - install csexp             1.5.2          [required by dune-configurator]
  - install cstruct           6.2.0          [required by carton]
  - install decompress        1.5.3          [required by carton]
  - install digestif          1.2.0          [required by carton]
  - install duff              0.5            [required by carton]
  - install dune              3.15.2         [required by carton]
  - install dune-configurator 3.15.2         [required by checkseum, bigstringaf, hxd]
  - install eqaf              0.9            [required by digestif]
  - install fmt               0.9.0          [required by carton]
  - install fpath             0.7.3          [required by carton]
  - install hxd               0.3.2          [required by carton]
  - install ke                0.6            [required by carton]
  - install logs              0.7.0          [required by carton]
  - install ocamlbuild        0.14.3         [required by bos]
  - install ocamlfind         1.9.6          [required by bos]
  - install optint            0.3.0          [required by carton]
  - install psq               0.2.1          [required by carton]
  - install result            1.5            [required by carton]
  - install rresult           0.7.0          [required by carton]
  - install seq               base           [required by psq]
  - install topkg             1.0.7          [required by bos]

<><> Processing actions <><><><><><><><><><><><><><><><><><><><><><><><><><><><>
-> retrieved astring.0.8.5  (cached)
-> retrieved bigstringaf.0.9.1  (cached)
-> retrieved bos.0.2.1  (cached)
-> retrieved carton.0.7.1  (cached)
-> retrieved checkseum.0.5.2  (cached)
-> retrieved cmdliner.1.2.0  (cached)
-> retrieved csexp.1.5.2  (cached)
-> retrieved cstruct.6.2.0  (cached)
-> retrieved decompress.1.5.3  (cached)
-> retrieved digestif.1.2.0  (cached)
-> retrieved duff.0.5  (cached)
-> retrieved dune.3.15.2, dune-configurator.3.15.2  (cached)
-> retrieved eqaf.0.9  (cached)
-> retrieved fmt.0.9.0  (cached)
-> retrieved fpath.0.7.3  (cached)
-> retrieved hxd.0.3.2  (cached)
-> retrieved ke.0.6  (cached)
-> retrieved logs.0.7.0  (cached)
-> retrieved ocamlbuild.0.14.3  (cached)
-> retrieved ocamlfind.1.9.6  (cached)
-> installed cmdliner.1.2.0
-> retrieved optint.0.3.0  (cached)
-> retrieved psq.0.2.1  (cached)
-> retrieved result.1.5  (cached)
-> retrieved rresult.0.7.0  (cached)
-> installed seq.base
-> retrieved topkg.1.0.7  (cached)
-> installed ocamlfind.1.9.6
-> installed ocamlbuild.0.14.3
-> installed topkg.1.0.7
-> installed rresult.0.7.0
-> installed fmt.0.9.0
-> installed astring.0.8.5
-> installed fpath.0.7.3
-> installed logs.0.7.0
-> installed bos.0.2.1
-> installed dune.3.15.2
-> installed duff.0.5
-> installed csexp.1.5.2
-> installed cstruct.6.2.0
-> installed ke.0.6
-> installed optint.0.3.0
-> installed psq.0.2.1
-> installed result.1.5
-> installed eqaf.0.9
-> installed dune-configurator.3.15.2
-> installed digestif.1.2.0
-> installed bigstringaf.0.9.1
-> installed checkseum.0.5.2
-> installed hxd.0.3.2
-> installed decompress.1.5.3
-> installed carton.0.7.1
Done.
# Run eval $(opam env) to update the current shell environment
[01;2m[01;35m2024-05-22 23:00.08 ---> using "3ef6ba670ed8574e9e9d7669de68016c87450114909c1d0ada730a8fd32a1aa9" from cache[0m

[01;34m/home/opam: (run (cache (opam-archives (target /home/opam/.opam/download-cache)))
                 (network host)
                 (shell  "opam reinstall irmin-git.3.3.0;\
                        \n        res=$?;\
                        \n        test \"$res\" != 31 && exit \"$res\";\
                        \n        export OPAMCLI=2.0;\
                        \n        build_dir=$(opam var prefix)/.opam-switch/build;\
                        \n        failed=$(ls \"$build_dir\");\
                        \n        partial_fails=\"\";\
                        \n        for pkg in $failed; do\
                        \n          if opam show -f x-ci-accept-failures: \"$pkg\" | grep -qF \"\\\"debian-12\\\"\"; then\
                        \n            echo \"A package failed and has been disabled for CI using the 'x-ci-accept-failures' field.\";\
                        \n          fi;\
                        \n          test \"$pkg\" != 'irmin-git.3.3.0' && partial_fails=\"$partial_fails $pkg\";\
                        \n        done;\
                        \n        test \"${partial_fails}\" != \"\" && echo \"opam-repo-ci detected dependencies failing: ${partial_fails}\";\
                        \n        exit 1"))[0m
irmin-git.3.3.0 is not installed. Install it? [y/n] y
The following actions will be performed:
=== recompile 4 packages
  - recompile bos                 0.2.1          [uses logs]
  - recompile carton              0.7.1 (pinned) [uses hxd, logs]
  - recompile hxd                 0.3.2          [uses lwt]
  - recompile logs                0.7.0          [uses lwt]
=== install 37 packages
  - install   angstrom            0.16.0         [required by git]
  - install   base-bytes          base           [required by ocplib-endian]
  - install   base64              3.5.1          [required by git]
  - install   bheap               2.0.0          [required by irmin]
  - install   carton-git          0.7.1          [required by git]
  - install   carton-lwt          0.7.1          [required by git]
  - install   cppo                1.6.9          [required by lwt, ppx_deriving]
  - install   domain-name         0.4.0          [required by git]
  - install   either              1.0.0          [required by repr]
  - install   emile               1.1            [required by git]
  - install   encore              0.8            [required by git]
  - install   git                 3.16.0         [required by irmin-git]
  - install   ipaddr              5.5.0          [required by git]
  - install   irmin               3.3.0          [required by irmin-git]
  - install   irmin-git           3.3.0
  - install   jsonm               1.0.2          [required by irmin]
  - install   lwt                 5.7.0          [required by irmin-git]
  - install   macaddr             5.5.0          [required by ipaddr]
  - install   mimic               0.0.7          [required by irmin-git]
  - install   mirage-flow         4.0.2          [required by git]
  - install   mtime               1.4.0          [required by irmin]
  - install   ocaml-compiler-libs v0.12.4        [required by ppxlib]
  - install   ocaml-syntax-shims  1.0.0          [required by angstrom]
  - install   ocamlgraph          2.1.0          [required by git, irmin]
  - install   ocplib-endian       1.2            [required by lwt]
  - install   pecu                0.7            [required by emile]
  - install   ppx_derivers        1.2.1          [required by ppx_deriving]
  - install   ppx_deriving        5.2.1          [required by ppx_repr]
  - install   ppx_irmin           3.3.0          [required by irmin-git]
  - install   ppx_repr            0.7.0          [required by ppx_irmin]
  - install   ppxlib              0.32.1         [required by ppx_irmin]
  - install   repr                0.7.0          [required by irmin]
  - install   sexplib0            v0.17.0        [required by ppxlib]
  - install   stdlib-shims        0.3.0          [required by ocamlgraph]
  - install   stringext           1.6.0          [required by uri]
  - install   uri                 4.4.0          [required by irmin-git]
  - install   uutf                1.0.3          [required by irmin]

<><> Processing actions <><><><><><><><><><><><><><><><><><><><><><><><><><><><>
-> retrieved angstrom.0.16.0  (cached)
-> installed base-bytes.base
-> retrieved base64.3.5.1  (cached)
-> retrieved bheap.2.0.0  (cached)
-> retrieved bos.0.2.1  (cached)
-> retrieved carton.0.7.1, carton-git.0.7.1, carton-lwt.0.7.1  (cached)
-> retrieved cppo.1.6.9  (cached)
-> installed bheap.2.0.0
-> retrieved domain-name.0.4.0  (cached)
-> retrieved either.1.0.0  (cached)
-> retrieved emile.1.1  (cached)
-> retrieved encore.0.8  (cached)
-> retrieved git.3.16.0  (cached)
-> retrieved hxd.0.3.2  (cached)
-> retrieved ipaddr.5.5.0, macaddr.5.5.0  (cached)
-> installed base64.3.5.1
-> retrieved irmin.3.3.0, irmin-git.3.3.0, ppx_irmin.3.3.0  (cached)
-> installed domain-name.0.4.0
-> installed either.1.0.0
-> installed macaddr.5.5.0
-> retrieved jsonm.1.0.2  (cached)
-> retrieved logs.0.7.0  (cached)
-> retrieved lwt.5.7.0  (cached)
-> retrieved mimic.0.0.7  (cached)
-> retrieved mirage-flow.4.0.2  (cached)
-> retrieved mtime.1.4.0  (cached)
-> retrieved ocaml-compiler-libs.v0.12.4  (cached)
-> retrieved ocaml-syntax-shims.1.0.0  (cached)
-> retrieved ocamlgraph.2.1.0  (cached)
-> retrieved ocplib-endian.1.2  (cached)
-> retrieved pecu.0.7  (cached)
-> retrieved ppx_derivers.1.2.1  (cached)
-> retrieved ppx_deriving.5.2.1  (cached)
-> retrieved ppx_repr.0.7.0, repr.0.7.0  (cached)
-> removed   carton.0.7.1
-> removed   bos.0.2.1
-> removed   hxd.0.3.2
-> removed   logs.0.7.0
-> installed cppo.1.6.9
-> installed ppx_derivers.1.2.1
-> retrieved ppxlib.0.32.1  (cached)
-> installed ipaddr.5.5.0
-> retrieved sexplib0.v0.17.0  (cached)
-> installed pecu.0.7
-> retrieved stdlib-shims.0.3.0  (cached)
-> retrieved stringext.1.6.0  (cached)
-> retrieved uri.4.4.0  (cached)
-> retrieved uutf.1.0.3  (cached)
-> installed ocplib-endian.1.2
-> installed stdlib-shims.0.3.0
-> installed stringext.1.6.0
-> installed ocaml-syntax-shims.1.0.0
-> installed ocaml-compiler-libs.v0.12.4
-> installed mtime.1.4.0
-> installed sexplib0.v0.17.0
-> installed angstrom.0.16.0
-> installed uutf.1.0.3
-> installed encore.0.8
-> installed emile.1.1
-> installed jsonm.1.0.2
-> installed ocamlgraph.2.1.0
-> installed uri.4.4.0
-> installed lwt.5.7.0
-> installed repr.0.7.0
-> installed mirage-flow.4.0.2
-> installed hxd.0.3.2
-> installed logs.0.7.0
-> installed mimic.0.0.7
-> installed bos.0.2.1
-> installed carton.0.7.1
-> installed carton-lwt.0.7.1
-> installed carton-git.0.7.1
-> installed git.3.16.0
-> installed ppxlib.0.32.1
-> installed ppx_deriving.5.2.1
-> installed ppx_repr.0.7.0
-> installed ppx_irmin.3.3.0
-> installed irmin.3.3.0
-> installed irmin-git.3.3.0
Done.
# Run eval $(opam env) to update the current shell environment
[01;2m[01;35m2024-05-22 23:00.50 ---> saved as "747ee260a6c76410cf8447e766efb5f58c63bbbce43d01f2f52b9372bb94c777"[0m

[01;34m/home/opam: (run (network host)
                 (shell "(opam reinstall --with-test irmin-git.3.3.0) || true"))[0m
[ERROR] Sorry, resolution of the request timed out.
        Try to specify a more precise request, use a different solver, or increase the allowed time by setting OPAMSOLVERTIMEOUT to a bigger value (currently, it is set to 500.0 seconds).
[01;2m[01;35m2024-05-22 23:09.20 ---> saved as "e5a9b88629aaa20e16cb80ab7484e9abf8bdf4ef13f1c347eff06af81664df25"[0m

[01;34m/home/opam: (run (shell  "opam reinstall --with-test --verbose irmin-git.3.3.0;\
                        \n        res=$?;\
                        \n        test \"$res\" != 31 && exit \"$res\";\
                        \n        export OPAMCLI=2.0;\
                        \n        build_dir=$(opam var prefix)/.opam-switch/build;\
                        \n        failed=$(ls \"$build_dir\");\
                        \n        partial_fails=\"\";\
                        \n        for pkg in $failed; do\
                        \n          if opam show -f x-ci-accept-failures: \"$pkg\" | grep -qF \"\\\"debian-12\\\"\"; then\
                        \n            echo \"A package failed and has been disabled for CI using the 'x-ci-accept-failures' field.\";\
                        \n          fi;\
                        \n          test \"$pkg\" != 'irmin-git.3.3.0' && partial_fails=\"$partial_fails $pkg\";\
                        \n        done;\
                        \n        test \"${partial_fails}\" != \"\" && echo \"opam-repo-ci detected dependencies failing: ${partial_fails}\";\
                        \n        exit 1"))[0m
[ERROR] Sorry, resolution of the request timed out.
        Try to specify a more precise request, use a different solver, or increase the allowed time by setting OPAMSOLVERTIMEOUT to a bigger value (currently, it is set to 500.0 seconds).
'opam reinstall --with-test --verbose irmin-git.3.3.0' failed.
"/usr/bin/env" "bash" "-c" "opam reinstall --with-test --verbose irmin-git.3.3.0;
        res=$?;
        test "$res" != 31 && exit "$res";
        export OPAMCLI=2.0;
        build_dir=$(opam var prefix)/.opam-switch/build;
        failed=$(ls "$build_dir");
        partial_fails="";
        for pkg in $failed; do
          if opam show -f x-ci-accept-failures: "$pkg" | grep -qF "\"debian-12\""; then
            echo "A package failed and has been disabled for CI using the 'x-ci-accept-failures' field.";
          fi;
          test "$pkg" != 'irmin-git.3.3.0' && partial_fails="$partial_fails $pkg";
        done;
        test "${partial_fails}" != "" && echo "opam-repo-ci detected dependencies failing: ${partial_fails}";
        exit 1" failed with exit status 60
2024-05-22 23:18.05: Job failed: Failed: Build failed
2024-05-22 23:18.05: Log analysis:
2024-05-22 23:18.05: >>> 
[ERROR] Sorry, resolution of the request timed out.
 (score = 20)
2024-05-22 23:18.05: >>> 
[ERROR] Sorry, resolution of the request timed out.
 (score = 20)
2024-05-22 23:18.05: Sorry, resolution of the request timed out.
