2024-05-22 23:17.43: New job: test js_of_ocaml-toplevel.5.7.0 with cmdliner.1.3.0, using opam dev
                              from https://github.com/ocaml/opam-repository.git#refs/pull/25924/head (8b1bcef2701b746b5322949a3b4eed51eca511ef)
                              on debian-12-ocaml-5.2/amd64

To reproduce locally:

cd $(mktemp -d)
git clone --recursive "https://github.com/ocaml/opam-repository.git" && cd "opam-repository" && git fetch origin "refs/pull/25924/head" && git reset --hard 8b1bcef2
git fetch origin master
git merge --no-edit 8907d75af817bb5596ec76be769cd0451b41a326
cat > ../Dockerfile <<'END-OF-DOCKERFILE'
[34mFROM ocaml/opam:debian-12-ocaml-5.2@sha256:72f1ad6870043a5ae18793a383a4ff59bb1304a5fd68e210fb2ad0f70c9ca660
USER 1000:1000
WORKDIR /home/opam
RUN sudo ln -f /usr/bin/opam-dev /usr/bin/opam
RUN opam init --reinit -ni
RUN uname -rs && opam exec -- ocaml -version && opam --version
ENV OPAMDOWNLOADJOBS="1"
ENV OPAMERRLOGLEN="0"
ENV OPAMSOLVERTIMEOUT="500"
ENV OPAMPRECISETRACKING="1"
ENV CI="true"
ENV OPAM_REPO_CI="true"
RUN rm -rf opam-repository/
COPY --chown=1000:1000 . opam-repository/
RUN opam repository set-url --strict default opam-repository/
RUN opam update --depexts || true
RUN opam pin add -k version -yn cmdliner.1.3.0 1.3.0
RUN opam reinstall cmdliner.1.3.0; \
    res=$?; \
    test "$res" != 31 && exit "$res"; \
    export OPAMCLI=2.0; \
    build_dir=$(opam var prefix)/.opam-switch/build; \
    failed=$(ls "$build_dir"); \
    partial_fails=""; \
    for pkg in $failed; do \
    if opam show -f x-ci-accept-failures: "$pkg" | grep -qF "\"debian-12\""; then \
    echo "A package failed and has been disabled for CI using the 'x-ci-accept-failures' field."; \
    fi; \
    test "$pkg" != 'cmdliner.1.3.0' && partial_fails="$partial_fails $pkg"; \
    done; \
    test "${partial_fails}" != "" && echo "opam-repo-ci detected dependencies failing: ${partial_fails}"; \
    exit 1
RUN opam reinstall js_of_ocaml-toplevel.5.7.0; \
    res=$?; \
    test "$res" != 31 && exit "$res"; \
    export OPAMCLI=2.0; \
    build_dir=$(opam var prefix)/.opam-switch/build; \
    failed=$(ls "$build_dir"); \
    partial_fails=""; \
    for pkg in $failed; do \
    if opam show -f x-ci-accept-failures: "$pkg" | grep -qF "\"debian-12\""; then \
    echo "A package failed and has been disabled for CI using the 'x-ci-accept-failures' field."; \
    fi; \
    test "$pkg" != 'js_of_ocaml-toplevel.5.7.0' && partial_fails="$partial_fails $pkg"; \
    done; \
    test "${partial_fails}" != "" && echo "opam-repo-ci detected dependencies failing: ${partial_fails}"; \
    exit 1
RUN (opam reinstall --with-test js_of_ocaml-toplevel.5.7.0) || true
RUN opam reinstall --with-test --verbose js_of_ocaml-toplevel.5.7.0; \
    res=$?; \
    test "$res" != 31 && exit "$res"; \
    export OPAMCLI=2.0; \
    build_dir=$(opam var prefix)/.opam-switch/build; \
    failed=$(ls "$build_dir"); \
    partial_fails=""; \
    for pkg in $failed; do \
    if opam show -f x-ci-accept-failures: "$pkg" | grep -qF "\"debian-12\""; then \
    echo "A package failed and has been disabled for CI using the 'x-ci-accept-failures' field."; \
    fi; \
    test "$pkg" != 'js_of_ocaml-toplevel.5.7.0' && partial_fails="$partial_fails $pkg"; \
    done; \
    test "${partial_fails}" != "" && echo "opam-repo-ci detected dependencies failing: ${partial_fails}"; \
    exit 1
[0m
END-OF-DOCKERFILE
docker build -f ../Dockerfile .

2024-05-22 23:17.43: Using cache hint "ocaml/opam:debian-12-ocaml-5.2@sha256:72f1ad6870043a5ae18793a383a4ff59bb1304a5fd68e210fb2ad0f70c9ca660-cmdliner.1.3.0-js_of_ocaml-toplevel.5.7.0-8b1bcef2701b746b5322949a3b4eed51eca511ef"
2024-05-22 23:17.43: Using OBuilder spec:
((from ocaml/opam:debian-12-ocaml-5.2@sha256:72f1ad6870043a5ae18793a383a4ff59bb1304a5fd68e210fb2ad0f70c9ca660)
 (user (uid 1000) (gid 1000))
 (workdir /home/opam)
 (run (shell "sudo ln -f /usr/bin/opam-dev /usr/bin/opam"))
 (run (network host)
      (shell "opam init --reinit --config .opamrc-sandbox -ni"))
 (run (shell "uname -rs && opam exec -- ocaml -version && opam --version"))
 (env OPAMDOWNLOADJOBS 1)
 (env OPAMERRLOGLEN 0)
 (env OPAMSOLVERTIMEOUT 500)
 (env OPAMPRECISETRACKING 1)
 (env CI true)
 (env OPAM_REPO_CI true)
 (run (shell "rm -rf opam-repository/"))
 (copy (src .) (dst opam-repository/))
 (run (shell "opam repository set-url --strict default opam-repository/"))
 (run (network host)
      (shell "opam update --depexts || true"))
 (run (shell "opam pin add -k version -yn cmdliner.1.3.0 1.3.0"))
 (run (cache (opam-archives (target /home/opam/.opam/download-cache)))
      (network host)
      (shell  "opam reinstall cmdliner.1.3.0;\
             \n        res=$?;\
             \n        test \"$res\" != 31 && exit \"$res\";\
             \n        export OPAMCLI=2.0;\
             \n        build_dir=$(opam var prefix)/.opam-switch/build;\
             \n        failed=$(ls \"$build_dir\");\
             \n        partial_fails=\"\";\
             \n        for pkg in $failed; do\
             \n          if opam show -f x-ci-accept-failures: \"$pkg\" | grep -qF \"\\\"debian-12\\\"\"; then\
             \n            echo \"A package failed and has been disabled for CI using the 'x-ci-accept-failures' field.\";\
             \n          fi;\
             \n          test \"$pkg\" != 'cmdliner.1.3.0' && partial_fails=\"$partial_fails $pkg\";\
             \n        done;\
             \n        test \"${partial_fails}\" != \"\" && echo \"opam-repo-ci detected dependencies failing: ${partial_fails}\";\
             \n        exit 1"))
 (run (cache (opam-archives (target /home/opam/.opam/download-cache)))
      (network host)
      (shell  "opam reinstall js_of_ocaml-toplevel.5.7.0;\
             \n        res=$?;\
             \n        test \"$res\" != 31 && exit \"$res\";\
             \n        export OPAMCLI=2.0;\
             \n        build_dir=$(opam var prefix)/.opam-switch/build;\
             \n        failed=$(ls \"$build_dir\");\
             \n        partial_fails=\"\";\
             \n        for pkg in $failed; do\
             \n          if opam show -f x-ci-accept-failures: \"$pkg\" | grep -qF \"\\\"debian-12\\\"\"; then\
             \n            echo \"A package failed and has been disabled for CI using the 'x-ci-accept-failures' field.\";\
             \n          fi;\
             \n          test \"$pkg\" != 'js_of_ocaml-toplevel.5.7.0' && partial_fails=\"$partial_fails $pkg\";\
             \n        done;\
             \n        test \"${partial_fails}\" != \"\" && echo \"opam-repo-ci detected dependencies failing: ${partial_fails}\";\
             \n        exit 1"))
 (run (network host)
      (shell "(opam reinstall --with-test js_of_ocaml-toplevel.5.7.0) || true"))
 (run (shell  "opam reinstall --with-test --verbose js_of_ocaml-toplevel.5.7.0;\
             \n        res=$?;\
             \n        test \"$res\" != 31 && exit \"$res\";\
             \n        export OPAMCLI=2.0;\
             \n        build_dir=$(opam var prefix)/.opam-switch/build;\
             \n        failed=$(ls \"$build_dir\");\
             \n        partial_fails=\"\";\
             \n        for pkg in $failed; do\
             \n          if opam show -f x-ci-accept-failures: \"$pkg\" | grep -qF \"\\\"debian-12\\\"\"; then\
             \n            echo \"A package failed and has been disabled for CI using the 'x-ci-accept-failures' field.\";\
             \n          fi;\
             \n          test \"$pkg\" != 'js_of_ocaml-toplevel.5.7.0' && partial_fails=\"$partial_fails $pkg\";\
             \n        done;\
             \n        test \"${partial_fails}\" != \"\" && echo \"opam-repo-ci detected dependencies failing: ${partial_fails}\";\
             \n        exit 1"))
)

2024-05-22 23:17.43: Waiting for resource in pool OCluster
2024-05-22 23:36.14: Waiting for worker…
2024-05-22 23:38.30: Got resource from pool OCluster
Building on asteria.caelum.ci.dev
All commits already cached
Updating files:  85% (28895/33732)Updating files:  86% (29010/33732)Updating files:  87% (29347/33732)Updating files:  88% (29685/33732)Updating files:  89% (30022/33732)Updating files:  90% (30359/33732)Updating files:  91% (30697/33732)Updating files:  92% (31034/33732)Updating files:  93% (31371/33732)Updating files:  94% (31709/33732)Updating files:  95% (32046/33732)Updating files:  96% (32383/33732)Updating files:  97% (32721/33732)Updating files:  98% (33058/33732)Updating files:  99% (33395/33732)Updating files: 100% (33732/33732)Updating files: 100% (33732/33732), done.
HEAD is now at 8907d75af8 Merge pull request #25891 from kit-ty-kate/opam-publish-opam.2.1.6
Updating 8907d75af8..8b1bcef270
Fast-forward
 packages/cmdliner/cmdliner.1.3.0/opam | 39 +++++++++++++++++++++++++++++++++++
 1 file changed, 39 insertions(+)
 create mode 100644 packages/cmdliner/cmdliner.1.3.0/opam

[01;34m(from ocaml/opam:debian-12-ocaml-5.2@sha256:72f1ad6870043a5ae18793a383a4ff59bb1304a5fd68e210fb2ad0f70c9ca660)[0m
[01;2m[01;35m2024-05-22 23:39.02 ---> using "efa95ef99b8aa7297e2241765c861437c10bd642b9ced42ffa5c9ae1ca4d3cd4" from cache[0m

[01;34m/: (user (uid 1000) (gid 1000))[0m

[01;34m/: (workdir /home/opam)[0m

[01;34m/home/opam: (run (shell "sudo ln -f /usr/bin/opam-dev /usr/bin/opam"))[0m
[01;2m[01;35m2024-05-22 23:39.02 ---> using "b6dbda34a7bfbcecaf53ce1b27c917a02ba1365f9ab5ff30009298f2795440d8" from cache[0m

[01;34m/home/opam: (run (network host)
                 (shell "opam init --reinit --config .opamrc-sandbox -ni"))[0m
Configuring from /home/opam/.opamrc-sandbox, then /home/opam/.opamrc, and finally from built-in defaults.
Checking for available remotes: rsync and local, git.
  - you won't be able to use mercurial repositories unless you install the hg command on your system.
  - you won't be able to use darcs repositories unless you install the darcs command on your system.

This development version of opam requires an update to the layout of /home/opam/.opam from version 2.0 to version 2.2~beta, which can't be reverted.
You may want to back it up before going further.

Continue? [y/n] y
[NOTE] The 'jobs' option was reset, its value was 39 and its new value will vary according to the current number of cores on your machine. You can restore the fixed value using:
           opam option jobs=39 --global
Format upgrade done.

<><> Updating repositories ><><><><><><><><><><><><><><><><><><><><><><><><><><>
[default] synchronised from file:///home/opam/opam-repository
[01;2m[01;35m2024-05-22 23:39.02 ---> using "1a46b5946bd34bae7665d9ed7d1d23bd8a329e773fa0be7155a01e62ab9e321a" from cache[0m

[01;34m/home/opam: (run (shell "uname -rs && opam exec -- ocaml -version && opam --version"))[0m
Linux 5.15.0-107-generic
The OCaml toplevel, version 5.2.0
2.2.0~beta3~dev
[01;2m[01;35m2024-05-22 23:39.02 ---> using "76877ae6d785523c964b243ac3c5d087180476e800b019bcb4da5c9aed151e42" from cache[0m

[01;34m/home/opam: (env OPAMDOWNLOADJOBS 1)[0m

[01;34m/home/opam: (env OPAMERRLOGLEN 0)[0m

[01;34m/home/opam: (env OPAMSOLVERTIMEOUT 500)[0m

[01;34m/home/opam: (env OPAMPRECISETRACKING 1)[0m

[01;34m/home/opam: (env CI true)[0m

[01;34m/home/opam: (env OPAM_REPO_CI true)[0m

[01;34m/home/opam: (run (shell "rm -rf opam-repository/"))[0m
[01;2m[01;35m2024-05-22 23:39.02 ---> using "3093426f5da81095a517ddbff1096a0c19f6484b67f5dc6142e7833fde7f8417" from cache[0m

[01;34m/home/opam: (copy (src .) (dst opam-repository/))[0m
[01;2m[01;35m2024-05-22 23:39.03 ---> using "b0786d12fcf443711c14b4804c6bbf795e6a60b517283e05d1efa671f300526e" from cache[0m

[01;34m/home/opam: (run (shell "opam repository set-url --strict default opam-repository/"))[0m
[default] Initialised
[01;2m[01;35m2024-05-22 23:39.03 ---> using "20ac95ec538cf6e8c77416b4d20f2c246994395472578a546dd8cf0aac941401" from cache[0m

[01;34m/home/opam: (run (network host)
                 (shell "opam update --depexts || true"))[0m
+ /usr/bin/sudo "apt-get" "update"
- Hit:1 http://deb.debian.org/debian bookworm InRelease
- Get:2 http://deb.debian.org/debian bookworm-updates InRelease [55.4 kB]
- Get:3 http://deb.debian.org/debian-security bookworm-security InRelease [48.0 kB]
- Get:4 http://deb.debian.org/debian-security bookworm-security/main amd64 Packages [156 kB]
- Fetched 259 kB in 0s (560 kB/s)
- Reading package lists...
[01;2m[01;35m2024-05-22 23:39.03 ---> using "d8ec78a117aa4c5fce6c4c7dcb2546bf5b6bf68af966fadf912da427004a3205" from cache[0m

[01;34m/home/opam: (run (shell "opam pin add -k version -yn cmdliner.1.3.0 1.3.0"))[0m
cmdliner is now pinned to version 1.3.0
[01;2m[01;35m2024-05-22 23:39.03 ---> using "1906eb4a614b8ab4ab4c6aae9789a3a76eb3ae2f9a465ef44a3f968a2fbf36b8" from cache[0m

[01;34m/home/opam: (run (cache (opam-archives (target /home/opam/.opam/download-cache)))
                 (network host)
                 (shell  "opam reinstall cmdliner.1.3.0;\
                        \n        res=$?;\
                        \n        test \"$res\" != 31 && exit \"$res\";\
                        \n        export OPAMCLI=2.0;\
                        \n        build_dir=$(opam var prefix)/.opam-switch/build;\
                        \n        failed=$(ls \"$build_dir\");\
                        \n        partial_fails=\"\";\
                        \n        for pkg in $failed; do\
                        \n          if opam show -f x-ci-accept-failures: \"$pkg\" | grep -qF \"\\\"debian-12\\\"\"; then\
                        \n            echo \"A package failed and has been disabled for CI using the 'x-ci-accept-failures' field.\";\
                        \n          fi;\
                        \n          test \"$pkg\" != 'cmdliner.1.3.0' && partial_fails=\"$partial_fails $pkg\";\
                        \n        done;\
                        \n        test \"${partial_fails}\" != \"\" && echo \"opam-repo-ci detected dependencies failing: ${partial_fails}\";\
                        \n        exit 1"))[0m
cmdliner.1.3.0 is not installed. Install it? [y/n] y
The following actions will be performed:
=== install 1 package
  - install cmdliner 1.3.0 (pinned)

<><> Processing actions <><><><><><><><><><><><><><><><><><><><><><><><><><><><>
-> retrieved cmdliner.1.3.0  (https://erratique.ch/software/cmdliner/releases/cmdliner-1.3.0.tbz)
-> installed cmdliner.1.3.0
Done.
# Run eval $(opam env) to update the current shell environment
[01;2m[01;35m2024-05-22 23:39.03 ---> using "60cb2fa4e918492e10f325000ea43a5672469ff212354d050e180ccdb04a0706" from cache[0m

[01;34m/home/opam: (run (cache (opam-archives (target /home/opam/.opam/download-cache)))
                 (network host)
                 (shell  "opam reinstall js_of_ocaml-toplevel.5.7.0;\
                        \n        res=$?;\
                        \n        test \"$res\" != 31 && exit \"$res\";\
                        \n        export OPAMCLI=2.0;\
                        \n        build_dir=$(opam var prefix)/.opam-switch/build;\
                        \n        failed=$(ls \"$build_dir\");\
                        \n        partial_fails=\"\";\
                        \n        for pkg in $failed; do\
                        \n          if opam show -f x-ci-accept-failures: \"$pkg\" | grep -qF \"\\\"debian-12\\\"\"; then\
                        \n            echo \"A package failed and has been disabled for CI using the 'x-ci-accept-failures' field.\";\
                        \n          fi;\
                        \n          test \"$pkg\" != 'js_of_ocaml-toplevel.5.7.0' && partial_fails=\"$partial_fails $pkg\";\
                        \n        done;\
                        \n        test \"${partial_fails}\" != \"\" && echo \"opam-repo-ci detected dependencies failing: ${partial_fails}\";\
                        \n        exit 1"))[0m
js_of_ocaml-toplevel.5.7.0 is not installed. Install it? [y/n] y
The following actions will be performed:
=== install 18 packages
  - install cppo                 1.6.9    [required by yojson]
  - install dune                 3.15.2   [required by js_of_ocaml-toplevel]
  - install gen                  1.1      [required by sedlex]
  - install js_of_ocaml-compiler 5.7.0    [required by js_of_ocaml-toplevel]
  - install js_of_ocaml-toplevel 5.7.0
  - install menhir               20231231 [required by js_of_ocaml-compiler]
  - install menhirCST            20231231 [required by menhir]
  - install menhirLib            20231231 [required by js_of_ocaml-compiler]
  - install menhirSdk            20231231 [required by js_of_ocaml-compiler]
  - install ocaml-compiler-libs  v0.17.0  [required by ppxlib]
  - install ocamlfind            1.9.6    [required by js_of_ocaml-toplevel]
  - install ppx_derivers         1.2.1    [required by ppxlib]
  - install ppxlib               0.32.1   [required by js_of_ocaml-compiler]
  - install sedlex               3.2      [required by js_of_ocaml-compiler]
  - install seq                  base     [required by yojson]
  - install sexplib0             v0.17.0  [required by ppxlib]
  - install stdlib-shims         0.3.0    [required by ppxlib]
  - install yojson               2.1.2    [required by js_of_ocaml-compiler]

<><> Processing actions <><><><><><><><><><><><><><><><><><><><><><><><><><><><>
-> retrieved cppo.1.6.9  (cached)
-> retrieved dune.3.15.2  (cached)
-> retrieved gen.1.1  (cached)
-> retrieved js_of_ocaml-compiler.5.7.0, js_of_ocaml-toplevel.5.7.0  (cached)
-> retrieved menhir.20231231, menhirCST.20231231, menhirLib.20231231, menhirSdk.20231231  (cached)
-> retrieved ocaml-compiler-libs.v0.17.0  (cached)
-> retrieved ocamlfind.1.9.6  (cached)
-> retrieved ppx_derivers.1.2.1  (cached)
-> retrieved ppxlib.0.32.1  (cached)
-> retrieved sedlex.3.2  (cached)
-> installed seq.base
-> retrieved sexplib0.v0.17.0  (cached)
-> retrieved stdlib-shims.0.3.0  (cached)
-> retrieved yojson.2.1.2  (cached)
-> installed ocamlfind.1.9.6
-> installed dune.3.15.2
-> installed menhirCST.20231231
-> installed ppx_derivers.1.2.1
-> installed stdlib-shims.0.3.0
-> installed menhirSdk.20231231
-> installed sexplib0.v0.17.0
-> installed gen.1.1
-> installed menhirLib.20231231
-> installed cppo.1.6.9
-> installed ocaml-compiler-libs.v0.17.0
-> installed yojson.2.1.2
-> installed menhir.20231231
-> installed ppxlib.0.32.1
-> installed sedlex.3.2
-> installed js_of_ocaml-compiler.5.7.0
-> installed js_of_ocaml-toplevel.5.7.0
Done.
# Run eval $(opam env) to update the current shell environment
[01;2m[01;35m2024-05-22 23:40.03 ---> saved as "4629de92ca13b742a2847fefb3f8279579f15290895874b3b687cdf38449c438"[0m

[01;34m/home/opam: (run (network host)
                 (shell "(opam reinstall --with-test js_of_ocaml-toplevel.5.7.0) || true"))[0m
[ERROR] Sorry, resolution of the request timed out.
        Try to specify a more precise request, use a different solver, or increase the allowed time by setting OPAMSOLVERTIMEOUT to a bigger value (currently, it is set to 500.0 seconds).
[01;2m[01;35m2024-05-22 23:48.32 ---> saved as "cdf37333ab7eb6e949e1183525374df74601336443a58622690dbe76c4f50efe"[0m

[01;34m/home/opam: (run (shell  "opam reinstall --with-test --verbose js_of_ocaml-toplevel.5.7.0;\
                        \n        res=$?;\
                        \n        test \"$res\" != 31 && exit \"$res\";\
                        \n        export OPAMCLI=2.0;\
                        \n        build_dir=$(opam var prefix)/.opam-switch/build;\
                        \n        failed=$(ls \"$build_dir\");\
                        \n        partial_fails=\"\";\
                        \n        for pkg in $failed; do\
                        \n          if opam show -f x-ci-accept-failures: \"$pkg\" | grep -qF \"\\\"debian-12\\\"\"; then\
                        \n            echo \"A package failed and has been disabled for CI using the 'x-ci-accept-failures' field.\";\
                        \n          fi;\
                        \n          test \"$pkg\" != 'js_of_ocaml-toplevel.5.7.0' && partial_fails=\"$partial_fails $pkg\";\
                        \n        done;\
                        \n        test \"${partial_fails}\" != \"\" && echo \"opam-repo-ci detected dependencies failing: ${partial_fails}\";\
                        \n        exit 1"))[0m
[ERROR] Sorry, resolution of the request timed out.
        Try to specify a more precise request, use a different solver, or increase the allowed time by setting OPAMSOLVERTIMEOUT to a bigger value (currently, it is set to 500.0 seconds).
'opam reinstall --with-test --verbose js_of_ocaml-toplevel.5.7.0' failed.
"/usr/bin/env" "bash" "-c" "opam reinstall --with-test --verbose js_of_ocaml-toplevel.5.7.0;
        res=$?;
        test "$res" != 31 && exit "$res";
        export OPAMCLI=2.0;
        build_dir=$(opam var prefix)/.opam-switch/build;
        failed=$(ls "$build_dir");
        partial_fails="";
        for pkg in $failed; do
          if opam show -f x-ci-accept-failures: "$pkg" | grep -qF "\"debian-12\""; then
            echo "A package failed and has been disabled for CI using the 'x-ci-accept-failures' field.";
          fi;
          test "$pkg" != 'js_of_ocaml-toplevel.5.7.0' && partial_fails="$partial_fails $pkg";
        done;
        test "${partial_fails}" != "" && echo "opam-repo-ci detected dependencies failing: ${partial_fails}";
        exit 1" failed with exit status 60
2024-05-22 23:57.16: Job failed: Failed: Build failed
2024-05-22 23:57.16: Log analysis:
2024-05-22 23:57.16: >>> 
[ERROR] Sorry, resolution of the request timed out.
 (score = 20)
2024-05-22 23:57.16: >>> 
[ERROR] Sorry, resolution of the request timed out.
 (score = 20)
2024-05-22 23:57.16: Sorry, resolution of the request timed out.
