2024-05-16 06:53.53: New job: test ppx_deriving_variant_string.1.0.1, using opam dev
                              from https://github.com/ocaml/opam-repository.git#refs/pull/25886/head (f12b879ae1078937c1960a7d9b6952aa811edb15)
                              on debian-12-ocaml-5.0/amd64

To reproduce locally:

cd $(mktemp -d)
git clone --recursive "https://github.com/ocaml/opam-repository.git" && cd "opam-repository" && git fetch origin "refs/pull/25886/head" && git reset --hard f12b879a
git fetch origin master
git merge --no-edit 0dc68a8b920a5b579062cfcdbdf841a82e137ebd
cat > ../Dockerfile <<'END-OF-DOCKERFILE'
[34mFROM ocaml/opam:debian-12-ocaml-5.0@sha256:32f6e7a4c132a3cde2e6885b30b52cb9d83acffd52931edc11c4a32ee01398b6
USER 1000:1000
WORKDIR /home/opam
RUN sudo ln -f /usr/bin/opam-dev /usr/bin/opam
RUN opam init --reinit -ni
RUN uname -rs && opam exec -- ocaml -version && opam --version
ENV OPAMDOWNLOADJOBS="1"
ENV OPAMERRLOGLEN="0"
ENV OPAMSOLVERTIMEOUT="500"
ENV OPAMPRECISETRACKING="1"
ENV CI="true"
ENV OPAM_REPO_CI="true"
RUN rm -rf opam-repository/
COPY --chown=1000:1000 . opam-repository/
RUN opam repository set-url --strict default opam-repository/
RUN opam update --depexts || true
RUN opam pin add -k version -yn ppx_deriving_variant_string.1.0.1 1.0.1
RUN opam reinstall ppx_deriving_variant_string.1.0.1; \
    res=$?; \
    test "$res" != 31 && exit "$res"; \
    export OPAMCLI=2.0; \
    build_dir=$(opam var prefix)/.opam-switch/build; \
    failed=$(ls "$build_dir"); \
    partial_fails=""; \
    for pkg in $failed; do \
    if opam show -f x-ci-accept-failures: "$pkg" | grep -qF "\"debian-12\""; then \
    echo "A package failed and has been disabled for CI using the 'x-ci-accept-failures' field."; \
    fi; \
    test "$pkg" != 'ppx_deriving_variant_string.1.0.1' && partial_fails="$partial_fails $pkg"; \
    done; \
    test "${partial_fails}" != "" && echo "opam-repo-ci detected dependencies failing: ${partial_fails}"; \
    exit 1
RUN (opam reinstall --with-test ppx_deriving_variant_string.1.0.1) || true
RUN opam reinstall --with-test --verbose ppx_deriving_variant_string.1.0.1; \
    res=$?; \
    test "$res" != 31 && exit "$res"; \
    export OPAMCLI=2.0; \
    build_dir=$(opam var prefix)/.opam-switch/build; \
    failed=$(ls "$build_dir"); \
    partial_fails=""; \
    for pkg in $failed; do \
    if opam show -f x-ci-accept-failures: "$pkg" | grep -qF "\"debian-12\""; then \
    echo "A package failed and has been disabled for CI using the 'x-ci-accept-failures' field."; \
    fi; \
    test "$pkg" != 'ppx_deriving_variant_string.1.0.1' && partial_fails="$partial_fails $pkg"; \
    done; \
    test "${partial_fails}" != "" && echo "opam-repo-ci detected dependencies failing: ${partial_fails}"; \
    exit 1
[0m
END-OF-DOCKERFILE
docker build -f ../Dockerfile .

2024-05-16 06:53.53: Using cache hint "ocaml/opam:debian-12-ocaml-5.0@sha256:32f6e7a4c132a3cde2e6885b30b52cb9d83acffd52931edc11c4a32ee01398b6-ppx_deriving_variant_string.1.0.1-f12b879ae1078937c1960a7d9b6952aa811edb15"
2024-05-16 06:53.53: Using OBuilder spec:
((from ocaml/opam:debian-12-ocaml-5.0@sha256:32f6e7a4c132a3cde2e6885b30b52cb9d83acffd52931edc11c4a32ee01398b6)
 (user (uid 1000) (gid 1000))
 (workdir /home/opam)
 (run (shell "sudo ln -f /usr/bin/opam-dev /usr/bin/opam"))
 (run (network host)
      (shell "opam init --reinit --config .opamrc-sandbox -ni"))
 (run (shell "uname -rs && opam exec -- ocaml -version && opam --version"))
 (env OPAMDOWNLOADJOBS 1)
 (env OPAMERRLOGLEN 0)
 (env OPAMSOLVERTIMEOUT 500)
 (env OPAMPRECISETRACKING 1)
 (env CI true)
 (env OPAM_REPO_CI true)
 (run (shell "rm -rf opam-repository/"))
 (copy (src .) (dst opam-repository/))
 (run (shell "opam repository set-url --strict default opam-repository/"))
 (run (network host)
      (shell "opam update --depexts || true"))
 (run (shell "opam pin add -k version -yn ppx_deriving_variant_string.1.0.1 1.0.1"))
 (run (cache (opam-archives (target /home/opam/.opam/download-cache)))
      (network host)
      (shell  "opam reinstall ppx_deriving_variant_string.1.0.1;\
             \n        res=$?;\
             \n        test \"$res\" != 31 && exit \"$res\";\
             \n        export OPAMCLI=2.0;\
             \n        build_dir=$(opam var prefix)/.opam-switch/build;\
             \n        failed=$(ls \"$build_dir\");\
             \n        partial_fails=\"\";\
             \n        for pkg in $failed; do\
             \n          if opam show -f x-ci-accept-failures: \"$pkg\" | grep -qF \"\\\"debian-12\\\"\"; then\
             \n            echo \"A package failed and has been disabled for CI using the 'x-ci-accept-failures' field.\";\
             \n          fi;\
             \n          test \"$pkg\" != 'ppx_deriving_variant_string.1.0.1' && partial_fails=\"$partial_fails $pkg\";\
             \n        done;\
             \n        test \"${partial_fails}\" != \"\" && echo \"opam-repo-ci detected dependencies failing: ${partial_fails}\";\
             \n        exit 1"))
 (run (network host)
      (shell "(opam reinstall --with-test ppx_deriving_variant_string.1.0.1) || true"))
 (run (shell  "opam reinstall --with-test --verbose ppx_deriving_variant_string.1.0.1;\
             \n        res=$?;\
             \n        test \"$res\" != 31 && exit \"$res\";\
             \n        export OPAMCLI=2.0;\
             \n        build_dir=$(opam var prefix)/.opam-switch/build;\
             \n        failed=$(ls \"$build_dir\");\
             \n        partial_fails=\"\";\
             \n        for pkg in $failed; do\
             \n          if opam show -f x-ci-accept-failures: \"$pkg\" | grep -qF \"\\\"debian-12\\\"\"; then\
             \n            echo \"A package failed and has been disabled for CI using the 'x-ci-accept-failures' field.\";\
             \n          fi;\
             \n          test \"$pkg\" != 'ppx_deriving_variant_string.1.0.1' && partial_fails=\"$partial_fails $pkg\";\
             \n        done;\
             \n        test \"${partial_fails}\" != \"\" && echo \"opam-repo-ci detected dependencies failing: ${partial_fails}\";\
             \n        exit 1"))
)

2024-05-16 06:53.53: Waiting for resource in pool OCluster
2024-05-16 06:53.54: Waiting for worker…
2024-05-16 06:53.54: Got resource from pool OCluster
Building on x86-bm-c8.sw.ocaml.org
All commits already cached
Updating files:  92% (31201/33680)Updating files:  93% (31323/33680)Updating files:  94% (31660/33680)Updating files:  95% (31996/33680)Updating files:  96% (32333/33680)Updating files:  97% (32670/33680)Updating files:  98% (33007/33680)Updating files:  99% (33344/33680)Updating files: 100% (33680/33680)Updating files: 100% (33680/33680), done.
HEAD is now at 0dc68a8b92 Merge pull request #25870 from hannesm/release-tls-v0.17.5
Updating 0dc68a8b92..f12b879ae1
Fast-forward
 .../ppx_deriving_variant_string.1.0.1/opam         | 43 ++++++++++++++++++++++
 1 file changed, 43 insertions(+)
 create mode 100644 packages/ppx_deriving_variant_string/ppx_deriving_variant_string.1.0.1/opam

[01;34m(from ocaml/opam:debian-12-ocaml-5.0@sha256:32f6e7a4c132a3cde2e6885b30b52cb9d83acffd52931edc11c4a32ee01398b6)[0m
Unable to find image 'ocaml/opam:debian-12-ocaml-5.0@sha256:32f6e7a4c132a3cde2e6885b30b52cb9d83acffd52931edc11c4a32ee01398b6' locally
docker.io/ocaml/opam@sha256:32f6e7a4c132a3cde2e6885b30b52cb9d83acffd52931edc11c4a32ee01398b6: Pulling from ocaml/opam
17b9f8af6965: Pulling fs layer
17b9f8af6965: Verifying Checksum
17b9f8af6965: Download complete
17b9f8af6965: Pull complete
Digest: sha256:32f6e7a4c132a3cde2e6885b30b52cb9d83acffd52931edc11c4a32ee01398b6
Status: Downloaded newer image for ocaml/opam@sha256:32f6e7a4c132a3cde2e6885b30b52cb9d83acffd52931edc11c4a32ee01398b6
[01;2m[01;35m2024-05-16 06:57.08 ---> saved as "ac23fa00f2752a414ef54017dfefca683b5cb55c8b8a6aa986ea092b9ae1cdbf"[0m

[01;34m/: (user (uid 1000) (gid 1000))[0m

[01;34m/: (workdir /home/opam)[0m

[01;34m/home/opam: (run (shell "sudo ln -f /usr/bin/opam-dev /usr/bin/opam"))[0m
[01;2m[01;35m2024-05-16 06:57.08 ---> saved as "6bd95ab504dc91e793054111179fab047c9afd76f2a0641dac6e7b41243c52e1"[0m

[01;34m/home/opam: (run (network host)
                 (shell "opam init --reinit --config .opamrc-sandbox -ni"))[0m
Configuring from /home/opam/.opamrc-sandbox, then /home/opam/.opamrc, and finally from built-in defaults.
Checking for available remotes: rsync and local, git.
  - you won't be able to use mercurial repositories unless you install the hg command on your system.
  - you won't be able to use darcs repositories unless you install the darcs command on your system.

This development version of opam requires an update to the layout of /home/opam/.opam from version 2.0 to version 2.2~beta, which can't be reverted.
You may want to back it up before going further.

Continue? [y/n] y
Format upgrade done.

<><> Updating repositories ><><><><><><><><><><><><><><><><><><><><><><><><><><>
[default] synchronised from file:///home/opam/opam-repository
[01;2m[01;35m2024-05-16 06:58.56 ---> saved as "967c4a76b4089b13cce2dab38215f6457540206c19feabbe3e37af6f169c0c41"[0m

[01;34m/home/opam: (run (shell "uname -rs && opam exec -- ocaml -version && opam --version"))[0m
Linux 5.15.0-107-generic
The OCaml toplevel, version 5.0.0
2.2.0~beta3~dev
[01;2m[01;35m2024-05-16 06:58.57 ---> saved as "e463190d1449d22c9779ecdd0443241282816a440c2b64cfa832b1d41aa9a9a2"[0m

[01;34m/home/opam: (env OPAMDOWNLOADJOBS 1)[0m

[01;34m/home/opam: (env OPAMERRLOGLEN 0)[0m

[01;34m/home/opam: (env OPAMSOLVERTIMEOUT 500)[0m

[01;34m/home/opam: (env OPAMPRECISETRACKING 1)[0m

[01;34m/home/opam: (env CI true)[0m

[01;34m/home/opam: (env OPAM_REPO_CI true)[0m

[01;34m/home/opam: (run (shell "rm -rf opam-repository/"))[0m
[01;2m[01;35m2024-05-16 06:59.08 ---> saved as "9cc3b205bcc71d000c0da0459dd84ee2533ded24908cd751164f4c26fc0eb72c"[0m

[01;34m/home/opam: (copy (src .) (dst opam-repository/))[0m
[01;2m[01;35m2024-05-16 06:59.23 ---> saved as "d502bdc1e5d3f439f16be13a75cb511c99418cb11c23ab36efd79dbf2a2bf718"[0m

[01;34m/home/opam: (run (shell "opam repository set-url --strict default opam-repository/"))[0m
[default] Initialised
[01;2m[01;35m2024-05-16 07:00.19 ---> saved as "e61012e79a92a85b7b2da0983e94ef450955d01e275f42d166535b055521f45a"[0m

[01;34m/home/opam: (run (network host)
                 (shell "opam update --depexts || true"))[0m
+ /usr/bin/sudo "apt-get" "update"
- Hit:1 http://deb.debian.org/debian bookworm InRelease
- Get:2 http://deb.debian.org/debian bookworm-updates InRelease [55.4 kB]
- Get:3 http://deb.debian.org/debian-security bookworm-security InRelease [48.0 kB]
- Get:4 http://deb.debian.org/debian-security bookworm-security/main amd64 Packages [156 kB]
- Fetched 259 kB in 0s (1089 kB/s)
- Reading package lists...
[01;2m[01;35m2024-05-16 07:00.20 ---> saved as "0f0e885d2b04e9aa5874e64d76175265ffa10f49b793205385b59c56c7658c20"[0m

[01;34m/home/opam: (run (shell "opam pin add -k version -yn ppx_deriving_variant_string.1.0.1 1.0.1"))[0m
ppx_deriving_variant_string is now pinned to version 1.0.1
[01;2m[01;35m2024-05-16 07:00.21 ---> saved as "d8254b85d3f3d4b73340198eded73ca4cd60483cb6ab298c17d8a5f4698282ef"[0m

[01;34m/home/opam: (run (cache (opam-archives (target /home/opam/.opam/download-cache)))
                 (network host)
                 (shell  "opam reinstall ppx_deriving_variant_string.1.0.1;\
                        \n        res=$?;\
                        \n        test \"$res\" != 31 && exit \"$res\";\
                        \n        export OPAMCLI=2.0;\
                        \n        build_dir=$(opam var prefix)/.opam-switch/build;\
                        \n        failed=$(ls \"$build_dir\");\
                        \n        partial_fails=\"\";\
                        \n        for pkg in $failed; do\
                        \n          if opam show -f x-ci-accept-failures: \"$pkg\" | grep -qF \"\\\"debian-12\\\"\"; then\
                        \n            echo \"A package failed and has been disabled for CI using the 'x-ci-accept-failures' field.\";\
                        \n          fi;\
                        \n          test \"$pkg\" != 'ppx_deriving_variant_string.1.0.1' && partial_fails=\"$partial_fails $pkg\";\
                        \n        done;\
                        \n        test \"${partial_fails}\" != \"\" && echo \"opam-repo-ci detected dependencies failing: ${partial_fails}\";\
                        \n        exit 1"))[0m
ppx_deriving_variant_string.1.0.1 is not installed. Install it? [y/n] y
The following actions will be performed:
=== install 7 packages
  - install dune                        3.15.2         [required by ppx_deriving_variant_string]
  - install ocaml-compiler-libs         v0.12.4        [required by ppxlib]
  - install ppx_derivers                1.2.1          [required by ppxlib]
  - install ppx_deriving_variant_string 1.0.1 (pinned)
  - install ppxlib                      0.32.1         [required by ppx_deriving_variant_string]
  - install sexplib0                    v0.17.0        [required by ppxlib]
  - install stdlib-shims                0.3.0          [required by ppxlib]

<><> Processing actions <><><><><><><><><><><><><><><><><><><><><><><><><><><><>
-> retrieved dune.3.15.2  (cached)
-> retrieved ocaml-compiler-libs.v0.12.4  (cached)
-> retrieved ppx_derivers.1.2.1  (cached)
-> retrieved ppx_deriving_variant_string.1.0.1  (cached)
-> retrieved ppxlib.0.32.1  (cached)
-> retrieved sexplib0.v0.17.0  (cached)
-> retrieved stdlib-shims.0.3.0  (cached)
-> installed dune.3.15.2
-> installed ppx_derivers.1.2.1
-> installed stdlib-shims.0.3.0
-> installed sexplib0.v0.17.0
-> installed ocaml-compiler-libs.v0.12.4
-> installed ppxlib.0.32.1
-> installed ppx_deriving_variant_string.1.0.1
Done.
# Run eval $(opam env) to update the current shell environment
[01;2m[01;35m2024-05-16 07:01.24 ---> saved as "e5f710b7ec2fb41f283e0409c00202dd587b5c237cb05f0b2c982c9adf91ae52"[0m

[01;34m/home/opam: (run (network host)
                 (shell "(opam reinstall --with-test ppx_deriving_variant_string.1.0.1) || true"))[0m
[ERROR] Sorry, resolution of the request timed out.
        Try to specify a more precise request, use a different solver, or increase the allowed time by setting OPAMSOLVERTIMEOUT to a bigger value (currently, it is set to 500.0 seconds).
[01;2m[01;35m2024-05-16 07:09.56 ---> saved as "1f788c9adff82e1c9d0fec63f0e43b4397f0806c7a798533c132f16dfc371db8"[0m

[01;34m/home/opam: (run (shell  "opam reinstall --with-test --verbose ppx_deriving_variant_string.1.0.1;\
                        \n        res=$?;\
                        \n        test \"$res\" != 31 && exit \"$res\";\
                        \n        export OPAMCLI=2.0;\
                        \n        build_dir=$(opam var prefix)/.opam-switch/build;\
                        \n        failed=$(ls \"$build_dir\");\
                        \n        partial_fails=\"\";\
                        \n        for pkg in $failed; do\
                        \n          if opam show -f x-ci-accept-failures: \"$pkg\" | grep -qF \"\\\"debian-12\\\"\"; then\
                        \n            echo \"A package failed and has been disabled for CI using the 'x-ci-accept-failures' field.\";\
                        \n          fi;\
                        \n          test \"$pkg\" != 'ppx_deriving_variant_string.1.0.1' && partial_fails=\"$partial_fails $pkg\";\
                        \n        done;\
                        \n        test \"${partial_fails}\" != \"\" && echo \"opam-repo-ci detected dependencies failing: ${partial_fails}\";\
                        \n        exit 1"))[0m
[ERROR] Sorry, resolution of the request timed out.
        Try to specify a more precise request, use a different solver, or increase the allowed time by setting OPAMSOLVERTIMEOUT to a bigger value (currently, it is set to 500.0 seconds).
'opam reinstall --with-test --verbose ppx_deriving_variant_string.1.0.1' failed.
"/usr/bin/env" "bash" "-c" "opam reinstall --with-test --verbose ppx_deriving_variant_string.1.0.1;
        res=$?;
        test "$res" != 31 && exit "$res";
        export OPAMCLI=2.0;
        build_dir=$(opam var prefix)/.opam-switch/build;
        failed=$(ls "$build_dir");
        partial_fails="";
        for pkg in $failed; do
          if opam show -f x-ci-accept-failures: "$pkg" | grep -qF "\"debian-12\""; then
            echo "A package failed and has been disabled for CI using the 'x-ci-accept-failures' field.";
          fi;
          test "$pkg" != 'ppx_deriving_variant_string.1.0.1' && partial_fails="$partial_fails $pkg";
        done;
        test "${partial_fails}" != "" && echo "opam-repo-ci detected dependencies failing: ${partial_fails}";
        exit 1" failed with exit status 60
2024-05-16 07:18.48: Job failed: Failed: Build failed
2024-05-16 07:18.48: Log analysis:
2024-05-16 07:18.48: >>> 
[ERROR] Sorry, resolution of the request timed out.
 (score = 20)
2024-05-16 07:18.48: >>> 
[ERROR] Sorry, resolution of the request timed out.
 (score = 20)
2024-05-16 07:18.48: Sorry, resolution of the request timed out.
