2024-05-16 06:53.53: New job: test ppx_deriving_variant_string.1.0.1, using opam dev
                              from https://github.com/ocaml/opam-repository.git#refs/pull/25886/head (f12b879ae1078937c1960a7d9b6952aa811edb15)
                              on debian-12-ocaml-4.08/amd64

To reproduce locally:

cd $(mktemp -d)
git clone --recursive "https://github.com/ocaml/opam-repository.git" && cd "opam-repository" && git fetch origin "refs/pull/25886/head" && git reset --hard f12b879a
git fetch origin master
git merge --no-edit 0dc68a8b920a5b579062cfcdbdf841a82e137ebd
cat > ../Dockerfile <<'END-OF-DOCKERFILE'
[34mFROM ocaml/opam:debian-12-ocaml-4.08@sha256:0c769c658e4fdccf7f6254959b7eda7a935565ff9d11f9d8ad1c8c230311c441
USER 1000:1000
WORKDIR /home/opam
RUN sudo ln -f /usr/bin/opam-dev /usr/bin/opam
RUN opam init --reinit -ni
RUN uname -rs && opam exec -- ocaml -version && opam --version
ENV OPAMDOWNLOADJOBS="1"
ENV OPAMERRLOGLEN="0"
ENV OPAMSOLVERTIMEOUT="500"
ENV OPAMPRECISETRACKING="1"
ENV CI="true"
ENV OPAM_REPO_CI="true"
RUN rm -rf opam-repository/
COPY --chown=1000:1000 . opam-repository/
RUN opam repository set-url --strict default opam-repository/
RUN opam update --depexts || true
RUN opam pin add -k version -yn ppx_deriving_variant_string.1.0.1 1.0.1
RUN opam reinstall ppx_deriving_variant_string.1.0.1; \
    res=$?; \
    test "$res" != 31 && exit "$res"; \
    export OPAMCLI=2.0; \
    build_dir=$(opam var prefix)/.opam-switch/build; \
    failed=$(ls "$build_dir"); \
    partial_fails=""; \
    for pkg in $failed; do \
    if opam show -f x-ci-accept-failures: "$pkg" | grep -qF "\"debian-12\""; then \
    echo "A package failed and has been disabled for CI using the 'x-ci-accept-failures' field."; \
    fi; \
    test "$pkg" != 'ppx_deriving_variant_string.1.0.1' && partial_fails="$partial_fails $pkg"; \
    done; \
    test "${partial_fails}" != "" && echo "opam-repo-ci detected dependencies failing: ${partial_fails}"; \
    exit 1
RUN (opam reinstall --with-test ppx_deriving_variant_string.1.0.1) || true
RUN opam reinstall --with-test --verbose ppx_deriving_variant_string.1.0.1; \
    res=$?; \
    test "$res" != 31 && exit "$res"; \
    export OPAMCLI=2.0; \
    build_dir=$(opam var prefix)/.opam-switch/build; \
    failed=$(ls "$build_dir"); \
    partial_fails=""; \
    for pkg in $failed; do \
    if opam show -f x-ci-accept-failures: "$pkg" | grep -qF "\"debian-12\""; then \
    echo "A package failed and has been disabled for CI using the 'x-ci-accept-failures' field."; \
    fi; \
    test "$pkg" != 'ppx_deriving_variant_string.1.0.1' && partial_fails="$partial_fails $pkg"; \
    done; \
    test "${partial_fails}" != "" && echo "opam-repo-ci detected dependencies failing: ${partial_fails}"; \
    exit 1
[0m
END-OF-DOCKERFILE
docker build -f ../Dockerfile .

2024-05-16 06:53.53: Using cache hint "ocaml/opam:debian-12-ocaml-4.08@sha256:0c769c658e4fdccf7f6254959b7eda7a935565ff9d11f9d8ad1c8c230311c441-ppx_deriving_variant_string.1.0.1-f12b879ae1078937c1960a7d9b6952aa811edb15"
2024-05-16 06:53.53: Using OBuilder spec:
((from ocaml/opam:debian-12-ocaml-4.08@sha256:0c769c658e4fdccf7f6254959b7eda7a935565ff9d11f9d8ad1c8c230311c441)
 (user (uid 1000) (gid 1000))
 (workdir /home/opam)
 (run (shell "sudo ln -f /usr/bin/opam-dev /usr/bin/opam"))
 (run (network host)
      (shell "opam init --reinit --config .opamrc-sandbox -ni"))
 (run (shell "uname -rs && opam exec -- ocaml -version && opam --version"))
 (env OPAMDOWNLOADJOBS 1)
 (env OPAMERRLOGLEN 0)
 (env OPAMSOLVERTIMEOUT 500)
 (env OPAMPRECISETRACKING 1)
 (env CI true)
 (env OPAM_REPO_CI true)
 (run (shell "rm -rf opam-repository/"))
 (copy (src .) (dst opam-repository/))
 (run (shell "opam repository set-url --strict default opam-repository/"))
 (run (network host)
      (shell "opam update --depexts || true"))
 (run (shell "opam pin add -k version -yn ppx_deriving_variant_string.1.0.1 1.0.1"))
 (run (cache (opam-archives (target /home/opam/.opam/download-cache)))
      (network host)
      (shell  "opam reinstall ppx_deriving_variant_string.1.0.1;\
             \n        res=$?;\
             \n        test \"$res\" != 31 && exit \"$res\";\
             \n        export OPAMCLI=2.0;\
             \n        build_dir=$(opam var prefix)/.opam-switch/build;\
             \n        failed=$(ls \"$build_dir\");\
             \n        partial_fails=\"\";\
             \n        for pkg in $failed; do\
             \n          if opam show -f x-ci-accept-failures: \"$pkg\" | grep -qF \"\\\"debian-12\\\"\"; then\
             \n            echo \"A package failed and has been disabled for CI using the 'x-ci-accept-failures' field.\";\
             \n          fi;\
             \n          test \"$pkg\" != 'ppx_deriving_variant_string.1.0.1' && partial_fails=\"$partial_fails $pkg\";\
             \n        done;\
             \n        test \"${partial_fails}\" != \"\" && echo \"opam-repo-ci detected dependencies failing: ${partial_fails}\";\
             \n        exit 1"))
 (run (network host)
      (shell "(opam reinstall --with-test ppx_deriving_variant_string.1.0.1) || true"))
 (run (shell  "opam reinstall --with-test --verbose ppx_deriving_variant_string.1.0.1;\
             \n        res=$?;\
             \n        test \"$res\" != 31 && exit \"$res\";\
             \n        export OPAMCLI=2.0;\
             \n        build_dir=$(opam var prefix)/.opam-switch/build;\
             \n        failed=$(ls \"$build_dir\");\
             \n        partial_fails=\"\";\
             \n        for pkg in $failed; do\
             \n          if opam show -f x-ci-accept-failures: \"$pkg\" | grep -qF \"\\\"debian-12\\\"\"; then\
             \n            echo \"A package failed and has been disabled for CI using the 'x-ci-accept-failures' field.\";\
             \n          fi;\
             \n          test \"$pkg\" != 'ppx_deriving_variant_string.1.0.1' && partial_fails=\"$partial_fails $pkg\";\
             \n        done;\
             \n        test \"${partial_fails}\" != \"\" && echo \"opam-repo-ci detected dependencies failing: ${partial_fails}\";\
             \n        exit 1"))
)

2024-05-16 06:53.53: Waiting for resource in pool OCluster
2024-05-16 06:53.54: Waiting for worker…
2024-05-16 06:53.54: Got resource from pool OCluster
Building on x86-bm-c18.sw.ocaml.org
Updating files:  98% (33089/33681)Updating files:  99% (33345/33681)Updating files: 100% (33681/33681)Updating files: 100% (33681/33681), done.
HEAD is now at 1212cc15bc + ppxlib lower bound
HEAD is now at 0dc68a8b92 Merge pull request #25870 from hannesm/release-tls-v0.17.5
Updating 0dc68a8b92..f12b879ae1
Fast-forward
 .../ppx_deriving_variant_string.1.0.1/opam         | 43 ++++++++++++++++++++++
 1 file changed, 43 insertions(+)
 create mode 100644 packages/ppx_deriving_variant_string/ppx_deriving_variant_string.1.0.1/opam

[01;34m(from ocaml/opam:debian-12-ocaml-4.08@sha256:0c769c658e4fdccf7f6254959b7eda7a935565ff9d11f9d8ad1c8c230311c441)[0m
Unable to find image 'ocaml/opam:debian-12-ocaml-4.08@sha256:0c769c658e4fdccf7f6254959b7eda7a935565ff9d11f9d8ad1c8c230311c441' locally
docker.io/ocaml/opam@sha256:0c769c658e4fdccf7f6254959b7eda7a935565ff9d11f9d8ad1c8c230311c441: Pulling from ocaml/opam
d51821786041: Pulling fs layer
d51821786041: Verifying Checksum
d51821786041: Download complete
d51821786041: Pull complete
Digest: sha256:0c769c658e4fdccf7f6254959b7eda7a935565ff9d11f9d8ad1c8c230311c441
Status: Downloaded newer image for ocaml/opam@sha256:0c769c658e4fdccf7f6254959b7eda7a935565ff9d11f9d8ad1c8c230311c441
[01;2m[01;35m2024-05-16 06:57.17 ---> saved as "5602aa4d4f8c960acd7e81ad74a78109ea54cdbb3e7606848338ab48efd3581f"[0m

[01;34m/: (user (uid 1000) (gid 1000))[0m

[01;34m/: (workdir /home/opam)[0m

[01;34m/home/opam: (run (shell "sudo ln -f /usr/bin/opam-dev /usr/bin/opam"))[0m
[01;2m[01;35m2024-05-16 06:57.17 ---> saved as "3f3f6965b18dbe231309cad110da8ecbc98b0e538cc621e48803e0e126914634"[0m

[01;34m/home/opam: (run (network host)
                 (shell "opam init --reinit --config .opamrc-sandbox -ni"))[0m
Configuring from /home/opam/.opamrc-sandbox, then /home/opam/.opamrc, and finally from built-in defaults.
Checking for available remotes: rsync and local, git.
  - you won't be able to use mercurial repositories unless you install the hg command on your system.
  - you won't be able to use darcs repositories unless you install the darcs command on your system.

This development version of opam requires an update to the layout of /home/opam/.opam from version 2.0 to version 2.2~beta, which can't be reverted.
You may want to back it up before going further.

Continue? [y/n] y
Format upgrade done.

<><> Updating repositories ><><><><><><><><><><><><><><><><><><><><><><><><><><>
[default] synchronised from file:///home/opam/opam-repository
[01;2m[01;35m2024-05-16 06:58.42 ---> saved as "b24d311c2a2456460ad25dc0fe221b6de277a233e58739172165fcbf27af1108"[0m

[01;34m/home/opam: (run (shell "uname -rs && opam exec -- ocaml -version && opam --version"))[0m
Linux 5.15.0-101-generic
The OCaml toplevel, version 4.08.1
2.2.0~beta3~dev
[01;2m[01;35m2024-05-16 06:58.42 ---> saved as "2a5150b6cbee328277566278ab3b6f0a6da1a04b7feaf9fefa72277fbe493dd0"[0m

[01;34m/home/opam: (env OPAMDOWNLOADJOBS 1)[0m

[01;34m/home/opam: (env OPAMERRLOGLEN 0)[0m

[01;34m/home/opam: (env OPAMSOLVERTIMEOUT 500)[0m

[01;34m/home/opam: (env OPAMPRECISETRACKING 1)[0m

[01;34m/home/opam: (env CI true)[0m

[01;34m/home/opam: (env OPAM_REPO_CI true)[0m

[01;34m/home/opam: (run (shell "rm -rf opam-repository/"))[0m
[01;2m[01;35m2024-05-16 06:58.49 ---> saved as "add307e86940fa560bf14025973ddb83bf5f16d04bbdf744e4c5c0ca0330f4b6"[0m

[01;34m/home/opam: (copy (src .) (dst opam-repository/))[0m
[01;2m[01;35m2024-05-16 06:59.04 ---> saved as "78be1f9d5699441a827fed46abf7852994bfe8392b45521b74e434566e65cf9c"[0m

[01;34m/home/opam: (run (shell "opam repository set-url --strict default opam-repository/"))[0m
[default] Initialised
[01;2m[01;35m2024-05-16 06:59.58 ---> saved as "f7f49c60ff1fe40c03b6169ab5ae28614d4909ae91aa33eb2300caf4b69e9b9d"[0m

[01;34m/home/opam: (run (network host)
                 (shell "opam update --depexts || true"))[0m
+ /usr/bin/sudo "apt-get" "update"
- Hit:1 http://deb.debian.org/debian bookworm InRelease
- Get:2 http://deb.debian.org/debian bookworm-updates InRelease [55.4 kB]
- Get:3 http://deb.debian.org/debian-security bookworm-security InRelease [48.0 kB]
- Get:4 http://deb.debian.org/debian-security bookworm-security/main amd64 Packages [156 kB]
- Fetched 259 kB in 0s (1104 kB/s)
- Reading package lists...
[01;2m[01;35m2024-05-16 06:59.59 ---> saved as "5f58d08a41dc76811e03da609b31147118627f650d2eff803fb81c87606975d6"[0m

[01;34m/home/opam: (run (shell "opam pin add -k version -yn ppx_deriving_variant_string.1.0.1 1.0.1"))[0m
ppx_deriving_variant_string is now pinned to version 1.0.1
[01;2m[01;35m2024-05-16 07:00.00 ---> saved as "9794f937d3a1ec08d7ff92fb1037356f8981e737d54bee2080ef9f7cf0b860f8"[0m

[01;34m/home/opam: (run (cache (opam-archives (target /home/opam/.opam/download-cache)))
                 (network host)
                 (shell  "opam reinstall ppx_deriving_variant_string.1.0.1;\
                        \n        res=$?;\
                        \n        test \"$res\" != 31 && exit \"$res\";\
                        \n        export OPAMCLI=2.0;\
                        \n        build_dir=$(opam var prefix)/.opam-switch/build;\
                        \n        failed=$(ls \"$build_dir\");\
                        \n        partial_fails=\"\";\
                        \n        for pkg in $failed; do\
                        \n          if opam show -f x-ci-accept-failures: \"$pkg\" | grep -qF \"\\\"debian-12\\\"\"; then\
                        \n            echo \"A package failed and has been disabled for CI using the 'x-ci-accept-failures' field.\";\
                        \n          fi;\
                        \n          test \"$pkg\" != 'ppx_deriving_variant_string.1.0.1' && partial_fails=\"$partial_fails $pkg\";\
                        \n        done;\
                        \n        test \"${partial_fails}\" != \"\" && echo \"opam-repo-ci detected dependencies failing: ${partial_fails}\";\
                        \n        exit 1"))[0m
ppx_deriving_variant_string.1.0.1 is not installed. Install it? [y/n] y
The following actions will be performed:
=== install 7 packages
  - install dune                        3.15.2         [required by ppx_deriving_variant_string]
  - install ocaml-compiler-libs         v0.12.4        [required by ppxlib]
  - install ppx_derivers                1.2.1          [required by ppxlib]
  - install ppx_deriving_variant_string 1.0.1 (pinned)
  - install ppxlib                      0.32.1         [required by ppx_deriving_variant_string]
  - install sexplib0                    v0.16.0        [required by ppxlib]
  - install stdlib-shims                0.3.0          [required by ppxlib]

<><> Processing actions <><><><><><><><><><><><><><><><><><><><><><><><><><><><>
-> retrieved dune.3.15.2  (cached)
-> retrieved ocaml-compiler-libs.v0.12.4  (cached)
-> retrieved ppx_derivers.1.2.1  (cached)
-> retrieved ppx_deriving_variant_string.1.0.1  (cached)
-> retrieved ppxlib.0.32.1  (cached)
-> retrieved sexplib0.v0.16.0  (cached)
-> retrieved stdlib-shims.0.3.0  (cached)
-> installed dune.3.15.2
-> installed ppx_derivers.1.2.1
-> installed stdlib-shims.0.3.0
-> installed sexplib0.v0.16.0
-> installed ocaml-compiler-libs.v0.12.4
-> installed ppxlib.0.32.1
-> installed ppx_deriving_variant_string.1.0.1
Done.
# Run eval $(opam env) to update the current shell environment
[01;2m[01;35m2024-05-16 07:01.02 ---> saved as "af585f2e861c1bd3b634346b84808ff875986af04ba3e5b3f6e452e5b8f09b69"[0m

[01;34m/home/opam: (run (network host)
                 (shell "(opam reinstall --with-test ppx_deriving_variant_string.1.0.1) || true"))[0m
[ERROR] Sorry, resolution of the request timed out.
        Try to specify a more precise request, use a different solver, or increase the allowed time by setting OPAMSOLVERTIMEOUT to a bigger value (currently, it is set to 500.0 seconds).
[01;2m[01;35m2024-05-16 07:09.37 ---> saved as "d24700858e5245e5db7cca6e1de8a3937ea28bf99ba1a5cfef40707d33cdebd6"[0m

[01;34m/home/opam: (run (shell  "opam reinstall --with-test --verbose ppx_deriving_variant_string.1.0.1;\
                        \n        res=$?;\
                        \n        test \"$res\" != 31 && exit \"$res\";\
                        \n        export OPAMCLI=2.0;\
                        \n        build_dir=$(opam var prefix)/.opam-switch/build;\
                        \n        failed=$(ls \"$build_dir\");\
                        \n        partial_fails=\"\";\
                        \n        for pkg in $failed; do\
                        \n          if opam show -f x-ci-accept-failures: \"$pkg\" | grep -qF \"\\\"debian-12\\\"\"; then\
                        \n            echo \"A package failed and has been disabled for CI using the 'x-ci-accept-failures' field.\";\
                        \n          fi;\
                        \n          test \"$pkg\" != 'ppx_deriving_variant_string.1.0.1' && partial_fails=\"$partial_fails $pkg\";\
                        \n        done;\
                        \n        test \"${partial_fails}\" != \"\" && echo \"opam-repo-ci detected dependencies failing: ${partial_fails}\";\
                        \n        exit 1"))[0m
[ERROR] Sorry, resolution of the request timed out.
        Try to specify a more precise request, use a different solver, or increase the allowed time by setting OPAMSOLVERTIMEOUT to a bigger value (currently, it is set to 500.0 seconds).
'opam reinstall --with-test --verbose ppx_deriving_variant_string.1.0.1' failed.
"/usr/bin/env" "bash" "-c" "opam reinstall --with-test --verbose ppx_deriving_variant_string.1.0.1;
        res=$?;
        test "$res" != 31 && exit "$res";
        export OPAMCLI=2.0;
        build_dir=$(opam var prefix)/.opam-switch/build;
        failed=$(ls "$build_dir");
        partial_fails="";
        for pkg in $failed; do
          if opam show -f x-ci-accept-failures: "$pkg" | grep -qF "\"debian-12\""; then
            echo "A package failed and has been disabled for CI using the 'x-ci-accept-failures' field.";
          fi;
          test "$pkg" != 'ppx_deriving_variant_string.1.0.1' && partial_fails="$partial_fails $pkg";
        done;
        test "${partial_fails}" != "" && echo "opam-repo-ci detected dependencies failing: ${partial_fails}";
        exit 1" failed with exit status 60
2024-05-16 07:18.25: Job failed: Failed: Build failed
2024-05-16 07:18.25: Log analysis:
2024-05-16 07:18.25: >>> 
[ERROR] Sorry, resolution of the request timed out.
 (score = 20)
2024-05-16 07:18.25: >>> 
[ERROR] Sorry, resolution of the request timed out.
 (score = 20)
2024-05-16 07:18.25: Sorry, resolution of the request timed out.
