2024-06-25 15:56.26: New job: build twirp_cohttp_lwt_unix.0.1, using opam 2.1
                              from https://github.com/ocaml/opam-repository.git#refs/pull/26129/head (098a164933b67b166e4ee0a96b53bea55210b1fa)
                              on debian-12-ocaml-4.14/amd64

To reproduce locally:

cd $(mktemp -d)
git clone --recursive "https://github.com/ocaml/opam-repository.git" && cd "opam-repository" && git fetch origin "refs/pull/26129/head" && git reset --hard 098a1649
git fetch origin master
git merge --no-edit 795f80f1b5a00cb2eea32a4d4e5d8377fa125d62
cat > ../Dockerfile <<'END-OF-DOCKERFILE'
[34mFROM ocaml/opam:debian-12-ocaml-4.14@sha256:51859147d869ebd23a15922818349effc446cbbc6a0b3e0257a7859e766261b3
USER 1000:1000
WORKDIR /home/opam
RUN sudo ln -f /usr/bin/opam-2.1 /usr/bin/opam
RUN opam init --reinit -ni
RUN uname -rs && opam exec -- ocaml -version && opam --version
ENV OPAMDOWNLOADJOBS="1"
ENV OPAMERRLOGLEN="0"
ENV OPAMSOLVERTIMEOUT="500"
ENV OPAMPRECISETRACKING="1"
ENV CI="true"
ENV OPAM_REPO_CI="true"
RUN rm -rf opam-repository/
COPY --chown=1000:1000 . opam-repository/
RUN opam repository set-url --strict default opam-repository/
RUN opam update --depexts || true
RUN opam pin add -k version -yn twirp_cohttp_lwt_unix.0.1 0.1
RUN opam reinstall twirp_cohttp_lwt_unix.0.1; \
    res=$?; \
    test "$res" != 31 && exit "$res"; \
    export OPAMCLI=2.0; \
    build_dir=$(opam var prefix)/.opam-switch/build; \
    failed=$(ls "$build_dir"); \
    partial_fails=""; \
    for pkg in $failed; do \
    if opam show -f x-ci-accept-failures: "$pkg" | grep -qF "\"debian-12\""; then \
    echo "A package failed and has been disabled for CI using the 'x-ci-accept-failures' field."; \
    fi; \
    test "$pkg" != 'twirp_cohttp_lwt_unix.0.1' && partial_fails="$partial_fails $pkg"; \
    done; \
    test "${partial_fails}" != "" && echo "opam-repo-ci detected dependencies failing: ${partial_fails}"; \
    exit 1
[0m
END-OF-DOCKERFILE
docker build -f ../Dockerfile .

2024-06-25 15:56.26: Using cache hint "ocaml/opam:debian-12-ocaml-4.14@sha256:51859147d869ebd23a15922818349effc446cbbc6a0b3e0257a7859e766261b3-twirp_cohttp_lwt_unix.0.1-098a164933b67b166e4ee0a96b53bea55210b1fa"
2024-06-25 15:56.26: Using OBuilder spec:
((from ocaml/opam:debian-12-ocaml-4.14@sha256:51859147d869ebd23a15922818349effc446cbbc6a0b3e0257a7859e766261b3)
 (user (uid 1000) (gid 1000))
 (workdir /home/opam)
 (run (shell "sudo ln -f /usr/bin/opam-2.1 /usr/bin/opam"))
 (run (network host)
      (shell "opam init --reinit --config .opamrc-sandbox -ni"))
 (run (shell "uname -rs && opam exec -- ocaml -version && opam --version"))
 (env OPAMDOWNLOADJOBS 1)
 (env OPAMERRLOGLEN 0)
 (env OPAMSOLVERTIMEOUT 500)
 (env OPAMPRECISETRACKING 1)
 (env CI true)
 (env OPAM_REPO_CI true)
 (run (shell "rm -rf opam-repository/"))
 (copy (src .) (dst opam-repository/))
 (run (shell "opam repository set-url --strict default opam-repository/"))
 (run (network host)
      (shell "opam update --depexts || true"))
 (run (shell "opam pin add -k version -yn twirp_cohttp_lwt_unix.0.1 0.1"))
 (run (cache (opam-archives (target /home/opam/.opam/download-cache)))
      (network host)
      (shell  "opam reinstall twirp_cohttp_lwt_unix.0.1;\
             \n        res=$?;\
             \n        test \"$res\" != 31 && exit \"$res\";\
             \n        export OPAMCLI=2.0;\
             \n        build_dir=$(opam var prefix)/.opam-switch/build;\
             \n        failed=$(ls \"$build_dir\");\
             \n        partial_fails=\"\";\
             \n        for pkg in $failed; do\
             \n          if opam show -f x-ci-accept-failures: \"$pkg\" | grep -qF \"\\\"debian-12\\\"\"; then\
             \n            echo \"A package failed and has been disabled for CI using the 'x-ci-accept-failures' field.\";\
             \n          fi;\
             \n          test \"$pkg\" != 'twirp_cohttp_lwt_unix.0.1' && partial_fails=\"$partial_fails $pkg\";\
             \n        done;\
             \n        test \"${partial_fails}\" != \"\" && echo \"opam-repo-ci detected dependencies failing: ${partial_fails}\";\
             \n        exit 1"))
)

2024-06-25 15:56.26: Waiting for resource in pool OCluster
2024-06-25 16:36.43: Waiting for worker…
2024-06-25 16:40.44: Got resource from pool OCluster
Building on x86-bm-c17.sw.ocaml.org
All commits already cached
Updating files:  89% (28157/31620)Updating files:  90% (28458/31620)Updating files:  91% (28775/31620)Updating files:  92% (29091/31620)Updating files:  93% (29407/31620)Updating files:  94% (29723/31620)Updating files:  95% (30039/31620)Updating files:  96% (30356/31620)Updating files:  97% (30672/31620)Updating files:  98% (30988/31620)Updating files:  99% (31304/31620)Updating files: 100% (31620/31620)Updating files: 100% (31620/31620), done.
HEAD is now at 795f80f1b5 Merge pull request #26103 from Gbury/release-dolmen-v0.10
Updating 795f80f1b5..098a164933
Fast-forward
 .../twirp_cohttp_lwt_unix.0.1/opam                 | 42 +++++++++++++++++++++
 packages/twirp_core/twirp_core.0.1/opam            | 44 ++++++++++++++++++++++
 packages/twirp_ezcurl/twirp_ezcurl.0.1/opam        | 41 ++++++++++++++++++++
 .../twirp_tiny_httpd/twirp_tiny_httpd.0.1/opam     | 41 ++++++++++++++++++++
 4 files changed, 168 insertions(+)
 create mode 100644 packages/twirp_cohttp_lwt_unix/twirp_cohttp_lwt_unix.0.1/opam
 create mode 100644 packages/twirp_core/twirp_core.0.1/opam
 create mode 100644 packages/twirp_ezcurl/twirp_ezcurl.0.1/opam
 create mode 100644 packages/twirp_tiny_httpd/twirp_tiny_httpd.0.1/opam

[01;34m(from ocaml/opam:debian-12-ocaml-4.14@sha256:51859147d869ebd23a15922818349effc446cbbc6a0b3e0257a7859e766261b3)[0m
[01;2m[01;35m2024-06-25 16:40.46 ---> using "7d0037e87409e99fda0588f75b47ce776adea91ebf3f460e136466d751adef89" from cache[0m

[01;34m/: (user (uid 1000) (gid 1000))[0m

[01;34m/: (workdir /home/opam)[0m

[01;34m/home/opam: (run (shell "sudo ln -f /usr/bin/opam-2.1 /usr/bin/opam"))[0m
[01;2m[01;35m2024-06-25 16:40.46 ---> saved as "483068b32ccc5ee046cb85ee020153a96892e5048099a34c67d3a3aee3b79a8a"[0m

[01;34m/home/opam: (run (network host)
                 (shell "opam init --reinit --config .opamrc-sandbox -ni"))[0m
Configuring from /home/opam/.opamrc-sandbox, then /home/opam/.opamrc, and finally from built-in defaults.
Checking for available remotes: rsync and local, git.
  - you won't be able to use mercurial repositories unless you install the hg command on your system.
  - you won't be able to use darcs repositories unless you install the darcs command on your system.

This version of opam requires an update to the layout of /home/opam/.opam from version 2.0 to version 2.1, which can't be reverted.
You may want to back it up before going further.

Continue? [Y/n] y
Format upgrade done.

<><> Updating repositories ><><><><><><><><><><><><><><><><><><><><><><><><><><>
[default] synchronised from file:///home/opam/opam-repository
[01;2m[01;35m2024-06-25 16:42.08 ---> saved as "701163311c15c0512811127110f95821f4463c6c099be43d97b4090450c60271"[0m

[01;34m/home/opam: (run (shell "uname -rs && opam exec -- ocaml -version && opam --version"))[0m
Linux 5.15.0-112-generic
The OCaml toplevel, version 4.14.2
2.1.6
[01;2m[01;35m2024-06-25 16:42.08 ---> saved as "aebcb473e210b200924ddf310e9fb6f18b807e36bb10e6dcd0e3bafb3a528ca9"[0m

[01;34m/home/opam: (env OPAMDOWNLOADJOBS 1)[0m

[01;34m/home/opam: (env OPAMERRLOGLEN 0)[0m

[01;34m/home/opam: (env OPAMSOLVERTIMEOUT 500)[0m

[01;34m/home/opam: (env OPAMPRECISETRACKING 1)[0m

[01;34m/home/opam: (env CI true)[0m

[01;34m/home/opam: (env OPAM_REPO_CI true)[0m

[01;34m/home/opam: (run (shell "rm -rf opam-repository/"))[0m
[01;2m[01;35m2024-06-25 16:42.17 ---> saved as "7461b1826d217d820a090ec354044084046e7e189b47420910ae64297cee2761"[0m

[01;34m/home/opam: (copy (src .) (dst opam-repository/))[0m
[01;2m[01;35m2024-06-25 16:42.24 ---> saved as "75aebb58005f469e3d591bd3b07dc5137a6350a211c6413a13fcc2c144aa7504"[0m

[01;34m/home/opam: (run (shell "opam repository set-url --strict default opam-repository/"))[0m
[default] Initialised
[01;2m[01;35m2024-06-25 16:42.51 ---> saved as "98c340ab8f89a658ce5b8a7bcae3a1761302bc889b8cbfb204b623dc661032d2"[0m

[01;34m/home/opam: (run (network host)
                 (shell "opam update --depexts || true"))[0m
+ /usr/bin/sudo "apt-get" "update"
- Hit:1 http://deb.debian.org/debian bookworm InRelease
- Get:2 http://deb.debian.org/debian bookworm-updates InRelease [55.4 kB]
- Get:3 http://deb.debian.org/debian-security bookworm-security InRelease [48.0 kB]
- Get:4 http://deb.debian.org/debian-security bookworm-security/main amd64 Packages [160 kB]
- Fetched 263 kB in 0s (1194 kB/s)
- Reading package lists...
[01;2m[01;35m2024-06-25 16:42.52 ---> saved as "6a68888a7c629dd4a7c98134f1cbacdd6b0c6d627f3c3ec7f8e7d2a61d2a51af"[0m

[01;34m/home/opam: (run (shell "opam pin add -k version -yn twirp_cohttp_lwt_unix.0.1 0.1"))[0m
twirp_cohttp_lwt_unix is now pinned to version 0.1
[01;2m[01;35m2024-06-25 16:42.52 ---> saved as "5466de4c9d29c87356e12741126be2d9ee4a1119200111d4d9a72e401b1bce38"[0m

[01;34m/home/opam: (run (cache (opam-archives (target /home/opam/.opam/download-cache)))
                 (network host)
                 (shell  "opam reinstall twirp_cohttp_lwt_unix.0.1;\
                        \n        res=$?;\
                        \n        test \"$res\" != 31 && exit \"$res\";\
                        \n        export OPAMCLI=2.0;\
                        \n        build_dir=$(opam var prefix)/.opam-switch/build;\
                        \n        failed=$(ls \"$build_dir\");\
                        \n        partial_fails=\"\";\
                        \n        for pkg in $failed; do\
                        \n          if opam show -f x-ci-accept-failures: \"$pkg\" | grep -qF \"\\\"debian-12\\\"\"; then\
                        \n            echo \"A package failed and has been disabled for CI using the 'x-ci-accept-failures' field.\";\
                        \n          fi;\
                        \n          test \"$pkg\" != 'twirp_cohttp_lwt_unix.0.1' && partial_fails=\"$partial_fails $pkg\";\
                        \n        done;\
                        \n        test \"${partial_fails}\" != \"\" && echo \"opam-repo-ci detected dependencies failing: ${partial_fails}\";\
                        \n        exit 1"))[0m
twirp_cohttp_lwt_unix.0.1 is not installed. Install it? [Y/n] y
[ERROR] Sorry, resolution of the request timed out.
        Try to specify a more precise request, use a different solver, or increase the allowed time by setting OPAMSOLVERTIMEOUT to a bigger value (currently, it is set to 500.0 seconds).
"/usr/bin/env" "bash" "-c" "opam reinstall twirp_cohttp_lwt_unix.0.1;
        res=$?;
        test "$res" != 31 && exit "$res";
        export OPAMCLI=2.0;
        build_dir=$(opam var prefix)/.opam-switch/build;
        failed=$(ls "$build_dir");
        partial_fails="";
        for pkg in $failed; do
          if opam show -f x-ci-accept-failures: "$pkg" | grep -qF "\"debian-12\""; then
            echo "A package failed and has been disabled for CI using the 'x-ci-accept-failures' field.";
          fi;
          test "$pkg" != 'twirp_cohttp_lwt_unix.0.1' && partial_fails="$partial_fails $pkg";
        done;
        test "${partial_fails}" != "" && echo "opam-repo-ci detected dependencies failing: ${partial_fails}";
        exit 1" failed with exit status 60
2024-06-25 16:51.43: Job failed: Failed: Build failed
2024-06-25 16:51.43: Log analysis:
2024-06-25 16:51.43: >>> 
[ERROR] Sorry, resolution of the request timed out.
 (score = 20)
2024-06-25 16:51.43: Sorry, resolution of the request timed out.
