2024-05-15 16:04.09: New job: test ppx_deriving_variant_string.1.0.0, using opam dev
                              from https://github.com/ocaml/opam-repository.git#refs/pull/25800/head (6e40471d72d50fe6b4eaa0ebe9e879ee4a008f55)
                              on debian-12-ocaml-4.14/amd64

To reproduce locally:

cd $(mktemp -d)
git clone --recursive "https://github.com/ocaml/opam-repository.git" && cd "opam-repository" && git fetch origin "refs/pull/25800/head" && git reset --hard 6e40471d
git fetch origin master
git merge --no-edit 0dc68a8b920a5b579062cfcdbdf841a82e137ebd
cat > ../Dockerfile <<'END-OF-DOCKERFILE'
[34mFROM ocaml/opam:debian-12-ocaml-4.14@sha256:35b1aa76181479f2ba40039ae0c5fa5d94e24300e1eb606117587a8e82e9d89e
USER 1000:1000
WORKDIR /home/opam
RUN sudo ln -f /usr/bin/opam-dev /usr/bin/opam
RUN opam init --reinit -ni
RUN uname -rs && opam exec -- ocaml -version && opam --version
ENV OPAMDOWNLOADJOBS="1"
ENV OPAMERRLOGLEN="0"
ENV OPAMSOLVERTIMEOUT="500"
ENV OPAMPRECISETRACKING="1"
ENV CI="true"
ENV OPAM_REPO_CI="true"
RUN rm -rf opam-repository/
COPY --chown=1000:1000 . opam-repository/
RUN opam repository set-url --strict default opam-repository/
RUN opam update --depexts || true
RUN opam pin add -k version -yn ppx_deriving_variant_string.1.0.0 1.0.0
RUN opam reinstall ppx_deriving_variant_string.1.0.0; \
    res=$?; \
    test "$res" != 31 && exit "$res"; \
    export OPAMCLI=2.0; \
    build_dir=$(opam var prefix)/.opam-switch/build; \
    failed=$(ls "$build_dir"); \
    partial_fails=""; \
    for pkg in $failed; do \
    if opam show -f x-ci-accept-failures: "$pkg" | grep -qF "\"debian-12\""; then \
    echo "A package failed and has been disabled for CI using the 'x-ci-accept-failures' field."; \
    fi; \
    test "$pkg" != 'ppx_deriving_variant_string.1.0.0' && partial_fails="$partial_fails $pkg"; \
    done; \
    test "${partial_fails}" != "" && echo "opam-repo-ci detected dependencies failing: ${partial_fails}"; \
    exit 1
RUN (opam reinstall --with-test ppx_deriving_variant_string.1.0.0) || true
RUN opam reinstall --with-test --verbose ppx_deriving_variant_string.1.0.0; \
    res=$?; \
    test "$res" != 31 && exit "$res"; \
    export OPAMCLI=2.0; \
    build_dir=$(opam var prefix)/.opam-switch/build; \
    failed=$(ls "$build_dir"); \
    partial_fails=""; \
    for pkg in $failed; do \
    if opam show -f x-ci-accept-failures: "$pkg" | grep -qF "\"debian-12\""; then \
    echo "A package failed and has been disabled for CI using the 'x-ci-accept-failures' field."; \
    fi; \
    test "$pkg" != 'ppx_deriving_variant_string.1.0.0' && partial_fails="$partial_fails $pkg"; \
    done; \
    test "${partial_fails}" != "" && echo "opam-repo-ci detected dependencies failing: ${partial_fails}"; \
    exit 1
[0m
END-OF-DOCKERFILE
docker build -f ../Dockerfile .

2024-05-15 16:04.09: Using cache hint "ocaml/opam:debian-12-ocaml-4.14@sha256:35b1aa76181479f2ba40039ae0c5fa5d94e24300e1eb606117587a8e82e9d89e-ppx_deriving_variant_string.1.0.0-6e40471d72d50fe6b4eaa0ebe9e879ee4a008f55"
2024-05-15 16:04.09: Using OBuilder spec:
((from ocaml/opam:debian-12-ocaml-4.14@sha256:35b1aa76181479f2ba40039ae0c5fa5d94e24300e1eb606117587a8e82e9d89e)
 (user (uid 1000) (gid 1000))
 (workdir /home/opam)
 (run (shell "sudo ln -f /usr/bin/opam-dev /usr/bin/opam"))
 (run (network host)
      (shell "opam init --reinit --config .opamrc-sandbox -ni"))
 (run (shell "uname -rs && opam exec -- ocaml -version && opam --version"))
 (env OPAMDOWNLOADJOBS 1)
 (env OPAMERRLOGLEN 0)
 (env OPAMSOLVERTIMEOUT 500)
 (env OPAMPRECISETRACKING 1)
 (env CI true)
 (env OPAM_REPO_CI true)
 (run (shell "rm -rf opam-repository/"))
 (copy (src .) (dst opam-repository/))
 (run (shell "opam repository set-url --strict default opam-repository/"))
 (run (network host)
      (shell "opam update --depexts || true"))
 (run (shell "opam pin add -k version -yn ppx_deriving_variant_string.1.0.0 1.0.0"))
 (run (cache (opam-archives (target /home/opam/.opam/download-cache)))
      (network host)
      (shell  "opam reinstall ppx_deriving_variant_string.1.0.0;\
             \n        res=$?;\
             \n        test \"$res\" != 31 && exit \"$res\";\
             \n        export OPAMCLI=2.0;\
             \n        build_dir=$(opam var prefix)/.opam-switch/build;\
             \n        failed=$(ls \"$build_dir\");\
             \n        partial_fails=\"\";\
             \n        for pkg in $failed; do\
             \n          if opam show -f x-ci-accept-failures: \"$pkg\" | grep -qF \"\\\"debian-12\\\"\"; then\
             \n            echo \"A package failed and has been disabled for CI using the 'x-ci-accept-failures' field.\";\
             \n          fi;\
             \n          test \"$pkg\" != 'ppx_deriving_variant_string.1.0.0' && partial_fails=\"$partial_fails $pkg\";\
             \n        done;\
             \n        test \"${partial_fails}\" != \"\" && echo \"opam-repo-ci detected dependencies failing: ${partial_fails}\";\
             \n        exit 1"))
 (run (network host)
      (shell "(opam reinstall --with-test ppx_deriving_variant_string.1.0.0) || true"))
 (run (shell  "opam reinstall --with-test --verbose ppx_deriving_variant_string.1.0.0;\
             \n        res=$?;\
             \n        test \"$res\" != 31 && exit \"$res\";\
             \n        export OPAMCLI=2.0;\
             \n        build_dir=$(opam var prefix)/.opam-switch/build;\
             \n        failed=$(ls \"$build_dir\");\
             \n        partial_fails=\"\";\
             \n        for pkg in $failed; do\
             \n          if opam show -f x-ci-accept-failures: \"$pkg\" | grep -qF \"\\\"debian-12\\\"\"; then\
             \n            echo \"A package failed and has been disabled for CI using the 'x-ci-accept-failures' field.\";\
             \n          fi;\
             \n          test \"$pkg\" != 'ppx_deriving_variant_string.1.0.0' && partial_fails=\"$partial_fails $pkg\";\
             \n        done;\
             \n        test \"${partial_fails}\" != \"\" && echo \"opam-repo-ci detected dependencies failing: ${partial_fails}\";\
             \n        exit 1"))
)

2024-05-15 16:04.09: Waiting for resource in pool OCluster
2024-05-15 16:04.10: Waiting for worker…
2024-05-15 16:23.24: Got resource from pool OCluster
Building on asteria.caelum.ci.dev
All commits already cached
Updating files:  89% (30202/33680)Updating files:  90% (30312/33680)Updating files:  91% (30649/33680)Updating files:  92% (30986/33680)Updating files:  93% (31323/33680)Updating files:  94% (31660/33680)Updating files:  95% (31996/33680)Updating files:  96% (32333/33680)Updating files:  97% (32670/33680)Updating files:  98% (33007/33680)Updating files:  99% (33344/33680)Updating files: 100% (33680/33680)Updating files: 100% (33680/33680), done.
HEAD is now at 0dc68a8b92 Merge pull request #25870 from hannesm/release-tls-v0.17.5
Merge made by the 'ort' strategy.
 .../ppx_deriving_variant_string.1.0.0/opam         | 43 ++++++++++++++++++++++
 1 file changed, 43 insertions(+)
 create mode 100644 packages/ppx_deriving_variant_string/ppx_deriving_variant_string.1.0.0/opam

[01;34m(from ocaml/opam:debian-12-ocaml-4.14@sha256:35b1aa76181479f2ba40039ae0c5fa5d94e24300e1eb606117587a8e82e9d89e)[0m
[01;2m[01;35m2024-05-15 16:29.41 ---> using "6bc7e89b5725106f75c11a8b774d971b425f7dab532e626727166f8fc8501d75" from cache[0m

[01;34m/: (user (uid 1000) (gid 1000))[0m

[01;34m/: (workdir /home/opam)[0m

[01;34m/home/opam: (run (shell "sudo ln -f /usr/bin/opam-dev /usr/bin/opam"))[0m
[01;2m[01;35m2024-05-15 16:29.41 ---> using "6c46928c87bd33edd5e231c6d2911f55a5eec75b812a3d7fda9fca2b12f57d18" from cache[0m

[01;34m/home/opam: (run (network host)
                 (shell "opam init --reinit --config .opamrc-sandbox -ni"))[0m
Configuring from /home/opam/.opamrc-sandbox, then /home/opam/.opamrc, and finally from built-in defaults.
Checking for available remotes: rsync and local, git.
  - you won't be able to use mercurial repositories unless you install the hg command on your system.
  - you won't be able to use darcs repositories unless you install the darcs command on your system.

This development version of opam requires an update to the layout of /home/opam/.opam from version 2.0 to version 2.2~alpha, which can't be reverted.
You may want to back it up before going further.

Continue? [y/n] y
Format upgrade done.

<><> Updating repositories ><><><><><><><><><><><><><><><><><><><><><><><><><><>
[default] synchronised from file:///home/opam/opam-repository
[01;2m[01;35m2024-05-15 16:29.41 ---> using "3788b182527ec34e6f4ace4f954db383e2985afce7b5a5d65b696ddea02578e3" from cache[0m

[01;34m/home/opam: (run (shell "uname -rs && opam exec -- ocaml -version && opam --version"))[0m
Linux 5.15.0-106-generic
The OCaml toplevel, version 4.14.2
2.2.0~beta3~dev
[01;2m[01;35m2024-05-15 16:29.41 ---> using "c7bf2e2bd9245a43ecc8d21b4a2e1fa9eed2aa27ec394d7eebda31d38857e6c9" from cache[0m

[01;34m/home/opam: (env OPAMDOWNLOADJOBS 1)[0m

[01;34m/home/opam: (env OPAMERRLOGLEN 0)[0m

[01;34m/home/opam: (env OPAMSOLVERTIMEOUT 500)[0m

[01;34m/home/opam: (env OPAMPRECISETRACKING 1)[0m

[01;34m/home/opam: (env CI true)[0m

[01;34m/home/opam: (env OPAM_REPO_CI true)[0m

[01;34m/home/opam: (run (shell "rm -rf opam-repository/"))[0m
[01;2m[01;35m2024-05-15 16:29.41 ---> using "112dde4704bddd0267c8982796c8bcbcc4f65cf21c3dfeb42addcfb7cee9ac89" from cache[0m

[01;34m/home/opam: (copy (src .) (dst opam-repository/))[0m
[01;2m[01;35m2024-05-15 16:29.42 ---> using "251d0cee9059fdaf3b8fb43aa418e790206d84d3b4c96a632419d34e7a0ad9f5" from cache[0m

[01;34m/home/opam: (run (shell "opam repository set-url --strict default opam-repository/"))[0m
[default] Initialised
[01;2m[01;35m2024-05-15 16:29.42 ---> using "c7eedfc4c98318dd36b0014de342b7e6f8eda9266b03686c8eaeeb51160f890b" from cache[0m

[01;34m/home/opam: (run (network host)
                 (shell "opam update --depexts || true"))[0m
+ /usr/bin/sudo "apt-get" "update"
- Hit:1 http://deb.debian.org/debian bookworm InRelease
- Get:2 http://deb.debian.org/debian bookworm-updates InRelease [55.4 kB]
- Get:3 http://deb.debian.org/debian-security bookworm-security InRelease [48.0 kB]
- Get:4 http://deb.debian.org/debian bookworm-updates/main amd64 Packages.diff/Index [10.6 kB]
- Get:5 http://deb.debian.org/debian bookworm-updates/main amd64 Packages T-2024-04-23-2036.10-F-2024-04-23-2036.10.pdiff [1595 B]
- Get:5 http://deb.debian.org/debian bookworm-updates/main amd64 Packages T-2024-04-23-2036.10-F-2024-04-23-2036.10.pdiff [1595 B]
- Get:6 http://deb.debian.org/debian-security bookworm-security/main amd64 Packages [156 kB]
- Fetched 272 kB in 0s (758 kB/s)
- Reading package lists...
- 
[01;2m[01;35m2024-05-15 16:29.42 ---> using "e42ba72e2a35cd1051764929a4405a7094cb55feddc8aa5d14cbf8e9f5c567e1" from cache[0m

[01;34m/home/opam: (run (shell "opam pin add -k version -yn ppx_deriving_variant_string.1.0.0 1.0.0"))[0m
ppx_deriving_variant_string is now pinned to version 1.0.0
[01;2m[01;35m2024-05-15 16:29.42 ---> using "6f6d64b51012140fecadc534b6d756d33854492ccc619972aa3b0b8bfe4a6f82" from cache[0m

[01;34m/home/opam: (run (cache (opam-archives (target /home/opam/.opam/download-cache)))
                 (network host)
                 (shell  "opam reinstall ppx_deriving_variant_string.1.0.0;\
                        \n        res=$?;\
                        \n        test \"$res\" != 31 && exit \"$res\";\
                        \n        export OPAMCLI=2.0;\
                        \n        build_dir=$(opam var prefix)/.opam-switch/build;\
                        \n        failed=$(ls \"$build_dir\");\
                        \n        partial_fails=\"\";\
                        \n        for pkg in $failed; do\
                        \n          if opam show -f x-ci-accept-failures: \"$pkg\" | grep -qF \"\\\"debian-12\\\"\"; then\
                        \n            echo \"A package failed and has been disabled for CI using the 'x-ci-accept-failures' field.\";\
                        \n          fi;\
                        \n          test \"$pkg\" != 'ppx_deriving_variant_string.1.0.0' && partial_fails=\"$partial_fails $pkg\";\
                        \n        done;\
                        \n        test \"${partial_fails}\" != \"\" && echo \"opam-repo-ci detected dependencies failing: ${partial_fails}\";\
                        \n        exit 1"))[0m
ppx_deriving_variant_string.1.0.0 is not installed. Install it? [y/n] y
The following actions will be performed:
=== install 7 packages
  - install dune                        3.15.2         [required by ppx_deriving_variant_string]
  - install ocaml-compiler-libs         v0.12.4        [required by ppxlib]
  - install ppx_derivers                1.2.1          [required by ppxlib]
  - install ppx_deriving_variant_string 1.0.0 (pinned)
  - install ppxlib                      0.32.1         [required by ppx_deriving_variant_string]
  - install sexplib0                    v0.17.0        [required by ppxlib]
  - install stdlib-shims                0.3.0          [required by ppxlib]

<><> Processing actions <><><><><><><><><><><><><><><><><><><><><><><><><><><><>
-> retrieved dune.3.15.2  (cached)
-> retrieved ocaml-compiler-libs.v0.12.4  (cached)
-> retrieved ppx_derivers.1.2.1  (cached)
-> retrieved ppx_deriving_variant_string.1.0.0  (cached)
-> retrieved ppxlib.0.32.1  (cached)
-> retrieved sexplib0.v0.17.0  (cached)
-> retrieved stdlib-shims.0.3.0  (cached)
-> installed dune.3.15.2
-> installed ppx_derivers.1.2.1
-> installed stdlib-shims.0.3.0
-> installed sexplib0.v0.17.0
-> installed ocaml-compiler-libs.v0.12.4
-> installed ppxlib.0.32.1
-> installed ppx_deriving_variant_string.1.0.0
Done.
# Run eval $(opam env) to update the current shell environment
[01;2m[01;35m2024-05-15 16:29.42 ---> using "efdcb5bae45b2f252af4e67eb088fb299181b9149034ea16310002a09f9221cc" from cache[0m

[01;34m/home/opam: (run (network host)
                 (shell "(opam reinstall --with-test ppx_deriving_variant_string.1.0.0) || true"))[0m
[ERROR] Sorry, resolution of the request timed out.
        Try to specify a more precise request, use a different solver, or increase the allowed time by setting OPAMSOLVERTIMEOUT to a bigger value (currently, it is set to 500.0 seconds).
[01;2m[01;35m2024-05-15 16:38.10 ---> saved as "f16e677890cf2123da14911930863d353ca77df0c70195a63ab3e67efd09a0b2"[0m

[01;34m/home/opam: (run (shell  "opam reinstall --with-test --verbose ppx_deriving_variant_string.1.0.0;\
                        \n        res=$?;\
                        \n        test \"$res\" != 31 && exit \"$res\";\
                        \n        export OPAMCLI=2.0;\
                        \n        build_dir=$(opam var prefix)/.opam-switch/build;\
                        \n        failed=$(ls \"$build_dir\");\
                        \n        partial_fails=\"\";\
                        \n        for pkg in $failed; do\
                        \n          if opam show -f x-ci-accept-failures: \"$pkg\" | grep -qF \"\\\"debian-12\\\"\"; then\
                        \n            echo \"A package failed and has been disabled for CI using the 'x-ci-accept-failures' field.\";\
                        \n          fi;\
                        \n          test \"$pkg\" != 'ppx_deriving_variant_string.1.0.0' && partial_fails=\"$partial_fails $pkg\";\
                        \n        done;\
                        \n        test \"${partial_fails}\" != \"\" && echo \"opam-repo-ci detected dependencies failing: ${partial_fails}\";\
                        \n        exit 1"))[0m
[ERROR] Sorry, resolution of the request timed out.
        Try to specify a more precise request, use a different solver, or increase the allowed time by setting OPAMSOLVERTIMEOUT to a bigger value (currently, it is set to 500.0 seconds).
'opam reinstall --with-test --verbose ppx_deriving_variant_string.1.0.0' failed.
"/usr/bin/env" "bash" "-c" "opam reinstall --with-test --verbose ppx_deriving_variant_string.1.0.0;
        res=$?;
        test "$res" != 31 && exit "$res";
        export OPAMCLI=2.0;
        build_dir=$(opam var prefix)/.opam-switch/build;
        failed=$(ls "$build_dir");
        partial_fails="";
        for pkg in $failed; do
          if opam show -f x-ci-accept-failures: "$pkg" | grep -qF "\"debian-12\""; then
            echo "A package failed and has been disabled for CI using the 'x-ci-accept-failures' field.";
          fi;
          test "$pkg" != 'ppx_deriving_variant_string.1.0.0' && partial_fails="$partial_fails $pkg";
        done;
        test "${partial_fails}" != "" && echo "opam-repo-ci detected dependencies failing: ${partial_fails}";
        exit 1" failed with exit status 60
2024-05-15 16:46.55: Job failed: Failed: Build failed
2024-05-15 16:46.55: Log analysis:
2024-05-15 16:46.55: >>> 
[ERROR] Sorry, resolution of the request timed out.
 (score = 20)
2024-05-15 16:46.55: >>> 
[ERROR] Sorry, resolution of the request timed out.
 (score = 20)
2024-05-15 16:46.55: Sorry, resolution of the request timed out.
