2024-09-14 21:44.39: New job: test eliom.11.0.1, using opam 2.1
                              from https://github.com/ocaml/opam-repository.git#refs/pull/26566/head (736cbe2f8603a36366a2f108fa2620829696da43)
                              on debian-12-ocaml-4.14/amd64

To reproduce locally:

cd $(mktemp -d)
git clone --recursive "https://github.com/ocaml/opam-repository.git" && cd "opam-repository" && git fetch origin "refs/pull/26566/head" && git reset --hard 736cbe2f
git fetch origin master
git merge --no-edit b7a474459d5c5da61dd939353c4899d25eaad097
cat > ../Dockerfile <<'END-OF-DOCKERFILE'
[34mFROM ocaml/opam:debian-12-ocaml-4.14@sha256:2135d0c56fc438ebc9377f99b020c06d4ecd43611be356b669914fea73ab2be1
USER 1000:1000
WORKDIR /home/opam
RUN sudo ln -f /usr/bin/opam-2.1 /usr/bin/opam
RUN opam init --reinit -ni
RUN uname -rs && opam exec -- ocaml -version && opam --version
ENV OPAMDOWNLOADJOBS="1"
ENV OPAMERRLOGLEN="0"
ENV OPAMSOLVERTIMEOUT="500"
ENV OPAMPRECISETRACKING="1"
ENV CI="true"
ENV OPAM_REPO_CI="true"
RUN rm -rf opam-repository/
COPY --chown=1000:1000 . opam-repository/
RUN opam repository set-url --strict default opam-repository/
RUN opam update --depexts || true
RUN opam pin add -k version -yn eliom.11.0.1 11.0.1
RUN opam reinstall eliom.11.0.1; \
    res=$?; \
    test "$res" != 31 && exit "$res"; \
    export OPAMCLI=2.0; \
    build_dir=$(opam var prefix)/.opam-switch/build; \
    failed=$(ls "$build_dir"); \
    partial_fails=""; \
    for pkg in $failed; do \
    if opam show -f x-ci-accept-failures: "$pkg" | grep -qF "\"debian-12\""; then \
    echo "A package failed and has been disabled for CI using the 'x-ci-accept-failures' field."; \
    fi; \
    test "$pkg" != 'eliom.11.0.1' && partial_fails="$partial_fails $pkg"; \
    done; \
    test "${partial_fails}" != "" && echo "opam-repo-ci detected dependencies failing: ${partial_fails}"; \
    exit 1
RUN (opam reinstall --with-test eliom.11.0.1) || true
RUN opam reinstall --with-test --verbose eliom.11.0.1; \
    res=$?; \
    test "$res" != 31 && exit "$res"; \
    export OPAMCLI=2.0; \
    build_dir=$(opam var prefix)/.opam-switch/build; \
    failed=$(ls "$build_dir"); \
    partial_fails=""; \
    for pkg in $failed; do \
    if opam show -f x-ci-accept-failures: "$pkg" | grep -qF "\"debian-12\""; then \
    echo "A package failed and has been disabled for CI using the 'x-ci-accept-failures' field."; \
    fi; \
    test "$pkg" != 'eliom.11.0.1' && partial_fails="$partial_fails $pkg"; \
    done; \
    test "${partial_fails}" != "" && echo "opam-repo-ci detected dependencies failing: ${partial_fails}"; \
    exit 1
[0m
END-OF-DOCKERFILE
docker build -f ../Dockerfile .

2024-09-14 21:44.39: Using cache hint "ocaml/opam:debian-12-ocaml-4.14@sha256:2135d0c56fc438ebc9377f99b020c06d4ecd43611be356b669914fea73ab2be1-eliom.11.0.1-736cbe2f8603a36366a2f108fa2620829696da43"
2024-09-14 21:44.39: Using OBuilder spec:
((from ocaml/opam:debian-12-ocaml-4.14@sha256:2135d0c56fc438ebc9377f99b020c06d4ecd43611be356b669914fea73ab2be1)
 (user (uid 1000) (gid 1000))
 (workdir /home/opam)
 (run (shell "sudo ln -f /usr/bin/opam-2.1 /usr/bin/opam"))
 (run (network host)
      (shell "opam init --reinit --config .opamrc-sandbox -ni"))
 (run (shell "uname -rs && opam exec -- ocaml -version && opam --version"))
 (env OPAMDOWNLOADJOBS 1)
 (env OPAMERRLOGLEN 0)
 (env OPAMSOLVERTIMEOUT 500)
 (env OPAMPRECISETRACKING 1)
 (env CI true)
 (env OPAM_REPO_CI true)
 (run (shell "rm -rf opam-repository/"))
 (copy (src .) (dst opam-repository/))
 (run (shell "opam repository set-url --strict default opam-repository/"))
 (run (network host)
      (shell "opam update --depexts || true"))
 (run (shell "opam pin add -k version -yn eliom.11.0.1 11.0.1"))
 (run (cache (opam-archives (target /home/opam/.opam/download-cache)))
      (network host)
      (shell  "opam reinstall eliom.11.0.1;\
             \n        res=$?;\
             \n        test \"$res\" != 31 && exit \"$res\";\
             \n        export OPAMCLI=2.0;\
             \n        build_dir=$(opam var prefix)/.opam-switch/build;\
             \n        failed=$(ls \"$build_dir\");\
             \n        partial_fails=\"\";\
             \n        for pkg in $failed; do\
             \n          if opam show -f x-ci-accept-failures: \"$pkg\" | grep -qF \"\\\"debian-12\\\"\"; then\
             \n            echo \"A package failed and has been disabled for CI using the 'x-ci-accept-failures' field.\";\
             \n          fi;\
             \n          test \"$pkg\" != 'eliom.11.0.1' && partial_fails=\"$partial_fails $pkg\";\
             \n        done;\
             \n        test \"${partial_fails}\" != \"\" && echo \"opam-repo-ci detected dependencies failing: ${partial_fails}\";\
             \n        exit 1"))
 (run (network host)
      (shell "(opam reinstall --with-test eliom.11.0.1) || true"))
 (run (shell  "opam reinstall --with-test --verbose eliom.11.0.1;\
             \n        res=$?;\
             \n        test \"$res\" != 31 && exit \"$res\";\
             \n        export OPAMCLI=2.0;\
             \n        build_dir=$(opam var prefix)/.opam-switch/build;\
             \n        failed=$(ls \"$build_dir\");\
             \n        partial_fails=\"\";\
             \n        for pkg in $failed; do\
             \n          if opam show -f x-ci-accept-failures: \"$pkg\" | grep -qF \"\\\"debian-12\\\"\"; then\
             \n            echo \"A package failed and has been disabled for CI using the 'x-ci-accept-failures' field.\";\
             \n          fi;\
             \n          test \"$pkg\" != 'eliom.11.0.1' && partial_fails=\"$partial_fails $pkg\";\
             \n        done;\
             \n        test \"${partial_fails}\" != \"\" && echo \"opam-repo-ci detected dependencies failing: ${partial_fails}\";\
             \n        exit 1"))
)

2024-09-14 21:44.39: Waiting for resource in pool OCluster
2024-09-14 21:44.40: Waiting for worker…
2024-09-14 21:44.40: Got resource from pool OCluster
Building on x86-bm-c14.sw.ocaml.org
All commits already cached
Updating files:  83% (27046/32212)Updating files:  84% (27059/32212)Updating files:  85% (27381/32212)Updating files:  86% (27703/32212)Updating files:  87% (28025/32212)Updating files:  88% (28347/32212)Updating files:  89% (28669/32212)Updating files:  90% (28991/32212)Updating files:  91% (29313/32212)Updating files:  92% (29636/32212)Updating files:  93% (29958/32212)Updating files:  94% (30280/32212)Updating files:  95% (30602/32212)Updating files:  96% (30924/32212)Updating files:  97% (31246/32212)Updating files:  98% (31568/32212)Updating files:  99% (31890/32212)Updating files: 100% (32212/32212)Updating files: 100% (32212/32212), done.
HEAD is now at b7a474459d Merge pull request #26538 from kit-ty-kate/hpack-ocaml-5.3
Updating b7a474459d..736cbe2f86
Fast-forward
 packages/eliom/eliom.11.0.1/opam | 64 ++++++++++++++++++++++++++++++++++++++++
 1 file changed, 64 insertions(+)
 create mode 100644 packages/eliom/eliom.11.0.1/opam

[01;34m(from ocaml/opam:debian-12-ocaml-4.14@sha256:2135d0c56fc438ebc9377f99b020c06d4ecd43611be356b669914fea73ab2be1)[0m
[01;2m[01;35m2024-09-14 21:45.01 ---> using "103a548bcf08062184789f8399ddfc3128a2d5d426168f6d2c8435f8ce1ce572" from cache[0m

[01;34m/: (user (uid 1000) (gid 1000))[0m

[01;34m/: (workdir /home/opam)[0m

[01;34m/home/opam: (run (shell "sudo ln -f /usr/bin/opam-2.1 /usr/bin/opam"))[0m
[01;2m[01;35m2024-09-14 21:45.01 ---> saved as "abebda967ba7134533c31f5df4cb94773061f84b5a28fc695c4ed4d647fb65f5"[0m

[01;34m/home/opam: (run (network host)
                 (shell "opam init --reinit --config .opamrc-sandbox -ni"))[0m
Configuring from /home/opam/.opamrc-sandbox, then /home/opam/.opamrc, and finally from built-in defaults.
Checking for available remotes: rsync and local, git.
  - you won't be able to use mercurial repositories unless you install the hg command on your system.
  - you won't be able to use darcs repositories unless you install the darcs command on your system.

This development version of opam requires an update to the layout of /home/opam/.opam from version 2.0 to version 2.1, which can't be reverted.
You may want to back it up before going further.

Continue? [Y/n] y
Format upgrade done.

<><> Updating repositories ><><><><><><><><><><><><><><><><><><><><><><><><><><>
[default] synchronised from file:///home/opam/opam-repository
[01;2m[01;35m2024-09-14 21:46.30 ---> saved as "9547c4f530308c07c2af21f252b718a828d6a4f9806e2178dd6ed4ba1b750bc1"[0m

[01;34m/home/opam: (run (shell "uname -rs && opam exec -- ocaml -version && opam --version"))[0m
Linux 5.15.0-119-generic
The OCaml toplevel, version 4.14.2
2.1.6
[01;2m[01;35m2024-09-14 21:46.30 ---> saved as "2f3694496ea1d533c96c89e99db1549b3baf0980046c47975686f87d4a6a5682"[0m

[01;34m/home/opam: (env OPAMDOWNLOADJOBS 1)[0m

[01;34m/home/opam: (env OPAMERRLOGLEN 0)[0m

[01;34m/home/opam: (env OPAMSOLVERTIMEOUT 500)[0m

[01;34m/home/opam: (env OPAMPRECISETRACKING 1)[0m

[01;34m/home/opam: (env CI true)[0m

[01;34m/home/opam: (env OPAM_REPO_CI true)[0m

[01;34m/home/opam: (run (shell "rm -rf opam-repository/"))[0m
[01;2m[01;35m2024-09-14 21:46.37 ---> saved as "dcf9d14c2a6d6b57ff34bd7568f533d7d57262a6ed8e24b6ada35aa8404d526e"[0m

[01;34m/home/opam: (copy (src .) (dst opam-repository/))[0m
[01;2m[01;35m2024-09-14 21:46.49 ---> saved as "b67f41911621cf645111fabba0f42cd196df5e50bcc9a7529eb4d2beba831fc0"[0m

[01;34m/home/opam: (run (shell "opam repository set-url --strict default opam-repository/"))[0m
[default] Initialised
[01;2m[01;35m2024-09-14 21:47.15 ---> saved as "3457553534743fe97e25a607696ce9237d0b83e6ac928ee61698142fc208a83e"[0m

[01;34m/home/opam: (run (network host)
                 (shell "opam update --depexts || true"))[0m
+ /usr/bin/sudo "apt-get" "update"
- Hit:1 http://deb.debian.org/debian bookworm InRelease
- Get:2 http://deb.debian.org/debian bookworm-updates InRelease [55.4 kB]
- Get:3 http://deb.debian.org/debian-security bookworm-security InRelease [48.0 kB]
- Get:4 http://deb.debian.org/debian bookworm-updates/main amd64 Packages.diff/Index [11.7 kB]
- Get:5 http://deb.debian.org/debian bookworm-updates/main amd64 Packages T-2024-09-10-2011.55-F-2024-09-10-2011.55.pdiff [1116 B]
- Get:5 http://deb.debian.org/debian bookworm-updates/main amd64 Packages T-2024-09-10-2011.55-F-2024-09-10-2011.55.pdiff [1116 B]
- Get:6 http://deb.debian.org/debian-security bookworm-security/main amd64 Packages [181 kB]
- Fetched 297 kB in 0s (1045 kB/s)
- Reading package lists...
[01;2m[01;35m2024-09-14 21:47.16 ---> saved as "93c21ee49f6273bd165939cd45b3e8be338ee377abe41c0ed244dd193b39719f"[0m

[01;34m/home/opam: (run (shell "opam pin add -k version -yn eliom.11.0.1 11.0.1"))[0m
eliom is now pinned to version 11.0.1
[01;2m[01;35m2024-09-14 21:47.17 ---> saved as "95002d786e913a1445102a535789aa352a84646dc7e58ae81924b982de999473"[0m

[01;34m/home/opam: (run (cache (opam-archives (target /home/opam/.opam/download-cache)))
                 (network host)
                 (shell  "opam reinstall eliom.11.0.1;\
                        \n        res=$?;\
                        \n        test \"$res\" != 31 && exit \"$res\";\
                        \n        export OPAMCLI=2.0;\
                        \n        build_dir=$(opam var prefix)/.opam-switch/build;\
                        \n        failed=$(ls \"$build_dir\");\
                        \n        partial_fails=\"\";\
                        \n        for pkg in $failed; do\
                        \n          if opam show -f x-ci-accept-failures: \"$pkg\" | grep -qF \"\\\"debian-12\\\"\"; then\
                        \n            echo \"A package failed and has been disabled for CI using the 'x-ci-accept-failures' field.\";\
                        \n          fi;\
                        \n          test \"$pkg\" != 'eliom.11.0.1' && partial_fails=\"$partial_fails $pkg\";\
                        \n        done;\
                        \n        test \"${partial_fails}\" != \"\" && echo \"opam-repo-ci detected dependencies failing: ${partial_fails}\";\
                        \n        exit 1"))[0m
eliom.11.0.1 is not installed. Install it? [Y/n] y
[ERROR] Sorry, resolution of the request timed out.
        Try to specify a more precise request, use a different solver, or increase the allowed time by setting OPAMSOLVERTIMEOUT to a bigger value (currently, it is set to 500.0 seconds).
"/usr/bin/env" "bash" "-c" "opam reinstall eliom.11.0.1;
        res=$?;
        test "$res" != 31 && exit "$res";
        export OPAMCLI=2.0;
        build_dir=$(opam var prefix)/.opam-switch/build;
        failed=$(ls "$build_dir");
        partial_fails="";
        for pkg in $failed; do
          if opam show -f x-ci-accept-failures: "$pkg" | grep -qF "\"debian-12\""; then
            echo "A package failed and has been disabled for CI using the 'x-ci-accept-failures' field.";
          fi;
          test "$pkg" != 'eliom.11.0.1' && partial_fails="$partial_fails $pkg";
        done;
        test "${partial_fails}" != "" && echo "opam-repo-ci detected dependencies failing: ${partial_fails}";
        exit 1" failed with exit status 60
2024-09-14 21:56.17: Job failed: Failed: Build failed
2024-09-14 21:56.17: Log analysis:
2024-09-14 21:56.17: >>> 
[ERROR] Sorry, resolution of the request timed out.
 (score = 20)
2024-09-14 21:56.17: Sorry, resolution of the request timed out.
