2024-08-20 09:30.36: New job: test sihl.0.1.4, using opam dev
                              from https://github.com/ocaml/opam-repository.git#refs/pull/26378/head (cd59661bc85b5a67c3837459d02c70c2c4aa15a1)
                              on freebsd-ocaml-4.14/amd64

To reproduce locally:

cd $(mktemp -d)
git clone --recursive "https://github.com/ocaml/opam-repository.git" && cd "opam-repository" && git fetch origin "refs/pull/26378/head" && git reset --hard cd59661b
git fetch origin master
git merge --no-edit 0f2e2e7a59bb6529f1cf8ec039da401833b24cdf
cat > ../Dockerfile <<'END-OF-DOCKERFILE'
[34mFROM freebsd-ocaml-4.14
USER 1000:1000
WORKDIR /home/opam
RUN sudo ln -f /usr/local/bin/opam-dev /usr/local/bin/opam
RUN opam init --reinit -ni
RUN uname -rs && opam exec -- ocaml -version && opam --version
ENV OPAMDOWNLOADJOBS="1"
ENV OPAMERRLOGLEN="0"
ENV OPAMSOLVERTIMEOUT="500"
ENV OPAMPRECISETRACKING="1"
ENV CI="true"
ENV OPAM_REPO_CI="true"
RUN rm -rf opam-repository/
COPY --chown=1000:1000 . opam-repository/
RUN opam repository set-url --strict default opam-repository/
RUN opam update --depexts || true
RUN opam pin add -k version -yn sihl.0.1.4 0.1.4
RUN opam reinstall sihl.0.1.4; \
    res=$?; \
    test "$res" != 31 && exit "$res"; \
    export OPAMCLI=2.0; \
    build_dir=$(opam var prefix)/.opam-switch/build; \
    failed=$(ls "$build_dir"); \
    partial_fails=""; \
    for pkg in $failed; do \
    if opam show -f x-ci-accept-failures: "$pkg" | grep -qF "\"freebsd\""; then \
    echo "A package failed and has been disabled for CI using the 'x-ci-accept-failures' field."; \
    fi; \
    test "$pkg" != 'sihl.0.1.4' && partial_fails="$partial_fails $pkg"; \
    done; \
    test "${partial_fails}" != "" && echo "opam-repo-ci detected dependencies failing: ${partial_fails}"; \
    exit 1
RUN (opam reinstall --with-test sihl.0.1.4) || true
RUN opam reinstall --with-test --verbose sihl.0.1.4; \
    res=$?; \
    test "$res" != 31 && exit "$res"; \
    export OPAMCLI=2.0; \
    build_dir=$(opam var prefix)/.opam-switch/build; \
    failed=$(ls "$build_dir"); \
    partial_fails=""; \
    for pkg in $failed; do \
    if opam show -f x-ci-accept-failures: "$pkg" | grep -qF "\"freebsd\""; then \
    echo "A package failed and has been disabled for CI using the 'x-ci-accept-failures' field."; \
    fi; \
    test "$pkg" != 'sihl.0.1.4' && partial_fails="$partial_fails $pkg"; \
    done; \
    test "${partial_fails}" != "" && echo "opam-repo-ci detected dependencies failing: ${partial_fails}"; \
    exit 1
[0m
END-OF-DOCKERFILE
docker build -f ../Dockerfile .

2024-08-20 09:30.36: Using cache hint "freebsd-ocaml-4.14-sihl.0.1.4-cd59661bc85b5a67c3837459d02c70c2c4aa15a1"
2024-08-20 09:30.36: Using OBuilder spec:
((from freebsd-ocaml-4.14)
 (user (uid 1000) (gid 1000))
 (workdir /home/opam)
 (run (shell "sudo ln -f /usr/local/bin/opam-dev /usr/local/bin/opam"))
 (run (network host)
      (shell "opam init --reinit -ni"))
 (run (shell "uname -rs && opam exec -- ocaml -version && opam --version"))
 (env OPAMDOWNLOADJOBS 1)
 (env OPAMERRLOGLEN 0)
 (env OPAMSOLVERTIMEOUT 500)
 (env OPAMPRECISETRACKING 1)
 (env CI true)
 (env OPAM_REPO_CI true)
 (run (shell "rm -rf opam-repository/"))
 (copy (src .) (dst opam-repository/))
 (run (shell "opam repository set-url --strict default opam-repository/"))
 (run (network host)
      (shell "opam update --depexts || true"))
 (run (shell "opam pin add -k version -yn sihl.0.1.4 0.1.4"))
 (run (cache (opam-archives (target /home/opam/.opam/download-cache)))
      (network host)
      (shell  "opam reinstall sihl.0.1.4;\
             \n        res=$?;\
             \n        test \"$res\" != 31 && exit \"$res\";\
             \n        export OPAMCLI=2.0;\
             \n        build_dir=$(opam var prefix)/.opam-switch/build;\
             \n        failed=$(ls \"$build_dir\");\
             \n        partial_fails=\"\";\
             \n        for pkg in $failed; do\
             \n          if opam show -f x-ci-accept-failures: \"$pkg\" | grep -qF \"\\\"freebsd\\\"\"; then\
             \n            echo \"A package failed and has been disabled for CI using the 'x-ci-accept-failures' field.\";\
             \n          fi;\
             \n          test \"$pkg\" != 'sihl.0.1.4' && partial_fails=\"$partial_fails $pkg\";\
             \n        done;\
             \n        test \"${partial_fails}\" != \"\" && echo \"opam-repo-ci detected dependencies failing: ${partial_fails}\";\
             \n        exit 1"))
 (run (network host)
      (shell "(opam reinstall --with-test sihl.0.1.4) || true"))
 (run (shell  "opam reinstall --with-test --verbose sihl.0.1.4;\
             \n        res=$?;\
             \n        test \"$res\" != 31 && exit \"$res\";\
             \n        export OPAMCLI=2.0;\
             \n        build_dir=$(opam var prefix)/.opam-switch/build;\
             \n        failed=$(ls \"$build_dir\");\
             \n        partial_fails=\"\";\
             \n        for pkg in $failed; do\
             \n          if opam show -f x-ci-accept-failures: \"$pkg\" | grep -qF \"\\\"freebsd\\\"\"; then\
             \n            echo \"A package failed and has been disabled for CI using the 'x-ci-accept-failures' field.\";\
             \n          fi;\
             \n          test \"$pkg\" != 'sihl.0.1.4' && partial_fails=\"$partial_fails $pkg\";\
             \n        done;\
             \n        test \"${partial_fails}\" != \"\" && echo \"opam-repo-ci detected dependencies failing: ${partial_fails}\";\
             \n        exit 1"))
)

2024-08-20 09:30.36: Waiting for resource in pool OCluster
2024-08-20 11:46.07: Waiting for worker…
2024-08-20 12:25.25: Got resource from pool OCluster
Building on spring
All commits already cached
Updating files: 100% (31972/31972), done.
HEAD is now at 0f2e2e7a59 Merge pull request #26366 from jchavarri/release-melange-json-1.2.0
Updating 0f2e2e7a59..cd59661bc8
Fast-forward
 packages/albatross/albatross.1.5.6/opam                 | 4 ++--
 packages/albatross/albatross.2.0.0/opam                 | 4 ++--
 packages/albatross/albatross.2.1.0/opam                 | 4 ++--
 packages/aws-s3-lwt/aws-s3-lwt.2.0.0/opam               | 2 +-
 packages/azure-cosmos-db/azure-cosmos-db.0.1.5/opam     | 2 +-
 packages/azure-cosmos-db/azure-cosmos-db.0.1.6/opam     | 2 +-
 packages/calculon/calculon.0.1/opam                     | 2 +-
 packages/calculon/calculon.0.2/opam                     | 2 +-
 packages/calculon/calculon.0.3/opam                     | 2 +-
 packages/calculon/calculon.0.4/opam                     | 2 +-
 packages/capnp-rpc-lwt/capnp-rpc-lwt.0.3.1/opam         | 2 +-
 packages/capnp-rpc-lwt/capnp-rpc-lwt.0.3.2/opam         | 2 +-
 packages/capnp-rpc-lwt/capnp-rpc-lwt.0.3.3/opam         | 2 +-
 packages/capnp-rpc-lwt/capnp-rpc-lwt.0.4.0/opam         | 2 +-
 packages/capnp-rpc-mirage/capnp-rpc-mirage.0.6.0/opam   | 2 +-
 packages/capnp-rpc-mirage/capnp-rpc-mirage.0.7.0/opam   | 2 +-
 packages/capnp-rpc-mirage/capnp-rpc-mirage.0.8.0/opam   | 2 +-
 packages/capnp-rpc-mirage/capnp-rpc-mirage.0.9.0/opam   | 2 +-
 packages/capnp-rpc-mirage/capnp-rpc-mirage.1.0/opam     | 2 +-
 packages/capnp-rpc-mirage/capnp-rpc-mirage.1.2.1/opam   | 2 +-
 packages/capnp-rpc-mirage/capnp-rpc-mirage.1.2.2/opam   | 2 +-
 packages/capnp-rpc-mirage/capnp-rpc-mirage.1.2.3/opam   | 2 +-
 packages/capnp-rpc-net/capnp-rpc-net.0.5.0/opam         | 2 +-
 packages/capnp-rpc-net/capnp-rpc-net.0.6.0/opam         | 4 ++--
 packages/capnp-rpc-net/capnp-rpc-net.0.7.0/opam         | 4 ++--
 packages/capnp-rpc-net/capnp-rpc-net.0.8.0/opam         | 4 ++--
 packages/capnp-rpc-net/capnp-rpc-net.0.9.0/opam         | 4 ++--
 packages/capnp-rpc-net/capnp-rpc-net.1.0/opam           | 4 ++--
 packages/capnp-rpc-net/capnp-rpc-net.1.1/opam           | 2 +-
 packages/capnp-rpc-net/capnp-rpc-net.1.2.1/opam         | 4 ++--
 packages/capnp-rpc-net/capnp-rpc-net.1.2.2/opam         | 4 ++--
 packages/capnp-rpc-net/capnp-rpc-net.1.2.3/opam         | 4 ++--
 packages/capnp-rpc-net/capnp-rpc-net.1.2/opam           | 2 +-
 packages/caqti-mirage/caqti-mirage.2.1.1/opam           | 4 ++--
 packages/caqti-tls/caqti-tls.2.1.1/opam                 | 2 +-
 packages/caqti/caqti.2.1.1/opam                         | 2 +-
 packages/carbon/carbon.0.1.0/opam                       | 2 +-
 packages/cohttp-eio/cohttp-eio.6.0.0~beta2/opam         | 2 +-
 packages/comby/comby.1.2.2/opam                         | 2 +-
 packages/comby/comby.1.3.0/opam                         | 4 ++--
 packages/comby/comby.1.4.0/opam                         | 2 +-
 packages/comby/comby.1.4.1/opam                         | 2 +-
 packages/conduit-lwt-unix/conduit-lwt-unix.6.2.0/opam   | 1 +
 packages/conduit-lwt-unix/conduit-lwt-unix.6.2.1/opam   | 1 +
 packages/conduit-lwt-unix/conduit-lwt-unix.6.2.2/opam   | 1 +
 packages/conduit-lwt-unix/conduit-lwt-unix.6.2.3/opam   | 1 +
 packages/conduit-mirage/conduit-mirage.2.1.0/opam       | 2 +-
 packages/conduit-mirage/conduit-mirage.2.2.0/opam       | 4 ++--
 packages/conduit-mirage/conduit-mirage.4.0.2/opam       | 4 ++--
 packages/conduit-mirage/conduit-mirage.5.0.0/opam       | 4 ++--
 packages/conduit-mirage/conduit-mirage.5.1.0/opam       | 4 ++--
 packages/conduit-mirage/conduit-mirage.5.1.1/opam       | 4 ++--
 packages/conduit-mirage/conduit-mirage.6.0.0/opam       | 4 ++--
 packages/conduit-mirage/conduit-mirage.6.0.1/opam       | 4 ++--
 packages/conduit-mirage/conduit-mirage.6.1.0/opam       | 4 ++--
 packages/conduit-mirage/conduit-mirage.6.2.0/opam       | 2 +-
 packages/conduit-mirage/conduit-mirage.6.2.1/opam       | 4 ++--
 packages/conduit-mirage/conduit-mirage.6.2.2/opam       | 4 ++--
 packages/conduit-mirage/conduit-mirage.6.2.3/opam       | 4 ++--
 packages/conduit/conduit.0.10.0/opam                    | 2 +-
 packages/conduit/conduit.0.11.0/opam                    | 3 ++-
 packages/conduit/conduit.0.12.0/opam                    | 3 ++-
 packages/conduit/conduit.0.13.0/opam                    | 3 ++-
 packages/conduit/conduit.0.14.0/opam                    | 3 ++-
 packages/conduit/conduit.0.14.1/opam                    | 3 ++-
 packages/conduit/conduit.0.14.2/opam                    | 1 +
 packages/conduit/conduit.0.14.3/opam                    | 1 +
 packages/conduit/conduit.0.14.4/opam                    | 1 +
 packages/conduit/conduit.0.14.5/opam                    | 1 +
 packages/conduit/conduit.0.15.0/opam                    | 3 ++-
 packages/conduit/conduit.0.15.1/opam                    | 3 ++-
 packages/conduit/conduit.0.15.2/opam                    | 3 ++-
 packages/conduit/conduit.0.15.3/opam                    | 3 ++-
 packages/conduit/conduit.0.15.4/opam                    | 3 ++-
 packages/conduit/conduit.0.9.0/opam                     | 3 ++-
 packages/current_github/current_github.0.1/opam         | 2 +-
 packages/current_github/current_github.0.2/opam         | 2 +-
 packages/current_github/current_github.0.3/opam         | 2 +-
 packages/current_github/current_github.0.4/opam         | 2 +-
 packages/current_github/current_github.0.5/opam         | 2 +-
 packages/current_github/current_github.0.6.1/opam       | 2 +-
 packages/current_github/current_github.0.6.2/opam       | 2 +-
 packages/current_github/current_github.0.6.4/opam       | 2 +-
 packages/current_github/current_github.0.6.6/opam       | 2 +-
 packages/current_github/current_github.0.6/opam         | 2 +-
 packages/current_slack/current_slack.0.1/opam           | 2 +-
 packages/current_slack/current_slack.0.2/opam           | 2 +-
 packages/current_slack/current_slack.0.3/opam           | 2 +-
 packages/current_slack/current_slack.0.4/opam           | 2 +-
 packages/current_slack/current_slack.0.5/opam           | 2 +-
 packages/current_slack/current_slack.0.6.1/opam         | 2 +-
 packages/current_slack/current_slack.0.6.2/opam         | 2 +-
 packages/current_slack/current_slack.0.6.4/opam         | 2 +-
 packages/current_slack/current_slack.0.6.6/opam         | 2 +-
 packages/current_slack/current_slack.0.6/opam           | 2 +-
 packages/datakit-ci/datakit-ci.0.12.1/opam              | 2 +-
 packages/datakit-ci/datakit-ci.0.12.2/opam              | 2 +-
 packages/datakit-ci/datakit-ci.0.12.3/opam              | 2 +-
 packages/datakit-ci/datakit-ci.0.12.4/opam              | 2 +-
 packages/datakit-ci/datakit-ci.1.0.0/opam               | 2 +-
 packages/dkim-bin/dkim-bin.0.6.0/opam                   | 2 +-
 packages/dns-certify/dns-certify.4.0.0/opam             | 2 +-
 packages/dns-certify/dns-certify.4.1.0/opam             | 2 +-
 packages/dns-certify/dns-certify.4.2.0/opam             | 2 +-
 packages/dns-certify/dns-certify.4.3.0/opam             | 2 +-
 packages/dns-certify/dns-certify.4.3.1/opam             | 2 +-
 packages/dns-client-lwt/dns-client-lwt.7.0.0/opam       | 2 +-
 packages/dns-client-lwt/dns-client-lwt.7.0.1/opam       | 2 +-
 packages/dns-client-lwt/dns-client-lwt.7.0.2/opam       | 2 +-
 packages/dns-client-lwt/dns-client-lwt.7.0.3/opam       | 2 +-
 packages/dns-client-lwt/dns-client-lwt.8.0.0/opam       | 2 +-
 packages/dns-client-mirage/dns-client-mirage.7.0.0/opam | 2 +-
 packages/dns-client-mirage/dns-client-mirage.7.0.1/opam | 2 +-
 packages/dns-client-mirage/dns-client-mirage.7.0.2/opam | 2 +-
 packages/dns-client-mirage/dns-client-mirage.7.0.3/opam | 2 +-
 packages/dns-client-mirage/dns-client-mirage.8.0.0/opam | 2 +-
 packages/dns-client/dns-client.6.0.0/opam               | 2 +-
 packages/dns-client/dns-client.6.0.1/opam               | 2 +-
 packages/dns-client/dns-client.6.0.2/opam               | 2 +-
 packages/dns-client/dns-client.6.1.0/opam               | 2 +-
 packages/dns-client/dns-client.6.1.1/opam               | 2 +-
 packages/dns-client/dns-client.6.1.2/opam               | 2 +-
 packages/dns-client/dns-client.6.1.3/opam               | 2 +-
 packages/dns-client/dns-client.6.1.4/opam               | 2 +-
 packages/dns-client/dns-client.6.2.0/opam               | 2 +-
 packages/dns-client/dns-client.6.2.1/opam               | 2 +-
 packages/dns-client/dns-client.6.2.2/opam               | 2 +-
 packages/dns-client/dns-client.6.3.0/opam               | 2 +-
 packages/dns-client/dns-client.6.4.0/opam               | 2 +-
 packages/dns-client/dns-client.6.4.1/opam               | 2 +-
 packages/dns-resolver/dns-resolver.6.0.0/opam           | 2 +-
 packages/dns-resolver/dns-resolver.6.0.1/opam           | 2 +-
 packages/dns-resolver/dns-resolver.6.0.2/opam           | 2 +-
 packages/dns-resolver/dns-resolver.6.1.0/opam           | 2 +-
 packages/dns-resolver/dns-resolver.6.1.1/opam           | 2 +-
 packages/dns-resolver/dns-resolver.6.1.2/opam           | 2 +-
 packages/dns-resolver/dns-resolver.6.1.3/opam           | 2 +-
 packages/dns-resolver/dns-resolver.6.1.4/opam           | 2 +-
 packages/dns-resolver/dns-resolver.6.2.0/opam           | 2 +-
 packages/dns-resolver/dns-resolver.6.2.1/opam           | 2 +-
 packages/dns-resolver/dns-resolver.6.2.2/opam           | 2 +-
 packages/dns-resolver/dns-resolver.6.3.0/opam           | 2 +-
 packages/dns-resolver/dns-resolver.6.4.0/opam           | 2 +-
 packages/dns-resolver/dns-resolver.6.4.1/opam           | 2 +-
 packages/dns-resolver/dns-resolver.7.0.0/opam           | 2 +-
 packages/dns-resolver/dns-resolver.7.0.1/opam           | 2 +-
 packages/dns-resolver/dns-resolver.7.0.2/opam           | 2 +-
 packages/dns-resolver/dns-resolver.7.0.3/opam           | 2 +-
 packages/dns-resolver/dns-resolver.8.0.0/opam           | 2 +-
 packages/doculib/doculib.1.3.1/opam                     | 2 +-
 packages/doculib/doculib.1.3.2/opam                     | 2 +-
 packages/doculib/doculib.1.3.3/opam                     | 2 +-
 packages/doculib/doculib.1.3.4/opam                     | 2 +-
 packages/doculib/doculib.1.3.5/opam                     | 2 +-
 packages/doi2bib/doi2bib.0.1.4/opam                     | 2 +-
 packages/doi2bib/doi2bib.0.2.1/opam                     | 2 +-
 packages/doi2bib/doi2bib.0.3.0/opam                     | 2 +-
 packages/doi2bib/doi2bib.0.3.1/opam                     | 2 +-
 packages/doi2bib/doi2bib.0.4.0/opam                     | 2 +-
 packages/doi2bib/doi2bib.0.5.1/opam                     | 2 +-
 packages/doi2bib/doi2bib.0.5.2/opam                     | 2 +-
 packages/doi2bib/doi2bib.0.6.0/opam                     | 2 +-
 packages/doi2bib/doi2bib.0.6.1/opam                     | 2 +-
 packages/doi2bib/doi2bib.0.6.2/opam                     | 2 +-
 packages/dropbox/dropbox.0.2/opam                       | 2 +-
 packages/ez_api/ez_api.0.1.0/opam                       | 1 +
 packages/ez_api/ez_api.1.0.0/opam                       | 1 +
 packages/ez_api/ez_api.1.1.1/opam                       | 1 +
 packages/ez_api/ez_api.1.2.0/opam                       | 1 +
 packages/ez_api/ez_api.2.0.0/opam                       | 1 +
 packages/ez_api/ez_api.2.1.0/opam                       | 1 +
 packages/git-mirage/git-mirage.2.0.0/opam               | 2 +-
 packages/git-mirage/git-mirage.2.1.0/opam               | 2 +-
 packages/git-mirage/git-mirage.2.1.1/opam               | 2 +-
 packages/git-mirage/git-mirage.2.1.2/opam               | 2 +-
 packages/git-mirage/git-mirage.2.1.3/opam               | 2 +-
 packages/git-mirage/git-mirage.3.10.0/opam              | 4 ++--
 packages/git-mirage/git-mirage.3.10.1/opam              | 4 ++--
 packages/git-mirage/git-mirage.3.11.0/opam              | 4 ++--
 packages/git-mirage/git-mirage.3.12.0/opam              | 4 ++--
 packages/git-mirage/git-mirage.3.13.0/opam              | 4 ++--
 packages/git-mirage/git-mirage.3.14.0/opam              | 4 ++--
 packages/git-mirage/git-mirage.3.15.0/opam              | 4 ++--
 packages/git-mirage/git-mirage.3.16.0/opam              | 4 ++--
 packages/git-mirage/git-mirage.3.16.1/opam              | 4 ++--
 packages/git-mirage/git-mirage.3.6.0/opam               | 2 +-
 packages/git-mirage/git-mirage.3.7.0/opam               | 4 ++--
 packages/git-mirage/git-mirage.3.7.1/opam               | 4 ++--
 packages/git-mirage/git-mirage.3.8.0/opam               | 4 ++--
 packages/git-mirage/git-mirage.3.8.1/opam               | 4 ++--
 packages/git-mirage/git-mirage.3.9.0/opam               | 4 ++--
 packages/git-mirage/git-mirage.3.9.1/opam               | 4 ++--
 packages/git-paf/git-paf.3.10.0/opam                    | 4 ++--
 packages/git-paf/git-paf.3.10.1/opam                    | 4 ++--
 packages/git-paf/git-paf.3.11.0/opam                    | 4 ++--
 packages/git-paf/git-paf.3.12.0/opam                    | 4 ++--
 packages/git-paf/git-paf.3.13.0/opam                    | 4 ++--
 packages/git-paf/git-paf.3.14.0/opam                    | 4 ++--
 packages/git-paf/git-paf.3.15.0/opam                    | 4 ++--
 packages/git-paf/git-paf.3.16.0/opam                    | 4 ++--
 packages/git-paf/git-paf.3.16.1/opam                    | 4 ++--
 packages/git-paf/git-paf.3.5.0/opam                     | 4 ++--
 packages/git-paf/git-paf.3.6.0/opam                     | 4 ++--
 packages/git-paf/git-paf.3.7.0/opam                     | 4 ++--
 packages/git-paf/git-paf.3.7.1/opam                     | 4 ++--
 packages/git-paf/git-paf.3.8.0/opam                     | 4 ++--
 packages/git-paf/git-paf.3.8.1/opam                     | 4 ++--
 packages/git-paf/git-paf.3.9.0/opam                     | 4 ++--
 packages/git-paf/git-paf.3.9.1/opam                     | 4 ++--
 packages/git-unix/git-unix.2.0.0/opam                   | 2 +-
 packages/git-unix/git-unix.2.1.1/opam                   | 2 +-
 packages/git-unix/git-unix.2.1.2/opam                   | 2 +-
 packages/git-unix/git-unix.2.1.3/opam                   | 2 +-
 packages/git-unix/git-unix.3.10.0/opam                  | 4 ++--
 packages/git-unix/git-unix.3.10.1/opam                  | 4 ++--
 packages/git-unix/git-unix.3.11.0/opam                  | 4 ++--
 packages/git-unix/git-unix.3.12.0/opam                  | 4 ++--
 packages/git-unix/git-unix.3.13.0/opam                  | 4 ++--
 packages/git-unix/git-unix.3.14.0/opam                  | 4 ++--
 packages/git-unix/git-unix.3.15.0/opam                  | 4 ++--
 packages/git-unix/git-unix.3.16.0/opam                  | 2 +-
 packages/git-unix/git-unix.3.16.1/opam                  | 2 +-
 packages/git-unix/git-unix.3.5.0/opam                   | 4 ++--
 packages/git-unix/git-unix.3.6.0/opam                   | 4 ++--
 packages/git-unix/git-unix.3.7.0/opam                   | 4 ++--
 packages/git-unix/git-unix.3.7.1/opam                   | 4 ++--
 packages/git-unix/git-unix.3.8.0/opam                   | 4 ++--
 packages/git-unix/git-unix.3.8.1/opam                   | 4 ++--
 packages/git-unix/git-unix.3.9.0/opam                   | 4 ++--
 packages/git-unix/git-unix.3.9.1/opam                   | 4 ++--
 packages/git/git.2.0.0/opam                             | 2 +-
 packages/git/git.2.1.0/opam                             | 2 +-
 packages/git/git.2.1.1/opam                             | 2 +-
 packages/git/git.2.1.2/opam                             | 2 +-
 packages/git/git.2.1.3/opam                             | 2 +-
 packages/github-unix/github-unix.3.0.0/opam             | 2 +-
 packages/github-unix/github-unix.3.0.1/opam             | 2 +-
 packages/github/github.2.0.0/opam                       | 2 +-
 packages/github/github.2.0.1/opam                       | 2 +-
 packages/github/github.2.0.2/opam                       | 2 +-
 packages/github/github.2.0.3/opam                       | 2 +-
 packages/github/github.2.1.0/opam                       | 2 +-
 packages/github/github.2.2.0/opam                       | 2 +-
 packages/github/github.2.3.0/opam                       | 2 +-
 packages/gitlab-unix/gitlab-unix.0.1.0/opam             | 2 +-
 packages/gitlab-unix/gitlab-unix.0.1.1/opam             | 2 +-
 packages/gitlab-unix/gitlab-unix.0.1.2/opam             | 2 +-
 packages/gitlab-unix/gitlab-unix.0.1.3/opam             | 2 +-
 packages/gitlab-unix/gitlab-unix.0.1.4/opam             | 2 +-
 packages/gitlab-unix/gitlab-unix.0.1.5/opam             | 2 +-
 packages/gitlab-unix/gitlab-unix.0.1.6/opam             | 2 +-
 packages/gitlab-unix/gitlab-unix.0.1.7/opam             | 2 +-
 packages/gitlab-unix/gitlab-unix.0.1.8/opam             | 2 +-
 packages/gluten-async/gluten-async.0.3.0/opam           | 3 +++
 packages/gluten-async/gluten-async.0.4.0/opam           | 3 +++
 packages/gluten-async/gluten-async.0.4.1/opam           | 3 +++
 packages/gluten-async/gluten-async.0.5.0/opam           | 3 +++
 packages/gluten-async/gluten-async.0.5.1/opam           | 3 +++
 packages/gluten-lwt-unix/gluten-lwt-unix.0.4.1/opam     | 3 +++
 packages/gluten-lwt-unix/gluten-lwt-unix.0.5.0/opam     | 3 +++
 packages/gluten-lwt-unix/gluten-lwt-unix.0.5.1/opam     | 3 +++
 packages/grpc-examples/grpc-examples.0.2.0/opam         | 2 +-
 packages/h2-async/h2-async.0.10.0/opam                  | 3 +++
 packages/h2-async/h2-async.0.11.0/opam                  | 3 +++
 packages/h2-async/h2-async.0.12.0/opam                  | 3 +++
 packages/h2-lwt-unix/h2-lwt-unix.0.10.0/opam            | 3 +++
 packages/h2-lwt-unix/h2-lwt-unix.0.11.0/opam            | 3 +++
 packages/h2-lwt-unix/h2-lwt-unix.0.12.0/opam            | 3 +++
 packages/h2-lwt-unix/h2-lwt-unix.0.6.0/opam             | 3 +++
 packages/h2-lwt-unix/h2-lwt-unix.0.6.1/opam             | 3 +++
 packages/h2-lwt-unix/h2-lwt-unix.0.8.0/opam             | 3 +++
 packages/h2-lwt-unix/h2-lwt-unix.0.9.0/opam             | 3 +++
 packages/http-lwt-client/http-lwt-client.0.2.2/opam     | 4 ++--
 packages/http-lwt-client/http-lwt-client.0.2.3/opam     | 4 ++--
 packages/http-lwt-client/http-lwt-client.0.2.4/opam     | 4 ++--
 packages/http-lwt-client/http-lwt-client.0.2.5/opam     | 4 ++--
 packages/http-lwt-client/http-lwt-client.0.2.6/opam     | 4 ++--
 packages/imaplet-lwt/imaplet-lwt.0.1.14/opam            | 2 +-
 packages/imaplet-lwt/imaplet-lwt.0.1.15/opam            | 2 +-
 packages/imaplet-lwt/imaplet-lwt.0.1.8/opam             | 2 +-
 packages/imaplet-lwt/imaplet-lwt.0.1.9/opam             | 2 +-
 packages/ip2locationio/ip2locationio.1.0.0/opam         | 2 +-
 packages/ip2whois/ip2whois.1.0.0/opam                   | 2 +-
 packages/irc-client-tls/irc-client-tls.0.6.0/opam       | 2 +-
 packages/irc-client-tls/irc-client-tls.0.6.1/opam       | 2 +-
 packages/irc-client-tls/irc-client-tls.0.6.2/opam       | 2 +-
 packages/irc-client-tls/irc-client-tls.0.7.1/opam       | 2 +-
 packages/ldp_tls/ldp_tls.0.1.0/opam                     | 4 ++--
 packages/ldp_tls/ldp_tls.0.2.0/opam                     | 4 ++--
 packages/letters/letters.0.3.3/opam                     | 4 ++--
 packages/links/links.0.9.6/opam                         | 2 +-
 packages/links/links.0.9.7/opam                         | 2 +-
 packages/links/links.0.9.8/opam                         | 2 +-
 packages/logs-syslog/logs-syslog.0.3.0/opam             | 1 +
 packages/logs-syslog/logs-syslog.0.3.1/opam             | 1 +
 packages/logs-syslog/logs-syslog.0.3.2/opam             | 2 ++
 packages/logs-syslog/logs-syslog.0.4.0/opam             | 2 ++
 packages/mehari-eio/mehari-eio.0.1/opam                 | 4 ++--
 packages/mehari-eio/mehari-eio.0.2/opam                 | 4 ++--
 packages/mehari-eio/mehari-eio.0.3/opam                 | 4 ++--
 packages/mehari-eio/mehari-eio.0.4/opam                 | 4 ++--
 packages/mehari-mirage/mehari-mirage.0.1/opam           | 2 +-
 packages/mehari-mirage/mehari-mirage.0.2/opam           | 4 ++--
 packages/mehari-mirage/mehari-mirage.0.3/opam           | 4 ++--
 packages/mehari-mirage/mehari-mirage.0.4/opam           | 4 ++--
 packages/mehari/mehari.0.3/opam                         | 2 +-
 packages/mehari/mehari.0.4/opam                         | 2 +-
 packages/mirror/mirror.0.0.1/opam                       | 2 +-
 packages/mqtt/mqtt.0.2.2/opam                           | 4 ++--
 packages/octez-node/octez-node.15.0/opam                | 2 +-
 packages/octez-node/octez-node.15.1/opam                | 2 +-
 packages/octez-node/octez-node.16.0/opam                | 2 +-
 packages/octez-node/octez-node.16.1/opam                | 2 +-
 packages/octez-node/octez-node.17.1/opam                | 2 +-
 packages/octez-node/octez-node.17.2/opam                | 2 +-
 packages/octez-node/octez-node.17.3/opam                | 2 +-
 packages/octez-node/octez-node.18.0/opam                | 2 +-
 packages/octez-node/octez-node.18.1/opam                | 2 +-
 packages/octez-node/octez-node.19.0/opam                | 2 +-
 packages/octez-node/octez-node.19.1/opam                | 2 +-
 packages/octez-node/octez-node.20.1/opam                | 2 +-
 packages/opam-publish/opam-publish.0.3.5/opam           | 2 +-
 packages/opam-publish/opam-publish.2.0.0/opam           | 2 +-
 packages/opam-publish/opam-publish.2.0.0~beta/opam      | 2 +-
 packages/opam-publish/opam-publish.2.0.1/opam           | 2 +-
 packages/opam-publish/opam-publish.2.0.2/opam           | 2 +-
 packages/opam-publish/opam-publish.2.0.3/opam           | 2 +-
 packages/paf-le/paf-le.0.0.4/opam                       | 2 +-
 packages/paf-le/paf-le.0.0.5/opam                       | 2 +-
 packages/paf-le/paf-le.0.0.6/opam                       | 2 +-
 packages/paf-le/paf-le.0.0.7/opam                       | 2 +-
 packages/paf-le/paf-le.0.0.8-1/opam                     | 2 +-
 packages/paf-le/paf-le.0.0.8/opam                       | 2 +-
 packages/paf-le/paf-le.0.0.9/opam                       | 2 +-
 packages/paf-le/paf-le.0.1.0/opam                       | 2 +-
 packages/paf-le/paf-le.0.2.0/opam                       | 2 +-
 packages/paf-le/paf-le.0.3.0/opam                       | 2 +-
 packages/paf-le/paf-le.0.4.0/opam                       | 2 +-
 packages/paf/paf.0.0.2/opam                             | 4 ++--
 packages/paf/paf.0.0.3/opam                             | 2 +-
 packages/paf/paf.0.0.4/opam                             | 2 +-
 packages/paf/paf.0.0.6/opam                             | 4 ++--
 packages/paf/paf.0.0.7/opam                             | 4 ++--
 packages/paf/paf.0.0.8-1/opam                           | 4 ++--
 packages/paf/paf.0.0.8/opam                             | 4 ++--
 packages/paf/paf.0.0.9/opam                             | 4 ++--
 packages/paf/paf.0.1.0/opam                             | 4 ++--
 packages/paf/paf.0.2.0/opam                             | 4 ++--
 packages/paf/paf.0.3.0/opam                             | 4 ++--
 packages/paf/paf.0.4.0/opam                             | 4 ++--
 packages/paf/paf.0.5.0/opam                             | 4 ++--
 packages/paf/paf.0.6.0/opam                             | 4 ++--
 packages/quests/quests.0.1.3/opam                       | 2 +-
 packages/sendmail-lwt/sendmail-lwt.0.8.0/opam           | 4 ++--
 packages/sendmail-lwt/sendmail-lwt.0.8.1/opam           | 4 ++--
 packages/sendmail/sendmail.0.8.1/opam                   | 2 +-
 packages/sihl-core/sihl-core.0.2.0/opam                 | 2 +-
 packages/sihl-core/sihl-core.0.2.1/opam                 | 2 +-
 packages/sihl-core/sihl-core.0.2.2/opam                 | 2 +-
 packages/sihl-core/sihl-core.0.3.0~rc1/opam             | 2 +-
 packages/sihl/sihl.0.0.56/opam                          | 2 +-
 packages/sihl/sihl.0.1.0/opam                           | 2 +-
 packages/sihl/sihl.0.1.1/opam                           | 2 +-
 packages/sihl/sihl.0.1.2/opam                           | 2 +-
 packages/sihl/sihl.0.1.3/opam                           | 2 +-
 packages/sihl/sihl.0.1.4/opam                           | 2 +-
 packages/sihl/sihl.0.1.5/opam                           | 2 +-
 packages/sihl/sihl.0.3.0/opam                           | 2 +-
 packages/sihl/sihl.0.3.0~rc2/opam                       | 2 +-
 packages/sihl/sihl.0.4.0/opam                           | 2 +-
 packages/sihl/sihl.0.4.1/opam                           | 2 +-
 packages/sihl/sihl.0.5.0/opam                           | 2 +-
 packages/sihl/sihl.0.6.0~rc1/opam                       | 2 +-
 packages/sihl/sihl.1.0.0/opam                           | 2 +-
 packages/sihl/sihl.1.0.0~rc1/opam                       | 2 +-
 packages/sihl/sihl.1.0.0~rc2/opam                       | 2 +-
 packages/sihl/sihl.1.0.0~rc3/opam                       | 2 +-
 packages/sihl/sihl.1.0.1/opam                           | 2 +-
 packages/sihl/sihl.2.0.0/opam                           | 2 +-
 packages/sihl/sihl.2.0.1/opam                           | 2 +-
 packages/sihl/sihl.3.0.0/opam                           | 2 +-
 packages/sihl/sihl.3.0.1/opam                           | 2 +-
 packages/sihl/sihl.3.0.2/opam                           | 2 +-
 packages/sihl/sihl.3.0.3/opam                           | 2 +-
 packages/sihl/sihl.3.0.4/opam                           | 2 +-
 packages/sihl/sihl.3.0.5/opam                           | 2 +-
 packages/slacko/slacko.0.13.0/opam                      | 2 +-
 packages/slacko/slacko.0.14.1/opam                      | 2 +-
 packages/slacko/slacko.0.15.0/opam                      | 2 +-
 packages/starred_ml/starred_ml.0.0.2/opam               | 2 +-
 packages/starred_ml/starred_ml.0.0.3/opam               | 2 +-
 packages/starred_ml/starred_ml.0.0.4/opam               | 2 +-
 packages/starred_ml/starred_ml.0.0.5/opam               | 2 +-
 packages/syndic/syndic.1.5.1/opam                       | 2 +-
 packages/syndic/syndic.1.5.2/opam                       | 2 +-
 packages/syndic/syndic.1.5.3/opam                       | 2 +-
 packages/syndic/syndic.1.5/opam                         | 2 +-
 packages/tezos-node/tezos-node.10.2/opam                | 2 +-
 packages/tezos-node/tezos-node.11.0/opam                | 2 +-
 packages/tezos-node/tezos-node.11.1/opam                | 2 +-
 packages/tezos-node/tezos-node.12.0/opam                | 2 +-
 packages/tezos-node/tezos-node.12.3/opam                | 2 +-
 packages/tezos-node/tezos-node.13.0/opam                | 2 +-
 packages/tezos-node/tezos-node.14.0/opam                | 2 +-
 packages/tezos-node/tezos-node.7.0/opam                 | 2 +-
 packages/tezos-node/tezos-node.7.1/opam                 | 2 +-
 packages/tezos-node/tezos-node.7.2/opam                 | 2 +-
 packages/tezos-node/tezos-node.7.3/opam                 | 2 +-
 packages/tezos-node/tezos-node.7.4/opam                 | 2 +-
 packages/tezos-node/tezos-node.8.0/opam                 | 2 +-
 packages/tezos-node/tezos-node.8.1/opam                 | 2 +-
 packages/tezos-node/tezos-node.8.2/opam                 | 2 +-
 packages/tezos-node/tezos-node.8.3/opam                 | 2 +-
 packages/tezos-node/tezos-node.9.1/opam                 | 2 +-
 packages/tezos-node/tezos-node.9.2/opam                 | 2 +-
 packages/tezos-node/tezos-node.9.3/opam                 | 2 +-
 packages/tezos-node/tezos-node.9.4/opam                 | 2 +-
 packages/tezos-node/tezos-node.9.7/opam                 | 2 +-
 packages/tls-liquidsoap/tls-liquidsoap.1/opam           | 2 +-
 packages/tlstunnel/tlstunnel.0.1.3/opam                 | 2 +-
 packages/tlstunnel/tlstunnel.0.2.0/opam                 | 2 +-
 packages/wcs-api/wcs-api.2017-05-26.02/opam             | 2 +-
 422 files changed, 572 insertions(+), 487 deletions(-)

[01;34m(from freebsd-ocaml-4.14)[0m
[01;2m[01;35m2024-08-20 12:16.43 ---> using "57eeeabfec88366322a66f228a693df277d348dc99f1cc2a63749102c5e1e405" from cache[0m

[01;34m/: (user (uid 1000) (gid 1000))[0m

[01;34m/: (workdir /home/opam)[0m

[01;34m/home/opam: (run (shell "sudo ln -f /usr/local/bin/opam-dev /usr/local/bin/opam"))[0m
[01;2m[01;35m2024-08-20 12:16.43 ---> using "85d5eb985f2262919a26a9cdcf048ce0967ef341a4c5d41a4d1a47b077ffa8eb" from cache[0m

[01;34m/home/opam: (run (network host)
                 (shell "opam init --reinit -ni"))[0m
No configuration file found, using built-in defaults.
Checking for available remotes: rsync and local, git.
  - you won't be able to use mercurial repositories unless you install the hg command on your system.
  - you won't be able to use darcs repositories unless you install the darcs command on your system.

This version of opam requires an update to the layout of /home/opam/.opam from version 2.1 to version 2.2, which can't be reverted.
You may want to back it up before going further.

Continue? [y/n] y
[NOTE] The 'jobs' option was reset, its value was 1 and its new value will vary according to the current number of cores on your machine. You can restore the fixed value using:
           opam option jobs=1 --global
Format upgrade done.

<><> Updating repositories ><><><><><><><><><><><><><><><><><><><><><><><><><><>
[default] no changes from git+file:///home/opam/opam-repository
[01;2m[01;35m2024-08-20 12:16.43 ---> using "08e4174ad8cc33ff0dffef40dd5755acd4c7df1ee65b0d98f918f8851b0422be" from cache[0m

[01;34m/home/opam: (run (shell "uname -rs && opam exec -- ocaml -version && opam --version"))[0m
FreeBSD 14.0-RELEASE-p6
The OCaml toplevel, version 4.14.2
2.2.0
[01;2m[01;35m2024-08-20 12:16.44 ---> using "a624c9a56a657e8f7944ca7b5e274913c647764382db65f778e1fb6ea0cbf8b9" from cache[0m

[01;34m/home/opam: (env OPAMDOWNLOADJOBS 1)[0m

[01;34m/home/opam: (env OPAMERRLOGLEN 0)[0m

[01;34m/home/opam: (env OPAMSOLVERTIMEOUT 500)[0m

[01;34m/home/opam: (env OPAMPRECISETRACKING 1)[0m

[01;34m/home/opam: (env CI true)[0m

[01;34m/home/opam: (env OPAM_REPO_CI true)[0m

[01;34m/home/opam: (run (shell "rm -rf opam-repository/"))[0m
[01;2m[01;35m2024-08-20 12:16.44 ---> using "7664227bcddc9f07a15b72213897bcf0575250f735d1bc45966bada674a472ca" from cache[0m

[01;34m/home/opam: (copy (src .) (dst opam-repository/))[0m
[01;2m[01;35m2024-08-20 12:16.47 ---> using "f6020018ea506f54e1bc31c62ab577eadcdb6c40da8516f7a57703cfab02b457" from cache[0m

[01;34m/home/opam: (run (shell "opam repository set-url --strict default opam-repository/"))[0m
[default] Initialised
[01;2m[01;35m2024-08-20 12:16.48 ---> using "7ccdb9e498623f849f8cb5912f8ebd782f11e78e5df45502df1e8513ed4b89c5" from cache[0m

[01;34m/home/opam: (run (network host)
                 (shell "opam update --depexts || true"))[0m
[WARNING] Unknown update command for bsd, skipping system update
[01;2m[01;35m2024-08-20 12:16.48 ---> using "05340f3560fa98644ce4eecada8893cb7320a8c17cc304ee7ffd3c38f2ec7046" from cache[0m

[01;34m/home/opam: (run (shell "opam pin add -k version -yn sihl.0.1.4 0.1.4"))[0m
sihl is now pinned to version 0.1.4
[01;2m[01;35m2024-08-20 12:16.49 ---> using "6dd0a8b4329395c8f00f6e434e9e8ef5783741d8a4587003c27246c96963ea2e" from cache[0m

[01;34m/home/opam: (run (cache (opam-archives (target /home/opam/.opam/download-cache)))
                 (network host)
                 (shell  "opam reinstall sihl.0.1.4;\
                        \n        res=$?;\
                        \n        test \"$res\" != 31 && exit \"$res\";\
                        \n        export OPAMCLI=2.0;\
                        \n        build_dir=$(opam var prefix)/.opam-switch/build;\
                        \n        failed=$(ls \"$build_dir\");\
                        \n        partial_fails=\"\";\
                        \n        for pkg in $failed; do\
                        \n          if opam show -f x-ci-accept-failures: \"$pkg\" | grep -qF \"\\\"freebsd\\\"\"; then\
                        \n            echo \"A package failed and has been disabled for CI using the 'x-ci-accept-failures' field.\";\
                        \n          fi;\
                        \n          test \"$pkg\" != 'sihl.0.1.4' && partial_fails=\"$partial_fails $pkg\";\
                        \n        done;\
                        \n        test \"${partial_fails}\" != \"\" && echo \"opam-repo-ci detected dependencies failing: ${partial_fails}\";\
                        \n        exit 1"))[0m
sihl.0.1.4 is not installed. Install it? [y/n] y
The following actions will be performed:
=== install 115 packages
  ∗ alcotest              1.8.0          [required by sihl]
  ∗ angstrom              0.16.0         [required by caqti]
  ∗ asn1-combinators      0.2.6          [required by x509]
  ∗ astring               0.8.5          [required by alcotest]
  ∗ base                  v0.15.1        [required by sihl]
  ∗ base-bytes            base           [required by ocplib-endian, cohttp]
  ∗ base64                3.5.1          [required by jwto]
  ∗ bigarray-overlap      0.2.1          [required by mrmime]
  ∗ bigstringaf           0.10.0         [required by caqti]
  ∗ biniou                1.2.2          [required by yojson]
  ∗ bos                   0.2.1          [required by ca-certs]
  ∗ ca-certs              0.2.3          [required by letters]
  ∗ camlp-streams         5.0.1          [required by biniou]
  ∗ caqti                 1.9.0          [required by sihl]
  ∗ caqti-lwt             1.9.0          [required by sihl]
  ∗ cmdliner              1.3.0          [required by opium, alcotest, uuidm]
  ∗ cohttp                5.3.1          [required by opium_kernel]
  ∗ cohttp-lwt            5.3.0          [required by cohttp-lwt-unix, opium_kernel]
  ∗ cohttp-lwt-unix       5.3.0          [required by opium]
  ∗ coin                  0.1.4          [required by rosetta]
  ∗ colombe               0.8.1          [required by letters]
  ∗ conduit               6.2.3          [required by conduit-lwt]
  ∗ conduit-lwt           6.2.3          [required by cohttp-lwt-unix]
  ∗ conduit-lwt-unix      6.2.3          [required by cohttp-lwt-unix]
  ∗ conf-gmp              4              [required by zarith, conf-gmp-powm-sec]
  ∗ conf-gmp-powm-sec     3              [required by mirage-crypto-pk]
  ∗ conf-libpcre          1              [required by pcre]
  ∗ conf-libssl           4              [required by ssl]
  ∗ conf-pkg-config       3              [required by conf-libpcre]
  ∗ containers            3.13.1         [required by sihl]
  ∗ cppo                  1.6.9          [required by caqti]
  ∗ csexp                 1.5.2          [required by dune-configurator]
  ∗ cstruct               6.2.0          [required by sendmail]
  ∗ digestif              1.2.0          [required by jwto]
  ∗ domain-name           0.4.0          [required by x509, tls]
  ∗ dune                  3.16.0         [required by sihl]
  ∗ dune-configurator     3.16.0         [required by containers, base, pcre]
  ∗ duration              0.2.1          [required by mirage-crypto-rng-lwt]
  ∗ easy-format           1.3.4          [required by yojson]
  ∗ either                1.0.0          [required by containers]
  ∗ emile                 1.1            [required by colombe, mrmime]
  ∗ eqaf                  0.9            [required by digestif]
  ∗ ezjsonm               1.3.0          [required by opium]
  ∗ fieldslib             v0.15.0        [required by opium_kernel]
  ∗ fmt                   0.9.0          [required by sihl]
  ∗ fpath                 0.7.3          [required by letters]
  ∗ gmap                  0.3.0          [required by x509]
  ∗ hex                   1.5.0          [required by ezjsonm]
  ∗ hkdf                  1.0.4          [required by tls]
  ∗ hmap                  0.8.1          [required by opium_kernel]
  ∗ ipaddr                5.6.0          [required by colombe, mrmime]
  ∗ ipaddr-sexp           5.6.0          [required by conduit-lwt-unix]
  ∗ jsonm                 1.0.2          [required by ezjsonm]
  ∗ jwto                  0.4.0          [required by sihl]
  ∗ ke                    0.6            [required by mrmime, sendmail]
  ∗ letters               0.3.3          [required by sihl]
  ∗ logs                  0.7.0          [required by sihl]
  ∗ lwt                   5.7.0          [required by sihl]
  ∗ lwt_ssl               1.2.0          [required by sihl]
  ∗ macaddr               5.6.0          [required by ipaddr]
  ∗ magic-mime            1.3.1          [required by opium]
  ∗ mirage-crypto         0.11.3         [required by ca-certs]
  ∗ mirage-crypto-ec      0.11.3         [required by x509, tls]
  ∗ mirage-crypto-pk      0.11.3         [required by x509, tls]
  ∗ mirage-crypto-rng     0.11.3         [required by tls, x509, mirage-crypto-rng-lwt]
  ∗ mirage-crypto-rng-lwt 0.11.3         [required by tls-lwt]
  ∗ mrmime                0.6.1          [required by letters]
  ∗ mtime                 2.0.0          [required by mirage-crypto-rng-lwt]
  ∗ num                   1.5-1          [required by sexplib]
  ∗ ocaml-compiler-libs   v0.12.4        [required by ppxlib]
  ∗ ocaml-syntax-shims    1.0.0          [required by alcotest]
  ∗ ocamlbuild            0.15.0         [required by uuidm]
  ∗ ocamlfind             1.9.6          [required by uuidm]
  ∗ ocplib-endian         1.2            [required by lwt]
  ∗ opium                 0.18.0         [required by sihl]
  ∗ opium_kernel          0.18.0         [required by opium]
  ∗ parsexp               v0.15.0        [required by sexplib]
  ∗ pbkdf                 1.2.0          [required by x509]
  ∗ pcre                  7.5.0          [required by sihl]
  ∗ pecu                  0.7            [required by mrmime]
  ∗ ppx_derivers          1.2.1          [required by ppx_deriving]
  ∗ ppx_deriving          6.0.2          [required by jwto, ppx_deriving_yojson]
  ∗ ppx_deriving_yojson   3.9.0          [required by sihl]
  ∗ ppx_fields_conv       v0.15.0        [required by sihl]
  ∗ ppx_sexp_conv         v0.15.1        [required by sihl]
  ∗ ppxlib                0.33.0         [required by ppx_deriving_yojson]
  ∗ prettym               0.0.3          [required by mrmime]
  ∗ ptime                 1.1.0          [required by caqti, letters]
  ∗ re                    1.11.0         [required by opium, alcotest, jwto, tyxml]
  ∗ rosetta               0.3.0          [required by mrmime]
  ∗ rresult               0.7.0          [required by letters]
  ∗ safepass              3.1            [required by sihl]
  ∗ sendmail              0.8.1          [required by letters]
  ∗ seq                   base           [required by tyxml]
  ∗ sexplib               v0.15.1        [required by sihl]
  ∗ sexplib0              v0.15.1        [required by base]
  ∗ sihl                  0.1.4 (pinned)
  ∗ ssl                   0.7.0          [required by sihl]
  ∗ stdlib-shims          0.3.0          [required by alcotest]
  ∗ stringext             1.6.0          [required by uri]
  ∗ tls                   0.17.5         [required by sihl]
  ∗ tls-lwt               0.17.5         [required by letters]
  ∗ topkg                 1.0.7          [required by uuidm]
  ∗ tsort                 2.0.0          [required by sihl]
  ∗ tyxml                 4.6.0          [required by sihl]
  ∗ unstrctrd             0.4            [required by mrmime]
  ∗ uri                   4.4.0          [required by caqti]
  ∗ uri-sexp              4.4.0          [required by cohttp]
  ∗ uuidm                 0.9.8          [required by sihl]
  ∗ uutf                  1.0.3          [required by alcotest, tyxml]
  ∗ uuuu                  0.3.0          [required by rosetta]
  ∗ x509                  0.16.5         [required by letters]
  ∗ yojson                1.7.0          [required by sihl]
  ∗ yuscii                0.3.0          [required by rosetta]
  ∗ zarith                1.14           [required by asn1-combinators, mirage-crypto-pk]

The following system packages will first need to be installed:
    ca_root_nss gmp pcre

<><> Handling external dependencies <><><><><><><><><><><><><><><><><><><><><><>

opam believes some required external dependencies are missing. opam can:
> 1. Run pkg to install them (may need root/sudo access)
  2. Display the recommended pkg command and wait while you run it manually (e.g. in another terminal)
  3. Continue anyway, and, upon success, permanently register that this external dependency is present, but not detectable
  4. Abort the installation

[1/2/3/4] 1

+ /usr/local/bin/sudo "pkg" "install" "-y" "ca_root_nss" "gmp" "pcre"
- Updating FreeBSD repository catalogue...
- [spring] Fetching data.pkg: ......
- .... done
- Processing entries: .
- ..
- ..
- .
- ..
- .
- . done
- FreeBSD repository update completed. 34428 packages processed.
- All repositories are up to date.
- The following 3 package(s) will be affected (of 0 checked):
- 
- New packages to be INSTALLED:
- 	ca_root_nss: 3.93_2
- 	gmp: 6.3.0
- 	pcre: 8.45_4
- 
- Number of packages to be installed: 3
- 
- The process will require 10 MiB more space.
- 2 MiB to be downloaded.
- [spring] [1/3] Fetching pcre-8.45_4.pkg: .......... done
- [spring] [2/3] Fetching gmp-6.3.0.pkg: .......... done
- [spring] [3/3] Fetching ca_root_nss-3.93_2.pkg: .......... done
- Checking integrity... done (0 conflicting)
- [spring] [1/3] Installing pcre-8.45_4...
- [spring] [1/3] Extracting pcre-8.45_4: .......... done
- [spring] [2/3] Installing gmp-6.3.0...
- [spring] [2/3] Extracting gmp-6.3.0: .......... done
- [spring] [3/3] Installing ca_root_nss-3.93_2...
- [spring] [3/3] Extracting ca_root_nss-3.93_2: ....... done
- Scanning /usr/share/certs/untrusted for certificates...
- Scanning /usr/share/certs/trusted for certificates...
- Scanning /usr/local/share/certs for certificates...
- =====
- Message from pcre-8.45_4:
- 
- --
- ===>   NOTICE:
- 
- This port is deprecated; you may wish to reconsider installing it:
- 
- EOLed by upstream, use devel/pcre2 instead.
- =====
- Message from ca_root_nss-3.93_2:
- 
- --
- FreeBSD does not, and can not warrant that the certification authorities
- whose certificates are included in this package have in any way been
- audited for trustworthiness or RFC 3647 compliance.
- 
- Assessment and verification of trust is the complete responsibility of
- the system administrator.
- 
- This package installs symlinks to support root certificate discovery
- for software that either uses other cryptographic libraries than
- OpenSSL, or use OpenSSL but do not follow recommended practice.
- 
- If you prefer to do this manually, replace the following symlinks with
- either an empty file or your site-local certificate bundle.
- 
-   * /etc/ssl/cert.pem
-   * /usr/local/etc/ssl/cert.pem
-   * /usr/local/openssl/cert.pem

<><> Processing actions <><><><><><><><><><><><><><><><><><><><><><><><><><><><>
⬇ retrieved alcotest.1.8.0  (cached)
⬇ retrieved angstrom.0.16.0  (cached)
⬇ retrieved asn1-combinators.0.2.6  (cached)
⬇ retrieved astring.0.8.5  (cached)
⬇ retrieved base.v0.15.1  (cached)
⬇ retrieved base64.3.5.1  (cached)
⬇ retrieved bigarray-overlap.0.2.1  (cached)
⬇ retrieved bigstringaf.0.10.0  (cached)
⬇ retrieved biniou.1.2.2  (cached)
⬇ retrieved bos.0.2.1  (cached)
⬇ retrieved ca-certs.0.2.3  (cached)
⬇ retrieved camlp-streams.5.0.1  (cached)
⬇ retrieved caqti.1.9.0, caqti-lwt.1.9.0  (cached)
⬇ retrieved cmdliner.1.3.0  (cached)
⬇ retrieved cohttp.5.3.1  (cached)
⬇ retrieved cohttp-lwt.5.3.0, cohttp-lwt-unix.5.3.0  (cached)
⬇ retrieved coin.0.1.4  (cached)
⬇ retrieved colombe.0.8.1, sendmail.0.8.1  (cached)
⬇ retrieved conduit.6.2.3, conduit-lwt.6.2.3, conduit-lwt-unix.6.2.3  (cached)
⬇ retrieved conf-gmp.4  (cached)
⬇ retrieved conf-gmp-powm-sec.3  (cached)
⬇ retrieved conf-libssl.4  (cached)
⬇ retrieved containers.3.13.1  (cached)
∗ installed conf-pkg-config.3
∗ installed conf-libssl.4
⬇ retrieved cppo.1.6.9  (cached)
∗ installed conf-libpcre.1
⬇ retrieved csexp.1.5.2  (cached)
⬇ retrieved cstruct.6.2.0  (cached)
∗ installed conf-gmp.4
∗ installed conf-gmp-powm-sec.3
⬇ retrieved digestif.1.2.0  (cached)
⬇ retrieved domain-name.0.4.0  (cached)
⬇ retrieved dune.3.16.0, dune-configurator.3.16.0  (cached)
⬇ retrieved duration.0.2.1  (cached)
⬇ retrieved easy-format.1.3.4  (cached)
⬇ retrieved either.1.0.0  (cached)
⬇ retrieved emile.1.1  (cached)
⬇ retrieved eqaf.0.9  (cached)
⬇ retrieved ezjsonm.1.3.0  (cached)
⬇ retrieved fieldslib.v0.15.0  (cached)
⬇ retrieved fmt.0.9.0  (cached)
⬇ retrieved fpath.0.7.3  (cached)
∗ installed cmdliner.1.3.0
⬇ retrieved gmap.0.3.0  (cached)
⬇ retrieved hex.1.5.0  (cached)
⬇ retrieved hkdf.1.0.4  (cached)
⬇ retrieved hmap.0.8.1  (cached)
⬇ retrieved ipaddr.5.6.0, ipaddr-sexp.5.6.0, macaddr.5.6.0  (cached)
⬇ retrieved jsonm.1.0.2  (cached)
⬇ retrieved jwto.0.4.0  (cached)
⬇ retrieved ke.0.6  (cached)
⬇ retrieved letters.0.3.3  (cached)
⬇ retrieved logs.0.7.0  (cached)
⬇ retrieved lwt.5.7.0  (cached)
⬇ retrieved lwt_ssl.1.2.0  (cached)
⬇ retrieved magic-mime.1.3.1  (cached)
⬇ retrieved mirage-crypto.0.11.3, mirage-crypto-ec.0.11.3, mirage-crypto-pk.0.11.3, mirage-crypto-rng.0.11.3, mirage-crypto-rng-lwt.0.11.3  (cached)
⬇ retrieved mrmime.0.6.1  (cached)
⬇ retrieved mtime.2.0.0  (cached)
⬇ retrieved num.1.5-1  (cached)
⬇ retrieved ocaml-compiler-libs.v0.12.4  (cached)
⬇ retrieved ocaml-syntax-shims.1.0.0  (cached)
⬇ retrieved ocamlbuild.0.15.0  (cached)
⬇ retrieved ocamlfind.1.9.6  (cached)
⬇ retrieved ocplib-endian.1.2  (cached)
⬇ retrieved opium.0.18.0, opium_kernel.0.18.0  (cached)
⬇ retrieved parsexp.v0.15.0  (cached)
⬇ retrieved pbkdf.1.2.0  (cached)
⬇ retrieved pcre.7.5.0  (cached)
⬇ retrieved pecu.0.7  (cached)
⬇ retrieved ppx_derivers.1.2.1  (cached)
⬇ retrieved ppx_deriving.6.0.2  (cached)
⬇ retrieved ppx_deriving_yojson.3.9.0  (cached)
⬇ retrieved ppx_fields_conv.v0.15.0  (cached)
⬇ retrieved ppx_sexp_conv.v0.15.1  (cached)
⬇ retrieved ppxlib.0.33.0  (cached)
⬇ retrieved prettym.0.0.3  (cached)
⬇ retrieved ptime.1.1.0  (cached)
⬇ retrieved re.1.11.0  (cached)
⬇ retrieved rosetta.0.3.0  (cached)
⬇ retrieved rresult.0.7.0  (cached)
⬇ retrieved safepass.3.1  (cached)
⬇ retrieved seq.base  (cached)
∗ installed seq.base
⬇ retrieved sexplib.v0.15.1  (cached)
⬇ retrieved sexplib0.v0.15.1  (cached)
⬇ retrieved sihl.0.1.4  (cached)
⬇ retrieved ssl.0.7.0  (cached)
⬇ retrieved stdlib-shims.0.3.0  (cached)
⬇ retrieved stringext.1.6.0  (cached)
⬇ retrieved tls.0.17.5, tls-lwt.0.17.5  (cached)
⬇ retrieved topkg.1.0.7  (cached)
⬇ retrieved tsort.2.0.0  (cached)
⬇ retrieved tyxml.4.6.0  (cached)
⬇ retrieved unstrctrd.0.4  (cached)
⬇ retrieved uri.4.4.0, uri-sexp.4.4.0  (cached)
⬇ retrieved uuidm.0.9.8  (cached)
⬇ retrieved uutf.1.0.3  (cached)
⬇ retrieved uuuu.0.3.0  (cached)
⬇ retrieved x509.0.16.5  (cached)
⬇ retrieved yojson.1.7.0  (cached)
⬇ retrieved yuscii.0.3.0  (cached)
⬇ retrieved zarith.1.14  (cached)
∗ installed num.1.5-1
∗ installed ocamlfind.1.9.6
∗ installed base-bytes.base
∗ installed ocamlbuild.0.15.0
∗ installed zarith.1.14
∗ installed topkg.1.0.7
∗ installed hmap.0.8.1
∗ installed rresult.0.7.0
∗ installed uuidm.0.9.8
∗ installed mtime.2.0.0
∗ installed ptime.1.1.0
∗ installed fmt.0.9.0
∗ installed uutf.1.0.3
∗ installed astring.0.8.5
∗ installed fpath.0.7.3
∗ installed jsonm.1.0.2
∗ installed dune.3.16.0
∗ installed csexp.1.5.2
∗ installed domain-name.0.4.0
∗ installed duration.0.2.1
∗ installed cstruct.6.2.0
∗ installed camlp-streams.5.0.1
∗ installed bigarray-overlap.0.2.1
∗ installed base64.3.5.1
∗ installed cppo.1.6.9
∗ installed easy-format.1.3.4
∗ installed hex.1.5.0
∗ installed gmap.0.3.0
∗ installed either.1.0.0
∗ installed eqaf.0.9
∗ installed macaddr.5.6.0
∗ installed ke.0.6
∗ installed asn1-combinators.0.2.6
∗ installed biniou.1.2.2
∗ installed magic-mime.1.3.1
∗ installed ocaml-syntax-shims.1.0.0
∗ installed ipaddr.5.6.0
∗ installed ocaml-compiler-libs.v0.12.4
∗ installed dune-configurator.3.16.0
∗ installed pecu.0.7
∗ installed ocplib-endian.1.2
∗ installed ppx_derivers.1.2.1
∗ installed sexplib0.v0.15.1
∗ installed safepass.3.1
∗ installed digestif.1.2.0
∗ installed bigstringaf.0.10.0
∗ installed ezjsonm.1.3.0
∗ installed re.1.11.0
∗ installed angstrom.0.16.0
∗ installed prettym.0.0.3
∗ installed pcre.7.5.0
∗ installed mirage-crypto.0.11.3
∗ installed emile.1.1
∗ installed coin.0.1.4
∗ installed stdlib-shims.0.3.0
∗ installed hkdf.1.0.4
∗ installed pbkdf.1.2.0
∗ installed ssl.0.7.0
∗ installed stringext.1.6.0
∗ installed colombe.0.8.1
∗ installed containers.3.13.1
∗ installed unstrctrd.0.4
∗ installed tsort.2.0.0
∗ installed alcotest.1.8.0
∗ installed lwt.5.7.0
∗ installed yuscii.0.3.0
∗ installed uri.4.4.0
∗ installed lwt_ssl.1.2.0
∗ installed uuuu.0.3.0
∗ installed rosetta.0.3.0
∗ installed yojson.1.7.0
∗ installed tyxml.4.6.0
∗ installed logs.0.7.0
∗ installed mrmime.0.6.1
∗ installed mirage-crypto-rng.0.11.3
∗ installed mirage-crypto-rng-lwt.0.11.3
∗ installed caqti.1.9.0
∗ installed mirage-crypto-pk.0.11.3
∗ installed caqti-lwt.1.9.0
∗ installed base.v0.15.1
∗ installed fieldslib.v0.15.0
∗ installed bos.0.2.1
∗ installed parsexp.v0.15.0
∗ installed mirage-crypto-ec.0.11.3
∗ installed sexplib.v0.15.1
∗ installed x509.0.16.5
∗ installed ca-certs.0.2.3
∗ installed tls.0.17.5
∗ installed tls-lwt.0.17.5
∗ installed sendmail.0.8.1
∗ installed ppxlib.0.33.0
∗ installed letters.0.3.3
∗ installed ppx_fields_conv.v0.15.0
∗ installed ppx_deriving.6.0.2
∗ installed ppx_sexp_conv.v0.15.1
∗ installed ipaddr-sexp.5.6.0
∗ installed uri-sexp.4.4.0
∗ installed jwto.0.4.0
∗ installed ppx_deriving_yojson.3.9.0
∗ installed conduit.6.2.3
∗ installed cohttp.5.3.1
∗ installed conduit-lwt.6.2.3
∗ installed cohttp-lwt.5.3.0
∗ installed conduit-lwt-unix.6.2.3
∗ installed opium_kernel.0.18.0
∗ installed cohttp-lwt-unix.5.3.0
∗ installed opium.0.18.0
∗ installed sihl.0.1.4
Done.
[01;2m[01;35m2024-08-20 12:19.44 ---> saved as "d7f6671c934d91bc02ac2b6389b38d1a82bb9ea22186040d4b80c8375b14e01f"[0m

[01;34m/home/opam: (run (network host)
                 (shell "(opam reinstall --with-test sihl.0.1.4) || true"))[0m
[ERROR] Sorry, resolution of the request timed out.
        Try to specify a more precise request, use a different solver, or increase the allowed time by setting OPAMSOLVERTIMEOUT to a bigger value (currently, it is set to 500.0 seconds).
[01;2m[01;35m2024-08-20 12:28.33 ---> saved as "bcf712d48e17abe822226cec9dcb20cf594b0a6dc7d5c89b0c7db284847d85d9"[0m

[01;34m/home/opam: (run (shell  "opam reinstall --with-test --verbose sihl.0.1.4;\
                        \n        res=$?;\
                        \n        test \"$res\" != 31 && exit \"$res\";\
                        \n        export OPAMCLI=2.0;\
                        \n        build_dir=$(opam var prefix)/.opam-switch/build;\
                        \n        failed=$(ls \"$build_dir\");\
                        \n        partial_fails=\"\";\
                        \n        for pkg in $failed; do\
                        \n          if opam show -f x-ci-accept-failures: \"$pkg\" | grep -qF \"\\\"freebsd\\\"\"; then\
                        \n            echo \"A package failed and has been disabled for CI using the 'x-ci-accept-failures' field.\";\
                        \n          fi;\
                        \n          test \"$pkg\" != 'sihl.0.1.4' && partial_fails=\"$partial_fails $pkg\";\
                        \n        done;\
                        \n        test \"${partial_fails}\" != \"\" && echo \"opam-repo-ci detected dependencies failing: ${partial_fails}\";\
                        \n        exit 1"))[0m
[ERROR] Sorry, resolution of the request timed out.
        Try to specify a more precise request, use a different solver, or increase the allowed time by setting OPAMSOLVERTIMEOUT to a bigger value (currently, it is set to 500.0 seconds).
'opam reinstall --with-test --verbose sihl.0.1.4' failed.
jail: /usr/bin/su -l opam -c cd '/home/opam' && env OPAM_REPO_CI='true' CI='true' OPAMPRECISETRACKING='1' OPAMSOLVERTIMEOUT='500' OPAMERRLOGLEN='0' OPAMDOWNLOADJOBS='1' '/usr/bin/env' 'bash' '-c' 'opam reinstall --with-test --verbose sihl.0.1.4;
        res=$?;
        test "$res" != 31 && exit "$res";
        export OPAMCLI=2.0;
        build_dir=$(opam var prefix)/.opam-switch/build;
        failed=$(ls "$build_dir");
        partial_fails="";
        for pkg in $failed; do
          if opam show -f x-ci-accept-failures: "$pkg" | grep -qF "\"freebsd\""; then
            echo "A package failed and has been disabled for CI using the '\''x-ci-accept-failures'\'' field.";
          fi;
          test "$pkg" != '\''sihl.0.1.4'\'' && partial_fails="$partial_fails $pkg";
        done;
        test "${partial_fails}" != "" && echo "opam-repo-ci detected dependencies failing: ${partial_fails}";
        exit 1': failed
"jail" "-c" "name=obuilder_3671_1045" "mount.devfs" "path=/obuilder/result/b805eaa4ace6d10fa628cd00abe0936e4a26551b3618d955e47816ab45700482/rootfs" "vnet" "exec.start=/sbin/ifconfig lo0 127.0.0.1/8" "command=/usr/bin/su" "-l" "opam" "-c" "cd '/home/opam' && env OPAM_REPO_CI='true' CI='true' OPAMPRECISETRACKING='1' OPAMSOLVERTIMEOUT='500' OPAMERRLOGLEN='0' OPAMDOWNLOADJOBS='1' '/usr/bin/env' 'bash' '-c' 'opam reinstall --with-test --verbose sihl.0.1.4;
        res=$?;
        test "$res" != 31 && exit "$res";
        export OPAMCLI=2.0;
        build_dir=$(opam var prefix)/.opam-switch/build;
        failed=$(ls "$build_dir");
        partial_fails="";
        for pkg in $failed; do
          if opam show -f x-ci-accept-failures: "$pkg" | grep -qF "\"freebsd\""; then
            echo "A package failed and has been disabled for CI using the '\''x-ci-accept-failures'\'' field.";
          fi;
          test "$pkg" != '\''sihl.0.1.4'\'' && partial_fails="$partial_fails $pkg";
        done;
        test "${partial_fails}" != "" && echo "opam-repo-ci detected dependencies failing: ${partial_fails}";
        exit 1'" failed with exit status 1
2024-08-20 12:47.09: Job failed: Failed: Build failed
2024-08-20 12:47.09: Log analysis:
2024-08-20 12:47.09: >>> 
[ERROR] Sorry, resolution of the request timed out.
 (score = 20)
2024-08-20 12:47.09: >>> 
[ERROR] Sorry, resolution of the request timed out.
 (score = 20)
2024-08-20 12:47.09: Sorry, resolution of the request timed out.
