2024-08-20 09:30.57: New job: test conduit-mirage.6.2.3, using opam 2.0
                              from https://github.com/ocaml/opam-repository.git#refs/pull/26378/head (cd59661bc85b5a67c3837459d02c70c2c4aa15a1)
                              on debian-12-ocaml-4.14/amd64

To reproduce locally:

cd $(mktemp -d)
git clone --recursive "https://github.com/ocaml/opam-repository.git" && cd "opam-repository" && git fetch origin "refs/pull/26378/head" && git reset --hard cd59661b
git fetch origin master
git merge --no-edit 0f2e2e7a59bb6529f1cf8ec039da401833b24cdf
cat > ../Dockerfile <<'END-OF-DOCKERFILE'
[34mFROM ocaml/opam:debian-12-ocaml-4.14@sha256:69ef0774f5cbddd472ab7b4ed241ca72bff5d63eddde00603b6501d0e4e60b3f
USER 1000:1000
WORKDIR /home/opam
RUN sudo ln -f /usr/bin/opam-2.0 /usr/bin/opam
RUN opam init --reinit -ni
RUN uname -rs && opam exec -- ocaml -version && opam --version
ENV OPAMDOWNLOADJOBS="1"
ENV OPAMERRLOGLEN="0"
ENV OPAMSOLVERTIMEOUT="500"
ENV OPAMPRECISETRACKING="1"
ENV CI="true"
ENV OPAM_REPO_CI="true"
RUN rm -rf opam-repository/
COPY --chown=1000:1000 . opam-repository/
RUN opam repository set-url --strict default opam-repository/
RUN opam depext -u || true
RUN opam pin add -k version -yn conduit-mirage.6.2.3 6.2.3
RUN opam depext conduit-mirage.6.2.3 && opam reinstall conduit-mirage.6.2.3; \
    res=$?; \
    test "$res" != 31 && exit "$res"; \
    export OPAMCLI=2.0; \
    build_dir=$(opam var prefix)/.opam-switch/build; \
    failed=$(ls "$build_dir"); \
    partial_fails=""; \
    for pkg in $failed; do \
    if opam show -f x-ci-accept-failures: "$pkg" | grep -qF "\"debian-12\""; then \
    echo "A package failed and has been disabled for CI using the 'x-ci-accept-failures' field."; \
    fi; \
    test "$pkg" != 'conduit-mirage.6.2.3' && partial_fails="$partial_fails $pkg"; \
    done; \
    test "${partial_fails}" != "" && echo "opam-repo-ci detected dependencies failing: ${partial_fails}"; \
    exit 1
RUN (opam depext --with-test conduit-mirage.6.2.3 && opam reinstall --with-test conduit-mirage.6.2.3) || true
RUN opam depext --with-test conduit-mirage.6.2.3 && opam reinstall --with-test --verbose conduit-mirage.6.2.3; \
    res=$?; \
    test "$res" != 31 && exit "$res"; \
    export OPAMCLI=2.0; \
    build_dir=$(opam var prefix)/.opam-switch/build; \
    failed=$(ls "$build_dir"); \
    partial_fails=""; \
    for pkg in $failed; do \
    if opam show -f x-ci-accept-failures: "$pkg" | grep -qF "\"debian-12\""; then \
    echo "A package failed and has been disabled for CI using the 'x-ci-accept-failures' field."; \
    fi; \
    test "$pkg" != 'conduit-mirage.6.2.3' && partial_fails="$partial_fails $pkg"; \
    done; \
    test "${partial_fails}" != "" && echo "opam-repo-ci detected dependencies failing: ${partial_fails}"; \
    exit 1
[0m
END-OF-DOCKERFILE
docker build -f ../Dockerfile .

2024-08-20 09:30.57: Using cache hint "ocaml/opam:debian-12-ocaml-4.14@sha256:69ef0774f5cbddd472ab7b4ed241ca72bff5d63eddde00603b6501d0e4e60b3f-conduit-mirage.6.2.3-cd59661bc85b5a67c3837459d02c70c2c4aa15a1"
2024-08-20 09:30.57: Using OBuilder spec:
((from ocaml/opam:debian-12-ocaml-4.14@sha256:69ef0774f5cbddd472ab7b4ed241ca72bff5d63eddde00603b6501d0e4e60b3f)
 (user (uid 1000) (gid 1000))
 (workdir /home/opam)
 (run (shell "sudo ln -f /usr/bin/opam-2.0 /usr/bin/opam"))
 (run (network host)
      (shell "opam init --reinit --config .opamrc-sandbox -ni"))
 (run (shell "uname -rs && opam exec -- ocaml -version && opam --version"))
 (env OPAMDOWNLOADJOBS 1)
 (env OPAMERRLOGLEN 0)
 (env OPAMSOLVERTIMEOUT 500)
 (env OPAMPRECISETRACKING 1)
 (env CI true)
 (env OPAM_REPO_CI true)
 (run (shell "rm -rf opam-repository/"))
 (copy (src .) (dst opam-repository/))
 (run (shell "opam repository set-url --strict default opam-repository/"))
 (run (network host)
      (shell "opam depext -u || true"))
 (run (shell "opam pin add -k version -yn conduit-mirage.6.2.3 6.2.3"))
 (run (cache (opam-archives (target /home/opam/.opam/download-cache)))
      (network host)
      (shell  "opam depext conduit-mirage.6.2.3 && opam reinstall conduit-mirage.6.2.3;\
             \n        res=$?;\
             \n        test \"$res\" != 31 && exit \"$res\";\
             \n        export OPAMCLI=2.0;\
             \n        build_dir=$(opam var prefix)/.opam-switch/build;\
             \n        failed=$(ls \"$build_dir\");\
             \n        partial_fails=\"\";\
             \n        for pkg in $failed; do\
             \n          if opam show -f x-ci-accept-failures: \"$pkg\" | grep -qF \"\\\"debian-12\\\"\"; then\
             \n            echo \"A package failed and has been disabled for CI using the 'x-ci-accept-failures' field.\";\
             \n          fi;\
             \n          test \"$pkg\" != 'conduit-mirage.6.2.3' && partial_fails=\"$partial_fails $pkg\";\
             \n        done;\
             \n        test \"${partial_fails}\" != \"\" && echo \"opam-repo-ci detected dependencies failing: ${partial_fails}\";\
             \n        exit 1"))
 (run (network host)
      (shell "(opam depext --with-test conduit-mirage.6.2.3 && opam reinstall --with-test conduit-mirage.6.2.3) || true"))
 (run (shell  "opam depext --with-test conduit-mirage.6.2.3 && opam reinstall --with-test --verbose conduit-mirage.6.2.3;\
             \n        res=$?;\
             \n        test \"$res\" != 31 && exit \"$res\";\
             \n        export OPAMCLI=2.0;\
             \n        build_dir=$(opam var prefix)/.opam-switch/build;\
             \n        failed=$(ls \"$build_dir\");\
             \n        partial_fails=\"\";\
             \n        for pkg in $failed; do\
             \n          if opam show -f x-ci-accept-failures: \"$pkg\" | grep -qF \"\\\"debian-12\\\"\"; then\
             \n            echo \"A package failed and has been disabled for CI using the 'x-ci-accept-failures' field.\";\
             \n          fi;\
             \n          test \"$pkg\" != 'conduit-mirage.6.2.3' && partial_fails=\"$partial_fails $pkg\";\
             \n        done;\
             \n        test \"${partial_fails}\" != \"\" && echo \"opam-repo-ci detected dependencies failing: ${partial_fails}\";\
             \n        exit 1"))
)

2024-08-20 09:30.57: Waiting for resource in pool OCluster
2024-08-20 18:19.04: Waiting for worker…
2024-08-20 18:30.46: Got resource from pool OCluster
Building on x86-bm-c2.sw.ocaml.org
All commits already cached
Updating files:  87% (28039/31972)Updating files:  88% (28136/31972)Updating files:  89% (28456/31972)Updating files:  90% (28775/31972)Updating files:  91% (29095/31972)Updating files:  92% (29415/31972)Updating files:  93% (29734/31972)Updating files:  94% (30054/31972)Updating files:  95% (30374/31972)Updating files:  96% (30694/31972)Updating files:  97% (31013/31972)Updating files:  98% (31333/31972)Updating files:  99% (31653/31972)Updating files: 100% (31972/31972)Updating files: 100% (31972/31972), done.
HEAD is now at 0f2e2e7a59 Merge pull request #26366 from jchavarri/release-melange-json-1.2.0
Updating 0f2e2e7a59..cd59661bc8
Fast-forward
 packages/albatross/albatross.1.5.6/opam                 | 4 ++--
 packages/albatross/albatross.2.0.0/opam                 | 4 ++--
 packages/albatross/albatross.2.1.0/opam                 | 4 ++--
 packages/aws-s3-lwt/aws-s3-lwt.2.0.0/opam               | 2 +-
 packages/azure-cosmos-db/azure-cosmos-db.0.1.5/opam     | 2 +-
 packages/azure-cosmos-db/azure-cosmos-db.0.1.6/opam     | 2 +-
 packages/calculon/calculon.0.1/opam                     | 2 +-
 packages/calculon/calculon.0.2/opam                     | 2 +-
 packages/calculon/calculon.0.3/opam                     | 2 +-
 packages/calculon/calculon.0.4/opam                     | 2 +-
 packages/capnp-rpc-lwt/capnp-rpc-lwt.0.3.1/opam         | 2 +-
 packages/capnp-rpc-lwt/capnp-rpc-lwt.0.3.2/opam         | 2 +-
 packages/capnp-rpc-lwt/capnp-rpc-lwt.0.3.3/opam         | 2 +-
 packages/capnp-rpc-lwt/capnp-rpc-lwt.0.4.0/opam         | 2 +-
 packages/capnp-rpc-mirage/capnp-rpc-mirage.0.6.0/opam   | 2 +-
 packages/capnp-rpc-mirage/capnp-rpc-mirage.0.7.0/opam   | 2 +-
 packages/capnp-rpc-mirage/capnp-rpc-mirage.0.8.0/opam   | 2 +-
 packages/capnp-rpc-mirage/capnp-rpc-mirage.0.9.0/opam   | 2 +-
 packages/capnp-rpc-mirage/capnp-rpc-mirage.1.0/opam     | 2 +-
 packages/capnp-rpc-mirage/capnp-rpc-mirage.1.2.1/opam   | 2 +-
 packages/capnp-rpc-mirage/capnp-rpc-mirage.1.2.2/opam   | 2 +-
 packages/capnp-rpc-mirage/capnp-rpc-mirage.1.2.3/opam   | 2 +-
 packages/capnp-rpc-net/capnp-rpc-net.0.5.0/opam         | 2 +-
 packages/capnp-rpc-net/capnp-rpc-net.0.6.0/opam         | 4 ++--
 packages/capnp-rpc-net/capnp-rpc-net.0.7.0/opam         | 4 ++--
 packages/capnp-rpc-net/capnp-rpc-net.0.8.0/opam         | 4 ++--
 packages/capnp-rpc-net/capnp-rpc-net.0.9.0/opam         | 4 ++--
 packages/capnp-rpc-net/capnp-rpc-net.1.0/opam           | 4 ++--
 packages/capnp-rpc-net/capnp-rpc-net.1.1/opam           | 2 +-
 packages/capnp-rpc-net/capnp-rpc-net.1.2.1/opam         | 4 ++--
 packages/capnp-rpc-net/capnp-rpc-net.1.2.2/opam         | 4 ++--
 packages/capnp-rpc-net/capnp-rpc-net.1.2.3/opam         | 4 ++--
 packages/capnp-rpc-net/capnp-rpc-net.1.2/opam           | 2 +-
 packages/caqti-mirage/caqti-mirage.2.1.1/opam           | 4 ++--
 packages/caqti-tls/caqti-tls.2.1.1/opam                 | 2 +-
 packages/caqti/caqti.2.1.1/opam                         | 2 +-
 packages/carbon/carbon.0.1.0/opam                       | 2 +-
 packages/cohttp-eio/cohttp-eio.6.0.0~beta2/opam         | 2 +-
 packages/comby/comby.1.2.2/opam                         | 2 +-
 packages/comby/comby.1.3.0/opam                         | 4 ++--
 packages/comby/comby.1.4.0/opam                         | 2 +-
 packages/comby/comby.1.4.1/opam                         | 2 +-
 packages/conduit-lwt-unix/conduit-lwt-unix.6.2.0/opam   | 1 +
 packages/conduit-lwt-unix/conduit-lwt-unix.6.2.1/opam   | 1 +
 packages/conduit-lwt-unix/conduit-lwt-unix.6.2.2/opam   | 1 +
 packages/conduit-lwt-unix/conduit-lwt-unix.6.2.3/opam   | 1 +
 packages/conduit-mirage/conduit-mirage.2.1.0/opam       | 2 +-
 packages/conduit-mirage/conduit-mirage.2.2.0/opam       | 4 ++--
 packages/conduit-mirage/conduit-mirage.4.0.2/opam       | 4 ++--
 packages/conduit-mirage/conduit-mirage.5.0.0/opam       | 4 ++--
 packages/conduit-mirage/conduit-mirage.5.1.0/opam       | 4 ++--
 packages/conduit-mirage/conduit-mirage.5.1.1/opam       | 4 ++--
 packages/conduit-mirage/conduit-mirage.6.0.0/opam       | 4 ++--
 packages/conduit-mirage/conduit-mirage.6.0.1/opam       | 4 ++--
 packages/conduit-mirage/conduit-mirage.6.1.0/opam       | 4 ++--
 packages/conduit-mirage/conduit-mirage.6.2.0/opam       | 2 +-
 packages/conduit-mirage/conduit-mirage.6.2.1/opam       | 4 ++--
 packages/conduit-mirage/conduit-mirage.6.2.2/opam       | 4 ++--
 packages/conduit-mirage/conduit-mirage.6.2.3/opam       | 4 ++--
 packages/conduit/conduit.0.10.0/opam                    | 2 +-
 packages/conduit/conduit.0.11.0/opam                    | 3 ++-
 packages/conduit/conduit.0.12.0/opam                    | 3 ++-
 packages/conduit/conduit.0.13.0/opam                    | 3 ++-
 packages/conduit/conduit.0.14.0/opam                    | 3 ++-
 packages/conduit/conduit.0.14.1/opam                    | 3 ++-
 packages/conduit/conduit.0.14.2/opam                    | 1 +
 packages/conduit/conduit.0.14.3/opam                    | 1 +
 packages/conduit/conduit.0.14.4/opam                    | 1 +
 packages/conduit/conduit.0.14.5/opam                    | 1 +
 packages/conduit/conduit.0.15.0/opam                    | 3 ++-
 packages/conduit/conduit.0.15.1/opam                    | 3 ++-
 packages/conduit/conduit.0.15.2/opam                    | 3 ++-
 packages/conduit/conduit.0.15.3/opam                    | 3 ++-
 packages/conduit/conduit.0.15.4/opam                    | 3 ++-
 packages/conduit/conduit.0.9.0/opam                     | 3 ++-
 packages/current_github/current_github.0.1/opam         | 2 +-
 packages/current_github/current_github.0.2/opam         | 2 +-
 packages/current_github/current_github.0.3/opam         | 2 +-
 packages/current_github/current_github.0.4/opam         | 2 +-
 packages/current_github/current_github.0.5/opam         | 2 +-
 packages/current_github/current_github.0.6.1/opam       | 2 +-
 packages/current_github/current_github.0.6.2/opam       | 2 +-
 packages/current_github/current_github.0.6.4/opam       | 2 +-
 packages/current_github/current_github.0.6.6/opam       | 2 +-
 packages/current_github/current_github.0.6/opam         | 2 +-
 packages/current_slack/current_slack.0.1/opam           | 2 +-
 packages/current_slack/current_slack.0.2/opam           | 2 +-
 packages/current_slack/current_slack.0.3/opam           | 2 +-
 packages/current_slack/current_slack.0.4/opam           | 2 +-
 packages/current_slack/current_slack.0.5/opam           | 2 +-
 packages/current_slack/current_slack.0.6.1/opam         | 2 +-
 packages/current_slack/current_slack.0.6.2/opam         | 2 +-
 packages/current_slack/current_slack.0.6.4/opam         | 2 +-
 packages/current_slack/current_slack.0.6.6/opam         | 2 +-
 packages/current_slack/current_slack.0.6/opam           | 2 +-
 packages/datakit-ci/datakit-ci.0.12.1/opam              | 2 +-
 packages/datakit-ci/datakit-ci.0.12.2/opam              | 2 +-
 packages/datakit-ci/datakit-ci.0.12.3/opam              | 2 +-
 packages/datakit-ci/datakit-ci.0.12.4/opam              | 2 +-
 packages/datakit-ci/datakit-ci.1.0.0/opam               | 2 +-
 packages/dkim-bin/dkim-bin.0.6.0/opam                   | 2 +-
 packages/dns-certify/dns-certify.4.0.0/opam             | 2 +-
 packages/dns-certify/dns-certify.4.1.0/opam             | 2 +-
 packages/dns-certify/dns-certify.4.2.0/opam             | 2 +-
 packages/dns-certify/dns-certify.4.3.0/opam             | 2 +-
 packages/dns-certify/dns-certify.4.3.1/opam             | 2 +-
 packages/dns-client-lwt/dns-client-lwt.7.0.0/opam       | 2 +-
 packages/dns-client-lwt/dns-client-lwt.7.0.1/opam       | 2 +-
 packages/dns-client-lwt/dns-client-lwt.7.0.2/opam       | 2 +-
 packages/dns-client-lwt/dns-client-lwt.7.0.3/opam       | 2 +-
 packages/dns-client-lwt/dns-client-lwt.8.0.0/opam       | 2 +-
 packages/dns-client-mirage/dns-client-mirage.7.0.0/opam | 2 +-
 packages/dns-client-mirage/dns-client-mirage.7.0.1/opam | 2 +-
 packages/dns-client-mirage/dns-client-mirage.7.0.2/opam | 2 +-
 packages/dns-client-mirage/dns-client-mirage.7.0.3/opam | 2 +-
 packages/dns-client-mirage/dns-client-mirage.8.0.0/opam | 2 +-
 packages/dns-client/dns-client.6.0.0/opam               | 2 +-
 packages/dns-client/dns-client.6.0.1/opam               | 2 +-
 packages/dns-client/dns-client.6.0.2/opam               | 2 +-
 packages/dns-client/dns-client.6.1.0/opam               | 2 +-
 packages/dns-client/dns-client.6.1.1/opam               | 2 +-
 packages/dns-client/dns-client.6.1.2/opam               | 2 +-
 packages/dns-client/dns-client.6.1.3/opam               | 2 +-
 packages/dns-client/dns-client.6.1.4/opam               | 2 +-
 packages/dns-client/dns-client.6.2.0/opam               | 2 +-
 packages/dns-client/dns-client.6.2.1/opam               | 2 +-
 packages/dns-client/dns-client.6.2.2/opam               | 2 +-
 packages/dns-client/dns-client.6.3.0/opam               | 2 +-
 packages/dns-client/dns-client.6.4.0/opam               | 2 +-
 packages/dns-client/dns-client.6.4.1/opam               | 2 +-
 packages/dns-resolver/dns-resolver.6.0.0/opam           | 2 +-
 packages/dns-resolver/dns-resolver.6.0.1/opam           | 2 +-
 packages/dns-resolver/dns-resolver.6.0.2/opam           | 2 +-
 packages/dns-resolver/dns-resolver.6.1.0/opam           | 2 +-
 packages/dns-resolver/dns-resolver.6.1.1/opam           | 2 +-
 packages/dns-resolver/dns-resolver.6.1.2/opam           | 2 +-
 packages/dns-resolver/dns-resolver.6.1.3/opam           | 2 +-
 packages/dns-resolver/dns-resolver.6.1.4/opam           | 2 +-
 packages/dns-resolver/dns-resolver.6.2.0/opam           | 2 +-
 packages/dns-resolver/dns-resolver.6.2.1/opam           | 2 +-
 packages/dns-resolver/dns-resolver.6.2.2/opam           | 2 +-
 packages/dns-resolver/dns-resolver.6.3.0/opam           | 2 +-
 packages/dns-resolver/dns-resolver.6.4.0/opam           | 2 +-
 packages/dns-resolver/dns-resolver.6.4.1/opam           | 2 +-
 packages/dns-resolver/dns-resolver.7.0.0/opam           | 2 +-
 packages/dns-resolver/dns-resolver.7.0.1/opam           | 2 +-
 packages/dns-resolver/dns-resolver.7.0.2/opam           | 2 +-
 packages/dns-resolver/dns-resolver.7.0.3/opam           | 2 +-
 packages/dns-resolver/dns-resolver.8.0.0/opam           | 2 +-
 packages/doculib/doculib.1.3.1/opam                     | 2 +-
 packages/doculib/doculib.1.3.2/opam                     | 2 +-
 packages/doculib/doculib.1.3.3/opam                     | 2 +-
 packages/doculib/doculib.1.3.4/opam                     | 2 +-
 packages/doculib/doculib.1.3.5/opam                     | 2 +-
 packages/doi2bib/doi2bib.0.1.4/opam                     | 2 +-
 packages/doi2bib/doi2bib.0.2.1/opam                     | 2 +-
 packages/doi2bib/doi2bib.0.3.0/opam                     | 2 +-
 packages/doi2bib/doi2bib.0.3.1/opam                     | 2 +-
 packages/doi2bib/doi2bib.0.4.0/opam                     | 2 +-
 packages/doi2bib/doi2bib.0.5.1/opam                     | 2 +-
 packages/doi2bib/doi2bib.0.5.2/opam                     | 2 +-
 packages/doi2bib/doi2bib.0.6.0/opam                     | 2 +-
 packages/doi2bib/doi2bib.0.6.1/opam                     | 2 +-
 packages/doi2bib/doi2bib.0.6.2/opam                     | 2 +-
 packages/dropbox/dropbox.0.2/opam                       | 2 +-
 packages/ez_api/ez_api.0.1.0/opam                       | 1 +
 packages/ez_api/ez_api.1.0.0/opam                       | 1 +
 packages/ez_api/ez_api.1.1.1/opam                       | 1 +
 packages/ez_api/ez_api.1.2.0/opam                       | 1 +
 packages/ez_api/ez_api.2.0.0/opam                       | 1 +
 packages/ez_api/ez_api.2.1.0/opam                       | 1 +
 packages/git-mirage/git-mirage.2.0.0/opam               | 2 +-
 packages/git-mirage/git-mirage.2.1.0/opam               | 2 +-
 packages/git-mirage/git-mirage.2.1.1/opam               | 2 +-
 packages/git-mirage/git-mirage.2.1.2/opam               | 2 +-
 packages/git-mirage/git-mirage.2.1.3/opam               | 2 +-
 packages/git-mirage/git-mirage.3.10.0/opam              | 4 ++--
 packages/git-mirage/git-mirage.3.10.1/opam              | 4 ++--
 packages/git-mirage/git-mirage.3.11.0/opam              | 4 ++--
 packages/git-mirage/git-mirage.3.12.0/opam              | 4 ++--
 packages/git-mirage/git-mirage.3.13.0/opam              | 4 ++--
 packages/git-mirage/git-mirage.3.14.0/opam              | 4 ++--
 packages/git-mirage/git-mirage.3.15.0/opam              | 4 ++--
 packages/git-mirage/git-mirage.3.16.0/opam              | 4 ++--
 packages/git-mirage/git-mirage.3.16.1/opam              | 4 ++--
 packages/git-mirage/git-mirage.3.6.0/opam               | 2 +-
 packages/git-mirage/git-mirage.3.7.0/opam               | 4 ++--
 packages/git-mirage/git-mirage.3.7.1/opam               | 4 ++--
 packages/git-mirage/git-mirage.3.8.0/opam               | 4 ++--
 packages/git-mirage/git-mirage.3.8.1/opam               | 4 ++--
 packages/git-mirage/git-mirage.3.9.0/opam               | 4 ++--
 packages/git-mirage/git-mirage.3.9.1/opam               | 4 ++--
 packages/git-paf/git-paf.3.10.0/opam                    | 4 ++--
 packages/git-paf/git-paf.3.10.1/opam                    | 4 ++--
 packages/git-paf/git-paf.3.11.0/opam                    | 4 ++--
 packages/git-paf/git-paf.3.12.0/opam                    | 4 ++--
 packages/git-paf/git-paf.3.13.0/opam                    | 4 ++--
 packages/git-paf/git-paf.3.14.0/opam                    | 4 ++--
 packages/git-paf/git-paf.3.15.0/opam                    | 4 ++--
 packages/git-paf/git-paf.3.16.0/opam                    | 4 ++--
 packages/git-paf/git-paf.3.16.1/opam                    | 4 ++--
 packages/git-paf/git-paf.3.5.0/opam                     | 4 ++--
 packages/git-paf/git-paf.3.6.0/opam                     | 4 ++--
 packages/git-paf/git-paf.3.7.0/opam                     | 4 ++--
 packages/git-paf/git-paf.3.7.1/opam                     | 4 ++--
 packages/git-paf/git-paf.3.8.0/opam                     | 4 ++--
 packages/git-paf/git-paf.3.8.1/opam                     | 4 ++--
 packages/git-paf/git-paf.3.9.0/opam                     | 4 ++--
 packages/git-paf/git-paf.3.9.1/opam                     | 4 ++--
 packages/git-unix/git-unix.2.0.0/opam                   | 2 +-
 packages/git-unix/git-unix.2.1.1/opam                   | 2 +-
 packages/git-unix/git-unix.2.1.2/opam                   | 2 +-
 packages/git-unix/git-unix.2.1.3/opam                   | 2 +-
 packages/git-unix/git-unix.3.10.0/opam                  | 4 ++--
 packages/git-unix/git-unix.3.10.1/opam                  | 4 ++--
 packages/git-unix/git-unix.3.11.0/opam                  | 4 ++--
 packages/git-unix/git-unix.3.12.0/opam                  | 4 ++--
 packages/git-unix/git-unix.3.13.0/opam                  | 4 ++--
 packages/git-unix/git-unix.3.14.0/opam                  | 4 ++--
 packages/git-unix/git-unix.3.15.0/opam                  | 4 ++--
 packages/git-unix/git-unix.3.16.0/opam                  | 2 +-
 packages/git-unix/git-unix.3.16.1/opam                  | 2 +-
 packages/git-unix/git-unix.3.5.0/opam                   | 4 ++--
 packages/git-unix/git-unix.3.6.0/opam                   | 4 ++--
 packages/git-unix/git-unix.3.7.0/opam                   | 4 ++--
 packages/git-unix/git-unix.3.7.1/opam                   | 4 ++--
 packages/git-unix/git-unix.3.8.0/opam                   | 4 ++--
 packages/git-unix/git-unix.3.8.1/opam                   | 4 ++--
 packages/git-unix/git-unix.3.9.0/opam                   | 4 ++--
 packages/git-unix/git-unix.3.9.1/opam                   | 4 ++--
 packages/git/git.2.0.0/opam                             | 2 +-
 packages/git/git.2.1.0/opam                             | 2 +-
 packages/git/git.2.1.1/opam                             | 2 +-
 packages/git/git.2.1.2/opam                             | 2 +-
 packages/git/git.2.1.3/opam                             | 2 +-
 packages/github-unix/github-unix.3.0.0/opam             | 2 +-
 packages/github-unix/github-unix.3.0.1/opam             | 2 +-
 packages/github/github.2.0.0/opam                       | 2 +-
 packages/github/github.2.0.1/opam                       | 2 +-
 packages/github/github.2.0.2/opam                       | 2 +-
 packages/github/github.2.0.3/opam                       | 2 +-
 packages/github/github.2.1.0/opam                       | 2 +-
 packages/github/github.2.2.0/opam                       | 2 +-
 packages/github/github.2.3.0/opam                       | 2 +-
 packages/gitlab-unix/gitlab-unix.0.1.0/opam             | 2 +-
 packages/gitlab-unix/gitlab-unix.0.1.1/opam             | 2 +-
 packages/gitlab-unix/gitlab-unix.0.1.2/opam             | 2 +-
 packages/gitlab-unix/gitlab-unix.0.1.3/opam             | 2 +-
 packages/gitlab-unix/gitlab-unix.0.1.4/opam             | 2 +-
 packages/gitlab-unix/gitlab-unix.0.1.5/opam             | 2 +-
 packages/gitlab-unix/gitlab-unix.0.1.6/opam             | 2 +-
 packages/gitlab-unix/gitlab-unix.0.1.7/opam             | 2 +-
 packages/gitlab-unix/gitlab-unix.0.1.8/opam             | 2 +-
 packages/gluten-async/gluten-async.0.3.0/opam           | 3 +++
 packages/gluten-async/gluten-async.0.4.0/opam           | 3 +++
 packages/gluten-async/gluten-async.0.4.1/opam           | 3 +++
 packages/gluten-async/gluten-async.0.5.0/opam           | 3 +++
 packages/gluten-async/gluten-async.0.5.1/opam           | 3 +++
 packages/gluten-lwt-unix/gluten-lwt-unix.0.4.1/opam     | 3 +++
 packages/gluten-lwt-unix/gluten-lwt-unix.0.5.0/opam     | 3 +++
 packages/gluten-lwt-unix/gluten-lwt-unix.0.5.1/opam     | 3 +++
 packages/grpc-examples/grpc-examples.0.2.0/opam         | 2 +-
 packages/h2-async/h2-async.0.10.0/opam                  | 3 +++
 packages/h2-async/h2-async.0.11.0/opam                  | 3 +++
 packages/h2-async/h2-async.0.12.0/opam                  | 3 +++
 packages/h2-lwt-unix/h2-lwt-unix.0.10.0/opam            | 3 +++
 packages/h2-lwt-unix/h2-lwt-unix.0.11.0/opam            | 3 +++
 packages/h2-lwt-unix/h2-lwt-unix.0.12.0/opam            | 3 +++
 packages/h2-lwt-unix/h2-lwt-unix.0.6.0/opam             | 3 +++
 packages/h2-lwt-unix/h2-lwt-unix.0.6.1/opam             | 3 +++
 packages/h2-lwt-unix/h2-lwt-unix.0.8.0/opam             | 3 +++
 packages/h2-lwt-unix/h2-lwt-unix.0.9.0/opam             | 3 +++
 packages/http-lwt-client/http-lwt-client.0.2.2/opam     | 4 ++--
 packages/http-lwt-client/http-lwt-client.0.2.3/opam     | 4 ++--
 packages/http-lwt-client/http-lwt-client.0.2.4/opam     | 4 ++--
 packages/http-lwt-client/http-lwt-client.0.2.5/opam     | 4 ++--
 packages/http-lwt-client/http-lwt-client.0.2.6/opam     | 4 ++--
 packages/imaplet-lwt/imaplet-lwt.0.1.14/opam            | 2 +-
 packages/imaplet-lwt/imaplet-lwt.0.1.15/opam            | 2 +-
 packages/imaplet-lwt/imaplet-lwt.0.1.8/opam             | 2 +-
 packages/imaplet-lwt/imaplet-lwt.0.1.9/opam             | 2 +-
 packages/ip2locationio/ip2locationio.1.0.0/opam         | 2 +-
 packages/ip2whois/ip2whois.1.0.0/opam                   | 2 +-
 packages/irc-client-tls/irc-client-tls.0.6.0/opam       | 2 +-
 packages/irc-client-tls/irc-client-tls.0.6.1/opam       | 2 +-
 packages/irc-client-tls/irc-client-tls.0.6.2/opam       | 2 +-
 packages/irc-client-tls/irc-client-tls.0.7.1/opam       | 2 +-
 packages/ldp_tls/ldp_tls.0.1.0/opam                     | 4 ++--
 packages/ldp_tls/ldp_tls.0.2.0/opam                     | 4 ++--
 packages/letters/letters.0.3.3/opam                     | 4 ++--
 packages/links/links.0.9.6/opam                         | 2 +-
 packages/links/links.0.9.7/opam                         | 2 +-
 packages/links/links.0.9.8/opam                         | 2 +-
 packages/logs-syslog/logs-syslog.0.3.0/opam             | 1 +
 packages/logs-syslog/logs-syslog.0.3.1/opam             | 1 +
 packages/logs-syslog/logs-syslog.0.3.2/opam             | 2 ++
 packages/logs-syslog/logs-syslog.0.4.0/opam             | 2 ++
 packages/mehari-eio/mehari-eio.0.1/opam                 | 4 ++--
 packages/mehari-eio/mehari-eio.0.2/opam                 | 4 ++--
 packages/mehari-eio/mehari-eio.0.3/opam                 | 4 ++--
 packages/mehari-eio/mehari-eio.0.4/opam                 | 4 ++--
 packages/mehari-mirage/mehari-mirage.0.1/opam           | 2 +-
 packages/mehari-mirage/mehari-mirage.0.2/opam           | 4 ++--
 packages/mehari-mirage/mehari-mirage.0.3/opam           | 4 ++--
 packages/mehari-mirage/mehari-mirage.0.4/opam           | 4 ++--
 packages/mehari/mehari.0.3/opam                         | 2 +-
 packages/mehari/mehari.0.4/opam                         | 2 +-
 packages/mirror/mirror.0.0.1/opam                       | 2 +-
 packages/mqtt/mqtt.0.2.2/opam                           | 4 ++--
 packages/octez-node/octez-node.15.0/opam                | 2 +-
 packages/octez-node/octez-node.15.1/opam                | 2 +-
 packages/octez-node/octez-node.16.0/opam                | 2 +-
 packages/octez-node/octez-node.16.1/opam                | 2 +-
 packages/octez-node/octez-node.17.1/opam                | 2 +-
 packages/octez-node/octez-node.17.2/opam                | 2 +-
 packages/octez-node/octez-node.17.3/opam                | 2 +-
 packages/octez-node/octez-node.18.0/opam                | 2 +-
 packages/octez-node/octez-node.18.1/opam                | 2 +-
 packages/octez-node/octez-node.19.0/opam                | 2 +-
 packages/octez-node/octez-node.19.1/opam                | 2 +-
 packages/octez-node/octez-node.20.1/opam                | 2 +-
 packages/opam-publish/opam-publish.0.3.5/opam           | 2 +-
 packages/opam-publish/opam-publish.2.0.0/opam           | 2 +-
 packages/opam-publish/opam-publish.2.0.0~beta/opam      | 2 +-
 packages/opam-publish/opam-publish.2.0.1/opam           | 2 +-
 packages/opam-publish/opam-publish.2.0.2/opam           | 2 +-
 packages/opam-publish/opam-publish.2.0.3/opam           | 2 +-
 packages/paf-le/paf-le.0.0.4/opam                       | 2 +-
 packages/paf-le/paf-le.0.0.5/opam                       | 2 +-
 packages/paf-le/paf-le.0.0.6/opam                       | 2 +-
 packages/paf-le/paf-le.0.0.7/opam                       | 2 +-
 packages/paf-le/paf-le.0.0.8-1/opam                     | 2 +-
 packages/paf-le/paf-le.0.0.8/opam                       | 2 +-
 packages/paf-le/paf-le.0.0.9/opam                       | 2 +-
 packages/paf-le/paf-le.0.1.0/opam                       | 2 +-
 packages/paf-le/paf-le.0.2.0/opam                       | 2 +-
 packages/paf-le/paf-le.0.3.0/opam                       | 2 +-
 packages/paf-le/paf-le.0.4.0/opam                       | 2 +-
 packages/paf/paf.0.0.2/opam                             | 4 ++--
 packages/paf/paf.0.0.3/opam                             | 2 +-
 packages/paf/paf.0.0.4/opam                             | 2 +-
 packages/paf/paf.0.0.6/opam                             | 4 ++--
 packages/paf/paf.0.0.7/opam                             | 4 ++--
 packages/paf/paf.0.0.8-1/opam                           | 4 ++--
 packages/paf/paf.0.0.8/opam                             | 4 ++--
 packages/paf/paf.0.0.9/opam                             | 4 ++--
 packages/paf/paf.0.1.0/opam                             | 4 ++--
 packages/paf/paf.0.2.0/opam                             | 4 ++--
 packages/paf/paf.0.3.0/opam                             | 4 ++--
 packages/paf/paf.0.4.0/opam                             | 4 ++--
 packages/paf/paf.0.5.0/opam                             | 4 ++--
 packages/paf/paf.0.6.0/opam                             | 4 ++--
 packages/quests/quests.0.1.3/opam                       | 2 +-
 packages/sendmail-lwt/sendmail-lwt.0.8.0/opam           | 4 ++--
 packages/sendmail-lwt/sendmail-lwt.0.8.1/opam           | 4 ++--
 packages/sendmail/sendmail.0.8.1/opam                   | 2 +-
 packages/sihl-core/sihl-core.0.2.0/opam                 | 2 +-
 packages/sihl-core/sihl-core.0.2.1/opam                 | 2 +-
 packages/sihl-core/sihl-core.0.2.2/opam                 | 2 +-
 packages/sihl-core/sihl-core.0.3.0~rc1/opam             | 2 +-
 packages/sihl/sihl.0.0.56/opam                          | 2 +-
 packages/sihl/sihl.0.1.0/opam                           | 2 +-
 packages/sihl/sihl.0.1.1/opam                           | 2 +-
 packages/sihl/sihl.0.1.2/opam                           | 2 +-
 packages/sihl/sihl.0.1.3/opam                           | 2 +-
 packages/sihl/sihl.0.1.4/opam                           | 2 +-
 packages/sihl/sihl.0.1.5/opam                           | 2 +-
 packages/sihl/sihl.0.3.0/opam                           | 2 +-
 packages/sihl/sihl.0.3.0~rc2/opam                       | 2 +-
 packages/sihl/sihl.0.4.0/opam                           | 2 +-
 packages/sihl/sihl.0.4.1/opam                           | 2 +-
 packages/sihl/sihl.0.5.0/opam                           | 2 +-
 packages/sihl/sihl.0.6.0~rc1/opam                       | 2 +-
 packages/sihl/sihl.1.0.0/opam                           | 2 +-
 packages/sihl/sihl.1.0.0~rc1/opam                       | 2 +-
 packages/sihl/sihl.1.0.0~rc2/opam                       | 2 +-
 packages/sihl/sihl.1.0.0~rc3/opam                       | 2 +-
 packages/sihl/sihl.1.0.1/opam                           | 2 +-
 packages/sihl/sihl.2.0.0/opam                           | 2 +-
 packages/sihl/sihl.2.0.1/opam                           | 2 +-
 packages/sihl/sihl.3.0.0/opam                           | 2 +-
 packages/sihl/sihl.3.0.1/opam                           | 2 +-
 packages/sihl/sihl.3.0.2/opam                           | 2 +-
 packages/sihl/sihl.3.0.3/opam                           | 2 +-
 packages/sihl/sihl.3.0.4/opam                           | 2 +-
 packages/sihl/sihl.3.0.5/opam                           | 2 +-
 packages/slacko/slacko.0.13.0/opam                      | 2 +-
 packages/slacko/slacko.0.14.1/opam                      | 2 +-
 packages/slacko/slacko.0.15.0/opam                      | 2 +-
 packages/starred_ml/starred_ml.0.0.2/opam               | 2 +-
 packages/starred_ml/starred_ml.0.0.3/opam               | 2 +-
 packages/starred_ml/starred_ml.0.0.4/opam               | 2 +-
 packages/starred_ml/starred_ml.0.0.5/opam               | 2 +-
 packages/syndic/syndic.1.5.1/opam                       | 2 +-
 packages/syndic/syndic.1.5.2/opam                       | 2 +-
 packages/syndic/syndic.1.5.3/opam                       | 2 +-
 packages/syndic/syndic.1.5/opam                         | 2 +-
 packages/tezos-node/tezos-node.10.2/opam                | 2 +-
 packages/tezos-node/tezos-node.11.0/opam                | 2 +-
 packages/tezos-node/tezos-node.11.1/opam                | 2 +-
 packages/tezos-node/tezos-node.12.0/opam                | 2 +-
 packages/tezos-node/tezos-node.12.3/opam                | 2 +-
 packages/tezos-node/tezos-node.13.0/opam                | 2 +-
 packages/tezos-node/tezos-node.14.0/opam                | 2 +-
 packages/tezos-node/tezos-node.7.0/opam                 | 2 +-
 packages/tezos-node/tezos-node.7.1/opam                 | 2 +-
 packages/tezos-node/tezos-node.7.2/opam                 | 2 +-
 packages/tezos-node/tezos-node.7.3/opam                 | 2 +-
 packages/tezos-node/tezos-node.7.4/opam                 | 2 +-
 packages/tezos-node/tezos-node.8.0/opam                 | 2 +-
 packages/tezos-node/tezos-node.8.1/opam                 | 2 +-
 packages/tezos-node/tezos-node.8.2/opam                 | 2 +-
 packages/tezos-node/tezos-node.8.3/opam                 | 2 +-
 packages/tezos-node/tezos-node.9.1/opam                 | 2 +-
 packages/tezos-node/tezos-node.9.2/opam                 | 2 +-
 packages/tezos-node/tezos-node.9.3/opam                 | 2 +-
 packages/tezos-node/tezos-node.9.4/opam                 | 2 +-
 packages/tezos-node/tezos-node.9.7/opam                 | 2 +-
 packages/tls-liquidsoap/tls-liquidsoap.1/opam           | 2 +-
 packages/tlstunnel/tlstunnel.0.1.3/opam                 | 2 +-
 packages/tlstunnel/tlstunnel.0.2.0/opam                 | 2 +-
 packages/wcs-api/wcs-api.2017-05-26.02/opam             | 2 +-
 422 files changed, 572 insertions(+), 487 deletions(-)

[01;34m(from ocaml/opam:debian-12-ocaml-4.14@sha256:69ef0774f5cbddd472ab7b4ed241ca72bff5d63eddde00603b6501d0e4e60b3f)[0m
[01;2m[01;35m2024-08-20 18:30.48 ---> using "3b0157ebb129531d5cf79767d1ddda107d4a5cf477561a94cf78dbb40f9e3848" from cache[0m

[01;34m/: (user (uid 1000) (gid 1000))[0m

[01;34m/: (workdir /home/opam)[0m

[01;34m/home/opam: (run (shell "sudo ln -f /usr/bin/opam-2.0 /usr/bin/opam"))[0m
[01;2m[01;35m2024-08-20 18:30.48 ---> using "79c106300ca6dfa1929b1395bc8544eff3246041b4dbf8629ffc85f910209138" from cache[0m

[01;34m/home/opam: (run (network host)
                 (shell "opam init --reinit --config .opamrc-sandbox -ni"))[0m
[NOTE] Will configure from /home/opam/.opamrc-sandbox, then /home/opam/.opamrc, and finally from built-in defaults.
Checking for available remotes: rsync and local, git.
  - you won't be able to use mercurial repositories unless you install the hg command on your system.
  - you won't be able to use darcs repositories unless you install the darcs command on your system.

[WARNING] Recommended dependencies -- most packages rely on these:
  - m4

<><> Updating repositories ><><><><><><><><><><><><><><><><><><><><><><><><><><>
[default] synchronised from file:///home/opam/opam-repository
default (at file:///home/opam/opam-repository): 
    [INFO] opam 2.1 and 2.2 include many performance improvements over 2.0; please consider upgrading (https://opam.ocaml.org/doc/Install.html)

[01;2m[01;35m2024-08-20 18:30.48 ---> using "7ee0fe244cb0395ed58fbd56293e42b12173e454d525f3371e3a3ed64e61ec52" from cache[0m

[01;34m/home/opam: (run (shell "uname -rs && opam exec -- ocaml -version && opam --version"))[0m
Linux 5.15.0-117-generic
The OCaml toplevel, version 4.14.2
2.0.10
[01;2m[01;35m2024-08-20 18:30.48 ---> using "ce4f82d3be04e0d3b2ef786ad6bc8eacf1a34a1b7010e945d4a0e4c802e44466" from cache[0m

[01;34m/home/opam: (env OPAMDOWNLOADJOBS 1)[0m

[01;34m/home/opam: (env OPAMERRLOGLEN 0)[0m

[01;34m/home/opam: (env OPAMSOLVERTIMEOUT 500)[0m

[01;34m/home/opam: (env OPAMPRECISETRACKING 1)[0m

[01;34m/home/opam: (env CI true)[0m

[01;34m/home/opam: (env OPAM_REPO_CI true)[0m

[01;34m/home/opam: (run (shell "rm -rf opam-repository/"))[0m
[01;2m[01;35m2024-08-20 18:30.48 ---> using "41e61e4a57f987064a5d96ea088982e86ea5bb4b8ddc367a38a8ab0015b171ee" from cache[0m

[01;34m/home/opam: (copy (src .) (dst opam-repository/))[0m
[01;2m[01;35m2024-08-20 18:30.50 ---> using "c028356d66cb730eeba9b312bd34d3ac88b4839177738aa6b1b00819823407e7" from cache[0m

[01;34m/home/opam: (run (shell "opam repository set-url --strict default opam-repository/"))[0m
[default] Initialised
default (at file:///home/opam/opam-repository): 
    [INFO] opam 2.1 and 2.2 include many performance improvements over 2.0; please consider upgrading (https://opam.ocaml.org/doc/Install.html)

[01;2m[01;35m2024-08-20 18:30.50 ---> using "b8c6cab480e0c53ec7511a5f1468f40cb49e3f49270ed86ecd8d90d5e28bc79f" from cache[0m

[01;34m/home/opam: (run (network host)
                 (shell "opam depext -u || true"))[0m
# Detecting depexts using vars: arch=x86_64, os=linux, os-distribution=debian, os-family=debian
# No extra OS packages requirements found.
# All required OS packages found.
The following command needs to be run through "sudo":
    apt-get update
Hit:1 http://deb.debian.org/debian bookworm InRelease
Get:2 http://deb.debian.org/debian bookworm-updates InRelease [55.4 kB]
Get:3 http://deb.debian.org/debian-security bookworm-security InRelease [48.0 kB]
Get:4 http://deb.debian.org/debian-security bookworm-security/main amd64 Packages [170 kB]
Fetched 273 kB in 0s (1035 kB/s)
Reading package lists...
# OS package update successful
[01;2m[01;35m2024-08-20 18:30.50 ---> using "7a4bc3e2f9ccb0c14890d7e8d4347aba0a4130e06cc5a1b482d99bef9326a472" from cache[0m

[01;34m/home/opam: (run (shell "opam pin add -k version -yn conduit-mirage.6.2.3 6.2.3"))[0m
conduit-mirage is now pinned to version 6.2.3
[01;2m[01;35m2024-08-20 18:30.50 ---> using "0e8ec1615698d5437def8b1feebd19c5d13300b77edc9c57b09ed0a1be77585b" from cache[0m

[01;34m/home/opam: (run (cache (opam-archives (target /home/opam/.opam/download-cache)))
                 (network host)
                 (shell  "opam depext conduit-mirage.6.2.3 && opam reinstall conduit-mirage.6.2.3;\
                        \n        res=$?;\
                        \n        test \"$res\" != 31 && exit \"$res\";\
                        \n        export OPAMCLI=2.0;\
                        \n        build_dir=$(opam var prefix)/.opam-switch/build;\
                        \n        failed=$(ls \"$build_dir\");\
                        \n        partial_fails=\"\";\
                        \n        for pkg in $failed; do\
                        \n          if opam show -f x-ci-accept-failures: \"$pkg\" | grep -qF \"\\\"debian-12\\\"\"; then\
                        \n            echo \"A package failed and has been disabled for CI using the 'x-ci-accept-failures' field.\";\
                        \n          fi;\
                        \n          test \"$pkg\" != 'conduit-mirage.6.2.3' && partial_fails=\"$partial_fails $pkg\";\
                        \n        done;\
                        \n        test \"${partial_fails}\" != \"\" && echo \"opam-repo-ci detected dependencies failing: ${partial_fails}\";\
                        \n        exit 1"))[0m
# Detecting depexts using vars: arch=x86_64, os=linux, os-distribution=debian, os-family=debian
# The following system packages are needed:
libgmp-dev
pkg-config
The following command needs to be run through "sudo":
    apt-get install -qq -yy libgmp-dev pkg-config
debconf: delaying package configuration, since apt-utils is not installed
Selecting previously unselected package libgmpxx4ldbl:amd64.
(Reading database ... (Reading database ... 5%(Reading database ... 10%(Reading database ... 15%(Reading database ... 20%(Reading database ... 25%(Reading database ... 30%(Reading database ... 35%(Reading database ... 40%(Reading database ... 45%(Reading database ... 50%(Reading database ... 55%(Reading database ... 60%(Reading database ... 65%(Reading database ... 70%(Reading database ... 75%(Reading database ... 80%(Reading database ... 85%(Reading database ... 90%(Reading database ... 95%(Reading database ... 100%(Reading database ... 18734 files and directories currently installed.)
Preparing to unpack .../0-libgmpxx4ldbl_2%3a6.2.1+dfsg1-1.1_amd64.deb ...
Unpacking libgmpxx4ldbl:amd64 (2:6.2.1+dfsg1-1.1) ...
Selecting previously unselected package libgmp-dev:amd64.
Preparing to unpack .../1-libgmp-dev_2%3a6.2.1+dfsg1-1.1_amd64.deb ...
Unpacking libgmp-dev:amd64 (2:6.2.1+dfsg1-1.1) ...
Selecting previously unselected package libpkgconf3:amd64.
Preparing to unpack .../2-libpkgconf3_1.8.1-1_amd64.deb ...
Unpacking libpkgconf3:amd64 (1.8.1-1) ...
Selecting previously unselected package pkgconf-bin.
Preparing to unpack .../3-pkgconf-bin_1.8.1-1_amd64.deb ...
Unpacking pkgconf-bin (1.8.1-1) ...
Selecting previously unselected package pkgconf:amd64.
Preparing to unpack .../4-pkgconf_1.8.1-1_amd64.deb ...
Unpacking pkgconf:amd64 (1.8.1-1) ...
Selecting previously unselected package pkg-config:amd64.
Preparing to unpack .../5-pkg-config_1.8.1-1_amd64.deb ...
Unpacking pkg-config:amd64 (1.8.1-1) ...
Setting up libpkgconf3:amd64 (1.8.1-1) ...
Setting up libgmpxx4ldbl:amd64 (2:6.2.1+dfsg1-1.1) ...
Setting up pkgconf-bin (1.8.1-1) ...
Setting up libgmp-dev:amd64 (2:6.2.1+dfsg1-1.1) ...
Setting up pkgconf:amd64 (1.8.1-1) ...
Setting up pkg-config:amd64 (1.8.1-1) ...
Processing triggers for libc-bin (2.36-9+deb12u7) ...
# OS packages installation successful
conduit-mirage.6.2.3 is not installed. Install it? [Y/n] y
[ERROR] Sorry, resolution of the request timed out.
        Try to specify a simpler request, use a different solver, or increase the allowed time by setting OPAMSOLVERTIMEOUT to a bigger value (currently, it is set to 500.0 seconds).
"/usr/bin/env" "bash" "-c" "opam depext conduit-mirage.6.2.3 && opam reinstall conduit-mirage.6.2.3;
        res=$?;
        test "$res" != 31 && exit "$res";
        export OPAMCLI=2.0;
        build_dir=$(opam var prefix)/.opam-switch/build;
        failed=$(ls "$build_dir");
        partial_fails="";
        for pkg in $failed; do
          if opam show -f x-ci-accept-failures: "$pkg" | grep -qF "\"debian-12\""; then
            echo "A package failed and has been disabled for CI using the 'x-ci-accept-failures' field.";
          fi;
          test "$pkg" != 'conduit-mirage.6.2.3' && partial_fails="$partial_fails $pkg";
        done;
        test "${partial_fails}" != "" && echo "opam-repo-ci detected dependencies failing: ${partial_fails}";
        exit 1" failed with exit status 60
2024-08-20 18:39.46: Job failed: Failed: Build failed
2024-08-20 18:39.46: Log analysis:
2024-08-20 18:39.46: >>> 
[ERROR] Sorry, resolution of the request timed out.
 (score = 20)
2024-08-20 18:39.46: Sorry, resolution of the request timed out.
