2024-05-31 08:56.08: New job: test mimic-happy-eyeballs.0.0.8, using opam 2.0
                              from https://github.com/ocaml/opam-repository.git#refs/pull/25989/head (b29a7a36ea0ce65c0d2b4f05b80f540294cc6438)
                              on debian-12-ocaml-4.14/amd64

To reproduce locally:

cd $(mktemp -d)
git clone --recursive "https://github.com/ocaml/opam-repository.git" && cd "opam-repository" && git fetch origin "refs/pull/25989/head" && git reset --hard b29a7a36
git fetch origin master
git merge --no-edit b502ec76fdb55f39820205a616d8878dd563c110
cat > ../Dockerfile <<'END-OF-DOCKERFILE'
[34mFROM ocaml/opam:debian-12-ocaml-4.14@sha256:2ba69112cb856b702920b505b82a8fab331d2c9d9406c7f3b9f4adb73637666c
USER 1000:1000
WORKDIR /home/opam
RUN sudo ln -f /usr/bin/opam-2.0 /usr/bin/opam
RUN opam init --reinit -ni
RUN uname -rs && opam exec -- ocaml -version && opam --version
ENV OPAMDOWNLOADJOBS="1"
ENV OPAMERRLOGLEN="0"
ENV OPAMSOLVERTIMEOUT="500"
ENV OPAMPRECISETRACKING="1"
ENV CI="true"
ENV OPAM_REPO_CI="true"
RUN rm -rf opam-repository/
COPY --chown=1000:1000 . opam-repository/
RUN opam repository set-url --strict default opam-repository/
RUN opam depext -u || true
RUN opam pin add -k version -yn mimic-happy-eyeballs.0.0.8 0.0.8
RUN opam depext mimic-happy-eyeballs.0.0.8 && opam reinstall mimic-happy-eyeballs.0.0.8; \
    res=$?; \
    test "$res" != 31 && exit "$res"; \
    export OPAMCLI=2.0; \
    build_dir=$(opam var prefix)/.opam-switch/build; \
    failed=$(ls "$build_dir"); \
    partial_fails=""; \
    for pkg in $failed; do \
    if opam show -f x-ci-accept-failures: "$pkg" | grep -qF "\"debian-12\""; then \
    echo "A package failed and has been disabled for CI using the 'x-ci-accept-failures' field."; \
    fi; \
    test "$pkg" != 'mimic-happy-eyeballs.0.0.8' && partial_fails="$partial_fails $pkg"; \
    done; \
    test "${partial_fails}" != "" && echo "opam-repo-ci detected dependencies failing: ${partial_fails}"; \
    exit 1
RUN (opam depext --with-test mimic-happy-eyeballs.0.0.8 && opam reinstall --with-test mimic-happy-eyeballs.0.0.8) || true
RUN opam depext --with-test mimic-happy-eyeballs.0.0.8 && opam reinstall --with-test --verbose mimic-happy-eyeballs.0.0.8; \
    res=$?; \
    test "$res" != 31 && exit "$res"; \
    export OPAMCLI=2.0; \
    build_dir=$(opam var prefix)/.opam-switch/build; \
    failed=$(ls "$build_dir"); \
    partial_fails=""; \
    for pkg in $failed; do \
    if opam show -f x-ci-accept-failures: "$pkg" | grep -qF "\"debian-12\""; then \
    echo "A package failed and has been disabled for CI using the 'x-ci-accept-failures' field."; \
    fi; \
    test "$pkg" != 'mimic-happy-eyeballs.0.0.8' && partial_fails="$partial_fails $pkg"; \
    done; \
    test "${partial_fails}" != "" && echo "opam-repo-ci detected dependencies failing: ${partial_fails}"; \
    exit 1
[0m
END-OF-DOCKERFILE
docker build -f ../Dockerfile .

2024-05-31 08:56.08: Using cache hint "ocaml/opam:debian-12-ocaml-4.14@sha256:2ba69112cb856b702920b505b82a8fab331d2c9d9406c7f3b9f4adb73637666c-mimic-happy-eyeballs.0.0.8-b29a7a36ea0ce65c0d2b4f05b80f540294cc6438"
2024-05-31 08:56.08: Using OBuilder spec:
((from ocaml/opam:debian-12-ocaml-4.14@sha256:2ba69112cb856b702920b505b82a8fab331d2c9d9406c7f3b9f4adb73637666c)
 (user (uid 1000) (gid 1000))
 (workdir /home/opam)
 (run (shell "sudo ln -f /usr/bin/opam-2.0 /usr/bin/opam"))
 (run (network host)
      (shell "opam init --reinit --config .opamrc-sandbox -ni"))
 (run (shell "uname -rs && opam exec -- ocaml -version && opam --version"))
 (env OPAMDOWNLOADJOBS 1)
 (env OPAMERRLOGLEN 0)
 (env OPAMSOLVERTIMEOUT 500)
 (env OPAMPRECISETRACKING 1)
 (env CI true)
 (env OPAM_REPO_CI true)
 (run (shell "rm -rf opam-repository/"))
 (copy (src .) (dst opam-repository/))
 (run (shell "opam repository set-url --strict default opam-repository/"))
 (run (network host)
      (shell "opam depext -u || true"))
 (run (shell "opam pin add -k version -yn mimic-happy-eyeballs.0.0.8 0.0.8"))
 (run (cache (opam-archives (target /home/opam/.opam/download-cache)))
      (network host)
      (shell  "opam depext mimic-happy-eyeballs.0.0.8 && opam reinstall mimic-happy-eyeballs.0.0.8;\
             \n        res=$?;\
             \n        test \"$res\" != 31 && exit \"$res\";\
             \n        export OPAMCLI=2.0;\
             \n        build_dir=$(opam var prefix)/.opam-switch/build;\
             \n        failed=$(ls \"$build_dir\");\
             \n        partial_fails=\"\";\
             \n        for pkg in $failed; do\
             \n          if opam show -f x-ci-accept-failures: \"$pkg\" | grep -qF \"\\\"debian-12\\\"\"; then\
             \n            echo \"A package failed and has been disabled for CI using the 'x-ci-accept-failures' field.\";\
             \n          fi;\
             \n          test \"$pkg\" != 'mimic-happy-eyeballs.0.0.8' && partial_fails=\"$partial_fails $pkg\";\
             \n        done;\
             \n        test \"${partial_fails}\" != \"\" && echo \"opam-repo-ci detected dependencies failing: ${partial_fails}\";\
             \n        exit 1"))
 (run (network host)
      (shell "(opam depext --with-test mimic-happy-eyeballs.0.0.8 && opam reinstall --with-test mimic-happy-eyeballs.0.0.8) || true"))
 (run (shell  "opam depext --with-test mimic-happy-eyeballs.0.0.8 && opam reinstall --with-test --verbose mimic-happy-eyeballs.0.0.8;\
             \n        res=$?;\
             \n        test \"$res\" != 31 && exit \"$res\";\
             \n        export OPAMCLI=2.0;\
             \n        build_dir=$(opam var prefix)/.opam-switch/build;\
             \n        failed=$(ls \"$build_dir\");\
             \n        partial_fails=\"\";\
             \n        for pkg in $failed; do\
             \n          if opam show -f x-ci-accept-failures: \"$pkg\" | grep -qF \"\\\"debian-12\\\"\"; then\
             \n            echo \"A package failed and has been disabled for CI using the 'x-ci-accept-failures' field.\";\
             \n          fi;\
             \n          test \"$pkg\" != 'mimic-happy-eyeballs.0.0.8' && partial_fails=\"$partial_fails $pkg\";\
             \n        done;\
             \n        test \"${partial_fails}\" != \"\" && echo \"opam-repo-ci detected dependencies failing: ${partial_fails}\";\
             \n        exit 1"))
)

2024-05-31 08:56.08: Waiting for resource in pool OCluster
2024-05-31 09:15.26: Waiting for worker…
2024-05-31 09:20.20: Got resource from pool OCluster
Building on doris.caelum.ci.dev
All commits already cached
Updating files:  90% (28320/31401)Updating files:  91% (28575/31401)Updating files:  92% (28889/31401)Updating files:  93% (29203/31401)Updating files:  94% (29517/31401)Updating files:  95% (29831/31401)Updating files:  96% (30145/31401)Updating files:  97% (30459/31401)Updating files:  98% (30773/31401)Updating files:  99% (31087/31401)Updating files: 100% (31401/31401)Updating files: 100% (31401/31401), done.
HEAD is now at b502ec76fd Merge pull request #25973 from jmid/expand-conf-neko
Updating b502ec76fd..b29a7a36ea
Fast-forward
 .../mimic-happy-eyeballs.0.0.8/opam                | 29 +++++++++++++++++
 packages/mimic/mimic.0.0.8/opam                    | 38 ++++++++++++++++++++++
 2 files changed, 67 insertions(+)
 create mode 100644 packages/mimic-happy-eyeballs/mimic-happy-eyeballs.0.0.8/opam
 create mode 100644 packages/mimic/mimic.0.0.8/opam

[01;34m(from ocaml/opam:debian-12-ocaml-4.14@sha256:2ba69112cb856b702920b505b82a8fab331d2c9d9406c7f3b9f4adb73637666c)[0m
[01;2m[01;35m2024-05-31 09:20.22 ---> using "48fcd9b686ae3e44ef60a164ef8db6e11e86f168703f26fb1315f899c9c53662" from cache[0m

[01;34m/: (user (uid 1000) (gid 1000))[0m

[01;34m/: (workdir /home/opam)[0m

[01;34m/home/opam: (run (shell "sudo ln -f /usr/bin/opam-2.0 /usr/bin/opam"))[0m
[01;2m[01;35m2024-05-31 09:20.22 ---> using "10a191612ba91acdc9470e0518320d3fa1e903db88cd1be8d35dc78c8042841f" from cache[0m

[01;34m/home/opam: (run (network host)
                 (shell "opam init --reinit --config .opamrc-sandbox -ni"))[0m
[NOTE] Will configure from /home/opam/.opamrc-sandbox, then /home/opam/.opamrc, and finally from built-in defaults.
Checking for available remotes: rsync and local, git.
  - you won't be able to use mercurial repositories unless you install the hg command on your system.
  - you won't be able to use darcs repositories unless you install the darcs command on your system.

[WARNING] Recommended dependencies -- most packages rely on these:
  - m4

<><> Updating repositories ><><><><><><><><><><><><><><><><><><><><><><><><><><>
[default] synchronised from file:///home/opam/opam-repository
default (at file:///home/opam/opam-repository): 
    [INFO] opam 2.1 includes many performance improvements over 2.0; please consider upgrading (https://opam.ocaml.org/doc/Install.html)

[01;2m[01;35m2024-05-31 09:20.22 ---> using "7ddb12175bce0dcccc132300c19096dc83ef42e5aaecbb0d36fce392f4ba0e38" from cache[0m

[01;34m/home/opam: (run (shell "uname -rs && opam exec -- ocaml -version && opam --version"))[0m
Linux 5.15.0-107-generic
The OCaml toplevel, version 4.14.2
2.0.10
[01;2m[01;35m2024-05-31 09:20.22 ---> using "59545dfc860c18f63ed87e235b64e0b63937ca04dbfc9a16786fe7f63f60e3aa" from cache[0m

[01;34m/home/opam: (env OPAMDOWNLOADJOBS 1)[0m

[01;34m/home/opam: (env OPAMERRLOGLEN 0)[0m

[01;34m/home/opam: (env OPAMSOLVERTIMEOUT 500)[0m

[01;34m/home/opam: (env OPAMPRECISETRACKING 1)[0m

[01;34m/home/opam: (env CI true)[0m

[01;34m/home/opam: (env OPAM_REPO_CI true)[0m

[01;34m/home/opam: (run (shell "rm -rf opam-repository/"))[0m
[01;2m[01;35m2024-05-31 09:20.22 ---> using "235b7c81f219dcf170c9f8cdf4a9859708afcd86e77f5f77612095883a34d7bb" from cache[0m

[01;34m/home/opam: (copy (src .) (dst opam-repository/))[0m
[01;2m[01;35m2024-05-31 09:20.23 ---> using "c96d80ccb740a933d87fe89d1d4b9918dc770ba47ee391a2713f624aeb89f5f9" from cache[0m

[01;34m/home/opam: (run (shell "opam repository set-url --strict default opam-repository/"))[0m
[default] Initialised
default (at file:///home/opam/opam-repository): 
    [INFO] opam 2.1 includes many performance improvements over 2.0; please consider upgrading (https://opam.ocaml.org/doc/Install.html)

[01;2m[01;35m2024-05-31 09:20.39 ---> saved as "66cbf79b28a9fb2c372ee00324ae5c6fda87e448c893dbff9bf0c14805452c6a"[0m

[01;34m/home/opam: (run (network host)
                 (shell "opam depext -u || true"))[0m
# Detecting depexts using vars: arch=x86_64, os=linux, os-distribution=debian, os-family=debian
# No extra OS packages requirements found.
# All required OS packages found.
The following command needs to be run through "sudo":
    apt-get update
Hit:1 http://deb.debian.org/debian bookworm InRelease
Get:2 http://deb.debian.org/debian bookworm-updates InRelease [55.4 kB]
Get:3 http://deb.debian.org/debian-security bookworm-security InRelease [48.0 kB]
Get:4 http://deb.debian.org/debian-security bookworm-security/main amd64 Packages [157 kB]
Fetched 261 kB in 0s (1010 kB/s)
Reading package lists...
# OS package update successful
[01;2m[01;35m2024-05-31 09:20.41 ---> saved as "d5533ab73987ada05187365f1dcf51ed5990d4c4bcef57e273ca652026f8e012"[0m

[01;34m/home/opam: (run (shell "opam pin add -k version -yn mimic-happy-eyeballs.0.0.8 0.0.8"))[0m
mimic-happy-eyeballs is now pinned to version 0.0.8
[01;2m[01;35m2024-05-31 09:20.41 ---> saved as "35ca09cafcc9a72b19d28d99fd240a9324f6675cefbd2607f6510c8016ad31ec"[0m

[01;34m/home/opam: (run (cache (opam-archives (target /home/opam/.opam/download-cache)))
                 (network host)
                 (shell  "opam depext mimic-happy-eyeballs.0.0.8 && opam reinstall mimic-happy-eyeballs.0.0.8;\
                        \n        res=$?;\
                        \n        test \"$res\" != 31 && exit \"$res\";\
                        \n        export OPAMCLI=2.0;\
                        \n        build_dir=$(opam var prefix)/.opam-switch/build;\
                        \n        failed=$(ls \"$build_dir\");\
                        \n        partial_fails=\"\";\
                        \n        for pkg in $failed; do\
                        \n          if opam show -f x-ci-accept-failures: \"$pkg\" | grep -qF \"\\\"debian-12\\\"\"; then\
                        \n            echo \"A package failed and has been disabled for CI using the 'x-ci-accept-failures' field.\";\
                        \n          fi;\
                        \n          test \"$pkg\" != 'mimic-happy-eyeballs.0.0.8' && partial_fails=\"$partial_fails $pkg\";\
                        \n        done;\
                        \n        test \"${partial_fails}\" != \"\" && echo \"opam-repo-ci detected dependencies failing: ${partial_fails}\";\
                        \n        exit 1"))[0m
# Detecting depexts using vars: arch=x86_64, os=linux, os-distribution=debian, os-family=debian
# No extra OS packages requirements found.
# All required OS packages found.
mimic-happy-eyeballs.0.0.8 is not installed. Install it? [Y/n] y
[ERROR] Sorry, resolution of the request timed out.
        Try to specify a simpler request, use a different solver, or increase the allowed time by setting OPAMSOLVERTIMEOUT to a bigger value (currently, it is set to 500.0 seconds).
"/usr/bin/env" "bash" "-c" "opam depext mimic-happy-eyeballs.0.0.8 && opam reinstall mimic-happy-eyeballs.0.0.8;
        res=$?;
        test "$res" != 31 && exit "$res";
        export OPAMCLI=2.0;
        build_dir=$(opam var prefix)/.opam-switch/build;
        failed=$(ls "$build_dir");
        partial_fails="";
        for pkg in $failed; do
          if opam show -f x-ci-accept-failures: "$pkg" | grep -qF "\"debian-12\""; then
            echo "A package failed and has been disabled for CI using the 'x-ci-accept-failures' field.";
          fi;
          test "$pkg" != 'mimic-happy-eyeballs.0.0.8' && partial_fails="$partial_fails $pkg";
        done;
        test "${partial_fails}" != "" && echo "opam-repo-ci detected dependencies failing: ${partial_fails}";
        exit 1" failed with exit status 60
2024-05-31 09:29.51: Job failed: Failed: Build failed
2024-05-31 09:29.51: Log analysis:
2024-05-31 09:29.51: >>> 
[ERROR] Sorry, resolution of the request timed out.
 (score = 20)
2024-05-31 09:29.51: Sorry, resolution of the request timed out.
