2024-04-02 15:30.56: New job: test irmin-http.2.7.2 with dune.3.15.0~alpha2, using opam dev
                              from https://github.com/ocaml/opam-repository.git#refs/pull/25605/head (b4e2a77fefb73d21f5c7e73a6aee5b2fc1497b5b)
                              on debian-12-ocaml-4.14/amd64

To reproduce locally:

cd $(mktemp -d)
git clone --recursive "https://github.com/ocaml/opam-repository.git" && cd "opam-repository" && git fetch origin "refs/pull/25605/head" && git reset --hard b4e2a77f
git fetch origin master
git merge --no-edit 689abe198230df164170b233c08b7722d4fea5b3
cat > ../Dockerfile <<'END-OF-DOCKERFILE'
[34mFROM ocaml/opam:debian-12-ocaml-4.14@sha256:0dd1dc965b8045fcfbe1a07fcb004834a38383954f5b5223336cfb934b468552
USER 1000:1000
WORKDIR /home/opam
RUN sudo ln -f /usr/bin/opam-dev /usr/bin/opam
RUN opam init --reinit -ni
RUN uname -rs && opam exec -- ocaml -version && opam --version
ENV OPAMDOWNLOADJOBS="1"
ENV OPAMERRLOGLEN="0"
ENV OPAMSOLVERTIMEOUT="500"
ENV OPAMPRECISETRACKING="1"
ENV CI="true"
ENV OPAM_REPO_CI="true"
RUN rm -rf opam-repository/
COPY --chown=1000:1000 . opam-repository/
RUN opam repository set-url --strict default opam-repository/
RUN opam update --depexts || true
ENV OPAMCRITERIA="-removed,-count[avoid-version,changed],-count[version-lag,request],-count[version-lag,changed],-count[missing-depexts,changed],-changed"
ENV OPAMFIXUPCRITERIA="-removed,-count[avoid-version,changed],-count[version-lag,request],-count[version-lag,changed],-count[missing-depexts,changed],-changed"
ENV OPAMUPGRADECRITERIA="-removed,-count[avoid-version,changed],-count[version-lag,request],-count[version-lag,changed],-count[missing-depexts,changed],-changed"
RUN opam pin add -k version -yn dune.3.15.0~alpha2 3.15.0~alpha2
RUN opam reinstall dune.3.15.0~alpha2; \
    res=$?; \
    test "$res" != 31 && exit "$res"; \
    export OPAMCLI=2.0; \
    build_dir=$(opam var prefix)/.opam-switch/build; \
    failed=$(ls "$build_dir"); \
    partial_fails=""; \
    for pkg in $failed; do \
    if opam show -f x-ci-accept-failures: "$pkg" | grep -qF "\"debian-12\""; then \
    echo "A package failed and has been disabled for CI using the 'x-ci-accept-failures' field."; \
    fi; \
    test "$pkg" != 'dune.3.15.0~alpha2' && partial_fails="$partial_fails $pkg"; \
    done; \
    test "${partial_fails}" != "" && echo "opam-repo-ci detected dependencies failing: ${partial_fails}"; \
    exit 1
ENV OPAMCRITERIA="-removed,-count[avoid-version,changed],-count[version-lag,request],-count[version-lag,changed],-count[missing-depexts,changed],-changed"
ENV OPAMFIXUPCRITERIA="-removed,-count[avoid-version,changed],-count[version-lag,request],-count[version-lag,changed],-count[missing-depexts,changed],-changed"
ENV OPAMUPGRADECRITERIA="-removed,-count[avoid-version,changed],-count[version-lag,request],-count[version-lag,changed],-count[missing-depexts,changed],-changed"
RUN opam reinstall irmin-http.2.7.2; \
    res=$?; \
    test "$res" != 31 && exit "$res"; \
    export OPAMCLI=2.0; \
    build_dir=$(opam var prefix)/.opam-switch/build; \
    failed=$(ls "$build_dir"); \
    partial_fails=""; \
    for pkg in $failed; do \
    if opam show -f x-ci-accept-failures: "$pkg" | grep -qF "\"debian-12\""; then \
    echo "A package failed and has been disabled for CI using the 'x-ci-accept-failures' field."; \
    fi; \
    test "$pkg" != 'irmin-http.2.7.2' && partial_fails="$partial_fails $pkg"; \
    done; \
    test "${partial_fails}" != "" && echo "opam-repo-ci detected dependencies failing: ${partial_fails}"; \
    exit 1
ENV OPAMCRITERIA="-removed,-count[avoid-version,changed],-count[version-lag,request],-count[version-lag,changed],-count[missing-depexts,changed],-changed"
ENV OPAMFIXUPCRITERIA="-removed,-count[avoid-version,changed],-count[version-lag,request],-count[version-lag,changed],-count[missing-depexts,changed],-changed"
ENV OPAMUPGRADECRITERIA="-removed,-count[avoid-version,changed],-count[version-lag,request],-count[version-lag,changed],-count[missing-depexts,changed],-changed"
RUN (opam reinstall --with-test irmin-http.2.7.2) || true
RUN opam reinstall --with-test --verbose irmin-http.2.7.2; \
    res=$?; \
    test "$res" != 31 && exit "$res"; \
    export OPAMCLI=2.0; \
    build_dir=$(opam var prefix)/.opam-switch/build; \
    failed=$(ls "$build_dir"); \
    partial_fails=""; \
    for pkg in $failed; do \
    if opam show -f x-ci-accept-failures: "$pkg" | grep -qF "\"debian-12\""; then \
    echo "A package failed and has been disabled for CI using the 'x-ci-accept-failures' field."; \
    fi; \
    test "$pkg" != 'irmin-http.2.7.2' && partial_fails="$partial_fails $pkg"; \
    done; \
    test "${partial_fails}" != "" && echo "opam-repo-ci detected dependencies failing: ${partial_fails}"; \
    exit 1
[0m
END-OF-DOCKERFILE
docker build -f ../Dockerfile .

2024-04-02 15:30.56: Using cache hint "ocaml/opam:debian-12-ocaml-4.14@sha256:0dd1dc965b8045fcfbe1a07fcb004834a38383954f5b5223336cfb934b468552-dune.3.15.0~alpha2-irmin-http.2.7.2-b4e2a77fefb73d21f5c7e73a6aee5b2fc1497b5b"
2024-04-02 15:30.56: Using OBuilder spec:
((from ocaml/opam:debian-12-ocaml-4.14@sha256:0dd1dc965b8045fcfbe1a07fcb004834a38383954f5b5223336cfb934b468552)
 (user (uid 1000) (gid 1000))
 (workdir /home/opam)
 (run (shell "sudo ln -f /usr/bin/opam-dev /usr/bin/opam"))
 (run (network host)
      (shell "opam init --reinit --config .opamrc-sandbox -ni"))
 (run (shell "uname -rs && opam exec -- ocaml -version && opam --version"))
 (env OPAMDOWNLOADJOBS 1)
 (env OPAMERRLOGLEN 0)
 (env OPAMSOLVERTIMEOUT 500)
 (env OPAMPRECISETRACKING 1)
 (env CI true)
 (env OPAM_REPO_CI true)
 (run (shell "rm -rf opam-repository/"))
 (copy (src .) (dst opam-repository/))
 (run (shell "opam repository set-url --strict default opam-repository/"))
 (run (network host)
      (shell "opam update --depexts || true"))
 (env OPAMCRITERIA -removed,-count[avoid-version,changed],-count[version-lag,request],-count[version-lag,changed],-count[missing-depexts,changed],-changed)
 (env OPAMFIXUPCRITERIA -removed,-count[avoid-version,changed],-count[version-lag,request],-count[version-lag,changed],-count[missing-depexts,changed],-changed)
 (env OPAMUPGRADECRITERIA -removed,-count[avoid-version,changed],-count[version-lag,request],-count[version-lag,changed],-count[missing-depexts,changed],-changed)
 (run (shell "opam pin add -k version -yn dune.3.15.0~alpha2 3.15.0~alpha2"))
 (run (cache (opam-archives (target /home/opam/.opam/download-cache)))
      (network host)
      (shell  "opam reinstall dune.3.15.0~alpha2;\
             \n        res=$?;\
             \n        test \"$res\" != 31 && exit \"$res\";\
             \n        export OPAMCLI=2.0;\
             \n        build_dir=$(opam var prefix)/.opam-switch/build;\
             \n        failed=$(ls \"$build_dir\");\
             \n        partial_fails=\"\";\
             \n        for pkg in $failed; do\
             \n          if opam show -f x-ci-accept-failures: \"$pkg\" | grep -qF \"\\\"debian-12\\\"\"; then\
             \n            echo \"A package failed and has been disabled for CI using the 'x-ci-accept-failures' field.\";\
             \n          fi;\
             \n          test \"$pkg\" != 'dune.3.15.0~alpha2' && partial_fails=\"$partial_fails $pkg\";\
             \n        done;\
             \n        test \"${partial_fails}\" != \"\" && echo \"opam-repo-ci detected dependencies failing: ${partial_fails}\";\
             \n        exit 1"))
 (env OPAMCRITERIA -removed,-count[avoid-version,changed],-count[version-lag,request],-count[version-lag,changed],-count[missing-depexts,changed],-changed)
 (env OPAMFIXUPCRITERIA -removed,-count[avoid-version,changed],-count[version-lag,request],-count[version-lag,changed],-count[missing-depexts,changed],-changed)
 (env OPAMUPGRADECRITERIA -removed,-count[avoid-version,changed],-count[version-lag,request],-count[version-lag,changed],-count[missing-depexts,changed],-changed)
 (run (cache (opam-archives (target /home/opam/.opam/download-cache)))
      (network host)
      (shell  "opam reinstall irmin-http.2.7.2;\
             \n        res=$?;\
             \n        test \"$res\" != 31 && exit \"$res\";\
             \n        export OPAMCLI=2.0;\
             \n        build_dir=$(opam var prefix)/.opam-switch/build;\
             \n        failed=$(ls \"$build_dir\");\
             \n        partial_fails=\"\";\
             \n        for pkg in $failed; do\
             \n          if opam show -f x-ci-accept-failures: \"$pkg\" | grep -qF \"\\\"debian-12\\\"\"; then\
             \n            echo \"A package failed and has been disabled for CI using the 'x-ci-accept-failures' field.\";\
             \n          fi;\
             \n          test \"$pkg\" != 'irmin-http.2.7.2' && partial_fails=\"$partial_fails $pkg\";\
             \n        done;\
             \n        test \"${partial_fails}\" != \"\" && echo \"opam-repo-ci detected dependencies failing: ${partial_fails}\";\
             \n        exit 1"))
 (env OPAMCRITERIA -removed,-count[avoid-version,changed],-count[version-lag,request],-count[version-lag,changed],-count[missing-depexts,changed],-changed)
 (env OPAMFIXUPCRITERIA -removed,-count[avoid-version,changed],-count[version-lag,request],-count[version-lag,changed],-count[missing-depexts,changed],-changed)
 (env OPAMUPGRADECRITERIA -removed,-count[avoid-version,changed],-count[version-lag,request],-count[version-lag,changed],-count[missing-depexts,changed],-changed)
 (run (network host)
      (shell "(opam reinstall --with-test irmin-http.2.7.2) || true"))
 (run (shell  "opam reinstall --with-test --verbose irmin-http.2.7.2;\
             \n        res=$?;\
             \n        test \"$res\" != 31 && exit \"$res\";\
             \n        export OPAMCLI=2.0;\
             \n        build_dir=$(opam var prefix)/.opam-switch/build;\
             \n        failed=$(ls \"$build_dir\");\
             \n        partial_fails=\"\";\
             \n        for pkg in $failed; do\
             \n          if opam show -f x-ci-accept-failures: \"$pkg\" | grep -qF \"\\\"debian-12\\\"\"; then\
             \n            echo \"A package failed and has been disabled for CI using the 'x-ci-accept-failures' field.\";\
             \n          fi;\
             \n          test \"$pkg\" != 'irmin-http.2.7.2' && partial_fails=\"$partial_fails $pkg\";\
             \n        done;\
             \n        test \"${partial_fails}\" != \"\" && echo \"opam-repo-ci detected dependencies failing: ${partial_fails}\";\
             \n        exit 1"))
)

2024-04-02 15:30.56: Waiting for resource in pool OCluster
2024-04-03 01:23.08: Waiting for worker…
2024-04-03 01:26.09: Got resource from pool OCluster
Building on doris.caelum.ci.dev
All commits already cached
Updating files:  83% (28005/33428)Updating files:  84% (28080/33428)Updating files:  85% (28414/33428)Updating files:  86% (28749/33428)Updating files:  87% (29083/33428)Updating files:  88% (29417/33428)Updating files:  89% (29751/33428)Updating files:  90% (30086/33428)Updating files:  91% (30420/33428)Updating files:  92% (30754/33428)Updating files:  93% (31089/33428)Updating files:  94% (31423/33428)Updating files:  95% (31757/33428)Updating files:  96% (32091/33428)Updating files:  97% (32426/33428)Updating files:  98% (32760/33428)Updating files:  99% (33094/33428)Updating files: 100% (33428/33428)Updating files: 100% (33428/33428), done.
HEAD is now at 689abe1982 Merge pull request #24314 from Khady/release-argon2-1.0.2
Merge made by the 'ort' strategy.
 .../chrome-trace/chrome-trace.3.15.0~alpha2/opam   | 40 +++++++++++++++
 .../dune-action-plugin.3.15.0~alpha2/opam          | 53 ++++++++++++++++++++
 .../dune-build-info.3.15.0~alpha2/opam             | 46 +++++++++++++++++
 .../dune-configurator.3.15.0~alpha2/opam           | 50 +++++++++++++++++++
 packages/dune-glob/dune-glob.3.15.0~alpha2/opam    | 43 ++++++++++++++++
 .../dune-private-libs.3.15.0~alpha2/opam           | 51 +++++++++++++++++++
 .../dune-rpc-lwt/dune-rpc-lwt.3.15.0~alpha2/opam   | 42 ++++++++++++++++
 packages/dune-rpc/dune-rpc.3.15.0~alpha2/opam      | 44 +++++++++++++++++
 packages/dune-site/dune-site.3.15.0~alpha2/opam    | 38 +++++++++++++++
 packages/dune/dune.3.15.0~alpha2/opam              | 57 ++++++++++++++++++++++
 packages/dyn/dyn.3.15.0~alpha2/opam                | 41 ++++++++++++++++
 packages/ocamlc-loc/ocamlc-loc.3.15.0~alpha2/opam  | 44 +++++++++++++++++
 packages/ordering/ordering.3.15.0~alpha2/opam      | 39 +++++++++++++++
 packages/stdune/stdune.3.15.0~alpha2/opam          | 45 +++++++++++++++++
 packages/xdg/xdg.3.15.0~alpha2/opam                | 40 +++++++++++++++
 15 files changed, 673 insertions(+)
 create mode 100644 packages/chrome-trace/chrome-trace.3.15.0~alpha2/opam
 create mode 100644 packages/dune-action-plugin/dune-action-plugin.3.15.0~alpha2/opam
 create mode 100644 packages/dune-build-info/dune-build-info.3.15.0~alpha2/opam
 create mode 100644 packages/dune-configurator/dune-configurator.3.15.0~alpha2/opam
 create mode 100644 packages/dune-glob/dune-glob.3.15.0~alpha2/opam
 create mode 100644 packages/dune-private-libs/dune-private-libs.3.15.0~alpha2/opam
 create mode 100644 packages/dune-rpc-lwt/dune-rpc-lwt.3.15.0~alpha2/opam
 create mode 100644 packages/dune-rpc/dune-rpc.3.15.0~alpha2/opam
 create mode 100644 packages/dune-site/dune-site.3.15.0~alpha2/opam
 create mode 100644 packages/dune/dune.3.15.0~alpha2/opam
 create mode 100644 packages/dyn/dyn.3.15.0~alpha2/opam
 create mode 100644 packages/ocamlc-loc/ocamlc-loc.3.15.0~alpha2/opam
 create mode 100644 packages/ordering/ordering.3.15.0~alpha2/opam
 create mode 100644 packages/stdune/stdune.3.15.0~alpha2/opam
 create mode 100644 packages/xdg/xdg.3.15.0~alpha2/opam

[01;34m(from ocaml/opam:debian-12-ocaml-4.14@sha256:0dd1dc965b8045fcfbe1a07fcb004834a38383954f5b5223336cfb934b468552)[0m
[01;2m[01;35m2024-04-03 01:27.22 ---> using "83ced5f1fa33e1d1da003d32d9203f9025ac626cb8382be4aa05ad365a31a099" from cache[0m

[01;34m/: (user (uid 1000) (gid 1000))[0m

[01;34m/: (workdir /home/opam)[0m

[01;34m/home/opam: (run (shell "sudo ln -f /usr/bin/opam-dev /usr/bin/opam"))[0m
[01;2m[01;35m2024-04-03 01:27.22 ---> using "9f3e8d7f20c7f86a8eba785cf96177a5a8fd6dd9cdf2592ab1f5606eb31f603c" from cache[0m

[01;34m/home/opam: (run (network host)
                 (shell "opam init --reinit --config .opamrc-sandbox -ni"))[0m
Configuring from /home/opam/.opamrc-sandbox, then /home/opam/.opamrc, and finally from built-in defaults.
Checking for available remotes: rsync and local, git.
  - you won't be able to use mercurial repositories unless you install the hg command on your system.
  - you won't be able to use darcs repositories unless you install the darcs command on your system.

This development version of opam requires an update to the layout of /home/opam/.opam from version 2.0 to version 2.2~alpha, which can't be reverted.
You may want to back it up before going further.

Continue? [y/n] y
Format upgrade done.

<><> Updating repositories ><><><><><><><><><><><><><><><><><><><><><><><><><><>
[default] synchronised from file:///home/opam/opam-repository
[01;2m[01;35m2024-04-03 01:27.22 ---> using "f724dea46baec8fa3c00be4b320ebba471178d83ab39e7821ed33cac0b10cb37" from cache[0m

[01;34m/home/opam: (run (shell "uname -rs && opam exec -- ocaml -version && opam --version"))[0m
Linux 5.15.0-101-generic
The OCaml toplevel, version 4.14.2
2.2.0~beta2~dev
[01;2m[01;35m2024-04-03 01:27.22 ---> using "6af11855521a495400af6feed849c4d7ed5225dc8bdc95d4ed23f5906e560167" from cache[0m

[01;34m/home/opam: (env OPAMDOWNLOADJOBS 1)[0m

[01;34m/home/opam: (env OPAMERRLOGLEN 0)[0m

[01;34m/home/opam: (env OPAMSOLVERTIMEOUT 500)[0m

[01;34m/home/opam: (env OPAMPRECISETRACKING 1)[0m

[01;34m/home/opam: (env CI true)[0m

[01;34m/home/opam: (env OPAM_REPO_CI true)[0m

[01;34m/home/opam: (run (shell "rm -rf opam-repository/"))[0m
[01;2m[01;35m2024-04-03 01:27.23 ---> using "4736fc6c01ef3d01831e4ce151eddb0d99058cbab8764d6e4b2ed75479ad458e" from cache[0m

[01;34m/home/opam: (copy (src .) (dst opam-repository/))[0m
[01;2m[01;35m2024-04-03 01:27.24 ---> using "ac8085d0c706f908f3cd25d082621c4a06069938a0db662957e17ca4a220d9ec" from cache[0m

[01;34m/home/opam: (run (shell "opam repository set-url --strict default opam-repository/"))[0m
[default] Initialised
[01;2m[01;35m2024-04-03 01:27.24 ---> using "749024d04781725eaccad3a0321b25ab5bbaa399c309b1a6a5d9106d7fa72e65" from cache[0m

[01;34m/home/opam: (run (network host)
                 (shell "opam update --depexts || true"))[0m
+ /usr/bin/sudo "apt-get" "update"
- Hit:1 http://deb.debian.org/debian bookworm InRelease
- Get:2 http://deb.debian.org/debian bookworm-updates InRelease [55.4 kB]
- Get:3 http://deb.debian.org/debian-security bookworm-security InRelease [48.0 kB]
- Get:4 http://deb.debian.org/debian-security bookworm-security/main amd64 Packages [150 kB]
- Fetched 253 kB in 1s (454 kB/s)
- Reading package lists...
- 
[01;2m[01;35m2024-04-03 01:27.24 ---> using "2f420a5ad31f81b1c8492175db64ee692d8ba1ed5fe80d1fee6acb4a16ee9a56" from cache[0m

[01;34m/home/opam: (env OPAMCRITERIA -removed,-count[avoid-version,changed],-count[version-lag,request],-count[version-lag,changed],-count[missing-depexts,changed],-changed)[0m

[01;34m/home/opam: (env OPAMFIXUPCRITERIA -removed,-count[avoid-version,changed],-count[version-lag,request],-count[version-lag,changed],-count[missing-depexts,changed],-changed)[0m

[01;34m/home/opam: (env OPAMUPGRADECRITERIA -removed,-count[avoid-version,changed],-count[version-lag,request],-count[version-lag,changed],-count[missing-depexts,changed],-changed)[0m

[01;34m/home/opam: (run (shell "opam pin add -k version -yn dune.3.15.0~alpha2 3.15.0~alpha2"))[0m
dune is now pinned to version 3.15.0~alpha2
[01;2m[01;35m2024-04-03 01:27.24 ---> using "349ef0d04c21374a23b410f5746d6cbe2ec0496a9391c88c45ccdcea994ba6b3" from cache[0m

[01;34m/home/opam: (run (cache (opam-archives (target /home/opam/.opam/download-cache)))
                 (network host)
                 (shell  "opam reinstall dune.3.15.0~alpha2;\
                        \n        res=$?;\
                        \n        test \"$res\" != 31 && exit \"$res\";\
                        \n        export OPAMCLI=2.0;\
                        \n        build_dir=$(opam var prefix)/.opam-switch/build;\
                        \n        failed=$(ls \"$build_dir\");\
                        \n        partial_fails=\"\";\
                        \n        for pkg in $failed; do\
                        \n          if opam show -f x-ci-accept-failures: \"$pkg\" | grep -qF \"\\\"debian-12\\\"\"; then\
                        \n            echo \"A package failed and has been disabled for CI using the 'x-ci-accept-failures' field.\";\
                        \n          fi;\
                        \n          test \"$pkg\" != 'dune.3.15.0~alpha2' && partial_fails=\"$partial_fails $pkg\";\
                        \n        done;\
                        \n        test \"${partial_fails}\" != \"\" && echo \"opam-repo-ci detected dependencies failing: ${partial_fails}\";\
                        \n        exit 1"))[0m
dune.3.15.0~alpha2 is not installed. Install it? [y/n] y
The following actions will be performed:
=== install 1 package
  - install dune 3.15.0~alpha2 (pinned)

<><> Processing actions <><><><><><><><><><><><><><><><><><><><><><><><><><><><>
-> retrieved dune.3.15.0~alpha2  (cached)
-> installed dune.3.15.0~alpha2
Done.
# Run eval $(opam env) to update the current shell environment
[01;2m[01;35m2024-04-03 01:27.24 ---> using "4f5620356b55cace0d4487d68f54ea7c4a5497523a2a3c45ade45db2b064b621" from cache[0m

[01;34m/home/opam: (env OPAMCRITERIA -removed,-count[avoid-version,changed],-count[version-lag,request],-count[version-lag,changed],-count[missing-depexts,changed],-changed)[0m

[01;34m/home/opam: (env OPAMFIXUPCRITERIA -removed,-count[avoid-version,changed],-count[version-lag,request],-count[version-lag,changed],-count[missing-depexts,changed],-changed)[0m

[01;34m/home/opam: (env OPAMUPGRADECRITERIA -removed,-count[avoid-version,changed],-count[version-lag,request],-count[version-lag,changed],-count[missing-depexts,changed],-changed)[0m

[01;34m/home/opam: (run (cache (opam-archives (target /home/opam/.opam/download-cache)))
                 (network host)
                 (shell  "opam reinstall irmin-http.2.7.2;\
                        \n        res=$?;\
                        \n        test \"$res\" != 31 && exit \"$res\";\
                        \n        export OPAMCLI=2.0;\
                        \n        build_dir=$(opam var prefix)/.opam-switch/build;\
                        \n        failed=$(ls \"$build_dir\");\
                        \n        partial_fails=\"\";\
                        \n        for pkg in $failed; do\
                        \n          if opam show -f x-ci-accept-failures: \"$pkg\" | grep -qF \"\\\"debian-12\\\"\"; then\
                        \n            echo \"A package failed and has been disabled for CI using the 'x-ci-accept-failures' field.\";\
                        \n          fi;\
                        \n          test \"$pkg\" != 'irmin-http.2.7.2' && partial_fails=\"$partial_fails $pkg\";\
                        \n        done;\
                        \n        test \"${partial_fails}\" != \"\" && echo \"opam-repo-ci detected dependencies failing: ${partial_fails}\";\
                        \n        exit 1"))[0m
irmin-http.2.7.2 is not installed. Install it? [y/n] y
The following actions will be performed:
=== install 51 packages
  - install angstrom            0.16.0        [required by uri]
  - install astring             0.8.5         [required by irmin-http]
  - install base                v0.16.3       [required by ppx_sexp_conv]
  - install base-bytes          base          [required by cohttp]
  - install base64              3.5.1         [required by cohttp]
  - install bheap               2.0.0         [required by irmin]
  - install bigstringaf         0.9.1         [required by angstrom]
  - install cmdliner            1.2.0         [required by crunch]
  - install cohttp              5.3.1         [required by irmin-http]
  - install cohttp-lwt          5.3.0         [required by irmin-http]
  - install conf-bash           1             [required by base]
  - install cppo                1.6.9         [required by lwt]
  - install crunch              3.3.1         [required by irmin-http]
  - install csexp               1.5.2         [required by dune-configurator]
  - install cstruct             6.2.0         [required by eqaf]
  - install digestif            1.2.0         [required by irmin]
  - install dispatch            0.5.0         [required by webmachine]
  - install dune-configurator   3.15.0~alpha2 [required by base, lwt]
  - install either              1.0.0         [required by repr]
  - install eqaf                0.9           [required by digestif]
  - install fmt                 0.9.0         [required by irmin-http]
  - install irmin               2.7.2         [required by irmin-http]
  - install irmin-http          2.7.2
  - install jsonm               1.0.2         [required by irmin-http]
  - install logs                0.7.0         [required by irmin-http]
  - install lwt                 5.7.0         [required by irmin-http]
  - install ocaml-compiler-libs v0.12.4       [required by ppxlib]
  - install ocaml-syntax-shims  1.0.0         [required by angstrom]
  - install ocamlbuild          0.14.3        [required by astring]
  - install ocamlfind           1.9.6         [required by astring]
  - install ocamlgraph          2.1.0         [required by irmin]
  - install ocplib-endian       1.2           [required by lwt]
  - install ppx_derivers        1.2.1         [required by ppxlib]
  - install ppx_deriving        5.2.1         [required by ppx_repr]
  - install ppx_irmin           2.7.2         [required by irmin-http]
  - install ppx_repr            0.4.0         [required by ppx_irmin]
  - install ppx_sexp_conv       v0.16.0       [required by cohttp, cohttp-lwt]
  - install ppxlib              0.32.0        [required by ppx_sexp_conv]
  - install ptime               1.1.0         [required by crunch, webmachine]
  - install re                  1.11.0        [required by cohttp, webmachine]
  - install repr                0.4.0         [required by irmin]
  - install result              1.5           [required by dispatch]
  - install seq                 base          [required by re]
  - install sexplib0            v0.16.0       [required by cohttp, cohttp-lwt]
  - install stdlib-shims        0.3.0         [required by ocamlgraph]
  - install stringext           1.6.0         [required by cohttp]
  - install topkg               1.0.7         [required by astring]
  - install uri                 4.4.0         [required by irmin-http]
  - install uri-sexp            4.4.0         [required by cohttp]
  - install uutf                1.0.3         [required by irmin]
  - install webmachine          0.7.0         [required by irmin-http]

<><> Processing actions <><><><><><><><><><><><><><><><><><><><><><><><><><><><>
-> retrieved angstrom.0.16.0  (cached)
-> retrieved astring.0.8.5  (cached)
-> retrieved base.v0.16.3  (cached)
-> retrieved base64.3.5.1  (cached)
-> retrieved bheap.2.0.0  (cached)
-> retrieved bigstringaf.0.9.1  (cached)
-> retrieved cmdliner.1.2.0  (cached)
-> retrieved cohttp.5.3.1  (cached)
-> retrieved cohttp-lwt.5.3.0  (cached)
-> retrieved cppo.1.6.9  (cached)
-> retrieved crunch.3.3.1  (cached)
-> retrieved csexp.1.5.2  (cached)
-> installed bheap.2.0.0
-> installed conf-bash.1
-> retrieved cstruct.6.2.0  (cached)
-> installed base64.3.5.1
-> installed csexp.1.5.2
-> retrieved digestif.1.2.0  (cached)
-> retrieved dispatch.0.5.0  (cached)
-> installed cppo.1.6.9
-> retrieved dune-configurator.3.15.0~alpha2  (cached)
-> retrieved either.1.0.0  (cached)
-> retrieved eqaf.0.9  (cached)
-> retrieved fmt.0.9.0  (cached)
-> retrieved irmin.2.7.2, irmin-http.2.7.2, ppx_irmin.2.7.2  (cached)
-> installed cmdliner.1.2.0
-> retrieved jsonm.1.0.2  (cached)
-> retrieved logs.0.7.0  (cached)
-> installed either.1.0.0
-> retrieved lwt.5.7.0  (cached)
-> retrieved ocaml-compiler-libs.v0.12.4  (cached)
-> retrieved ocaml-syntax-shims.1.0.0  (cached)
-> retrieved ocamlbuild.0.14.3  (cached)
-> retrieved ocamlfind.1.9.6  (cached)
-> retrieved ocamlgraph.2.1.0  (cached)
-> retrieved ocplib-endian.1.2  (cached)
-> retrieved ppx_derivers.1.2.1  (cached)
-> retrieved ppx_deriving.5.2.1  (cached)
-> retrieved ppx_repr.0.4.0, repr.0.4.0  (cached)
-> retrieved ppx_sexp_conv.v0.16.0  (cached)
-> installed ppx_derivers.1.2.1
-> retrieved ppxlib.0.32.0  (cached)
-> retrieved ptime.1.1.0  (cached)
-> retrieved re.1.11.0  (cached)
-> retrieved result.1.5  (cached)
-> installed seq.base
-> retrieved sexplib0.v0.16.0  (cached)
-> retrieved stdlib-shims.0.3.0  (cached)
-> retrieved stringext.1.6.0  (cached)
-> retrieved topkg.1.0.7  (cached)
-> retrieved uri.4.4.0, uri-sexp.4.4.0  (cached)
-> retrieved uutf.1.0.3  (cached)
-> retrieved webmachine.0.7.0  (cached)
-> installed dune-configurator.3.15.0~alpha2
-> installed ocaml-syntax-shims.1.0.0
-> installed stdlib-shims.0.3.0
-> installed ocaml-compiler-libs.v0.12.4
-> installed result.1.5
-> installed stringext.1.6.0
-> installed dispatch.0.5.0
-> installed sexplib0.v0.16.0
-> installed bigstringaf.0.9.1
-> installed re.1.11.0
-> installed angstrom.0.16.0
-> installed ocamlgraph.2.1.0
-> installed ocamlfind.1.9.6
-> installed base-bytes.base
-> installed ocplib-endian.1.2
-> installed uri.4.4.0
-> installed ocamlbuild.0.14.3
-> installed base.v0.16.3
-> installed lwt.5.7.0
-> installed topkg.1.0.7
-> installed uutf.1.0.3
-> installed fmt.0.9.0
-> installed ptime.1.1.0
-> installed astring.0.8.5
-> installed cstruct.6.2.0
-> installed crunch.3.3.1
-> installed jsonm.1.0.2
-> installed eqaf.0.9
-> installed logs.0.7.0
-> installed repr.0.4.0
-> installed digestif.1.2.0
-> installed ppxlib.0.32.0
-> installed ppx_sexp_conv.v0.16.0
-> installed ppx_deriving.5.2.1
-> installed uri-sexp.4.4.0
-> installed ppx_repr.0.4.0
-> installed ppx_irmin.2.7.2
-> installed cohttp.5.3.1
-> installed webmachine.0.7.0
-> installed cohttp-lwt.5.3.0
-> installed irmin.2.7.2
-> installed irmin-http.2.7.2
Done.
# Run eval $(opam env) to update the current shell environment
[01;2m[01;35m2024-04-03 01:28.08 ---> saved as "4bf7c0dd9a4dbed60c0a4fdd35bd64d112d20df8871c97603aa78853f13fb4f5"[0m

[01;34m/home/opam: (env OPAMCRITERIA -removed,-count[avoid-version,changed],-count[version-lag,request],-count[version-lag,changed],-count[missing-depexts,changed],-changed)[0m

[01;34m/home/opam: (env OPAMFIXUPCRITERIA -removed,-count[avoid-version,changed],-count[version-lag,request],-count[version-lag,changed],-count[missing-depexts,changed],-changed)[0m

[01;34m/home/opam: (env OPAMUPGRADECRITERIA -removed,-count[avoid-version,changed],-count[version-lag,request],-count[version-lag,changed],-count[missing-depexts,changed],-changed)[0m

[01;34m/home/opam: (run (network host)
                 (shell "(opam reinstall --with-test irmin-http.2.7.2) || true"))[0m
[ERROR] Sorry, resolution of the request timed out.
        Try to specify a more precise request, use a different solver, or increase the allowed time by setting OPAMSOLVERTIMEOUT to a bigger value (currently, it is set to 500.0 seconds).
[01;2m[01;35m2024-04-03 01:36.39 ---> saved as "3b391143313fa860ad1f2cff62770f8e70a87e6f2f30e5e3d5997351bc20110d"[0m

[01;34m/home/opam: (run (shell  "opam reinstall --with-test --verbose irmin-http.2.7.2;\
                        \n        res=$?;\
                        \n        test \"$res\" != 31 && exit \"$res\";\
                        \n        export OPAMCLI=2.0;\
                        \n        build_dir=$(opam var prefix)/.opam-switch/build;\
                        \n        failed=$(ls \"$build_dir\");\
                        \n        partial_fails=\"\";\
                        \n        for pkg in $failed; do\
                        \n          if opam show -f x-ci-accept-failures: \"$pkg\" | grep -qF \"\\\"debian-12\\\"\"; then\
                        \n            echo \"A package failed and has been disabled for CI using the 'x-ci-accept-failures' field.\";\
                        \n          fi;\
                        \n          test \"$pkg\" != 'irmin-http.2.7.2' && partial_fails=\"$partial_fails $pkg\";\
                        \n        done;\
                        \n        test \"${partial_fails}\" != \"\" && echo \"opam-repo-ci detected dependencies failing: ${partial_fails}\";\
                        \n        exit 1"))[0m
[ERROR] Sorry, resolution of the request timed out.
        Try to specify a more precise request, use a different solver, or increase the allowed time by setting OPAMSOLVERTIMEOUT to a bigger value (currently, it is set to 500.0 seconds).
'opam reinstall --with-test --verbose irmin-http.2.7.2' failed.
"/usr/bin/env" "bash" "-c" "opam reinstall --with-test --verbose irmin-http.2.7.2;
        res=$?;
        test "$res" != 31 && exit "$res";
        export OPAMCLI=2.0;
        build_dir=$(opam var prefix)/.opam-switch/build;
        failed=$(ls "$build_dir");
        partial_fails="";
        for pkg in $failed; do
          if opam show -f x-ci-accept-failures: "$pkg" | grep -qF "\"debian-12\""; then
            echo "A package failed and has been disabled for CI using the 'x-ci-accept-failures' field.";
          fi;
          test "$pkg" != 'irmin-http.2.7.2' && partial_fails="$partial_fails $pkg";
        done;
        test "${partial_fails}" != "" && echo "opam-repo-ci detected dependencies failing: ${partial_fails}";
        exit 1" failed with exit status 60
2024-04-03 01:45.20: Job failed: Failed: Build failed
2024-04-03 01:45.20: Log analysis:
2024-04-03 01:45.20: >>> 
[ERROR] Sorry, resolution of the request timed out.
 (score = 20)
2024-04-03 01:45.20: >>> 
[ERROR] Sorry, resolution of the request timed out.
 (score = 20)
2024-04-03 01:45.20: Sorry, resolution of the request timed out.
