2024-06-15 13:41.45: New job: build ocsipersist-pgsql-config.2.0.0, using opam 2.1
                              from https://github.com/ocaml/opam-repository.git#refs/pull/26059/head (8681a1764c91512ce699c15287ce936282a8fbf5)
                              on debian-12-ocaml-4.14/amd64

To reproduce locally:

cd $(mktemp -d)
git clone --recursive "https://github.com/ocaml/opam-repository.git" && cd "opam-repository" && git fetch origin "refs/pull/26059/head" && git reset --hard 8681a176
git fetch origin master
git merge --no-edit b6de4bb8dee70812d424cc3121b00a1e03b2b447
cat > ../Dockerfile <<'END-OF-DOCKERFILE'
[34mFROM ocaml/opam:debian-12-ocaml-4.14@sha256:68ecefb12259af7ac8f85f40002bb77c47ee641474979fd6a320ed7bf1222c7c
USER 1000:1000
WORKDIR /home/opam
RUN sudo ln -f /usr/bin/opam-2.1 /usr/bin/opam
RUN opam init --reinit -ni
RUN uname -rs && opam exec -- ocaml -version && opam --version
ENV OPAMDOWNLOADJOBS="1"
ENV OPAMERRLOGLEN="0"
ENV OPAMSOLVERTIMEOUT="500"
ENV OPAMPRECISETRACKING="1"
ENV CI="true"
ENV OPAM_REPO_CI="true"
RUN rm -rf opam-repository/
COPY --chown=1000:1000 . opam-repository/
RUN opam repository set-url --strict default opam-repository/
RUN opam update --depexts || true
RUN opam pin add -k version -yn ocsipersist-pgsql-config.2.0.0 2.0.0
RUN opam reinstall ocsipersist-pgsql-config.2.0.0; \
    res=$?; \
    test "$res" != 31 && exit "$res"; \
    export OPAMCLI=2.0; \
    build_dir=$(opam var prefix)/.opam-switch/build; \
    failed=$(ls "$build_dir"); \
    partial_fails=""; \
    for pkg in $failed; do \
    if opam show -f x-ci-accept-failures: "$pkg" | grep -qF "\"debian-12\""; then \
    echo "A package failed and has been disabled for CI using the 'x-ci-accept-failures' field."; \
    fi; \
    test "$pkg" != 'ocsipersist-pgsql-config.2.0.0' && partial_fails="$partial_fails $pkg"; \
    done; \
    test "${partial_fails}" != "" && echo "opam-repo-ci detected dependencies failing: ${partial_fails}"; \
    exit 1
[0m
END-OF-DOCKERFILE
docker build -f ../Dockerfile .

2024-06-15 13:41.45: Using cache hint "ocaml/opam:debian-12-ocaml-4.14@sha256:68ecefb12259af7ac8f85f40002bb77c47ee641474979fd6a320ed7bf1222c7c-ocsipersist-pgsql-config.2.0.0-8681a1764c91512ce699c15287ce936282a8fbf5"
2024-06-15 13:41.45: Using OBuilder spec:
((from ocaml/opam:debian-12-ocaml-4.14@sha256:68ecefb12259af7ac8f85f40002bb77c47ee641474979fd6a320ed7bf1222c7c)
 (user (uid 1000) (gid 1000))
 (workdir /home/opam)
 (run (shell "sudo ln -f /usr/bin/opam-2.1 /usr/bin/opam"))
 (run (network host)
      (shell "opam init --reinit --config .opamrc-sandbox -ni"))
 (run (shell "uname -rs && opam exec -- ocaml -version && opam --version"))
 (env OPAMDOWNLOADJOBS 1)
 (env OPAMERRLOGLEN 0)
 (env OPAMSOLVERTIMEOUT 500)
 (env OPAMPRECISETRACKING 1)
 (env CI true)
 (env OPAM_REPO_CI true)
 (run (shell "rm -rf opam-repository/"))
 (copy (src .) (dst opam-repository/))
 (run (shell "opam repository set-url --strict default opam-repository/"))
 (run (network host)
      (shell "opam update --depexts || true"))
 (run (shell "opam pin add -k version -yn ocsipersist-pgsql-config.2.0.0 2.0.0"))
 (run (cache (opam-archives (target /home/opam/.opam/download-cache)))
      (network host)
      (shell  "opam reinstall ocsipersist-pgsql-config.2.0.0;\
             \n        res=$?;\
             \n        test \"$res\" != 31 && exit \"$res\";\
             \n        export OPAMCLI=2.0;\
             \n        build_dir=$(opam var prefix)/.opam-switch/build;\
             \n        failed=$(ls \"$build_dir\");\
             \n        partial_fails=\"\";\
             \n        for pkg in $failed; do\
             \n          if opam show -f x-ci-accept-failures: \"$pkg\" | grep -qF \"\\\"debian-12\\\"\"; then\
             \n            echo \"A package failed and has been disabled for CI using the 'x-ci-accept-failures' field.\";\
             \n          fi;\
             \n          test \"$pkg\" != 'ocsipersist-pgsql-config.2.0.0' && partial_fails=\"$partial_fails $pkg\";\
             \n        done;\
             \n        test \"${partial_fails}\" != \"\" && echo \"opam-repo-ci detected dependencies failing: ${partial_fails}\";\
             \n        exit 1"))
)

2024-06-15 13:41.45: Waiting for resource in pool OCluster
2024-06-15 13:41.45: Waiting for worker…
2024-06-15 13:41.45: Got resource from pool OCluster
Building on doris.caelum.ci.dev
All commits already cached
HEAD is now at b6de4bb8de Merge pull request #26056 from raphael-proust/opam-publish-aches-aches-lwt-ringo.1.1.0
Merge made by the 'ort' strategy.
 .../ocsipersist-dbm-config.2.0.0/opam              | 27 +++++++++++++++++++
 .../ocsipersist-dbm/ocsipersist-dbm.2.0.0/opam     | 28 ++++++++++++++++++++
 .../ocsipersist-lib/ocsipersist-lib.2.0.0/opam     | 25 ++++++++++++++++++
 .../ocsipersist-pgsql-config.2.0.0/opam            | 27 +++++++++++++++++++
 .../ocsipersist-pgsql/ocsipersist-pgsql.2.0.0/opam | 28 ++++++++++++++++++++
 .../ocsipersist-sqlite-config.2.0.0/opam           | 26 +++++++++++++++++++
 .../ocsipersist-sqlite.2.0.0/opam                  | 27 +++++++++++++++++++
 packages/ocsipersist/ocsipersist.2.0.0/opam        | 30 ++++++++++++++++++++++
 8 files changed, 218 insertions(+)
 create mode 100644 packages/ocsipersist-dbm-config/ocsipersist-dbm-config.2.0.0/opam
 create mode 100644 packages/ocsipersist-dbm/ocsipersist-dbm.2.0.0/opam
 create mode 100644 packages/ocsipersist-lib/ocsipersist-lib.2.0.0/opam
 create mode 100644 packages/ocsipersist-pgsql-config/ocsipersist-pgsql-config.2.0.0/opam
 create mode 100644 packages/ocsipersist-pgsql/ocsipersist-pgsql.2.0.0/opam
 create mode 100644 packages/ocsipersist-sqlite-config/ocsipersist-sqlite-config.2.0.0/opam
 create mode 100644 packages/ocsipersist-sqlite/ocsipersist-sqlite.2.0.0/opam
 create mode 100644 packages/ocsipersist/ocsipersist.2.0.0/opam

[01;34m(from ocaml/opam:debian-12-ocaml-4.14@sha256:68ecefb12259af7ac8f85f40002bb77c47ee641474979fd6a320ed7bf1222c7c)[0m
[01;2m[01;35m2024-06-15 13:41.52 ---> using "be6362479294069b96a78ceb45e5e59b696aa4ead55eec8c4ca81a46ae6af254" from cache[0m

[01;34m/: (user (uid 1000) (gid 1000))[0m

[01;34m/: (workdir /home/opam)[0m

[01;34m/home/opam: (run (shell "sudo ln -f /usr/bin/opam-2.1 /usr/bin/opam"))[0m
[01;2m[01;35m2024-06-15 13:41.52 ---> using "f4a5ad8db0102418dbfd693dbb91be1cacd1869973bbe3739de26662451aaee3" from cache[0m

[01;34m/home/opam: (run (network host)
                 (shell "opam init --reinit --config .opamrc-sandbox -ni"))[0m
Configuring from /home/opam/.opamrc-sandbox, then /home/opam/.opamrc, and finally from built-in defaults.
Checking for available remotes: rsync and local, git.
  - you won't be able to use mercurial repositories unless you install the hg command on your system.
  - you won't be able to use darcs repositories unless you install the darcs command on your system.

This version of opam requires an update to the layout of /home/opam/.opam from version 2.0 to version 2.1, which can't be reverted.
You may want to back it up before going further.

Continue? [Y/n] y
Format upgrade done.

<><> Updating repositories ><><><><><><><><><><><><><><><><><><><><><><><><><><>
[default] synchronised from file:///home/opam/opam-repository
[01;2m[01;35m2024-06-15 13:41.52 ---> using "ddee78ba1cdff9382f3837d66d2c3edf84639af4f77715a0b17e2c54a4addf48" from cache[0m

[01;34m/home/opam: (run (shell "uname -rs && opam exec -- ocaml -version && opam --version"))[0m
Linux 5.15.0-107-generic
The OCaml toplevel, version 4.14.2
2.1.6
[01;2m[01;35m2024-06-15 13:41.52 ---> using "85d01ea885e363b83cda81910f14dd15a7348e6274f9273e5cf26769e6aa73c5" from cache[0m

[01;34m/home/opam: (env OPAMDOWNLOADJOBS 1)[0m

[01;34m/home/opam: (env OPAMERRLOGLEN 0)[0m

[01;34m/home/opam: (env OPAMSOLVERTIMEOUT 500)[0m

[01;34m/home/opam: (env OPAMPRECISETRACKING 1)[0m

[01;34m/home/opam: (env CI true)[0m

[01;34m/home/opam: (env OPAM_REPO_CI true)[0m

[01;34m/home/opam: (run (shell "rm -rf opam-repository/"))[0m
[01;2m[01;35m2024-06-15 13:41.52 ---> using "3ef474a22d87f5426189081df8536d4384038508bce98cce5fad75467550db6a" from cache[0m

[01;34m/home/opam: (copy (src .) (dst opam-repository/))[0m
[01;2m[01;35m2024-06-15 13:41.53 ---> using "9fc792aebce62b8c2fa914e7d5bb1ab704e5431600b52b727d87fd4a413b9abc" from cache[0m

[01;34m/home/opam: (run (shell "opam repository set-url --strict default opam-repository/"))[0m
[default] Initialised
[01;2m[01;35m2024-06-15 13:41.53 ---> using "341192a040b1b7e9c6444f26a724020a13b7a9c77a8598644aaf29c4e39cba65" from cache[0m

[01;34m/home/opam: (run (network host)
                 (shell "opam update --depexts || true"))[0m
+ /usr/bin/sudo "apt-get" "update"
- Hit:1 http://deb.debian.org/debian bookworm InRelease
- Get:2 http://deb.debian.org/debian bookworm-updates InRelease [55.4 kB]
- Get:3 http://deb.debian.org/debian-security bookworm-security InRelease [48.0 kB]
- Get:4 http://deb.debian.org/debian-security bookworm-security/main amd64 Packages [160 kB]
- Fetched 263 kB in 0s (769 kB/s)
- Reading package lists...
[01;2m[01;35m2024-06-15 13:41.53 ---> using "5418b1e80b4681b4d7c4a1452552d503d6717bd2a7334255bc1aa788632c5d60" from cache[0m

[01;34m/home/opam: (run (shell "opam pin add -k version -yn ocsipersist-pgsql-config.2.0.0 2.0.0"))[0m
ocsipersist-pgsql-config is now pinned to version 2.0.0
[01;2m[01;35m2024-06-15 13:41.53 ---> using "7dd6d8f7ef118ec002ea469f0443c3232661ad4d285ad4bfa476e1994ebf1790" from cache[0m

[01;34m/home/opam: (run (cache (opam-archives (target /home/opam/.opam/download-cache)))
                 (network host)
                 (shell  "opam reinstall ocsipersist-pgsql-config.2.0.0;\
                        \n        res=$?;\
                        \n        test \"$res\" != 31 && exit \"$res\";\
                        \n        export OPAMCLI=2.0;\
                        \n        build_dir=$(opam var prefix)/.opam-switch/build;\
                        \n        failed=$(ls \"$build_dir\");\
                        \n        partial_fails=\"\";\
                        \n        for pkg in $failed; do\
                        \n          if opam show -f x-ci-accept-failures: \"$pkg\" | grep -qF \"\\\"debian-12\\\"\"; then\
                        \n            echo \"A package failed and has been disabled for CI using the 'x-ci-accept-failures' field.\";\
                        \n          fi;\
                        \n          test \"$pkg\" != 'ocsipersist-pgsql-config.2.0.0' && partial_fails=\"$partial_fails $pkg\";\
                        \n        done;\
                        \n        test \"${partial_fails}\" != \"\" && echo \"opam-repo-ci detected dependencies failing: ${partial_fails}\";\
                        \n        exit 1"))[0m
ocsipersist-pgsql-config.2.0.0 is not installed. Install it? [Y/n] y
[ERROR] Sorry, resolution of the request timed out.
        Try to specify a more precise request, use a different solver, or increase the allowed time by setting OPAMSOLVERTIMEOUT to a bigger value (currently, it is set to 500.0 seconds).
"/usr/bin/env" "bash" "-c" "opam reinstall ocsipersist-pgsql-config.2.0.0;
        res=$?;
        test "$res" != 31 && exit "$res";
        export OPAMCLI=2.0;
        build_dir=$(opam var prefix)/.opam-switch/build;
        failed=$(ls "$build_dir");
        partial_fails="";
        for pkg in $failed; do
          if opam show -f x-ci-accept-failures: "$pkg" | grep -qF "\"debian-12\""; then
            echo "A package failed and has been disabled for CI using the 'x-ci-accept-failures' field.";
          fi;
          test "$pkg" != 'ocsipersist-pgsql-config.2.0.0' && partial_fails="$partial_fails $pkg";
        done;
        test "${partial_fails}" != "" && echo "opam-repo-ci detected dependencies failing: ${partial_fails}";
        exit 1" failed with exit status 60
2024-06-15 13:50.34: Job failed: Failed: Build failed
2024-06-15 13:50.34: Log analysis:
2024-06-15 13:50.34: >>> 
[ERROR] Sorry, resolution of the request timed out.
 (score = 20)
2024-06-15 13:50.34: Sorry, resolution of the request timed out.
