2024-09-03 20:27.55: New job: test picos_meta.0.5.0, using opam dev
                              from https://github.com/ocaml/opam-repository.git#refs/pull/26473/head (271142d29feb3b0df654d40702e858528fed4404)
                              on debian-unstable-ocaml-4.14/amd64

To reproduce locally:

cd $(mktemp -d)
git clone --recursive "https://github.com/ocaml/opam-repository.git" && cd "opam-repository" && git fetch origin "refs/pull/26473/head" && git reset --hard 271142d2
git fetch origin master
git merge --no-edit 5ced20d683d7ac5cb4ba6b9468b14458fb69a213
cat > ../Dockerfile <<'END-OF-DOCKERFILE'
[34mFROM ocaml/opam:debian-unstable-ocaml-4.14@sha256:16b168e572ef2db4801a77f88abf1a282a88df6b51c1dc5ced437a716ff85059
USER 1000:1000
WORKDIR /home/opam
RUN sudo ln -f /usr/bin/opam-dev /usr/bin/opam
RUN opam init --reinit -ni
RUN uname -rs && opam exec -- ocaml -version && opam --version
ENV OPAMDOWNLOADJOBS="1"
ENV OPAMERRLOGLEN="0"
ENV OPAMSOLVERTIMEOUT="500"
ENV OPAMPRECISETRACKING="1"
ENV CI="true"
ENV OPAM_REPO_CI="true"
RUN rm -rf opam-repository/
COPY --chown=1000:1000 . opam-repository/
RUN opam repository set-url --strict default opam-repository/
RUN opam update --depexts || true
RUN opam pin add -k version -yn picos_meta.0.5.0 0.5.0
RUN opam reinstall picos_meta.0.5.0; \
    res=$?; \
    test "$res" != 31 && exit "$res"; \
    export OPAMCLI=2.0; \
    build_dir=$(opam var prefix)/.opam-switch/build; \
    failed=$(ls "$build_dir"); \
    partial_fails=""; \
    for pkg in $failed; do \
    if opam show -f x-ci-accept-failures: "$pkg" | grep -qF "\"debian-unstable\""; then \
    echo "A package failed and has been disabled for CI using the 'x-ci-accept-failures' field."; \
    fi; \
    test "$pkg" != 'picos_meta.0.5.0' && partial_fails="$partial_fails $pkg"; \
    done; \
    test "${partial_fails}" != "" && echo "opam-repo-ci detected dependencies failing: ${partial_fails}"; \
    exit 1
RUN (opam reinstall --with-test picos_meta.0.5.0) || true
RUN opam reinstall --with-test --verbose picos_meta.0.5.0; \
    res=$?; \
    test "$res" != 31 && exit "$res"; \
    export OPAMCLI=2.0; \
    build_dir=$(opam var prefix)/.opam-switch/build; \
    failed=$(ls "$build_dir"); \
    partial_fails=""; \
    for pkg in $failed; do \
    if opam show -f x-ci-accept-failures: "$pkg" | grep -qF "\"debian-unstable\""; then \
    echo "A package failed and has been disabled for CI using the 'x-ci-accept-failures' field."; \
    fi; \
    test "$pkg" != 'picos_meta.0.5.0' && partial_fails="$partial_fails $pkg"; \
    done; \
    test "${partial_fails}" != "" && echo "opam-repo-ci detected dependencies failing: ${partial_fails}"; \
    exit 1
[0m
END-OF-DOCKERFILE
docker build -f ../Dockerfile .

2024-09-03 20:27.55: Using cache hint "ocaml/opam:debian-unstable-ocaml-4.14@sha256:16b168e572ef2db4801a77f88abf1a282a88df6b51c1dc5ced437a716ff85059-picos_meta.0.5.0-271142d29feb3b0df654d40702e858528fed4404"
2024-09-03 20:27.55: Using OBuilder spec:
((from ocaml/opam:debian-unstable-ocaml-4.14@sha256:16b168e572ef2db4801a77f88abf1a282a88df6b51c1dc5ced437a716ff85059)
 (user (uid 1000) (gid 1000))
 (workdir /home/opam)
 (run (shell "sudo ln -f /usr/bin/opam-dev /usr/bin/opam"))
 (run (network host)
      (shell "opam init --reinit --config .opamrc-sandbox -ni"))
 (run (shell "uname -rs && opam exec -- ocaml -version && opam --version"))
 (env OPAMDOWNLOADJOBS 1)
 (env OPAMERRLOGLEN 0)
 (env OPAMSOLVERTIMEOUT 500)
 (env OPAMPRECISETRACKING 1)
 (env CI true)
 (env OPAM_REPO_CI true)
 (run (shell "rm -rf opam-repository/"))
 (copy (src .) (dst opam-repository/))
 (run (shell "opam repository set-url --strict default opam-repository/"))
 (run (network host)
      (shell "opam update --depexts || true"))
 (run (shell "opam pin add -k version -yn picos_meta.0.5.0 0.5.0"))
 (run (cache (opam-archives (target /home/opam/.opam/download-cache)))
      (network host)
      (shell  "opam reinstall picos_meta.0.5.0;\
             \n        res=$?;\
             \n        test \"$res\" != 31 && exit \"$res\";\
             \n        export OPAMCLI=2.0;\
             \n        build_dir=$(opam var prefix)/.opam-switch/build;\
             \n        failed=$(ls \"$build_dir\");\
             \n        partial_fails=\"\";\
             \n        for pkg in $failed; do\
             \n          if opam show -f x-ci-accept-failures: \"$pkg\" | grep -qF \"\\\"debian-unstable\\\"\"; then\
             \n            echo \"A package failed and has been disabled for CI using the 'x-ci-accept-failures' field.\";\
             \n          fi;\
             \n          test \"$pkg\" != 'picos_meta.0.5.0' && partial_fails=\"$partial_fails $pkg\";\
             \n        done;\
             \n        test \"${partial_fails}\" != \"\" && echo \"opam-repo-ci detected dependencies failing: ${partial_fails}\";\
             \n        exit 1"))
 (run (network host)
      (shell "(opam reinstall --with-test picos_meta.0.5.0) || true"))
 (run (shell  "opam reinstall --with-test --verbose picos_meta.0.5.0;\
             \n        res=$?;\
             \n        test \"$res\" != 31 && exit \"$res\";\
             \n        export OPAMCLI=2.0;\
             \n        build_dir=$(opam var prefix)/.opam-switch/build;\
             \n        failed=$(ls \"$build_dir\");\
             \n        partial_fails=\"\";\
             \n        for pkg in $failed; do\
             \n          if opam show -f x-ci-accept-failures: \"$pkg\" | grep -qF \"\\\"debian-unstable\\\"\"; then\
             \n            echo \"A package failed and has been disabled for CI using the 'x-ci-accept-failures' field.\";\
             \n          fi;\
             \n          test \"$pkg\" != 'picos_meta.0.5.0' && partial_fails=\"$partial_fails $pkg\";\
             \n        done;\
             \n        test \"${partial_fails}\" != \"\" && echo \"opam-repo-ci detected dependencies failing: ${partial_fails}\";\
             \n        exit 1"))
)

2024-09-03 20:27.55: Waiting for resource in pool OCluster
2024-09-03 21:04.59: Waiting for worker…
2024-09-03 21:08.37: Got resource from pool OCluster
Building on x86-bm-c11.sw.ocaml.org
All commits already cached
Updating files:  86% (27681/32068)Updating files:  87% (27900/32068)Updating files:  88% (28220/32068)Updating files:  89% (28541/32068)Updating files:  90% (28862/32068)Updating files:  91% (29182/32068)Updating files:  92% (29503/32068)Updating files:  93% (29824/32068)Updating files:  94% (30144/32068)Updating files:  95% (30465/32068)Updating files:  96% (30786/32068)Updating files:  97% (31106/32068)Updating files:  98% (31427/32068)Updating files:  99% (31748/32068)Updating files: 100% (32068/32068)Updating files: 100% (32068/32068), done.
HEAD is now at 5ced20d683 Merge pull request #26442 from jchavarri/release-melange-json-1.3.0
Updating 5ced20d683..271142d29f
Fast-forward
 packages/picos/picos.0.5.0/opam                    | 39 +++++++++++++
 packages/picos_aux/picos_aux.0.5.0/opam            | 38 +++++++++++++
 packages/picos_io/picos_io.0.5.0/opam              | 41 ++++++++++++++
 .../picos_io_cohttp/picos_io_cohttp.0.5.0/opam     | 39 +++++++++++++
 packages/picos_lwt/picos_lwt.0.5.0/opam            | 38 +++++++++++++
 packages/picos_meta/picos_meta.0.5.0/opam          | 64 ++++++++++++++++++++++
 packages/picos_mux/picos_mux.0.5.0/opam            | 42 ++++++++++++++
 packages/picos_std/picos_std.0.5.0/opam            | 38 +++++++++++++
 8 files changed, 339 insertions(+)
 create mode 100644 packages/picos/picos.0.5.0/opam
 create mode 100644 packages/picos_aux/picos_aux.0.5.0/opam
 create mode 100644 packages/picos_io/picos_io.0.5.0/opam
 create mode 100644 packages/picos_io_cohttp/picos_io_cohttp.0.5.0/opam
 create mode 100644 packages/picos_lwt/picos_lwt.0.5.0/opam
 create mode 100644 packages/picos_meta/picos_meta.0.5.0/opam
 create mode 100644 packages/picos_mux/picos_mux.0.5.0/opam
 create mode 100644 packages/picos_std/picos_std.0.5.0/opam

[01;34m(from ocaml/opam:debian-unstable-ocaml-4.14@sha256:16b168e572ef2db4801a77f88abf1a282a88df6b51c1dc5ced437a716ff85059)[0m
Unable to find image 'ocaml/opam:debian-unstable-ocaml-4.14@sha256:16b168e572ef2db4801a77f88abf1a282a88df6b51c1dc5ced437a716ff85059' locally
docker.io/ocaml/opam@sha256:16b168e572ef2db4801a77f88abf1a282a88df6b51c1dc5ced437a716ff85059: Pulling from ocaml/opam
a16907cf4c84: Pulling fs layer
a16907cf4c84: Verifying Checksum
a16907cf4c84: Download complete
a16907cf4c84: Pull complete
Digest: sha256:16b168e572ef2db4801a77f88abf1a282a88df6b51c1dc5ced437a716ff85059
Status: Downloaded newer image for ocaml/opam@sha256:16b168e572ef2db4801a77f88abf1a282a88df6b51c1dc5ced437a716ff85059
[01;2m[01;35m2024-09-03 21:10.00 ---> saved as "6acceb7c2107dfeec5edebb903912c3217c44677183779bdde0df1693d127396"[0m

[01;34m/: (user (uid 1000) (gid 1000))[0m

[01;34m/: (workdir /home/opam)[0m

[01;34m/home/opam: (run (shell "sudo ln -f /usr/bin/opam-dev /usr/bin/opam"))[0m
[01;2m[01;35m2024-09-03 21:10.00 ---> saved as "585a9afb8c4ebb556ef91d39c3698340ef7eca74828a0da42d6619ea920d13b4"[0m

[01;34m/home/opam: (run (network host)
                 (shell "opam init --reinit --config .opamrc-sandbox -ni"))[0m
Configuring from /home/opam/.opamrc-sandbox, then /home/opam/.opamrc, and finally from built-in defaults.
Checking for available remotes: rsync and local, git.
  - you won't be able to use mercurial repositories unless you install the hg command on your system.
  - you won't be able to use darcs repositories unless you install the darcs command on your system.

This development version of opam requires an update to the layout of /home/opam/.opam from version 2.0 to version 2.2, which can't be reverted.
You may want to back it up before going further.

Continue? [y/n] y
[NOTE] The 'jobs' option was reset, its value was 31 and its new value will vary according to the current number of cores on your machine. You can restore the fixed value using:
           opam option jobs=31 --global
Format upgrade done.

<><> Updating repositories ><><><><><><><><><><><><><><><><><><><><><><><><><><>
[default] synchronised from file:///home/opam/opam-repository
[01;2m[01;35m2024-09-03 21:11.34 ---> saved as "dabe4bb03370fac31706b273c4322b67d475869eeae22ebb875140e62e8b8d1b"[0m

[01;34m/home/opam: (run (shell "uname -rs && opam exec -- ocaml -version && opam --version"))[0m
Linux 5.15.0-119-generic
The OCaml toplevel, version 4.14.2
2.3.0~alpha~dev
[01;2m[01;35m2024-09-03 21:11.34 ---> saved as "54cd29e10a5224a31d99f74292ee2bb7fed31f27aebffd36a78ad3c8bc251daf"[0m

[01;34m/home/opam: (env OPAMDOWNLOADJOBS 1)[0m

[01;34m/home/opam: (env OPAMERRLOGLEN 0)[0m

[01;34m/home/opam: (env OPAMSOLVERTIMEOUT 500)[0m

[01;34m/home/opam: (env OPAMPRECISETRACKING 1)[0m

[01;34m/home/opam: (env CI true)[0m

[01;34m/home/opam: (env OPAM_REPO_CI true)[0m

[01;34m/home/opam: (run (shell "rm -rf opam-repository/"))[0m
[01;2m[01;35m2024-09-03 21:11.43 ---> saved as "6997435d4c867a35a7035cfcdc5d556f8969a72c5cc6800e166b410b00785ca9"[0m

[01;34m/home/opam: (copy (src .) (dst opam-repository/))[0m
[01;2m[01;35m2024-09-03 21:11.58 ---> saved as "e6218db4e54e5268e782a9b3c5ceb698bc429fe599988d17f746a54374163afb"[0m

[01;34m/home/opam: (run (shell "opam repository set-url --strict default opam-repository/"))[0m
[default] Initialised
[01;2m[01;35m2024-09-03 21:13.01 ---> saved as "3f38fe828b45d3a0bdeaeaea601c6b23416f22201f1f7f64391616cba1b97f9c"[0m

[01;34m/home/opam: (run (network host)
                 (shell "opam update --depexts || true"))[0m
+ /usr/bin/sudo "apt-get" "update"
- Get:1 http://deb.debian.org/debian unstable InRelease [198 kB]
- Get:2 http://deb.debian.org/debian unstable/main amd64 Packages.diff/Index [63.6 kB]
- Get:3 http://deb.debian.org/debian unstable/main amd64 Packages T-2024-09-03-2007.15-F-2024-08-26-2007.18.pdiff [466 kB]
- Get:3 http://deb.debian.org/debian unstable/main amd64 Packages T-2024-09-03-2007.15-F-2024-08-26-2007.18.pdiff [466 kB]
- Fetched 728 kB in 3s (237 kB/s)
- Reading package lists...
[01;2m[01;35m2024-09-03 21:13.05 ---> saved as "e114d32b0232a89a0c6b87fd9b33bc95132f66bef57ee28067965f33e704e915"[0m

[01;34m/home/opam: (run (shell "opam pin add -k version -yn picos_meta.0.5.0 0.5.0"))[0m
picos_meta is now pinned to version 0.5.0
[01;2m[01;35m2024-09-03 21:13.06 ---> saved as "c38ad20488ef909870d8b404a27d77c2aec0cbdc8124f7f1c017b22bcc492c4b"[0m

[01;34m/home/opam: (run (cache (opam-archives (target /home/opam/.opam/download-cache)))
                 (network host)
                 (shell  "opam reinstall picos_meta.0.5.0;\
                        \n        res=$?;\
                        \n        test \"$res\" != 31 && exit \"$res\";\
                        \n        export OPAMCLI=2.0;\
                        \n        build_dir=$(opam var prefix)/.opam-switch/build;\
                        \n        failed=$(ls \"$build_dir\");\
                        \n        partial_fails=\"\";\
                        \n        for pkg in $failed; do\
                        \n          if opam show -f x-ci-accept-failures: \"$pkg\" | grep -qF \"\\\"debian-unstable\\\"\"; then\
                        \n            echo \"A package failed and has been disabled for CI using the 'x-ci-accept-failures' field.\";\
                        \n          fi;\
                        \n          test \"$pkg\" != 'picos_meta.0.5.0' && partial_fails=\"$partial_fails $pkg\";\
                        \n        done;\
                        \n        test \"${partial_fails}\" != \"\" && echo \"opam-repo-ci detected dependencies failing: ${partial_fails}\";\
                        \n        exit 1"))[0m
picos_meta.0.5.0 is not installed. Install it? [y/n] y
The following actions will be performed:
=== install 53 packages
  - install angstrom                   0.16.0         [required by uri]
  - install backoff                    0.1.0          [required by picos_io, picos, picos_aux, picos_mux]
  - install base                       v0.16.3        [required by ppx_sexp_conv]
  - install base-bytes                 base           [required by ocplib-endian]
  - install base64                     3.5.1          [required by cohttp]
  - install bigstringaf                0.10.0         [required by angstrom]
  - install cmdliner                   1.3.0          [required by dscheck]
  - install cohttp                     6.0.0~beta2    [required by picos_io_cohttp]
  - install conf-bash                  1              [required by base]
  - install containers                 3.13.1         [required by dscheck]
  - install cppo                       1.7.0          [required by lwt]
  - install csexp                      1.5.2          [required by dune-configurator]
  - install dscheck                    0.5.0          [required by picos_meta]
  - install dune                       3.16.0         [required by picos_meta]
  - install dune-configurator          3.16.0         [required by lwt]
  - install either                     1.0.0          [required by containers]
  - install fmt                        0.9.0          [required by picos_io_cohttp]
  - install http                       6.0.0~beta2    [required by cohttp]
  - install logs                       0.7.0          [required by cohttp]
  - install lwt                        5.7.0          [required by picos_meta]
  - install mtime                      2.0.0          [required by picos_io]
  - install multicore-magic            2.3.0          [required by picos_io, picos_aux, picos_mux]
  - install ocaml-compiler-libs        v0.12.4        [required by ppxlib]
  - install ocaml-syntax-shims         1.0.0          [required by angstrom]
  - install ocamlbuild                 0.15.0         [required by mtime]
  - install ocamlfind                  1.9.6          [required by mtime]
  - install ocplib-endian              1.2            [required by lwt]
  - install oseq                       0.5.1          [required by dscheck]
  - install picos                      0.5.0          [required by picos_meta]
  - install picos_aux                  0.5.0          [required by picos_meta]
  - install picos_io                   0.5.0          [required by picos_meta]
  - install picos_io_cohttp            0.5.0          [required by picos_meta]
  - install picos_lwt                  0.5.0          [required by picos_meta]
  - install picos_meta                 0.5.0 (pinned)
  - install picos_mux                  0.5.0          [required by picos_meta]
  - install picos_std                  0.5.0          [required by picos_meta]
  - install ppx_derivers               1.2.1          [required by ppxlib]
  - install ppx_sexp_conv              v0.16.0        [required by cohttp]
  - install ppxlib                     0.33.0         [required by ppx_sexp_conv]
  - install psq                        0.2.1          [required by picos_io]
  - install qcheck-core                0.22           [required by picos_meta]
  - install qcheck-multicoretests-util 0.3            [required by qcheck-stm]
  - install qcheck-stm                 0.3            [required by picos_meta]
  - install re                         1.12.0         [required by cohttp]
  - install seq                        base           [required by psq]
  - install sexplib0                   v0.16.0        [required by cohttp]
  - install stdlib-shims               0.3.0          [required by ppxlib]
  - install stringext                  1.6.0          [required by cohttp]
  - install thread-local-storage       0.2            [required by picos]
  - install topkg                      1.0.7          [required by mtime]
  - install tsort                      2.1.0          [required by dscheck]
  - install uri                        4.4.0          [required by picos_io_cohttp]
  - install uri-sexp                   4.4.0          [required by cohttp]

<><> Processing actions <><><><><><><><><><><><><><><><><><><><><><><><><><><><>
-> retrieved angstrom.0.16.0  (cached)
-> retrieved backoff.0.1.0  (cached)
-> retrieved base.v0.16.3  (cached)
-> retrieved base64.3.5.1  (cached)
-> retrieved bigstringaf.0.10.0  (cached)
-> retrieved cmdliner.1.3.0  (cached)
-> retrieved cohttp.6.0.0~beta2, http.6.0.0~beta2  (cached)
-> installed conf-bash.1
-> retrieved containers.3.13.1  (cached)
-> retrieved cppo.1.7.0  (cached)
-> retrieved csexp.1.5.2  (cached)
-> retrieved dscheck.0.5.0  (cached)
-> retrieved dune.3.16.0, dune-configurator.3.16.0  (cached)
-> retrieved either.1.0.0  (cached)
-> retrieved fmt.0.9.0  (cached)
-> retrieved logs.0.7.0  (cached)
-> retrieved lwt.5.7.0  (cached)
-> retrieved mtime.2.0.0  (cached)
-> retrieved multicore-magic.2.3.0  (cached)
-> retrieved ocaml-compiler-libs.v0.12.4  (cached)
-> retrieved ocaml-syntax-shims.1.0.0  (cached)
-> installed cmdliner.1.3.0
-> retrieved ocamlbuild.0.15.0  (cached)
-> retrieved ocamlfind.1.9.6  (cached)
-> retrieved ocplib-endian.1.2  (cached)
-> retrieved oseq.0.5.1  (cached)
-> retrieved picos.0.5.0, picos_aux.0.5.0, picos_io.0.5.0, picos_io_cohttp.0.5.0, picos_lwt.0.5.0, picos_meta.0.5.0, picos_mux.0.5.0, picos_std.0.5.0  (cached)
-> retrieved ppx_derivers.1.2.1  (cached)
-> retrieved ppx_sexp_conv.v0.16.0  (cached)
-> retrieved ppxlib.0.33.0  (cached)
-> retrieved psq.0.2.1  (cached)
-> retrieved qcheck-core.0.22  (cached)
-> retrieved qcheck-multicoretests-util.0.3, qcheck-stm.0.3  (cached)
-> retrieved re.1.12.0  (cached)
-> retrieved seq.base  (cached)
-> installed seq.base
-> retrieved sexplib0.v0.16.0  (cached)
-> retrieved stdlib-shims.0.3.0  (cached)
-> retrieved stringext.1.6.0  (cached)
-> retrieved thread-local-storage.0.2  (cached)
-> retrieved topkg.1.0.7  (cached)
-> retrieved tsort.2.1.0  (cached)
-> retrieved uri.4.4.0, uri-sexp.4.4.0  (cached)
-> installed ocamlfind.1.9.6
-> installed base-bytes.base
-> installed ocamlbuild.0.15.0
-> installed topkg.1.0.7
-> installed mtime.2.0.0
-> installed fmt.0.9.0
-> installed dune.3.16.0
-> installed csexp.1.5.2
-> installed backoff.0.1.0
-> installed base64.3.5.1
-> installed either.1.0.0
-> installed http.6.0.0~beta2
-> installed multicore-magic.2.3.0
-> installed cppo.1.7.0
-> installed ocaml-compiler-libs.v0.12.4
-> installed ocaml-syntax-shims.1.0.0
-> installed oseq.0.5.1
-> installed ppx_derivers.1.2.1
-> installed psq.0.2.1
-> installed re.1.12.0
-> installed sexplib0.v0.16.0
-> installed stdlib-shims.0.3.0
-> installed stringext.1.6.0
-> installed thread-local-storage.0.2
-> installed qcheck-core.0.22
-> installed tsort.2.1.0
-> installed picos_aux.0.5.0
-> installed ocplib-endian.1.2
-> installed picos.0.5.0
-> installed qcheck-multicoretests-util.0.3
-> installed qcheck-stm.0.3
-> installed picos_std.0.5.0
-> installed dune-configurator.3.16.0
-> installed picos_io.0.5.0
-> installed picos_mux.0.5.0
-> installed bigstringaf.0.10.0
-> installed angstrom.0.16.0
-> installed containers.3.13.1
-> installed dscheck.0.5.0
-> installed uri.4.4.0
-> installed lwt.5.7.0
-> installed picos_lwt.0.5.0
-> installed logs.0.7.0
-> installed base.v0.16.3
-> installed ppxlib.0.33.0
-> installed ppx_sexp_conv.v0.16.0
-> installed uri-sexp.4.4.0
-> installed cohttp.6.0.0~beta2
-> installed picos_io_cohttp.0.5.0
-> installed picos_meta.0.5.0
Done.
# To update the current shell environment, run: eval $(opam env)
[01;2m[01;35m2024-09-03 21:14.22 ---> saved as "60a8009c5a0e5be82133c87af0bf566d9cb4ccdb5c44ab150a954236be20fdf8"[0m

[01;34m/home/opam: (run (network host)
                 (shell "(opam reinstall --with-test picos_meta.0.5.0) || true"))[0m
[ERROR] Sorry, resolution of the request timed out.
        Try to specify a more precise request, use a different solver, or increase the allowed time by setting OPAMSOLVERTIMEOUT to a bigger value (currently, it is set to 500.0 seconds).
[01;2m[01;35m2024-09-03 21:23.02 ---> saved as "34bac1aed28575cbd69aa20a17443120bec4ddbd43afd03bfbb4c5c84e376002"[0m

[01;34m/home/opam: (run (shell  "opam reinstall --with-test --verbose picos_meta.0.5.0;\
                        \n        res=$?;\
                        \n        test \"$res\" != 31 && exit \"$res\";\
                        \n        export OPAMCLI=2.0;\
                        \n        build_dir=$(opam var prefix)/.opam-switch/build;\
                        \n        failed=$(ls \"$build_dir\");\
                        \n        partial_fails=\"\";\
                        \n        for pkg in $failed; do\
                        \n          if opam show -f x-ci-accept-failures: \"$pkg\" | grep -qF \"\\\"debian-unstable\\\"\"; then\
                        \n            echo \"A package failed and has been disabled for CI using the 'x-ci-accept-failures' field.\";\
                        \n          fi;\
                        \n          test \"$pkg\" != 'picos_meta.0.5.0' && partial_fails=\"$partial_fails $pkg\";\
                        \n        done;\
                        \n        test \"${partial_fails}\" != \"\" && echo \"opam-repo-ci detected dependencies failing: ${partial_fails}\";\
                        \n        exit 1"))[0m
[ERROR] Sorry, resolution of the request timed out.
        Try to specify a more precise request, use a different solver, or increase the allowed time by setting OPAMSOLVERTIMEOUT to a bigger value (currently, it is set to 500.0 seconds).
'opam reinstall --with-test --verbose picos_meta.0.5.0' failed.
"/usr/bin/env" "bash" "-c" "opam reinstall --with-test --verbose picos_meta.0.5.0;
        res=$?;
        test "$res" != 31 && exit "$res";
        export OPAMCLI=2.0;
        build_dir=$(opam var prefix)/.opam-switch/build;
        failed=$(ls "$build_dir");
        partial_fails="";
        for pkg in $failed; do
          if opam show -f x-ci-accept-failures: "$pkg" | grep -qF "\"debian-unstable\""; then
            echo "A package failed and has been disabled for CI using the 'x-ci-accept-failures' field.";
          fi;
          test "$pkg" != 'picos_meta.0.5.0' && partial_fails="$partial_fails $pkg";
        done;
        test "${partial_fails}" != "" && echo "opam-repo-ci detected dependencies failing: ${partial_fails}";
        exit 1" failed with exit status 60
2024-09-03 21:31.46: Job failed: Failed: Build failed
2024-09-03 21:31.46: Log analysis:
2024-09-03 21:31.46: >>> 
[ERROR] Sorry, resolution of the request timed out.
 (score = 20)
2024-09-03 21:31.46: >>> 
[ERROR] Sorry, resolution of the request timed out.
 (score = 20)
2024-09-03 21:31.46: Sorry, resolution of the request timed out.
