2024-09-03 22:52.19: New job: test picos_meta.0.5.0, using opam dev
                              from https://github.com/ocaml/opam-repository.git#refs/pull/26473/head (271142d29feb3b0df654d40702e858528fed4404)
                              on debian-12-ocaml-4.14/s390x

To reproduce locally:

cd $(mktemp -d)
git clone --recursive "https://github.com/ocaml/opam-repository.git" && cd "opam-repository" && git fetch origin "refs/pull/26473/head" && git reset --hard 271142d2
git fetch origin master
git merge --no-edit 5ced20d683d7ac5cb4ba6b9468b14458fb69a213
cat > ../Dockerfile <<'END-OF-DOCKERFILE'
[34mFROM ocaml/opam:debian-12-ocaml-4.14@sha256:60725aa97f39d6d7f30fc8c424c247aecd3ea31f2a696393ae5aad4ab0c5126d
USER 1000:1000
WORKDIR /home/opam
RUN sudo ln -f /usr/bin/opam-dev /usr/bin/opam
RUN opam init --reinit -ni
RUN uname -rs && opam exec -- ocaml -version && opam --version
ENV OPAMDOWNLOADJOBS="1"
ENV OPAMERRLOGLEN="0"
ENV OPAMSOLVERTIMEOUT="500"
ENV OPAMPRECISETRACKING="1"
ENV CI="true"
ENV OPAM_REPO_CI="true"
RUN rm -rf opam-repository/
COPY --chown=1000:1000 . opam-repository/
RUN opam repository set-url --strict default opam-repository/
RUN opam update --depexts || true
RUN opam pin add -k version -yn picos_meta.0.5.0 0.5.0
RUN opam reinstall picos_meta.0.5.0; \
    res=$?; \
    test "$res" != 31 && exit "$res"; \
    export OPAMCLI=2.0; \
    build_dir=$(opam var prefix)/.opam-switch/build; \
    failed=$(ls "$build_dir"); \
    partial_fails=""; \
    for pkg in $failed; do \
    if opam show -f x-ci-accept-failures: "$pkg" | grep -qF "\"debian-12\""; then \
    echo "A package failed and has been disabled for CI using the 'x-ci-accept-failures' field."; \
    fi; \
    test "$pkg" != 'picos_meta.0.5.0' && partial_fails="$partial_fails $pkg"; \
    done; \
    test "${partial_fails}" != "" && echo "opam-repo-ci detected dependencies failing: ${partial_fails}"; \
    exit 1
RUN (opam reinstall --with-test picos_meta.0.5.0) || true
RUN opam reinstall --with-test --verbose picos_meta.0.5.0; \
    res=$?; \
    test "$res" != 31 && exit "$res"; \
    export OPAMCLI=2.0; \
    build_dir=$(opam var prefix)/.opam-switch/build; \
    failed=$(ls "$build_dir"); \
    partial_fails=""; \
    for pkg in $failed; do \
    if opam show -f x-ci-accept-failures: "$pkg" | grep -qF "\"debian-12\""; then \
    echo "A package failed and has been disabled for CI using the 'x-ci-accept-failures' field."; \
    fi; \
    test "$pkg" != 'picos_meta.0.5.0' && partial_fails="$partial_fails $pkg"; \
    done; \
    test "${partial_fails}" != "" && echo "opam-repo-ci detected dependencies failing: ${partial_fails}"; \
    exit 1
[0m
END-OF-DOCKERFILE
docker build -f ../Dockerfile .

2024-09-03 22:52.19: Using cache hint "ocaml/opam:debian-12-ocaml-4.14@sha256:60725aa97f39d6d7f30fc8c424c247aecd3ea31f2a696393ae5aad4ab0c5126d-picos_meta.0.5.0-271142d29feb3b0df654d40702e858528fed4404"
2024-09-03 22:52.19: Using OBuilder spec:
((from ocaml/opam:debian-12-ocaml-4.14@sha256:60725aa97f39d6d7f30fc8c424c247aecd3ea31f2a696393ae5aad4ab0c5126d)
 (user (uid 1000) (gid 1000))
 (workdir /home/opam)
 (run (shell "sudo ln -f /usr/bin/opam-dev /usr/bin/opam"))
 (run (network host)
      (shell "opam init --reinit --config .opamrc-sandbox -ni"))
 (run (shell "uname -rs && opam exec -- ocaml -version && opam --version"))
 (env OPAMDOWNLOADJOBS 1)
 (env OPAMERRLOGLEN 0)
 (env OPAMSOLVERTIMEOUT 500)
 (env OPAMPRECISETRACKING 1)
 (env CI true)
 (env OPAM_REPO_CI true)
 (run (shell "rm -rf opam-repository/"))
 (copy (src .) (dst opam-repository/))
 (run (shell "opam repository set-url --strict default opam-repository/"))
 (run (network host)
      (shell "opam update --depexts || true"))
 (run (shell "opam pin add -k version -yn picos_meta.0.5.0 0.5.0"))
 (run (cache (opam-archives (target /home/opam/.opam/download-cache)))
      (network host)
      (shell  "opam reinstall picos_meta.0.5.0;\
             \n        res=$?;\
             \n        test \"$res\" != 31 && exit \"$res\";\
             \n        export OPAMCLI=2.0;\
             \n        build_dir=$(opam var prefix)/.opam-switch/build;\
             \n        failed=$(ls \"$build_dir\");\
             \n        partial_fails=\"\";\
             \n        for pkg in $failed; do\
             \n          if opam show -f x-ci-accept-failures: \"$pkg\" | grep -qF \"\\\"debian-12\\\"\"; then\
             \n            echo \"A package failed and has been disabled for CI using the 'x-ci-accept-failures' field.\";\
             \n          fi;\
             \n          test \"$pkg\" != 'picos_meta.0.5.0' && partial_fails=\"$partial_fails $pkg\";\
             \n        done;\
             \n        test \"${partial_fails}\" != \"\" && echo \"opam-repo-ci detected dependencies failing: ${partial_fails}\";\
             \n        exit 1"))
 (run (network host)
      (shell "(opam reinstall --with-test picos_meta.0.5.0) || true"))
 (run (shell  "opam reinstall --with-test --verbose picos_meta.0.5.0;\
             \n        res=$?;\
             \n        test \"$res\" != 31 && exit \"$res\";\
             \n        export OPAMCLI=2.0;\
             \n        build_dir=$(opam var prefix)/.opam-switch/build;\
             \n        failed=$(ls \"$build_dir\");\
             \n        partial_fails=\"\";\
             \n        for pkg in $failed; do\
             \n          if opam show -f x-ci-accept-failures: \"$pkg\" | grep -qF \"\\\"debian-12\\\"\"; then\
             \n            echo \"A package failed and has been disabled for CI using the 'x-ci-accept-failures' field.\";\
             \n          fi;\
             \n          test \"$pkg\" != 'picos_meta.0.5.0' && partial_fails=\"$partial_fails $pkg\";\
             \n        done;\
             \n        test \"${partial_fails}\" != \"\" && echo \"opam-repo-ci detected dependencies failing: ${partial_fails}\";\
             \n        exit 1"))
)

2024-09-03 22:52.19: Waiting for resource in pool OCluster
2024-09-03 22:52.20: Waiting for worker…
2024-09-03 22:52.29: Got resource from pool OCluster
Building on s390x-worker-02.marist.ci.dev
All commits already cached
Updating files:  84% (27236/32068)Updating files:  85% (27258/32068)Updating files:  86% (27579/32068)Updating files:  87% (27900/32068)Updating files:  88% (28220/32068)Updating files:  89% (28541/32068)Updating files:  90% (28862/32068)Updating files:  91% (29182/32068)Updating files:  92% (29503/32068)Updating files:  93% (29824/32068)Updating files:  94% (30144/32068)Updating files:  95% (30465/32068)Updating files:  96% (30786/32068)Updating files:  97% (31106/32068)Updating files:  97% (31277/32068)Updating files:  98% (31427/32068)Updating files:  99% (31748/32068)Updating files: 100% (32068/32068)Updating files: 100% (32068/32068), done.
HEAD is now at 5ced20d683 Merge pull request #26442 from jchavarri/release-melange-json-1.3.0
Updating 5ced20d683..271142d29f
Fast-forward
 packages/picos/picos.0.5.0/opam                    | 39 +++++++++++++
 packages/picos_aux/picos_aux.0.5.0/opam            | 38 +++++++++++++
 packages/picos_io/picos_io.0.5.0/opam              | 41 ++++++++++++++
 .../picos_io_cohttp/picos_io_cohttp.0.5.0/opam     | 39 +++++++++++++
 packages/picos_lwt/picos_lwt.0.5.0/opam            | 38 +++++++++++++
 packages/picos_meta/picos_meta.0.5.0/opam          | 64 ++++++++++++++++++++++
 packages/picos_mux/picos_mux.0.5.0/opam            | 42 ++++++++++++++
 packages/picos_std/picos_std.0.5.0/opam            | 38 +++++++++++++
 8 files changed, 339 insertions(+)
 create mode 100644 packages/picos/picos.0.5.0/opam
 create mode 100644 packages/picos_aux/picos_aux.0.5.0/opam
 create mode 100644 packages/picos_io/picos_io.0.5.0/opam
 create mode 100644 packages/picos_io_cohttp/picos_io_cohttp.0.5.0/opam
 create mode 100644 packages/picos_lwt/picos_lwt.0.5.0/opam
 create mode 100644 packages/picos_meta/picos_meta.0.5.0/opam
 create mode 100644 packages/picos_mux/picos_mux.0.5.0/opam
 create mode 100644 packages/picos_std/picos_std.0.5.0/opam

[01;34m(from ocaml/opam:debian-12-ocaml-4.14@sha256:60725aa97f39d6d7f30fc8c424c247aecd3ea31f2a696393ae5aad4ab0c5126d)[0m
Unable to find image 'ocaml/opam:debian-12-ocaml-4.14@sha256:60725aa97f39d6d7f30fc8c424c247aecd3ea31f2a696393ae5aad4ab0c5126d' locally
docker.io/ocaml/opam@sha256:60725aa97f39d6d7f30fc8c424c247aecd3ea31f2a696393ae5aad4ab0c5126d: Pulling from ocaml/opam
0a419fff6fc5: Pulling fs layer
0a419fff6fc5: Verifying Checksum
0a419fff6fc5: Download complete
0a419fff6fc5: Pull complete
Digest: sha256:60725aa97f39d6d7f30fc8c424c247aecd3ea31f2a696393ae5aad4ab0c5126d
Status: Downloaded newer image for ocaml/opam@sha256:60725aa97f39d6d7f30fc8c424c247aecd3ea31f2a696393ae5aad4ab0c5126d
[01;2m[01;35m2024-09-03 22:52.32 ---> using "c3841b95c3a2c3923e7c45b4bfb94b0393162b4cc37ccbdd614867ef5a42d04f" from cache[0m

[01;34m/: (user (uid 1000) (gid 1000))[0m

[01;34m/: (workdir /home/opam)[0m

[01;34m/home/opam: (run (shell "sudo ln -f /usr/bin/opam-dev /usr/bin/opam"))[0m
[01;2m[01;35m2024-09-03 22:52.32 ---> using "34e5b1a78f1ae3f5271db31398cf8f5402668028e6455257953b0247ef9b1fbc" from cache[0m

[01;34m/home/opam: (run (network host)
                 (shell "opam init --reinit --config .opamrc-sandbox -ni"))[0m
Configuring from /home/opam/.opamrc-sandbox, then /home/opam/.opamrc, and finally from built-in defaults.
Checking for available remotes: rsync and local, git.
  - you won't be able to use mercurial repositories unless you install the hg command on your system.
  - you won't be able to use darcs repositories unless you install the darcs command on your system.

This development version of opam requires an update to the layout of /home/opam/.opam from version 2.0 to version 2.2, which can't be reverted.
You may want to back it up before going further.

Continue? [y/n] y
Format upgrade done.

<><> Updating repositories ><><><><><><><><><><><><><><><><><><><><><><><><><><>
[default] synchronised from file:///home/opam/opam-repository
[01;2m[01;35m2024-09-03 22:52.32 ---> using "24533f393fc26bdcc2190b5de10a92338385f762f3d087f36c787a15861b4116" from cache[0m

[01;34m/home/opam: (run (shell "uname -rs && opam exec -- ocaml -version && opam --version"))[0m
Linux 5.15.0-119-generic
The OCaml toplevel, version 4.14.2
2.3.0~alpha~dev
[01;2m[01;35m2024-09-03 22:52.32 ---> using "ebaf9c643419fc351749a9961af70e5370ca66414d51eaff40658ddef7460987" from cache[0m

[01;34m/home/opam: (env OPAMDOWNLOADJOBS 1)[0m

[01;34m/home/opam: (env OPAMERRLOGLEN 0)[0m

[01;34m/home/opam: (env OPAMSOLVERTIMEOUT 500)[0m

[01;34m/home/opam: (env OPAMPRECISETRACKING 1)[0m

[01;34m/home/opam: (env CI true)[0m

[01;34m/home/opam: (env OPAM_REPO_CI true)[0m

[01;34m/home/opam: (run (shell "rm -rf opam-repository/"))[0m
[01;2m[01;35m2024-09-03 22:52.32 ---> using "cb22867911e355e9c58ce12ba535acdded12b024d62c8adcb5af775ba2a4af0d" from cache[0m

[01;34m/home/opam: (copy (src .) (dst opam-repository/))[0m
[01;2m[01;35m2024-09-03 22:52.33 ---> using "e272b1b6732bd4a169bea62b88b6e91d5dea5bedcb38dcf083656e11aade7b70" from cache[0m

[01;34m/home/opam: (run (shell "opam repository set-url --strict default opam-repository/"))[0m
[default] Initialised
[01;2m[01;35m2024-09-03 22:52.33 ---> using "3e697925bb1c15383f0844408053afed10a1b97dab19c2fe7f2c93f673e2a409" from cache[0m

[01;34m/home/opam: (run (network host)
                 (shell "opam update --depexts || true"))[0m
+ /usr/bin/sudo "apt-get" "update"
- Get:1 http://deb.debian.org/debian bookworm InRelease [151 kB]
- Get:2 http://deb.debian.org/debian bookworm-updates InRelease [55.4 kB]
- Get:3 http://deb.debian.org/debian-security bookworm-security InRelease [48.0 kB]
- Get:4 http://deb.debian.org/debian bookworm/main s390x Packages [8454 kB]
- Get:5 http://deb.debian.org/debian-security bookworm-security/main s390x Packages [170 kB]
- Fetched 8878 kB in 1s (6320 kB/s)
- Reading package lists...
- 
[01;2m[01;35m2024-09-03 22:52.33 ---> using "1e1b34fb0b9be049719d41032084ac7ce8f97da5f6b7c47145acb371c7874d0e" from cache[0m

[01;34m/home/opam: (run (shell "opam pin add -k version -yn picos_meta.0.5.0 0.5.0"))[0m
picos_meta is now pinned to version 0.5.0
[01;2m[01;35m2024-09-03 22:52.33 ---> using "cd6000b59c80009f079d755bb9cd728f36f88d5221d1f14a11a3581a1092709d" from cache[0m

[01;34m/home/opam: (run (cache (opam-archives (target /home/opam/.opam/download-cache)))
                 (network host)
                 (shell  "opam reinstall picos_meta.0.5.0;\
                        \n        res=$?;\
                        \n        test \"$res\" != 31 && exit \"$res\";\
                        \n        export OPAMCLI=2.0;\
                        \n        build_dir=$(opam var prefix)/.opam-switch/build;\
                        \n        failed=$(ls \"$build_dir\");\
                        \n        partial_fails=\"\";\
                        \n        for pkg in $failed; do\
                        \n          if opam show -f x-ci-accept-failures: \"$pkg\" | grep -qF \"\\\"debian-12\\\"\"; then\
                        \n            echo \"A package failed and has been disabled for CI using the 'x-ci-accept-failures' field.\";\
                        \n          fi;\
                        \n          test \"$pkg\" != 'picos_meta.0.5.0' && partial_fails=\"$partial_fails $pkg\";\
                        \n        done;\
                        \n        test \"${partial_fails}\" != \"\" && echo \"opam-repo-ci detected dependencies failing: ${partial_fails}\";\
                        \n        exit 1"))[0m
picos_meta.0.5.0 is not installed. Install it? [y/n] y
The following actions will be performed:
=== install 53 packages
  - install angstrom                   0.16.0         [required by uri]
  - install backoff                    0.1.0          [required by picos_io, picos, picos_aux, picos_mux]
  - install base                       v0.16.3        [required by ppx_sexp_conv]
  - install base-bytes                 base           [required by ocplib-endian]
  - install base64                     3.5.1          [required by cohttp]
  - install bigstringaf                0.10.0         [required by angstrom]
  - install cmdliner                   1.3.0          [required by dscheck]
  - install cohttp                     6.0.0~beta2    [required by picos_io_cohttp]
  - install conf-bash                  1              [required by base]
  - install containers                 3.13.1         [required by dscheck]
  - install cppo                       1.7.0          [required by lwt]
  - install csexp                      1.5.2          [required by dune-configurator]
  - install dscheck                    0.5.0          [required by picos_meta]
  - install dune                       3.16.0         [required by picos_meta]
  - install dune-configurator          3.16.0         [required by lwt]
  - install either                     1.0.0          [required by containers]
  - install fmt                        0.9.0          [required by picos_io_cohttp]
  - install http                       6.0.0~beta2    [required by cohttp]
  - install logs                       0.7.0          [required by cohttp]
  - install lwt                        5.7.0          [required by picos_meta]
  - install mtime                      2.0.0          [required by picos_io]
  - install multicore-magic            2.3.0          [required by picos_io, picos_aux, picos_mux]
  - install ocaml-compiler-libs        v0.12.4        [required by ppxlib]
  - install ocaml-syntax-shims         1.0.0          [required by angstrom]
  - install ocamlbuild                 0.15.0         [required by mtime]
  - install ocamlfind                  1.9.6          [required by mtime]
  - install ocplib-endian              1.2            [required by lwt]
  - install oseq                       0.5.1          [required by dscheck]
  - install picos                      0.5.0          [required by picos_meta]
  - install picos_aux                  0.5.0          [required by picos_meta]
  - install picos_io                   0.5.0          [required by picos_meta]
  - install picos_io_cohttp            0.5.0          [required by picos_meta]
  - install picos_lwt                  0.5.0          [required by picos_meta]
  - install picos_meta                 0.5.0 (pinned)
  - install picos_mux                  0.5.0          [required by picos_meta]
  - install picos_std                  0.5.0          [required by picos_meta]
  - install ppx_derivers               1.2.1          [required by ppxlib]
  - install ppx_sexp_conv              v0.16.0        [required by cohttp]
  - install ppxlib                     0.33.0         [required by ppx_sexp_conv]
  - install psq                        0.2.1          [required by picos_io]
  - install qcheck-core                0.22           [required by picos_meta]
  - install qcheck-multicoretests-util 0.3            [required by qcheck-stm]
  - install qcheck-stm                 0.3            [required by picos_meta]
  - install re                         1.12.0         [required by cohttp]
  - install seq                        base           [required by psq]
  - install sexplib0                   v0.16.0        [required by cohttp]
  - install stdlib-shims               0.3.0          [required by ppxlib]
  - install stringext                  1.6.0          [required by cohttp]
  - install thread-local-storage       0.2            [required by picos]
  - install topkg                      1.0.7          [required by mtime]
  - install tsort                      2.1.0          [required by dscheck]
  - install uri                        4.4.0          [required by picos_io_cohttp]
  - install uri-sexp                   4.4.0          [required by cohttp]

<><> Processing actions <><><><><><><><><><><><><><><><><><><><><><><><><><><><>
-> retrieved angstrom.0.16.0  (cached)
-> retrieved backoff.0.1.0  (cached)
-> retrieved base.v0.16.3  (cached)
-> retrieved base64.3.5.1  (cached)
-> retrieved bigstringaf.0.10.0  (cached)
-> retrieved cmdliner.1.3.0  (cached)
-> retrieved cohttp.6.0.0~beta2, http.6.0.0~beta2  (cached)
-> installed conf-bash.1
-> retrieved containers.3.13.1  (cached)
-> retrieved cppo.1.7.0  (cached)
-> retrieved csexp.1.5.2  (cached)
-> retrieved dscheck.0.5.0  (cached)
-> retrieved dune.3.16.0, dune-configurator.3.16.0  (cached)
-> retrieved either.1.0.0  (cached)
-> retrieved fmt.0.9.0  (cached)
-> retrieved logs.0.7.0  (cached)
-> retrieved lwt.5.7.0  (cached)
-> installed cmdliner.1.3.0
-> retrieved mtime.2.0.0  (cached)
-> retrieved multicore-magic.2.3.0  (cached)
-> retrieved ocaml-compiler-libs.v0.12.4  (cached)
-> retrieved ocaml-syntax-shims.1.0.0  (cached)
-> retrieved ocamlbuild.0.15.0  (cached)
-> retrieved ocamlfind.1.9.6  (cached)
-> retrieved ocplib-endian.1.2  (cached)
-> retrieved oseq.0.5.1  (cached)
-> retrieved picos.0.5.0, picos_aux.0.5.0, picos_io.0.5.0, picos_io_cohttp.0.5.0, picos_lwt.0.5.0, picos_meta.0.5.0, picos_mux.0.5.0, picos_std.0.5.0  (cached)
-> retrieved ppx_derivers.1.2.1  (cached)
-> retrieved ppx_sexp_conv.v0.16.0  (cached)
-> retrieved ppxlib.0.33.0  (cached)
-> retrieved psq.0.2.1  (cached)
-> retrieved qcheck-core.0.22  (cached)
-> retrieved qcheck-multicoretests-util.0.3, qcheck-stm.0.3  (cached)
-> retrieved re.1.12.0  (cached)
-> retrieved seq.base  (cached)
-> retrieved sexplib0.v0.16.0  (cached)
-> retrieved stdlib-shims.0.3.0  (cached)
-> retrieved stringext.1.6.0  (cached)
-> retrieved thread-local-storage.0.2  (cached)
-> retrieved topkg.1.0.7  (cached)
-> retrieved tsort.2.1.0  (cached)
-> retrieved uri.4.4.0, uri-sexp.4.4.0  (cached)
-> installed ocamlfind.1.9.6
-> installed base-bytes.base
-> installed seq.base
-> installed ocamlbuild.0.15.0
-> installed topkg.1.0.7
-> installed dune.3.16.0
-> installed mtime.2.0.0
-> installed backoff.0.1.0
-> installed fmt.0.9.0
-> installed csexp.1.5.2
-> installed base64.3.5.1
-> installed cppo.1.7.0
-> installed either.1.0.0
-> installed multicore-magic.2.3.0
-> installed http.6.0.0~beta2
-> installed ocaml-syntax-shims.1.0.0
-> installed ocaml-compiler-libs.v0.12.4
-> installed dune-configurator.3.16.0
-> installed oseq.0.5.1
-> installed ocplib-endian.1.2
-> installed picos_aux.0.5.0
-> installed bigstringaf.0.10.0
-> installed ppx_derivers.1.2.1
-> installed angstrom.0.16.0
-> installed psq.0.2.1
-> installed qcheck-core.0.22
-> installed containers.3.13.1
-> installed qcheck-multicoretests-util.0.3
-> installed re.1.12.0
-> installed qcheck-stm.0.3
-> installed sexplib0.v0.16.0
-> installed stdlib-shims.0.3.0
-> installed lwt.5.7.0
-> installed stringext.1.6.0
-> installed logs.0.7.0
-> installed thread-local-storage.0.2
-> installed tsort.2.1.0
-> installed picos.0.5.0
-> installed dscheck.0.5.0
-> installed picos_std.0.5.0
-> installed uri.4.4.0
-> installed picos_io.0.5.0
-> installed picos_lwt.0.5.0
-> installed picos_mux.0.5.0
-> installed base.v0.16.3
-> installed ppxlib.0.33.0
-> installed ppx_sexp_conv.v0.16.0
-> installed uri-sexp.4.4.0
-> installed cohttp.6.0.0~beta2
-> installed picos_io_cohttp.0.5.0
-> installed picos_meta.0.5.0
Done.
# To update the current shell environment, run: eval $(opam env)
[01;2m[01;35m2024-09-03 22:52.33 ---> using "4424433e81b900fdb2149b0eb70959fbd4b04cd249d4e65cba670ad565727037" from cache[0m

[01;34m/home/opam: (run (network host)
                 (shell "(opam reinstall --with-test picos_meta.0.5.0) || true"))[0m
[ERROR] Sorry, resolution of the request timed out.
        Try to specify a more precise request, use a different solver, or increase the allowed time by setting OPAMSOLVERTIMEOUT to a bigger value (currently, it is set to 500.0 seconds).
[01;2m[01;35m2024-09-03 22:52.33 ---> using "0f41909e35317266f79b5602f3a381d4121745f7755c21932448a32b517eae8c" from cache[0m

[01;34m/home/opam: (run (shell  "opam reinstall --with-test --verbose picos_meta.0.5.0;\
                        \n        res=$?;\
                        \n        test \"$res\" != 31 && exit \"$res\";\
                        \n        export OPAMCLI=2.0;\
                        \n        build_dir=$(opam var prefix)/.opam-switch/build;\
                        \n        failed=$(ls \"$build_dir\");\
                        \n        partial_fails=\"\";\
                        \n        for pkg in $failed; do\
                        \n          if opam show -f x-ci-accept-failures: \"$pkg\" | grep -qF \"\\\"debian-12\\\"\"; then\
                        \n            echo \"A package failed and has been disabled for CI using the 'x-ci-accept-failures' field.\";\
                        \n          fi;\
                        \n          test \"$pkg\" != 'picos_meta.0.5.0' && partial_fails=\"$partial_fails $pkg\";\
                        \n        done;\
                        \n        test \"${partial_fails}\" != \"\" && echo \"opam-repo-ci detected dependencies failing: ${partial_fails}\";\
                        \n        exit 1"))[0m
[ERROR] Sorry, resolution of the request timed out.
        Try to specify a more precise request, use a different solver, or increase the allowed time by setting OPAMSOLVERTIMEOUT to a bigger value (currently, it is set to 500.0 seconds).
'opam reinstall --with-test --verbose picos_meta.0.5.0' failed.
"/usr/bin/env" "bash" "-c" "opam reinstall --with-test --verbose picos_meta.0.5.0;
        res=$?;
        test "$res" != 31 && exit "$res";
        export OPAMCLI=2.0;
        build_dir=$(opam var prefix)/.opam-switch/build;
        failed=$(ls "$build_dir");
        partial_fails="";
        for pkg in $failed; do
          if opam show -f x-ci-accept-failures: "$pkg" | grep -qF "\"debian-12\""; then
            echo "A package failed and has been disabled for CI using the 'x-ci-accept-failures' field.";
          fi;
          test "$pkg" != 'picos_meta.0.5.0' && partial_fails="$partial_fails $pkg";
        done;
        test "${partial_fails}" != "" && echo "opam-repo-ci detected dependencies failing: ${partial_fails}";
        exit 1" failed with exit status 60
2024-09-03 23:01.15: Job failed: Failed: Build failed
2024-09-03 23:01.15: Log analysis:
2024-09-03 23:01.15: >>> 
[ERROR] Sorry, resolution of the request timed out.
 (score = 20)
2024-09-03 23:01.15: >>> 
[ERROR] Sorry, resolution of the request timed out.
 (score = 20)
2024-09-03 23:01.15: Sorry, resolution of the request timed out.
