2024-02-08 13:56.56: New job: test equinoxe.0.1.0 with mirage-flow.4.0.2, using opam dev
                              from https://github.com/ocaml/opam-repository.git#refs/pull/25209/head (3ecaeddc260b269b9e41f788b4429f4c97ff76a4)
                              on debian-12-ocaml-4.14/amd64

To reproduce locally:

cd $(mktemp -d)
git clone --recursive "https://github.com/ocaml/opam-repository.git" && cd "opam-repository" && git fetch origin "refs/pull/25209/head" && git reset --hard 3ecaeddc
git fetch origin master
git merge --no-edit d87a1eb8c3d0e6228e3f957b25aa87f49e397d03
cat > ../Dockerfile <<'END-OF-DOCKERFILE'
[34mFROM ocaml/opam:debian-12-ocaml-4.14@sha256:8e390dbf29f7a115e5c8098ffb1a3c7234a873cf738a5ae22f3a4846122db9ef
USER 1000:1000
WORKDIR /home/opam
RUN sudo ln -f /usr/bin/opam-dev /usr/bin/opam
RUN opam init --reinit -ni
ENV OPAMDOWNLOADJOBS="1"
ENV OPAMERRLOGLEN="0"
ENV OPAMSOLVERTIMEOUT="500"
ENV OPAMPRECISETRACKING="1"
ENV CI="true"
ENV OPAM_REPO_CI="true"
RUN rm -rf opam-repository/
COPY --chown=1000:1000 . opam-repository/
RUN opam repository set-url --strict default opam-repository/
RUN opam update --depexts || true
ENV OPAMCRITERIA="-removed,-count[avoid-version,changed],-count[version-lag,request],-count[version-lag,changed],-count[missing-depexts,changed],-changed"
ENV OPAMFIXUPCRITERIA="-removed,-count[avoid-version,changed],-count[version-lag,request],-count[version-lag,changed],-count[missing-depexts,changed],-changed"
ENV OPAMUPGRADECRITERIA="-removed,-count[avoid-version,changed],-count[version-lag,request],-count[version-lag,changed],-count[missing-depexts,changed],-changed"
RUN opam pin add -k version -yn mirage-flow.4.0.2 4.0.2
RUN opam reinstall mirage-flow.4.0.2; \
    res=$?; \
    test "$res" != 31 && exit "$res"; \
    export OPAMCLI=2.0; \
    build_dir=$(opam var prefix)/.opam-switch/build; \
    failed=$(ls "$build_dir"); \
    partial_fails=""; \
    for pkg in $failed; do \
    if opam show -f x-ci-accept-failures: "$pkg" | grep -qF "\"debian-12\""; then \
    echo "A package failed and has been disabled for CI using the 'x-ci-accept-failures' field."; \
    fi; \
    test "$pkg" != 'mirage-flow.4.0.2' && partial_fails="$partial_fails $pkg"; \
    done; \
    test "${partial_fails}" != "" && echo "opam-repo-ci detected dependencies failing: ${partial_fails}"; \
    exit 1
ENV OPAMCRITERIA="-removed,-count[avoid-version,changed],-count[version-lag,request],-count[version-lag,changed],-count[missing-depexts,changed],-changed"
ENV OPAMFIXUPCRITERIA="-removed,-count[avoid-version,changed],-count[version-lag,request],-count[version-lag,changed],-count[missing-depexts,changed],-changed"
ENV OPAMUPGRADECRITERIA="-removed,-count[avoid-version,changed],-count[version-lag,request],-count[version-lag,changed],-count[missing-depexts,changed],-changed"
RUN opam reinstall equinoxe.0.1.0; \
    res=$?; \
    test "$res" != 31 && exit "$res"; \
    export OPAMCLI=2.0; \
    build_dir=$(opam var prefix)/.opam-switch/build; \
    failed=$(ls "$build_dir"); \
    partial_fails=""; \
    for pkg in $failed; do \
    if opam show -f x-ci-accept-failures: "$pkg" | grep -qF "\"debian-12\""; then \
    echo "A package failed and has been disabled for CI using the 'x-ci-accept-failures' field."; \
    fi; \
    test "$pkg" != 'equinoxe.0.1.0' && partial_fails="$partial_fails $pkg"; \
    done; \
    test "${partial_fails}" != "" && echo "opam-repo-ci detected dependencies failing: ${partial_fails}"; \
    exit 1
ENV OPAMCRITERIA="-removed,-count[avoid-version,changed],-count[version-lag,request],-count[version-lag,changed],-count[missing-depexts,changed],-changed"
ENV OPAMFIXUPCRITERIA="-removed,-count[avoid-version,changed],-count[version-lag,request],-count[version-lag,changed],-count[missing-depexts,changed],-changed"
ENV OPAMUPGRADECRITERIA="-removed,-count[avoid-version,changed],-count[version-lag,request],-count[version-lag,changed],-count[missing-depexts,changed],-changed"
RUN (opam reinstall --with-test equinoxe.0.1.0) || true
RUN opam reinstall --with-test --verbose equinoxe.0.1.0; \
    res=$?; \
    test "$res" != 31 && exit "$res"; \
    export OPAMCLI=2.0; \
    build_dir=$(opam var prefix)/.opam-switch/build; \
    failed=$(ls "$build_dir"); \
    partial_fails=""; \
    for pkg in $failed; do \
    if opam show -f x-ci-accept-failures: "$pkg" | grep -qF "\"debian-12\""; then \
    echo "A package failed and has been disabled for CI using the 'x-ci-accept-failures' field."; \
    fi; \
    test "$pkg" != 'equinoxe.0.1.0' && partial_fails="$partial_fails $pkg"; \
    done; \
    test "${partial_fails}" != "" && echo "opam-repo-ci detected dependencies failing: ${partial_fails}"; \
    exit 1
[0m
END-OF-DOCKERFILE
docker build -f ../Dockerfile .

2024-02-08 13:56.56: Using cache hint "ocaml/opam:debian-12-ocaml-4.14@sha256:8e390dbf29f7a115e5c8098ffb1a3c7234a873cf738a5ae22f3a4846122db9ef-mirage-flow.4.0.2-equinoxe.0.1.0-3ecaeddc260b269b9e41f788b4429f4c97ff76a4"
2024-02-08 13:56.56: Using OBuilder spec:
((from ocaml/opam:debian-12-ocaml-4.14@sha256:8e390dbf29f7a115e5c8098ffb1a3c7234a873cf738a5ae22f3a4846122db9ef)
 (user (uid 1000) (gid 1000))
 (workdir /home/opam)
 (run (shell "sudo ln -f /usr/bin/opam-dev /usr/bin/opam"))
 (run (network host)
      (shell "opam init --reinit --config .opamrc-sandbox -ni"))
 (env OPAMDOWNLOADJOBS 1)
 (env OPAMERRLOGLEN 0)
 (env OPAMSOLVERTIMEOUT 500)
 (env OPAMPRECISETRACKING 1)
 (env CI true)
 (env OPAM_REPO_CI true)
 (run (shell "rm -rf opam-repository/"))
 (copy (src .) (dst opam-repository/))
 (run (shell "opam repository set-url --strict default opam-repository/"))
 (run (network host)
      (shell "opam update --depexts || true"))
 (env OPAMCRITERIA -removed,-count[avoid-version,changed],-count[version-lag,request],-count[version-lag,changed],-count[missing-depexts,changed],-changed)
 (env OPAMFIXUPCRITERIA -removed,-count[avoid-version,changed],-count[version-lag,request],-count[version-lag,changed],-count[missing-depexts,changed],-changed)
 (env OPAMUPGRADECRITERIA -removed,-count[avoid-version,changed],-count[version-lag,request],-count[version-lag,changed],-count[missing-depexts,changed],-changed)
 (run (shell "opam pin add -k version -yn mirage-flow.4.0.2 4.0.2"))
 (run (cache (opam-archives (target /home/opam/.opam/download-cache)))
      (network host)
      (shell  "opam reinstall mirage-flow.4.0.2;\
             \n        res=$?;\
             \n        test \"$res\" != 31 && exit \"$res\";\
             \n        export OPAMCLI=2.0;\
             \n        build_dir=$(opam var prefix)/.opam-switch/build;\
             \n        failed=$(ls \"$build_dir\");\
             \n        partial_fails=\"\";\
             \n        for pkg in $failed; do\
             \n          if opam show -f x-ci-accept-failures: \"$pkg\" | grep -qF \"\\\"debian-12\\\"\"; then\
             \n            echo \"A package failed and has been disabled for CI using the 'x-ci-accept-failures' field.\";\
             \n          fi;\
             \n          test \"$pkg\" != 'mirage-flow.4.0.2' && partial_fails=\"$partial_fails $pkg\";\
             \n        done;\
             \n        test \"${partial_fails}\" != \"\" && echo \"opam-repo-ci detected dependencies failing: ${partial_fails}\";\
             \n        exit 1"))
 (env OPAMCRITERIA -removed,-count[avoid-version,changed],-count[version-lag,request],-count[version-lag,changed],-count[missing-depexts,changed],-changed)
 (env OPAMFIXUPCRITERIA -removed,-count[avoid-version,changed],-count[version-lag,request],-count[version-lag,changed],-count[missing-depexts,changed],-changed)
 (env OPAMUPGRADECRITERIA -removed,-count[avoid-version,changed],-count[version-lag,request],-count[version-lag,changed],-count[missing-depexts,changed],-changed)
 (run (cache (opam-archives (target /home/opam/.opam/download-cache)))
      (network host)
      (shell  "opam reinstall equinoxe.0.1.0;\
             \n        res=$?;\
             \n        test \"$res\" != 31 && exit \"$res\";\
             \n        export OPAMCLI=2.0;\
             \n        build_dir=$(opam var prefix)/.opam-switch/build;\
             \n        failed=$(ls \"$build_dir\");\
             \n        partial_fails=\"\";\
             \n        for pkg in $failed; do\
             \n          if opam show -f x-ci-accept-failures: \"$pkg\" | grep -qF \"\\\"debian-12\\\"\"; then\
             \n            echo \"A package failed and has been disabled for CI using the 'x-ci-accept-failures' field.\";\
             \n          fi;\
             \n          test \"$pkg\" != 'equinoxe.0.1.0' && partial_fails=\"$partial_fails $pkg\";\
             \n        done;\
             \n        test \"${partial_fails}\" != \"\" && echo \"opam-repo-ci detected dependencies failing: ${partial_fails}\";\
             \n        exit 1"))
 (env OPAMCRITERIA -removed,-count[avoid-version,changed],-count[version-lag,request],-count[version-lag,changed],-count[missing-depexts,changed],-changed)
 (env OPAMFIXUPCRITERIA -removed,-count[avoid-version,changed],-count[version-lag,request],-count[version-lag,changed],-count[missing-depexts,changed],-changed)
 (env OPAMUPGRADECRITERIA -removed,-count[avoid-version,changed],-count[version-lag,request],-count[version-lag,changed],-count[missing-depexts,changed],-changed)
 (run (network host)
      (shell "(opam reinstall --with-test equinoxe.0.1.0) || true"))
 (run (shell  "opam reinstall --with-test --verbose equinoxe.0.1.0;\
             \n        res=$?;\
             \n        test \"$res\" != 31 && exit \"$res\";\
             \n        export OPAMCLI=2.0;\
             \n        build_dir=$(opam var prefix)/.opam-switch/build;\
             \n        failed=$(ls \"$build_dir\");\
             \n        partial_fails=\"\";\
             \n        for pkg in $failed; do\
             \n          if opam show -f x-ci-accept-failures: \"$pkg\" | grep -qF \"\\\"debian-12\\\"\"; then\
             \n            echo \"A package failed and has been disabled for CI using the 'x-ci-accept-failures' field.\";\
             \n          fi;\
             \n          test \"$pkg\" != 'equinoxe.0.1.0' && partial_fails=\"$partial_fails $pkg\";\
             \n        done;\
             \n        test \"${partial_fails}\" != \"\" && echo \"opam-repo-ci detected dependencies failing: ${partial_fails}\";\
             \n        exit 1"))
)

2024-02-08 13:56.56: Waiting for resource in pool OCluster
2024-02-08 14:20.37: Waiting for worker…
2024-02-08 14:23.20: Got resource from pool OCluster
Building on doris.caelum.ci.dev
All commits already cached
Updating files:  98% (32322/32903)Updating files:  99% (32574/32903)Updating files: 100% (32903/32903)Updating files: 100% (32903/32903), done.
HEAD is now at d87a1eb8c3 Merge pull request #25204 from toots/opam-publish-tls-liquidsoap.1-prometheus-liquidsoap.2-liquidsoap.2.2.4-sdl-liquidsoap.3
Updating d87a1eb8c3..3ecaeddc26
Fast-forward
 .../mirage-flow-combinators.4.0.2/opam             | 38 ++++++++++++++++++++
 .../mirage-flow-unix/mirage-flow-unix.4.0.2/opam   | 40 ++++++++++++++++++++++
 packages/mirage-flow/mirage-flow.4.0.2/opam        | 35 +++++++++++++++++++
 3 files changed, 113 insertions(+)
 create mode 100644 packages/mirage-flow-combinators/mirage-flow-combinators.4.0.2/opam
 create mode 100644 packages/mirage-flow-unix/mirage-flow-unix.4.0.2/opam
 create mode 100644 packages/mirage-flow/mirage-flow.4.0.2/opam

[01;34m(from ocaml/opam:debian-12-ocaml-4.14@sha256:8e390dbf29f7a115e5c8098ffb1a3c7234a873cf738a5ae22f3a4846122db9ef)[0m
[01;2m[01;35m2024-02-08 14:23.29 ---> using "1f16aa8fbc1a229ca02cdf7d8b4234eb4608a9074cec5292a9e72517b48fb577" from cache[0m

[01;34m/: (user (uid 1000) (gid 1000))[0m

[01;34m/: (workdir /home/opam)[0m

[01;34m/home/opam: (run (shell "sudo ln -f /usr/bin/opam-dev /usr/bin/opam"))[0m
[01;2m[01;35m2024-02-08 14:23.29 ---> using "75d93e6613a2cec85fabef9cb6d3b5287031382730d375d5397a5eb756e5ed3b" from cache[0m

[01;34m/home/opam: (run (network host)
                 (shell "opam init --reinit --config .opamrc-sandbox -ni"))[0m
Configuring from /home/opam/.opamrc-sandbox, then /home/opam/.opamrc, and finally from built-in defaults.
Checking for available remotes: rsync and local, git.
  - you won't be able to use mercurial repositories unless you install the hg command on your system.
  - you won't be able to use darcs repositories unless you install the darcs command on your system.

This development version of opam requires an update to the layout of /home/opam/.opam from version 2.0 to version 2.2~alpha, which can't be reverted.
You may want to back it up before going further.

Continue? [y/n] y
Format upgrade done.

<><> Updating repositories ><><><><><><><><><><><><><><><><><><><><><><><><><><>
[default] synchronised from file:///home/opam/opam-repository
[01;2m[01;35m2024-02-08 14:23.29 ---> using "71aa703e96bf642d5c39e37e861d8503933858464bdd95a29c8701b7a438ce2b" from cache[0m

[01;34m/home/opam: (env OPAMDOWNLOADJOBS 1)[0m

[01;34m/home/opam: (env OPAMERRLOGLEN 0)[0m

[01;34m/home/opam: (env OPAMSOLVERTIMEOUT 500)[0m

[01;34m/home/opam: (env OPAMPRECISETRACKING 1)[0m

[01;34m/home/opam: (env CI true)[0m

[01;34m/home/opam: (env OPAM_REPO_CI true)[0m

[01;34m/home/opam: (run (shell "rm -rf opam-repository/"))[0m
[01;2m[01;35m2024-02-08 14:23.29 ---> using "040015221b8d8f99ca21da1165c72f00aa2e099ee90ac8fb5993294c121d43de" from cache[0m

[01;34m/home/opam: (copy (src .) (dst opam-repository/))[0m
[01;2m[01;35m2024-02-08 14:23.30 ---> using "56dba517f490ccd0926cafb53045c01522f4a2ac9e1439147de541417318826a" from cache[0m

[01;34m/home/opam: (run (shell "opam repository set-url --strict default opam-repository/"))[0m
[default] Initialised
[01;2m[01;35m2024-02-08 14:23.30 ---> using "c370b80c914d6a5d894afb880627f1e42614a737f69f863e415c1aeb1c435e67" from cache[0m

[01;34m/home/opam: (run (network host)
                 (shell "opam update --depexts || true"))[0m
+ /usr/bin/sudo "apt-get" "update"
- Hit:1 http://deb.debian.org/debian bookworm InRelease
- Get:2 http://deb.debian.org/debian bookworm-updates InRelease [52.1 kB]
- Get:3 http://deb.debian.org/debian-security bookworm-security InRelease [48.0 kB]
- Get:4 http://deb.debian.org/debian-security bookworm-security/main amd64 Packages [137 kB]
- Fetched 237 kB in 0s (974 kB/s)
- Reading package lists...
[01;2m[01;35m2024-02-08 14:23.30 ---> using "ec98de53f92991fea56c35db5f00caeeb31deff91ebbea31a1d0e0a6afbcd90e" from cache[0m

[01;34m/home/opam: (env OPAMCRITERIA -removed,-count[avoid-version,changed],-count[version-lag,request],-count[version-lag,changed],-count[missing-depexts,changed],-changed)[0m

[01;34m/home/opam: (env OPAMFIXUPCRITERIA -removed,-count[avoid-version,changed],-count[version-lag,request],-count[version-lag,changed],-count[missing-depexts,changed],-changed)[0m

[01;34m/home/opam: (env OPAMUPGRADECRITERIA -removed,-count[avoid-version,changed],-count[version-lag,request],-count[version-lag,changed],-count[missing-depexts,changed],-changed)[0m

[01;34m/home/opam: (run (shell "opam pin add -k version -yn mirage-flow.4.0.2 4.0.2"))[0m
mirage-flow is now pinned to version 4.0.2
[01;2m[01;35m2024-02-08 14:23.30 ---> using "a630bd247b1112f985a629b54df5483f299d1b9caa125b577d2fc05c1b2db690" from cache[0m

[01;34m/home/opam: (run (cache (opam-archives (target /home/opam/.opam/download-cache)))
                 (network host)
                 (shell  "opam reinstall mirage-flow.4.0.2;\
                        \n        res=$?;\
                        \n        test \"$res\" != 31 && exit \"$res\";\
                        \n        export OPAMCLI=2.0;\
                        \n        build_dir=$(opam var prefix)/.opam-switch/build;\
                        \n        failed=$(ls \"$build_dir\");\
                        \n        partial_fails=\"\";\
                        \n        for pkg in $failed; do\
                        \n          if opam show -f x-ci-accept-failures: \"$pkg\" | grep -qF \"\\\"debian-12\\\"\"; then\
                        \n            echo \"A package failed and has been disabled for CI using the 'x-ci-accept-failures' field.\";\
                        \n          fi;\
                        \n          test \"$pkg\" != 'mirage-flow.4.0.2' && partial_fails=\"$partial_fails $pkg\";\
                        \n        done;\
                        \n        test \"${partial_fails}\" != \"\" && echo \"opam-repo-ci detected dependencies failing: ${partial_fails}\";\
                        \n        exit 1"))[0m
mirage-flow.4.0.2 is not installed. Install it? [y/n] y
The following actions will be performed:
=== install 13 packages
  - install base-bytes        base           [required by ocplib-endian]
  - install cppo              1.6.9          [required by lwt]
  - install csexp             1.5.2          [required by dune-configurator]
  - install cstruct           6.2.0          [required by mirage-flow]
  - install dune              3.13.1         [required by mirage-flow]
  - install dune-configurator 3.13.1         [required by lwt]
  - install fmt               0.9.0          [required by mirage-flow]
  - install lwt               5.7.0          [required by mirage-flow]
  - install mirage-flow       4.0.2 (pinned)
  - install ocamlbuild        0.14.3         [required by fmt]
  - install ocamlfind         1.9.6          [required by fmt]
  - install ocplib-endian     1.2            [required by lwt]
  - install topkg             1.0.7          [required by fmt]

<><> Processing actions <><><><><><><><><><><><><><><><><><><><><><><><><><><><>
-> retrieved cppo.1.6.9  (cached)
-> retrieved csexp.1.5.2  (cached)
-> retrieved cstruct.6.2.0  (cached)
-> retrieved dune.3.13.1, dune-configurator.3.13.1  (cached)
-> retrieved fmt.0.9.0  (cached)
-> retrieved lwt.5.7.0  (cached)
-> retrieved mirage-flow.4.0.2  (cached)
-> retrieved ocamlbuild.0.14.3  (cached)
-> retrieved ocamlfind.1.9.6  (cached)
-> retrieved ocplib-endian.1.2  (cached)
-> retrieved topkg.1.0.7  (cached)
-> installed ocamlfind.1.9.6
-> installed base-bytes.base
-> installed ocamlbuild.0.14.3
-> installed topkg.1.0.7
-> installed fmt.0.9.0
-> installed dune.3.13.1
-> installed csexp.1.5.2
-> installed cstruct.6.2.0
-> installed cppo.1.6.9
-> installed ocplib-endian.1.2
-> installed dune-configurator.3.13.1
-> installed lwt.5.7.0
-> installed mirage-flow.4.0.2
Done.
# Run eval $(opam env) to update the current shell environment
[01;2m[01;35m2024-02-08 14:23.30 ---> using "650f58d3d5afa682092355132968bd69e68e75b3261529b4cd35288a4fd18724" from cache[0m

[01;34m/home/opam: (env OPAMCRITERIA -removed,-count[avoid-version,changed],-count[version-lag,request],-count[version-lag,changed],-count[missing-depexts,changed],-changed)[0m

[01;34m/home/opam: (env OPAMFIXUPCRITERIA -removed,-count[avoid-version,changed],-count[version-lag,request],-count[version-lag,changed],-count[missing-depexts,changed],-changed)[0m

[01;34m/home/opam: (env OPAMUPGRADECRITERIA -removed,-count[avoid-version,changed],-count[version-lag,request],-count[version-lag,changed],-count[missing-depexts,changed],-changed)[0m

[01;34m/home/opam: (run (cache (opam-archives (target /home/opam/.opam/download-cache)))
                 (network host)
                 (shell  "opam reinstall equinoxe.0.1.0;\
                        \n        res=$?;\
                        \n        test \"$res\" != 31 && exit \"$res\";\
                        \n        export OPAMCLI=2.0;\
                        \n        build_dir=$(opam var prefix)/.opam-switch/build;\
                        \n        failed=$(ls \"$build_dir\");\
                        \n        partial_fails=\"\";\
                        \n        for pkg in $failed; do\
                        \n          if opam show -f x-ci-accept-failures: \"$pkg\" | grep -qF \"\\\"debian-12\\\"\"; then\
                        \n            echo \"A package failed and has been disabled for CI using the 'x-ci-accept-failures' field.\";\
                        \n          fi;\
                        \n          test \"$pkg\" != 'equinoxe.0.1.0' && partial_fails=\"$partial_fails $pkg\";\
                        \n        done;\
                        \n        test \"${partial_fails}\" != \"\" && echo \"opam-repo-ci detected dependencies failing: ${partial_fails}\";\
                        \n        exit 1"))[0m
equinoxe.0.1.0 is not installed. Install it? [y/n] y
[ERROR] Sorry, resolution of the request timed out.
        Try to specify a more precise request, use a different solver, or increase the allowed time by setting OPAMSOLVERTIMEOUT to a bigger value (currently, it is set to 500.0 seconds).
"/usr/bin/env" "bash" "-c" "opam reinstall equinoxe.0.1.0;
        res=$?;
        test "$res" != 31 && exit "$res";
        export OPAMCLI=2.0;
        build_dir=$(opam var prefix)/.opam-switch/build;
        failed=$(ls "$build_dir");
        partial_fails="";
        for pkg in $failed; do
          if opam show -f x-ci-accept-failures: "$pkg" | grep -qF "\"debian-12\""; then
            echo "A package failed and has been disabled for CI using the 'x-ci-accept-failures' field.";
          fi;
          test "$pkg" != 'equinoxe.0.1.0' && partial_fails="$partial_fails $pkg";
        done;
        test "${partial_fails}" != "" && echo "opam-repo-ci detected dependencies failing: ${partial_fails}";
        exit 1" failed with exit status 60
2024-02-08 14:32.05: Job failed: Failed: Build failed
2024-02-08 14:32.05: Log analysis:
2024-02-08 14:32.05: >>> 
[ERROR] Sorry, resolution of the request timed out.
 (score = 20)
2024-02-08 14:32.05: Sorry, resolution of the request timed out.
