2024-11-27 09:47.34: New job: test js_of_ocaml-toplevel.6.0.0, using opam dev
                              from https://github.com/ocaml/opam-repository.git#refs/pull/26971/head (786b392ff23317513c09a92944451877820a5a4b)
                              on debian-12-ocaml-4.11/amd64

To reproduce locally:

cd $(mktemp -d)
git clone --recursive "https://github.com/ocaml/opam-repository.git" && cd "opam-repository" && git fetch origin "refs/pull/26971/head" && git reset --hard 786b392f
git fetch origin master
git merge --no-edit 99bc90ff813af4d02cb0627f6b3e5a8c84e2e04a
cat > ../Dockerfile <<'END-OF-DOCKERFILE'
[34mFROM ocaml/opam:debian-12-ocaml-4.11@sha256:8ab6c54b4e03e84c59aa5a84dd45fdc23811ed6fdb7a0427610df8ebfc515b31
USER 1000:1000
WORKDIR /home/opam
RUN sudo ln -f /usr/bin/opam-dev /usr/bin/opam
RUN opam init --reinit -ni
RUN uname -rs && opam exec -- ocaml -version && opam --version
ENV OPAMDOWNLOADJOBS="1"
ENV OPAMERRLOGLEN="0"
ENV OPAMSOLVERTIMEOUT="1000"
ENV OPAMPRECISETRACKING="1"
ENV CI="true"
ENV OPAM_REPO_CI="true"
RUN rm -rf opam-repository/
COPY --chown=1000:1000 . opam-repository/
RUN opam repository set-url --strict default opam-repository/
RUN opam update --depexts || true
RUN opam pin add -k version -yn js_of_ocaml-toplevel.6.0.0 6.0.0
RUN opam reinstall js_of_ocaml-toplevel.6.0.0; \
    res=$?; \
    test "$res" != 31 && exit "$res"; \
    export OPAMCLI=2.0; \
    build_dir=$(opam var prefix)/.opam-switch/build; \
    failed=$(ls "$build_dir"); \
    partial_fails=""; \
    for pkg in $failed; do \
    if opam show -f x-ci-accept-failures: "$pkg" | grep -qF "\"debian-12\""; then \
    echo "A package failed and has been disabled for CI using the 'x-ci-accept-failures' field."; \
    fi; \
    test "$pkg" != 'js_of_ocaml-toplevel.6.0.0' && partial_fails="$partial_fails $pkg"; \
    done; \
    test "${partial_fails}" != "" && echo "opam-repo-ci detected dependencies failing: ${partial_fails}"; \
    exit 1
RUN (opam reinstall --with-test js_of_ocaml-toplevel.6.0.0) || true
RUN opam reinstall --with-test --verbose js_of_ocaml-toplevel.6.0.0; \
    res=$?; \
    test "$res" != 31 && exit "$res"; \
    export OPAMCLI=2.0; \
    build_dir=$(opam var prefix)/.opam-switch/build; \
    failed=$(ls "$build_dir"); \
    partial_fails=""; \
    for pkg in $failed; do \
    if opam show -f x-ci-accept-failures: "$pkg" | grep -qF "\"debian-12\""; then \
    echo "A package failed and has been disabled for CI using the 'x-ci-accept-failures' field."; \
    fi; \
    test "$pkg" != 'js_of_ocaml-toplevel.6.0.0' && partial_fails="$partial_fails $pkg"; \
    done; \
    test "${partial_fails}" != "" && echo "opam-repo-ci detected dependencies failing: ${partial_fails}"; \
    exit 1
[0m
END-OF-DOCKERFILE
docker build -f ../Dockerfile .

2024-11-27 09:47.34: Using cache hint "ocaml/opam:debian-12-ocaml-4.11@sha256:8ab6c54b4e03e84c59aa5a84dd45fdc23811ed6fdb7a0427610df8ebfc515b31-js_of_ocaml-toplevel.6.0.0-786b392ff23317513c09a92944451877820a5a4b"
2024-11-27 09:47.34: Using OBuilder spec:
((from ocaml/opam:debian-12-ocaml-4.11@sha256:8ab6c54b4e03e84c59aa5a84dd45fdc23811ed6fdb7a0427610df8ebfc515b31)
 (user (uid 1000) (gid 1000))
 (workdir /home/opam)
 (run (shell "sudo ln -f /usr/bin/opam-dev /usr/bin/opam"))
 (run (network host)
      (shell "opam init --reinit --config .opamrc-sandbox -ni"))
 (run (shell "uname -rs && opam exec -- ocaml -version && opam --version"))
 (env OPAMDOWNLOADJOBS 1)
 (env OPAMERRLOGLEN 0)
 (env OPAMSOLVERTIMEOUT 1000)
 (env OPAMPRECISETRACKING 1)
 (env CI true)
 (env OPAM_REPO_CI true)
 (run (shell "rm -rf opam-repository/"))
 (copy (src .) (dst opam-repository/))
 (run (shell "opam repository set-url --strict default opam-repository/"))
 (run (network host)
      (shell "opam update --depexts || true"))
 (run (shell "opam pin add -k version -yn js_of_ocaml-toplevel.6.0.0 6.0.0"))
 (run (cache (opam-archives (target /home/opam/.opam/download-cache)))
      (network host)
      (shell  "opam reinstall js_of_ocaml-toplevel.6.0.0;\
             \n        res=$?;\
             \n        test \"$res\" != 31 && exit \"$res\";\
             \n        export OPAMCLI=2.0;\
             \n        build_dir=$(opam var prefix)/.opam-switch/build;\
             \n        failed=$(ls \"$build_dir\");\
             \n        partial_fails=\"\";\
             \n        for pkg in $failed; do\
             \n          if opam show -f x-ci-accept-failures: \"$pkg\" | grep -qF \"\\\"debian-12\\\"\"; then\
             \n            echo \"A package failed and has been disabled for CI using the 'x-ci-accept-failures' field.\";\
             \n          fi;\
             \n          test \"$pkg\" != 'js_of_ocaml-toplevel.6.0.0' && partial_fails=\"$partial_fails $pkg\";\
             \n        done;\
             \n        test \"${partial_fails}\" != \"\" && echo \"opam-repo-ci detected dependencies failing: ${partial_fails}\";\
             \n        exit 1"))
 (run (network host)
      (shell "(opam reinstall --with-test js_of_ocaml-toplevel.6.0.0) || true"))
 (run (shell  "opam reinstall --with-test --verbose js_of_ocaml-toplevel.6.0.0;\
             \n        res=$?;\
             \n        test \"$res\" != 31 && exit \"$res\";\
             \n        export OPAMCLI=2.0;\
             \n        build_dir=$(opam var prefix)/.opam-switch/build;\
             \n        failed=$(ls \"$build_dir\");\
             \n        partial_fails=\"\";\
             \n        for pkg in $failed; do\
             \n          if opam show -f x-ci-accept-failures: \"$pkg\" | grep -qF \"\\\"debian-12\\\"\"; then\
             \n            echo \"A package failed and has been disabled for CI using the 'x-ci-accept-failures' field.\";\
             \n          fi;\
             \n          test \"$pkg\" != 'js_of_ocaml-toplevel.6.0.0' && partial_fails=\"$partial_fails $pkg\";\
             \n        done;\
             \n        test \"${partial_fails}\" != \"\" && echo \"opam-repo-ci detected dependencies failing: ${partial_fails}\";\
             \n        exit 1"))
)

2024-11-27 09:47.34: Waiting for resource in pool OCluster
2024-11-27 09:47.39: Waiting for worker…
2024-11-27 09:49.37: Got resource from pool OCluster
Building on x86-bm-c10.sw.ocaml.org
All commits already cached
Updating files:  82% (26965/32738)Updating files:  83% (27173/32738)Updating files:  84% (27500/32738)Updating files:  85% (27828/32738)Updating files:  86% (28155/32738)Updating files:  87% (28483/32738)Updating files:  88% (28810/32738)Updating files:  89% (29137/32738)Updating files:  90% (29465/32738)Updating files:  91% (29792/32738)Updating files:  92% (30119/32738)Updating files:  93% (30447/32738)Updating files:  94% (30774/32738)Updating files:  95% (31102/32738)Updating files:  96% (31429/32738)Updating files:  97% (31756/32738)Updating files:  98% (32084/32738)Updating files:  99% (32411/32738)Updating files: 100% (32738/32738)Updating files: 100% (32738/32738), done.
HEAD is now at 99bc90ff81 Merge pull request #26955 from eponier/jasmin.2024.07.2
Updating 99bc90ff81..786b392ff2
Fast-forward
 .../js_of_ocaml-compiler.6.0.0/opam                | 56 ++++++++++++++++++++++
 .../js_of_ocaml-lwt/js_of_ocaml-lwt.6.0.0/opam     | 48 +++++++++++++++++++
 .../js_of_ocaml-ppx/js_of_ocaml-ppx.6.0.0/opam     | 45 +++++++++++++++++
 .../js_of_ocaml-ppx_deriving_json.6.0.0/opam       | 45 +++++++++++++++++
 .../js_of_ocaml-toplevel.6.0.0/opam                | 48 +++++++++++++++++++
 .../js_of_ocaml-tyxml/js_of_ocaml-tyxml.6.0.0/opam | 49 +++++++++++++++++++
 packages/js_of_ocaml/js_of_ocaml.6.0.0/opam        | 45 +++++++++++++++++
 7 files changed, 336 insertions(+)
 create mode 100644 packages/js_of_ocaml-compiler/js_of_ocaml-compiler.6.0.0/opam
 create mode 100644 packages/js_of_ocaml-lwt/js_of_ocaml-lwt.6.0.0/opam
 create mode 100644 packages/js_of_ocaml-ppx/js_of_ocaml-ppx.6.0.0/opam
 create mode 100644 packages/js_of_ocaml-ppx_deriving_json/js_of_ocaml-ppx_deriving_json.6.0.0/opam
 create mode 100644 packages/js_of_ocaml-toplevel/js_of_ocaml-toplevel.6.0.0/opam
 create mode 100644 packages/js_of_ocaml-tyxml/js_of_ocaml-tyxml.6.0.0/opam
 create mode 100644 packages/js_of_ocaml/js_of_ocaml.6.0.0/opam

[01;34m(from ocaml/opam:debian-12-ocaml-4.11@sha256:8ab6c54b4e03e84c59aa5a84dd45fdc23811ed6fdb7a0427610df8ebfc515b31)[0m
Unable to find image 'ocaml/opam:debian-12-ocaml-4.11@sha256:8ab6c54b4e03e84c59aa5a84dd45fdc23811ed6fdb7a0427610df8ebfc515b31' locally
docker.io/ocaml/opam@sha256:8ab6c54b4e03e84c59aa5a84dd45fdc23811ed6fdb7a0427610df8ebfc515b31: Pulling from ocaml/opam
5204f8c52f63: Pulling fs layer
5204f8c52f63: Verifying Checksum
5204f8c52f63: Download complete
5204f8c52f63: Pull complete
Digest: sha256:8ab6c54b4e03e84c59aa5a84dd45fdc23811ed6fdb7a0427610df8ebfc515b31
Status: Downloaded newer image for ocaml/opam@sha256:8ab6c54b4e03e84c59aa5a84dd45fdc23811ed6fdb7a0427610df8ebfc515b31
[01;2m[01;35m2024-11-27 09:50.05 ---> saved as "883e7626f8750967134f49cc05797529165f8d0c70f5bb846b299c76c54f8718"[0m

[01;34m/: (user (uid 1000) (gid 1000))[0m

[01;34m/: (workdir /home/opam)[0m

[01;34m/home/opam: (run (shell "sudo ln -f /usr/bin/opam-dev /usr/bin/opam"))[0m
[01;2m[01;35m2024-11-27 09:50.05 ---> saved as "e167aafd7b221abcb5874f45f81f9d48d04709c924f9769a6a52dd0e68be6e37"[0m

[01;34m/home/opam: (run (network host)
                 (shell "opam init --reinit --config .opamrc-sandbox -ni"))[0m
Configuring from /home/opam/.opamrc-sandbox, then /home/opam/.opamrc, and finally from built-in defaults.
Checking for available remotes: rsync and local, git.
  - you won't be able to use mercurial repositories unless you install the hg command on your system.
  - you won't be able to use darcs repositories unless you install the darcs command on your system.

This development version of opam requires an update to the layout of /home/opam/.opam from version 2.0 to version 2.2, which can't be reverted.
You may want to back it up before going further.

Continue? [Y/n] y
Format upgrade done.

<><> Updating repositories ><><><><><><><><><><><><><><><><><><><><><><><><><><>
[default] synchronised from file:///home/opam/opam-repository
[01;2m[01;35m2024-11-27 09:51.35 ---> saved as "2aaed50c6f761423738c616a123c55bef18b834f7ae961dbaea1945cd20a5b45"[0m

[01;34m/home/opam: (run (shell "uname -rs && opam exec -- ocaml -version && opam --version"))[0m
Linux 5.15.0-126-generic
The OCaml toplevel, version 4.11.2
2.4.0~alpha1~dev
[01;2m[01;35m2024-11-27 09:51.35 ---> saved as "f45abc739f9eb6b51dcdd08c8e7c388456d17e2c31dae3325e4bf03ce4fb9845"[0m

[01;34m/home/opam: (env OPAMDOWNLOADJOBS 1)[0m

[01;34m/home/opam: (env OPAMERRLOGLEN 0)[0m

[01;34m/home/opam: (env OPAMSOLVERTIMEOUT 1000)[0m

[01;34m/home/opam: (env OPAMPRECISETRACKING 1)[0m

[01;34m/home/opam: (env CI true)[0m

[01;34m/home/opam: (env OPAM_REPO_CI true)[0m

[01;34m/home/opam: (run (shell "rm -rf opam-repository/"))[0m
[01;2m[01;35m2024-11-27 09:51.42 ---> saved as "310fba789f195bbea68fc654577c57d4211c276328c1599cf1109fcc212936da"[0m

[01;34m/home/opam: (copy (src .) (dst opam-repository/))[0m
[01;2m[01;35m2024-11-27 09:51.56 ---> saved as "d6e440aa5a05ef57f4b3d2cbebf4097af846693502c9ae9f2c9c607ab2a2b4b4"[0m

[01;34m/home/opam: (run (shell "opam repository set-url --strict default opam-repository/"))[0m
[default] Initialised
[01;2m[01;35m2024-11-27 09:52.53 ---> saved as "43e34d5eac828975d8a89d8a5bcca8383808cdc1d0e94f9acf808ea779aff3ea"[0m

[01;34m/home/opam: (run (network host)
                 (shell "opam update --depexts || true"))[0m
+ /usr/bin/sudo "apt-get" "update"
- Hit:1 http://deb.debian.org/debian bookworm InRelease
- Get:2 http://deb.debian.org/debian bookworm-updates InRelease [55.4 kB]
- Get:3 http://deb.debian.org/debian-security bookworm-security InRelease [48.0 kB]
- Get:4 http://deb.debian.org/debian-security bookworm-security/main amd64 Packages [205 kB]
- Fetched 309 kB in 0s (1259 kB/s)
- Reading package lists...
[01;2m[01;35m2024-11-27 09:52.54 ---> saved as "bea3279c33c8368f4073b9e321d57821b6024dad89b68f1bd17274f38b4d23da"[0m

[01;34m/home/opam: (run (shell "opam pin add -k version -yn js_of_ocaml-toplevel.6.0.0 6.0.0"))[0m
js_of_ocaml-toplevel is now pinned to version 6.0.0
[01;2m[01;35m2024-11-27 09:52.55 ---> saved as "22ae7a582d12358aa2ccaab5913bd8f49a191bb12251adf13e15559056abd1d9"[0m

[01;34m/home/opam: (run (cache (opam-archives (target /home/opam/.opam/download-cache)))
                 (network host)
                 (shell  "opam reinstall js_of_ocaml-toplevel.6.0.0;\
                        \n        res=$?;\
                        \n        test \"$res\" != 31 && exit \"$res\";\
                        \n        export OPAMCLI=2.0;\
                        \n        build_dir=$(opam var prefix)/.opam-switch/build;\
                        \n        failed=$(ls \"$build_dir\");\
                        \n        partial_fails=\"\";\
                        \n        for pkg in $failed; do\
                        \n          if opam show -f x-ci-accept-failures: \"$pkg\" | grep -qF \"\\\"debian-12\\\"\"; then\
                        \n            echo \"A package failed and has been disabled for CI using the 'x-ci-accept-failures' field.\";\
                        \n          fi;\
                        \n          test \"$pkg\" != 'js_of_ocaml-toplevel.6.0.0' && partial_fails=\"$partial_fails $pkg\";\
                        \n        done;\
                        \n        test \"${partial_fails}\" != \"\" && echo \"opam-repo-ci detected dependencies failing: ${partial_fails}\";\
                        \n        exit 1"))[0m
js_of_ocaml-toplevel.6.0.0 is not installed. Install it? [Y/n] y
The following actions will be performed:
=== install 18 packages
  - install cmdliner             1.3.0          [required by js_of_ocaml-compiler]
  - install dune                 3.16.1         [required by js_of_ocaml-toplevel]
  - install gen                  1.1            [required by sedlex]
  - install js_of_ocaml-compiler 6.0.0          [required by js_of_ocaml-toplevel]
  - install js_of_ocaml-toplevel 6.0.0 (pinned)
  - install menhir               20240715       [required by js_of_ocaml-compiler]
  - install menhirCST            20240715       [required by menhir]
  - install menhirLib            20240715       [required by js_of_ocaml-compiler]
  - install menhirSdk            20240715       [required by js_of_ocaml-compiler]
  - install ocaml-compiler-libs  v0.12.4        [required by ppxlib]
  - install ocamlfind            1.9.6          [required by js_of_ocaml-toplevel]
  - install ppx_derivers         1.2.1          [required by ppxlib]
  - install ppxlib               0.33.0         [required by js_of_ocaml-toplevel]
  - install sedlex               3.3            [required by js_of_ocaml-compiler]
  - install seq                  base           [required by yojson]
  - install sexplib0             v0.16.0        [required by ppxlib]
  - install stdlib-shims         0.3.0          [required by ppxlib]
  - install yojson               2.2.2          [required by js_of_ocaml-compiler]

<><> Processing actions <><><><><><><><><><><><><><><><><><><><><><><><><><><><>
-> retrieved cmdliner.1.3.0  (cached)
-> retrieved dune.3.16.1  (cached)
-> retrieved gen.1.1  (cached)
-> retrieved js_of_ocaml-compiler.6.0.0, js_of_ocaml-toplevel.6.0.0  (cached)
-> retrieved menhir.20240715, menhirCST.20240715, menhirLib.20240715, menhirSdk.20240715  (cached)
-> retrieved ocaml-compiler-libs.v0.12.4  (cached)
-> retrieved ocamlfind.1.9.6  (cached)
-> installed cmdliner.1.3.0
-> retrieved ppx_derivers.1.2.1  (cached)
-> retrieved ppxlib.0.33.0  (cached)
-> retrieved sedlex.3.3  (cached)
-> retrieved seq.base  (cached)
-> installed seq.base
-> retrieved sexplib0.v0.16.0  (cached)
-> retrieved stdlib-shims.0.3.0  (cached)
-> retrieved yojson.2.2.2  (cached)
-> installed ocamlfind.1.9.6
-> installed dune.3.16.1
-> installed menhirCST.20240715
-> installed ppx_derivers.1.2.1
-> installed stdlib-shims.0.3.0
-> installed menhirSdk.20240715
-> installed gen.1.1
-> installed sexplib0.v0.16.0
-> installed menhirLib.20240715
-> installed ocaml-compiler-libs.v0.12.4
-> installed yojson.2.2.2
-> installed menhir.20240715
-> installed ppxlib.0.33.0
-> installed sedlex.3.3
-> installed js_of_ocaml-compiler.6.0.0
-> installed js_of_ocaml-toplevel.6.0.0
Done.
# To update the current shell environment, run: eval $(opam env)
[01;2m[01;35m2024-11-27 09:54.24 ---> saved as "37c58e2cd85af055612a7744b10229d4da04e5a80a998492b2e11c96324760ee"[0m

[01;34m/home/opam: (run (network host)
                 (shell "(opam reinstall --with-test js_of_ocaml-toplevel.6.0.0) || true"))[0m
[ERROR] Sorry, resolution of the request timed out.
        Try to specify a more precise request, use a different solver, or increase the allowed time by setting OPAMSOLVERTIMEOUT to a bigger value (currently, it is set to 1000.0 seconds).
[01;2m[01;35m2024-11-27 10:11.24 ---> saved as "eb26a1747d9b911f1b3041a84837bddbbecd1f691dee5c538d540f1259127391"[0m

[01;34m/home/opam: (run (shell  "opam reinstall --with-test --verbose js_of_ocaml-toplevel.6.0.0;\
                        \n        res=$?;\
                        \n        test \"$res\" != 31 && exit \"$res\";\
                        \n        export OPAMCLI=2.0;\
                        \n        build_dir=$(opam var prefix)/.opam-switch/build;\
                        \n        failed=$(ls \"$build_dir\");\
                        \n        partial_fails=\"\";\
                        \n        for pkg in $failed; do\
                        \n          if opam show -f x-ci-accept-failures: \"$pkg\" | grep -qF \"\\\"debian-12\\\"\"; then\
                        \n            echo \"A package failed and has been disabled for CI using the 'x-ci-accept-failures' field.\";\
                        \n          fi;\
                        \n          test \"$pkg\" != 'js_of_ocaml-toplevel.6.0.0' && partial_fails=\"$partial_fails $pkg\";\
                        \n        done;\
                        \n        test \"${partial_fails}\" != \"\" && echo \"opam-repo-ci detected dependencies failing: ${partial_fails}\";\
                        \n        exit 1"))[0m
[ERROR] Sorry, resolution of the request timed out.
        Try to specify a more precise request, use a different solver, or increase the allowed time by setting OPAMSOLVERTIMEOUT to a bigger value (currently, it is set to 1000.0 seconds).
'opam reinstall --with-test --verbose js_of_ocaml-toplevel.6.0.0' failed.
"/usr/bin/env" "bash" "-c" "opam reinstall --with-test --verbose js_of_ocaml-toplevel.6.0.0;
        res=$?;
        test "$res" != 31 && exit "$res";
        export OPAMCLI=2.0;
        build_dir=$(opam var prefix)/.opam-switch/build;
        failed=$(ls "$build_dir");
        partial_fails="";
        for pkg in $failed; do
          if opam show -f x-ci-accept-failures: "$pkg" | grep -qF "\"debian-12\""; then
            echo "A package failed and has been disabled for CI using the 'x-ci-accept-failures' field.";
          fi;
          test "$pkg" != 'js_of_ocaml-toplevel.6.0.0' && partial_fails="$partial_fails $pkg";
        done;
        test "${partial_fails}" != "" && echo "opam-repo-ci detected dependencies failing: ${partial_fails}";
        exit 1" failed with exit status 60
2024-11-27 10:28.33: Job failed: Failed: Build failed
2024-11-27 10:28.33: Log analysis:
2024-11-27 10:28.33: >>> 
[ERROR] Sorry, resolution of the request timed out.
 (score = 20)
2024-11-27 10:28.33: >>> 
[ERROR] Sorry, resolution of the request timed out.
 (score = 20)
2024-11-27 10:28.33: Sorry, resolution of the request timed out.
