2024-11-27 09:47.37: New job: test js_of_ocaml-toplevel.6.0.0, using opam dev
                              from https://github.com/ocaml/opam-repository.git#refs/pull/26971/head (786b392ff23317513c09a92944451877820a5a4b)
                              on freebsd-ocaml-4.14/amd64

To reproduce locally:

cd $(mktemp -d)
git clone --recursive "https://github.com/ocaml/opam-repository.git" && cd "opam-repository" && git fetch origin "refs/pull/26971/head" && git reset --hard 786b392f
git fetch origin master
git merge --no-edit 99bc90ff813af4d02cb0627f6b3e5a8c84e2e04a
cat > ../Dockerfile <<'END-OF-DOCKERFILE'
[34mFROM freebsd-ocaml-4.14
USER 1000:1000
WORKDIR /home/opam
RUN sudo ln -f /usr/local/bin/opam-dev /usr/local/bin/opam
RUN opam init --reinit -ni
RUN uname -rs && opam exec -- ocaml -version && opam --version
ENV OPAMDOWNLOADJOBS="1"
ENV OPAMERRLOGLEN="0"
ENV OPAMSOLVERTIMEOUT="1000"
ENV OPAMPRECISETRACKING="1"
ENV CI="true"
ENV OPAM_REPO_CI="true"
RUN rm -rf opam-repository/
COPY --chown=1000:1000 . opam-repository/
RUN opam repository set-url --strict default opam-repository/
RUN opam update --depexts || true
RUN opam pin add -k version -yn js_of_ocaml-toplevel.6.0.0 6.0.0
RUN opam reinstall js_of_ocaml-toplevel.6.0.0; \
    res=$?; \
    test "$res" != 31 && exit "$res"; \
    export OPAMCLI=2.0; \
    build_dir=$(opam var prefix)/.opam-switch/build; \
    failed=$(ls "$build_dir"); \
    partial_fails=""; \
    for pkg in $failed; do \
    if opam show -f x-ci-accept-failures: "$pkg" | grep -qF "\"freebsd\""; then \
    echo "A package failed and has been disabled for CI using the 'x-ci-accept-failures' field."; \
    fi; \
    test "$pkg" != 'js_of_ocaml-toplevel.6.0.0' && partial_fails="$partial_fails $pkg"; \
    done; \
    test "${partial_fails}" != "" && echo "opam-repo-ci detected dependencies failing: ${partial_fails}"; \
    exit 1
RUN (opam reinstall --with-test js_of_ocaml-toplevel.6.0.0) || true
RUN opam reinstall --with-test --verbose js_of_ocaml-toplevel.6.0.0; \
    res=$?; \
    test "$res" != 31 && exit "$res"; \
    export OPAMCLI=2.0; \
    build_dir=$(opam var prefix)/.opam-switch/build; \
    failed=$(ls "$build_dir"); \
    partial_fails=""; \
    for pkg in $failed; do \
    if opam show -f x-ci-accept-failures: "$pkg" | grep -qF "\"freebsd\""; then \
    echo "A package failed and has been disabled for CI using the 'x-ci-accept-failures' field."; \
    fi; \
    test "$pkg" != 'js_of_ocaml-toplevel.6.0.0' && partial_fails="$partial_fails $pkg"; \
    done; \
    test "${partial_fails}" != "" && echo "opam-repo-ci detected dependencies failing: ${partial_fails}"; \
    exit 1
[0m
END-OF-DOCKERFILE
docker build -f ../Dockerfile .

2024-11-27 09:47.37: Using cache hint "freebsd-ocaml-4.14-js_of_ocaml-toplevel.6.0.0-786b392ff23317513c09a92944451877820a5a4b"
2024-11-27 09:47.37: Using OBuilder spec:
((from freebsd-ocaml-4.14)
 (user (uid 1000) (gid 1000))
 (workdir /home/opam)
 (run (shell "sudo ln -f /usr/local/bin/opam-dev /usr/local/bin/opam"))
 (run (network host)
      (shell "opam init --reinit -ni"))
 (run (shell "uname -rs && opam exec -- ocaml -version && opam --version"))
 (env OPAMDOWNLOADJOBS 1)
 (env OPAMERRLOGLEN 0)
 (env OPAMSOLVERTIMEOUT 1000)
 (env OPAMPRECISETRACKING 1)
 (env CI true)
 (env OPAM_REPO_CI true)
 (run (shell "rm -rf opam-repository/"))
 (copy (src .) (dst opam-repository/))
 (run (shell "opam repository set-url --strict default opam-repository/"))
 (run (network host)
      (shell "opam update --depexts || true"))
 (run (shell "opam pin add -k version -yn js_of_ocaml-toplevel.6.0.0 6.0.0"))
 (run (cache (opam-archives (target /home/opam/.opam/download-cache)))
      (network host)
      (shell  "opam reinstall js_of_ocaml-toplevel.6.0.0;\
             \n        res=$?;\
             \n        test \"$res\" != 31 && exit \"$res\";\
             \n        export OPAMCLI=2.0;\
             \n        build_dir=$(opam var prefix)/.opam-switch/build;\
             \n        failed=$(ls \"$build_dir\");\
             \n        partial_fails=\"\";\
             \n        for pkg in $failed; do\
             \n          if opam show -f x-ci-accept-failures: \"$pkg\" | grep -qF \"\\\"freebsd\\\"\"; then\
             \n            echo \"A package failed and has been disabled for CI using the 'x-ci-accept-failures' field.\";\
             \n          fi;\
             \n          test \"$pkg\" != 'js_of_ocaml-toplevel.6.0.0' && partial_fails=\"$partial_fails $pkg\";\
             \n        done;\
             \n        test \"${partial_fails}\" != \"\" && echo \"opam-repo-ci detected dependencies failing: ${partial_fails}\";\
             \n        exit 1"))
 (run (network host)
      (shell "(opam reinstall --with-test js_of_ocaml-toplevel.6.0.0) || true"))
 (run (shell  "opam reinstall --with-test --verbose js_of_ocaml-toplevel.6.0.0;\
             \n        res=$?;\
             \n        test \"$res\" != 31 && exit \"$res\";\
             \n        export OPAMCLI=2.0;\
             \n        build_dir=$(opam var prefix)/.opam-switch/build;\
             \n        failed=$(ls \"$build_dir\");\
             \n        partial_fails=\"\";\
             \n        for pkg in $failed; do\
             \n          if opam show -f x-ci-accept-failures: \"$pkg\" | grep -qF \"\\\"freebsd\\\"\"; then\
             \n            echo \"A package failed and has been disabled for CI using the 'x-ci-accept-failures' field.\";\
             \n          fi;\
             \n          test \"$pkg\" != 'js_of_ocaml-toplevel.6.0.0' && partial_fails=\"$partial_fails $pkg\";\
             \n        done;\
             \n        test \"${partial_fails}\" != \"\" && echo \"opam-repo-ci detected dependencies failing: ${partial_fails}\";\
             \n        exit 1"))
)

2024-11-27 09:47.37: Waiting for resource in pool OCluster
2024-11-27 09:47.39: Waiting for worker…
2024-11-27 09:47.39: Got resource from pool OCluster
Building on summer
All commits already cached
Updating files: 100% (32738/32738), done.
HEAD is now at 99bc90ff81 Merge pull request #26955 from eponier/jasmin.2024.07.2
Updating 99bc90ff81..786b392ff2
Fast-forward
 .../js_of_ocaml-compiler.6.0.0/opam                | 56 ++++++++++++++++++++++
 .../js_of_ocaml-lwt/js_of_ocaml-lwt.6.0.0/opam     | 48 +++++++++++++++++++
 .../js_of_ocaml-ppx/js_of_ocaml-ppx.6.0.0/opam     | 45 +++++++++++++++++
 .../js_of_ocaml-ppx_deriving_json.6.0.0/opam       | 45 +++++++++++++++++
 .../js_of_ocaml-toplevel.6.0.0/opam                | 48 +++++++++++++++++++
 .../js_of_ocaml-tyxml/js_of_ocaml-tyxml.6.0.0/opam | 49 +++++++++++++++++++
 packages/js_of_ocaml/js_of_ocaml.6.0.0/opam        | 45 +++++++++++++++++
 7 files changed, 336 insertions(+)
 create mode 100644 packages/js_of_ocaml-compiler/js_of_ocaml-compiler.6.0.0/opam
 create mode 100644 packages/js_of_ocaml-lwt/js_of_ocaml-lwt.6.0.0/opam
 create mode 100644 packages/js_of_ocaml-ppx/js_of_ocaml-ppx.6.0.0/opam
 create mode 100644 packages/js_of_ocaml-ppx_deriving_json/js_of_ocaml-ppx_deriving_json.6.0.0/opam
 create mode 100644 packages/js_of_ocaml-toplevel/js_of_ocaml-toplevel.6.0.0/opam
 create mode 100644 packages/js_of_ocaml-tyxml/js_of_ocaml-tyxml.6.0.0/opam
 create mode 100644 packages/js_of_ocaml/js_of_ocaml.6.0.0/opam

[01;34m(from freebsd-ocaml-4.14)[0m
[01;2m[01;35m2024-11-27 09:37.55 ---> using "57eeeabfec88366322a66f228a693df277d348dc99f1cc2a63749102c5e1e405" from cache[0m

[01;34m/: (user (uid 1000) (gid 1000))[0m

[01;34m/: (workdir /home/opam)[0m

[01;34m/home/opam: (run (shell "sudo ln -f /usr/local/bin/opam-dev /usr/local/bin/opam"))[0m
[01;2m[01;35m2024-11-27 09:37.55 ---> using "85d5eb985f2262919a26a9cdcf048ce0967ef341a4c5d41a4d1a47b077ffa8eb" from cache[0m

[01;34m/home/opam: (run (network host)
                 (shell "opam init --reinit -ni"))[0m
No configuration file found, using built-in defaults.
Checking for available remotes: rsync and local, git.
  - you won't be able to use mercurial repositories unless you install the hg command on your system.
  - you won't be able to use darcs repositories unless you install the darcs command on your system.

This version of opam requires an update to the layout of /home/opam/.opam from version 2.1 to version 2.2, which can't be reverted.
You may want to back it up before going further.

Continue? [y/n] y
[NOTE] The 'jobs' option was reset, its value was 1 and its new value will vary according to the current number of cores on your machine. You can restore the fixed value using:
           opam option jobs=1 --global
Format upgrade done.

<><> Updating repositories ><><><><><><><><><><><><><><><><><><><><><><><><><><>
[default] no changes from git+file:///home/opam/opam-repository
[01;2m[01;35m2024-11-27 09:37.55 ---> using "08e4174ad8cc33ff0dffef40dd5755acd4c7df1ee65b0d98f918f8851b0422be" from cache[0m

[01;34m/home/opam: (run (shell "uname -rs && opam exec -- ocaml -version && opam --version"))[0m
FreeBSD 14.1-RELEASE-p5
The OCaml toplevel, version 4.14.2
2.3.0~rc1
[01;2m[01;35m2024-11-27 09:37.56 ---> using "a624c9a56a657e8f7944ca7b5e274913c647764382db65f778e1fb6ea0cbf8b9" from cache[0m

[01;34m/home/opam: (env OPAMDOWNLOADJOBS 1)[0m

[01;34m/home/opam: (env OPAMERRLOGLEN 0)[0m

[01;34m/home/opam: (env OPAMSOLVERTIMEOUT 1000)[0m

[01;34m/home/opam: (env OPAMPRECISETRACKING 1)[0m

[01;34m/home/opam: (env CI true)[0m

[01;34m/home/opam: (env OPAM_REPO_CI true)[0m

[01;34m/home/opam: (run (shell "rm -rf opam-repository/"))[0m
[01;2m[01;35m2024-11-27 09:37.56 ---> using "1c8f6db45b64e6c81324e9b2dab97f7d37a74106407851fc79799b3e814c9d3a" from cache[0m

[01;34m/home/opam: (copy (src .) (dst opam-repository/))[0m
[01;2m[01;35m2024-11-27 09:38.06 ---> saved as "4e2c0fc127b651b5d067e520d923049ff82f6da9bf71ef0e297aadc6d6427282"[0m

[01;34m/home/opam: (run (shell "opam repository set-url --strict default opam-repository/"))[0m
[default] Initialised
default (at file:///home/opam/opam-repository): 
    [WARNING] opam is out-of-date. Please consider updating it (https://opam.ocaml.org/doc/Install.html)

[01;2m[01;35m2024-11-27 09:38.53 ---> saved as "0f88cbd6c799d14a225ee5a18fb6d4aa09e633a8c84ee04ccbe0d3411fade5d2"[0m

[01;34m/home/opam: (run (network host)
                 (shell "opam update --depexts || true"))[0m
[WARNING] Unknown update command for bsd, skipping system update
[01;2m[01;35m2024-11-27 09:38.59 ---> saved as "89e7bb2c548ea4689fa66cc07192129e2a57aadcb907836f75edb5874cb5b193"[0m

[01;34m/home/opam: (run (shell "opam pin add -k version -yn js_of_ocaml-toplevel.6.0.0 6.0.0"))[0m
js_of_ocaml-toplevel is now pinned to version 6.0.0
[01;2m[01;35m2024-11-27 09:39.03 ---> saved as "99266ed293d61fd3283711db45ed6d8c211b4dcea545c28fac00522bc3f77b72"[0m

[01;34m/home/opam: (run (cache (opam-archives (target /home/opam/.opam/download-cache)))
                 (network host)
                 (shell  "opam reinstall js_of_ocaml-toplevel.6.0.0;\
                        \n        res=$?;\
                        \n        test \"$res\" != 31 && exit \"$res\";\
                        \n        export OPAMCLI=2.0;\
                        \n        build_dir=$(opam var prefix)/.opam-switch/build;\
                        \n        failed=$(ls \"$build_dir\");\
                        \n        partial_fails=\"\";\
                        \n        for pkg in $failed; do\
                        \n          if opam show -f x-ci-accept-failures: \"$pkg\" | grep -qF \"\\\"freebsd\\\"\"; then\
                        \n            echo \"A package failed and has been disabled for CI using the 'x-ci-accept-failures' field.\";\
                        \n          fi;\
                        \n          test \"$pkg\" != 'js_of_ocaml-toplevel.6.0.0' && partial_fails=\"$partial_fails $pkg\";\
                        \n        done;\
                        \n        test \"${partial_fails}\" != \"\" && echo \"opam-repo-ci detected dependencies failing: ${partial_fails}\";\
                        \n        exit 1"))[0m
js_of_ocaml-toplevel.6.0.0 is not installed. Install it? [y/n] y
The following actions will be performed:
=== install 18 packages
  ∗ cmdliner             1.3.0          [required by js_of_ocaml-compiler]
  ∗ dune                 3.16.1         [required by js_of_ocaml-toplevel]
  ∗ gen                  1.1            [required by sedlex]
  ∗ js_of_ocaml-compiler 6.0.0          [required by js_of_ocaml-toplevel]
  ∗ js_of_ocaml-toplevel 6.0.0 (pinned)
  ∗ menhir               20240715       [required by js_of_ocaml-compiler]
  ∗ menhirCST            20240715       [required by menhir]
  ∗ menhirLib            20240715       [required by js_of_ocaml-compiler]
  ∗ menhirSdk            20240715       [required by js_of_ocaml-compiler]
  ∗ ocaml-compiler-libs  v0.12.4        [required by ppxlib]
  ∗ ocamlfind            1.9.6          [required by js_of_ocaml-toplevel]
  ∗ ppx_derivers         1.2.1          [required by ppxlib]
  ∗ ppxlib               0.33.0         [required by js_of_ocaml-toplevel]
  ∗ sedlex               3.3            [required by js_of_ocaml-compiler]
  ∗ seq                  base           [required by yojson]
  ∗ sexplib0             v0.17.0        [required by ppxlib]
  ∗ stdlib-shims         0.3.0          [required by ppxlib]
  ∗ yojson               2.2.2          [required by js_of_ocaml-compiler]

<><> Processing actions <><><><><><><><><><><><><><><><><><><><><><><><><><><><>
⬇ retrieved cmdliner.1.3.0  (cached)
⬇ retrieved dune.3.16.1  (cached)
⬇ retrieved gen.1.1  (cached)
⬇ retrieved js_of_ocaml-compiler.6.0.0, js_of_ocaml-toplevel.6.0.0  (https://github.com/ocaml-wasm/wasm_of_ocaml/archive/refs/tags/6.0.0.tar.gz)
⬇ retrieved menhir.20240715, menhirCST.20240715, menhirLib.20240715, menhirSdk.20240715  (cached)
⬇ retrieved ocaml-compiler-libs.v0.12.4  (cached)
⬇ retrieved ocamlfind.1.9.6  (cached)
⬇ retrieved ppx_derivers.1.2.1  (cached)
∗ installed cmdliner.1.3.0
⬇ retrieved ppxlib.0.33.0  (cached)
⬇ retrieved sedlex.3.3  (cached)
⬇ retrieved seq.base  (cached)
∗ installed seq.base
⬇ retrieved sexplib0.v0.17.0  (cached)
⬇ retrieved stdlib-shims.0.3.0  (cached)
⬇ retrieved yojson.2.2.2  (cached)
∗ installed ocamlfind.1.9.6
∗ installed dune.3.16.1
∗ installed stdlib-shims.0.3.0
∗ installed sexplib0.v0.17.0
∗ installed ppx_derivers.1.2.1
∗ installed menhirSdk.20240715
∗ installed menhirLib.20240715
∗ installed menhirCST.20240715
∗ installed ocaml-compiler-libs.v0.12.4
∗ installed yojson.2.2.2
∗ installed gen.1.1
∗ installed menhir.20240715
∗ installed ppxlib.0.33.0
∗ installed sedlex.3.3
∗ installed js_of_ocaml-compiler.6.0.0
∗ installed js_of_ocaml-toplevel.6.0.0
Done.
[01;2m[01;35m2024-11-27 09:41.56 ---> saved as "168ed21157d447a837040d5f507a450100ea095e17cbd2127f3de88b6a207577"[0m

[01;34m/home/opam: (run (network host)
                 (shell "(opam reinstall --with-test js_of_ocaml-toplevel.6.0.0) || true"))[0m
[ERROR] Sorry, resolution of the request timed out.
        Try to specify a more precise request, use a different solver, or increase the allowed time by setting OPAMSOLVERTIMEOUT to a bigger value (currently, it is set to 1000.0 seconds).
[01;2m[01;35m2024-11-27 09:59.00 ---> saved as "77ec88fcd4f9ee94b8542cc1766e67c7fe2b4f6118a2ef594fd192d2df44ba4f"[0m

[01;34m/home/opam: (run (shell  "opam reinstall --with-test --verbose js_of_ocaml-toplevel.6.0.0;\
                        \n        res=$?;\
                        \n        test \"$res\" != 31 && exit \"$res\";\
                        \n        export OPAMCLI=2.0;\
                        \n        build_dir=$(opam var prefix)/.opam-switch/build;\
                        \n        failed=$(ls \"$build_dir\");\
                        \n        partial_fails=\"\";\
                        \n        for pkg in $failed; do\
                        \n          if opam show -f x-ci-accept-failures: \"$pkg\" | grep -qF \"\\\"freebsd\\\"\"; then\
                        \n            echo \"A package failed and has been disabled for CI using the 'x-ci-accept-failures' field.\";\
                        \n          fi;\
                        \n          test \"$pkg\" != 'js_of_ocaml-toplevel.6.0.0' && partial_fails=\"$partial_fails $pkg\";\
                        \n        done;\
                        \n        test \"${partial_fails}\" != \"\" && echo \"opam-repo-ci detected dependencies failing: ${partial_fails}\";\
                        \n        exit 1"))[0m
[ERROR] Sorry, resolution of the request timed out.
        Try to specify a more precise request, use a different solver, or increase the allowed time by setting OPAMSOLVERTIMEOUT to a bigger value (currently, it is set to 1000.0 seconds).
'opam reinstall --with-test --verbose js_of_ocaml-toplevel.6.0.0' failed.
jail: /usr/bin/su -l opam -c cd '/home/opam' && env OPAM_REPO_CI='true' CI='true' OPAMPRECISETRACKING='1' OPAMSOLVERTIMEOUT='1000' OPAMERRLOGLEN='0' OPAMDOWNLOADJOBS='1' '/usr/bin/env' 'bash' '-c' 'opam reinstall --with-test --verbose js_of_ocaml-toplevel.6.0.0;
        res=$?;
        test "$res" != 31 && exit "$res";
        export OPAMCLI=2.0;
        build_dir=$(opam var prefix)/.opam-switch/build;
        failed=$(ls "$build_dir");
        partial_fails="";
        for pkg in $failed; do
          if opam show -f x-ci-accept-failures: "$pkg" | grep -qF "\"freebsd\""; then
            echo "A package failed and has been disabled for CI using the '\''x-ci-accept-failures'\'' field.";
          fi;
          test "$pkg" != '\''js_of_ocaml-toplevel.6.0.0'\'' && partial_fails="$partial_fails $pkg";
        done;
        test "${partial_fails}" != "" && echo "opam-repo-ci detected dependencies failing: ${partial_fails}";
        exit 1': failed
"jail" "-c" "name=obuilder_49118_11008" "mount.devfs" "path=/obuilder/result/a57cb617ba8685b9e7a77725da0ff9001044b552e161f5dd786272fd283fb00e/rootfs" "vnet" "exec.start=/sbin/ifconfig lo0 127.0.0.1/8" "command=/usr/bin/su" "-l" "opam" "-c" "cd '/home/opam' && env OPAM_REPO_CI='true' CI='true' OPAMPRECISETRACKING='1' OPAMSOLVERTIMEOUT='1000' OPAMERRLOGLEN='0' OPAMDOWNLOADJOBS='1' '/usr/bin/env' 'bash' '-c' 'opam reinstall --with-test --verbose js_of_ocaml-toplevel.6.0.0;
        res=$?;
        test "$res" != 31 && exit "$res";
        export OPAMCLI=2.0;
        build_dir=$(opam var prefix)/.opam-switch/build;
        failed=$(ls "$build_dir");
        partial_fails="";
        for pkg in $failed; do
          if opam show -f x-ci-accept-failures: "$pkg" | grep -qF "\"freebsd\""; then
            echo "A package failed and has been disabled for CI using the '\''x-ci-accept-failures'\'' field.";
          fi;
          test "$pkg" != '\''js_of_ocaml-toplevel.6.0.0'\'' && partial_fails="$partial_fails $pkg";
        done;
        test "${partial_fails}" != "" && echo "opam-repo-ci detected dependencies failing: ${partial_fails}";
        exit 1'" failed with exit status 1
2024-11-27 10:26.57: Job failed: Failed: Build failed
2024-11-27 10:26.57: Log analysis:
2024-11-27 10:26.57: >>> 
[ERROR] Sorry, resolution of the request timed out.
 (score = 20)
2024-11-27 10:26.57: >>> 
[ERROR] Sorry, resolution of the request timed out.
 (score = 20)
2024-11-27 10:26.57: Sorry, resolution of the request timed out.
