2024-11-27 11:18.50: New job: test js_of_ocaml-toplevel.6.0.0, using opam dev
                              from https://github.com/ocaml/opam-repository.git#refs/pull/26971/head (d206960713e3a1748a08926a7269d82f4f143cf4)
                              on freebsd-ocaml-5.2/amd64

To reproduce locally:

cd $(mktemp -d)
git clone --recursive "https://github.com/ocaml/opam-repository.git" && cd "opam-repository" && git fetch origin "refs/pull/26971/head" && git reset --hard d2069607
git fetch origin master
git merge --no-edit 99bc90ff813af4d02cb0627f6b3e5a8c84e2e04a
cat > ../Dockerfile <<'END-OF-DOCKERFILE'
[34mFROM freebsd-ocaml-5.2
USER 1000:1000
WORKDIR /home/opam
RUN sudo ln -f /usr/local/bin/opam-dev /usr/local/bin/opam
RUN opam init --reinit -ni
RUN uname -rs && opam exec -- ocaml -version && opam --version
ENV OPAMDOWNLOADJOBS="1"
ENV OPAMERRLOGLEN="0"
ENV OPAMSOLVERTIMEOUT="1000"
ENV OPAMPRECISETRACKING="1"
ENV CI="true"
ENV OPAM_REPO_CI="true"
RUN rm -rf opam-repository/
COPY --chown=1000:1000 . opam-repository/
RUN opam repository set-url --strict default opam-repository/
RUN opam update --depexts || true
RUN opam pin add -k version -yn js_of_ocaml-toplevel.6.0.0 6.0.0
RUN opam reinstall js_of_ocaml-toplevel.6.0.0; \
    res=$?; \
    test "$res" != 31 && exit "$res"; \
    export OPAMCLI=2.0; \
    build_dir=$(opam var prefix)/.opam-switch/build; \
    failed=$(ls "$build_dir"); \
    partial_fails=""; \
    for pkg in $failed; do \
    if opam show -f x-ci-accept-failures: "$pkg" | grep -qF "\"freebsd\""; then \
    echo "A package failed and has been disabled for CI using the 'x-ci-accept-failures' field."; \
    fi; \
    test "$pkg" != 'js_of_ocaml-toplevel.6.0.0' && partial_fails="$partial_fails $pkg"; \
    done; \
    test "${partial_fails}" != "" && echo "opam-repo-ci detected dependencies failing: ${partial_fails}"; \
    exit 1
RUN (opam reinstall --with-test js_of_ocaml-toplevel.6.0.0) || true
RUN opam reinstall --with-test --verbose js_of_ocaml-toplevel.6.0.0; \
    res=$?; \
    test "$res" != 31 && exit "$res"; \
    export OPAMCLI=2.0; \
    build_dir=$(opam var prefix)/.opam-switch/build; \
    failed=$(ls "$build_dir"); \
    partial_fails=""; \
    for pkg in $failed; do \
    if opam show -f x-ci-accept-failures: "$pkg" | grep -qF "\"freebsd\""; then \
    echo "A package failed and has been disabled for CI using the 'x-ci-accept-failures' field."; \
    fi; \
    test "$pkg" != 'js_of_ocaml-toplevel.6.0.0' && partial_fails="$partial_fails $pkg"; \
    done; \
    test "${partial_fails}" != "" && echo "opam-repo-ci detected dependencies failing: ${partial_fails}"; \
    exit 1
[0m
END-OF-DOCKERFILE
docker build -f ../Dockerfile .

2024-11-27 11:18.50: Using cache hint "freebsd-ocaml-5.2-js_of_ocaml-toplevel.6.0.0-d206960713e3a1748a08926a7269d82f4f143cf4"
2024-11-27 11:18.50: Using OBuilder spec:
((from freebsd-ocaml-5.2)
 (user (uid 1000) (gid 1000))
 (workdir /home/opam)
 (run (shell "sudo ln -f /usr/local/bin/opam-dev /usr/local/bin/opam"))
 (run (network host)
      (shell "opam init --reinit -ni"))
 (run (shell "uname -rs && opam exec -- ocaml -version && opam --version"))
 (env OPAMDOWNLOADJOBS 1)
 (env OPAMERRLOGLEN 0)
 (env OPAMSOLVERTIMEOUT 1000)
 (env OPAMPRECISETRACKING 1)
 (env CI true)
 (env OPAM_REPO_CI true)
 (run (shell "rm -rf opam-repository/"))
 (copy (src .) (dst opam-repository/))
 (run (shell "opam repository set-url --strict default opam-repository/"))
 (run (network host)
      (shell "opam update --depexts || true"))
 (run (shell "opam pin add -k version -yn js_of_ocaml-toplevel.6.0.0 6.0.0"))
 (run (cache (opam-archives (target /home/opam/.opam/download-cache)))
      (network host)
      (shell  "opam reinstall js_of_ocaml-toplevel.6.0.0;\
             \n        res=$?;\
             \n        test \"$res\" != 31 && exit \"$res\";\
             \n        export OPAMCLI=2.0;\
             \n        build_dir=$(opam var prefix)/.opam-switch/build;\
             \n        failed=$(ls \"$build_dir\");\
             \n        partial_fails=\"\";\
             \n        for pkg in $failed; do\
             \n          if opam show -f x-ci-accept-failures: \"$pkg\" | grep -qF \"\\\"freebsd\\\"\"; then\
             \n            echo \"A package failed and has been disabled for CI using the 'x-ci-accept-failures' field.\";\
             \n          fi;\
             \n          test \"$pkg\" != 'js_of_ocaml-toplevel.6.0.0' && partial_fails=\"$partial_fails $pkg\";\
             \n        done;\
             \n        test \"${partial_fails}\" != \"\" && echo \"opam-repo-ci detected dependencies failing: ${partial_fails}\";\
             \n        exit 1"))
 (run (network host)
      (shell "(opam reinstall --with-test js_of_ocaml-toplevel.6.0.0) || true"))
 (run (shell  "opam reinstall --with-test --verbose js_of_ocaml-toplevel.6.0.0;\
             \n        res=$?;\
             \n        test \"$res\" != 31 && exit \"$res\";\
             \n        export OPAMCLI=2.0;\
             \n        build_dir=$(opam var prefix)/.opam-switch/build;\
             \n        failed=$(ls \"$build_dir\");\
             \n        partial_fails=\"\";\
             \n        for pkg in $failed; do\
             \n          if opam show -f x-ci-accept-failures: \"$pkg\" | grep -qF \"\\\"freebsd\\\"\"; then\
             \n            echo \"A package failed and has been disabled for CI using the 'x-ci-accept-failures' field.\";\
             \n          fi;\
             \n          test \"$pkg\" != 'js_of_ocaml-toplevel.6.0.0' && partial_fails=\"$partial_fails $pkg\";\
             \n        done;\
             \n        test \"${partial_fails}\" != \"\" && echo \"opam-repo-ci detected dependencies failing: ${partial_fails}\";\
             \n        exit 1"))
)

2024-11-27 11:18.50: Waiting for resource in pool OCluster
2024-11-27 11:24.33: Waiting for worker…
2024-11-27 11:24.33: Got resource from pool OCluster
Building on spring
All commits already cached
Updating files: 100% (32738/32738), done.
HEAD is now at 99bc90ff81 Merge pull request #26955 from eponier/jasmin.2024.07.2
Updating 99bc90ff81..d206960713
Fast-forward
 packages/eliom/eliom.10.4.0/opam                   |  2 +-
 packages/eliom/eliom.10.4.1/opam                   |  2 +-
 packages/eliom/eliom.11.0.0/opam                   |  2 +-
 packages/eliom/eliom.11.0.1/opam                   |  2 +-
 packages/ezjs_blockies/ezjs_blockies.0.1.1/opam    |  4 +-
 packages/fmlib_js/fmlib_js.0.2.0/opam              |  2 +-
 packages/fmlib_js/fmlib_js.0.3.0/opam              |  2 +-
 packages/fmlib_js/fmlib_js.0.3.1/opam              |  2 +-
 packages/fmlib_js/fmlib_js.0.4.0/opam              |  2 +-
 packages/fmlib_js/fmlib_js.0.5.0/opam              |  2 +-
 packages/fmlib_js/fmlib_js.0.5.1/opam              |  2 +-
 packages/fmlib_js/fmlib_js.0.5.2/opam              |  2 +-
 packages/fmlib_js/fmlib_js.0.5.3/opam              |  2 +-
 packages/fmlib_js/fmlib_js.0.5.4/opam              |  2 +-
 packages/fmlib_js/fmlib_js.0.5.5/opam              |  2 +-
 packages/fmlib_js/fmlib_js.0.5.6/opam              |  2 +-
 packages/fmlib_js/fmlib_js.0.5.7/opam              |  2 +-
 packages/fmlib_js/fmlib_js.0.5.8/opam              |  2 +-
 packages/fmlib_js/fmlib_js.0.5.9/opam              |  2 +-
 .../graphv_webgl_impl/graphv_webgl_impl.0.1.1/opam |  2 +-
 packages/incr_dom/incr_dom.v0.15.1/opam            |  2 +-
 packages/incr_dom/incr_dom.v0.16.0/opam            |  2 +-
 .../js_of_ocaml-compiler.6.0.0/opam                | 56 ++++++++++++++++++++++
 .../js_of_ocaml-lwt/js_of_ocaml-lwt.6.0.0/opam     | 48 +++++++++++++++++++
 .../js_of_ocaml-ppx/js_of_ocaml-ppx.6.0.0/opam     | 45 +++++++++++++++++
 .../js_of_ocaml-ppx_deriving_json.6.0.0/opam       | 45 +++++++++++++++++
 .../js_of_ocaml-toplevel.6.0.0/opam                | 48 +++++++++++++++++++
 .../js_of_ocaml-tyxml/js_of_ocaml-tyxml.6.0.0/opam | 49 +++++++++++++++++++
 packages/js_of_ocaml/js_of_ocaml.6.0.0/opam        | 45 +++++++++++++++++
 packages/ocsigen-start/ocsigen-start.7.0.0/opam    |  1 +
 .../ocsigen-toolkit/ocsigen-toolkit.3.3.1/opam     |  2 +-
 .../ocsigen-toolkit/ocsigen-toolkit.3.3.4/opam     |  2 +-
 .../ocsigen-toolkit/ocsigen-toolkit.4.0.0/opam     |  2 +-
 packages/ojs_base/ojs_base.0.7.0/opam              |  4 +-
 packages/timmy-jsoo/timmy-jsoo.1.0.0/opam          |  2 +-
 packages/timmy-jsoo/timmy-jsoo.1.0.4/opam          |  2 +-
 36 files changed, 367 insertions(+), 30 deletions(-)
 create mode 100644 packages/js_of_ocaml-compiler/js_of_ocaml-compiler.6.0.0/opam
 create mode 100644 packages/js_of_ocaml-lwt/js_of_ocaml-lwt.6.0.0/opam
 create mode 100644 packages/js_of_ocaml-ppx/js_of_ocaml-ppx.6.0.0/opam
 create mode 100644 packages/js_of_ocaml-ppx_deriving_json/js_of_ocaml-ppx_deriving_json.6.0.0/opam
 create mode 100644 packages/js_of_ocaml-toplevel/js_of_ocaml-toplevel.6.0.0/opam
 create mode 100644 packages/js_of_ocaml-tyxml/js_of_ocaml-tyxml.6.0.0/opam
 create mode 100644 packages/js_of_ocaml/js_of_ocaml.6.0.0/opam

[01;34m(from freebsd-ocaml-5.2)[0m
[01;2m[01;35m2024-11-27 11:08.06 ---> using "3515bf58445883216685df527c06fc8b9b7799700694ffa335d1401da4433261" from cache[0m

[01;34m/: (user (uid 1000) (gid 1000))[0m

[01;34m/: (workdir /home/opam)[0m

[01;34m/home/opam: (run (shell "sudo ln -f /usr/local/bin/opam-dev /usr/local/bin/opam"))[0m
[01;2m[01;35m2024-11-27 11:08.06 ---> using "48364e1fb8dbbd4caee612726b7c964e49452f03ec1f9b0526466ab1c963a289" from cache[0m

[01;34m/home/opam: (run (network host)
                 (shell "opam init --reinit -ni"))[0m
No configuration file found, using built-in defaults.
Checking for available remotes: rsync and local, git.
  - you won't be able to use mercurial repositories unless you install the hg command on your system.
  - you won't be able to use darcs repositories unless you install the darcs command on your system.

This version of opam requires an update to the layout of /home/opam/.opam from version 2.1 to version 2.2, which can't be reverted.
You may want to back it up before going further.

Continue? [y/n] y
[NOTE] The 'jobs' option was reset, its value was 1 and its new value will vary according to the current number of cores on your machine. You can restore the fixed value using:
           opam option jobs=1 --global
Format upgrade done.

<><> Updating repositories ><><><><><><><><><><><><><><><><><><><><><><><><><><>
[default] no changes from git+file:///home/opam/opam-repository
[01;2m[01;35m2024-11-27 11:08.06 ---> using "c9405311363be335bd03604ec044c083a65810c936d9b87d54c115ba23ec633d" from cache[0m

[01;34m/home/opam: (run (shell "uname -rs && opam exec -- ocaml -version && opam --version"))[0m
FreeBSD 14.1-RELEASE-p5
The OCaml toplevel, version 5.2.0
2.3.0~rc1
[01;2m[01;35m2024-11-27 11:08.07 ---> using "75c557dc5616766214d486bbd9740aad9cf3f41b1975f9eaa3f67179722364a2" from cache[0m

[01;34m/home/opam: (env OPAMDOWNLOADJOBS 1)[0m

[01;34m/home/opam: (env OPAMERRLOGLEN 0)[0m

[01;34m/home/opam: (env OPAMSOLVERTIMEOUT 1000)[0m

[01;34m/home/opam: (env OPAMPRECISETRACKING 1)[0m

[01;34m/home/opam: (env CI true)[0m

[01;34m/home/opam: (env OPAM_REPO_CI true)[0m

[01;34m/home/opam: (run (shell "rm -rf opam-repository/"))[0m
[01;2m[01;35m2024-11-27 11:08.07 ---> using "92e493e78a5cd5883fb758a776bfa39b25e6510ac546ef720b01153101f881bc" from cache[0m

[01;34m/home/opam: (copy (src .) (dst opam-repository/))[0m
[01;2m[01;35m2024-11-27 11:08.10 ---> using "5dae6c42d017a2ea1890f241c391f811ce2d788c4ff9f7b4f633e4f55f229647" from cache[0m

[01;34m/home/opam: (run (shell "opam repository set-url --strict default opam-repository/"))[0m
[default] Initialised
default (at file:///home/opam/opam-repository): 
    [WARNING] opam is out-of-date. Please consider updating it (https://opam.ocaml.org/doc/Install.html)

[01;2m[01;35m2024-11-27 11:08.11 ---> using "ad2a90115cf5d52beca69f01ff06d2508cfe1b0f283627a82354d58f2ca99465" from cache[0m

[01;34m/home/opam: (run (network host)
                 (shell "opam update --depexts || true"))[0m
[WARNING] Unknown update command for bsd, skipping system update
[01;2m[01;35m2024-11-27 11:08.11 ---> using "8686a0790bc93117f57adc39d6944e2105c3d116dd98c837ca24740be9feda92" from cache[0m

[01;34m/home/opam: (run (shell "opam pin add -k version -yn js_of_ocaml-toplevel.6.0.0 6.0.0"))[0m
js_of_ocaml-toplevel is now pinned to version 6.0.0
[01;2m[01;35m2024-11-27 11:08.11 ---> using "1d2407e7b7312990db3bbffa083ab589dd21c10cc677649b42367998a0ec3b18" from cache[0m

[01;34m/home/opam: (run (cache (opam-archives (target /home/opam/.opam/download-cache)))
                 (network host)
                 (shell  "opam reinstall js_of_ocaml-toplevel.6.0.0;\
                        \n        res=$?;\
                        \n        test \"$res\" != 31 && exit \"$res\";\
                        \n        export OPAMCLI=2.0;\
                        \n        build_dir=$(opam var prefix)/.opam-switch/build;\
                        \n        failed=$(ls \"$build_dir\");\
                        \n        partial_fails=\"\";\
                        \n        for pkg in $failed; do\
                        \n          if opam show -f x-ci-accept-failures: \"$pkg\" | grep -qF \"\\\"freebsd\\\"\"; then\
                        \n            echo \"A package failed and has been disabled for CI using the 'x-ci-accept-failures' field.\";\
                        \n          fi;\
                        \n          test \"$pkg\" != 'js_of_ocaml-toplevel.6.0.0' && partial_fails=\"$partial_fails $pkg\";\
                        \n        done;\
                        \n        test \"${partial_fails}\" != \"\" && echo \"opam-repo-ci detected dependencies failing: ${partial_fails}\";\
                        \n        exit 1"))[0m
js_of_ocaml-toplevel.6.0.0 is not installed. Install it? [y/n] y
The following actions will be performed:
=== install 18 packages
  ∗ cmdliner             1.3.0          [required by js_of_ocaml-compiler]
  ∗ dune                 3.16.1         [required by js_of_ocaml-toplevel]
  ∗ gen                  1.1            [required by sedlex]
  ∗ js_of_ocaml-compiler 6.0.0          [required by js_of_ocaml-toplevel]
  ∗ js_of_ocaml-toplevel 6.0.0 (pinned)
  ∗ menhir               20240715       [required by js_of_ocaml-compiler]
  ∗ menhirCST            20240715       [required by menhir]
  ∗ menhirLib            20240715       [required by js_of_ocaml-compiler]
  ∗ menhirSdk            20240715       [required by js_of_ocaml-compiler]
  ∗ ocaml-compiler-libs  v0.17.0        [required by ppxlib]
  ∗ ocamlfind            1.9.6          [required by js_of_ocaml-toplevel]
  ∗ ppx_derivers         1.2.1          [required by ppxlib]
  ∗ ppxlib               0.33.0         [required by js_of_ocaml-toplevel]
  ∗ sedlex               3.3            [required by js_of_ocaml-compiler]
  ∗ seq                  base           [required by yojson]
  ∗ sexplib0             v0.17.0        [required by ppxlib]
  ∗ stdlib-shims         0.3.0          [required by ppxlib]
  ∗ yojson               2.2.2          [required by js_of_ocaml-compiler]

<><> Processing actions <><><><><><><><><><><><><><><><><><><><><><><><><><><><>
⬇ retrieved cmdliner.1.3.0  (cached)
⬇ retrieved dune.3.16.1  (cached)
⬇ retrieved gen.1.1  (cached)
⬇ retrieved js_of_ocaml-compiler.6.0.0, js_of_ocaml-toplevel.6.0.0  (https://github.com/ocaml-wasm/wasm_of_ocaml/archive/refs/tags/6.0.0.tar.gz)
⬇ retrieved menhir.20240715, menhirCST.20240715, menhirLib.20240715, menhirSdk.20240715  (cached)
⬇ retrieved ocaml-compiler-libs.v0.17.0  (cached)
⬇ retrieved ocamlfind.1.9.6  (cached)
⬇ retrieved ppx_derivers.1.2.1  (cached)
⬇ retrieved ppxlib.0.33.0  (cached)
⬇ retrieved sedlex.3.3  (cached)
⬇ retrieved seq.base  (cached)
⬇ retrieved sexplib0.v0.17.0  (cached)
⬇ retrieved stdlib-shims.0.3.0  (cached)
⬇ retrieved yojson.2.2.2  (cached)
∗ installed cmdliner.1.3.0
∗ installed seq.base
∗ installed ocamlfind.1.9.6
∗ installed dune.3.16.1
∗ installed menhirCST.20240715
∗ installed ppx_derivers.1.2.1
∗ installed stdlib-shims.0.3.0
∗ installed menhirSdk.20240715
∗ installed menhirLib.20240715
∗ installed sexplib0.v0.17.0
∗ installed gen.1.1
∗ installed ocaml-compiler-libs.v0.17.0
∗ installed yojson.2.2.2
∗ installed ppxlib.0.33.0
∗ installed sedlex.3.3
∗ installed menhir.20240715
∗ installed js_of_ocaml-compiler.6.0.0
∗ installed js_of_ocaml-toplevel.6.0.0
Done.
[01;2m[01;35m2024-11-27 11:08.11 ---> using "88f7396f49b263365bd07bd8dd3e53ba57220bf0b9192ec21ba7ed0ba56ceafc" from cache[0m

[01;34m/home/opam: (run (network host)
                 (shell "(opam reinstall --with-test js_of_ocaml-toplevel.6.0.0) || true"))[0m
[ERROR] Sorry, resolution of the request timed out.
        Try to specify a more precise request, use a different solver, or increase the allowed time by setting OPAMSOLVERTIMEOUT to a bigger value (currently, it is set to 1000.0 seconds).
[01;2m[01;35m2024-11-27 11:25.20 ---> saved as "72859b8ef63a4b1f6f9ea9e48a05ff8df7fec0ddbd3056a02412dc6e75501658"[0m

[01;34m/home/opam: (run (shell  "opam reinstall --with-test --verbose js_of_ocaml-toplevel.6.0.0;\
                        \n        res=$?;\
                        \n        test \"$res\" != 31 && exit \"$res\";\
                        \n        export OPAMCLI=2.0;\
                        \n        build_dir=$(opam var prefix)/.opam-switch/build;\
                        \n        failed=$(ls \"$build_dir\");\
                        \n        partial_fails=\"\";\
                        \n        for pkg in $failed; do\
                        \n          if opam show -f x-ci-accept-failures: \"$pkg\" | grep -qF \"\\\"freebsd\\\"\"; then\
                        \n            echo \"A package failed and has been disabled for CI using the 'x-ci-accept-failures' field.\";\
                        \n          fi;\
                        \n          test \"$pkg\" != 'js_of_ocaml-toplevel.6.0.0' && partial_fails=\"$partial_fails $pkg\";\
                        \n        done;\
                        \n        test \"${partial_fails}\" != \"\" && echo \"opam-repo-ci detected dependencies failing: ${partial_fails}\";\
                        \n        exit 1"))[0m
The following actions will be performed:
=== downgrade 1 package
  ↘ sexplib0             v0.17.0 to v0.15.1 [required by cohttp-lwt]
=== recompile 5 packages
  ↻ js_of_ocaml-compiler 6.0.0              [uses ocamlfind]
  ↻ js_of_ocaml-toplevel 6.0.0 (pinned)
  ↻ ocamlfind            1.9.6              [uses graphics]
  ↻ ppxlib               0.33.0             [uses sexplib0]
  ↻ sedlex               3.3                [uses ppxlib]
=== install 53 packages
  ∗ angstrom             0.16.1             [required by uri]
  ∗ astring              0.8.5              [required by conduit]
  ∗ base                 v0.15.1            [required by ppx_expect]
  ∗ base-bytes           base               [required by cohttp]
  ∗ base64               3.5.1              [required by cohttp]
  ∗ bigstringaf          0.9.0              [required by angstrom]
  ∗ cohttp               4.0.0              [required by cohttp-lwt]
  ∗ cohttp-lwt           4.0.0              [required by cohttp-lwt-unix]
  ∗ cohttp-lwt-unix      4.0.0              [required by js_of_ocaml-toplevel]
  ∗ conduit              2.1.0              [required by conduit-lwt]
  ∗ conduit-lwt          2.1.0              [required by cohttp-lwt-unix]
  ∗ conduit-lwt-unix     2.2.2              [required by cohttp-lwt-unix]
  ∗ conf-libX11          1                  [required by graphics]
  ∗ conf-pkg-config      3                  [required by graphics]
  ∗ cppo                 1.7.0              [required by lwt]
  ∗ domain-name          0.4.0              [required by ipaddr]
  ∗ dune-configurator    2.7.0              [required by graphics]
  ∗ fmt                  0.9.0              [required by cohttp-lwt-unix]
  ∗ graphics             5.1.2              [required by js_of_ocaml-toplevel]
  ∗ ipaddr               5.6.0              [required by conduit-lwt-unix]
  ∗ ipaddr-sexp          5.6.0              [required by conduit-lwt-unix]
  ∗ jane-street-headers  v0.15.0            [required by time_now]
  ∗ jsonm                1.0.2              [required by cohttp]
  ∗ jst-config           v0.15.1            [required by time_now]
  ∗ logs                 0.7.0              [required by cohttp-lwt-unix]
  ∗ lwt                  5.9.0              [required by cohttp-lwt-unix]
  ∗ macaddr              5.6.0              [required by ipaddr]
  ∗ magic-mime           1.3.1              [required by cohttp-lwt-unix]
  ∗ num                  1.5-1              [required by js_of_ocaml-toplevel]
  ∗ ocaml-syntax-shims   1.0.0              [required by angstrom]
  ∗ ocamlbuild           0.15.0             [required by logs]
  ∗ ocplib-endian        1.2                [required by lwt]
  ∗ parsexp              v0.15.0            [required by sexplib]
  ∗ ppx_assert           v0.15.0            [required by jst-config]
  ∗ ppx_base             v0.15.0            [required by time_now]
  ∗ ppx_cold             v0.15.0            [required by ppx_base]
  ∗ ppx_compare          v0.15.0            [required by ppx_base]
  ∗ ppx_enumerate        v0.15.0            [required by ppx_base]
  ∗ ppx_expect           v0.15.1            [required by js_of_ocaml-toplevel]
  ∗ ppx_hash             v0.15.0            [required by ppx_base]
  ∗ ppx_here             v0.15.0            [required by ppx_expect]
  ∗ ppx_inline_test      v0.15.1            [required by ppx_expect]
  ∗ ppx_optcomp          v0.15.0            [required by time_now]
  ∗ ppx_sexp_conv        v0.15.1            [required by cohttp-lwt-unix]
  ∗ re                   1.12.0             [required by js_of_ocaml-toplevel]
  ∗ sexplib              v0.15.1            [required by conduit-lwt]
  ∗ stdio                v0.15.0            [required by ppx_expect]
  ∗ stringext            1.6.0              [required by cohttp]
  ∗ time_now             v0.15.0            [required by ppx_inline_test]
  ∗ topkg                1.0.7              [required by logs]
  ∗ uri                  4.4.0              [required by cohttp-lwt, conduit-lwt-unix]
  ∗ uri-sexp             4.4.0              [required by cohttp]
  ∗ uutf                 1.0.3              [required by jsonm]

The following system packages will first need to be installed:
    libX11

<><> Handling external dependencies <><><><><><><><><><><><><><><><><><><><><><>

opam believes some required external dependencies are missing. opam can:
> 1. Run pkg to install them (may need root/sudo access)
  2. Display the recommended pkg command and wait while you run it manually (e.g. in another terminal)
  3. Continue anyway, and, upon success, permanently register that this external dependency is present, but not detectable
  4. Abort the installation

[1/2/3/4] 1

+ /usr/local/bin/sudo "pkg" "install" "-y" "libX11"
- Updating FreeBSD repository catalogue...
- pkg: No SRV record found for the repo 'FreeBSD'
- pkg: An error occured while fetching package
- pkg: packagesite URL error for pkg+https://pkg.FreeBSD.org/FreeBSD:14:amd64/quarterly/meta.txz -- pkg+:// implies SRV mirror type
- repository FreeBSD has no meta file, using default settings
- pkg: packagesite URL error for pkg+https://pkg.FreeBSD.org/FreeBSD:14:amd64/quarterly/data.pkg -- pkg+:// implies SRV mirror type
- pkg: packagesite URL error for pkg+https://pkg.FreeBSD.org/FreeBSD:14:amd64/quarterly/data.txz -- pkg+:// implies SRV mirror type
- pkg: packagesite URL error for pkg+https://pkg.FreeBSD.org/FreeBSD:14:amd64/quarterly/packagesite.pkg -- pkg+:// implies SRV mirror type
- pkg: packagesite URL error for pkg+https://pkg.FreeBSD.org/FreeBSD:14:amd64/quarterly/packagesite.txz -- pkg+:// implies SRV mirror type
- Unable to update repository FreeBSD
- Error updating repositories!
[ERROR] System package install failed with exit code 3 at command:
            sudo pkg install -y libX11
[ERROR] These packages are still missing: libX11

[NOTE] You can retry with '--assume-depexts' to skip this check, or run 'opam option depext=false' to permanently disable handling of system packages.

'opam reinstall --with-test --verbose js_of_ocaml-toplevel.6.0.0' failed.
jail: /usr/bin/su -l opam -c cd '/home/opam' && env OPAM_REPO_CI='true' CI='true' OPAMPRECISETRACKING='1' OPAMSOLVERTIMEOUT='1000' OPAMERRLOGLEN='0' OPAMDOWNLOADJOBS='1' '/usr/bin/env' 'bash' '-c' 'opam reinstall --with-test --verbose js_of_ocaml-toplevel.6.0.0;
        res=$?;
        test "$res" != 31 && exit "$res";
        export OPAMCLI=2.0;
        build_dir=$(opam var prefix)/.opam-switch/build;
        failed=$(ls "$build_dir");
        partial_fails="";
        for pkg in $failed; do
          if opam show -f x-ci-accept-failures: "$pkg" | grep -qF "\"freebsd\""; then
            echo "A package failed and has been disabled for CI using the '\''x-ci-accept-failures'\'' field.";
          fi;
          test "$pkg" != '\''js_of_ocaml-toplevel.6.0.0'\'' && partial_fails="$partial_fails $pkg";
        done;
        test "${partial_fails}" != "" && echo "opam-repo-ci detected dependencies failing: ${partial_fails}";
        exit 1': failed
"jail" "-c" "name=obuilder_48244_8765" "mount.devfs" "path=/obuilder/result/ce7a0a8a30d78e9319ce1d20e3f687ee3b9978e1116ad0278af90840c414b5cc/rootfs" "vnet" "exec.start=/sbin/ifconfig lo0 127.0.0.1/8" "command=/usr/bin/su" "-l" "opam" "-c" "cd '/home/opam' && env OPAM_REPO_CI='true' CI='true' OPAMPRECISETRACKING='1' OPAMSOLVERTIMEOUT='1000' OPAMERRLOGLEN='0' OPAMDOWNLOADJOBS='1' '/usr/bin/env' 'bash' '-c' 'opam reinstall --with-test --verbose js_of_ocaml-toplevel.6.0.0;
        res=$?;
        test "$res" != 31 && exit "$res";
        export OPAMCLI=2.0;
        build_dir=$(opam var prefix)/.opam-switch/build;
        failed=$(ls "$build_dir");
        partial_fails="";
        for pkg in $failed; do
          if opam show -f x-ci-accept-failures: "$pkg" | grep -qF "\"freebsd\""; then
            echo "A package failed and has been disabled for CI using the '\''x-ci-accept-failures'\'' field.";
          fi;
          test "$pkg" != '\''js_of_ocaml-toplevel.6.0.0'\'' && partial_fails="$partial_fails $pkg";
        done;
        test "${partial_fails}" != "" && echo "opam-repo-ci detected dependencies failing: ${partial_fails}";
        exit 1'" failed with exit status 1
2024-11-27 11:53.15: Job failed: Failed: Build failed
2024-11-27 11:53.15: Log analysis:
2024-11-27 11:53.15: >>> 
[ERROR] Sorry, resolution of the request timed out.
 (score = 20)
2024-11-27 11:53.15: >>> 
[ERROR] System package install failed with exit code 3 at command:
 (score = 20)
2024-11-27 11:53.15: >>> 
[ERROR] These packages are still missing: libX11
 (score = 20)
2024-11-27 11:53.15: Sorry, resolution of the request timed out.
