2024-09-12 21:32.35: New job: test angstrom-async.0.16.1, using opam 2.0
                              from https://github.com/ocaml/opam-repository.git#refs/pull/26555/head (efcd5491f1aa5d80cfb845e42e656939ec659f09)
                              on debian-12-ocaml-4.14/amd64

To reproduce locally:

cd $(mktemp -d)
git clone --recursive "https://github.com/ocaml/opam-repository.git" && cd "opam-repository" && git fetch origin "refs/pull/26555/head" && git reset --hard efcd5491
git fetch origin master
git merge --no-edit 9d91a86a9ac75857f79bf84c846b2d3dc032ace6
cat > ../Dockerfile <<'END-OF-DOCKERFILE'
[34mFROM ocaml/opam:debian-12-ocaml-4.14@sha256:2135d0c56fc438ebc9377f99b020c06d4ecd43611be356b669914fea73ab2be1
USER 1000:1000
WORKDIR /home/opam
RUN sudo ln -f /usr/bin/opam-2.0 /usr/bin/opam
RUN opam init --reinit -ni
RUN uname -rs && opam exec -- ocaml -version && opam --version
ENV OPAMDOWNLOADJOBS="1"
ENV OPAMERRLOGLEN="0"
ENV OPAMSOLVERTIMEOUT="500"
ENV OPAMPRECISETRACKING="1"
ENV CI="true"
ENV OPAM_REPO_CI="true"
RUN rm -rf opam-repository/
COPY --chown=1000:1000 . opam-repository/
RUN opam repository set-url --strict default opam-repository/
RUN opam depext -u || true
RUN opam pin add -k version -yn angstrom-async.0.16.1 0.16.1
RUN opam depext angstrom-async.0.16.1 && opam reinstall angstrom-async.0.16.1; \
    res=$?; \
    test "$res" != 31 && exit "$res"; \
    export OPAMCLI=2.0; \
    build_dir=$(opam var prefix)/.opam-switch/build; \
    failed=$(ls "$build_dir"); \
    partial_fails=""; \
    for pkg in $failed; do \
    if opam show -f x-ci-accept-failures: "$pkg" | grep -qF "\"debian-12\""; then \
    echo "A package failed and has been disabled for CI using the 'x-ci-accept-failures' field."; \
    fi; \
    test "$pkg" != 'angstrom-async.0.16.1' && partial_fails="$partial_fails $pkg"; \
    done; \
    test "${partial_fails}" != "" && echo "opam-repo-ci detected dependencies failing: ${partial_fails}"; \
    exit 1
RUN (opam depext --with-test angstrom-async.0.16.1 && opam reinstall --with-test angstrom-async.0.16.1) || true
RUN opam depext --with-test angstrom-async.0.16.1 && opam reinstall --with-test --verbose angstrom-async.0.16.1; \
    res=$?; \
    test "$res" != 31 && exit "$res"; \
    export OPAMCLI=2.0; \
    build_dir=$(opam var prefix)/.opam-switch/build; \
    failed=$(ls "$build_dir"); \
    partial_fails=""; \
    for pkg in $failed; do \
    if opam show -f x-ci-accept-failures: "$pkg" | grep -qF "\"debian-12\""; then \
    echo "A package failed and has been disabled for CI using the 'x-ci-accept-failures' field."; \
    fi; \
    test "$pkg" != 'angstrom-async.0.16.1' && partial_fails="$partial_fails $pkg"; \
    done; \
    test "${partial_fails}" != "" && echo "opam-repo-ci detected dependencies failing: ${partial_fails}"; \
    exit 1
[0m
END-OF-DOCKERFILE
docker build -f ../Dockerfile .

2024-09-12 21:32.35: Using cache hint "ocaml/opam:debian-12-ocaml-4.14@sha256:2135d0c56fc438ebc9377f99b020c06d4ecd43611be356b669914fea73ab2be1-angstrom-async.0.16.1-efcd5491f1aa5d80cfb845e42e656939ec659f09"
2024-09-12 21:32.35: Using OBuilder spec:
((from ocaml/opam:debian-12-ocaml-4.14@sha256:2135d0c56fc438ebc9377f99b020c06d4ecd43611be356b669914fea73ab2be1)
 (user (uid 1000) (gid 1000))
 (workdir /home/opam)
 (run (shell "sudo ln -f /usr/bin/opam-2.0 /usr/bin/opam"))
 (run (network host)
      (shell "opam init --reinit --config .opamrc-sandbox -ni"))
 (run (shell "uname -rs && opam exec -- ocaml -version && opam --version"))
 (env OPAMDOWNLOADJOBS 1)
 (env OPAMERRLOGLEN 0)
 (env OPAMSOLVERTIMEOUT 500)
 (env OPAMPRECISETRACKING 1)
 (env CI true)
 (env OPAM_REPO_CI true)
 (run (shell "rm -rf opam-repository/"))
 (copy (src .) (dst opam-repository/))
 (run (shell "opam repository set-url --strict default opam-repository/"))
 (run (network host)
      (shell "opam depext -u || true"))
 (run (shell "opam pin add -k version -yn angstrom-async.0.16.1 0.16.1"))
 (run (cache (opam-archives (target /home/opam/.opam/download-cache)))
      (network host)
      (shell  "opam depext angstrom-async.0.16.1 && opam reinstall angstrom-async.0.16.1;\
             \n        res=$?;\
             \n        test \"$res\" != 31 && exit \"$res\";\
             \n        export OPAMCLI=2.0;\
             \n        build_dir=$(opam var prefix)/.opam-switch/build;\
             \n        failed=$(ls \"$build_dir\");\
             \n        partial_fails=\"\";\
             \n        for pkg in $failed; do\
             \n          if opam show -f x-ci-accept-failures: \"$pkg\" | grep -qF \"\\\"debian-12\\\"\"; then\
             \n            echo \"A package failed and has been disabled for CI using the 'x-ci-accept-failures' field.\";\
             \n          fi;\
             \n          test \"$pkg\" != 'angstrom-async.0.16.1' && partial_fails=\"$partial_fails $pkg\";\
             \n        done;\
             \n        test \"${partial_fails}\" != \"\" && echo \"opam-repo-ci detected dependencies failing: ${partial_fails}\";\
             \n        exit 1"))
 (run (network host)
      (shell "(opam depext --with-test angstrom-async.0.16.1 && opam reinstall --with-test angstrom-async.0.16.1) || true"))
 (run (shell  "opam depext --with-test angstrom-async.0.16.1 && opam reinstall --with-test --verbose angstrom-async.0.16.1;\
             \n        res=$?;\
             \n        test \"$res\" != 31 && exit \"$res\";\
             \n        export OPAMCLI=2.0;\
             \n        build_dir=$(opam var prefix)/.opam-switch/build;\
             \n        failed=$(ls \"$build_dir\");\
             \n        partial_fails=\"\";\
             \n        for pkg in $failed; do\
             \n          if opam show -f x-ci-accept-failures: \"$pkg\" | grep -qF \"\\\"debian-12\\\"\"; then\
             \n            echo \"A package failed and has been disabled for CI using the 'x-ci-accept-failures' field.\";\
             \n          fi;\
             \n          test \"$pkg\" != 'angstrom-async.0.16.1' && partial_fails=\"$partial_fails $pkg\";\
             \n        done;\
             \n        test \"${partial_fails}\" != \"\" && echo \"opam-repo-ci detected dependencies failing: ${partial_fails}\";\
             \n        exit 1"))
)

2024-09-12 21:32.35: Waiting for resource in pool OCluster
2024-09-12 21:38.34: Waiting for worker…
2024-09-12 21:45.50: Got resource from pool OCluster
Building on x86-bm-c17.sw.ocaml.org
All commits already cached
Updating files:  83% (26973/32189)Updating files:  84% (27039/32189)Updating files:  85% (27361/32189)Updating files:  86% (27683/32189)Updating files:  87% (28005/32189)Updating files:  88% (28327/32189)Updating files:  89% (28649/32189)Updating files:  90% (28971/32189)Updating files:  91% (29292/32189)Updating files:  92% (29614/32189)Updating files:  93% (29936/32189)Updating files:  94% (30258/32189)Updating files:  95% (30580/32189)Updating files:  96% (30902/32189)Updating files:  97% (31224/32189)Updating files:  98% (31546/32189)Updating files:  99% (31868/32189)Updating files: 100% (32189/32189)Updating files: 100% (32189/32189), done.
HEAD is now at 9d91a86a9a Merge pull request #26534 from dbuenzli/b0-publish-uucd.16.0.0-etc-2d3dbbc80497c93f
Updating 9d91a86a9a..efcd5491f1
Fast-forward
 packages/angstrom-async/angstrom-async.0.16.1/opam | 23 +++++++++++++++
 .../angstrom-lwt-unix.0.16.1/opam                  | 24 ++++++++++++++++
 packages/angstrom-unix/angstrom-unix.0.16.1/opam   | 23 +++++++++++++++
 packages/angstrom/angstrom.0.16.1/opam             | 33 ++++++++++++++++++++++
 4 files changed, 103 insertions(+)
 create mode 100644 packages/angstrom-async/angstrom-async.0.16.1/opam
 create mode 100644 packages/angstrom-lwt-unix/angstrom-lwt-unix.0.16.1/opam
 create mode 100644 packages/angstrom-unix/angstrom-unix.0.16.1/opam
 create mode 100644 packages/angstrom/angstrom.0.16.1/opam

[01;34m(from ocaml/opam:debian-12-ocaml-4.14@sha256:2135d0c56fc438ebc9377f99b020c06d4ecd43611be356b669914fea73ab2be1)[0m
Unable to find image 'ocaml/opam:debian-12-ocaml-4.14@sha256:2135d0c56fc438ebc9377f99b020c06d4ecd43611be356b669914fea73ab2be1' locally
docker.io/ocaml/opam@sha256:2135d0c56fc438ebc9377f99b020c06d4ecd43611be356b669914fea73ab2be1: Pulling from ocaml/opam
5bece21b072e: Pulling fs layer
5bece21b072e: Verifying Checksum
5bece21b072e: Download complete
5bece21b072e: Pull complete
Digest: sha256:2135d0c56fc438ebc9377f99b020c06d4ecd43611be356b669914fea73ab2be1
Status: Downloaded newer image for ocaml/opam@sha256:2135d0c56fc438ebc9377f99b020c06d4ecd43611be356b669914fea73ab2be1
[01;2m[01;35m2024-09-12 21:45.53 ---> using "103a548bcf08062184789f8399ddfc3128a2d5d426168f6d2c8435f8ce1ce572" from cache[0m

[01;34m/: (user (uid 1000) (gid 1000))[0m

[01;34m/: (workdir /home/opam)[0m

[01;34m/home/opam: (run (shell "sudo ln -f /usr/bin/opam-2.0 /usr/bin/opam"))[0m
[01;2m[01;35m2024-09-12 21:45.53 ---> using "e0af227a43cb3b2515fd2d6efd0259cd0385f2e03a63f8f7afb69b82f00b648b" from cache[0m

[01;34m/home/opam: (run (network host)
                 (shell "opam init --reinit --config .opamrc-sandbox -ni"))[0m
[NOTE] Will configure from /home/opam/.opamrc-sandbox, then /home/opam/.opamrc, and finally from built-in defaults.
Checking for available remotes: rsync and local, git.
  - you won't be able to use mercurial repositories unless you install the hg command on your system.
  - you won't be able to use darcs repositories unless you install the darcs command on your system.

[WARNING] Recommended dependencies -- most packages rely on these:
  - m4

<><> Updating repositories ><><><><><><><><><><><><><><><><><><><><><><><><><><>
[default] synchronised from file:///home/opam/opam-repository
default (at file:///home/opam/opam-repository): 
    [INFO] opam 2.1 and 2.2 include many performance and security improvements over 2.0; please consider upgrading (https://opam.ocaml.org/doc/Install.html)

[01;2m[01;35m2024-09-12 21:46.19 ---> saved as "84f56894725117437e08f5737f7bae0400ccfa6658f1a0382cec7c4e3f8d2e8a"[0m

[01;34m/home/opam: (run (shell "uname -rs && opam exec -- ocaml -version && opam --version"))[0m
Linux 5.15.0-119-generic
The OCaml toplevel, version 4.14.2
2.0.10
[01;2m[01;35m2024-09-12 21:46.21 ---> saved as "ed25c5f2e94a48b58bdaf758331ac2682d99ffb3857c828d7d6ac3e7c297e543"[0m

[01;34m/home/opam: (env OPAMDOWNLOADJOBS 1)[0m

[01;34m/home/opam: (env OPAMERRLOGLEN 0)[0m

[01;34m/home/opam: (env OPAMSOLVERTIMEOUT 500)[0m

[01;34m/home/opam: (env OPAMPRECISETRACKING 1)[0m

[01;34m/home/opam: (env CI true)[0m

[01;34m/home/opam: (env OPAM_REPO_CI true)[0m

[01;34m/home/opam: (run (shell "rm -rf opam-repository/"))[0m
[01;2m[01;35m2024-09-12 21:46.30 ---> saved as "8080916d013c5ace8596d449c4d82846a4f62669a5d8bfc0744bcc20beddd0f0"[0m

[01;34m/home/opam: (copy (src .) (dst opam-repository/))[0m
[01;2m[01;35m2024-09-12 21:46.41 ---> saved as "d933b6a9240d19332f419fbee21606c65340f9e4b84f7855c62a974cd978d6b2"[0m

[01;34m/home/opam: (run (shell "opam repository set-url --strict default opam-repository/"))[0m
[default] Initialised
default (at file:///home/opam/opam-repository): 
    [INFO] opam 2.1 and 2.2 include many performance and security improvements over 2.0; please consider upgrading (https://opam.ocaml.org/doc/Install.html)

[01;2m[01;35m2024-09-12 21:47.10 ---> saved as "d904c3cec21a7f4d0d82061ffc938186e0609096d76ac5dd5146533ad8ffee4b"[0m

[01;34m/home/opam: (run (network host)
                 (shell "opam depext -u || true"))[0m
# Detecting depexts using vars: arch=x86_64, os=linux, os-distribution=debian, os-family=debian
# No extra OS packages requirements found.
# All required OS packages found.
The following command needs to be run through "sudo":
    apt-get update
Hit:1 http://deb.debian.org/debian bookworm InRelease
Get:2 http://deb.debian.org/debian bookworm-updates InRelease [55.4 kB]
Get:3 http://deb.debian.org/debian-security bookworm-security InRelease [48.0 kB]
Get:4 http://deb.debian.org/debian bookworm-updates/main amd64 Packages.diff/Index [11.7 kB]
Get:5 http://deb.debian.org/debian bookworm-updates/main amd64 Packages T-2024-09-10-2011.55-F-2024-09-10-2011.55.pdiff [1116 B]
Get:5 http://deb.debian.org/debian bookworm-updates/main amd64 Packages T-2024-09-10-2011.55-F-2024-09-10-2011.55.pdiff [1116 B]
Get:6 http://deb.debian.org/debian-security bookworm-security/main amd64 Packages [179 kB]
Fetched 295 kB in 0s (1102 kB/s)
Reading package lists...
# OS package update successful
[01;2m[01;35m2024-09-12 21:47.11 ---> saved as "62b20661b142c8a14d6319f717721317a63c0a4d9df8ba4d80375a717397c9e7"[0m

[01;34m/home/opam: (run (shell "opam pin add -k version -yn angstrom-async.0.16.1 0.16.1"))[0m
angstrom-async is now pinned to version 0.16.1
[01;2m[01;35m2024-09-12 21:47.12 ---> saved as "623044152cb34d4e71d7f8a08620aaef87f3b1b2d2bfc707bd5ac16e3609a6ce"[0m

[01;34m/home/opam: (run (cache (opam-archives (target /home/opam/.opam/download-cache)))
                 (network host)
                 (shell  "opam depext angstrom-async.0.16.1 && opam reinstall angstrom-async.0.16.1;\
                        \n        res=$?;\
                        \n        test \"$res\" != 31 && exit \"$res\";\
                        \n        export OPAMCLI=2.0;\
                        \n        build_dir=$(opam var prefix)/.opam-switch/build;\
                        \n        failed=$(ls \"$build_dir\");\
                        \n        partial_fails=\"\";\
                        \n        for pkg in $failed; do\
                        \n          if opam show -f x-ci-accept-failures: \"$pkg\" | grep -qF \"\\\"debian-12\\\"\"; then\
                        \n            echo \"A package failed and has been disabled for CI using the 'x-ci-accept-failures' field.\";\
                        \n          fi;\
                        \n          test \"$pkg\" != 'angstrom-async.0.16.1' && partial_fails=\"$partial_fails $pkg\";\
                        \n        done;\
                        \n        test \"${partial_fails}\" != \"\" && echo \"opam-repo-ci detected dependencies failing: ${partial_fails}\";\
                        \n        exit 1"))[0m
# Detecting depexts using vars: arch=x86_64, os=linux, os-distribution=debian, os-family=debian
# No extra OS packages requirements found.
# All required OS packages found.
angstrom-async.0.16.1 is not installed. Install it? [Y/n] y
[ERROR] Sorry, resolution of the request timed out.
        Try to specify a simpler request, use a different solver, or increase the allowed time by setting OPAMSOLVERTIMEOUT to a bigger value (currently, it is set to 500.0 seconds).
"/usr/bin/env" "bash" "-c" "opam depext angstrom-async.0.16.1 && opam reinstall angstrom-async.0.16.1;
        res=$?;
        test "$res" != 31 && exit "$res";
        export OPAMCLI=2.0;
        build_dir=$(opam var prefix)/.opam-switch/build;
        failed=$(ls "$build_dir");
        partial_fails="";
        for pkg in $failed; do
          if opam show -f x-ci-accept-failures: "$pkg" | grep -qF "\"debian-12\""; then
            echo "A package failed and has been disabled for CI using the 'x-ci-accept-failures' field.";
          fi;
          test "$pkg" != 'angstrom-async.0.16.1' && partial_fails="$partial_fails $pkg";
        done;
        test "${partial_fails}" != "" && echo "opam-repo-ci detected dependencies failing: ${partial_fails}";
        exit 1" failed with exit status 60
2024-09-12 21:56.00: Job failed: Failed: Build failed
2024-09-12 21:56.00: Log analysis:
2024-09-12 21:56.00: >>> 
[ERROR] Sorry, resolution of the request timed out.
 (score = 20)
2024-09-12 21:56.00: Sorry, resolution of the request timed out.
