2024-10-08 21:15.17: New job: test compsort.0.9, using opam 2.1
                              from https://github.com/ocaml/opam-repository.git#refs/pull/26696/head (15e0fcd22769779261d6beddf7125337878bbd04)
                              on debian-12-ocaml-5.2/amd64

To reproduce locally:

cd $(mktemp -d)
git clone --recursive "https://github.com/ocaml/opam-repository.git" && cd "opam-repository" && git fetch origin "refs/pull/26696/head" && git reset --hard 15e0fcd2
git fetch origin master
git merge --no-edit 3039e8acca9b0f9c472565b6842685c95cbce333
cat > ../Dockerfile <<'END-OF-DOCKERFILE'
[34mFROM ocaml/opam:debian-12-ocaml-5.2@sha256:0f780afc678452f0b77907ce9163d03fd8377880031bb2c03ca4dfc199668512
USER 1000:1000
WORKDIR /home/opam
RUN sudo ln -f /usr/bin/opam-2.1 /usr/bin/opam
RUN opam init --reinit -ni
RUN uname -rs && opam exec -- ocaml -version && opam --version
ENV OPAMDOWNLOADJOBS="1"
ENV OPAMERRLOGLEN="0"
ENV OPAMSOLVERTIMEOUT="1000"
ENV OPAMPRECISETRACKING="1"
ENV CI="true"
ENV OPAM_REPO_CI="true"
RUN rm -rf opam-repository/
COPY --chown=1000:1000 . opam-repository/
RUN opam repository set-url --strict default opam-repository/
RUN opam update --depexts || true
RUN opam pin add -k version -yn compsort.0.9 0.9
RUN opam reinstall compsort.0.9; \
    res=$?; \
    test "$res" != 31 && exit "$res"; \
    export OPAMCLI=2.0; \
    build_dir=$(opam var prefix)/.opam-switch/build; \
    failed=$(ls "$build_dir"); \
    partial_fails=""; \
    for pkg in $failed; do \
    if opam show -f x-ci-accept-failures: "$pkg" | grep -qF "\"debian-12\""; then \
    echo "A package failed and has been disabled for CI using the 'x-ci-accept-failures' field."; \
    fi; \
    test "$pkg" != 'compsort.0.9' && partial_fails="$partial_fails $pkg"; \
    done; \
    test "${partial_fails}" != "" && echo "opam-repo-ci detected dependencies failing: ${partial_fails}"; \
    exit 1
RUN (opam reinstall --with-test compsort.0.9) || true
RUN opam reinstall --with-test --verbose compsort.0.9; \
    res=$?; \
    test "$res" != 31 && exit "$res"; \
    export OPAMCLI=2.0; \
    build_dir=$(opam var prefix)/.opam-switch/build; \
    failed=$(ls "$build_dir"); \
    partial_fails=""; \
    for pkg in $failed; do \
    if opam show -f x-ci-accept-failures: "$pkg" | grep -qF "\"debian-12\""; then \
    echo "A package failed and has been disabled for CI using the 'x-ci-accept-failures' field."; \
    fi; \
    test "$pkg" != 'compsort.0.9' && partial_fails="$partial_fails $pkg"; \
    done; \
    test "${partial_fails}" != "" && echo "opam-repo-ci detected dependencies failing: ${partial_fails}"; \
    exit 1
[0m
END-OF-DOCKERFILE
docker build -f ../Dockerfile .

2024-10-08 21:15.17: Using cache hint "ocaml/opam:debian-12-ocaml-5.2@sha256:0f780afc678452f0b77907ce9163d03fd8377880031bb2c03ca4dfc199668512-compsort.0.9-15e0fcd22769779261d6beddf7125337878bbd04"
2024-10-08 21:15.17: Using OBuilder spec:
((from ocaml/opam:debian-12-ocaml-5.2@sha256:0f780afc678452f0b77907ce9163d03fd8377880031bb2c03ca4dfc199668512)
 (user (uid 1000) (gid 1000))
 (workdir /home/opam)
 (run (shell "sudo ln -f /usr/bin/opam-2.1 /usr/bin/opam"))
 (run (network host)
      (shell "opam init --reinit --config .opamrc-sandbox -ni"))
 (run (shell "uname -rs && opam exec -- ocaml -version && opam --version"))
 (env OPAMDOWNLOADJOBS 1)
 (env OPAMERRLOGLEN 0)
 (env OPAMSOLVERTIMEOUT 1000)
 (env OPAMPRECISETRACKING 1)
 (env CI true)
 (env OPAM_REPO_CI true)
 (run (shell "rm -rf opam-repository/"))
 (copy (src .) (dst opam-repository/))
 (run (shell "opam repository set-url --strict default opam-repository/"))
 (run (network host)
      (shell "opam update --depexts || true"))
 (run (shell "opam pin add -k version -yn compsort.0.9 0.9"))
 (run (cache (opam-archives (target /home/opam/.opam/download-cache)))
      (network host)
      (shell  "opam reinstall compsort.0.9;\
             \n        res=$?;\
             \n        test \"$res\" != 31 && exit \"$res\";\
             \n        export OPAMCLI=2.0;\
             \n        build_dir=$(opam var prefix)/.opam-switch/build;\
             \n        failed=$(ls \"$build_dir\");\
             \n        partial_fails=\"\";\
             \n        for pkg in $failed; do\
             \n          if opam show -f x-ci-accept-failures: \"$pkg\" | grep -qF \"\\\"debian-12\\\"\"; then\
             \n            echo \"A package failed and has been disabled for CI using the 'x-ci-accept-failures' field.\";\
             \n          fi;\
             \n          test \"$pkg\" != 'compsort.0.9' && partial_fails=\"$partial_fails $pkg\";\
             \n        done;\
             \n        test \"${partial_fails}\" != \"\" && echo \"opam-repo-ci detected dependencies failing: ${partial_fails}\";\
             \n        exit 1"))
 (run (network host)
      (shell "(opam reinstall --with-test compsort.0.9) || true"))
 (run (shell  "opam reinstall --with-test --verbose compsort.0.9;\
             \n        res=$?;\
             \n        test \"$res\" != 31 && exit \"$res\";\
             \n        export OPAMCLI=2.0;\
             \n        build_dir=$(opam var prefix)/.opam-switch/build;\
             \n        failed=$(ls \"$build_dir\");\
             \n        partial_fails=\"\";\
             \n        for pkg in $failed; do\
             \n          if opam show -f x-ci-accept-failures: \"$pkg\" | grep -qF \"\\\"debian-12\\\"\"; then\
             \n            echo \"A package failed and has been disabled for CI using the 'x-ci-accept-failures' field.\";\
             \n          fi;\
             \n          test \"$pkg\" != 'compsort.0.9' && partial_fails=\"$partial_fails $pkg\";\
             \n        done;\
             \n        test \"${partial_fails}\" != \"\" && echo \"opam-repo-ci detected dependencies failing: ${partial_fails}\";\
             \n        exit 1"))
)

2024-10-08 21:15.17: Waiting for resource in pool OCluster
2024-10-08 21:15.17: Waiting for worker…
2024-10-08 21:15.17: Got resource from pool OCluster
Building on x86-bm-c10.sw.ocaml.org
All commits already cached
Updating files:  87% (28198/32397)Updating files:  88% (28510/32397)Updating files:  89% (28834/32397)Updating files:  90% (29158/32397)Updating files:  91% (29482/32397)Updating files:  92% (29806/32397)Updating files:  93% (30130/32397)Updating files:  94% (30454/32397)Updating files:  95% (30778/32397)Updating files:  96% (31102/32397)Updating files:  97% (31426/32397)Updating files:  98% (31750/32397)Updating files:  99% (32074/32397)Updating files: 100% (32397/32397)Updating files: 100% (32397/32397), done.
HEAD is now at 3039e8acca Merge pull request #26684 from zoggy/opam-publish-stk.0.3.0
Updating 3039e8acca..15e0fcd227
Fast-forward
 packages/compsort/compsort.0.9/opam | 51 +++++++++++++++++++++++++++++++++++++
 1 file changed, 51 insertions(+)
 create mode 100644 packages/compsort/compsort.0.9/opam

[01;34m(from ocaml/opam:debian-12-ocaml-5.2@sha256:0f780afc678452f0b77907ce9163d03fd8377880031bb2c03ca4dfc199668512)[0m
[01;2m[01;35m2024-10-08 21:15.54 ---> using "a2afb71ea5b1d794fe56f32262ada4390f438c97ab6e1656dd20af93122921f6" from cache[0m

[01;34m/: (user (uid 1000) (gid 1000))[0m

[01;34m/: (workdir /home/opam)[0m

[01;34m/home/opam: (run (shell "sudo ln -f /usr/bin/opam-2.1 /usr/bin/opam"))[0m
[01;2m[01;35m2024-10-08 21:15.54 ---> using "dbce0f20d62a3bb647154c6439929bbeca6a233ce6a5d2be4fb86399ed7e83a2" from cache[0m

[01;34m/home/opam: (run (network host)
                 (shell "opam init --reinit --config .opamrc-sandbox -ni"))[0m
Configuring from /home/opam/.opamrc-sandbox, then /home/opam/.opamrc, and finally from built-in defaults.
Checking for available remotes: rsync and local, git.
  - you won't be able to use mercurial repositories unless you install the hg command on your system.
  - you won't be able to use darcs repositories unless you install the darcs command on your system.

This development version of opam requires an update to the layout of /home/opam/.opam from version 2.0 to version 2.1, which can't be reverted.
You may want to back it up before going further.

Continue? [Y/n] y
Format upgrade done.

<><> Updating repositories ><><><><><><><><><><><><><><><><><><><><><><><><><><>
[default] synchronised from file:///home/opam/opam-repository
[01;2m[01;35m2024-10-08 21:17.17 ---> saved as "175a0854ed20518e1b9aa3569a161e5828732e5a956c8da53b634e3ba4e448a7"[0m

[01;34m/home/opam: (run (shell "uname -rs && opam exec -- ocaml -version && opam --version"))[0m
Linux 5.15.0-122-generic
The OCaml toplevel, version 5.2.0
2.1.6
[01;2m[01;35m2024-10-08 21:17.17 ---> saved as "732f484fb2f3f6a2fe358ef07e196cc75768ea9c0a3c67be82b5071610724312"[0m

[01;34m/home/opam: (env OPAMDOWNLOADJOBS 1)[0m

[01;34m/home/opam: (env OPAMERRLOGLEN 0)[0m

[01;34m/home/opam: (env OPAMSOLVERTIMEOUT 1000)[0m

[01;34m/home/opam: (env OPAMPRECISETRACKING 1)[0m

[01;34m/home/opam: (env CI true)[0m

[01;34m/home/opam: (env OPAM_REPO_CI true)[0m

[01;34m/home/opam: (run (shell "rm -rf opam-repository/"))[0m
[01;2m[01;35m2024-10-08 21:17.24 ---> saved as "573f497dfc0479f4ca5cfd8c678fbb621c8d6d8bf94e2787ebfcfe6266c527a8"[0m

[01;34m/home/opam: (copy (src .) (dst opam-repository/))[0m
[01;2m[01;35m2024-10-08 21:17.35 ---> saved as "d0fc62bd63664a519c4bcc0c06ef2fae309dd41de830d55e9eeb013fe67f0316"[0m

[01;34m/home/opam: (run (shell "opam repository set-url --strict default opam-repository/"))[0m
[default] Initialised
[01;2m[01;35m2024-10-08 21:17.59 ---> saved as "dbc1d572896cac4c8b0b676977ea1b932200ef77f4b242dbb1c528fcfe5e83f8"[0m

[01;34m/home/opam: (run (network host)
                 (shell "opam update --depexts || true"))[0m
+ /usr/bin/sudo "apt-get" "update"
- Hit:1 http://deb.debian.org/debian bookworm InRelease
- Get:2 http://deb.debian.org/debian bookworm-updates InRelease [55.4 kB]
- Get:3 http://deb.debian.org/debian-security bookworm-security InRelease [48.0 kB]
- Get:4 http://deb.debian.org/debian-security bookworm-security/main amd64 Packages [188 kB]
- Fetched 291 kB in 0s (1213 kB/s)
- Reading package lists...
[01;2m[01;35m2024-10-08 21:18.00 ---> saved as "99a5586844ae3034c4ad1fa61d421d3941610b4f748b4da5007edab5308e8ea4"[0m

[01;34m/home/opam: (run (shell "opam pin add -k version -yn compsort.0.9 0.9"))[0m
compsort is now pinned to version 0.9
[01;2m[01;35m2024-10-08 21:18.01 ---> saved as "8ecdbe1614332017546b7664946b1424d00e194644de5f6f84d9881501076c4a"[0m

[01;34m/home/opam: (run (cache (opam-archives (target /home/opam/.opam/download-cache)))
                 (network host)
                 (shell  "opam reinstall compsort.0.9;\
                        \n        res=$?;\
                        \n        test \"$res\" != 31 && exit \"$res\";\
                        \n        export OPAMCLI=2.0;\
                        \n        build_dir=$(opam var prefix)/.opam-switch/build;\
                        \n        failed=$(ls \"$build_dir\");\
                        \n        partial_fails=\"\";\
                        \n        for pkg in $failed; do\
                        \n          if opam show -f x-ci-accept-failures: \"$pkg\" | grep -qF \"\\\"debian-12\\\"\"; then\
                        \n            echo \"A package failed and has been disabled for CI using the 'x-ci-accept-failures' field.\";\
                        \n          fi;\
                        \n          test \"$pkg\" != 'compsort.0.9' && partial_fails=\"$partial_fails $pkg\";\
                        \n        done;\
                        \n        test \"${partial_fails}\" != \"\" && echo \"opam-repo-ci detected dependencies failing: ${partial_fails}\";\
                        \n        exit 1"))[0m
compsort.0.9 is not installed. Install it? [Y/n] y
[ERROR] Sorry, resolution of the request timed out.
        Try to specify a more precise request, use a different solver, or increase the allowed time by setting OPAMSOLVERTIMEOUT to a bigger value (currently, it is set to 1000.0 seconds).
"/usr/bin/env" "bash" "-c" "opam reinstall compsort.0.9;
        res=$?;
        test "$res" != 31 && exit "$res";
        export OPAMCLI=2.0;
        build_dir=$(opam var prefix)/.opam-switch/build;
        failed=$(ls "$build_dir");
        partial_fails="";
        for pkg in $failed; do
          if opam show -f x-ci-accept-failures: "$pkg" | grep -qF "\"debian-12\""; then
            echo "A package failed and has been disabled for CI using the 'x-ci-accept-failures' field.";
          fi;
          test "$pkg" != 'compsort.0.9' && partial_fails="$partial_fails $pkg";
        done;
        test "${partial_fails}" != "" && echo "opam-repo-ci detected dependencies failing: ${partial_fails}";
        exit 1" failed with exit status 60
2024-10-08 21:35.04: Job failed: Failed: Build failed
2024-10-08 21:35.04: Log analysis:
2024-10-08 21:35.04: >>> 
[ERROR] Sorry, resolution of the request timed out.
 (score = 20)
2024-10-08 21:35.04: Sorry, resolution of the request timed out.
