2024-02-16 16:46.26: New job: test irmin-git.2.6.0 with ppxlib.0.32.1~5.2preview, using opam dev
                              from https://github.com/ocaml/opam-repository.git#refs/pull/25267/head (ef12e7af930fd4d764219299e8477faf250a3893)
                              on debian-12-ocaml-4.14/amd64

To reproduce locally:

cd $(mktemp -d)
git clone --recursive "https://github.com/ocaml/opam-repository.git" && cd "opam-repository" && git fetch origin "refs/pull/25267/head" && git reset --hard ef12e7af
git fetch origin master
git merge --no-edit 1bb24f52ef5c395ad7f49bb07ea82397a93389b6
cat > ../Dockerfile <<'END-OF-DOCKERFILE'
[34mFROM ocaml/opam:debian-12-ocaml-4.14@sha256:4021ca3252741ce621e03f973d64272c2ac47b3b1e7c780e5a51dcc96f76a20c
USER 1000:1000
WORKDIR /home/opam
RUN sudo ln -f /usr/bin/opam-dev /usr/bin/opam
RUN opam init --reinit -ni
ENV OPAMDOWNLOADJOBS="1"
ENV OPAMERRLOGLEN="0"
ENV OPAMSOLVERTIMEOUT="500"
ENV OPAMPRECISETRACKING="1"
ENV CI="true"
ENV OPAM_REPO_CI="true"
RUN rm -rf opam-repository/
COPY --chown=1000:1000 . opam-repository/
RUN opam repository set-url --strict default opam-repository/
RUN opam update --depexts || true
ENV OPAMCRITERIA="-removed,-count[avoid-version,changed],-count[version-lag,request],-count[version-lag,changed],-count[missing-depexts,changed],-changed"
ENV OPAMFIXUPCRITERIA="-removed,-count[avoid-version,changed],-count[version-lag,request],-count[version-lag,changed],-count[missing-depexts,changed],-changed"
ENV OPAMUPGRADECRITERIA="-removed,-count[avoid-version,changed],-count[version-lag,request],-count[version-lag,changed],-count[missing-depexts,changed],-changed"
RUN opam pin add -k version -yn ppxlib.0.32.1~5.2preview 0.32.1~5.2preview
RUN opam reinstall ppxlib.0.32.1~5.2preview; \
    res=$?; \
    test "$res" != 31 && exit "$res"; \
    export OPAMCLI=2.0; \
    build_dir=$(opam var prefix)/.opam-switch/build; \
    failed=$(ls "$build_dir"); \
    partial_fails=""; \
    for pkg in $failed; do \
    if opam show -f x-ci-accept-failures: "$pkg" | grep -qF "\"debian-12\""; then \
    echo "A package failed and has been disabled for CI using the 'x-ci-accept-failures' field."; \
    fi; \
    test "$pkg" != 'ppxlib.0.32.1~5.2preview' && partial_fails="$partial_fails $pkg"; \
    done; \
    test "${partial_fails}" != "" && echo "opam-repo-ci detected dependencies failing: ${partial_fails}"; \
    exit 1
ENV OPAMCRITERIA="-removed,-count[avoid-version,changed],-count[version-lag,request],-count[version-lag,changed],-count[missing-depexts,changed],-changed"
ENV OPAMFIXUPCRITERIA="-removed,-count[avoid-version,changed],-count[version-lag,request],-count[version-lag,changed],-count[missing-depexts,changed],-changed"
ENV OPAMUPGRADECRITERIA="-removed,-count[avoid-version,changed],-count[version-lag,request],-count[version-lag,changed],-count[missing-depexts,changed],-changed"
RUN opam reinstall irmin-git.2.6.0; \
    res=$?; \
    test "$res" != 31 && exit "$res"; \
    export OPAMCLI=2.0; \
    build_dir=$(opam var prefix)/.opam-switch/build; \
    failed=$(ls "$build_dir"); \
    partial_fails=""; \
    for pkg in $failed; do \
    if opam show -f x-ci-accept-failures: "$pkg" | grep -qF "\"debian-12\""; then \
    echo "A package failed and has been disabled for CI using the 'x-ci-accept-failures' field."; \
    fi; \
    test "$pkg" != 'irmin-git.2.6.0' && partial_fails="$partial_fails $pkg"; \
    done; \
    test "${partial_fails}" != "" && echo "opam-repo-ci detected dependencies failing: ${partial_fails}"; \
    exit 1
ENV OPAMCRITERIA="-removed,-count[avoid-version,changed],-count[version-lag,request],-count[version-lag,changed],-count[missing-depexts,changed],-changed"
ENV OPAMFIXUPCRITERIA="-removed,-count[avoid-version,changed],-count[version-lag,request],-count[version-lag,changed],-count[missing-depexts,changed],-changed"
ENV OPAMUPGRADECRITERIA="-removed,-count[avoid-version,changed],-count[version-lag,request],-count[version-lag,changed],-count[missing-depexts,changed],-changed"
RUN (opam reinstall --with-test irmin-git.2.6.0) || true
RUN opam reinstall --with-test --verbose irmin-git.2.6.0; \
    res=$?; \
    test "$res" != 31 && exit "$res"; \
    export OPAMCLI=2.0; \
    build_dir=$(opam var prefix)/.opam-switch/build; \
    failed=$(ls "$build_dir"); \
    partial_fails=""; \
    for pkg in $failed; do \
    if opam show -f x-ci-accept-failures: "$pkg" | grep -qF "\"debian-12\""; then \
    echo "A package failed and has been disabled for CI using the 'x-ci-accept-failures' field."; \
    fi; \
    test "$pkg" != 'irmin-git.2.6.0' && partial_fails="$partial_fails $pkg"; \
    done; \
    test "${partial_fails}" != "" && echo "opam-repo-ci detected dependencies failing: ${partial_fails}"; \
    exit 1
[0m
END-OF-DOCKERFILE
docker build -f ../Dockerfile .

2024-02-16 16:46.26: Using cache hint "ocaml/opam:debian-12-ocaml-4.14@sha256:4021ca3252741ce621e03f973d64272c2ac47b3b1e7c780e5a51dcc96f76a20c-ppxlib.0.32.1~5.2preview-irmin-git.2.6.0-ef12e7af930fd4d764219299e8477faf250a3893"
2024-02-16 16:46.26: Using OBuilder spec:
((from ocaml/opam:debian-12-ocaml-4.14@sha256:4021ca3252741ce621e03f973d64272c2ac47b3b1e7c780e5a51dcc96f76a20c)
 (user (uid 1000) (gid 1000))
 (workdir /home/opam)
 (run (shell "sudo ln -f /usr/bin/opam-dev /usr/bin/opam"))
 (run (network host)
      (shell "opam init --reinit --config .opamrc-sandbox -ni"))
 (env OPAMDOWNLOADJOBS 1)
 (env OPAMERRLOGLEN 0)
 (env OPAMSOLVERTIMEOUT 500)
 (env OPAMPRECISETRACKING 1)
 (env CI true)
 (env OPAM_REPO_CI true)
 (run (shell "rm -rf opam-repository/"))
 (copy (src .) (dst opam-repository/))
 (run (shell "opam repository set-url --strict default opam-repository/"))
 (run (network host)
      (shell "opam update --depexts || true"))
 (env OPAMCRITERIA -removed,-count[avoid-version,changed],-count[version-lag,request],-count[version-lag,changed],-count[missing-depexts,changed],-changed)
 (env OPAMFIXUPCRITERIA -removed,-count[avoid-version,changed],-count[version-lag,request],-count[version-lag,changed],-count[missing-depexts,changed],-changed)
 (env OPAMUPGRADECRITERIA -removed,-count[avoid-version,changed],-count[version-lag,request],-count[version-lag,changed],-count[missing-depexts,changed],-changed)
 (run (shell "opam pin add -k version -yn ppxlib.0.32.1~5.2preview 0.32.1~5.2preview"))
 (run (cache (opam-archives (target /home/opam/.opam/download-cache)))
      (network host)
      (shell  "opam reinstall ppxlib.0.32.1~5.2preview;\
             \n        res=$?;\
             \n        test \"$res\" != 31 && exit \"$res\";\
             \n        export OPAMCLI=2.0;\
             \n        build_dir=$(opam var prefix)/.opam-switch/build;\
             \n        failed=$(ls \"$build_dir\");\
             \n        partial_fails=\"\";\
             \n        for pkg in $failed; do\
             \n          if opam show -f x-ci-accept-failures: \"$pkg\" | grep -qF \"\\\"debian-12\\\"\"; then\
             \n            echo \"A package failed and has been disabled for CI using the 'x-ci-accept-failures' field.\";\
             \n          fi;\
             \n          test \"$pkg\" != 'ppxlib.0.32.1~5.2preview' && partial_fails=\"$partial_fails $pkg\";\
             \n        done;\
             \n        test \"${partial_fails}\" != \"\" && echo \"opam-repo-ci detected dependencies failing: ${partial_fails}\";\
             \n        exit 1"))
 (env OPAMCRITERIA -removed,-count[avoid-version,changed],-count[version-lag,request],-count[version-lag,changed],-count[missing-depexts,changed],-changed)
 (env OPAMFIXUPCRITERIA -removed,-count[avoid-version,changed],-count[version-lag,request],-count[version-lag,changed],-count[missing-depexts,changed],-changed)
 (env OPAMUPGRADECRITERIA -removed,-count[avoid-version,changed],-count[version-lag,request],-count[version-lag,changed],-count[missing-depexts,changed],-changed)
 (run (cache (opam-archives (target /home/opam/.opam/download-cache)))
      (network host)
      (shell  "opam reinstall irmin-git.2.6.0;\
             \n        res=$?;\
             \n        test \"$res\" != 31 && exit \"$res\";\
             \n        export OPAMCLI=2.0;\
             \n        build_dir=$(opam var prefix)/.opam-switch/build;\
             \n        failed=$(ls \"$build_dir\");\
             \n        partial_fails=\"\";\
             \n        for pkg in $failed; do\
             \n          if opam show -f x-ci-accept-failures: \"$pkg\" | grep -qF \"\\\"debian-12\\\"\"; then\
             \n            echo \"A package failed and has been disabled for CI using the 'x-ci-accept-failures' field.\";\
             \n          fi;\
             \n          test \"$pkg\" != 'irmin-git.2.6.0' && partial_fails=\"$partial_fails $pkg\";\
             \n        done;\
             \n        test \"${partial_fails}\" != \"\" && echo \"opam-repo-ci detected dependencies failing: ${partial_fails}\";\
             \n        exit 1"))
 (env OPAMCRITERIA -removed,-count[avoid-version,changed],-count[version-lag,request],-count[version-lag,changed],-count[missing-depexts,changed],-changed)
 (env OPAMFIXUPCRITERIA -removed,-count[avoid-version,changed],-count[version-lag,request],-count[version-lag,changed],-count[missing-depexts,changed],-changed)
 (env OPAMUPGRADECRITERIA -removed,-count[avoid-version,changed],-count[version-lag,request],-count[version-lag,changed],-count[missing-depexts,changed],-changed)
 (run (network host)
      (shell "(opam reinstall --with-test irmin-git.2.6.0) || true"))
 (run (shell  "opam reinstall --with-test --verbose irmin-git.2.6.0;\
             \n        res=$?;\
             \n        test \"$res\" != 31 && exit \"$res\";\
             \n        export OPAMCLI=2.0;\
             \n        build_dir=$(opam var prefix)/.opam-switch/build;\
             \n        failed=$(ls \"$build_dir\");\
             \n        partial_fails=\"\";\
             \n        for pkg in $failed; do\
             \n          if opam show -f x-ci-accept-failures: \"$pkg\" | grep -qF \"\\\"debian-12\\\"\"; then\
             \n            echo \"A package failed and has been disabled for CI using the 'x-ci-accept-failures' field.\";\
             \n          fi;\
             \n          test \"$pkg\" != 'irmin-git.2.6.0' && partial_fails=\"$partial_fails $pkg\";\
             \n        done;\
             \n        test \"${partial_fails}\" != \"\" && echo \"opam-repo-ci detected dependencies failing: ${partial_fails}\";\
             \n        exit 1"))
)

2024-02-16 16:46.26: Waiting for resource in pool OCluster
2024-02-16 22:42.26: Waiting for worker…
2024-02-16 22:43.53: Got resource from pool OCluster
Building on marpe.caelum.ci.dev
All commits already cached
Updating files:  85% (28188/32978)Updating files:  86% (28362/32978)Updating files:  87% (28691/32978)Updating files:  88% (29021/32978)Updating files:  89% (29351/32978)Updating files:  90% (29681/32978)Updating files:  91% (30010/32978)Updating files:  92% (30340/32978)Updating files:  93% (30670/32978)Updating files:  94% (31000/32978)Updating files:  95% (31330/32978)Updating files:  96% (31659/32978)Updating files:  97% (31989/32978)Updating files:  98% (32319/32978)Updating files:  99% (32649/32978)Updating files: 100% (32978/32978)Updating files: 100% (32978/32978), done.
HEAD is now at 1bb24f52ef Merge pull request #25250 from hannesm/release-mirage-v4.4.2
Updating 1bb24f52ef..ef12e7af93
Fast-forward
 packages/ppxlib/ppxlib.0.32.1~5.2preview/opam | 63 +++++++++++++++++++++++++++
 1 file changed, 63 insertions(+)
 create mode 100644 packages/ppxlib/ppxlib.0.32.1~5.2preview/opam

[01;34m(from ocaml/opam:debian-12-ocaml-4.14@sha256:4021ca3252741ce621e03f973d64272c2ac47b3b1e7c780e5a51dcc96f76a20c)[0m
[01;2m[01;35m2024-02-16 22:44.50 ---> using "0acf803dd11b376b386511f6c168c184aeafb2a98b15ad3a7c37861e7c214376" from cache[0m

[01;34m/: (user (uid 1000) (gid 1000))[0m

[01;34m/: (workdir /home/opam)[0m

[01;34m/home/opam: (run (shell "sudo ln -f /usr/bin/opam-dev /usr/bin/opam"))[0m
[01;2m[01;35m2024-02-16 22:44.50 ---> using "5f75a484ee0a4a54dce687581c08c0e0126d54be845e13f0e0f4cb297e6a2d76" from cache[0m

[01;34m/home/opam: (run (network host)
                 (shell "opam init --reinit --config .opamrc-sandbox -ni"))[0m
Configuring from /home/opam/.opamrc-sandbox, then /home/opam/.opamrc, and finally from built-in defaults.
Checking for available remotes: rsync and local, git.
  - you won't be able to use mercurial repositories unless you install the hg command on your system.
  - you won't be able to use darcs repositories unless you install the darcs command on your system.

This development version of opam requires an update to the layout of /home/opam/.opam from version 2.0 to version 2.2~alpha, which can't be reverted.
You may want to back it up before going further.

Continue? [y/n] y
[NOTE] The 'jobs' option was reset, its value was 71 and its new value will vary according to the current number of cores on your machine. You can restore the fixed value using:
           opam option jobs=71 --global
Format upgrade done.

<><> Updating repositories ><><><><><><><><><><><><><><><><><><><><><><><><><><>
[default] synchronised from file:///home/opam/opam-repository
[01;2m[01;35m2024-02-16 22:44.50 ---> using "e04cc2bb434ef69b32eefedf55fe47d43efe975bcbb2b548ccfaa5ac32346591" from cache[0m

[01;34m/home/opam: (env OPAMDOWNLOADJOBS 1)[0m

[01;34m/home/opam: (env OPAMERRLOGLEN 0)[0m

[01;34m/home/opam: (env OPAMSOLVERTIMEOUT 500)[0m

[01;34m/home/opam: (env OPAMPRECISETRACKING 1)[0m

[01;34m/home/opam: (env CI true)[0m

[01;34m/home/opam: (env OPAM_REPO_CI true)[0m

[01;34m/home/opam: (run (shell "rm -rf opam-repository/"))[0m
[01;2m[01;35m2024-02-16 22:44.50 ---> using "00564ecdfc417b769e9fdfcd2bb57e2f10222db9d58be942fda044ce7d492d99" from cache[0m

[01;34m/home/opam: (copy (src .) (dst opam-repository/))[0m
[01;2m[01;35m2024-02-16 22:44.51 ---> using "d66d66040d1872fff814914c6788d26efa3b81bc3a29a1ad444561a7115fe0ac" from cache[0m

[01;34m/home/opam: (run (shell "opam repository set-url --strict default opam-repository/"))[0m
[default] Initialised
[01;2m[01;35m2024-02-16 22:44.51 ---> using "b308588dd56abf97ad88df396a0bacd643efd328abcf261fdf4b049a43ca7330" from cache[0m

[01;34m/home/opam: (run (network host)
                 (shell "opam update --depexts || true"))[0m
+ /usr/bin/sudo "apt-get" "update"
- Get:1 http://deb.debian.org/debian bookworm InRelease [151 kB]
- Get:2 http://deb.debian.org/debian bookworm-updates InRelease [52.1 kB]
- Get:3 http://deb.debian.org/debian-security bookworm-security InRelease [48.0 kB]
- Get:4 http://deb.debian.org/debian bookworm/main amd64 Packages [8786 kB]
- Get:5 http://deb.debian.org/debian-security bookworm-security/main amd64 Packages [138 kB]
- Fetched 9176 kB in 1s (7317 kB/s)
- Reading package lists...
[01;2m[01;35m2024-02-16 22:44.51 ---> using "1f82ba0f71e4140a5115ce9ac32b32711a578bed008298be40f35a190ccbfee9" from cache[0m

[01;34m/home/opam: (env OPAMCRITERIA -removed,-count[avoid-version,changed],-count[version-lag,request],-count[version-lag,changed],-count[missing-depexts,changed],-changed)[0m

[01;34m/home/opam: (env OPAMFIXUPCRITERIA -removed,-count[avoid-version,changed],-count[version-lag,request],-count[version-lag,changed],-count[missing-depexts,changed],-changed)[0m

[01;34m/home/opam: (env OPAMUPGRADECRITERIA -removed,-count[avoid-version,changed],-count[version-lag,request],-count[version-lag,changed],-count[missing-depexts,changed],-changed)[0m

[01;34m/home/opam: (run (shell "opam pin add -k version -yn ppxlib.0.32.1~5.2preview 0.32.1~5.2preview"))[0m
ppxlib is now pinned to version 0.32.1~5.2preview
[01;2m[01;35m2024-02-16 22:44.51 ---> using "9298d795b74af842cdf1d762d83f0052168ef61d4c9b20a7a49506d26ac5a774" from cache[0m

[01;34m/home/opam: (run (cache (opam-archives (target /home/opam/.opam/download-cache)))
                 (network host)
                 (shell  "opam reinstall ppxlib.0.32.1~5.2preview;\
                        \n        res=$?;\
                        \n        test \"$res\" != 31 && exit \"$res\";\
                        \n        export OPAMCLI=2.0;\
                        \n        build_dir=$(opam var prefix)/.opam-switch/build;\
                        \n        failed=$(ls \"$build_dir\");\
                        \n        partial_fails=\"\";\
                        \n        for pkg in $failed; do\
                        \n          if opam show -f x-ci-accept-failures: \"$pkg\" | grep -qF \"\\\"debian-12\\\"\"; then\
                        \n            echo \"A package failed and has been disabled for CI using the 'x-ci-accept-failures' field.\";\
                        \n          fi;\
                        \n          test \"$pkg\" != 'ppxlib.0.32.1~5.2preview' && partial_fails=\"$partial_fails $pkg\";\
                        \n        done;\
                        \n        test \"${partial_fails}\" != \"\" && echo \"opam-repo-ci detected dependencies failing: ${partial_fails}\";\
                        \n        exit 1"))[0m
ppxlib.0.32.1~5.2preview is not installed. Install it? [y/n] y
The following actions will be performed:
=== install 6 packages
  - install dune                3.14.0                     [required by ppxlib]
  - install ocaml-compiler-libs v0.12.4                    [required by ppxlib]
  - install ppx_derivers        1.2.1                      [required by ppxlib]
  - install ppxlib              0.32.1~5.2preview (pinned)
  - install sexplib0            v0.16.0                    [required by ppxlib]
  - install stdlib-shims        0.3.0                      [required by ppxlib]

<><> Processing actions <><><><><><><><><><><><><><><><><><><><><><><><><><><><>
-> retrieved dune.3.14.0  (cached)
-> retrieved ocaml-compiler-libs.v0.12.4  (cached)
-> retrieved ppx_derivers.1.2.1  (cached)
-> retrieved ppxlib.0.32.1~5.2preview  (cached)
-> retrieved sexplib0.v0.16.0  (cached)
-> retrieved stdlib-shims.0.3.0  (cached)
-> installed dune.3.14.0
-> installed ppx_derivers.1.2.1
-> installed stdlib-shims.0.3.0
-> installed sexplib0.v0.16.0
-> installed ocaml-compiler-libs.v0.12.4
-> installed ppxlib.0.32.1~5.2preview
Done.
# Run eval $(opam env) to update the current shell environment
[01;2m[01;35m2024-02-16 22:44.51 ---> using "9b477ec9b10d719f97559f9080997f020d5ec0276c694d8b1a186ae7a7861b76" from cache[0m

[01;34m/home/opam: (env OPAMCRITERIA -removed,-count[avoid-version,changed],-count[version-lag,request],-count[version-lag,changed],-count[missing-depexts,changed],-changed)[0m

[01;34m/home/opam: (env OPAMFIXUPCRITERIA -removed,-count[avoid-version,changed],-count[version-lag,request],-count[version-lag,changed],-count[missing-depexts,changed],-changed)[0m

[01;34m/home/opam: (env OPAMUPGRADECRITERIA -removed,-count[avoid-version,changed],-count[version-lag,request],-count[version-lag,changed],-count[missing-depexts,changed],-changed)[0m

[01;34m/home/opam: (run (cache (opam-archives (target /home/opam/.opam/download-cache)))
                 (network host)
                 (shell  "opam reinstall irmin-git.2.6.0;\
                        \n        res=$?;\
                        \n        test \"$res\" != 31 && exit \"$res\";\
                        \n        export OPAMCLI=2.0;\
                        \n        build_dir=$(opam var prefix)/.opam-switch/build;\
                        \n        failed=$(ls \"$build_dir\");\
                        \n        partial_fails=\"\";\
                        \n        for pkg in $failed; do\
                        \n          if opam show -f x-ci-accept-failures: \"$pkg\" | grep -qF \"\\\"debian-12\\\"\"; then\
                        \n            echo \"A package failed and has been disabled for CI using the 'x-ci-accept-failures' field.\";\
                        \n          fi;\
                        \n          test \"$pkg\" != 'irmin-git.2.6.0' && partial_fails=\"$partial_fails $pkg\";\
                        \n        done;\
                        \n        test \"${partial_fails}\" != \"\" && echo \"opam-repo-ci detected dependencies failing: ${partial_fails}\";\
                        \n        exit 1"))[0m
irmin-git.2.6.0 is not installed. Install it? [y/n] y
The following actions will be performed:
=== install 57 packages
  - install angstrom           0.16.0 [required by git]
  - install astring            0.8.5  [required by irmin-git]
  - install base-bytes         base   [required by ocplib-endian]
  - install base64             3.5.1  [required by git]
  - install bheap              2.0.0  [required by irmin]
  - install bigstringaf        0.9.1  [required by git]
  - install bos                0.2.1  [required by carton]
  - install carton             0.7.1  [required by git]
  - install carton-git         0.7.1  [required by git]
  - install carton-lwt         0.7.1  [required by git]
  - install checkseum          0.5.2  [required by git]
  - install cmdliner           1.2.0  [required by carton, fmt, emile]
  - install cppo               1.6.9  [required by ppx_deriving]
  - install csexp              1.5.2  [required by dune-configurator]
  - install cstruct            6.2.0  [required by irmin-git]
  - install decompress         1.5.3  [required by git]
  - install digestif           1.1.4  [required by irmin-git]
  - install domain-name        0.4.0  [required by git]
  - install duff               0.5    [required by carton]
  - install dune-configurator  3.14.0 [required by checkseum, bigstringaf, hxd]
  - install either             1.0.0  [required by repr]
  - install emile              1.1    [required by git]
  - install encore             0.8    [required by git]
  - install eqaf               0.9    [required by digestif]
  - install fmt                0.9.0  [required by irmin-git]
  - install fpath              0.7.3  [required by irmin-git]
  - install git                3.15.0 [required by irmin-git]
  - install hxd                0.3.2  [required by git]
  - install ipaddr             5.5.0  [required by git]
  - install irmin              2.6.0  [required by irmin-git]
  - install irmin-git          2.6.0
  - install jsonm              1.0.2  [required by irmin]
  - install ke                 0.6    [required by git]
  - install logs               0.7.0  [required by irmin-git]
  - install lwt                5.7.0  [required by irmin-git]
  - install macaddr            5.5.0  [required by ipaddr]
  - install mimic              0.0.6  [required by git]
  - install mirage-flow        3.0.0  [required by git]
  - install ocaml-syntax-shims 1.0.0  [required by angstrom]
  - install ocamlbuild         0.14.3 [required by astring, fpath]
  - install ocamlfind          1.9.6  [required by astring, fpath]
  - install ocamlgraph         2.1.0  [required by git, irmin]
  - install ocplib-endian      1.2    [required by lwt]
  - install optint             0.3.0  [required by git]
  - install pecu               0.6    [required by emile]
  - install ppx_deriving       5.2.1  [required by ppx_repr]
  - install ppx_irmin          2.6.0  [required by irmin-git]
  - install ppx_repr           0.3.0  [required by ppx_irmin]
  - install psq                0.2.1  [required by git]
  - install repr               0.3.0  [required by irmin]
  - install result             1.5    [required by git]
  - install rresult            0.7.0  [required by git]
  - install seq                base   [required by psq]
  - install stringext          1.6.0  [required by uri]
  - install topkg              1.0.7  [required by astring, fpath]
  - install uri                4.4.0  [required by irmin-git]
  - install uutf               1.0.3  [required by irmin]

<><> Processing actions <><><><><><><><><><><><><><><><><><><><><><><><><><><><>
-> retrieved angstrom.0.16.0  (cached)
-> retrieved astring.0.8.5  (cached)
-> retrieved base64.3.5.1  (cached)
-> retrieved bheap.2.0.0  (cached)
-> retrieved bigstringaf.0.9.1  (cached)
-> retrieved bos.0.2.1  (cached)
-> retrieved carton.0.7.1, carton-git.0.7.1, carton-lwt.0.7.1  (cached)
-> retrieved checkseum.0.5.2  (cached)
-> installed bheap.2.0.0
-> retrieved cmdliner.1.2.0  (cached)
-> retrieved cppo.1.6.9  (cached)
-> retrieved csexp.1.5.2  (cached)
-> retrieved cstruct.6.2.0  (cached)
-> installed base64.3.5.1
-> retrieved decompress.1.5.3  (cached)
-> installed csexp.1.5.2
-> retrieved digestif.1.1.4  (cached)
-> retrieved domain-name.0.4.0  (cached)
-> retrieved duff.0.5  (cached)
-> installed domain-name.0.4.0
-> installed cppo.1.6.9
-> retrieved dune-configurator.3.14.0  (cached)
-> retrieved either.1.0.0  (cached)
-> retrieved emile.1.1  (cached)
-> retrieved encore.0.8  (cached)
-> retrieved eqaf.0.9  (cached)
-> retrieved fmt.0.9.0  (cached)
-> retrieved fpath.0.7.3  (cached)
-> retrieved git.3.15.0  (cached)
-> installed cmdliner.1.2.0
-> retrieved hxd.0.3.2  (cached)
-> retrieved ipaddr.5.5.0, macaddr.5.5.0  (cached)
-> retrieved irmin.2.6.0, irmin-git.2.6.0, ppx_irmin.2.6.0  (cached)
-> installed either.1.0.0
-> retrieved jsonm.1.0.2  (cached)
-> retrieved ke.0.6  (cached)
-> retrieved logs.0.7.0  (cached)
-> retrieved lwt.5.7.0  (cached)
-> retrieved mimic.0.0.6  (cached)
-> retrieved mirage-flow.3.0.0  (cached)
-> installed macaddr.5.5.0
-> retrieved ocaml-syntax-shims.1.0.0  (cached)
-> retrieved ocamlbuild.0.14.3  (cached)
-> retrieved ocamlfind.1.9.6  (cached)
-> retrieved ocamlgraph.2.1.0  (cached)
-> retrieved ocplib-endian.1.2  (cached)
-> retrieved optint.0.3.0  (cached)
-> retrieved pecu.0.6  (cached)
-> retrieved ppx_deriving.5.2.1  (cached)
-> retrieved ppx_repr.0.3.0, repr.0.3.0  (cached)
-> retrieved psq.0.2.1  (cached)
-> retrieved result.1.5  (cached)
-> retrieved rresult.0.7.0  (cached)
-> installed seq.base
-> retrieved stringext.1.6.0  (cached)
-> retrieved topkg.1.0.7  (cached)
-> retrieved uri.4.4.0  (cached)
-> retrieved uutf.1.0.3  (cached)
-> installed ipaddr.5.5.0
-> installed pecu.0.6
-> installed optint.0.3.0
-> installed stringext.1.6.0
-> installed result.1.5
-> installed psq.0.2.1
-> installed dune-configurator.3.14.0
-> installed ocaml-syntax-shims.1.0.0
-> installed bigstringaf.0.9.1
-> installed checkseum.0.5.2
-> installed angstrom.0.16.0
-> installed ocamlgraph.2.1.0
-> installed ocamlfind.1.9.6
-> installed base-bytes.base
-> installed decompress.1.5.3
-> installed ocplib-endian.1.2
-> installed uri.4.4.0
-> installed ocamlbuild.0.14.3
-> installed ppx_deriving.5.2.1
-> installed lwt.5.7.0
-> installed hxd.0.3.2
-> installed topkg.1.0.7
-> installed rresult.0.7.0
-> installed uutf.1.0.3
-> installed fmt.0.9.0
-> installed astring.0.8.5
-> installed emile.1.1
-> installed duff.0.5
-> installed ke.0.6
-> installed encore.0.8
-> installed cstruct.6.2.0
-> installed mirage-flow.3.0.0
-> installed jsonm.1.0.2
-> installed fpath.0.7.3
-> installed eqaf.0.9
-> installed logs.0.7.0
-> installed repr.0.3.0
-> installed mimic.0.0.6
-> installed digestif.1.1.4
-> installed ppx_repr.0.3.0
-> installed bos.0.2.1
-> installed ppx_irmin.2.6.0
-> installed carton.0.7.1
-> installed carton-lwt.0.7.1
-> installed carton-git.0.7.1
-> installed irmin.2.6.0
-> installed git.3.15.0
-> installed irmin-git.2.6.0
Done.
# Run eval $(opam env) to update the current shell environment
[01;2m[01;35m2024-02-16 22:45.30 ---> saved as "dfc98af85d560684ff98e50a2c4a60a6f6f844b853cead61b77701ef3725ae85"[0m

[01;34m/home/opam: (env OPAMCRITERIA -removed,-count[avoid-version,changed],-count[version-lag,request],-count[version-lag,changed],-count[missing-depexts,changed],-changed)[0m

[01;34m/home/opam: (env OPAMFIXUPCRITERIA -removed,-count[avoid-version,changed],-count[version-lag,request],-count[version-lag,changed],-count[missing-depexts,changed],-changed)[0m

[01;34m/home/opam: (env OPAMUPGRADECRITERIA -removed,-count[avoid-version,changed],-count[version-lag,request],-count[version-lag,changed],-count[missing-depexts,changed],-changed)[0m

[01;34m/home/opam: (run (network host)
                 (shell "(opam reinstall --with-test irmin-git.2.6.0) || true"))[0m
[ERROR] Sorry, resolution of the request timed out.
        Try to specify a more precise request, use a different solver, or increase the allowed time by setting OPAMSOLVERTIMEOUT to a bigger value (currently, it is set to 500.0 seconds).
[01;2m[01;35m2024-02-16 22:54.01 ---> saved as "251605663db2e18a11ae2e4baf9771b0756f32c6e127eb155a41f263bc370b8a"[0m

[01;34m/home/opam: (run (shell  "opam reinstall --with-test --verbose irmin-git.2.6.0;\
                        \n        res=$?;\
                        \n        test \"$res\" != 31 && exit \"$res\";\
                        \n        export OPAMCLI=2.0;\
                        \n        build_dir=$(opam var prefix)/.opam-switch/build;\
                        \n        failed=$(ls \"$build_dir\");\
                        \n        partial_fails=\"\";\
                        \n        for pkg in $failed; do\
                        \n          if opam show -f x-ci-accept-failures: \"$pkg\" | grep -qF \"\\\"debian-12\\\"\"; then\
                        \n            echo \"A package failed and has been disabled for CI using the 'x-ci-accept-failures' field.\";\
                        \n          fi;\
                        \n          test \"$pkg\" != 'irmin-git.2.6.0' && partial_fails=\"$partial_fails $pkg\";\
                        \n        done;\
                        \n        test \"${partial_fails}\" != \"\" && echo \"opam-repo-ci detected dependencies failing: ${partial_fails}\";\
                        \n        exit 1"))[0m
[ERROR] Sorry, resolution of the request timed out.
        Try to specify a more precise request, use a different solver, or increase the allowed time by setting OPAMSOLVERTIMEOUT to a bigger value (currently, it is set to 500.0 seconds).
'opam reinstall --with-test --verbose irmin-git.2.6.0' failed.
"/usr/bin/env" "bash" "-c" "opam reinstall --with-test --verbose irmin-git.2.6.0;
        res=$?;
        test "$res" != 31 && exit "$res";
        export OPAMCLI=2.0;
        build_dir=$(opam var prefix)/.opam-switch/build;
        failed=$(ls "$build_dir");
        partial_fails="";
        for pkg in $failed; do
          if opam show -f x-ci-accept-failures: "$pkg" | grep -qF "\"debian-12\""; then
            echo "A package failed and has been disabled for CI using the 'x-ci-accept-failures' field.";
          fi;
          test "$pkg" != 'irmin-git.2.6.0' && partial_fails="$partial_fails $pkg";
        done;
        test "${partial_fails}" != "" && echo "opam-repo-ci detected dependencies failing: ${partial_fails}";
        exit 1" failed with exit status 60
2024-02-16 23:02.42: Job failed: Failed: Build failed
2024-02-16 23:02.42: Log analysis:
2024-02-16 23:02.42: >>> 
[ERROR] Sorry, resolution of the request timed out.
 (score = 20)
2024-02-16 23:02.42: >>> 
[ERROR] Sorry, resolution of the request timed out.
 (score = 20)
2024-02-16 23:02.42: Sorry, resolution of the request timed out.
