2024-05-07 10:39.54: New job: test caldav.0.2.2, using opam dev
                              from https://github.com/ocaml/opam-repository.git#refs/pull/25805/head (583fe8e546fb38948ab21a76d27ebfc1ffadbe10)
                              on fedora-39-ocaml-4.14/amd64

To reproduce locally:

cd $(mktemp -d)
git clone --recursive "https://github.com/ocaml/opam-repository.git" && cd "opam-repository" && git fetch origin "refs/pull/25805/head" && git reset --hard 583fe8e5
git fetch origin master
git merge --no-edit 2b6e600e5b1d71ecc8ddcc390312fdfca6c80615
cat > ../Dockerfile <<'END-OF-DOCKERFILE'
[34mFROM ocaml/opam:fedora-39-ocaml-4.14@sha256:2cc80fe15d9de77aa07d0af353d9f50cc8e6c288711b3cac24c39a4c43177cbf
USER 1000:1000
WORKDIR /home/opam
RUN sudo ln -f /usr/bin/opam-dev /usr/bin/opam
RUN opam init --reinit -ni
RUN uname -rs && opam exec -- ocaml -version && opam --version
ENV OPAMDOWNLOADJOBS="1"
ENV OPAMERRLOGLEN="0"
ENV OPAMSOLVERTIMEOUT="500"
ENV OPAMPRECISETRACKING="1"
ENV CI="true"
ENV OPAM_REPO_CI="true"
RUN rm -rf opam-repository/
COPY --chown=1000:1000 . opam-repository/
RUN opam repository set-url --strict default opam-repository/
RUN opam update --depexts || true
RUN opam pin add -k version -yn caldav.0.2.2 0.2.2
RUN opam reinstall caldav.0.2.2; \
    res=$?; \
    test "$res" != 31 && exit "$res"; \
    export OPAMCLI=2.0; \
    build_dir=$(opam var prefix)/.opam-switch/build; \
    failed=$(ls "$build_dir"); \
    partial_fails=""; \
    for pkg in $failed; do \
    if opam show -f x-ci-accept-failures: "$pkg" | grep -qF "\"fedora-39\""; then \
    echo "A package failed and has been disabled for CI using the 'x-ci-accept-failures' field."; \
    fi; \
    test "$pkg" != 'caldav.0.2.2' && partial_fails="$partial_fails $pkg"; \
    done; \
    test "${partial_fails}" != "" && echo "opam-repo-ci detected dependencies failing: ${partial_fails}"; \
    exit 1
RUN (opam reinstall --with-test caldav.0.2.2) || true
RUN opam reinstall --with-test --verbose caldav.0.2.2; \
    res=$?; \
    test "$res" != 31 && exit "$res"; \
    export OPAMCLI=2.0; \
    build_dir=$(opam var prefix)/.opam-switch/build; \
    failed=$(ls "$build_dir"); \
    partial_fails=""; \
    for pkg in $failed; do \
    if opam show -f x-ci-accept-failures: "$pkg" | grep -qF "\"fedora-39\""; then \
    echo "A package failed and has been disabled for CI using the 'x-ci-accept-failures' field."; \
    fi; \
    test "$pkg" != 'caldav.0.2.2' && partial_fails="$partial_fails $pkg"; \
    done; \
    test "${partial_fails}" != "" && echo "opam-repo-ci detected dependencies failing: ${partial_fails}"; \
    exit 1
[0m
END-OF-DOCKERFILE
docker build -f ../Dockerfile .

2024-05-07 10:39.54: Using cache hint "ocaml/opam:fedora-39-ocaml-4.14@sha256:2cc80fe15d9de77aa07d0af353d9f50cc8e6c288711b3cac24c39a4c43177cbf-caldav.0.2.2-583fe8e546fb38948ab21a76d27ebfc1ffadbe10"
2024-05-07 10:39.54: Using OBuilder spec:
((from ocaml/opam:fedora-39-ocaml-4.14@sha256:2cc80fe15d9de77aa07d0af353d9f50cc8e6c288711b3cac24c39a4c43177cbf)
 (user (uid 1000) (gid 1000))
 (workdir /home/opam)
 (run (shell "sudo ln -f /usr/bin/opam-dev /usr/bin/opam"))
 (run (network host)
      (shell "opam init --reinit --config .opamrc-sandbox -ni"))
 (run (shell "uname -rs && opam exec -- ocaml -version && opam --version"))
 (env OPAMDOWNLOADJOBS 1)
 (env OPAMERRLOGLEN 0)
 (env OPAMSOLVERTIMEOUT 500)
 (env OPAMPRECISETRACKING 1)
 (env CI true)
 (env OPAM_REPO_CI true)
 (run (shell "rm -rf opam-repository/"))
 (copy (src .) (dst opam-repository/))
 (run (shell "opam repository set-url --strict default opam-repository/"))
 (run (network host)
      (shell "opam update --depexts || true"))
 (run (shell "opam pin add -k version -yn caldav.0.2.2 0.2.2"))
 (run (cache (opam-archives (target /home/opam/.opam/download-cache)))
      (network host)
      (shell  "opam reinstall caldav.0.2.2;\
             \n        res=$?;\
             \n        test \"$res\" != 31 && exit \"$res\";\
             \n        export OPAMCLI=2.0;\
             \n        build_dir=$(opam var prefix)/.opam-switch/build;\
             \n        failed=$(ls \"$build_dir\");\
             \n        partial_fails=\"\";\
             \n        for pkg in $failed; do\
             \n          if opam show -f x-ci-accept-failures: \"$pkg\" | grep -qF \"\\\"fedora-39\\\"\"; then\
             \n            echo \"A package failed and has been disabled for CI using the 'x-ci-accept-failures' field.\";\
             \n          fi;\
             \n          test \"$pkg\" != 'caldav.0.2.2' && partial_fails=\"$partial_fails $pkg\";\
             \n        done;\
             \n        test \"${partial_fails}\" != \"\" && echo \"opam-repo-ci detected dependencies failing: ${partial_fails}\";\
             \n        exit 1"))
 (run (network host)
      (shell "(opam reinstall --with-test caldav.0.2.2) || true"))
 (run (shell  "opam reinstall --with-test --verbose caldav.0.2.2;\
             \n        res=$?;\
             \n        test \"$res\" != 31 && exit \"$res\";\
             \n        export OPAMCLI=2.0;\
             \n        build_dir=$(opam var prefix)/.opam-switch/build;\
             \n        failed=$(ls \"$build_dir\");\
             \n        partial_fails=\"\";\
             \n        for pkg in $failed; do\
             \n          if opam show -f x-ci-accept-failures: \"$pkg\" | grep -qF \"\\\"fedora-39\\\"\"; then\
             \n            echo \"A package failed and has been disabled for CI using the 'x-ci-accept-failures' field.\";\
             \n          fi;\
             \n          test \"$pkg\" != 'caldav.0.2.2' && partial_fails=\"$partial_fails $pkg\";\
             \n        done;\
             \n        test \"${partial_fails}\" != \"\" && echo \"opam-repo-ci detected dependencies failing: ${partial_fails}\";\
             \n        exit 1"))
)

2024-05-07 10:39.54: Waiting for resource in pool OCluster
2024-05-07 10:39.54: Waiting for worker…
2024-05-07 10:39.54: Got resource from pool OCluster
Building on x86-bm-c14.sw.ocaml.org
All commits already cached
Updating files:  84% (28430/33635)Updating files:  85% (28590/33635)Updating files:  86% (28927/33635)Updating files:  87% (29263/33635)Updating files:  88% (29599/33635)Updating files:  89% (29936/33635)Updating files:  90% (30272/33635)Updating files:  91% (30608/33635)Updating files:  92% (30945/33635)Updating files:  93% (31281/33635)Updating files:  94% (31617/33635)Updating files:  95% (31954/33635)Updating files:  96% (32290/33635)Updating files:  97% (32626/33635)Updating files:  98% (32963/33635)Updating files:  99% (33299/33635)Updating files: 100% (33635/33635)Updating files: 100% (33635/33635), done.
HEAD is now at 2b6e600e5b Merge pull request #25724 from leostera/release-config-0.0.3
Updating 2b6e600e5b..583fe8e546
Fast-forward
 packages/caldav/caldav.0.2.2/opam | 72 +++++++++++++++++++++++++++++++++++++++
 1 file changed, 72 insertions(+)
 create mode 100644 packages/caldav/caldav.0.2.2/opam

[01;34m(from ocaml/opam:fedora-39-ocaml-4.14@sha256:2cc80fe15d9de77aa07d0af353d9f50cc8e6c288711b3cac24c39a4c43177cbf)[0m
[01;2m[01;35m2024-05-07 10:41.10 ---> saved as "abfd386d0bd3b4c206a2d96b5461e5fc8c3acb2d4486fe22d684cb6ed7acf075"[0m

[01;34m/: (user (uid 1000) (gid 1000))[0m

[01;34m/: (workdir /home/opam)[0m

[01;34m/home/opam: (run (shell "sudo ln -f /usr/bin/opam-dev /usr/bin/opam"))[0m
[01;2m[01;35m2024-05-07 10:41.10 ---> saved as "966f181de3c982bcd484609b3dc1bb94006747c953d6756e333eefe27bf59aa2"[0m

[01;34m/home/opam: (run (network host)
                 (shell "opam init --reinit --config .opamrc-sandbox -ni"))[0m
Configuring from /home/opam/.opamrc-sandbox, then /home/opam/.opamrc, and finally from built-in defaults.
Checking for available remotes: rsync and local, git.
  - you won't be able to use mercurial repositories unless you install the hg command on your system.
  - you won't be able to use darcs repositories unless you install the darcs command on your system.

This development version of opam requires an update to the layout of /home/opam/.opam from version 2.0 to version 2.2~alpha, which can't be reverted.
You may want to back it up before going further.

Continue? [y/n] y
Format upgrade done.

<><> Updating repositories ><><><><><><><><><><><><><><><><><><><><><><><><><><>
[default] synchronised from file:///home/opam/opam-repository
[01;2m[01;35m2024-05-07 10:42.43 ---> saved as "31c830eb758c8b3c258bb246ff83dae4f000e07d6f458bde90e66f5abebc27ce"[0m

[01;34m/home/opam: (run (shell "uname -rs && opam exec -- ocaml -version && opam --version"))[0m
Linux 5.15.0-101-generic
The OCaml toplevel, version 4.14.2
2.2.0~beta3~dev
[01;2m[01;35m2024-05-07 10:42.43 ---> saved as "4fe0ac9acd2e03b88bd00f35edbeb730470e2caf9dad61a753c057138f58604a"[0m

[01;34m/home/opam: (env OPAMDOWNLOADJOBS 1)[0m

[01;34m/home/opam: (env OPAMERRLOGLEN 0)[0m

[01;34m/home/opam: (env OPAMSOLVERTIMEOUT 500)[0m

[01;34m/home/opam: (env OPAMPRECISETRACKING 1)[0m

[01;34m/home/opam: (env CI true)[0m

[01;34m/home/opam: (env OPAM_REPO_CI true)[0m

[01;34m/home/opam: (run (shell "rm -rf opam-repository/"))[0m
[01;2m[01;35m2024-05-07 10:42.50 ---> saved as "9644e4fd6acf040eec08436dac00b5d916ef2894d27daa9ff0c477f0cbd3dd26"[0m

[01;34m/home/opam: (copy (src .) (dst opam-repository/))[0m
[01;2m[01;35m2024-05-07 10:43.01 ---> saved as "cd9297279fde84c3a21563ba00ab789ab52711e35a52e731300854a61e1af97d"[0m

[01;34m/home/opam: (run (shell "opam repository set-url --strict default opam-repository/"))[0m
[default] Initialised
[01;2m[01;35m2024-05-07 10:43.59 ---> saved as "aa347e9c4555eb2765faaf2a6454b3c8322436f9c5b4c73bfda58101f19145c2"[0m

[01;34m/home/opam: (run (network host)
                 (shell "opam update --depexts || true"))[0m
+ /usr/bin/sudo "yum" "makecache"
- Fedora 39 - x86_64                              281 kB/s |  25 kB     00:00    
- Fedora 39 openh264 (From Cisco) - x86_64        3.7 kB/s | 989  B     00:00    
- Fedora 39 - x86_64 - Updates                     61 kB/s |  21 kB     00:00    
- Fedora 39 - x86_64 - Updates                    4.9 MB/s | 7.8 MB     00:01    
- Metadata cache created.
[01;2m[01;35m2024-05-07 10:44.24 ---> saved as "b45a8920d5e81e9a7d2a31af559c1c1c78bc7e0040978662196e7df39f997736"[0m

[01;34m/home/opam: (run (shell "opam pin add -k version -yn caldav.0.2.2 0.2.2"))[0m
caldav is now pinned to version 0.2.2
[01;2m[01;35m2024-05-07 10:44.25 ---> saved as "d4f93a30642a7294157e31fa720a1e03c83059c0a378394ad4e55533f34ac550"[0m

[01;34m/home/opam: (run (cache (opam-archives (target /home/opam/.opam/download-cache)))
                 (network host)
                 (shell  "opam reinstall caldav.0.2.2;\
                        \n        res=$?;\
                        \n        test \"$res\" != 31 && exit \"$res\";\
                        \n        export OPAMCLI=2.0;\
                        \n        build_dir=$(opam var prefix)/.opam-switch/build;\
                        \n        failed=$(ls \"$build_dir\");\
                        \n        partial_fails=\"\";\
                        \n        for pkg in $failed; do\
                        \n          if opam show -f x-ci-accept-failures: \"$pkg\" | grep -qF \"\\\"fedora-39\\\"\"; then\
                        \n            echo \"A package failed and has been disabled for CI using the 'x-ci-accept-failures' field.\";\
                        \n          fi;\
                        \n          test \"$pkg\" != 'caldav.0.2.2' && partial_fails=\"$partial_fails $pkg\";\
                        \n        done;\
                        \n        test \"${partial_fails}\" != \"\" && echo \"opam-repo-ci detected dependencies failing: ${partial_fails}\";\
                        \n        exit 1"))[0m
caldav.0.2.2 is not installed. Install it? [y/n] y
The following actions will be performed:
=== install 56 packages
  - install angstrom            0.16.0         [required by icalendar]
  - install base                v0.16.3        [required by ppx_sexp_conv]
  - install base-bytes          base           [required by cohttp]
  - install base64              3.5.1          [required by caldav]
  - install bigstringaf         0.9.1          [required by angstrom]
  - install caldav              0.2.2 (pinned)
  - install cohttp              5.3.1          [required by caldav]
  - install cohttp-lwt          5.3.0          [required by caldav]
  - install conf-bash           1              [required by base]
  - install cppo                1.6.9          [required by ppx_deriving]
  - install csexp               1.5.2          [required by dune-configurator]
  - install cstruct             6.2.0          [required by mirage-crypto-rng, mirage-crypto, mirage-random]
  - install dispatch            0.5.0          [required by caldav]
  - install dune                3.15.2         [required by caldav]
  - install dune-configurator   3.15.2         [required by mirage-crypto, mirage-crypto-rng]
  - install duration            0.2.1          [required by mirage-crypto-rng]
  - install eqaf                0.9            [required by mirage-crypto]
  - install fmt                 0.9.0          [required by caldav]
  - install gmap                0.3.0          [required by icalendar]
  - install icalendar           0.1.8          [required by caldav]
  - install jsonm               1.0.2          [required by cohttp]
  - install logs                0.7.0          [required by caldav]
  - install lwt                 5.7.0          [required by caldav]
  - install metrics             0.4.1          [required by caldav]
  - install mirage-clock        4.2.0          [required by caldav]
  - install mirage-crypto       0.11.3         [required by caldav]
  - install mirage-crypto-rng   0.11.3         [required by caldav]
  - install mirage-kv           6.1.1          [required by caldav]
  - install mirage-random       3.0.0          [required by caldav]
  - install num                 1.5            [required by sexplib]
  - install ocaml-compiler-libs v0.12.4        [required by ppxlib]
  - install ocaml-syntax-shims  1.0.0          [required by angstrom]
  - install ocamlbuild          0.14.3         [required by xmlm]
  - install ocamlfind           1.9.6          [required by xmlm]
  - install ocplib-endian       1.2            [required by lwt]
  - install ohex                0.2.0          [required by caldav]
  - install optint              0.3.0          [required by mirage-kv]
  - install parsexp             v0.16.0        [required by sexplib]
  - install ppx_derivers        1.2.1          [required by ppx_deriving]
  - install ppx_deriving        5.2.1          [required by caldav]
  - install ppx_sexp_conv       v0.16.0        [required by caldav]
  - install ppxlib              0.32.1         [required by ppx_sexp_conv, ppx_deriving]
  - install ptime               1.1.0          [required by caldav]
  - install re                  1.11.0         [required by caldav]
  - install result              1.5            [required by dispatch]
  - install seq                 base           [required by tyxml]
  - install sexplib             v0.16.0        [required by caldav]
  - install sexplib0            v0.16.0        [required by cohttp-lwt, cohttp, sexplib]
  - install stdlib-shims        0.3.0          [required by ppxlib]
  - install stringext           1.6.0          [required by cohttp]
  - install topkg               1.0.7          [required by xmlm]
  - install tyxml               4.6.0          [required by caldav]
  - install uri                 4.4.0          [required by caldav]
  - install uri-sexp            4.4.0          [required by cohttp]
  - install uutf                1.0.3          [required by tyxml]
  - install xmlm                1.4.0          [required by caldav]

<><> Processing actions <><><><><><><><><><><><><><><><><><><><><><><><><><><><>
-> retrieved angstrom.0.16.0  (cached)
-> retrieved base.v0.16.3  (cached)
-> retrieved base64.3.5.1  (cached)
-> retrieved bigstringaf.0.9.1  (cached)
-> retrieved caldav.0.2.2  (cached)
-> retrieved cohttp.5.3.1  (cached)
-> retrieved cohttp-lwt.5.3.0  (cached)
-> retrieved cppo.1.6.9  (cached)
-> retrieved csexp.1.5.2  (cached)
-> installed conf-bash.1
-> retrieved cstruct.6.2.0  (cached)
-> retrieved dispatch.0.5.0  (cached)
-> retrieved dune.3.15.2, dune-configurator.3.15.2  (cached)
-> retrieved duration.0.2.1  (cached)
-> retrieved eqaf.0.9  (cached)
-> retrieved fmt.0.9.0  (cached)
-> retrieved gmap.0.3.0  (cached)
-> retrieved icalendar.0.1.8  (cached)
-> retrieved jsonm.1.0.2  (cached)
-> retrieved logs.0.7.0  (cached)
-> retrieved lwt.5.7.0  (cached)
-> retrieved metrics.0.4.1  (cached)
-> retrieved mirage-clock.4.2.0  (cached)
-> retrieved mirage-crypto.0.11.3, mirage-crypto-rng.0.11.3  (cached)
-> retrieved mirage-kv.6.1.1  (cached)
-> retrieved mirage-random.3.0.0  (cached)
-> retrieved num.1.5  (cached)
-> retrieved ocaml-compiler-libs.v0.12.4  (cached)
-> retrieved ocaml-syntax-shims.1.0.0  (cached)
-> retrieved ocamlbuild.0.14.3  (cached)
-> retrieved ocamlfind.1.9.6  (cached)
-> retrieved ocplib-endian.1.2  (cached)
-> retrieved ohex.0.2.0  (cached)
-> retrieved optint.0.3.0  (cached)
-> retrieved parsexp.v0.16.0  (cached)
-> retrieved ppx_derivers.1.2.1  (cached)
-> retrieved ppx_deriving.5.2.1  (cached)
-> retrieved ppx_sexp_conv.v0.16.0  (cached)
-> retrieved ppxlib.0.32.1  (cached)
-> retrieved ptime.1.1.0  (cached)
-> retrieved re.1.11.0  (cached)
-> retrieved result.1.5  (cached)
-> installed seq.base
-> retrieved sexplib.v0.16.0  (cached)
-> retrieved sexplib0.v0.16.0  (cached)
-> retrieved stdlib-shims.0.3.0  (cached)
-> retrieved stringext.1.6.0  (cached)
-> retrieved topkg.1.0.7  (cached)
-> retrieved tyxml.4.6.0  (cached)
-> retrieved uri.4.4.0, uri-sexp.4.4.0  (cached)
-> retrieved uutf.1.0.3  (cached)
-> retrieved xmlm.1.4.0  (cached)
-> installed num.1.5
-> installed ocamlfind.1.9.6
-> installed base-bytes.base
-> installed ocamlbuild.0.14.3
-> installed topkg.1.0.7
-> installed uutf.1.0.3
-> installed fmt.0.9.0
-> installed xmlm.1.4.0
-> installed ptime.1.1.0
-> installed jsonm.1.0.2
-> installed dune.3.15.2
-> installed mirage-clock.4.2.0
-> installed duration.0.2.1
-> installed ppx_derivers.1.2.1
-> installed ohex.0.2.0
-> installed gmap.0.3.0
-> installed csexp.1.5.2
-> installed base64.3.5.1
-> installed cppo.1.6.9
-> installed cstruct.6.2.0
-> installed metrics.0.4.1
-> installed ocaml-compiler-libs.v0.12.4
-> installed ocaml-syntax-shims.1.0.0
-> installed optint.0.3.0
-> installed re.1.11.0
-> installed result.1.5
-> installed sexplib0.v0.16.0
-> installed stdlib-shims.0.3.0
-> installed stringext.1.6.0
-> installed mirage-random.3.0.0
-> installed dispatch.0.5.0
-> installed ocplib-endian.1.2
-> installed eqaf.0.9
-> installed parsexp.v0.16.0
-> installed sexplib.v0.16.0
-> installed dune-configurator.3.15.2
-> installed bigstringaf.0.9.1
-> installed angstrom.0.16.0
-> installed tyxml.4.6.0
-> installed uri.4.4.0
-> installed lwt.5.7.0
-> installed mirage-kv.6.1.1
-> installed logs.0.7.0
-> installed base.v0.16.3
-> installed ppxlib.0.32.1
-> installed mirage-crypto.0.11.3
-> installed mirage-crypto-rng.0.11.3
-> installed ppx_sexp_conv.v0.16.0
-> installed ppx_deriving.5.2.1
-> installed uri-sexp.4.4.0
-> installed icalendar.0.1.8
-> installed cohttp.5.3.1
-> installed cohttp-lwt.5.3.0
-> installed caldav.0.2.2
Done.
# Run eval $(opam env) to update the current shell environment
[01;2m[01;35m2024-05-07 10:45.45 ---> saved as "8e3ab38a38d6fdd6a7277848ba3c98baeda0e09af77cd1799737322ed511f642"[0m

[01;34m/home/opam: (run (network host)
                 (shell "(opam reinstall --with-test caldav.0.2.2) || true"))[0m
[ERROR] Sorry, resolution of the request timed out.
        Try to specify a more precise request, use a different solver, or increase the allowed time by setting OPAMSOLVERTIMEOUT to a bigger value (currently, it is set to 500.0 seconds).
[01;2m[01;35m2024-05-07 10:54.25 ---> saved as "704ee4d0465ad7491d292b596eefc2f7f90792cdc98091d5ebb15e448dc5d829"[0m

[01;34m/home/opam: (run (shell  "opam reinstall --with-test --verbose caldav.0.2.2;\
                        \n        res=$?;\
                        \n        test \"$res\" != 31 && exit \"$res\";\
                        \n        export OPAMCLI=2.0;\
                        \n        build_dir=$(opam var prefix)/.opam-switch/build;\
                        \n        failed=$(ls \"$build_dir\");\
                        \n        partial_fails=\"\";\
                        \n        for pkg in $failed; do\
                        \n          if opam show -f x-ci-accept-failures: \"$pkg\" | grep -qF \"\\\"fedora-39\\\"\"; then\
                        \n            echo \"A package failed and has been disabled for CI using the 'x-ci-accept-failures' field.\";\
                        \n          fi;\
                        \n          test \"$pkg\" != 'caldav.0.2.2' && partial_fails=\"$partial_fails $pkg\";\
                        \n        done;\
                        \n        test \"${partial_fails}\" != \"\" && echo \"opam-repo-ci detected dependencies failing: ${partial_fails}\";\
                        \n        exit 1"))[0m
[ERROR] Sorry, resolution of the request timed out.
        Try to specify a more precise request, use a different solver, or increase the allowed time by setting OPAMSOLVERTIMEOUT to a bigger value (currently, it is set to 500.0 seconds).
'opam reinstall --with-test --verbose caldav.0.2.2' failed.
"/usr/bin/env" "bash" "-c" "opam reinstall --with-test --verbose caldav.0.2.2;
        res=$?;
        test "$res" != 31 && exit "$res";
        export OPAMCLI=2.0;
        build_dir=$(opam var prefix)/.opam-switch/build;
        failed=$(ls "$build_dir");
        partial_fails="";
        for pkg in $failed; do
          if opam show -f x-ci-accept-failures: "$pkg" | grep -qF "\"fedora-39\""; then
            echo "A package failed and has been disabled for CI using the 'x-ci-accept-failures' field.";
          fi;
          test "$pkg" != 'caldav.0.2.2' && partial_fails="$partial_fails $pkg";
        done;
        test "${partial_fails}" != "" && echo "opam-repo-ci detected dependencies failing: ${partial_fails}";
        exit 1" failed with exit status 60
2024-05-07 11:03.24: Job failed: Failed: Build failed
2024-05-07 11:03.24: Log analysis:
2024-05-07 11:03.24: >>> 
[ERROR] Sorry, resolution of the request timed out.
 (score = 20)
2024-05-07 11:03.24: >>> 
[ERROR] Sorry, resolution of the request timed out.
 (score = 20)
2024-05-07 11:03.24: Sorry, resolution of the request timed out.
