2024-07-01 14:49.04: New job: test shuttle.0.8.1, using opam 2.0
                              from https://github.com/ocaml/opam-repository.git#refs/pull/26169/head (2818ca4784e742dda71b490fc25eea919cbbbd23)
                              on debian-12-ocaml-4.14/amd64

To reproduce locally:

cd $(mktemp -d)
git clone --recursive "https://github.com/ocaml/opam-repository.git" && cd "opam-repository" && git fetch origin "refs/pull/26169/head" && git reset --hard 2818ca47
git fetch origin master
git merge --no-edit 01e40b8e399ee05919702bc532082a8c9ba79626
cat > ../Dockerfile <<'END-OF-DOCKERFILE'
[34mFROM ocaml/opam:debian-12-ocaml-4.14@sha256:51859147d869ebd23a15922818349effc446cbbc6a0b3e0257a7859e766261b3
USER 1000:1000
WORKDIR /home/opam
RUN sudo ln -f /usr/bin/opam-2.0 /usr/bin/opam
RUN opam init --reinit -ni
RUN uname -rs && opam exec -- ocaml -version && opam --version
ENV OPAMDOWNLOADJOBS="1"
ENV OPAMERRLOGLEN="0"
ENV OPAMSOLVERTIMEOUT="500"
ENV OPAMPRECISETRACKING="1"
ENV CI="true"
ENV OPAM_REPO_CI="true"
RUN rm -rf opam-repository/
COPY --chown=1000:1000 . opam-repository/
RUN opam repository set-url --strict default opam-repository/
RUN opam depext -u || true
RUN opam pin add -k version -yn shuttle.0.8.1 0.8.1
RUN opam depext shuttle.0.8.1 && opam reinstall shuttle.0.8.1; \
    res=$?; \
    test "$res" != 31 && exit "$res"; \
    export OPAMCLI=2.0; \
    build_dir=$(opam var prefix)/.opam-switch/build; \
    failed=$(ls "$build_dir"); \
    partial_fails=""; \
    for pkg in $failed; do \
    if opam show -f x-ci-accept-failures: "$pkg" | grep -qF "\"debian-12\""; then \
    echo "A package failed and has been disabled for CI using the 'x-ci-accept-failures' field."; \
    fi; \
    test "$pkg" != 'shuttle.0.8.1' && partial_fails="$partial_fails $pkg"; \
    done; \
    test "${partial_fails}" != "" && echo "opam-repo-ci detected dependencies failing: ${partial_fails}"; \
    exit 1
RUN (opam depext --with-test shuttle.0.8.1 && opam reinstall --with-test shuttle.0.8.1) || true
RUN opam depext --with-test shuttle.0.8.1 && opam reinstall --with-test --verbose shuttle.0.8.1; \
    res=$?; \
    test "$res" != 31 && exit "$res"; \
    export OPAMCLI=2.0; \
    build_dir=$(opam var prefix)/.opam-switch/build; \
    failed=$(ls "$build_dir"); \
    partial_fails=""; \
    for pkg in $failed; do \
    if opam show -f x-ci-accept-failures: "$pkg" | grep -qF "\"debian-12\""; then \
    echo "A package failed and has been disabled for CI using the 'x-ci-accept-failures' field."; \
    fi; \
    test "$pkg" != 'shuttle.0.8.1' && partial_fails="$partial_fails $pkg"; \
    done; \
    test "${partial_fails}" != "" && echo "opam-repo-ci detected dependencies failing: ${partial_fails}"; \
    exit 1
[0m
END-OF-DOCKERFILE
docker build -f ../Dockerfile .

2024-07-01 14:49.04: Using cache hint "ocaml/opam:debian-12-ocaml-4.14@sha256:51859147d869ebd23a15922818349effc446cbbc6a0b3e0257a7859e766261b3-shuttle.0.8.1-2818ca4784e742dda71b490fc25eea919cbbbd23"
2024-07-01 14:49.04: Using OBuilder spec:
((from ocaml/opam:debian-12-ocaml-4.14@sha256:51859147d869ebd23a15922818349effc446cbbc6a0b3e0257a7859e766261b3)
 (user (uid 1000) (gid 1000))
 (workdir /home/opam)
 (run (shell "sudo ln -f /usr/bin/opam-2.0 /usr/bin/opam"))
 (run (network host)
      (shell "opam init --reinit --config .opamrc-sandbox -ni"))
 (run (shell "uname -rs && opam exec -- ocaml -version && opam --version"))
 (env OPAMDOWNLOADJOBS 1)
 (env OPAMERRLOGLEN 0)
 (env OPAMSOLVERTIMEOUT 500)
 (env OPAMPRECISETRACKING 1)
 (env CI true)
 (env OPAM_REPO_CI true)
 (run (shell "rm -rf opam-repository/"))
 (copy (src .) (dst opam-repository/))
 (run (shell "opam repository set-url --strict default opam-repository/"))
 (run (network host)
      (shell "opam depext -u || true"))
 (run (shell "opam pin add -k version -yn shuttle.0.8.1 0.8.1"))
 (run (cache (opam-archives (target /home/opam/.opam/download-cache)))
      (network host)
      (shell  "opam depext shuttle.0.8.1 && opam reinstall shuttle.0.8.1;\
             \n        res=$?;\
             \n        test \"$res\" != 31 && exit \"$res\";\
             \n        export OPAMCLI=2.0;\
             \n        build_dir=$(opam var prefix)/.opam-switch/build;\
             \n        failed=$(ls \"$build_dir\");\
             \n        partial_fails=\"\";\
             \n        for pkg in $failed; do\
             \n          if opam show -f x-ci-accept-failures: \"$pkg\" | grep -qF \"\\\"debian-12\\\"\"; then\
             \n            echo \"A package failed and has been disabled for CI using the 'x-ci-accept-failures' field.\";\
             \n          fi;\
             \n          test \"$pkg\" != 'shuttle.0.8.1' && partial_fails=\"$partial_fails $pkg\";\
             \n        done;\
             \n        test \"${partial_fails}\" != \"\" && echo \"opam-repo-ci detected dependencies failing: ${partial_fails}\";\
             \n        exit 1"))
 (run (network host)
      (shell "(opam depext --with-test shuttle.0.8.1 && opam reinstall --with-test shuttle.0.8.1) || true"))
 (run (shell  "opam depext --with-test shuttle.0.8.1 && opam reinstall --with-test --verbose shuttle.0.8.1;\
             \n        res=$?;\
             \n        test \"$res\" != 31 && exit \"$res\";\
             \n        export OPAMCLI=2.0;\
             \n        build_dir=$(opam var prefix)/.opam-switch/build;\
             \n        failed=$(ls \"$build_dir\");\
             \n        partial_fails=\"\";\
             \n        for pkg in $failed; do\
             \n          if opam show -f x-ci-accept-failures: \"$pkg\" | grep -qF \"\\\"debian-12\\\"\"; then\
             \n            echo \"A package failed and has been disabled for CI using the 'x-ci-accept-failures' field.\";\
             \n          fi;\
             \n          test \"$pkg\" != 'shuttle.0.8.1' && partial_fails=\"$partial_fails $pkg\";\
             \n        done;\
             \n        test \"${partial_fails}\" != \"\" && echo \"opam-repo-ci detected dependencies failing: ${partial_fails}\";\
             \n        exit 1"))
)

2024-07-01 14:49.04: Waiting for resource in pool OCluster
2024-07-01 16:41.19: Waiting for worker…
2024-07-01 16:48.28: Got resource from pool OCluster
Building on x86-bm-c14.sw.ocaml.org
All commits already cached
Updating files:  83% (26425/31655)Updating files:  84% (26591/31655)Updating files:  85% (26907/31655)Updating files:  86% (27224/31655)Updating files:  87% (27540/31655)Updating files:  88% (27857/31655)Updating files:  89% (28173/31655)Updating files:  90% (28490/31655)Updating files:  91% (28807/31655)Updating files:  92% (29123/31655)Updating files:  93% (29440/31655)Updating files:  94% (29756/31655)Updating files:  95% (30073/31655)Updating files:  96% (30389/31655)Updating files:  97% (30706/31655)Updating files:  98% (31022/31655)Updating files:  99% (31339/31655)Updating files: 100% (31655/31655)Updating files: 100% (31655/31655), done.
HEAD is now at 01e40b8e39 Merge pull request #26166 from pveber/release-biotk-v0.3
Merge made by the 'ort' strategy.
 packages/ambient-context-lwt/ambient-context-lwt.0.1.0/opam | 2 +-
 packages/dbf/dbf.0.1.1/opam                                 | 2 +-
 packages/distributed/distributed.0.2.0/opam                 | 2 +-
 packages/distributed/distributed.0.3.0/opam                 | 2 +-
 packages/distributed/distributed.0.4.0/opam                 | 2 +-
 packages/distributed/distributed.0.5.0/opam                 | 2 +-
 packages/distributed/distributed.0.6.0/opam                 | 2 +-
 packages/http/http.6.0.0~alpha0/opam                        | 2 +-
 packages/http/http.6.0.0~alpha1/opam                        | 2 +-
 packages/phylogenetics/phylogenetics.0.2.0/opam             | 2 +-
 packages/ppx_parser/ppx_parser.0.1.1/opam                   | 2 +-
 packages/pyml_bindgen/pyml_bindgen.0.1.1/opam               | 2 +-
 packages/pyml_bindgen/pyml_bindgen.0.1.2/opam               | 2 +-
 packages/pyml_bindgen/pyml_bindgen.0.2.0/opam               | 2 +-
 packages/pyml_bindgen/pyml_bindgen.0.3.0/opam               | 2 +-
 packages/qcheck-core/qcheck-core.0.18.1/opam                | 2 +-
 packages/qcheck-core/qcheck-core.0.18/opam                  | 2 +-
 packages/qcheck-core/qcheck-core.0.19.1/opam                | 2 +-
 packages/qcheck-core/qcheck-core.0.19/opam                  | 2 +-
 packages/qcheck-core/qcheck-core.0.20/opam                  | 2 +-
 packages/qcheck-core/qcheck-core.0.21.1/opam                | 2 +-
 packages/qcheck-core/qcheck-core.0.21.2/opam                | 2 +-
 packages/qcheck-core/qcheck-core.0.21.3/opam                | 2 +-
 packages/qcheck-core/qcheck-core.0.21/opam                  | 2 +-
 packages/shuttle/shuttle.0.4.0/opam                         | 2 +-
 packages/shuttle/shuttle.0.5.0/opam                         | 2 +-
 packages/shuttle/shuttle.0.6.0/opam                         | 2 +-
 packages/shuttle/shuttle.0.7.0/opam                         | 2 +-
 packages/shuttle/shuttle.0.8.1/opam                         | 2 +-
 packages/shuttle/shuttle.0.9.0/opam                         | 2 +-
 packages/shuttle/shuttle.0.9.1/opam                         | 2 +-
 packages/shuttle/shuttle.0.9.2/opam                         | 2 +-
 packages/shuttle/shuttle.0.9.4/opam                         | 2 +-
 packages/shuttle_http/shuttle_http.0.10.0/opam              | 2 +-
 packages/shuttle_http/shuttle_http.0.10.1/opam              | 2 +-
 packages/shuttle_http/shuttle_http.0.11.0/opam              | 2 +-
 36 files changed, 36 insertions(+), 36 deletions(-)

[01;34m(from ocaml/opam:debian-12-ocaml-4.14@sha256:51859147d869ebd23a15922818349effc446cbbc6a0b3e0257a7859e766261b3)[0m
[01;2m[01;35m2024-07-01 16:48.30 ---> using "7d0037e87409e99fda0588f75b47ce776adea91ebf3f460e136466d751adef89" from cache[0m

[01;34m/: (user (uid 1000) (gid 1000))[0m

[01;34m/: (workdir /home/opam)[0m

[01;34m/home/opam: (run (shell "sudo ln -f /usr/bin/opam-2.0 /usr/bin/opam"))[0m
[01;2m[01;35m2024-07-01 16:48.30 ---> using "0eac2ac7861ff0c0c27594f44f57480fdaa975658b04a7cf60e5be5c915e3c32" from cache[0m

[01;34m/home/opam: (run (network host)
                 (shell "opam init --reinit --config .opamrc-sandbox -ni"))[0m
[NOTE] Will configure from /home/opam/.opamrc-sandbox, then /home/opam/.opamrc, and finally from built-in defaults.
Checking for available remotes: rsync and local, git.
  - you won't be able to use mercurial repositories unless you install the hg command on your system.
  - you won't be able to use darcs repositories unless you install the darcs command on your system.

[WARNING] Recommended dependencies -- most packages rely on these:
  - m4

<><> Updating repositories ><><><><><><><><><><><><><><><><><><><><><><><><><><>
[default] synchronised from file:///home/opam/opam-repository
default (at file:///home/opam/opam-repository): 
    [INFO] opam 2.1 includes many performance improvements over 2.0; please consider upgrading (https://opam.ocaml.org/doc/Install.html)

[01;2m[01;35m2024-07-01 16:48.30 ---> using "22a08e5f164f753b7de13fe650df49e1d01cbd5f1e2951f09b617dbef9a1d43a" from cache[0m

[01;34m/home/opam: (run (shell "uname -rs && opam exec -- ocaml -version && opam --version"))[0m
Linux 5.15.0-112-generic
The OCaml toplevel, version 4.14.2
2.0.10
[01;2m[01;35m2024-07-01 16:48.30 ---> using "89ed512b1f5fe07f97674cefd0d2334e3ec18b00ae26cb91dc4d12ee3b2f8a68" from cache[0m

[01;34m/home/opam: (env OPAMDOWNLOADJOBS 1)[0m

[01;34m/home/opam: (env OPAMERRLOGLEN 0)[0m

[01;34m/home/opam: (env OPAMSOLVERTIMEOUT 500)[0m

[01;34m/home/opam: (env OPAMPRECISETRACKING 1)[0m

[01;34m/home/opam: (env CI true)[0m

[01;34m/home/opam: (env OPAM_REPO_CI true)[0m

[01;34m/home/opam: (run (shell "rm -rf opam-repository/"))[0m
[01;2m[01;35m2024-07-01 16:48.30 ---> using "46fb0cfdfa21427986b7941e19fcade0ba2af415177e2c28409fe0d6888d464d" from cache[0m

[01;34m/home/opam: (copy (src .) (dst opam-repository/))[0m
[01;2m[01;35m2024-07-01 16:48.32 ---> using "5d81f1df6a1432e852fba2c1126e453fa32eb53efe1b3253a11099cc028c2f2b" from cache[0m

[01;34m/home/opam: (run (shell "opam repository set-url --strict default opam-repository/"))[0m
[default] Initialised
default (at file:///home/opam/opam-repository): 
    [INFO] opam 2.1 includes many performance improvements over 2.0; please consider upgrading (https://opam.ocaml.org/doc/Install.html)

[01;2m[01;35m2024-07-01 16:48.32 ---> using "d50bc177dd19000b80a8b163f57d3c48b8690577c81f5b6e73205e989858eb60" from cache[0m

[01;34m/home/opam: (run (network host)
                 (shell "opam depext -u || true"))[0m
# Detecting depexts using vars: arch=x86_64, os=linux, os-distribution=debian, os-family=debian
# No extra OS packages requirements found.
# All required OS packages found.
The following command needs to be run through "sudo":
    apt-get update
Get:1 http://deb.debian.org/debian bookworm InRelease [151 kB]
Get:2 http://deb.debian.org/debian bookworm-updates InRelease [55.4 kB]
Get:3 http://deb.debian.org/debian-security bookworm-security InRelease [48.0 kB]
Get:4 http://deb.debian.org/debian bookworm/main amd64 Packages [8788 kB]
Get:5 http://deb.debian.org/debian-security bookworm-security/main amd64 Packages [164 kB]
Fetched 9206 kB in 2s (4643 kB/s)
Reading package lists...
# OS package update successful
[01;2m[01;35m2024-07-01 16:48.32 ---> using "4beb9a675cde970531a31f59962bb565365bc24eed89ec451b6b6aff1ff4c76b" from cache[0m

[01;34m/home/opam: (run (shell "opam pin add -k version -yn shuttle.0.8.1 0.8.1"))[0m
shuttle is now pinned to version 0.8.1
[01;2m[01;35m2024-07-01 16:48.32 ---> using "03cda06ca869f7b8eab2556cd5e038a34fbfbcd599082a29f838d27aee6c9655" from cache[0m

[01;34m/home/opam: (run (cache (opam-archives (target /home/opam/.opam/download-cache)))
                 (network host)
                 (shell  "opam depext shuttle.0.8.1 && opam reinstall shuttle.0.8.1;\
                        \n        res=$?;\
                        \n        test \"$res\" != 31 && exit \"$res\";\
                        \n        export OPAMCLI=2.0;\
                        \n        build_dir=$(opam var prefix)/.opam-switch/build;\
                        \n        failed=$(ls \"$build_dir\");\
                        \n        partial_fails=\"\";\
                        \n        for pkg in $failed; do\
                        \n          if opam show -f x-ci-accept-failures: \"$pkg\" | grep -qF \"\\\"debian-12\\\"\"; then\
                        \n            echo \"A package failed and has been disabled for CI using the 'x-ci-accept-failures' field.\";\
                        \n          fi;\
                        \n          test \"$pkg\" != 'shuttle.0.8.1' && partial_fails=\"$partial_fails $pkg\";\
                        \n        done;\
                        \n        test \"${partial_fails}\" != \"\" && echo \"opam-repo-ci detected dependencies failing: ${partial_fails}\";\
                        \n        exit 1"))[0m
# Detecting depexts using vars: arch=x86_64, os=linux, os-distribution=debian, os-family=debian
# No extra OS packages requirements found.
# All required OS packages found.
shuttle.0.8.1 is not installed. Install it? [Y/n] y
[ERROR] Sorry, resolution of the request timed out.
        Try to specify a simpler request, use a different solver, or increase the allowed time by setting OPAMSOLVERTIMEOUT to a bigger value (currently, it is set to 500.0 seconds).
"/usr/bin/env" "bash" "-c" "opam depext shuttle.0.8.1 && opam reinstall shuttle.0.8.1;
        res=$?;
        test "$res" != 31 && exit "$res";
        export OPAMCLI=2.0;
        build_dir=$(opam var prefix)/.opam-switch/build;
        failed=$(ls "$build_dir");
        partial_fails="";
        for pkg in $failed; do
          if opam show -f x-ci-accept-failures: "$pkg" | grep -qF "\"debian-12\""; then
            echo "A package failed and has been disabled for CI using the 'x-ci-accept-failures' field.";
          fi;
          test "$pkg" != 'shuttle.0.8.1' && partial_fails="$partial_fails $pkg";
        done;
        test "${partial_fails}" != "" && echo "opam-repo-ci detected dependencies failing: ${partial_fails}";
        exit 1" failed with exit status 60
2024-07-01 16:57.12: Job failed: Failed: Build failed
2024-07-01 16:57.12: Log analysis:
2024-07-01 16:57.12: >>> 
[ERROR] Sorry, resolution of the request timed out.
 (score = 20)
2024-07-01 16:57.12: Sorry, resolution of the request timed out.
