2024-09-13 16:05.36: New job: build slipshow.0.0.33, using opam 2.1
                              from https://github.com/ocaml/opam-repository.git#refs/pull/26564/head (d227c7cc2d86c3a40f22075cb11a5e91f88d345a)
                              on debian-12-ocaml-5.2/amd64

To reproduce locally:

cd $(mktemp -d)
git clone --recursive "https://github.com/ocaml/opam-repository.git" && cd "opam-repository" && git fetch origin "refs/pull/26564/head" && git reset --hard d227c7cc
git fetch origin master
git merge --no-edit 2d4ed1d357476c1cef4ba85ee4e76e9dfb81f2ee
cat > ../Dockerfile <<'END-OF-DOCKERFILE'
[34mFROM ocaml/opam:debian-12-ocaml-5.2@sha256:10d28f101238978ac9df34e56eee610baff363b9d7fe43fd2317d70dd6bfde0e
USER 1000:1000
WORKDIR /home/opam
RUN sudo ln -f /usr/bin/opam-2.1 /usr/bin/opam
RUN opam init --reinit -ni
RUN uname -rs && opam exec -- ocaml -version && opam --version
ENV OPAMDOWNLOADJOBS="1"
ENV OPAMERRLOGLEN="0"
ENV OPAMSOLVERTIMEOUT="500"
ENV OPAMPRECISETRACKING="1"
ENV CI="true"
ENV OPAM_REPO_CI="true"
RUN rm -rf opam-repository/
COPY --chown=1000:1000 . opam-repository/
RUN opam repository set-url --strict default opam-repository/
RUN opam update --depexts || true
RUN opam pin add -k version -yn slipshow.0.0.33 0.0.33
RUN opam reinstall slipshow.0.0.33; \
    res=$?; \
    test "$res" != 31 && exit "$res"; \
    export OPAMCLI=2.0; \
    build_dir=$(opam var prefix)/.opam-switch/build; \
    failed=$(ls "$build_dir"); \
    partial_fails=""; \
    for pkg in $failed; do \
    if opam show -f x-ci-accept-failures: "$pkg" | grep -qF "\"debian-12\""; then \
    echo "A package failed and has been disabled for CI using the 'x-ci-accept-failures' field."; \
    fi; \
    test "$pkg" != 'slipshow.0.0.33' && partial_fails="$partial_fails $pkg"; \
    done; \
    test "${partial_fails}" != "" && echo "opam-repo-ci detected dependencies failing: ${partial_fails}"; \
    exit 1
[0m
END-OF-DOCKERFILE
docker build -f ../Dockerfile .

2024-09-13 16:05.36: Using cache hint "ocaml/opam:debian-12-ocaml-5.2@sha256:10d28f101238978ac9df34e56eee610baff363b9d7fe43fd2317d70dd6bfde0e-slipshow.0.0.33-d227c7cc2d86c3a40f22075cb11a5e91f88d345a"
2024-09-13 16:05.36: Using OBuilder spec:
((from ocaml/opam:debian-12-ocaml-5.2@sha256:10d28f101238978ac9df34e56eee610baff363b9d7fe43fd2317d70dd6bfde0e)
 (user (uid 1000) (gid 1000))
 (workdir /home/opam)
 (run (shell "sudo ln -f /usr/bin/opam-2.1 /usr/bin/opam"))
 (run (network host)
      (shell "opam init --reinit --config .opamrc-sandbox -ni"))
 (run (shell "uname -rs && opam exec -- ocaml -version && opam --version"))
 (env OPAMDOWNLOADJOBS 1)
 (env OPAMERRLOGLEN 0)
 (env OPAMSOLVERTIMEOUT 500)
 (env OPAMPRECISETRACKING 1)
 (env CI true)
 (env OPAM_REPO_CI true)
 (run (shell "rm -rf opam-repository/"))
 (copy (src .) (dst opam-repository/))
 (run (shell "opam repository set-url --strict default opam-repository/"))
 (run (network host)
      (shell "opam update --depexts || true"))
 (run (shell "opam pin add -k version -yn slipshow.0.0.33 0.0.33"))
 (run (cache (opam-archives (target /home/opam/.opam/download-cache)))
      (network host)
      (shell  "opam reinstall slipshow.0.0.33;\
             \n        res=$?;\
             \n        test \"$res\" != 31 && exit \"$res\";\
             \n        export OPAMCLI=2.0;\
             \n        build_dir=$(opam var prefix)/.opam-switch/build;\
             \n        failed=$(ls \"$build_dir\");\
             \n        partial_fails=\"\";\
             \n        for pkg in $failed; do\
             \n          if opam show -f x-ci-accept-failures: \"$pkg\" | grep -qF \"\\\"debian-12\\\"\"; then\
             \n            echo \"A package failed and has been disabled for CI using the 'x-ci-accept-failures' field.\";\
             \n          fi;\
             \n          test \"$pkg\" != 'slipshow.0.0.33' && partial_fails=\"$partial_fails $pkg\";\
             \n        done;\
             \n        test \"${partial_fails}\" != \"\" && echo \"opam-repo-ci detected dependencies failing: ${partial_fails}\";\
             \n        exit 1"))
)

2024-09-13 16:05.36: Waiting for resource in pool OCluster
2024-09-13 16:05.37: Waiting for worker…
2024-09-13 16:05.37: Got resource from pool OCluster
Building on x86-bm-c16.sw.ocaml.org
All commits already cached
Updating files:  82% (26670/32204)Updating files:  83% (26730/32204)Updating files:  84% (27052/32204)Updating files:  85% (27374/32204)Updating files:  86% (27696/32204)Updating files:  87% (28018/32204)Updating files:  88% (28340/32204)Updating files:  89% (28662/32204)Updating files:  90% (28984/32204)Updating files:  91% (29306/32204)Updating files:  92% (29628/32204)Updating files:  93% (29950/32204)Updating files:  94% (30272/32204)Updating files:  95% (30594/32204)Updating files:  96% (30916/32204)Updating files:  97% (31238/32204)Updating files:  98% (31560/32204)Updating files:  99% (31882/32204)Updating files: 100% (32204/32204)Updating files: 100% (32204/32204), done.
HEAD is now at 2d4ed1d357 Merge pull request #26555 from seliopou/angstrom.0.16.1
Updating 2d4ed1d357..d227c7cc2d
Fast-forward
 packages/slipshow/slipshow.0.0.33/opam | 54 ++++++++++++++++++++++++++++++++++
 1 file changed, 54 insertions(+)
 create mode 100644 packages/slipshow/slipshow.0.0.33/opam

[01;34m(from ocaml/opam:debian-12-ocaml-5.2@sha256:10d28f101238978ac9df34e56eee610baff363b9d7fe43fd2317d70dd6bfde0e)[0m
[01;2m[01;35m2024-09-13 16:06.01 ---> using "b13271ec6119a967aa0de6251e0b0b64dbc963966fa4a2de466e9ae4e7cb7de3" from cache[0m

[01;34m/: (user (uid 1000) (gid 1000))[0m

[01;34m/: (workdir /home/opam)[0m

[01;34m/home/opam: (run (shell "sudo ln -f /usr/bin/opam-2.1 /usr/bin/opam"))[0m
[01;2m[01;35m2024-09-13 16:06.01 ---> saved as "98724a8f7e8d87ac457782918a00fbdf7fc1ca8e70bcccbf5bde60ae659090c3"[0m

[01;34m/home/opam: (run (network host)
                 (shell "opam init --reinit --config .opamrc-sandbox -ni"))[0m
Configuring from /home/opam/.opamrc-sandbox, then /home/opam/.opamrc, and finally from built-in defaults.
Checking for available remotes: rsync and local, git.
  - you won't be able to use mercurial repositories unless you install the hg command on your system.
  - you won't be able to use darcs repositories unless you install the darcs command on your system.

This development version of opam requires an update to the layout of /home/opam/.opam from version 2.0 to version 2.1, which can't be reverted.
You may want to back it up before going further.

Continue? [Y/n] y
Format upgrade done.

<><> Updating repositories ><><><><><><><><><><><><><><><><><><><><><><><><><><>
[default] synchronised from file:///home/opam/opam-repository
[01;2m[01;35m2024-09-13 16:07.27 ---> saved as "7b85b3ba5b87637b0ae5af29c82e816828fb5ea345cc291036d5c195fcb58fdd"[0m

[01;34m/home/opam: (run (shell "uname -rs && opam exec -- ocaml -version && opam --version"))[0m
Linux 5.15.0-119-generic
The OCaml toplevel, version 5.2.0
2.1.6
[01;2m[01;35m2024-09-13 16:07.27 ---> saved as "fafa68e1c923389871a0fa2f995f385e245907b6700f521139a48b57480c74d0"[0m

[01;34m/home/opam: (env OPAMDOWNLOADJOBS 1)[0m

[01;34m/home/opam: (env OPAMERRLOGLEN 0)[0m

[01;34m/home/opam: (env OPAMSOLVERTIMEOUT 500)[0m

[01;34m/home/opam: (env OPAMPRECISETRACKING 1)[0m

[01;34m/home/opam: (env CI true)[0m

[01;34m/home/opam: (env OPAM_REPO_CI true)[0m

[01;34m/home/opam: (run (shell "rm -rf opam-repository/"))[0m
[01;2m[01;35m2024-09-13 16:07.34 ---> saved as "ed742c36a21a4e2d12a8f21d4578521fb4009675878c2adebf3c2fe477efa80a"[0m

[01;34m/home/opam: (copy (src .) (dst opam-repository/))[0m
[01;2m[01;35m2024-09-13 16:07.44 ---> saved as "5c950f85147b3b6138595c5d726c8cf7c8a0af0131b730ee19b2f7a43a459f5b"[0m

[01;34m/home/opam: (run (shell "opam repository set-url --strict default opam-repository/"))[0m
[default] Initialised
[01;2m[01;35m2024-09-13 16:08.15 ---> saved as "daa95de131d1ed9a326f5073748755306258369f1b3a6040d2d6df7aa81870f1"[0m

[01;34m/home/opam: (run (network host)
                 (shell "opam update --depexts || true"))[0m
+ /usr/bin/sudo "apt-get" "update"
- Hit:1 http://deb.debian.org/debian bookworm InRelease
- Get:2 http://deb.debian.org/debian bookworm-updates InRelease [55.4 kB]
- Get:3 http://deb.debian.org/debian-security bookworm-security InRelease [48.0 kB]
- Get:4 http://deb.debian.org/debian bookworm-updates/main amd64 Packages.diff/Index [11.7 kB]
- Get:5 http://deb.debian.org/debian bookworm-updates/main amd64 Packages T-2024-09-10-2011.55-F-2024-09-10-2011.55.pdiff [1116 B]
- Get:5 http://deb.debian.org/debian bookworm-updates/main amd64 Packages T-2024-09-10-2011.55-F-2024-09-10-2011.55.pdiff [1116 B]
- Get:6 http://deb.debian.org/debian-security bookworm-security/main amd64 Packages [179 kB]
- Fetched 295 kB in 0s (834 kB/s)
- Reading package lists...
- 
[01;2m[01;35m2024-09-13 16:08.16 ---> saved as "86943f0771e9607e4cf38d499420b875f353fab97a37de1ff4ec64e02b9aa69c"[0m

[01;34m/home/opam: (run (shell "opam pin add -k version -yn slipshow.0.0.33 0.0.33"))[0m
slipshow is now pinned to version 0.0.33
[01;2m[01;35m2024-09-13 16:08.17 ---> saved as "4f72b2b23bbf97affe93d341d37501dc96c96c525065ae2e1c5a642a82acfaeb"[0m

[01;34m/home/opam: (run (cache (opam-archives (target /home/opam/.opam/download-cache)))
                 (network host)
                 (shell  "opam reinstall slipshow.0.0.33;\
                        \n        res=$?;\
                        \n        test \"$res\" != 31 && exit \"$res\";\
                        \n        export OPAMCLI=2.0;\
                        \n        build_dir=$(opam var prefix)/.opam-switch/build;\
                        \n        failed=$(ls \"$build_dir\");\
                        \n        partial_fails=\"\";\
                        \n        for pkg in $failed; do\
                        \n          if opam show -f x-ci-accept-failures: \"$pkg\" | grep -qF \"\\\"debian-12\\\"\"; then\
                        \n            echo \"A package failed and has been disabled for CI using the 'x-ci-accept-failures' field.\";\
                        \n          fi;\
                        \n          test \"$pkg\" != 'slipshow.0.0.33' && partial_fails=\"$partial_fails $pkg\";\
                        \n        done;\
                        \n        test \"${partial_fails}\" != \"\" && echo \"opam-repo-ci detected dependencies failing: ${partial_fails}\";\
                        \n        exit 1"))[0m
slipshow.0.0.33 is not installed. Install it? [Y/n] y
[ERROR] Sorry, resolution of the request timed out.
        Try to specify a more precise request, use a different solver, or increase the allowed time by setting OPAMSOLVERTIMEOUT to a bigger value (currently, it is set to 500.0 seconds).
"/usr/bin/env" "bash" "-c" "opam reinstall slipshow.0.0.33;
        res=$?;
        test "$res" != 31 && exit "$res";
        export OPAMCLI=2.0;
        build_dir=$(opam var prefix)/.opam-switch/build;
        failed=$(ls "$build_dir");
        partial_fails="";
        for pkg in $failed; do
          if opam show -f x-ci-accept-failures: "$pkg" | grep -qF "\"debian-12\""; then
            echo "A package failed and has been disabled for CI using the 'x-ci-accept-failures' field.";
          fi;
          test "$pkg" != 'slipshow.0.0.33' && partial_fails="$partial_fails $pkg";
        done;
        test "${partial_fails}" != "" && echo "opam-repo-ci detected dependencies failing: ${partial_fails}";
        exit 1" failed with exit status 60
2024-09-13 16:17.05: Job failed: Failed: Build failed
2024-09-13 16:17.05: Log analysis:
2024-09-13 16:17.05: >>> 
[ERROR] Sorry, resolution of the request timed out.
 (score = 20)
2024-09-13 16:17.05: Sorry, resolution of the request timed out.
