2024-07-30 11:01.42: New job: build goblint.2.3.0, using opam 2.1
                              from https://github.com/ocaml/opam-repository.git#refs/pull/26307/head (b42c22eb2d9f5feac73cd08241bf9c06724210bd)
                              on debian-12-ocaml-4.14/amd64

To reproduce locally:

cd $(mktemp -d)
git clone --recursive "https://github.com/ocaml/opam-repository.git" && cd "opam-repository" && git fetch origin "refs/pull/26307/head" && git reset --hard b42c22eb
git fetch origin master
git merge --no-edit 2b34893577f5b57ae4183fd6260e7a3ef7499268
cat > ../Dockerfile <<'END-OF-DOCKERFILE'
[34mFROM ocaml/opam:debian-12-ocaml-4.14@sha256:746be5385e66687f3d11d5252c40244194e625542e1e2018cf1628cbf7b757ba
USER 1000:1000
WORKDIR /home/opam
RUN sudo ln -f /usr/bin/opam-2.1 /usr/bin/opam
RUN opam init --reinit -ni
RUN uname -rs && opam exec -- ocaml -version && opam --version
ENV OPAMDOWNLOADJOBS="1"
ENV OPAMERRLOGLEN="0"
ENV OPAMSOLVERTIMEOUT="500"
ENV OPAMPRECISETRACKING="1"
ENV CI="true"
ENV OPAM_REPO_CI="true"
RUN rm -rf opam-repository/
COPY --chown=1000:1000 . opam-repository/
RUN opam repository set-url --strict default opam-repository/
RUN opam update --depexts || true
RUN opam pin add -k version -yn goblint.2.3.0 2.3.0
RUN opam reinstall goblint.2.3.0; \
    res=$?; \
    test "$res" != 31 && exit "$res"; \
    export OPAMCLI=2.0; \
    build_dir=$(opam var prefix)/.opam-switch/build; \
    failed=$(ls "$build_dir"); \
    partial_fails=""; \
    for pkg in $failed; do \
    if opam show -f x-ci-accept-failures: "$pkg" | grep -qF "\"debian-12\""; then \
    echo "A package failed and has been disabled for CI using the 'x-ci-accept-failures' field."; \
    fi; \
    test "$pkg" != 'goblint.2.3.0' && partial_fails="$partial_fails $pkg"; \
    done; \
    test "${partial_fails}" != "" && echo "opam-repo-ci detected dependencies failing: ${partial_fails}"; \
    exit 1
[0m
END-OF-DOCKERFILE
docker build -f ../Dockerfile .

2024-07-30 11:01.42: Using cache hint "ocaml/opam:debian-12-ocaml-4.14@sha256:746be5385e66687f3d11d5252c40244194e625542e1e2018cf1628cbf7b757ba-goblint.2.3.0-b42c22eb2d9f5feac73cd08241bf9c06724210bd"
2024-07-30 11:01.42: Using OBuilder spec:
((from ocaml/opam:debian-12-ocaml-4.14@sha256:746be5385e66687f3d11d5252c40244194e625542e1e2018cf1628cbf7b757ba)
 (user (uid 1000) (gid 1000))
 (workdir /home/opam)
 (run (shell "sudo ln -f /usr/bin/opam-2.1 /usr/bin/opam"))
 (run (network host)
      (shell "opam init --reinit --config .opamrc-sandbox -ni"))
 (run (shell "uname -rs && opam exec -- ocaml -version && opam --version"))
 (env OPAMDOWNLOADJOBS 1)
 (env OPAMERRLOGLEN 0)
 (env OPAMSOLVERTIMEOUT 500)
 (env OPAMPRECISETRACKING 1)
 (env CI true)
 (env OPAM_REPO_CI true)
 (run (shell "rm -rf opam-repository/"))
 (copy (src .) (dst opam-repository/))
 (run (shell "opam repository set-url --strict default opam-repository/"))
 (run (network host)
      (shell "opam update --depexts || true"))
 (run (shell "opam pin add -k version -yn goblint.2.3.0 2.3.0"))
 (run (cache (opam-archives (target /home/opam/.opam/download-cache)))
      (network host)
      (shell  "opam reinstall goblint.2.3.0;\
             \n        res=$?;\
             \n        test \"$res\" != 31 && exit \"$res\";\
             \n        export OPAMCLI=2.0;\
             \n        build_dir=$(opam var prefix)/.opam-switch/build;\
             \n        failed=$(ls \"$build_dir\");\
             \n        partial_fails=\"\";\
             \n        for pkg in $failed; do\
             \n          if opam show -f x-ci-accept-failures: \"$pkg\" | grep -qF \"\\\"debian-12\\\"\"; then\
             \n            echo \"A package failed and has been disabled for CI using the 'x-ci-accept-failures' field.\";\
             \n          fi;\
             \n          test \"$pkg\" != 'goblint.2.3.0' && partial_fails=\"$partial_fails $pkg\";\
             \n        done;\
             \n        test \"${partial_fails}\" != \"\" && echo \"opam-repo-ci detected dependencies failing: ${partial_fails}\";\
             \n        exit 1"))
)

2024-07-30 11:01.42: Waiting for resource in pool OCluster
2024-07-30 11:01.44: Waiting for worker…
2024-07-30 11:06.24: Got resource from pool OCluster
Building on x86-bm-c2.sw.ocaml.org
All commits already cached
Updating files:  81% (26018/31891)Updating files:  82% (26151/31891)Updating files:  83% (26470/31891)Updating files:  84% (26789/31891)Updating files:  85% (27108/31891)Updating files:  86% (27427/31891)Updating files:  87% (27746/31891)Updating files:  88% (28065/31891)Updating files:  89% (28383/31891)Updating files:  90% (28702/31891)Updating files:  91% (29021/31891)Updating files:  92% (29340/31891)Updating files:  93% (29659/31891)Updating files:  94% (29978/31891)Updating files:  95% (30297/31891)Updating files:  96% (30616/31891)Updating files:  97% (30935/31891)Updating files:  98% (31254/31891)Updating files:  99% (31573/31891)Updating files: 100% (31891/31891)Updating files: 100% (31891/31891), done.
HEAD is now at 2b34893577 Merge pull request #26302 from Artamus/opam-publish-git_split.0.0.1
Updating 2b34893577..b42c22eb2d
Fast-forward
 packages/goblint-cil/goblint-cil.2.0.4/opam | 74 +++++++++++++++++++++++++++++
 packages/goblint/goblint.2.2.1/opam         |  2 +-
 packages/goblint/goblint.2.3.0/opam         |  2 +-
 3 files changed, 76 insertions(+), 2 deletions(-)
 create mode 100644 packages/goblint-cil/goblint-cil.2.0.4/opam

[01;34m(from ocaml/opam:debian-12-ocaml-4.14@sha256:746be5385e66687f3d11d5252c40244194e625542e1e2018cf1628cbf7b757ba)[0m
[01;2m[01;35m2024-07-30 11:06.32 ---> using "9301ab00dad6ab65313805f12a328a22a933217c459ecc4155a244face449eb8" from cache[0m

[01;34m/: (user (uid 1000) (gid 1000))[0m

[01;34m/: (workdir /home/opam)[0m

[01;34m/home/opam: (run (shell "sudo ln -f /usr/bin/opam-2.1 /usr/bin/opam"))[0m
[01;2m[01;35m2024-07-30 11:06.32 ---> saved as "0e02127cc46021346067ada40f8cb037170c5fd5ab7d96bbd820687c835c80a1"[0m

[01;34m/home/opam: (run (network host)
                 (shell "opam init --reinit --config .opamrc-sandbox -ni"))[0m
Configuring from /home/opam/.opamrc-sandbox, then /home/opam/.opamrc, and finally from built-in defaults.
Checking for available remotes: rsync and local, git.
  - you won't be able to use mercurial repositories unless you install the hg command on your system.
  - you won't be able to use darcs repositories unless you install the darcs command on your system.

This development version of opam requires an update to the layout of /home/opam/.opam from version 2.0 to version 2.1, which can't be reverted.
You may want to back it up before going further.

Continue? [Y/n] y
Format upgrade done.

<><> Updating repositories ><><><><><><><><><><><><><><><><><><><><><><><><><><>
[default] synchronised from file:///home/opam/opam-repository
[01;2m[01;35m2024-07-30 11:08.05 ---> saved as "3b0fa83706dfccd17ffdfadd668f3d8ec917f538c5d78af05412082d94465ffd"[0m

[01;34m/home/opam: (run (shell "uname -rs && opam exec -- ocaml -version && opam --version"))[0m
Linux 5.15.0-117-generic
The OCaml toplevel, version 4.14.2
2.1.6
[01;2m[01;35m2024-07-30 11:08.05 ---> saved as "f930407dd66a2f456d17597b9c9c3b76c83c40e94cca4733a58394fe9af0ae15"[0m

[01;34m/home/opam: (env OPAMDOWNLOADJOBS 1)[0m

[01;34m/home/opam: (env OPAMERRLOGLEN 0)[0m

[01;34m/home/opam: (env OPAMSOLVERTIMEOUT 500)[0m

[01;34m/home/opam: (env OPAMPRECISETRACKING 1)[0m

[01;34m/home/opam: (env CI true)[0m

[01;34m/home/opam: (env OPAM_REPO_CI true)[0m

[01;34m/home/opam: (run (shell "rm -rf opam-repository/"))[0m
[01;2m[01;35m2024-07-30 11:08.13 ---> saved as "f87da921404c835384077f3b51106c5b038e12b717ad6d8cf2b8d94d2a1f76f4"[0m

[01;34m/home/opam: (copy (src .) (dst opam-repository/))[0m
[01;2m[01;35m2024-07-30 11:08.25 ---> saved as "6b14ce1462080a2ea86c171d90026cdaa3d556f0fd92c1e24eca6901fa128a9f"[0m

[01;34m/home/opam: (run (shell "opam repository set-url --strict default opam-repository/"))[0m
[default] Initialised
[01;2m[01;35m2024-07-30 11:08.50 ---> saved as "e97a87066e1638022285c4ebed7ffc35c1a6d8ce67126190b87b8a21131bcccd"[0m

[01;34m/home/opam: (run (network host)
                 (shell "opam update --depexts || true"))[0m
+ /usr/bin/sudo "apt-get" "update"
- Hit:1 http://deb.debian.org/debian bookworm InRelease
- Get:2 http://deb.debian.org/debian bookworm-updates InRelease [55.4 kB]
- Get:3 http://deb.debian.org/debian-security bookworm-security InRelease [48.0 kB]
- Get:4 http://deb.debian.org/debian-security bookworm-security/main amd64 Packages [169 kB]
- Fetched 272 kB in 0s (896 kB/s)
- Reading package lists...
- 
[01;2m[01;35m2024-07-30 11:08.51 ---> saved as "1d29abaaf885c6561672606e9a51e9b0d03f763e94c18c5ca047068a831b79eb"[0m

[01;34m/home/opam: (run (shell "opam pin add -k version -yn goblint.2.3.0 2.3.0"))[0m
goblint is now pinned to version 2.3.0
[01;2m[01;35m2024-07-30 11:08.52 ---> saved as "e8e767d5231fe7bba014ab082636797a88a510e55ee80d7679f6a0343aec3fd6"[0m

[01;34m/home/opam: (run (cache (opam-archives (target /home/opam/.opam/download-cache)))
                 (network host)
                 (shell  "opam reinstall goblint.2.3.0;\
                        \n        res=$?;\
                        \n        test \"$res\" != 31 && exit \"$res\";\
                        \n        export OPAMCLI=2.0;\
                        \n        build_dir=$(opam var prefix)/.opam-switch/build;\
                        \n        failed=$(ls \"$build_dir\");\
                        \n        partial_fails=\"\";\
                        \n        for pkg in $failed; do\
                        \n          if opam show -f x-ci-accept-failures: \"$pkg\" | grep -qF \"\\\"debian-12\\\"\"; then\
                        \n            echo \"A package failed and has been disabled for CI using the 'x-ci-accept-failures' field.\";\
                        \n          fi;\
                        \n          test \"$pkg\" != 'goblint.2.3.0' && partial_fails=\"$partial_fails $pkg\";\
                        \n        done;\
                        \n        test \"${partial_fails}\" != \"\" && echo \"opam-repo-ci detected dependencies failing: ${partial_fails}\";\
                        \n        exit 1"))[0m
goblint.2.3.0 is not installed. Install it? [Y/n] y
[ERROR] Sorry, resolution of the request timed out.
        Try to specify a more precise request, use a different solver, or increase the allowed time by setting OPAMSOLVERTIMEOUT to a bigger value (currently, it is set to 500.0 seconds).
"/usr/bin/env" "bash" "-c" "opam reinstall goblint.2.3.0;
        res=$?;
        test "$res" != 31 && exit "$res";
        export OPAMCLI=2.0;
        build_dir=$(opam var prefix)/.opam-switch/build;
        failed=$(ls "$build_dir");
        partial_fails="";
        for pkg in $failed; do
          if opam show -f x-ci-accept-failures: "$pkg" | grep -qF "\"debian-12\""; then
            echo "A package failed and has been disabled for CI using the 'x-ci-accept-failures' field.";
          fi;
          test "$pkg" != 'goblint.2.3.0' && partial_fails="$partial_fails $pkg";
        done;
        test "${partial_fails}" != "" && echo "opam-repo-ci detected dependencies failing: ${partial_fails}";
        exit 1" failed with exit status 60
2024-07-30 11:17.36: Job failed: Failed: Build failed
2024-07-30 11:17.36: Log analysis:
2024-07-30 11:17.36: >>> 
[ERROR] Sorry, resolution of the request timed out.
 (score = 20)
2024-07-30 11:17.36: Sorry, resolution of the request timed out.
