2024-09-23 11:53.50: New job: test js_of_ocaml-toplevel.5.8.2-floats, using opam dev
                              from https://github.com/ocaml/opam-repository.git#refs/pull/26591/head (99d1673f38a5e22d4a1f538abd0eb91a156085fb)
                              on debian-12-ocaml-4.12/amd64

To reproduce locally:

cd $(mktemp -d)
git clone --recursive "https://github.com/ocaml/opam-repository.git" && cd "opam-repository" && git fetch origin "refs/pull/26591/head" && git reset --hard 99d1673f
git fetch origin master
git merge --no-edit a2d1b9539bb95e849b639d06e88de7d50397342b
cat > ../Dockerfile <<'END-OF-DOCKERFILE'
[34mFROM ocaml/opam:debian-12-ocaml-4.12@sha256:7485dfcebf9900f93bf3e55b227c8aec3261bb0300ffea6db888857a43826efd
USER 1000:1000
WORKDIR /home/opam
RUN sudo ln -f /usr/bin/opam-dev /usr/bin/opam
RUN opam init --reinit -ni
RUN uname -rs && opam exec -- ocaml -version && opam --version
ENV OPAMDOWNLOADJOBS="1"
ENV OPAMERRLOGLEN="0"
ENV OPAMSOLVERTIMEOUT="1000"
ENV OPAMPRECISETRACKING="1"
ENV CI="true"
ENV OPAM_REPO_CI="true"
RUN rm -rf opam-repository/
COPY --chown=1000:1000 . opam-repository/
RUN opam repository set-url --strict default opam-repository/
RUN opam update --depexts || true
RUN opam pin add -k version -yn js_of_ocaml-toplevel.5.8.2-floats 5.8.2-floats
RUN opam reinstall js_of_ocaml-toplevel.5.8.2-floats; \
    res=$?; \
    test "$res" != 31 && exit "$res"; \
    export OPAMCLI=2.0; \
    build_dir=$(opam var prefix)/.opam-switch/build; \
    failed=$(ls "$build_dir"); \
    partial_fails=""; \
    for pkg in $failed; do \
    if opam show -f x-ci-accept-failures: "$pkg" | grep -qF "\"debian-12\""; then \
    echo "A package failed and has been disabled for CI using the 'x-ci-accept-failures' field."; \
    fi; \
    test "$pkg" != 'js_of_ocaml-toplevel.5.8.2-floats' && partial_fails="$partial_fails $pkg"; \
    done; \
    test "${partial_fails}" != "" && echo "opam-repo-ci detected dependencies failing: ${partial_fails}"; \
    exit 1
RUN (opam reinstall --with-test js_of_ocaml-toplevel.5.8.2-floats) || true
RUN opam reinstall --with-test --verbose js_of_ocaml-toplevel.5.8.2-floats; \
    res=$?; \
    test "$res" != 31 && exit "$res"; \
    export OPAMCLI=2.0; \
    build_dir=$(opam var prefix)/.opam-switch/build; \
    failed=$(ls "$build_dir"); \
    partial_fails=""; \
    for pkg in $failed; do \
    if opam show -f x-ci-accept-failures: "$pkg" | grep -qF "\"debian-12\""; then \
    echo "A package failed and has been disabled for CI using the 'x-ci-accept-failures' field."; \
    fi; \
    test "$pkg" != 'js_of_ocaml-toplevel.5.8.2-floats' && partial_fails="$partial_fails $pkg"; \
    done; \
    test "${partial_fails}" != "" && echo "opam-repo-ci detected dependencies failing: ${partial_fails}"; \
    exit 1
[0m
END-OF-DOCKERFILE
docker build -f ../Dockerfile .

2024-09-23 11:53.50: Using cache hint "ocaml/opam:debian-12-ocaml-4.12@sha256:7485dfcebf9900f93bf3e55b227c8aec3261bb0300ffea6db888857a43826efd-js_of_ocaml-toplevel.5.8.2-floats-99d1673f38a5e22d4a1f538abd0eb91a156085fb"
2024-09-23 11:53.50: Using OBuilder spec:
((from ocaml/opam:debian-12-ocaml-4.12@sha256:7485dfcebf9900f93bf3e55b227c8aec3261bb0300ffea6db888857a43826efd)
 (user (uid 1000) (gid 1000))
 (workdir /home/opam)
 (run (shell "sudo ln -f /usr/bin/opam-dev /usr/bin/opam"))
 (run (network host)
      (shell "opam init --reinit --config .opamrc-sandbox -ni"))
 (run (shell "uname -rs && opam exec -- ocaml -version && opam --version"))
 (env OPAMDOWNLOADJOBS 1)
 (env OPAMERRLOGLEN 0)
 (env OPAMSOLVERTIMEOUT 1000)
 (env OPAMPRECISETRACKING 1)
 (env CI true)
 (env OPAM_REPO_CI true)
 (run (shell "rm -rf opam-repository/"))
 (copy (src .) (dst opam-repository/))
 (run (shell "opam repository set-url --strict default opam-repository/"))
 (run (network host)
      (shell "opam update --depexts || true"))
 (run (shell "opam pin add -k version -yn js_of_ocaml-toplevel.5.8.2-floats 5.8.2-floats"))
 (run (cache (opam-archives (target /home/opam/.opam/download-cache)))
      (network host)
      (shell  "opam reinstall js_of_ocaml-toplevel.5.8.2-floats;\
             \n        res=$?;\
             \n        test \"$res\" != 31 && exit \"$res\";\
             \n        export OPAMCLI=2.0;\
             \n        build_dir=$(opam var prefix)/.opam-switch/build;\
             \n        failed=$(ls \"$build_dir\");\
             \n        partial_fails=\"\";\
             \n        for pkg in $failed; do\
             \n          if opam show -f x-ci-accept-failures: \"$pkg\" | grep -qF \"\\\"debian-12\\\"\"; then\
             \n            echo \"A package failed and has been disabled for CI using the 'x-ci-accept-failures' field.\";\
             \n          fi;\
             \n          test \"$pkg\" != 'js_of_ocaml-toplevel.5.8.2-floats' && partial_fails=\"$partial_fails $pkg\";\
             \n        done;\
             \n        test \"${partial_fails}\" != \"\" && echo \"opam-repo-ci detected dependencies failing: ${partial_fails}\";\
             \n        exit 1"))
 (run (network host)
      (shell "(opam reinstall --with-test js_of_ocaml-toplevel.5.8.2-floats) || true"))
 (run (shell  "opam reinstall --with-test --verbose js_of_ocaml-toplevel.5.8.2-floats;\
             \n        res=$?;\
             \n        test \"$res\" != 31 && exit \"$res\";\
             \n        export OPAMCLI=2.0;\
             \n        build_dir=$(opam var prefix)/.opam-switch/build;\
             \n        failed=$(ls \"$build_dir\");\
             \n        partial_fails=\"\";\
             \n        for pkg in $failed; do\
             \n          if opam show -f x-ci-accept-failures: \"$pkg\" | grep -qF \"\\\"debian-12\\\"\"; then\
             \n            echo \"A package failed and has been disabled for CI using the 'x-ci-accept-failures' field.\";\
             \n          fi;\
             \n          test \"$pkg\" != 'js_of_ocaml-toplevel.5.8.2-floats' && partial_fails=\"$partial_fails $pkg\";\
             \n        done;\
             \n        test \"${partial_fails}\" != \"\" && echo \"opam-repo-ci detected dependencies failing: ${partial_fails}\";\
             \n        exit 1"))
)

2024-09-23 11:53.50: Waiting for resource in pool OCluster
2024-09-23 11:55.28: Waiting for worker…
2024-09-23 11:57.40: Got resource from pool OCluster
Building on x86-bm-c17.sw.ocaml.org
All commits already cached
Updating files:  96% (31230/32292)Updating files:  97% (31324/32292)Updating files:  98% (31647/32292)Updating files:  99% (31970/32292)Updating files: 100% (32292/32292)Updating files: 100% (32292/32292), done.
HEAD is now at a2d1b9539b Merge pull request #26601 from Khady/release-ppx_deriving_jsonschema-0.0.1
Merge made by the 'ort' strategy.
 packages/async_js/async_js.v0.17.0/opam            |  4 +-
 packages/bonsai/bonsai.v0.17.0/opam                |  4 +-
 packages/incr_dom/incr_dom.v0.17.0/opam            | 12 +++--
 .../incr_dom_interactive.v0.17.0/opam              |  4 +-
 .../incr_dom_partial_render.v0.17.0/opam           |  4 +-
 .../incr_dom_sexp_form.v0.17.0/opam                |  4 +-
 .../js_of_ocaml-compiler.5.8.2-floats/opam         | 55 ++++++++++++++++++++++
 .../js_of_ocaml-lwt.5.8.2-floats/opam              | 48 +++++++++++++++++++
 .../js_of_ocaml-ppx.5.8.2-floats/opam              | 45 ++++++++++++++++++
 .../opam                                           | 45 ++++++++++++++++++
 .../js_of_ocaml-toplevel.5.8.2-floats/opam         | 48 +++++++++++++++++++
 .../js_of_ocaml-tyxml.5.8.2-floats/opam            | 49 +++++++++++++++++++
 packages/js_of_ocaml/js_of_ocaml.5.8.2-floats/opam | 55 ++++++++++++++++++++++
 packages/ppx_css/ppx_css.v0.17.0/opam              |  4 +-
 packages/virtual_dom/virtual_dom.v0.17.0/opam      |  4 +-
 .../virtual_dom_toplayer.v0.17.0/opam              |  4 +-
 16 files changed, 369 insertions(+), 20 deletions(-)
 create mode 100644 packages/js_of_ocaml-compiler/js_of_ocaml-compiler.5.8.2-floats/opam
 create mode 100644 packages/js_of_ocaml-lwt/js_of_ocaml-lwt.5.8.2-floats/opam
 create mode 100644 packages/js_of_ocaml-ppx/js_of_ocaml-ppx.5.8.2-floats/opam
 create mode 100644 packages/js_of_ocaml-ppx_deriving_json/js_of_ocaml-ppx_deriving_json.5.8.2-floats/opam
 create mode 100644 packages/js_of_ocaml-toplevel/js_of_ocaml-toplevel.5.8.2-floats/opam
 create mode 100644 packages/js_of_ocaml-tyxml/js_of_ocaml-tyxml.5.8.2-floats/opam
 create mode 100644 packages/js_of_ocaml/js_of_ocaml.5.8.2-floats/opam

[01;34m(from ocaml/opam:debian-12-ocaml-4.12@sha256:7485dfcebf9900f93bf3e55b227c8aec3261bb0300ffea6db888857a43826efd)[0m
[01;2m[01;35m2024-09-23 11:58.27 ---> saved as "8d08d9c5d974eef1175fb9cb22e8343903a2876292d07bc534e20b62cfa2eba1"[0m

[01;34m/: (user (uid 1000) (gid 1000))[0m

[01;34m/: (workdir /home/opam)[0m

[01;34m/home/opam: (run (shell "sudo ln -f /usr/bin/opam-dev /usr/bin/opam"))[0m
[01;2m[01;35m2024-09-23 11:58.27 ---> saved as "b470af5ebdd965259abedbba4597d0bb6cf17dff07398f6763be3203fdd8bee1"[0m

[01;34m/home/opam: (run (network host)
                 (shell "opam init --reinit --config .opamrc-sandbox -ni"))[0m
Configuring from /home/opam/.opamrc-sandbox, then /home/opam/.opamrc, and finally from built-in defaults.
Checking for available remotes: rsync and local, git.
  - you won't be able to use mercurial repositories unless you install the hg command on your system.
  - you won't be able to use darcs repositories unless you install the darcs command on your system.

This development version of opam requires an update to the layout of /home/opam/.opam from version 2.0 to version 2.2, which can't be reverted.
You may want to back it up before going further.

Continue? [y/n] y
[NOTE] The 'jobs' option was reset, its value was 39 and its new value will vary according to the current number of cores on your machine. You can restore the fixed value using:
           opam option jobs=39 --global
Format upgrade done.

<><> Updating repositories ><><><><><><><><><><><><><><><><><><><><><><><><><><>
[default] synchronised from file:///home/opam/opam-repository
[01;2m[01;35m2024-09-23 11:59.42 ---> saved as "f0a742841d6997f1af9362e7f21f6f9df581d9088d93b413432db6a0642a13a2"[0m

[01;34m/home/opam: (run (shell "uname -rs && opam exec -- ocaml -version && opam --version"))[0m
Linux 5.15.0-121-generic
The OCaml toplevel, version 4.12.1
2.3.0~alpha~dev
[01;2m[01;35m2024-09-23 11:59.42 ---> saved as "d8e686e4c21395651725550fddacb8eca36d85d1b0999a77870fdea564f2b161"[0m

[01;34m/home/opam: (env OPAMDOWNLOADJOBS 1)[0m

[01;34m/home/opam: (env OPAMERRLOGLEN 0)[0m

[01;34m/home/opam: (env OPAMSOLVERTIMEOUT 1000)[0m

[01;34m/home/opam: (env OPAMPRECISETRACKING 1)[0m

[01;34m/home/opam: (env CI true)[0m

[01;34m/home/opam: (env OPAM_REPO_CI true)[0m

[01;34m/home/opam: (run (shell "rm -rf opam-repository/"))[0m
[01;2m[01;35m2024-09-23 11:59.52 ---> saved as "f7a725f69290ff3cfb2d641d5298ee19d92184de0031064ea107ce2c9212b473"[0m

[01;34m/home/opam: (copy (src .) (dst opam-repository/))[0m
[01;2m[01;35m2024-09-23 12:00.14 ---> saved as "6730bb5536c806f66f76488cadf1d632c76ffaa840d0ee0dd1dfccd2b9d485a8"[0m

[01;34m/home/opam: (run (shell "opam repository set-url --strict default opam-repository/"))[0m
[default] Initialised
[01;2m[01;35m2024-09-23 12:01.24 ---> saved as "1a6811d849fd6977d2573279549ca6ea86bdad6971adef1aceb8e3256d612710"[0m

[01;34m/home/opam: (run (network host)
                 (shell "opam update --depexts || true"))[0m
+ /usr/bin/sudo "apt-get" "update"
- Hit:1 http://deb.debian.org/debian bookworm InRelease
- Get:2 http://deb.debian.org/debian bookworm-updates InRelease [55.4 kB]
- Get:3 http://deb.debian.org/debian-security bookworm-security InRelease [48.0 kB]
- Get:4 http://deb.debian.org/debian-security bookworm-security/main amd64 Packages [182 kB]
- Fetched 286 kB in 0s (1066 kB/s)
- Reading package lists...
[01;2m[01;35m2024-09-23 12:01.25 ---> saved as "fd71bb0a4e84107f821e21cfe4ab7fa6fbe7a87f849ec5381c1a2fec674d3836"[0m

[01;34m/home/opam: (run (shell "opam pin add -k version -yn js_of_ocaml-toplevel.5.8.2-floats 5.8.2-floats"))[0m
js_of_ocaml-toplevel is now pinned to version 5.8.2-floats
[01;2m[01;35m2024-09-23 12:01.25 ---> saved as "ed847fade01edbf0e32fda327c021e63744114f7cfb57d8f9ed12750ecba9333"[0m

[01;34m/home/opam: (run (cache (opam-archives (target /home/opam/.opam/download-cache)))
                 (network host)
                 (shell  "opam reinstall js_of_ocaml-toplevel.5.8.2-floats;\
                        \n        res=$?;\
                        \n        test \"$res\" != 31 && exit \"$res\";\
                        \n        export OPAMCLI=2.0;\
                        \n        build_dir=$(opam var prefix)/.opam-switch/build;\
                        \n        failed=$(ls \"$build_dir\");\
                        \n        partial_fails=\"\";\
                        \n        for pkg in $failed; do\
                        \n          if opam show -f x-ci-accept-failures: \"$pkg\" | grep -qF \"\\\"debian-12\\\"\"; then\
                        \n            echo \"A package failed and has been disabled for CI using the 'x-ci-accept-failures' field.\";\
                        \n          fi;\
                        \n          test \"$pkg\" != 'js_of_ocaml-toplevel.5.8.2-floats' && partial_fails=\"$partial_fails $pkg\";\
                        \n        done;\
                        \n        test \"${partial_fails}\" != \"\" && echo \"opam-repo-ci detected dependencies failing: ${partial_fails}\";\
                        \n        exit 1"))[0m
js_of_ocaml-toplevel.5.8.2-floats is not installed. Install it? [y/n] y
The following actions will be performed:
=== install 18 packages
  - install cmdliner             1.3.0                 [required by js_of_ocaml-compiler]
  - install dune                 3.16.0                [required by js_of_ocaml-toplevel]
  - install gen                  1.1                   [required by sedlex]
  - install js_of_ocaml-compiler 5.8.2-floats          [required by js_of_ocaml-toplevel]
  - install js_of_ocaml-toplevel 5.8.2-floats (pinned)
  - install menhir               20240715              [required by js_of_ocaml-compiler]
  - install menhirCST            20240715              [required by menhir]
  - install menhirLib            20240715              [required by js_of_ocaml-compiler]
  - install menhirSdk            20240715              [required by js_of_ocaml-compiler]
  - install ocaml-compiler-libs  v0.12.4               [required by ppxlib]
  - install ocamlfind            1.9.6                 [required by js_of_ocaml-toplevel]
  - install ppx_derivers         1.2.1                 [required by ppxlib]
  - install ppxlib               0.33.0                [required by js_of_ocaml-compiler]
  - install sedlex               3.2                   [required by js_of_ocaml-compiler]
  - install seq                  base                  [required by yojson]
  - install sexplib0             v0.16.0               [required by ppxlib]
  - install stdlib-shims         0.3.0                 [required by ppxlib]
  - install yojson               2.2.2                 [required by js_of_ocaml-compiler]

<><> Processing actions <><><><><><><><><><><><><><><><><><><><><><><><><><><><>
-> retrieved cmdliner.1.3.0  (cached)
-> retrieved dune.3.16.0  (cached)
-> retrieved gen.1.1  (cached)
-> installed cmdliner.1.3.0
-> retrieved js_of_ocaml-compiler.5.8.2-floats, js_of_ocaml-toplevel.5.8.2-floats  (cached)
-> retrieved menhir.20240715, menhirCST.20240715, menhirLib.20240715, menhirSdk.20240715  (cached)
-> retrieved ocaml-compiler-libs.v0.12.4  (cached)
-> retrieved ocamlfind.1.9.6  (cached)
-> retrieved ppx_derivers.1.2.1  (cached)
-> retrieved ppxlib.0.33.0  (cached)
-> retrieved sedlex.3.2  (cached)
-> retrieved seq.base  (cached)
-> installed seq.base
-> retrieved sexplib0.v0.16.0  (cached)
-> retrieved stdlib-shims.0.3.0  (cached)
-> retrieved yojson.2.2.2  (cached)
-> installed ocamlfind.1.9.6
-> installed dune.3.16.0
-> installed ppx_derivers.1.2.1
-> installed stdlib-shims.0.3.0
-> installed menhirCST.20240715
-> installed menhirSdk.20240715
-> installed sexplib0.v0.16.0
-> installed gen.1.1
-> installed menhirLib.20240715
-> installed ocaml-compiler-libs.v0.12.4
-> installed yojson.2.2.2
-> installed menhir.20240715
-> installed ppxlib.0.33.0
-> installed sedlex.3.2
-> installed js_of_ocaml-compiler.5.8.2-floats
-> installed js_of_ocaml-toplevel.5.8.2-floats
Done.
# To update the current shell environment, run: eval $(opam env)
[01;2m[01;35m2024-09-23 12:03.06 ---> saved as "0fc9e1ef1e3dea463fed8da50ec919b3b1145894bfa84455e84179df3f53a543"[0m

[01;34m/home/opam: (run (network host)
                 (shell "(opam reinstall --with-test js_of_ocaml-toplevel.5.8.2-floats) || true"))[0m
[ERROR] Sorry, resolution of the request timed out.
        Try to specify a more precise request, use a different solver, or increase the allowed time by setting OPAMSOLVERTIMEOUT to a bigger value (currently, it is set to 1000.0 seconds).
[01;2m[01;35m2024-09-23 12:20.03 ---> saved as "240480fbde88e0a437e648c268d46241f9c068e2aff98a37b860579eb4e855e4"[0m

[01;34m/home/opam: (run (shell  "opam reinstall --with-test --verbose js_of_ocaml-toplevel.5.8.2-floats;\
                        \n        res=$?;\
                        \n        test \"$res\" != 31 && exit \"$res\";\
                        \n        export OPAMCLI=2.0;\
                        \n        build_dir=$(opam var prefix)/.opam-switch/build;\
                        \n        failed=$(ls \"$build_dir\");\
                        \n        partial_fails=\"\";\
                        \n        for pkg in $failed; do\
                        \n          if opam show -f x-ci-accept-failures: \"$pkg\" | grep -qF \"\\\"debian-12\\\"\"; then\
                        \n            echo \"A package failed and has been disabled for CI using the 'x-ci-accept-failures' field.\";\
                        \n          fi;\
                        \n          test \"$pkg\" != 'js_of_ocaml-toplevel.5.8.2-floats' && partial_fails=\"$partial_fails $pkg\";\
                        \n        done;\
                        \n        test \"${partial_fails}\" != \"\" && echo \"opam-repo-ci detected dependencies failing: ${partial_fails}\";\
                        \n        exit 1"))[0m
2024-09-23 12:27.25: Cancelling: Auto-cancelling job because it is no longer needed
Job cancelled
