2024-11-08 13:27.56: New job: test eliom.11.1.0, using opam 2.1
                              from https://github.com/ocaml/opam-repository.git#refs/pull/26850/head (3f7f2538833feb65910209e0a3d5c12534631eb0)
                              on debian-12-ocaml-5.2/amd64

To reproduce locally:

cd $(mktemp -d)
git clone --recursive "https://github.com/ocaml/opam-repository.git" && cd "opam-repository" && git fetch origin "refs/pull/26850/head" && git reset --hard 3f7f2538
git fetch origin master
git merge --no-edit d8b8ceaa570cc7f665bee86876819d0144909af7
cat > ../Dockerfile <<'END-OF-DOCKERFILE'
[34mFROM ocaml/opam:debian-12-ocaml-5.2@sha256:488fec4990a01d7738ad7fc4b2cb26228295f6364c32b834bfadaef79669d1f5
USER 1000:1000
WORKDIR /home/opam
RUN sudo ln -f /usr/bin/opam-2.1 /usr/bin/opam
RUN opam init --reinit -ni
RUN uname -rs && opam exec -- ocaml -version && opam --version
ENV OPAMDOWNLOADJOBS="1"
ENV OPAMERRLOGLEN="0"
ENV OPAMSOLVERTIMEOUT="1000"
ENV OPAMPRECISETRACKING="1"
ENV CI="true"
ENV OPAM_REPO_CI="true"
RUN rm -rf opam-repository/
COPY --chown=1000:1000 . opam-repository/
RUN opam repository set-url --strict default opam-repository/
RUN opam update --depexts || true
RUN opam pin add -k version -yn eliom.11.1.0 11.1.0
RUN opam reinstall eliom.11.1.0; \
    res=$?; \
    test "$res" != 31 && exit "$res"; \
    export OPAMCLI=2.0; \
    build_dir=$(opam var prefix)/.opam-switch/build; \
    failed=$(ls "$build_dir"); \
    partial_fails=""; \
    for pkg in $failed; do \
    if opam show -f x-ci-accept-failures: "$pkg" | grep -qF "\"debian-12\""; then \
    echo "A package failed and has been disabled for CI using the 'x-ci-accept-failures' field."; \
    fi; \
    test "$pkg" != 'eliom.11.1.0' && partial_fails="$partial_fails $pkg"; \
    done; \
    test "${partial_fails}" != "" && echo "opam-repo-ci detected dependencies failing: ${partial_fails}"; \
    exit 1
RUN (opam reinstall --with-test eliom.11.1.0) || true
RUN opam reinstall --with-test --verbose eliom.11.1.0; \
    res=$?; \
    test "$res" != 31 && exit "$res"; \
    export OPAMCLI=2.0; \
    build_dir=$(opam var prefix)/.opam-switch/build; \
    failed=$(ls "$build_dir"); \
    partial_fails=""; \
    for pkg in $failed; do \
    if opam show -f x-ci-accept-failures: "$pkg" | grep -qF "\"debian-12\""; then \
    echo "A package failed and has been disabled for CI using the 'x-ci-accept-failures' field."; \
    fi; \
    test "$pkg" != 'eliom.11.1.0' && partial_fails="$partial_fails $pkg"; \
    done; \
    test "${partial_fails}" != "" && echo "opam-repo-ci detected dependencies failing: ${partial_fails}"; \
    exit 1
[0m
END-OF-DOCKERFILE
docker build -f ../Dockerfile .

2024-11-08 13:27.56: Using cache hint "ocaml/opam:debian-12-ocaml-5.2@sha256:488fec4990a01d7738ad7fc4b2cb26228295f6364c32b834bfadaef79669d1f5-eliom.11.1.0-3f7f2538833feb65910209e0a3d5c12534631eb0"
2024-11-08 13:27.56: Using OBuilder spec:
((from ocaml/opam:debian-12-ocaml-5.2@sha256:488fec4990a01d7738ad7fc4b2cb26228295f6364c32b834bfadaef79669d1f5)
 (user (uid 1000) (gid 1000))
 (workdir /home/opam)
 (run (shell "sudo ln -f /usr/bin/opam-2.1 /usr/bin/opam"))
 (run (network host)
      (shell "opam init --reinit --config .opamrc-sandbox -ni"))
 (run (shell "uname -rs && opam exec -- ocaml -version && opam --version"))
 (env OPAMDOWNLOADJOBS 1)
 (env OPAMERRLOGLEN 0)
 (env OPAMSOLVERTIMEOUT 1000)
 (env OPAMPRECISETRACKING 1)
 (env CI true)
 (env OPAM_REPO_CI true)
 (run (shell "rm -rf opam-repository/"))
 (copy (src .) (dst opam-repository/))
 (run (shell "opam repository set-url --strict default opam-repository/"))
 (run (network host)
      (shell "opam update --depexts || true"))
 (run (shell "opam pin add -k version -yn eliom.11.1.0 11.1.0"))
 (run (cache (opam-archives (target /home/opam/.opam/download-cache)))
      (network host)
      (shell  "opam reinstall eliom.11.1.0;\
             \n        res=$?;\
             \n        test \"$res\" != 31 && exit \"$res\";\
             \n        export OPAMCLI=2.0;\
             \n        build_dir=$(opam var prefix)/.opam-switch/build;\
             \n        failed=$(ls \"$build_dir\");\
             \n        partial_fails=\"\";\
             \n        for pkg in $failed; do\
             \n          if opam show -f x-ci-accept-failures: \"$pkg\" | grep -qF \"\\\"debian-12\\\"\"; then\
             \n            echo \"A package failed and has been disabled for CI using the 'x-ci-accept-failures' field.\";\
             \n          fi;\
             \n          test \"$pkg\" != 'eliom.11.1.0' && partial_fails=\"$partial_fails $pkg\";\
             \n        done;\
             \n        test \"${partial_fails}\" != \"\" && echo \"opam-repo-ci detected dependencies failing: ${partial_fails}\";\
             \n        exit 1"))
 (run (network host)
      (shell "(opam reinstall --with-test eliom.11.1.0) || true"))
 (run (shell  "opam reinstall --with-test --verbose eliom.11.1.0;\
             \n        res=$?;\
             \n        test \"$res\" != 31 && exit \"$res\";\
             \n        export OPAMCLI=2.0;\
             \n        build_dir=$(opam var prefix)/.opam-switch/build;\
             \n        failed=$(ls \"$build_dir\");\
             \n        partial_fails=\"\";\
             \n        for pkg in $failed; do\
             \n          if opam show -f x-ci-accept-failures: \"$pkg\" | grep -qF \"\\\"debian-12\\\"\"; then\
             \n            echo \"A package failed and has been disabled for CI using the 'x-ci-accept-failures' field.\";\
             \n          fi;\
             \n          test \"$pkg\" != 'eliom.11.1.0' && partial_fails=\"$partial_fails $pkg\";\
             \n        done;\
             \n        test \"${partial_fails}\" != \"\" && echo \"opam-repo-ci detected dependencies failing: ${partial_fails}\";\
             \n        exit 1"))
)

2024-11-08 13:27.56: Waiting for resource in pool OCluster
2024-11-08 13:27.56: Waiting for worker…
2024-11-08 13:27.57: Got resource from pool OCluster
Building on x86-bm-c10.sw.ocaml.org
All commits already cached
Updating files:  84% (27569/32636)Updating files:  85% (27741/32636)Updating files:  86% (28067/32636)Updating files:  87% (28394/32636)Updating files:  88% (28720/32636)Updating files:  89% (29047/32636)Updating files:  90% (29373/32636)Updating files:  91% (29699/32636)Updating files:  92% (30026/32636)Updating files:  93% (30352/32636)Updating files:  94% (30678/32636)Updating files:  95% (31005/32636)Updating files:  96% (31331/32636)Updating files:  97% (31657/32636)Updating files:  98% (31984/32636)Updating files:  99% (32310/32636)Updating files: 100% (32636/32636)Updating files: 100% (32636/32636), done.
HEAD is now at d8b8ceaa57 Merge pull request #26845 from gares/release-sel-v0.5.0
Updating d8b8ceaa57..3f7f253883
Fast-forward
 packages/eliom/eliom.11.1.0/opam | 64 ++++++++++++++++++++++++++++++++++++++++
 1 file changed, 64 insertions(+)
 create mode 100644 packages/eliom/eliom.11.1.0/opam

[01;34m(from ocaml/opam:debian-12-ocaml-5.2@sha256:488fec4990a01d7738ad7fc4b2cb26228295f6364c32b834bfadaef79669d1f5)[0m
Unable to find image 'ocaml/opam:debian-12-ocaml-5.2@sha256:488fec4990a01d7738ad7fc4b2cb26228295f6364c32b834bfadaef79669d1f5' locally
docker.io/ocaml/opam@sha256:488fec4990a01d7738ad7fc4b2cb26228295f6364c32b834bfadaef79669d1f5: Pulling from ocaml/opam
6666d15f06fa: Pulling fs layer
6666d15f06fa: Verifying Checksum
6666d15f06fa: Download complete
6666d15f06fa: Pull complete
Digest: sha256:488fec4990a01d7738ad7fc4b2cb26228295f6364c32b834bfadaef79669d1f5
Status: Downloaded newer image for ocaml/opam@sha256:488fec4990a01d7738ad7fc4b2cb26228295f6364c32b834bfadaef79669d1f5
[01;2m[01;35m2024-11-08 13:30.11 ---> saved as "9d330659d202f3362a88b305a03eceae6664a8ea5850fa034f1da7470267e59b"[0m

[01;34m/: (user (uid 1000) (gid 1000))[0m

[01;34m/: (workdir /home/opam)[0m

[01;34m/home/opam: (run (shell "sudo ln -f /usr/bin/opam-2.1 /usr/bin/opam"))[0m
[01;2m[01;35m2024-11-08 13:30.11 ---> saved as "5f61324ab3e9b2c05a5c2baa62338eecbf94c58951692584f0a8a5aa0fe09682"[0m

[01;34m/home/opam: (run (network host)
                 (shell "opam init --reinit --config .opamrc-sandbox -ni"))[0m
Configuring from /home/opam/.opamrc-sandbox, then /home/opam/.opamrc, and finally from built-in defaults.
Checking for available remotes: rsync and local, git.
  - you won't be able to use mercurial repositories unless you install the hg command on your system.
  - you won't be able to use darcs repositories unless you install the darcs command on your system.

This development version of opam requires an update to the layout of /home/opam/.opam from version 2.0 to version 2.1, which can't be reverted.
You may want to back it up before going further.

Continue? [Y/n] y
Format upgrade done.

<><> Updating repositories ><><><><><><><><><><><><><><><><><><><><><><><><><><>
[default] synchronised from file:///home/opam/opam-repository
[01;2m[01;35m2024-11-08 13:31.49 ---> saved as "d419f80fac2ae94936b5fb5ea41de7cba91c3ad70d1a240a0ce2fffc1d92d0ee"[0m

[01;34m/home/opam: (run (shell "uname -rs && opam exec -- ocaml -version && opam --version"))[0m
Linux 5.15.0-122-generic
The OCaml toplevel, version 5.2.0
2.1.6
[01;2m[01;35m2024-11-08 13:31.49 ---> saved as "192e83662e5a06760fa88b2959e8a0585f3f1a2bd0088555ce20df5c24b6292a"[0m

[01;34m/home/opam: (env OPAMDOWNLOADJOBS 1)[0m

[01;34m/home/opam: (env OPAMERRLOGLEN 0)[0m

[01;34m/home/opam: (env OPAMSOLVERTIMEOUT 1000)[0m

[01;34m/home/opam: (env OPAMPRECISETRACKING 1)[0m

[01;34m/home/opam: (env CI true)[0m

[01;34m/home/opam: (env OPAM_REPO_CI true)[0m

[01;34m/home/opam: (run (shell "rm -rf opam-repository/"))[0m
[01;2m[01;35m2024-11-08 13:32.08 ---> saved as "a5186949257a6dc2e9019980c8af808ed44df83e39ec50574539e557518fc5ad"[0m

[01;34m/home/opam: (copy (src .) (dst opam-repository/))[0m
[01;2m[01;35m2024-11-08 13:32.22 ---> saved as "e14ba59260d37ac3a6b166138acca915a64751444d6c8573d99b6cf86f392886"[0m

[01;34m/home/opam: (run (shell "opam repository set-url --strict default opam-repository/"))[0m
[default] Initialised
[01;2m[01;35m2024-11-08 13:32.46 ---> saved as "0a38ac61192a6e733936b820e793bf61c9ceeeef6ee8b3c1443df6a65ddc0039"[0m

[01;34m/home/opam: (run (network host)
                 (shell "opam update --depexts || true"))[0m
+ /usr/bin/sudo "apt-get" "update"
- Hit:1 http://deb.debian.org/debian bookworm InRelease
- Get:2 http://deb.debian.org/debian bookworm-updates InRelease [55.4 kB]
- Get:3 http://deb.debian.org/debian-security bookworm-security InRelease [48.0 kB]
- Get:4 http://deb.debian.org/debian-security bookworm-security/main amd64 Packages [190 kB]
- Fetched 293 kB in 0s (1070 kB/s)
- Reading package lists...
[01;2m[01;35m2024-11-08 13:32.47 ---> saved as "9d9cf95a532b1b9e6866c6ed5e76f9ec1099149dfd382aab5d9befeda6c867b7"[0m

[01;34m/home/opam: (run (shell "opam pin add -k version -yn eliom.11.1.0 11.1.0"))[0m
eliom is now pinned to version 11.1.0
[01;2m[01;35m2024-11-08 13:32.48 ---> saved as "ff1bdeca501126b94031cb9f0e345f4c62c68da672ada07ead3464d32c122ef9"[0m

[01;34m/home/opam: (run (cache (opam-archives (target /home/opam/.opam/download-cache)))
                 (network host)
                 (shell  "opam reinstall eliom.11.1.0;\
                        \n        res=$?;\
                        \n        test \"$res\" != 31 && exit \"$res\";\
                        \n        export OPAMCLI=2.0;\
                        \n        build_dir=$(opam var prefix)/.opam-switch/build;\
                        \n        failed=$(ls \"$build_dir\");\
                        \n        partial_fails=\"\";\
                        \n        for pkg in $failed; do\
                        \n          if opam show -f x-ci-accept-failures: \"$pkg\" | grep -qF \"\\\"debian-12\\\"\"; then\
                        \n            echo \"A package failed and has been disabled for CI using the 'x-ci-accept-failures' field.\";\
                        \n          fi;\
                        \n          test \"$pkg\" != 'eliom.11.1.0' && partial_fails=\"$partial_fails $pkg\";\
                        \n        done;\
                        \n        test \"${partial_fails}\" != \"\" && echo \"opam-repo-ci detected dependencies failing: ${partial_fails}\";\
                        \n        exit 1"))[0m
eliom.11.1.0 is not installed. Install it? [Y/n] y
[ERROR] Sorry, resolution of the request timed out.
        Try to specify a more precise request, use a different solver, or increase the allowed time by setting OPAMSOLVERTIMEOUT to a bigger value (currently, it is set to 1000.0 seconds).
"/usr/bin/env" "bash" "-c" "opam reinstall eliom.11.1.0;
        res=$?;
        test "$res" != 31 && exit "$res";
        export OPAMCLI=2.0;
        build_dir=$(opam var prefix)/.opam-switch/build;
        failed=$(ls "$build_dir");
        partial_fails="";
        for pkg in $failed; do
          if opam show -f x-ci-accept-failures: "$pkg" | grep -qF "\"debian-12\""; then
            echo "A package failed and has been disabled for CI using the 'x-ci-accept-failures' field.";
          fi;
          test "$pkg" != 'eliom.11.1.0' && partial_fails="$partial_fails $pkg";
        done;
        test "${partial_fails}" != "" && echo "opam-repo-ci detected dependencies failing: ${partial_fails}";
        exit 1" failed with exit status 60
2024-11-08 13:50.07: Job failed: Failed: Build failed
2024-11-08 13:50.07: Log analysis:
2024-11-08 13:50.07: >>> 
[ERROR] Sorry, resolution of the request timed out.
 (score = 20)
2024-11-08 13:50.07: Sorry, resolution of the request timed out.
