2024-05-24 22:44.45: New job: test opentelemetry-lwt.0.2 with dune.3.15.3, using opam dev
                              from https://github.com/ocaml/opam-repository.git#refs/pull/25931/head (1c7ec1efdedc0a230f387bd65706ef364627fdd0)
                              on debian-12-ocaml-5.2/amd64

To reproduce locally:

cd $(mktemp -d)
git clone --recursive "https://github.com/ocaml/opam-repository.git" && cd "opam-repository" && git fetch origin "refs/pull/25931/head" && git reset --hard 1c7ec1ef
git fetch origin master
git merge --no-edit 6ed19e325e5016a43606d8073ca73998f9ebf68f
cat > ../Dockerfile <<'END-OF-DOCKERFILE'
[34mFROM ocaml/opam:debian-12-ocaml-5.2@sha256:72f1ad6870043a5ae18793a383a4ff59bb1304a5fd68e210fb2ad0f70c9ca660
USER 1000:1000
WORKDIR /home/opam
RUN sudo ln -f /usr/bin/opam-dev /usr/bin/opam
RUN opam init --reinit -ni
RUN uname -rs && opam exec -- ocaml -version && opam --version
ENV OPAMDOWNLOADJOBS="1"
ENV OPAMERRLOGLEN="0"
ENV OPAMSOLVERTIMEOUT="500"
ENV OPAMPRECISETRACKING="1"
ENV CI="true"
ENV OPAM_REPO_CI="true"
RUN rm -rf opam-repository/
COPY --chown=1000:1000 . opam-repository/
RUN opam repository set-url --strict default opam-repository/
RUN opam update --depexts || true
RUN opam pin add -k version -yn dune.3.15.3 3.15.3
RUN opam reinstall dune.3.15.3; \
    res=$?; \
    test "$res" != 31 && exit "$res"; \
    export OPAMCLI=2.0; \
    build_dir=$(opam var prefix)/.opam-switch/build; \
    failed=$(ls "$build_dir"); \
    partial_fails=""; \
    for pkg in $failed; do \
    if opam show -f x-ci-accept-failures: "$pkg" | grep -qF "\"debian-12\""; then \
    echo "A package failed and has been disabled for CI using the 'x-ci-accept-failures' field."; \
    fi; \
    test "$pkg" != 'dune.3.15.3' && partial_fails="$partial_fails $pkg"; \
    done; \
    test "${partial_fails}" != "" && echo "opam-repo-ci detected dependencies failing: ${partial_fails}"; \
    exit 1
RUN opam reinstall opentelemetry-lwt.0.2; \
    res=$?; \
    test "$res" != 31 && exit "$res"; \
    export OPAMCLI=2.0; \
    build_dir=$(opam var prefix)/.opam-switch/build; \
    failed=$(ls "$build_dir"); \
    partial_fails=""; \
    for pkg in $failed; do \
    if opam show -f x-ci-accept-failures: "$pkg" | grep -qF "\"debian-12\""; then \
    echo "A package failed and has been disabled for CI using the 'x-ci-accept-failures' field."; \
    fi; \
    test "$pkg" != 'opentelemetry-lwt.0.2' && partial_fails="$partial_fails $pkg"; \
    done; \
    test "${partial_fails}" != "" && echo "opam-repo-ci detected dependencies failing: ${partial_fails}"; \
    exit 1
RUN (opam reinstall --with-test opentelemetry-lwt.0.2) || true
RUN opam reinstall --with-test --verbose opentelemetry-lwt.0.2; \
    res=$?; \
    test "$res" != 31 && exit "$res"; \
    export OPAMCLI=2.0; \
    build_dir=$(opam var prefix)/.opam-switch/build; \
    failed=$(ls "$build_dir"); \
    partial_fails=""; \
    for pkg in $failed; do \
    if opam show -f x-ci-accept-failures: "$pkg" | grep -qF "\"debian-12\""; then \
    echo "A package failed and has been disabled for CI using the 'x-ci-accept-failures' field."; \
    fi; \
    test "$pkg" != 'opentelemetry-lwt.0.2' && partial_fails="$partial_fails $pkg"; \
    done; \
    test "${partial_fails}" != "" && echo "opam-repo-ci detected dependencies failing: ${partial_fails}"; \
    exit 1
[0m
END-OF-DOCKERFILE
docker build -f ../Dockerfile .

2024-05-24 22:44.45: Using cache hint "ocaml/opam:debian-12-ocaml-5.2@sha256:72f1ad6870043a5ae18793a383a4ff59bb1304a5fd68e210fb2ad0f70c9ca660-dune.3.15.3-opentelemetry-lwt.0.2-1c7ec1efdedc0a230f387bd65706ef364627fdd0"
2024-05-24 22:44.45: Using OBuilder spec:
((from ocaml/opam:debian-12-ocaml-5.2@sha256:72f1ad6870043a5ae18793a383a4ff59bb1304a5fd68e210fb2ad0f70c9ca660)
 (user (uid 1000) (gid 1000))
 (workdir /home/opam)
 (run (shell "sudo ln -f /usr/bin/opam-dev /usr/bin/opam"))
 (run (network host)
      (shell "opam init --reinit --config .opamrc-sandbox -ni"))
 (run (shell "uname -rs && opam exec -- ocaml -version && opam --version"))
 (env OPAMDOWNLOADJOBS 1)
 (env OPAMERRLOGLEN 0)
 (env OPAMSOLVERTIMEOUT 500)
 (env OPAMPRECISETRACKING 1)
 (env CI true)
 (env OPAM_REPO_CI true)
 (run (shell "rm -rf opam-repository/"))
 (copy (src .) (dst opam-repository/))
 (run (shell "opam repository set-url --strict default opam-repository/"))
 (run (network host)
      (shell "opam update --depexts || true"))
 (run (shell "opam pin add -k version -yn dune.3.15.3 3.15.3"))
 (run (cache (opam-archives (target /home/opam/.opam/download-cache)))
      (network host)
      (shell  "opam reinstall dune.3.15.3;\
             \n        res=$?;\
             \n        test \"$res\" != 31 && exit \"$res\";\
             \n        export OPAMCLI=2.0;\
             \n        build_dir=$(opam var prefix)/.opam-switch/build;\
             \n        failed=$(ls \"$build_dir\");\
             \n        partial_fails=\"\";\
             \n        for pkg in $failed; do\
             \n          if opam show -f x-ci-accept-failures: \"$pkg\" | grep -qF \"\\\"debian-12\\\"\"; then\
             \n            echo \"A package failed and has been disabled for CI using the 'x-ci-accept-failures' field.\";\
             \n          fi;\
             \n          test \"$pkg\" != 'dune.3.15.3' && partial_fails=\"$partial_fails $pkg\";\
             \n        done;\
             \n        test \"${partial_fails}\" != \"\" && echo \"opam-repo-ci detected dependencies failing: ${partial_fails}\";\
             \n        exit 1"))
 (run (cache (opam-archives (target /home/opam/.opam/download-cache)))
      (network host)
      (shell  "opam reinstall opentelemetry-lwt.0.2;\
             \n        res=$?;\
             \n        test \"$res\" != 31 && exit \"$res\";\
             \n        export OPAMCLI=2.0;\
             \n        build_dir=$(opam var prefix)/.opam-switch/build;\
             \n        failed=$(ls \"$build_dir\");\
             \n        partial_fails=\"\";\
             \n        for pkg in $failed; do\
             \n          if opam show -f x-ci-accept-failures: \"$pkg\" | grep -qF \"\\\"debian-12\\\"\"; then\
             \n            echo \"A package failed and has been disabled for CI using the 'x-ci-accept-failures' field.\";\
             \n          fi;\
             \n          test \"$pkg\" != 'opentelemetry-lwt.0.2' && partial_fails=\"$partial_fails $pkg\";\
             \n        done;\
             \n        test \"${partial_fails}\" != \"\" && echo \"opam-repo-ci detected dependencies failing: ${partial_fails}\";\
             \n        exit 1"))
 (run (network host)
      (shell "(opam reinstall --with-test opentelemetry-lwt.0.2) || true"))
 (run (shell  "opam reinstall --with-test --verbose opentelemetry-lwt.0.2;\
             \n        res=$?;\
             \n        test \"$res\" != 31 && exit \"$res\";\
             \n        export OPAMCLI=2.0;\
             \n        build_dir=$(opam var prefix)/.opam-switch/build;\
             \n        failed=$(ls \"$build_dir\");\
             \n        partial_fails=\"\";\
             \n        for pkg in $failed; do\
             \n          if opam show -f x-ci-accept-failures: \"$pkg\" | grep -qF \"\\\"debian-12\\\"\"; then\
             \n            echo \"A package failed and has been disabled for CI using the 'x-ci-accept-failures' field.\";\
             \n          fi;\
             \n          test \"$pkg\" != 'opentelemetry-lwt.0.2' && partial_fails=\"$partial_fails $pkg\";\
             \n        done;\
             \n        test \"${partial_fails}\" != \"\" && echo \"opam-repo-ci detected dependencies failing: ${partial_fails}\";\
             \n        exit 1"))
)

2024-05-24 22:44.45: Waiting for resource in pool OCluster
2024-05-25 06:12.42: Waiting for worker…
2024-05-25 06:14.56: Got resource from pool OCluster
Building on doris.caelum.ci.dev
All commits already cached
HEAD is now at 6ed19e325e Merge pull request #25878 from raphael-proust/alt-ergo-not-bytecode-only
Updating 6ed19e325e..1c7ec1efde
Fast-forward
 packages/chrome-trace/chrome-trace.3.15.3/opam     | 40 +++++++++++++++
 .../dune-action-plugin.3.15.3/opam                 | 53 ++++++++++++++++++++
 .../dune-build-info/dune-build-info.3.15.3/opam    | 46 +++++++++++++++++
 .../dune-configurator.3.15.3/opam                  | 50 +++++++++++++++++++
 packages/dune-glob/dune-glob.3.15.3/opam           | 43 ++++++++++++++++
 .../dune-private-libs.3.15.3/opam                  | 51 +++++++++++++++++++
 packages/dune-rpc-lwt/dune-rpc-lwt.3.15.3/opam     | 42 ++++++++++++++++
 packages/dune-rpc/dune-rpc.3.15.3/opam             | 44 +++++++++++++++++
 packages/dune-site/dune-site.3.15.3/opam           | 38 +++++++++++++++
 packages/dune/dune.3.15.3/opam                     | 57 ++++++++++++++++++++++
 packages/dyn/dyn.3.15.3/opam                       | 41 ++++++++++++++++
 packages/ocamlc-loc/ocamlc-loc.3.15.3/opam         | 44 +++++++++++++++++
 packages/ordering/ordering.3.15.3/opam             | 39 +++++++++++++++
 packages/stdune/stdune.3.15.3/opam                 | 45 +++++++++++++++++
 packages/xdg/xdg.3.15.3/opam                       | 40 +++++++++++++++
 15 files changed, 673 insertions(+)
 create mode 100644 packages/chrome-trace/chrome-trace.3.15.3/opam
 create mode 100644 packages/dune-action-plugin/dune-action-plugin.3.15.3/opam
 create mode 100644 packages/dune-build-info/dune-build-info.3.15.3/opam
 create mode 100644 packages/dune-configurator/dune-configurator.3.15.3/opam
 create mode 100644 packages/dune-glob/dune-glob.3.15.3/opam
 create mode 100644 packages/dune-private-libs/dune-private-libs.3.15.3/opam
 create mode 100644 packages/dune-rpc-lwt/dune-rpc-lwt.3.15.3/opam
 create mode 100644 packages/dune-rpc/dune-rpc.3.15.3/opam
 create mode 100644 packages/dune-site/dune-site.3.15.3/opam
 create mode 100644 packages/dune/dune.3.15.3/opam
 create mode 100644 packages/dyn/dyn.3.15.3/opam
 create mode 100644 packages/ocamlc-loc/ocamlc-loc.3.15.3/opam
 create mode 100644 packages/ordering/ordering.3.15.3/opam
 create mode 100644 packages/stdune/stdune.3.15.3/opam
 create mode 100644 packages/xdg/xdg.3.15.3/opam

[01;34m(from ocaml/opam:debian-12-ocaml-5.2@sha256:72f1ad6870043a5ae18793a383a4ff59bb1304a5fd68e210fb2ad0f70c9ca660)[0m
[01;2m[01;35m2024-05-25 06:17.07 ---> using "efa95ef99b8aa7297e2241765c861437c10bd642b9ced42ffa5c9ae1ca4d3cd4" from cache[0m

[01;34m/: (user (uid 1000) (gid 1000))[0m

[01;34m/: (workdir /home/opam)[0m

[01;34m/home/opam: (run (shell "sudo ln -f /usr/bin/opam-dev /usr/bin/opam"))[0m
[01;2m[01;35m2024-05-25 06:17.07 ---> using "b6dbda34a7bfbcecaf53ce1b27c917a02ba1365f9ab5ff30009298f2795440d8" from cache[0m

[01;34m/home/opam: (run (network host)
                 (shell "opam init --reinit --config .opamrc-sandbox -ni"))[0m
Configuring from /home/opam/.opamrc-sandbox, then /home/opam/.opamrc, and finally from built-in defaults.
Checking for available remotes: rsync and local, git.
  - you won't be able to use mercurial repositories unless you install the hg command on your system.
  - you won't be able to use darcs repositories unless you install the darcs command on your system.

This development version of opam requires an update to the layout of /home/opam/.opam from version 2.0 to version 2.2~beta, which can't be reverted.
You may want to back it up before going further.

Continue? [y/n] y
[NOTE] The 'jobs' option was reset, its value was 39 and its new value will vary according to the current number of cores on your machine. You can restore the fixed value using:
           opam option jobs=39 --global
Format upgrade done.

<><> Updating repositories ><><><><><><><><><><><><><><><><><><><><><><><><><><>
[default] synchronised from file:///home/opam/opam-repository
[01;2m[01;35m2024-05-25 06:17.07 ---> using "1a46b5946bd34bae7665d9ed7d1d23bd8a329e773fa0be7155a01e62ab9e321a" from cache[0m

[01;34m/home/opam: (run (shell "uname -rs && opam exec -- ocaml -version && opam --version"))[0m
Linux 5.15.0-107-generic
The OCaml toplevel, version 5.2.0
2.2.0~beta3~dev
[01;2m[01;35m2024-05-25 06:17.07 ---> using "76877ae6d785523c964b243ac3c5d087180476e800b019bcb4da5c9aed151e42" from cache[0m

[01;34m/home/opam: (env OPAMDOWNLOADJOBS 1)[0m

[01;34m/home/opam: (env OPAMERRLOGLEN 0)[0m

[01;34m/home/opam: (env OPAMSOLVERTIMEOUT 500)[0m

[01;34m/home/opam: (env OPAMPRECISETRACKING 1)[0m

[01;34m/home/opam: (env CI true)[0m

[01;34m/home/opam: (env OPAM_REPO_CI true)[0m

[01;34m/home/opam: (run (shell "rm -rf opam-repository/"))[0m
[01;2m[01;35m2024-05-25 06:17.07 ---> using "3093426f5da81095a517ddbff1096a0c19f6484b67f5dc6142e7833fde7f8417" from cache[0m

[01;34m/home/opam: (copy (src .) (dst opam-repository/))[0m
[01;2m[01;35m2024-05-25 06:17.08 ---> using "2a385722b7195468db347cab4e9fd144e370fea300749287cb17e1924bc631d7" from cache[0m

[01;34m/home/opam: (run (shell "opam repository set-url --strict default opam-repository/"))[0m
[default] Initialised
[01;2m[01;35m2024-05-25 06:17.08 ---> using "651c387927c0cd666c478e49a25ba65b571038973f84740d046b3ef983a1e5ff" from cache[0m

[01;34m/home/opam: (run (network host)
                 (shell "opam update --depexts || true"))[0m
+ /usr/bin/sudo "apt-get" "update"
- Hit:1 http://deb.debian.org/debian bookworm InRelease
- Get:2 http://deb.debian.org/debian bookworm-updates InRelease [55.4 kB]
- Get:3 http://deb.debian.org/debian-security bookworm-security InRelease [48.0 kB]
- Get:4 http://deb.debian.org/debian-security bookworm-security/main amd64 Packages [157 kB]
- Fetched 260 kB in 0s (971 kB/s)
- Reading package lists...
[01;2m[01;35m2024-05-25 06:17.08 ---> using "b5e3927ba46bb858a09fea1838a6a6bc3b43030ebafe41710a20ef80cc05a9e0" from cache[0m

[01;34m/home/opam: (run (shell "opam pin add -k version -yn dune.3.15.3 3.15.3"))[0m
dune is now pinned to version 3.15.3
[01;2m[01;35m2024-05-25 06:17.08 ---> using "b51af048096ae1d322c0f7d919efaeb461af1a9807619a997d31459974f0ab18" from cache[0m

[01;34m/home/opam: (run (cache (opam-archives (target /home/opam/.opam/download-cache)))
                 (network host)
                 (shell  "opam reinstall dune.3.15.3;\
                        \n        res=$?;\
                        \n        test \"$res\" != 31 && exit \"$res\";\
                        \n        export OPAMCLI=2.0;\
                        \n        build_dir=$(opam var prefix)/.opam-switch/build;\
                        \n        failed=$(ls \"$build_dir\");\
                        \n        partial_fails=\"\";\
                        \n        for pkg in $failed; do\
                        \n          if opam show -f x-ci-accept-failures: \"$pkg\" | grep -qF \"\\\"debian-12\\\"\"; then\
                        \n            echo \"A package failed and has been disabled for CI using the 'x-ci-accept-failures' field.\";\
                        \n          fi;\
                        \n          test \"$pkg\" != 'dune.3.15.3' && partial_fails=\"$partial_fails $pkg\";\
                        \n        done;\
                        \n        test \"${partial_fails}\" != \"\" && echo \"opam-repo-ci detected dependencies failing: ${partial_fails}\";\
                        \n        exit 1"))[0m
dune.3.15.3 is not installed. Install it? [y/n] y
The following actions will be performed:
=== install 1 package
  - install dune 3.15.3 (pinned)

<><> Processing actions <><><><><><><><><><><><><><><><><><><><><><><><><><><><>
-> retrieved dune.3.15.3  (cached)
-> installed dune.3.15.3
Done.
# Run eval $(opam env) to update the current shell environment
[01;2m[01;35m2024-05-25 06:17.08 ---> using "8458df44f2c33d8804869b779db40357e7fa8d221e8e895a91054eead72ba3d4" from cache[0m

[01;34m/home/opam: (run (cache (opam-archives (target /home/opam/.opam/download-cache)))
                 (network host)
                 (shell  "opam reinstall opentelemetry-lwt.0.2;\
                        \n        res=$?;\
                        \n        test \"$res\" != 31 && exit \"$res\";\
                        \n        export OPAMCLI=2.0;\
                        \n        build_dir=$(opam var prefix)/.opam-switch/build;\
                        \n        failed=$(ls \"$build_dir\");\
                        \n        partial_fails=\"\";\
                        \n        for pkg in $failed; do\
                        \n          if opam show -f x-ci-accept-failures: \"$pkg\" | grep -qF \"\\\"debian-12\\\"\"; then\
                        \n            echo \"A package failed and has been disabled for CI using the 'x-ci-accept-failures' field.\";\
                        \n          fi;\
                        \n          test \"$pkg\" != 'opentelemetry-lwt.0.2' && partial_fails=\"$partial_fails $pkg\";\
                        \n        done;\
                        \n        test \"${partial_fails}\" != \"\" && echo \"opam-repo-ci detected dependencies failing: ${partial_fails}\";\
                        \n        exit 1"))[0m
opentelemetry-lwt.0.2 is not installed. Install it? [y/n] y
The following actions will be performed:
=== install 15 packages
  - install base-bytes        base   [required by ocplib-endian]
  - install cppo              1.6.9  [required by lwt]
  - install csexp             1.5.2  [required by dune-configurator]
  - install dune-configurator 3.15.3 [required by lwt]
  - install lwt               5.7.0  [required by opentelemetry-lwt]
  - install ocaml-protoc      2.4    [required by opentelemetry]
  - install ocamlbuild        0.14.3 [required by ptime]
  - install ocamlfind         1.9.6  [required by ptime]
  - install ocplib-endian     1.2    [required by lwt]
  - install opentelemetry     0.2    [required by opentelemetry-lwt]
  - install opentelemetry-lwt 0.2
  - install pbrt              2.4    [required by opentelemetry]
  - install ptime             1.1.0  [required by opentelemetry]
  - install stdlib-shims      0.3.0  [required by ocaml-protoc]
  - install topkg             1.0.7  [required by ptime]

<><> Processing actions <><><><><><><><><><><><><><><><><><><><><><><><><><><><>
-> retrieved cppo.1.6.9  (cached)
-> retrieved csexp.1.5.2  (cached)
-> installed csexp.1.5.2
-> retrieved dune-configurator.3.15.3  (cached)
-> installed cppo.1.6.9
-> retrieved lwt.5.7.0  (cached)
-> retrieved ocaml-protoc.2.4, pbrt.2.4  (cached)
-> retrieved ocamlbuild.0.14.3  (cached)
-> retrieved ocamlfind.1.9.6  (cached)
-> retrieved ocplib-endian.1.2  (cached)
-> retrieved opentelemetry.0.2, opentelemetry-lwt.0.2  (cached)
-> retrieved ptime.1.1.0  (cached)
-> retrieved stdlib-shims.0.3.0  (cached)
-> retrieved topkg.1.0.7  (cached)
-> installed stdlib-shims.0.3.0
-> installed pbrt.2.4
-> installed dune-configurator.3.15.3
-> installed ocaml-protoc.2.4
-> installed ocamlfind.1.9.6
-> installed base-bytes.base
-> installed ocplib-endian.1.2
-> installed ocamlbuild.0.14.3
-> installed lwt.5.7.0
-> installed topkg.1.0.7
-> installed ptime.1.1.0
-> installed opentelemetry.0.2
-> installed opentelemetry-lwt.0.2
Done.

<><> pbrt.2.4 installed successfully ><><><><><><><><><><><><><><><><><><><><><>
=> Pbrt: runtime library for ocaml-protoc.

   A shim library named "ocaml-protoc" still exists, to ease the
   migration.

<><> ocaml-protoc.2.4 installed successfully ><><><><><><><><><><><><><><><><><>
=> The runtime library is now called "pbrt".
# Run eval $(opam env) to update the current shell environment
[01;2m[01;35m2024-05-25 06:17.31 ---> saved as "336fffd613e3c4b0192af9c5d566f42d6235911a229139c5dd364fc274efb3a5"[0m

[01;34m/home/opam: (run (network host)
                 (shell "(opam reinstall --with-test opentelemetry-lwt.0.2) || true"))[0m
[ERROR] Sorry, resolution of the request timed out.
        Try to specify a more precise request, use a different solver, or increase the allowed time by setting OPAMSOLVERTIMEOUT to a bigger value (currently, it is set to 500.0 seconds).
[01;2m[01;35m2024-05-25 06:26.00 ---> saved as "61d088702666e1d1c9a3a6b6dd171fa06bb21603cd2a38be66551f81729e4aae"[0m

[01;34m/home/opam: (run (shell  "opam reinstall --with-test --verbose opentelemetry-lwt.0.2;\
                        \n        res=$?;\
                        \n        test \"$res\" != 31 && exit \"$res\";\
                        \n        export OPAMCLI=2.0;\
                        \n        build_dir=$(opam var prefix)/.opam-switch/build;\
                        \n        failed=$(ls \"$build_dir\");\
                        \n        partial_fails=\"\";\
                        \n        for pkg in $failed; do\
                        \n          if opam show -f x-ci-accept-failures: \"$pkg\" | grep -qF \"\\\"debian-12\\\"\"; then\
                        \n            echo \"A package failed and has been disabled for CI using the 'x-ci-accept-failures' field.\";\
                        \n          fi;\
                        \n          test \"$pkg\" != 'opentelemetry-lwt.0.2' && partial_fails=\"$partial_fails $pkg\";\
                        \n        done;\
                        \n        test \"${partial_fails}\" != \"\" && echo \"opam-repo-ci detected dependencies failing: ${partial_fails}\";\
                        \n        exit 1"))[0m
[ERROR] Sorry, resolution of the request timed out.
        Try to specify a more precise request, use a different solver, or increase the allowed time by setting OPAMSOLVERTIMEOUT to a bigger value (currently, it is set to 500.0 seconds).
'opam reinstall --with-test --verbose opentelemetry-lwt.0.2' failed.
"/usr/bin/env" "bash" "-c" "opam reinstall --with-test --verbose opentelemetry-lwt.0.2;
        res=$?;
        test "$res" != 31 && exit "$res";
        export OPAMCLI=2.0;
        build_dir=$(opam var prefix)/.opam-switch/build;
        failed=$(ls "$build_dir");
        partial_fails="";
        for pkg in $failed; do
          if opam show -f x-ci-accept-failures: "$pkg" | grep -qF "\"debian-12\""; then
            echo "A package failed and has been disabled for CI using the 'x-ci-accept-failures' field.";
          fi;
          test "$pkg" != 'opentelemetry-lwt.0.2' && partial_fails="$partial_fails $pkg";
        done;
        test "${partial_fails}" != "" && echo "opam-repo-ci detected dependencies failing: ${partial_fails}";
        exit 1" failed with exit status 60
2024-05-25 06:34.42: Job failed: Failed: Build failed
2024-05-25 06:34.42: Log analysis:
2024-05-25 06:34.42: >>> 
[ERROR] Sorry, resolution of the request timed out.
 (score = 20)
2024-05-25 06:34.42: >>> 
[ERROR] Sorry, resolution of the request timed out.
 (score = 20)
2024-05-25 06:34.42: Sorry, resolution of the request timed out.
