2024-01-05 13:21.14: New job: test irmin-containers.2.6.0 with http.6.0.0~beta2, using opam dev
                              from https://github.com/ocaml/opam-repository.git#refs/pull/25034/head (71356b4b87cd387023e87e0eaf20b61c183c97b8)
                              on debian-12-ocaml-4.14/amd64

To reproduce locally:

cd $(mktemp -d)
git clone --recursive "https://github.com/ocaml/opam-repository.git" && cd "opam-repository" && git fetch origin "refs/pull/25034/head" && git reset --hard 71356b4b
git fetch origin master
git merge --no-edit cbef5a5f6021e22273d68a59b37ba23ef2063222
cat > ../Dockerfile <<'END-OF-DOCKERFILE'
[34mFROM ocaml/opam:debian-12-ocaml-4.14@sha256:c4c938d3d297ad03994dd8def49ed6083d93a23e808296dd9b5e4d0057c69a56
USER 1000:1000
WORKDIR /home/opam
RUN sudo ln -f /usr/bin/opam-dev /usr/bin/opam
RUN opam init --reinit -ni
ENV OPAMDOWNLOADJOBS="1"
ENV OPAMERRLOGLEN="0"
ENV OPAMSOLVERTIMEOUT="500"
ENV OPAMPRECISETRACKING="1"
ENV CI="true"
ENV OPAM_REPO_CI="true"
RUN rm -rf opam-repository/
COPY --chown=1000:1000 . opam-repository/
RUN opam repository set-url --strict default opam-repository/
RUN opam update --depexts || true
ENV OPAMCRITERIA="-removed,-count[avoid-version,changed],-count[version-lag,request],-count[version-lag,changed],-count[missing-depexts,changed],-changed"
ENV OPAMFIXUPCRITERIA="-removed,-count[avoid-version,changed],-count[version-lag,request],-count[version-lag,changed],-count[missing-depexts,changed],-changed"
ENV OPAMUPGRADECRITERIA="-removed,-count[avoid-version,changed],-count[version-lag,request],-count[version-lag,changed],-count[missing-depexts,changed],-changed"
RUN opam pin add -k version -yn http.6.0.0~beta2 6.0.0~beta2
RUN opam reinstall http.6.0.0~beta2; \
    res=$?; \
    test "$res" != 31 && exit "$res"; \
    export OPAMCLI=2.0; \
    build_dir=$(opam var prefix)/.opam-switch/build; \
    failed=$(ls "$build_dir"); \
    partial_fails=""; \
    for pkg in $failed; do \
    if opam show -f x-ci-accept-failures: "$pkg" | grep -qF "\"debian-12\""; then \
    echo "A package failed and has been disabled for CI using the 'x-ci-accept-failures' field."; \
    fi; \
    test "$pkg" != 'http.6.0.0~beta2' && partial_fails="$partial_fails $pkg"; \
    done; \
    test "${partial_fails}" != "" && echo "opam-repo-ci detected dependencies failing: ${partial_fails}"; \
    exit 1
ENV OPAMCRITERIA="-removed,-count[avoid-version,changed],-count[version-lag,request],-count[version-lag,changed],-count[missing-depexts,changed],-changed"
ENV OPAMFIXUPCRITERIA="-removed,-count[avoid-version,changed],-count[version-lag,request],-count[version-lag,changed],-count[missing-depexts,changed],-changed"
ENV OPAMUPGRADECRITERIA="-removed,-count[avoid-version,changed],-count[version-lag,request],-count[version-lag,changed],-count[missing-depexts,changed],-changed"
RUN opam reinstall irmin-containers.2.6.0; \
    res=$?; \
    test "$res" != 31 && exit "$res"; \
    export OPAMCLI=2.0; \
    build_dir=$(opam var prefix)/.opam-switch/build; \
    failed=$(ls "$build_dir"); \
    partial_fails=""; \
    for pkg in $failed; do \
    if opam show -f x-ci-accept-failures: "$pkg" | grep -qF "\"debian-12\""; then \
    echo "A package failed and has been disabled for CI using the 'x-ci-accept-failures' field."; \
    fi; \
    test "$pkg" != 'irmin-containers.2.6.0' && partial_fails="$partial_fails $pkg"; \
    done; \
    test "${partial_fails}" != "" && echo "opam-repo-ci detected dependencies failing: ${partial_fails}"; \
    exit 1
ENV OPAMCRITERIA="-removed,-count[avoid-version,changed],-count[version-lag,request],-count[version-lag,changed],-count[missing-depexts,changed],-changed"
ENV OPAMFIXUPCRITERIA="-removed,-count[avoid-version,changed],-count[version-lag,request],-count[version-lag,changed],-count[missing-depexts,changed],-changed"
ENV OPAMUPGRADECRITERIA="-removed,-count[avoid-version,changed],-count[version-lag,request],-count[version-lag,changed],-count[missing-depexts,changed],-changed"
RUN (opam reinstall --with-test irmin-containers.2.6.0) || true
RUN opam reinstall --with-test --verbose irmin-containers.2.6.0; \
    res=$?; \
    test "$res" != 31 && exit "$res"; \
    export OPAMCLI=2.0; \
    build_dir=$(opam var prefix)/.opam-switch/build; \
    failed=$(ls "$build_dir"); \
    partial_fails=""; \
    for pkg in $failed; do \
    if opam show -f x-ci-accept-failures: "$pkg" | grep -qF "\"debian-12\""; then \
    echo "A package failed and has been disabled for CI using the 'x-ci-accept-failures' field."; \
    fi; \
    test "$pkg" != 'irmin-containers.2.6.0' && partial_fails="$partial_fails $pkg"; \
    done; \
    test "${partial_fails}" != "" && echo "opam-repo-ci detected dependencies failing: ${partial_fails}"; \
    exit 1
[0m
END-OF-DOCKERFILE
docker build -f ../Dockerfile .

2024-01-05 13:21.14: Using cache hint "ocaml/opam:debian-12-ocaml-4.14@sha256:c4c938d3d297ad03994dd8def49ed6083d93a23e808296dd9b5e4d0057c69a56-http.6.0.0~beta2-irmin-containers.2.6.0-71356b4b87cd387023e87e0eaf20b61c183c97b8"
2024-01-05 13:21.14: Using OBuilder spec:
((from ocaml/opam:debian-12-ocaml-4.14@sha256:c4c938d3d297ad03994dd8def49ed6083d93a23e808296dd9b5e4d0057c69a56)
 (user (uid 1000) (gid 1000))
 (workdir /home/opam)
 (run (shell "sudo ln -f /usr/bin/opam-dev /usr/bin/opam"))
 (run (network host)
      (shell "opam init --reinit --config .opamrc-sandbox -ni"))
 (env OPAMDOWNLOADJOBS 1)
 (env OPAMERRLOGLEN 0)
 (env OPAMSOLVERTIMEOUT 500)
 (env OPAMPRECISETRACKING 1)
 (env CI true)
 (env OPAM_REPO_CI true)
 (run (shell "rm -rf opam-repository/"))
 (copy (src .) (dst opam-repository/))
 (run (shell "opam repository set-url --strict default opam-repository/"))
 (run (network host)
      (shell "opam update --depexts || true"))
 (env OPAMCRITERIA -removed,-count[avoid-version,changed],-count[version-lag,request],-count[version-lag,changed],-count[missing-depexts,changed],-changed)
 (env OPAMFIXUPCRITERIA -removed,-count[avoid-version,changed],-count[version-lag,request],-count[version-lag,changed],-count[missing-depexts,changed],-changed)
 (env OPAMUPGRADECRITERIA -removed,-count[avoid-version,changed],-count[version-lag,request],-count[version-lag,changed],-count[missing-depexts,changed],-changed)
 (run (shell "opam pin add -k version -yn http.6.0.0~beta2 6.0.0~beta2"))
 (run (cache (opam-archives (target /home/opam/.opam/download-cache)))
      (network host)
      (shell  "opam reinstall http.6.0.0~beta2;\
             \n        res=$?;\
             \n        test \"$res\" != 31 && exit \"$res\";\
             \n        export OPAMCLI=2.0;\
             \n        build_dir=$(opam var prefix)/.opam-switch/build;\
             \n        failed=$(ls \"$build_dir\");\
             \n        partial_fails=\"\";\
             \n        for pkg in $failed; do\
             \n          if opam show -f x-ci-accept-failures: \"$pkg\" | grep -qF \"\\\"debian-12\\\"\"; then\
             \n            echo \"A package failed and has been disabled for CI using the 'x-ci-accept-failures' field.\";\
             \n          fi;\
             \n          test \"$pkg\" != 'http.6.0.0~beta2' && partial_fails=\"$partial_fails $pkg\";\
             \n        done;\
             \n        test \"${partial_fails}\" != \"\" && echo \"opam-repo-ci detected dependencies failing: ${partial_fails}\";\
             \n        exit 1"))
 (env OPAMCRITERIA -removed,-count[avoid-version,changed],-count[version-lag,request],-count[version-lag,changed],-count[missing-depexts,changed],-changed)
 (env OPAMFIXUPCRITERIA -removed,-count[avoid-version,changed],-count[version-lag,request],-count[version-lag,changed],-count[missing-depexts,changed],-changed)
 (env OPAMUPGRADECRITERIA -removed,-count[avoid-version,changed],-count[version-lag,request],-count[version-lag,changed],-count[missing-depexts,changed],-changed)
 (run (cache (opam-archives (target /home/opam/.opam/download-cache)))
      (network host)
      (shell  "opam reinstall irmin-containers.2.6.0;\
             \n        res=$?;\
             \n        test \"$res\" != 31 && exit \"$res\";\
             \n        export OPAMCLI=2.0;\
             \n        build_dir=$(opam var prefix)/.opam-switch/build;\
             \n        failed=$(ls \"$build_dir\");\
             \n        partial_fails=\"\";\
             \n        for pkg in $failed; do\
             \n          if opam show -f x-ci-accept-failures: \"$pkg\" | grep -qF \"\\\"debian-12\\\"\"; then\
             \n            echo \"A package failed and has been disabled for CI using the 'x-ci-accept-failures' field.\";\
             \n          fi;\
             \n          test \"$pkg\" != 'irmin-containers.2.6.0' && partial_fails=\"$partial_fails $pkg\";\
             \n        done;\
             \n        test \"${partial_fails}\" != \"\" && echo \"opam-repo-ci detected dependencies failing: ${partial_fails}\";\
             \n        exit 1"))
 (env OPAMCRITERIA -removed,-count[avoid-version,changed],-count[version-lag,request],-count[version-lag,changed],-count[missing-depexts,changed],-changed)
 (env OPAMFIXUPCRITERIA -removed,-count[avoid-version,changed],-count[version-lag,request],-count[version-lag,changed],-count[missing-depexts,changed],-changed)
 (env OPAMUPGRADECRITERIA -removed,-count[avoid-version,changed],-count[version-lag,request],-count[version-lag,changed],-count[missing-depexts,changed],-changed)
 (run (network host)
      (shell "(opam reinstall --with-test irmin-containers.2.6.0) || true"))
 (run (shell  "opam reinstall --with-test --verbose irmin-containers.2.6.0;\
             \n        res=$?;\
             \n        test \"$res\" != 31 && exit \"$res\";\
             \n        export OPAMCLI=2.0;\
             \n        build_dir=$(opam var prefix)/.opam-switch/build;\
             \n        failed=$(ls \"$build_dir\");\
             \n        partial_fails=\"\";\
             \n        for pkg in $failed; do\
             \n          if opam show -f x-ci-accept-failures: \"$pkg\" | grep -qF \"\\\"debian-12\\\"\"; then\
             \n            echo \"A package failed and has been disabled for CI using the 'x-ci-accept-failures' field.\";\
             \n          fi;\
             \n          test \"$pkg\" != 'irmin-containers.2.6.0' && partial_fails=\"$partial_fails $pkg\";\
             \n        done;\
             \n        test \"${partial_fails}\" != \"\" && echo \"opam-repo-ci detected dependencies failing: ${partial_fails}\";\
             \n        exit 1"))
)

2024-01-05 13:21.14: Waiting for resource in pool OCluster
2024-01-05 14:57.27: Waiting for worker…
2024-01-05 15:02.30: Got resource from pool OCluster
Building on doris.caelum.ci.dev
All commits already cached
Updating files:  84% (27638/32559)Updating files:  85% (27676/32559)Updating files:  86% (28001/32559)Updating files:  87% (28327/32559)Updating files:  88% (28652/32559)Updating files:  89% (28978/32559)Updating files:  90% (29304/32559)Updating files:  91% (29629/32559)Updating files:  92% (29955/32559)Updating files:  93% (30280/32559)Updating files:  94% (30606/32559)Updating files:  95% (30932/32559)Updating files:  96% (31257/32559)Updating files:  97% (31583/32559)Updating files:  98% (31908/32559)Updating files:  99% (32234/32559)Updating files: 100% (32559/32559)Updating files: 100% (32559/32559), done.
HEAD is now at cbef5a5f60 Merge pull request #25001 from lthms/release-spatial-shell-6
Updating cbef5a5f60..71356b4b87
Fast-forward
 .../cohttp-async/cohttp-async.6.0.0~beta2/opam     | 74 +++++++++++++++++++++
 .../cohttp-curl-async.6.0.0~beta2/opam             | 63 ++++++++++++++++++
 .../cohttp-curl-lwt.6.0.0~beta2/opam               | 63 ++++++++++++++++++
 packages/cohttp-curl/cohttp-curl.6.0.0~beta2/opam  | 52 +++++++++++++++
 packages/cohttp-eio/cohttp-eio.6.0.0~beta2/opam    | 62 ++++++++++++++++++
 .../cohttp-lwt-jsoo.6.0.0~beta2/opam               | 64 ++++++++++++++++++
 .../cohttp-lwt-unix.6.0.0~beta2/opam               | 71 ++++++++++++++++++++
 packages/cohttp-lwt/cohttp-lwt.6.0.0~beta2/opam    | 63 ++++++++++++++++++
 .../cohttp-mirage/cohttp-mirage.6.0.0~beta2/opam   | 71 ++++++++++++++++++++
 .../cohttp-server-lwt-unix.6.0.0~beta2/opam        | 58 +++++++++++++++++
 packages/cohttp-top/cohttp-top.6.0.0~beta2/opam    | 55 ++++++++++++++++
 packages/cohttp/cohttp.6.0.0~beta2/opam            | 76 ++++++++++++++++++++++
 packages/http/http.6.0.0~beta2/opam                | 59 +++++++++++++++++
 13 files changed, 831 insertions(+)
 create mode 100644 packages/cohttp-async/cohttp-async.6.0.0~beta2/opam
 create mode 100644 packages/cohttp-curl-async/cohttp-curl-async.6.0.0~beta2/opam
 create mode 100644 packages/cohttp-curl-lwt/cohttp-curl-lwt.6.0.0~beta2/opam
 create mode 100644 packages/cohttp-curl/cohttp-curl.6.0.0~beta2/opam
 create mode 100644 packages/cohttp-eio/cohttp-eio.6.0.0~beta2/opam
 create mode 100644 packages/cohttp-lwt-jsoo/cohttp-lwt-jsoo.6.0.0~beta2/opam
 create mode 100644 packages/cohttp-lwt-unix/cohttp-lwt-unix.6.0.0~beta2/opam
 create mode 100644 packages/cohttp-lwt/cohttp-lwt.6.0.0~beta2/opam
 create mode 100644 packages/cohttp-mirage/cohttp-mirage.6.0.0~beta2/opam
 create mode 100644 packages/cohttp-server-lwt-unix/cohttp-server-lwt-unix.6.0.0~beta2/opam
 create mode 100644 packages/cohttp-top/cohttp-top.6.0.0~beta2/opam
 create mode 100644 packages/cohttp/cohttp.6.0.0~beta2/opam
 create mode 100644 packages/http/http.6.0.0~beta2/opam

[01;34m(from ocaml/opam:debian-12-ocaml-4.14@sha256:c4c938d3d297ad03994dd8def49ed6083d93a23e808296dd9b5e4d0057c69a56)[0m
[01;2m[01;35m2024-01-05 15:02.33 ---> using "2f51a1dd646443af7eab06353d871ffcd4d0d21ae5d6b33d59f1b2262d63afcd" from cache[0m

[01;34m/: (user (uid 1000) (gid 1000))[0m

[01;34m/: (workdir /home/opam)[0m

[01;34m/home/opam: (run (shell "sudo ln -f /usr/bin/opam-dev /usr/bin/opam"))[0m
[01;2m[01;35m2024-01-05 15:02.33 ---> using "b745d648ff71058f4e2d5024fcdf5641ee0e0e4bcf80f67b28a9b4e1125afe68" from cache[0m

[01;34m/home/opam: (run (network host)
                 (shell "opam init --reinit --config .opamrc-sandbox -ni"))[0m
Configuring from /home/opam/.opamrc-sandbox, then /home/opam/.opamrc, and finally from built-in defaults.
Checking for available remotes: rsync and local, git.
  - you won't be able to use mercurial repositories unless you install the hg command on your system.
  - you won't be able to use darcs repositories unless you install the darcs command on your system.

Continue? [y/n] y
This development version of opam requires an update to the layout of /home/opam/.opam from version 2.0 to version 2.2~alpha, which can't be reverted.
You may want to back it up before going further.

Format upgrade done.

<><> Updating repositories ><><><><><><><><><><><><><><><><><><><><><><><><><><>
[default] synchronised from file:///home/opam/opam-repository
[01;2m[01;35m2024-01-05 15:02.33 ---> using "eee535664c96941e48963b55846a648771fa78628fc0fb80ce36d0cde2695867" from cache[0m

[01;34m/home/opam: (env OPAMDOWNLOADJOBS 1)[0m

[01;34m/home/opam: (env OPAMERRLOGLEN 0)[0m

[01;34m/home/opam: (env OPAMSOLVERTIMEOUT 500)[0m

[01;34m/home/opam: (env OPAMPRECISETRACKING 1)[0m

[01;34m/home/opam: (env CI true)[0m

[01;34m/home/opam: (env OPAM_REPO_CI true)[0m

[01;34m/home/opam: (run (shell "rm -rf opam-repository/"))[0m
[01;2m[01;35m2024-01-05 15:02.33 ---> using "6efd2c56416383b27ddddb09fbe4e974a8c97e261c806074ed5a4c99a837beac" from cache[0m

[01;34m/home/opam: (copy (src .) (dst opam-repository/))[0m
[01;2m[01;35m2024-01-05 15:02.34 ---> using "af92a8a45ea2e973866f72bf19c79c95aadb1348783f80d9492c7e41ef974b24" from cache[0m

[01;34m/home/opam: (run (shell "opam repository set-url --strict default opam-repository/"))[0m
[default] Initialised
[01;2m[01;35m2024-01-05 15:02.34 ---> using "aaed85181f1c0c6cf8ef65bff60638f2ad2162f90e4623323a758236583742d8" from cache[0m

[01;34m/home/opam: (run (network host)
                 (shell "opam update --depexts || true"))[0m
+ /usr/bin/sudo "apt-get" "update"
- Hit:1 http://deb.debian.org/debian bookworm InRelease
- Get:2 http://deb.debian.org/debian bookworm-updates InRelease [52.1 kB]
- Get:3 http://deb.debian.org/debian-security bookworm-security InRelease [48.0 kB]
- Get:4 http://deb.debian.org/debian bookworm-updates/main amd64 Packages.diff/Index [9483 B]
- Get:5 http://deb.debian.org/debian bookworm-updates/main amd64 Packages T-2023-12-29-1403.39-F-2023-12-26-1404.09.pdiff [2069 B]
- Get:5 http://deb.debian.org/debian bookworm-updates/main amd64 Packages T-2023-12-29-1403.39-F-2023-12-26-1404.09.pdiff [2069 B]
- Get:6 http://deb.debian.org/debian-security bookworm-security/main amd64 Packages [134 kB]
- Fetched 245 kB in 0s (739 kB/s)
- Reading package lists...
- 
[01;2m[01;35m2024-01-05 15:02.34 ---> using "b4410d5d2ab6a0e279a9b0af482b1bbd2cbd590f9634d39a57f4751ab1035aba" from cache[0m

[01;34m/home/opam: (env OPAMCRITERIA -removed,-count[avoid-version,changed],-count[version-lag,request],-count[version-lag,changed],-count[missing-depexts,changed],-changed)[0m

[01;34m/home/opam: (env OPAMFIXUPCRITERIA -removed,-count[avoid-version,changed],-count[version-lag,request],-count[version-lag,changed],-count[missing-depexts,changed],-changed)[0m

[01;34m/home/opam: (env OPAMUPGRADECRITERIA -removed,-count[avoid-version,changed],-count[version-lag,request],-count[version-lag,changed],-count[missing-depexts,changed],-changed)[0m

[01;34m/home/opam: (run (shell "opam pin add -k version -yn http.6.0.0~beta2 6.0.0~beta2"))[0m
http is now pinned to version 6.0.0~beta2
[01;2m[01;35m2024-01-05 15:02.34 ---> using "7b7782a5384998212f07ebe6965b8e4f956a8254ded22d71a00446a5e727ae9c" from cache[0m

[01;34m/home/opam: (run (cache (opam-archives (target /home/opam/.opam/download-cache)))
                 (network host)
                 (shell  "opam reinstall http.6.0.0~beta2;\
                        \n        res=$?;\
                        \n        test \"$res\" != 31 && exit \"$res\";\
                        \n        export OPAMCLI=2.0;\
                        \n        build_dir=$(opam var prefix)/.opam-switch/build;\
                        \n        failed=$(ls \"$build_dir\");\
                        \n        partial_fails=\"\";\
                        \n        for pkg in $failed; do\
                        \n          if opam show -f x-ci-accept-failures: \"$pkg\" | grep -qF \"\\\"debian-12\\\"\"; then\
                        \n            echo \"A package failed and has been disabled for CI using the 'x-ci-accept-failures' field.\";\
                        \n          fi;\
                        \n          test \"$pkg\" != 'http.6.0.0~beta2' && partial_fails=\"$partial_fails $pkg\";\
                        \n        done;\
                        \n        test \"${partial_fails}\" != \"\" && echo \"opam-repo-ci detected dependencies failing: ${partial_fails}\";\
                        \n        exit 1"))[0m
http.6.0.0~beta2 is not installed. Install it? [y/n] y
The following actions will be performed:
=== install 2 packages
  - install dune 3.12.1               [required by http]
  - install http 6.0.0~beta2 (pinned)

<><> Processing actions <><><><><><><><><><><><><><><><><><><><><><><><><><><><>
-> retrieved dune.3.12.1  (cached)
-> retrieved http.6.0.0~beta2  (cached)
-> installed dune.3.12.1
-> installed http.6.0.0~beta2
Done.
# Run eval $(opam env) to update the current shell environment
[01;2m[01;35m2024-01-05 15:02.34 ---> using "cc262976bae3735c7d42bd0787abf69173863d5f07d74bba923a7d68406574ca" from cache[0m

[01;34m/home/opam: (env OPAMCRITERIA -removed,-count[avoid-version,changed],-count[version-lag,request],-count[version-lag,changed],-count[missing-depexts,changed],-changed)[0m

[01;34m/home/opam: (env OPAMFIXUPCRITERIA -removed,-count[avoid-version,changed],-count[version-lag,request],-count[version-lag,changed],-count[missing-depexts,changed],-changed)[0m

[01;34m/home/opam: (env OPAMUPGRADECRITERIA -removed,-count[avoid-version,changed],-count[version-lag,request],-count[version-lag,changed],-count[missing-depexts,changed],-changed)[0m

[01;34m/home/opam: (run (cache (opam-archives (target /home/opam/.opam/download-cache)))
                 (network host)
                 (shell  "opam reinstall irmin-containers.2.6.0;\
                        \n        res=$?;\
                        \n        test \"$res\" != 31 && exit \"$res\";\
                        \n        export OPAMCLI=2.0;\
                        \n        build_dir=$(opam var prefix)/.opam-switch/build;\
                        \n        failed=$(ls \"$build_dir\");\
                        \n        partial_fails=\"\";\
                        \n        for pkg in $failed; do\
                        \n          if opam show -f x-ci-accept-failures: \"$pkg\" | grep -qF \"\\\"debian-12\\\"\"; then\
                        \n            echo \"A package failed and has been disabled for CI using the 'x-ci-accept-failures' field.\";\
                        \n          fi;\
                        \n          test \"$pkg\" != 'irmin-containers.2.6.0' && partial_fails=\"$partial_fails $pkg\";\
                        \n        done;\
                        \n        test \"${partial_fails}\" != \"\" && echo \"opam-repo-ci detected dependencies failing: ${partial_fails}\";\
                        \n        exit 1"))[0m
irmin-containers.2.6.0 is not installed. Install it? [y/n] y
[ERROR] Sorry, resolution of the request timed out.
        Try to specify a more precise request, use a different solver, or increase the allowed time by setting OPAMSOLVERTIMEOUT to a bigger value (currently, it is set to 500.0 seconds).
"/usr/bin/env" "bash" "-c" "opam reinstall irmin-containers.2.6.0;
        res=$?;
        test "$res" != 31 && exit "$res";
        export OPAMCLI=2.0;
        build_dir=$(opam var prefix)/.opam-switch/build;
        failed=$(ls "$build_dir");
        partial_fails="";
        for pkg in $failed; do
          if opam show -f x-ci-accept-failures: "$pkg" | grep -qF "\"debian-12\""; then
            echo "A package failed and has been disabled for CI using the 'x-ci-accept-failures' field.";
          fi;
          test "$pkg" != 'irmin-containers.2.6.0' && partial_fails="$partial_fails $pkg";
        done;
        test "${partial_fails}" != "" && echo "opam-repo-ci detected dependencies failing: ${partial_fails}";
        exit 1" failed with exit status 60
2024-01-05 15:14.34: Job failed: Failed: Build failed
2024-01-05 15:14.34: Log analysis:
2024-01-05 15:14.34: >>> 
[ERROR] Sorry, resolution of the request timed out.
 (score = 20)
2024-01-05 15:14.34: Sorry, resolution of the request timed out.
