2024-04-10 13:29.22: New job: test equinoxe-hlc.0.2.0 with mirage-runtime.4.5.0, using opam dev
                              from https://github.com/ocaml/opam-repository.git#refs/pull/25651/head (5bbb521dcbb1686dac4f77ec684e35f219dcfa53)
                              on debian-12-ocaml-4.14/amd64

To reproduce locally:

cd $(mktemp -d)
git clone --recursive "https://github.com/ocaml/opam-repository.git" && cd "opam-repository" && git fetch origin "refs/pull/25651/head" && git reset --hard 5bbb521d
git fetch origin master
git merge --no-edit 840d3224078e115aa65b542e86f08f15864ebd30
cat > ../Dockerfile <<'END-OF-DOCKERFILE'
[34mFROM ocaml/opam:debian-12-ocaml-4.14@sha256:1da118fd5eb32be8339042dfbd712d7c3a0932266e6caa8645f66d9b5b3fb853
USER 1000:1000
WORKDIR /home/opam
RUN sudo ln -f /usr/bin/opam-dev /usr/bin/opam
RUN opam init --reinit -ni
RUN uname -rs && opam exec -- ocaml -version && opam --version
ENV OPAMDOWNLOADJOBS="1"
ENV OPAMERRLOGLEN="0"
ENV OPAMSOLVERTIMEOUT="500"
ENV OPAMPRECISETRACKING="1"
ENV CI="true"
ENV OPAM_REPO_CI="true"
RUN rm -rf opam-repository/
COPY --chown=1000:1000 . opam-repository/
RUN opam repository set-url --strict default opam-repository/
RUN opam update --depexts || true
ENV OPAMCRITERIA="-removed,-count[avoid-version,changed],-count[version-lag,request],-count[version-lag,changed],-count[missing-depexts,changed],-changed"
ENV OPAMFIXUPCRITERIA="-removed,-count[avoid-version,changed],-count[version-lag,request],-count[version-lag,changed],-count[missing-depexts,changed],-changed"
ENV OPAMUPGRADECRITERIA="-removed,-count[avoid-version,changed],-count[version-lag,request],-count[version-lag,changed],-count[missing-depexts,changed],-changed"
RUN opam pin add -k version -yn mirage-runtime.4.5.0 4.5.0
RUN opam reinstall mirage-runtime.4.5.0; \
    res=$?; \
    test "$res" != 31 && exit "$res"; \
    export OPAMCLI=2.0; \
    build_dir=$(opam var prefix)/.opam-switch/build; \
    failed=$(ls "$build_dir"); \
    partial_fails=""; \
    for pkg in $failed; do \
    if opam show -f x-ci-accept-failures: "$pkg" | grep -qF "\"debian-12\""; then \
    echo "A package failed and has been disabled for CI using the 'x-ci-accept-failures' field."; \
    fi; \
    test "$pkg" != 'mirage-runtime.4.5.0' && partial_fails="$partial_fails $pkg"; \
    done; \
    test "${partial_fails}" != "" && echo "opam-repo-ci detected dependencies failing: ${partial_fails}"; \
    exit 1
ENV OPAMCRITERIA="-removed,-count[avoid-version,changed],-count[version-lag,request],-count[version-lag,changed],-count[missing-depexts,changed],-changed"
ENV OPAMFIXUPCRITERIA="-removed,-count[avoid-version,changed],-count[version-lag,request],-count[version-lag,changed],-count[missing-depexts,changed],-changed"
ENV OPAMUPGRADECRITERIA="-removed,-count[avoid-version,changed],-count[version-lag,request],-count[version-lag,changed],-count[missing-depexts,changed],-changed"
RUN opam reinstall equinoxe-hlc.0.2.0; \
    res=$?; \
    test "$res" != 31 && exit "$res"; \
    export OPAMCLI=2.0; \
    build_dir=$(opam var prefix)/.opam-switch/build; \
    failed=$(ls "$build_dir"); \
    partial_fails=""; \
    for pkg in $failed; do \
    if opam show -f x-ci-accept-failures: "$pkg" | grep -qF "\"debian-12\""; then \
    echo "A package failed and has been disabled for CI using the 'x-ci-accept-failures' field."; \
    fi; \
    test "$pkg" != 'equinoxe-hlc.0.2.0' && partial_fails="$partial_fails $pkg"; \
    done; \
    test "${partial_fails}" != "" && echo "opam-repo-ci detected dependencies failing: ${partial_fails}"; \
    exit 1
ENV OPAMCRITERIA="-removed,-count[avoid-version,changed],-count[version-lag,request],-count[version-lag,changed],-count[missing-depexts,changed],-changed"
ENV OPAMFIXUPCRITERIA="-removed,-count[avoid-version,changed],-count[version-lag,request],-count[version-lag,changed],-count[missing-depexts,changed],-changed"
ENV OPAMUPGRADECRITERIA="-removed,-count[avoid-version,changed],-count[version-lag,request],-count[version-lag,changed],-count[missing-depexts,changed],-changed"
RUN (opam reinstall --with-test equinoxe-hlc.0.2.0) || true
RUN opam reinstall --with-test --verbose equinoxe-hlc.0.2.0; \
    res=$?; \
    test "$res" != 31 && exit "$res"; \
    export OPAMCLI=2.0; \
    build_dir=$(opam var prefix)/.opam-switch/build; \
    failed=$(ls "$build_dir"); \
    partial_fails=""; \
    for pkg in $failed; do \
    if opam show -f x-ci-accept-failures: "$pkg" | grep -qF "\"debian-12\""; then \
    echo "A package failed and has been disabled for CI using the 'x-ci-accept-failures' field."; \
    fi; \
    test "$pkg" != 'equinoxe-hlc.0.2.0' && partial_fails="$partial_fails $pkg"; \
    done; \
    test "${partial_fails}" != "" && echo "opam-repo-ci detected dependencies failing: ${partial_fails}"; \
    exit 1
[0m
END-OF-DOCKERFILE
docker build -f ../Dockerfile .

2024-04-10 13:29.22: Using cache hint "ocaml/opam:debian-12-ocaml-4.14@sha256:1da118fd5eb32be8339042dfbd712d7c3a0932266e6caa8645f66d9b5b3fb853-mirage-runtime.4.5.0-equinoxe-hlc.0.2.0-5bbb521dcbb1686dac4f77ec684e35f219dcfa53"
2024-04-10 13:29.22: Using OBuilder spec:
((from ocaml/opam:debian-12-ocaml-4.14@sha256:1da118fd5eb32be8339042dfbd712d7c3a0932266e6caa8645f66d9b5b3fb853)
 (user (uid 1000) (gid 1000))
 (workdir /home/opam)
 (run (shell "sudo ln -f /usr/bin/opam-dev /usr/bin/opam"))
 (run (network host)
      (shell "opam init --reinit --config .opamrc-sandbox -ni"))
 (run (shell "uname -rs && opam exec -- ocaml -version && opam --version"))
 (env OPAMDOWNLOADJOBS 1)
 (env OPAMERRLOGLEN 0)
 (env OPAMSOLVERTIMEOUT 500)
 (env OPAMPRECISETRACKING 1)
 (env CI true)
 (env OPAM_REPO_CI true)
 (run (shell "rm -rf opam-repository/"))
 (copy (src .) (dst opam-repository/))
 (run (shell "opam repository set-url --strict default opam-repository/"))
 (run (network host)
      (shell "opam update --depexts || true"))
 (env OPAMCRITERIA -removed,-count[avoid-version,changed],-count[version-lag,request],-count[version-lag,changed],-count[missing-depexts,changed],-changed)
 (env OPAMFIXUPCRITERIA -removed,-count[avoid-version,changed],-count[version-lag,request],-count[version-lag,changed],-count[missing-depexts,changed],-changed)
 (env OPAMUPGRADECRITERIA -removed,-count[avoid-version,changed],-count[version-lag,request],-count[version-lag,changed],-count[missing-depexts,changed],-changed)
 (run (shell "opam pin add -k version -yn mirage-runtime.4.5.0 4.5.0"))
 (run (cache (opam-archives (target /home/opam/.opam/download-cache)))
      (network host)
      (shell  "opam reinstall mirage-runtime.4.5.0;\
             \n        res=$?;\
             \n        test \"$res\" != 31 && exit \"$res\";\
             \n        export OPAMCLI=2.0;\
             \n        build_dir=$(opam var prefix)/.opam-switch/build;\
             \n        failed=$(ls \"$build_dir\");\
             \n        partial_fails=\"\";\
             \n        for pkg in $failed; do\
             \n          if opam show -f x-ci-accept-failures: \"$pkg\" | grep -qF \"\\\"debian-12\\\"\"; then\
             \n            echo \"A package failed and has been disabled for CI using the 'x-ci-accept-failures' field.\";\
             \n          fi;\
             \n          test \"$pkg\" != 'mirage-runtime.4.5.0' && partial_fails=\"$partial_fails $pkg\";\
             \n        done;\
             \n        test \"${partial_fails}\" != \"\" && echo \"opam-repo-ci detected dependencies failing: ${partial_fails}\";\
             \n        exit 1"))
 (env OPAMCRITERIA -removed,-count[avoid-version,changed],-count[version-lag,request],-count[version-lag,changed],-count[missing-depexts,changed],-changed)
 (env OPAMFIXUPCRITERIA -removed,-count[avoid-version,changed],-count[version-lag,request],-count[version-lag,changed],-count[missing-depexts,changed],-changed)
 (env OPAMUPGRADECRITERIA -removed,-count[avoid-version,changed],-count[version-lag,request],-count[version-lag,changed],-count[missing-depexts,changed],-changed)
 (run (cache (opam-archives (target /home/opam/.opam/download-cache)))
      (network host)
      (shell  "opam reinstall equinoxe-hlc.0.2.0;\
             \n        res=$?;\
             \n        test \"$res\" != 31 && exit \"$res\";\
             \n        export OPAMCLI=2.0;\
             \n        build_dir=$(opam var prefix)/.opam-switch/build;\
             \n        failed=$(ls \"$build_dir\");\
             \n        partial_fails=\"\";\
             \n        for pkg in $failed; do\
             \n          if opam show -f x-ci-accept-failures: \"$pkg\" | grep -qF \"\\\"debian-12\\\"\"; then\
             \n            echo \"A package failed and has been disabled for CI using the 'x-ci-accept-failures' field.\";\
             \n          fi;\
             \n          test \"$pkg\" != 'equinoxe-hlc.0.2.0' && partial_fails=\"$partial_fails $pkg\";\
             \n        done;\
             \n        test \"${partial_fails}\" != \"\" && echo \"opam-repo-ci detected dependencies failing: ${partial_fails}\";\
             \n        exit 1"))
 (env OPAMCRITERIA -removed,-count[avoid-version,changed],-count[version-lag,request],-count[version-lag,changed],-count[missing-depexts,changed],-changed)
 (env OPAMFIXUPCRITERIA -removed,-count[avoid-version,changed],-count[version-lag,request],-count[version-lag,changed],-count[missing-depexts,changed],-changed)
 (env OPAMUPGRADECRITERIA -removed,-count[avoid-version,changed],-count[version-lag,request],-count[version-lag,changed],-count[missing-depexts,changed],-changed)
 (run (network host)
      (shell "(opam reinstall --with-test equinoxe-hlc.0.2.0) || true"))
 (run (shell  "opam reinstall --with-test --verbose equinoxe-hlc.0.2.0;\
             \n        res=$?;\
             \n        test \"$res\" != 31 && exit \"$res\";\
             \n        export OPAMCLI=2.0;\
             \n        build_dir=$(opam var prefix)/.opam-switch/build;\
             \n        failed=$(ls \"$build_dir\");\
             \n        partial_fails=\"\";\
             \n        for pkg in $failed; do\
             \n          if opam show -f x-ci-accept-failures: \"$pkg\" | grep -qF \"\\\"debian-12\\\"\"; then\
             \n            echo \"A package failed and has been disabled for CI using the 'x-ci-accept-failures' field.\";\
             \n          fi;\
             \n          test \"$pkg\" != 'equinoxe-hlc.0.2.0' && partial_fails=\"$partial_fails $pkg\";\
             \n        done;\
             \n        test \"${partial_fails}\" != \"\" && echo \"opam-repo-ci detected dependencies failing: ${partial_fails}\";\
             \n        exit 1"))
)

2024-04-10 13:29.22: Waiting for resource in pool OCluster
2024-04-10 15:00.11: Waiting for worker…
2024-04-10 15:04.21: Got resource from pool OCluster
Building on doris.caelum.ci.dev
All commits already cached
HEAD is now at 840d322407 Merge pull request #24677 from jmid/patch-lbvs_consent
Updating 840d322407..5bbb521dcb
Fast-forward
 packages/mirage-runtime/mirage-runtime.4.5.0/opam | 43 ++++++++++++++++
 packages/mirage/mirage.4.5.0/opam                 | 61 +++++++++++++++++++++++
 2 files changed, 104 insertions(+)
 create mode 100644 packages/mirage-runtime/mirage-runtime.4.5.0/opam
 create mode 100644 packages/mirage/mirage.4.5.0/opam

[01;34m(from ocaml/opam:debian-12-ocaml-4.14@sha256:1da118fd5eb32be8339042dfbd712d7c3a0932266e6caa8645f66d9b5b3fb853)[0m
[01;2m[01;35m2024-04-10 15:04.23 ---> using "7fe21fb74cec3177c7fb2522c0d858a4b76c330218074fc29d9427a26206137d" from cache[0m

[01;34m/: (user (uid 1000) (gid 1000))[0m

[01;34m/: (workdir /home/opam)[0m

[01;34m/home/opam: (run (shell "sudo ln -f /usr/bin/opam-dev /usr/bin/opam"))[0m
[01;2m[01;35m2024-04-10 15:04.23 ---> using "6c2c87b9b1e6e904eca24cefc5e2f3df9a7e169a845939baf1144cfebfb762df" from cache[0m

[01;34m/home/opam: (run (network host)
                 (shell "opam init --reinit --config .opamrc-sandbox -ni"))[0m
Configuring from /home/opam/.opamrc-sandbox, then /home/opam/.opamrc, and finally from built-in defaults.
Checking for available remotes: rsync and local, git.
  - you won't be able to use mercurial repositories unless you install the hg command on your system.
  - you won't be able to use darcs repositories unless you install the darcs command on your system.

This development version of opam requires an update to the layout of /home/opam/.opam from version 2.0 to version 2.2~alpha, which can't be reverted.
You may want to back it up before going further.

Continue? [y/n] y
[NOTE] The 'jobs' option was reset, its value was 31 and its new value will vary according to the current number of cores on your machine. You can restore the fixed value using:
           opam option jobs=31 --global
Format upgrade done.

<><> Updating repositories ><><><><><><><><><><><><><><><><><><><><><><><><><><>
[default] synchronised from file:///home/opam/opam-repository
[01;2m[01;35m2024-04-10 15:04.23 ---> using "402643fa6f454bebb70858ec8335ad070c4002631865068960db4d7019ff7842" from cache[0m

[01;34m/home/opam: (run (shell "uname -rs && opam exec -- ocaml -version && opam --version"))[0m
Linux 5.15.0-101-generic
The OCaml toplevel, version 4.14.2
2.2.0~beta2~dev
[01;2m[01;35m2024-04-10 15:04.23 ---> using "bec9746273f901a6edadd0dff3b02caefe0a5dd020b7ea4b61365fd4a6205fde" from cache[0m

[01;34m/home/opam: (env OPAMDOWNLOADJOBS 1)[0m

[01;34m/home/opam: (env OPAMERRLOGLEN 0)[0m

[01;34m/home/opam: (env OPAMSOLVERTIMEOUT 500)[0m

[01;34m/home/opam: (env OPAMPRECISETRACKING 1)[0m

[01;34m/home/opam: (env CI true)[0m

[01;34m/home/opam: (env OPAM_REPO_CI true)[0m

[01;34m/home/opam: (run (shell "rm -rf opam-repository/"))[0m
[01;2m[01;35m2024-04-10 15:04.23 ---> using "5636b3b24817c947b68c6145add4b9da22b5b1b772bb72d1f71a2e0f115d5d14" from cache[0m

[01;34m/home/opam: (copy (src .) (dst opam-repository/))[0m
[01;2m[01;35m2024-04-10 15:04.24 ---> using "a84be8c94b0faa75c756f10f7929594d9bbdb142775b04907728598a44431e07" from cache[0m

[01;34m/home/opam: (run (shell "opam repository set-url --strict default opam-repository/"))[0m
[default] Initialised
[01;2m[01;35m2024-04-10 15:04.24 ---> using "6c9366fbdacfe9ce1c7e723a776d13828f08293bcc5ba586c9353e043704846c" from cache[0m

[01;34m/home/opam: (run (network host)
                 (shell "opam update --depexts || true"))[0m
+ /usr/bin/sudo "apt-get" "update"
- Hit:1 http://deb.debian.org/debian bookworm InRelease
- Get:2 http://deb.debian.org/debian bookworm-updates InRelease [55.4 kB]
- Get:3 http://deb.debian.org/debian-security bookworm-security InRelease [48.0 kB]
- Fetched 103 kB in 0s (511 kB/s)
- Reading package lists...
[01;2m[01;35m2024-04-10 15:04.24 ---> using "54ba815d356ba412bd31192c48c858f6598598f7eddd01ccf27f6eb1adc26ccc" from cache[0m

[01;34m/home/opam: (env OPAMCRITERIA -removed,-count[avoid-version,changed],-count[version-lag,request],-count[version-lag,changed],-count[missing-depexts,changed],-changed)[0m

[01;34m/home/opam: (env OPAMFIXUPCRITERIA -removed,-count[avoid-version,changed],-count[version-lag,request],-count[version-lag,changed],-count[missing-depexts,changed],-changed)[0m

[01;34m/home/opam: (env OPAMUPGRADECRITERIA -removed,-count[avoid-version,changed],-count[version-lag,request],-count[version-lag,changed],-count[missing-depexts,changed],-changed)[0m

[01;34m/home/opam: (run (shell "opam pin add -k version -yn mirage-runtime.4.5.0 4.5.0"))[0m
mirage-runtime is now pinned to version 4.5.0
[01;2m[01;35m2024-04-10 15:04.24 ---> using "11665a0b83954d885b0318b947c2776e3c99cd75b2ce0d91e290e0d5d13da834" from cache[0m

[01;34m/home/opam: (run (cache (opam-archives (target /home/opam/.opam/download-cache)))
                 (network host)
                 (shell  "opam reinstall mirage-runtime.4.5.0;\
                        \n        res=$?;\
                        \n        test \"$res\" != 31 && exit \"$res\";\
                        \n        export OPAMCLI=2.0;\
                        \n        build_dir=$(opam var prefix)/.opam-switch/build;\
                        \n        failed=$(ls \"$build_dir\");\
                        \n        partial_fails=\"\";\
                        \n        for pkg in $failed; do\
                        \n          if opam show -f x-ci-accept-failures: \"$pkg\" | grep -qF \"\\\"debian-12\\\"\"; then\
                        \n            echo \"A package failed and has been disabled for CI using the 'x-ci-accept-failures' field.\";\
                        \n          fi;\
                        \n          test \"$pkg\" != 'mirage-runtime.4.5.0' && partial_fails=\"$partial_fails $pkg\";\
                        \n        done;\
                        \n        test \"${partial_fails}\" != \"\" && echo \"opam-repo-ci detected dependencies failing: ${partial_fails}\";\
                        \n        exit 1"))[0m
mirage-runtime.4.5.0 is not installed. Install it? [y/n] y
The following actions will be performed:
=== install 16 packages
  - install base-bytes        base           [required by ocplib-endian]
  - install cmdliner          1.2.0          [required by mirage-runtime]
  - install cppo              1.6.9          [required by lwt]
  - install csexp             1.5.2          [required by dune-configurator]
  - install domain-name       0.4.0          [required by ipaddr]
  - install dune              3.15.0         [required by mirage-runtime]
  - install dune-configurator 3.15.0         [required by lwt]
  - install ipaddr            5.5.0          [required by mirage-runtime]
  - install logs              0.7.0          [required by mirage-runtime]
  - install lwt               5.7.0          [required by mirage-runtime]
  - install macaddr           5.5.0          [required by ipaddr]
  - install mirage-runtime    4.5.0 (pinned)
  - install ocamlbuild        0.14.3         [required by logs]
  - install ocamlfind         1.9.6          [required by logs]
  - install ocplib-endian     1.2            [required by lwt]
  - install topkg             1.0.7          [required by logs]

<><> Processing actions <><><><><><><><><><><><><><><><><><><><><><><><><><><><>
-> retrieved cmdliner.1.2.0  (cached)
-> retrieved cppo.1.6.9  (cached)
-> retrieved csexp.1.5.2  (cached)
-> retrieved domain-name.0.4.0  (cached)
-> retrieved dune.3.15.0, dune-configurator.3.15.0  (cached)
-> retrieved ipaddr.5.5.0, macaddr.5.5.0  (cached)
-> retrieved logs.0.7.0  (cached)
-> retrieved lwt.5.7.0  (cached)
-> retrieved mirage-runtime.4.5.0  (cached)
-> installed cmdliner.1.2.0
-> retrieved ocamlbuild.0.14.3  (cached)
-> retrieved ocamlfind.1.9.6  (cached)
-> retrieved ocplib-endian.1.2  (cached)
-> retrieved topkg.1.0.7  (cached)
-> installed ocamlfind.1.9.6
-> installed base-bytes.base
-> installed ocamlbuild.0.14.3
-> installed topkg.1.0.7
-> installed dune.3.15.0
-> installed csexp.1.5.2
-> installed cppo.1.6.9
-> installed domain-name.0.4.0
-> installed macaddr.5.5.0
-> installed ocplib-endian.1.2
-> installed ipaddr.5.5.0
-> installed dune-configurator.3.15.0
-> installed lwt.5.7.0
-> installed logs.0.7.0
-> installed mirage-runtime.4.5.0
Done.
# Run eval $(opam env) to update the current shell environment
[01;2m[01;35m2024-04-10 15:04.24 ---> using "9b530c7b5e942065216698d083536d4510469d536d9e960bb08a9269969b7d4a" from cache[0m

[01;34m/home/opam: (env OPAMCRITERIA -removed,-count[avoid-version,changed],-count[version-lag,request],-count[version-lag,changed],-count[missing-depexts,changed],-changed)[0m

[01;34m/home/opam: (env OPAMFIXUPCRITERIA -removed,-count[avoid-version,changed],-count[version-lag,request],-count[version-lag,changed],-count[missing-depexts,changed],-changed)[0m

[01;34m/home/opam: (env OPAMUPGRADECRITERIA -removed,-count[avoid-version,changed],-count[version-lag,request],-count[version-lag,changed],-count[missing-depexts,changed],-changed)[0m

[01;34m/home/opam: (run (cache (opam-archives (target /home/opam/.opam/download-cache)))
                 (network host)
                 (shell  "opam reinstall equinoxe-hlc.0.2.0;\
                        \n        res=$?;\
                        \n        test \"$res\" != 31 && exit \"$res\";\
                        \n        export OPAMCLI=2.0;\
                        \n        build_dir=$(opam var prefix)/.opam-switch/build;\
                        \n        failed=$(ls \"$build_dir\");\
                        \n        partial_fails=\"\";\
                        \n        for pkg in $failed; do\
                        \n          if opam show -f x-ci-accept-failures: \"$pkg\" | grep -qF \"\\\"debian-12\\\"\"; then\
                        \n            echo \"A package failed and has been disabled for CI using the 'x-ci-accept-failures' field.\";\
                        \n          fi;\
                        \n          test \"$pkg\" != 'equinoxe-hlc.0.2.0' && partial_fails=\"$partial_fails $pkg\";\
                        \n        done;\
                        \n        test \"${partial_fails}\" != \"\" && echo \"opam-repo-ci detected dependencies failing: ${partial_fails}\";\
                        \n        exit 1"))[0m
equinoxe-hlc.0.2.0 is not installed. Install it? [y/n] y
[ERROR] Sorry, resolution of the request timed out.
        Try to specify a more precise request, use a different solver, or increase the allowed time by setting OPAMSOLVERTIMEOUT to a bigger value (currently, it is set to 500.0 seconds).
"/usr/bin/env" "bash" "-c" "opam reinstall equinoxe-hlc.0.2.0;
        res=$?;
        test "$res" != 31 && exit "$res";
        export OPAMCLI=2.0;
        build_dir=$(opam var prefix)/.opam-switch/build;
        failed=$(ls "$build_dir");
        partial_fails="";
        for pkg in $failed; do
          if opam show -f x-ci-accept-failures: "$pkg" | grep -qF "\"debian-12\""; then
            echo "A package failed and has been disabled for CI using the 'x-ci-accept-failures' field.";
          fi;
          test "$pkg" != 'equinoxe-hlc.0.2.0' && partial_fails="$partial_fails $pkg";
        done;
        test "${partial_fails}" != "" && echo "opam-repo-ci detected dependencies failing: ${partial_fails}";
        exit 1" failed with exit status 60
2024-04-10 15:13.00: Job failed: Failed: Build failed
2024-04-10 15:13.00: Log analysis:
2024-04-10 15:13.00: >>> 
[ERROR] Sorry, resolution of the request timed out.
 (score = 20)
2024-04-10 15:13.00: Sorry, resolution of the request timed out.
