2024-06-09 12:58.25: New job: test dkim.0.3.0, using opam dev
                              from https://github.com/ocaml/opam-repository.git#refs/pull/26045/head (d062d369c7ba4b522a99aefe63cc969dfa6c3798)
                              on freebsd-ocaml-4.14/amd64

To reproduce locally:

cd $(mktemp -d)
git clone --recursive "https://github.com/ocaml/opam-repository.git" && cd "opam-repository" && git fetch origin "refs/pull/26045/head" && git reset --hard d062d369
git fetch origin master
git merge --no-edit 25082ca0186918fbe727df99f2e51ca8b60896c1
cat > ../Dockerfile <<'END-OF-DOCKERFILE'
[34mFROM freebsd-ocaml-4.14
USER 1000:1000
WORKDIR /home/opam
RUN sudo ln -f /usr/local/bin/opam-dev /usr/local/bin/opam
RUN opam init --reinit -ni
RUN uname -rs && opam exec -- ocaml -version && opam --version
ENV OPAMDOWNLOADJOBS="1"
ENV OPAMERRLOGLEN="0"
ENV OPAMSOLVERTIMEOUT="500"
ENV OPAMPRECISETRACKING="1"
ENV CI="true"
ENV OPAM_REPO_CI="true"
RUN rm -rf opam-repository/
COPY --chown=1000:1000 . opam-repository/
RUN opam repository set-url --strict default opam-repository/
RUN opam update --depexts || true
RUN opam pin add -k version -yn dkim.0.3.0 0.3.0
RUN opam reinstall dkim.0.3.0; \
    res=$?; \
    test "$res" != 31 && exit "$res"; \
    export OPAMCLI=2.0; \
    build_dir=$(opam var prefix)/.opam-switch/build; \
    failed=$(ls "$build_dir"); \
    partial_fails=""; \
    for pkg in $failed; do \
    if opam show -f x-ci-accept-failures: "$pkg" | grep -qF "\"freebsd\""; then \
    echo "A package failed and has been disabled for CI using the 'x-ci-accept-failures' field."; \
    fi; \
    test "$pkg" != 'dkim.0.3.0' && partial_fails="$partial_fails $pkg"; \
    done; \
    test "${partial_fails}" != "" && echo "opam-repo-ci detected dependencies failing: ${partial_fails}"; \
    exit 1
RUN (opam reinstall --with-test dkim.0.3.0) || true
RUN opam reinstall --with-test --verbose dkim.0.3.0; \
    res=$?; \
    test "$res" != 31 && exit "$res"; \
    export OPAMCLI=2.0; \
    build_dir=$(opam var prefix)/.opam-switch/build; \
    failed=$(ls "$build_dir"); \
    partial_fails=""; \
    for pkg in $failed; do \
    if opam show -f x-ci-accept-failures: "$pkg" | grep -qF "\"freebsd\""; then \
    echo "A package failed and has been disabled for CI using the 'x-ci-accept-failures' field."; \
    fi; \
    test "$pkg" != 'dkim.0.3.0' && partial_fails="$partial_fails $pkg"; \
    done; \
    test "${partial_fails}" != "" && echo "opam-repo-ci detected dependencies failing: ${partial_fails}"; \
    exit 1
[0m
END-OF-DOCKERFILE
docker build -f ../Dockerfile .

2024-06-09 12:58.25: Using cache hint "freebsd-ocaml-4.14-dkim.0.3.0-d062d369c7ba4b522a99aefe63cc969dfa6c3798"
2024-06-09 12:58.25: Using OBuilder spec:
((from freebsd-ocaml-4.14)
 (user (uid 1000) (gid 1000))
 (workdir /home/opam)
 (run (shell "sudo ln -f /usr/local/bin/opam-dev /usr/local/bin/opam"))
 (run (network host)
      (shell "opam init --reinit -ni"))
 (run (shell "uname -rs && opam exec -- ocaml -version && opam --version"))
 (env OPAMDOWNLOADJOBS 1)
 (env OPAMERRLOGLEN 0)
 (env OPAMSOLVERTIMEOUT 500)
 (env OPAMPRECISETRACKING 1)
 (env CI true)
 (env OPAM_REPO_CI true)
 (run (shell "rm -rf opam-repository/"))
 (copy (src .) (dst opam-repository/))
 (run (shell "opam repository set-url --strict default opam-repository/"))
 (run (network host)
      (shell "opam update --depexts || true"))
 (run (shell "opam pin add -k version -yn dkim.0.3.0 0.3.0"))
 (run (cache (opam-archives (target /home/opam/.opam/download-cache)))
      (network host)
      (shell  "opam reinstall dkim.0.3.0;\
             \n        res=$?;\
             \n        test \"$res\" != 31 && exit \"$res\";\
             \n        export OPAMCLI=2.0;\
             \n        build_dir=$(opam var prefix)/.opam-switch/build;\
             \n        failed=$(ls \"$build_dir\");\
             \n        partial_fails=\"\";\
             \n        for pkg in $failed; do\
             \n          if opam show -f x-ci-accept-failures: \"$pkg\" | grep -qF \"\\\"freebsd\\\"\"; then\
             \n            echo \"A package failed and has been disabled for CI using the 'x-ci-accept-failures' field.\";\
             \n          fi;\
             \n          test \"$pkg\" != 'dkim.0.3.0' && partial_fails=\"$partial_fails $pkg\";\
             \n        done;\
             \n        test \"${partial_fails}\" != \"\" && echo \"opam-repo-ci detected dependencies failing: ${partial_fails}\";\
             \n        exit 1"))
 (run (network host)
      (shell "(opam reinstall --with-test dkim.0.3.0) || true"))
 (run (shell  "opam reinstall --with-test --verbose dkim.0.3.0;\
             \n        res=$?;\
             \n        test \"$res\" != 31 && exit \"$res\";\
             \n        export OPAMCLI=2.0;\
             \n        build_dir=$(opam var prefix)/.opam-switch/build;\
             \n        failed=$(ls \"$build_dir\");\
             \n        partial_fails=\"\";\
             \n        for pkg in $failed; do\
             \n          if opam show -f x-ci-accept-failures: \"$pkg\" | grep -qF \"\\\"freebsd\\\"\"; then\
             \n            echo \"A package failed and has been disabled for CI using the 'x-ci-accept-failures' field.\";\
             \n          fi;\
             \n          test \"$pkg\" != 'dkim.0.3.0' && partial_fails=\"$partial_fails $pkg\";\
             \n        done;\
             \n        test \"${partial_fails}\" != \"\" && echo \"opam-repo-ci detected dependencies failing: ${partial_fails}\";\
             \n        exit 1"))
)

2024-06-09 12:58.25: Waiting for resource in pool OCluster
2024-06-10 01:03.29: Waiting for worker…
2024-06-10 02:38.06: Got resource from pool OCluster
Building on spring
All commits already cached
Updating files: 100% (31477/31477), done.
HEAD is now at 25082ca018 Merge pull request #26040 from anmonteiro/patch-6
Updating 25082ca018..d062d369c7
Fast-forward
 packages/albatross/albatross.1.0.1/opam                        |  4 ++--
 packages/albatross/albatross.1.1.0/opam                        |  6 +++---
 packages/albatross/albatross.1.1.1/opam                        |  6 +++---
 packages/albatross/albatross.1.2.0/opam                        |  6 +++---
 packages/albatross/albatross.1.3.0/opam                        |  4 ++--
 packages/albatross/albatross.1.3.1/opam                        |  4 ++--
 packages/albatross/albatross.1.4.0/opam                        |  4 ++--
 packages/albatross/albatross.1.4.1/opam                        |  4 ++--
 packages/albatross/albatross.1.4.2/opam                        |  4 ++--
 packages/albatross/albatross.1.4.3/opam                        |  4 ++--
 packages/albatross/albatross.1.5.0/opam                        |  4 ++--
 packages/albatross/albatross.1.5.1/opam                        |  4 ++--
 packages/albatross/albatross.1.5.2/opam                        |  4 ++--
 packages/albatross/albatross.1.5.3/opam                        |  4 ++--
 packages/albatross/albatross.1.5.4/opam                        |  4 ++--
 packages/albatross/albatross.1.5.5/opam                        |  4 ++--
 packages/albatross/albatross.1.5.6/opam                        |  4 ++--
 packages/albatross/albatross.2.0.0/opam                        |  4 ++--
 packages/awa-lwt/awa-lwt.0.0.1/opam                            |  2 +-
 packages/awa-lwt/awa-lwt.0.0.2/opam                            |  2 +-
 packages/awa-lwt/awa-lwt.0.0.3/opam                            |  2 +-
 packages/awa-lwt/awa-lwt.0.0.4/opam                            |  2 +-
 packages/awa-lwt/awa-lwt.0.0.5/opam                            |  2 +-
 packages/awa-lwt/awa-lwt.0.1.0/opam                            |  2 +-
 packages/awa-lwt/awa-lwt.0.1.1/opam                            |  2 +-
 packages/awa-lwt/awa-lwt.0.1.2/opam                            |  2 +-
 packages/awa-lwt/awa-lwt.0.2.0/opam                            |  2 +-
 packages/awa/awa.0.0.1/opam                                    |  4 ++--
 packages/awa/awa.0.0.2/opam                                    |  4 ++--
 packages/awa/awa.0.0.3/opam                                    |  6 +++---
 packages/awa/awa.0.0.4/opam                                    |  6 +++---
 packages/awa/awa.0.0.5/opam                                    |  6 +++---
 packages/awa/awa.0.1.0/opam                                    |  6 +++---
 packages/awa/awa.0.1.1/opam                                    |  6 +++---
 packages/awa/awa.0.1.2/opam                                    |  8 ++++----
 packages/awa/awa.0.2.0/opam                                    |  8 ++++----
 packages/awa/awa.0.3.0/opam                                    |  8 ++++----
 packages/awa/awa.0.3.1/opam                                    |  8 ++++----
 packages/builder-web/builder-web.0.1.0/opam                    |  4 ++--
 packages/ca-certs-nss/ca-certs-nss.3.57/opam                   |  2 +-
 packages/ca-certs-nss/ca-certs-nss.3.59/opam                   |  2 +-
 packages/ca-certs-nss/ca-certs-nss.3.60/opam                   |  2 +-
 packages/ca-certs-nss/ca-certs-nss.3.63.1/opam                 |  2 +-
 packages/ca-certs-nss/ca-certs-nss.3.63/opam                   |  2 +-
 packages/ca-certs-nss/ca-certs-nss.3.64.0.1/opam               |  2 +-
 packages/ca-certs-nss/ca-certs-nss.3.64/opam                   |  2 +-
 packages/ca-certs-nss/ca-certs-nss.3.66/opam                   |  2 +-
 packages/ca-certs-nss/ca-certs-nss.3.71.0.1/opam               |  2 +-
 packages/ca-certs-nss/ca-certs-nss.3.71/opam                   |  2 +-
 packages/ca-certs-nss/ca-certs-nss.3.74/opam                   |  2 +-
 packages/ca-certs-nss/ca-certs-nss.3.77/opam                   |  2 +-
 packages/ca-certs-nss/ca-certs-nss.3.80/opam                   |  2 +-
 packages/ca-certs-nss/ca-certs-nss.3.83/opam                   |  2 +-
 packages/ca-certs-nss/ca-certs-nss.3.86/opam                   |  2 +-
 packages/ca-certs-nss/ca-certs-nss.3.89.1/opam                 |  2 +-
 packages/ca-certs-nss/ca-certs-nss.3.92/opam                   |  2 +-
 packages/ca-certs-nss/ca-certs-nss.3.95/opam                   |  2 +-
 packages/ca-certs-nss/ca-certs-nss.3.98/opam                   |  2 +-
 packages/ca-certs/ca-certs.0.1.2/opam                          |  2 +-
 packages/ca-certs/ca-certs.0.1.3/opam                          |  2 +-
 packages/ca-certs/ca-certs.0.2.0/opam                          |  2 +-
 packages/ca-certs/ca-certs.0.2.1/opam                          |  2 +-
 packages/ca-certs/ca-certs.0.2.2/opam                          |  2 +-
 packages/ca-certs/ca-certs.0.2.3/opam                          |  2 +-
 packages/caldav/caldav.0.1.0/opam                              |  4 ++--
 packages/caldav/caldav.0.1.1/opam                              |  4 ++--
 packages/caldav/caldav.0.2.0/opam                              |  4 ++--
 packages/caldav/caldav.0.2.1/opam                              |  4 ++--
 packages/caldav/caldav.0.2.2/opam                              |  6 +++---
 packages/capnp-rpc-mirage/capnp-rpc-mirage.0.9.0/opam          |  2 +-
 packages/capnp-rpc-mirage/capnp-rpc-mirage.1.0/opam            |  2 +-
 packages/capnp-rpc-mirage/capnp-rpc-mirage.1.1/opam            |  2 +-
 packages/capnp-rpc-mirage/capnp-rpc-mirage.1.2.1/opam          |  2 +-
 packages/capnp-rpc-mirage/capnp-rpc-mirage.1.2.2/opam          |  2 +-
 packages/capnp-rpc-mirage/capnp-rpc-mirage.1.2.3/opam          |  2 +-
 packages/capnp-rpc-mirage/capnp-rpc-mirage.1.2/opam            |  2 +-
 packages/capnp-rpc-net/capnp-rpc-net.0.9.0/opam                |  4 ++--
 packages/capnp-rpc-net/capnp-rpc-net.1.0/opam                  |  4 ++--
 packages/capnp-rpc-net/capnp-rpc-net.1.1/opam                  |  4 ++--
 packages/capnp-rpc-net/capnp-rpc-net.1.2.1/opam                |  4 ++--
 packages/capnp-rpc-net/capnp-rpc-net.1.2.2/opam                |  4 ++--
 packages/capnp-rpc-net/capnp-rpc-net.1.2.3/opam                |  4 ++--
 packages/capnp-rpc-net/capnp-rpc-net.1.2/opam                  |  4 ++--
 packages/capnp-rpc-unix/capnp-rpc-unix.1.2.3/opam              |  2 +-
 packages/caqti-eio/caqti-eio.2.1.1/opam                        |  4 ++--
 packages/carbon/carbon.0.1.0/opam                              |  2 +-
 packages/certify/certify.0.3.3/opam                            |  2 +-
 packages/chacha/chacha.1.0.0/opam                              |  2 +-
 packages/chacha/chacha.1.1.0/opam                              |  2 +-
 packages/chamelon-unix/chamelon-unix.0.0.10/opam               |  2 +-
 packages/chamelon-unix/chamelon-unix.0.0.9.1/opam              |  2 +-
 packages/chamelon-unix/chamelon-unix.0.1.1/opam                |  2 +-
 packages/chamelon-unix/chamelon-unix.0.1.2/opam                |  2 +-
 packages/chamelon/chamelon.0.0.10/opam                         |  2 +-
 packages/chamelon/chamelon.0.0.9.1/opam                        |  2 +-
 packages/chamelon/chamelon.0.1.1/opam                          |  2 +-
 packages/chamelon/chamelon.0.1.2/opam                          |  2 +-
 packages/cohttp-async/cohttp-async.3.0.0/opam                  |  2 +-
 packages/cohttp-async/cohttp-async.4.0.0/opam                  |  2 +-
 packages/cohttp-async/cohttp-async.4.1.1/opam                  |  2 +-
 packages/cohttp-async/cohttp-async.4.1.2/opam                  |  2 +-
 packages/cohttp-async/cohttp-async.5.0.0/opam                  |  2 +-
 packages/cohttp-async/cohttp-async.5.1.0/opam                  |  2 +-
 packages/cohttp-async/cohttp-async.5.2.0/opam                  |  2 +-
 packages/cohttp-async/cohttp-async.5.3.0/opam                  |  2 +-
 packages/cohttp-async/cohttp-async.6.0.0~alpha0/opam           |  2 +-
 packages/cohttp-async/cohttp-async.6.0.0~alpha1/opam           |  2 +-
 packages/cohttp-async/cohttp-async.6.0.0~alpha2/opam           |  2 +-
 packages/cohttp-async/cohttp-async.6.0.0~beta2/opam            |  2 +-
 packages/cohttp-eio/cohttp-eio.6.0.0~beta2/opam                |  2 +-
 packages/conduit-async-tls/conduit-async-tls.3.0.0/opam        |  2 +-
 packages/conduit-lwt-tls/conduit-lwt-tls.3.0.0/opam            |  4 ++--
 packages/conex-mirage-crypto/conex-mirage-crypto.0.11.1/opam   |  4 ++--
 packages/current_git/current_git.0.5/opam                      |  2 +-
 packages/current_git/current_git.0.6.1/opam                    |  2 +-
 packages/current_git/current_git.0.6.2/opam                    |  2 +-
 packages/current_git/current_git.0.6.4/opam                    |  2 +-
 packages/current_git/current_git.0.6.6/opam                    |  2 +-
 packages/current_git/current_git.0.6/opam                      |  2 +-
 packages/current_github/current_github.0.2/opam                |  4 ++--
 packages/current_github/current_github.0.3/opam                |  4 ++--
 packages/current_github/current_github.0.4/opam                |  4 ++--
 packages/current_github/current_github.0.5/opam                |  4 ++--
 packages/current_github/current_github.0.6.1/opam              |  4 ++--
 packages/current_github/current_github.0.6.2/opam              |  4 ++--
 packages/current_github/current_github.0.6.4/opam              |  4 ++--
 packages/current_github/current_github.0.6.6/opam              |  4 ++--
 packages/current_github/current_github.0.6/opam                |  4 ++--
 packages/current_web/current_web.0.4/opam                      |  2 +-
 packages/current_web/current_web.0.5/opam                      |  2 +-
 packages/current_web/current_web.0.6.1/opam                    |  2 +-
 packages/current_web/current_web.0.6.2/opam                    |  2 +-
 packages/current_web/current_web.0.6.4/opam                    |  6 +++---
 packages/current_web/current_web.0.6.6/opam                    |  6 +++---
 packages/current_web/current_web.0.6/opam                      |  2 +-
 .../dirsp-proscript-mirage/dirsp-proscript-mirage.0.1.0/opam   |  2 +-
 packages/dkim-mirage/dkim-mirage.0.2.0/opam                    |  2 +-
 packages/dkim-mirage/dkim-mirage.0.3.0/opam                    |  2 +-
 packages/dkim-mirage/dkim-mirage.0.3.1/opam                    |  2 +-
 packages/dkim-mirage/dkim-mirage.0.4.0/opam                    |  2 +-
 packages/dkim-mirage/dkim-mirage.0.5.0/opam                    |  2 +-
 packages/dkim-mirage/dkim-mirage.0.6.0/opam                    |  2 +-
 packages/dkim/dkim.0.1.0/opam                                  |  4 ++--
 packages/dkim/dkim.0.2.0/opam                                  |  4 ++--
 packages/dkim/dkim.0.3.0/opam                                  |  4 ++--
 packages/dkim/dkim.0.3.1/opam                                  |  4 ++--
 packages/dkim/dkim.0.4.0/opam                                  |  4 ++--
 packages/dkim/dkim.0.5.0/opam                                  |  6 +++---
 packages/dkim/dkim.0.6.0/opam                                  |  6 +++---
 packages/dns-certify/dns-certify.4.6.3/opam                    |  4 ++--
 packages/dns-certify/dns-certify.5.0.0/opam                    |  4 ++--
 packages/dns-certify/dns-certify.5.0.1/opam                    |  6 +++---
 packages/dns-certify/dns-certify.6.0.0/opam                    |  6 +++---
 packages/dns-certify/dns-certify.6.0.1/opam                    |  6 +++---
 packages/dns-certify/dns-certify.6.0.2/opam                    |  6 +++---
 packages/dns-certify/dns-certify.6.1.0/opam                    |  6 +++---
 packages/dns-certify/dns-certify.6.1.1/opam                    |  6 +++---
 packages/dns-certify/dns-certify.6.1.2/opam                    |  6 +++---
 packages/dns-certify/dns-certify.6.1.3/opam                    |  6 +++---
 packages/dns-certify/dns-certify.6.1.4/opam                    |  6 +++---
 packages/dns-certify/dns-certify.6.2.0/opam                    |  6 +++---
 packages/dns-certify/dns-certify.6.2.1/opam                    |  6 +++---
 packages/dns-certify/dns-certify.6.2.2/opam                    |  6 +++---
 packages/dns-certify/dns-certify.6.3.0/opam                    |  6 +++---
 packages/dns-certify/dns-certify.6.4.0/opam                    |  6 +++---
 packages/dns-certify/dns-certify.6.4.1/opam                    |  6 +++---
 packages/dns-certify/dns-certify.7.0.0/opam                    |  6 +++---
 packages/dns-certify/dns-certify.7.0.1/opam                    |  6 +++---
 packages/dns-certify/dns-certify.7.0.2/opam                    |  6 +++---
 packages/dns-certify/dns-certify.7.0.3/opam                    |  6 +++---
 packages/dns-certify/dns-certify.8.0.0/opam                    |  6 +++---
 packages/dns-cli/dns-cli.4.4.0/opam                            |  4 ++--
 packages/dns-cli/dns-cli.4.4.1/opam                            |  4 ++--
 packages/dns-cli/dns-cli.4.5.0/opam                            |  4 ++--
 packages/dns-cli/dns-cli.4.6.0/opam                            |  2 +-
 packages/dns-cli/dns-cli.4.6.1/opam                            |  4 ++--
 packages/dns-cli/dns-cli.4.6.2/opam                            |  4 ++--
 packages/dns-cli/dns-cli.4.6.3/opam                            |  6 +++---
 packages/dns-cli/dns-cli.5.0.0/opam                            |  6 +++---
 packages/dns-cli/dns-cli.5.0.1/opam                            |  6 +++---
 packages/dns-cli/dns-cli.6.0.0/opam                            |  6 +++---
 packages/dns-cli/dns-cli.6.0.1/opam                            |  6 +++---
 packages/dns-cli/dns-cli.6.0.2/opam                            |  6 +++---
 packages/dns-cli/dns-cli.6.1.0/opam                            |  6 +++---
 packages/dns-cli/dns-cli.6.1.1/opam                            |  6 +++---
 packages/dns-cli/dns-cli.6.1.2/opam                            |  6 +++---
 packages/dns-cli/dns-cli.6.1.3/opam                            |  6 +++---
 packages/dns-cli/dns-cli.6.1.4/opam                            |  6 +++---
 packages/dns-cli/dns-cli.6.2.0/opam                            |  6 +++---
 packages/dns-cli/dns-cli.6.2.1/opam                            |  6 +++---
 packages/dns-cli/dns-cli.6.2.2/opam                            |  6 +++---
 packages/dns-cli/dns-cli.6.3.0/opam                            |  6 +++---
 packages/dns-cli/dns-cli.6.4.0/opam                            |  6 +++---
 packages/dns-cli/dns-cli.6.4.1/opam                            |  6 +++---
 packages/dns-cli/dns-cli.7.0.0/opam                            |  6 +++---
 packages/dns-cli/dns-cli.7.0.1/opam                            |  6 +++---
 packages/dns-cli/dns-cli.7.0.2/opam                            |  6 +++---
 packages/dns-cli/dns-cli.7.0.3/opam                            |  6 +++---
 packages/dns-cli/dns-cli.8.0.0/opam                            |  6 +++---
 packages/dns-client-lwt/dns-client-lwt.7.0.0/opam              |  2 +-
 packages/dns-client-lwt/dns-client-lwt.7.0.1/opam              |  2 +-
 packages/dns-client-lwt/dns-client-lwt.7.0.2/opam              |  2 +-
 packages/dns-client-lwt/dns-client-lwt.7.0.3/opam              |  2 +-
 packages/dns-client-lwt/dns-client-lwt.8.0.0/opam              |  2 +-
 packages/dns-client/dns-client.6.0.0/opam                      |  2 +-
 packages/dns-client/dns-client.6.0.1/opam                      |  2 +-
 packages/dns-client/dns-client.6.0.2/opam                      |  2 +-
 packages/dns-client/dns-client.6.1.0/opam                      |  2 +-
 packages/dns-client/dns-client.6.1.1/opam                      |  2 +-
 packages/dns-client/dns-client.6.1.2/opam                      |  2 +-
 packages/dns-client/dns-client.6.1.3/opam                      |  2 +-
 packages/dns-client/dns-client.6.1.4/opam                      |  2 +-
 packages/dns-client/dns-client.6.2.0/opam                      |  2 +-
 packages/dns-client/dns-client.6.2.1/opam                      |  2 +-
 packages/dns-client/dns-client.6.2.2/opam                      |  2 +-
 packages/dns-client/dns-client.6.3.0/opam                      |  2 +-
 packages/dns-client/dns-client.6.4.0/opam                      |  2 +-
 packages/dns-client/dns-client.6.4.1/opam                      |  2 +-
 packages/dns-client/dns-client.7.0.0/opam                      |  2 +-
 packages/dns-client/dns-client.7.0.1/opam                      |  2 +-
 packages/dns-client/dns-client.7.0.2/opam                      |  2 +-
 packages/dns-client/dns-client.7.0.3/opam                      |  2 +-
 packages/dns-client/dns-client.8.0.0/opam                      |  2 +-
 packages/dns-server/dns-server.7.0.0/opam                      |  2 +-
 packages/dns-server/dns-server.7.0.1/opam                      |  2 +-
 packages/dns-server/dns-server.7.0.2/opam                      |  2 +-
 packages/dns-server/dns-server.7.0.3/opam                      |  2 +-
 packages/dns-server/dns-server.8.0.0/opam                      |  2 +-
 packages/dns-tsig/dns-tsig.4.4.0/opam                          |  2 +-
 packages/dns-tsig/dns-tsig.4.4.1/opam                          |  2 +-
 packages/dns-tsig/dns-tsig.4.5.0/opam                          |  2 +-
 packages/dns-tsig/dns-tsig.4.6.0/opam                          |  2 +-
 packages/dns-tsig/dns-tsig.4.6.1/opam                          |  2 +-
 packages/dns-tsig/dns-tsig.4.6.2/opam                          |  2 +-
 packages/dns-tsig/dns-tsig.4.6.3/opam                          |  2 +-
 packages/dns-tsig/dns-tsig.5.0.0/opam                          |  2 +-
 packages/dns-tsig/dns-tsig.5.0.1/opam                          |  2 +-
 packages/dns-tsig/dns-tsig.6.0.0/opam                          |  2 +-
 packages/dns-tsig/dns-tsig.6.0.1/opam                          |  2 +-
 packages/dns-tsig/dns-tsig.6.0.2/opam                          |  2 +-
 packages/dns-tsig/dns-tsig.6.1.0/opam                          |  2 +-
 packages/dns-tsig/dns-tsig.6.1.1/opam                          |  2 +-
 packages/dns-tsig/dns-tsig.6.1.2/opam                          |  2 +-
 packages/dns-tsig/dns-tsig.6.1.3/opam                          |  2 +-
 packages/dns-tsig/dns-tsig.6.1.4/opam                          |  2 +-
 packages/dns-tsig/dns-tsig.6.2.0/opam                          |  2 +-
 packages/dns-tsig/dns-tsig.6.2.1/opam                          |  2 +-
 packages/dns-tsig/dns-tsig.6.2.2/opam                          |  2 +-
 packages/dns-tsig/dns-tsig.6.3.0/opam                          |  2 +-
 packages/dns-tsig/dns-tsig.6.4.0/opam                          |  2 +-
 packages/dns-tsig/dns-tsig.6.4.1/opam                          |  2 +-
 packages/dns-tsig/dns-tsig.7.0.0/opam                          |  2 +-
 packages/dns-tsig/dns-tsig.7.0.1/opam                          |  2 +-
 packages/dns-tsig/dns-tsig.7.0.2/opam                          |  2 +-
 packages/dns-tsig/dns-tsig.7.0.3/opam                          |  2 +-
 packages/dns-tsig/dns-tsig.8.0.0/opam                          |  2 +-
 packages/dnssec/dnssec.6.2.0/opam                              |  6 +++---
 packages/dnssec/dnssec.6.2.1/opam                              |  6 +++---
 packages/dnssec/dnssec.6.2.2/opam                              |  6 +++---
 packages/dnssec/dnssec.6.3.0/opam                              |  6 +++---
 packages/dnssec/dnssec.6.4.0/opam                              |  6 +++---
 packages/dnssec/dnssec.6.4.1/opam                              |  6 +++---
 packages/dnssec/dnssec.7.0.0/opam                              |  6 +++---
 packages/dnssec/dnssec.7.0.1/opam                              |  6 +++---
 packages/dnssec/dnssec.7.0.2/opam                              |  6 +++---
 packages/dnssec/dnssec.7.0.3/opam                              |  6 +++---
 packages/dnssec/dnssec.8.0.0/opam                              |  6 +++---
 packages/dream/dream.1.0.0~alpha1/opam                         |  2 +-
 packages/dream/dream.1.0.0~alpha2/opam                         |  2 +-
 packages/dream/dream.1.0.0~alpha3/opam                         |  2 +-
 packages/dream/dream.1.0.0~alpha4/opam                         |  2 +-
 packages/dream/dream.1.0.0~alpha5/opam                         |  6 +++---
 packages/dream/dream.1.0.0~alpha6/opam                         |  9 ++++-----
 packages/git-mirage/git-mirage.2.1.3/opam                      |  2 +-
 packages/git-mirage/git-mirage.3.10.0/opam                     |  2 +-
 packages/git-mirage/git-mirage.3.10.1/opam                     |  2 +-
 packages/git-mirage/git-mirage.3.11.0/opam                     |  2 +-
 packages/git-mirage/git-mirage.3.12.0/opam                     |  2 +-
 packages/git-mirage/git-mirage.3.13.0/opam                     |  2 +-
 packages/git-mirage/git-mirage.3.14.0/opam                     |  2 +-
 packages/git-mirage/git-mirage.3.15.0/opam                     |  2 +-
 packages/git-mirage/git-mirage.3.16.0/opam                     |  2 +-
 packages/git-mirage/git-mirage.3.7.0/opam                      |  2 +-
 packages/git-mirage/git-mirage.3.7.1/opam                      |  2 +-
 packages/git-mirage/git-mirage.3.8.0/opam                      |  2 +-
 packages/git-mirage/git-mirage.3.8.1/opam                      |  2 +-
 packages/git-mirage/git-mirage.3.9.0/opam                      |  2 +-
 packages/git-mirage/git-mirage.3.9.1/opam                      |  2 +-
 packages/git-unix/git-unix.3.0.0/opam                          |  2 +-
 packages/git-unix/git-unix.3.1.0/opam                          |  2 +-
 packages/git-unix/git-unix.3.1.1/opam                          |  2 +-
 packages/git-unix/git-unix.3.10.0/opam                         |  2 +-
 packages/git-unix/git-unix.3.10.1/opam                         |  2 +-
 packages/git-unix/git-unix.3.11.0/opam                         |  2 +-
 packages/git-unix/git-unix.3.12.0/opam                         |  2 +-
 packages/git-unix/git-unix.3.13.0/opam                         |  2 +-
 packages/git-unix/git-unix.3.14.0/opam                         |  2 +-
 packages/git-unix/git-unix.3.15.0/opam                         |  2 +-
 packages/git-unix/git-unix.3.16.0/opam                         |  2 +-
 packages/git-unix/git-unix.3.2.0/opam                          |  2 +-
 packages/git-unix/git-unix.3.3.0/opam                          |  2 +-
 packages/git-unix/git-unix.3.3.1/opam                          |  2 +-
 packages/git-unix/git-unix.3.3.2/opam                          |  2 +-
 packages/git-unix/git-unix.3.3.3/opam                          |  2 +-
 packages/git-unix/git-unix.3.4.0/opam                          |  2 +-
 packages/git-unix/git-unix.3.5.0/opam                          |  2 +-
 packages/git-unix/git-unix.3.6.0/opam                          |  2 +-
 packages/git-unix/git-unix.3.7.0/opam                          |  2 +-
 packages/git-unix/git-unix.3.7.1/opam                          |  2 +-
 packages/git-unix/git-unix.3.8.0/opam                          |  2 +-
 packages/git-unix/git-unix.3.8.1/opam                          |  2 +-
 packages/git-unix/git-unix.3.9.0/opam                          |  2 +-
 packages/git-unix/git-unix.3.9.1/opam                          |  2 +-
 packages/git/git.3.0.0/opam                                    |  2 +-
 packages/git/git.3.1.0/opam                                    |  2 +-
 packages/git/git.3.1.1/opam                                    |  2 +-
 packages/git/git.3.10.0/opam                                   |  2 +-
 packages/git/git.3.10.1/opam                                   |  2 +-
 packages/git/git.3.11.0/opam                                   |  2 +-
 packages/git/git.3.12.0/opam                                   |  2 +-
 packages/git/git.3.13.0/opam                                   |  2 +-
 packages/git/git.3.14.0/opam                                   |  2 +-
 packages/git/git.3.15.0/opam                                   |  2 +-
 packages/git/git.3.16.0/opam                                   |  2 +-
 packages/git/git.3.2.0/opam                                    |  2 +-
 packages/git/git.3.3.0/opam                                    |  6 +++---
 packages/git/git.3.3.1/opam                                    |  2 +-
 packages/git/git.3.3.2/opam                                    |  2 +-
 packages/git/git.3.3.3/opam                                    |  2 +-
 packages/git/git.3.4.0/opam                                    |  2 +-
 packages/git/git.3.5.0/opam                                    |  2 +-
 packages/git/git.3.6.0/opam                                    |  2 +-
 packages/git/git.3.7.0/opam                                    |  2 +-
 packages/git/git.3.7.1/opam                                    |  2 +-
 packages/git/git.3.8.0/opam                                    |  2 +-
 packages/git/git.3.8.1/opam                                    |  2 +-
 packages/git/git.3.9.0/opam                                    |  2 +-
 packages/git/git.3.9.1/opam                                    |  2 +-
 packages/hkdf/hkdf.1.0.4/opam                                  |  2 +-
 packages/http-mirage-client/http-mirage-client.0.0.3/opam      |  2 +-
 packages/http-mirage-client/http-mirage-client.0.0.4/opam      |  2 +-
 packages/http-mirage-client/http-mirage-client.0.0.5/opam      |  2 +-
 packages/hyper/hyper.1.0.0~alpha2/opam                         |  4 ++--
 packages/jose/jose.0.5.0/opam                                  |  2 +-
 packages/jose/jose.0.5.1/opam                                  |  2 +-
 packages/jose/jose.0.6.0/opam                                  |  2 +-
 packages/jose/jose.0.7.0/opam                                  |  2 +-
 packages/jose/jose.0.8.1/opam                                  |  2 +-
 packages/jose/jose.0.8.2/opam                                  |  2 +-
 packages/jose/jose.0.9.0/opam                                  |  2 +-
 packages/letsencrypt-app/letsencrypt-app.0.5.0/opam            |  2 +-
 packages/letsencrypt-app/letsencrypt-app.0.5.1/opam            |  2 +-
 packages/letsencrypt/letsencrypt.0.2.1/opam                    |  6 +++---
 packages/letsencrypt/letsencrypt.0.2.2/opam                    |  6 +++---
 packages/letsencrypt/letsencrypt.0.2.3/opam                    |  6 +++---
 packages/letsencrypt/letsencrypt.0.2.4/opam                    |  6 +++---
 packages/letsencrypt/letsencrypt.0.2.5/opam                    |  6 +++---
 packages/letsencrypt/letsencrypt.0.3.0/opam                    |  6 +++---
 packages/letsencrypt/letsencrypt.0.4.0/opam                    |  8 ++++----
 packages/letsencrypt/letsencrypt.0.4.1/opam                    |  8 ++++----
 packages/letsencrypt/letsencrypt.0.5.0/opam                    | 10 +++++-----
 packages/letsencrypt/letsencrypt.0.5.1/opam                    | 10 +++++-----
 packages/miou/miou.0.0.1~beta1/opam                            |  2 +-
 packages/miou/miou.0.0.1~beta2/opam                            |  2 +-
 packages/miou/miou.0.1.0/opam                                  |  2 +-
 packages/miou/miou.0.2.0/opam                                  |  2 +-
 packages/mirage-block-ccm/mirage-block-ccm.2.0.0/opam          |  4 ++--
 packages/mirage-vnetif-stack/mirage-vnetif-stack.0.6.1/opam    |  2 +-
 packages/mirage-vnetif-stack/mirage-vnetif-stack.0.6.2/opam    |  2 +-
 packages/mrmime/mrmime.0.5.0/opam                              |  2 +-
 packages/mrmime/mrmime.0.6.0/opam                              |  2 +-
 packages/mrmime/mrmime.0.6.1/opam                              |  2 +-
 packages/ocluster/ocluster.0.1/opam                            |  2 +-
 packages/ocluster/ocluster.0.2.1/opam                          |  6 +++---
 packages/ocluster/ocluster.0.2/opam                            |  2 +-
 packages/ocluster/ocluster.0.3.0/opam                          |  6 +++---
 packages/oidc/oidc.0.1.0/opam                                  |  6 +++---
 packages/oidc/oidc.0.1.1/opam                                  |  6 +++---
 packages/opium/opium.0.19.0/opam                               |  2 +-
 packages/opium/opium.0.20.0/opam                               |  2 +-
 packages/otr/otr.0.3.10/opam                                   |  4 ++--
 packages/otr/otr.0.3.7/opam                                    |  6 +++---
 packages/otr/otr.0.3.8/opam                                    |  4 ++--
 packages/otr/otr.0.3.9/opam                                    |  4 ++--
 packages/paf-cohttp/paf-cohttp.0.0.4/opam                      |  2 +-
 packages/paf-cohttp/paf-cohttp.0.0.5/opam                      |  2 +-
 packages/paf-cohttp/paf-cohttp.0.1.0/opam                      |  2 +-
 packages/paf-cohttp/paf-cohttp.0.5.0/opam                      |  2 +-
 packages/paf-cohttp/paf-cohttp.0.6.0/opam                      |  2 +-
 packages/paf/paf.0.0.1/opam                                    |  2 +-
 packages/paf/paf.0.0.2/opam                                    |  2 +-
 packages/paf/paf.0.0.3/opam                                    |  2 +-
 packages/paf/paf.0.0.4/opam                                    |  2 +-
 packages/paf/paf.0.0.5/opam                                    |  2 +-
 packages/paf/paf.0.5.0/opam                                    |  2 +-
 packages/paf/paf.0.6.0/opam                                    |  2 +-
 packages/pbkdf/pbkdf.1.1.0/opam                                |  2 +-
 packages/pbkdf/pbkdf.1.2.0/opam                                |  2 +-
 packages/random/random.0.0.1/opam                              |  4 ++--
 packages/rfc6287/rfc6287.1.0.4/opam                            |  6 +++---
 packages/riot/riot.0.0.8/opam                                  |  4 ++--
 packages/riot/riot.0.0.9/opam                                  |  4 ++--
 packages/salsa20/salsa20.1.1.0/opam                            |  2 +-
 packages/salsa20/salsa20.1.2.0/opam                            |  2 +-
 packages/scrypt-kdf/scrypt-kdf.1.1.0/opam                      |  2 +-
 packages/scrypt-kdf/scrypt-kdf.1.2.0/opam                      |  2 +-
 packages/session/session.0.5.0/opam                            |  4 ++--
 packages/spoke/spoke.0.0.2/opam                                |  2 +-
 packages/ssh-agent/ssh-agent.0.2.1/opam                        |  4 ++--
 packages/ssh-agent/ssh-agent.0.3.0/opam                        |  4 ++--
 packages/ssh-agent/ssh-agent.0.3.1/opam                        |  4 ++--
 packages/ssh-agent/ssh-agent.0.4.0/opam                        |  6 +++---
 packages/ssh-agent/ssh-agent.0.4.1/opam                        |  8 ++++----
 packages/starred_ml/starred_ml.0.0.2/opam                      |  2 +-
 packages/starred_ml/starred_ml.0.0.3/opam                      |  2 +-
 packages/starred_ml/starred_ml.0.0.4/opam                      |  2 +-
 packages/starred_ml/starred_ml.0.0.5/opam                      |  2 +-
 packages/tcpip/tcpip.8.0.2/opam                                |  2 +-
 packages/tcpip/tcpip.8.1.0/opam                                |  2 +-
 packages/tls-async/tls-async.0.13.2/opam                       |  2 +-
 packages/tls-async/tls-async.0.14.0/opam                       |  2 +-
 packages/tls-async/tls-async.0.14.1/opam                       |  2 +-
 packages/tls-async/tls-async.0.15.0/opam                       |  2 +-
 packages/tls-async/tls-async.0.15.1/opam                       |  2 +-
 packages/tls-async/tls-async.0.15.2/opam                       |  2 +-
 packages/tls-async/tls-async.0.15.3/opam                       |  2 +-
 packages/tls-async/tls-async.0.15.4/opam                       |  2 +-
 packages/tls-async/tls-async.0.16.0/opam                       |  2 +-
 packages/tls-async/tls-async.0.17.0/opam                       |  2 +-
 packages/tls-async/tls-async.0.17.1/opam                       |  2 +-
 packages/tls-async/tls-async.0.17.3/opam                       |  2 +-
 packages/tls-async/tls-async.0.17.4/opam                       |  2 +-
 packages/tls-async/tls-async.0.17.5/opam                       |  2 +-
 packages/tls-eio/tls-eio.0.15.4/opam                           |  6 +++---
 packages/tls-eio/tls-eio.0.15.5/opam                           |  6 +++---
 packages/tls-eio/tls-eio.0.16.0/opam                           |  8 ++++----
 packages/tls-eio/tls-eio.0.17.0/opam                           |  8 ++++----
 packages/tls-eio/tls-eio.0.17.1/opam                           |  8 ++++----
 packages/tls-eio/tls-eio.0.17.2/opam                           | 10 +++++-----
 packages/tls-eio/tls-eio.0.17.3/opam                           | 10 +++++-----
 packages/tls-eio/tls-eio.0.17.4/opam                           | 10 +++++-----
 packages/tls-eio/tls-eio.0.17.5/opam                           | 10 +++++-----
 packages/tls-lwt/tls-lwt.0.16.0/opam                           |  2 +-
 packages/tls-lwt/tls-lwt.0.17.0/opam                           |  2 +-
 packages/tls-lwt/tls-lwt.0.17.1/opam                           |  2 +-
 packages/tls-lwt/tls-lwt.0.17.3/opam                           |  2 +-
 packages/tls-lwt/tls-lwt.0.17.4/opam                           |  2 +-
 packages/tls-lwt/tls-lwt.0.17.5/opam                           |  2 +-
 packages/tls-mirage/tls-mirage.0.11.0/opam                     |  4 ++--
 packages/tls-mirage/tls-mirage.0.11.1/opam                     |  4 ++--
 packages/tls-mirage/tls-mirage.0.12.0/opam                     |  4 ++--
 packages/tls-mirage/tls-mirage.0.12.1/opam                     |  4 ++--
 packages/tls-mirage/tls-mirage.0.12.2/opam                     |  4 ++--
 packages/tls-mirage/tls-mirage.0.12.3/opam                     |  4 ++--
 packages/tls-mirage/tls-mirage.0.12.4/opam                     |  4 ++--
 packages/tls-mirage/tls-mirage.0.12.5/opam                     |  4 ++--
 packages/tls-mirage/tls-mirage.0.12.6/opam                     |  4 ++--
 packages/tls-mirage/tls-mirage.0.12.7/opam                     |  4 ++--
 packages/tls-mirage/tls-mirage.0.12.8/opam                     |  4 ++--
 packages/tls-mirage/tls-mirage.0.13.0/opam                     |  4 ++--
 packages/tls-mirage/tls-mirage.0.13.1/opam                     |  4 ++--
 packages/tls-mirage/tls-mirage.0.13.2/opam                     |  4 ++--
 packages/tls-mirage/tls-mirage.0.14.0/opam                     |  4 ++--
 packages/tls-mirage/tls-mirage.0.14.1/opam                     |  4 ++--
 packages/tls-mirage/tls-mirage.0.15.0/opam                     |  4 ++--
 packages/tls-mirage/tls-mirage.0.15.1/opam                     |  4 ++--
 packages/tls-mirage/tls-mirage.0.15.2/opam                     |  4 ++--
 packages/tls-mirage/tls-mirage.0.15.3/opam                     |  4 ++--
 packages/tls-mirage/tls-mirage.0.15.4/opam                     |  4 ++--
 packages/tls-mirage/tls-mirage.0.16.0/opam                     |  4 ++--
 packages/tls-mirage/tls-mirage.0.17.0/opam                     |  4 ++--
 packages/tls-mirage/tls-mirage.0.17.1/opam                     |  4 ++--
 packages/tls-mirage/tls-mirage.0.17.3/opam                     |  4 ++--
 packages/tls-mirage/tls-mirage.0.17.4/opam                     |  4 ++--
 packages/tls-mirage/tls-mirage.0.17.5/opam                     |  4 ++--
 packages/tls/tls.0.11.0/opam                                   |  2 +-
 packages/tls/tls.0.11.1/opam                                   |  2 +-
 packages/tls/tls.0.12.0/opam                                   |  2 +-
 packages/tls/tls.0.12.1/opam                                   |  2 +-
 packages/tls/tls.0.12.2/opam                                   |  2 +-
 packages/tls/tls.0.12.3/opam                                   |  4 ++--
 packages/tls/tls.0.12.4/opam                                   |  4 ++--
 packages/tls/tls.0.12.5/opam                                   |  4 ++--
 packages/tls/tls.0.12.6/opam                                   |  4 ++--
 packages/tls/tls.0.12.7/opam                                   |  4 ++--
 packages/tls/tls.0.12.8/opam                                   |  4 ++--
 packages/tls/tls.0.13.0/opam                                   |  4 ++--
 packages/tls/tls.0.13.1/opam                                   |  6 +++---
 packages/tls/tls.0.13.2/opam                                   |  6 +++---
 packages/tls/tls.0.14.0/opam                                   |  6 +++---
 packages/tls/tls.0.14.1/opam                                   |  6 +++---
 packages/tls/tls.0.15.0/opam                                   |  6 +++---
 packages/tls/tls.0.15.1/opam                                   |  6 +++---
 packages/tls/tls.0.15.2/opam                                   |  6 +++---
 packages/tls/tls.0.15.3/opam                                   |  6 +++---
 packages/tls/tls.0.15.4/opam                                   |  6 +++---
 packages/tls/tls.0.16.0/opam                                   |  8 ++++----
 packages/tls/tls.0.17.0/opam                                   |  8 ++++----
 packages/tls/tls.0.17.1/opam                                   |  8 ++++----
 packages/tls/tls.0.17.3/opam                                   |  8 ++++----
 packages/tls/tls.0.17.4/opam                                   |  8 ++++----
 packages/tls/tls.0.17.5/opam                                   |  8 ++++----
 packages/twostep/twostep.1.0.1/opam                            |  4 ++--
 packages/u2f/u2f.0.1.0/opam                                    |  4 ++--
 packages/u2f/u2f.0.1.1/opam                                    |  4 ++--
 packages/u2f/u2f.0.1.2/opam                                    |  4 ++--
 packages/webauthn/webauthn.0.1.0/opam                          |  4 ++--
 packages/x509/x509.0.10.0/opam                                 |  4 ++--
 packages/x509/x509.0.11.0/opam                                 |  4 ++--
 packages/x509/x509.0.11.1/opam                                 |  4 ++--
 packages/x509/x509.0.11.2/opam                                 |  4 ++--
 packages/x509/x509.0.12.0/opam                                 | 10 +++++-----
 packages/x509/x509.0.13.0/opam                                 |  8 ++++----
 packages/x509/x509.0.14.0/opam                                 |  8 ++++----
 packages/x509/x509.0.14.1/opam                                 |  8 ++++----
 packages/x509/x509.0.15.0/opam                                 |  8 ++++----
 packages/x509/x509.0.15.1/opam                                 |  8 ++++----
 packages/x509/x509.0.15.2/opam                                 |  8 ++++----
 packages/x509/x509.0.16.0/opam                                 |  8 ++++----
 packages/x509/x509.0.16.1/opam                                 |  8 ++++----
 packages/x509/x509.0.16.2/opam                                 |  8 ++++----
 packages/x509/x509.0.16.3/opam                                 |  8 ++++----
 packages/x509/x509.0.16.4/opam                                 | 10 +++++-----
 packages/x509/x509.0.16.5/opam                                 | 10 +++++-----
 524 files changed, 933 insertions(+), 934 deletions(-)

[01;34m(from freebsd-ocaml-4.14)[0m
[01;2m[01;35m2024-06-10 02:32.21 ---> using "57eeeabfec88366322a66f228a693df277d348dc99f1cc2a63749102c5e1e405" from cache[0m

[01;34m/: (user (uid 1000) (gid 1000))[0m

[01;34m/: (workdir /home/opam)[0m

[01;34m/home/opam: (run (shell "sudo ln -f /usr/local/bin/opam-dev /usr/local/bin/opam"))[0m
[01;2m[01;35m2024-06-10 02:32.22 ---> using "85d5eb985f2262919a26a9cdcf048ce0967ef341a4c5d41a4d1a47b077ffa8eb" from cache[0m

[01;34m/home/opam: (run (network host)
                 (shell "opam init --reinit -ni"))[0m
No configuration file found, using built-in defaults.
Checking for available remotes: rsync and local, git.
  - you won't be able to use mercurial repositories unless you install the hg command on your system.
  - you won't be able to use darcs repositories unless you install the darcs command on your system.

This development version of opam requires an update to the layout of /home/opam/.opam from version 2.1 to version 2.2~beta, which can't be reverted.
You may want to back it up before going further.

Continue? [y/n] y
[NOTE] The 'jobs' option was reset, its value was 1 and its new value will vary according to the current number of cores on your machine. You can restore the fixed value using:
           opam option jobs=1 --global
Format upgrade done.

<><> Updating repositories ><><><><><><><><><><><><><><><><><><><><><><><><><><>
[default] no changes from git+file:///home/opam/opam-repository
[01;2m[01;35m2024-06-10 02:32.23 ---> using "08e4174ad8cc33ff0dffef40dd5755acd4c7df1ee65b0d98f918f8851b0422be" from cache[0m

[01;34m/home/opam: (run (shell "uname -rs && opam exec -- ocaml -version && opam --version"))[0m
FreeBSD 14.0-RELEASE-p6
The OCaml toplevel, version 4.14.2
2.2.0~beta3~dev
[01;2m[01;35m2024-06-10 02:32.24 ---> using "a624c9a56a657e8f7944ca7b5e274913c647764382db65f778e1fb6ea0cbf8b9" from cache[0m

[01;34m/home/opam: (env OPAMDOWNLOADJOBS 1)[0m

[01;34m/home/opam: (env OPAMERRLOGLEN 0)[0m

[01;34m/home/opam: (env OPAMSOLVERTIMEOUT 500)[0m

[01;34m/home/opam: (env OPAMPRECISETRACKING 1)[0m

[01;34m/home/opam: (env CI true)[0m

[01;34m/home/opam: (env OPAM_REPO_CI true)[0m

[01;34m/home/opam: (run (shell "rm -rf opam-repository/"))[0m
[01;2m[01;35m2024-06-10 02:32.24 ---> using "7664227bcddc9f07a15b72213897bcf0575250f735d1bc45966bada674a472ca" from cache[0m

[01;34m/home/opam: (copy (src .) (dst opam-repository/))[0m
[01;2m[01;35m2024-06-10 02:32.29 ---> using "284cf7d5a4c117f0d4f1ee58f2840ea1f186902de7310b76f989f7682203462c" from cache[0m

[01;34m/home/opam: (run (shell "opam repository set-url --strict default opam-repository/"))[0m
[default] Initialised
[01;2m[01;35m2024-06-10 02:32.29 ---> using "a5054bae3394caae59e96b9110fdbb21ba3c996616817fe75df0fc1d6bbc044a" from cache[0m

[01;34m/home/opam: (run (network host)
                 (shell "opam update --depexts || true"))[0m
[WARNING] Unknown update command for bsd, skipping system update
[01;2m[01;35m2024-06-10 02:32.29 ---> using "12136b6a35befc08681faeecf638c074f03f2ac3ea0a70cd623885ef1d448ab0" from cache[0m

[01;34m/home/opam: (run (shell "opam pin add -k version -yn dkim.0.3.0 0.3.0"))[0m
dkim is now pinned to version 0.3.0
[01;2m[01;35m2024-06-10 02:32.34 ---> saved as "b757b9ac102d930e0f35cf5653a82b1982896d23318bb6f3acefab87f421b2c9"[0m

[01;34m/home/opam: (run (cache (opam-archives (target /home/opam/.opam/download-cache)))
                 (network host)
                 (shell  "opam reinstall dkim.0.3.0;\
                        \n        res=$?;\
                        \n        test \"$res\" != 31 && exit \"$res\";\
                        \n        export OPAMCLI=2.0;\
                        \n        build_dir=$(opam var prefix)/.opam-switch/build;\
                        \n        failed=$(ls \"$build_dir\");\
                        \n        partial_fails=\"\";\
                        \n        for pkg in $failed; do\
                        \n          if opam show -f x-ci-accept-failures: \"$pkg\" | grep -qF \"\\\"freebsd\\\"\"; then\
                        \n            echo \"A package failed and has been disabled for CI using the 'x-ci-accept-failures' field.\";\
                        \n          fi;\
                        \n          test \"$pkg\" != 'dkim.0.3.0' && partial_fails=\"$partial_fails $pkg\";\
                        \n        done;\
                        \n        test \"${partial_fails}\" != \"\" && echo \"opam-repo-ci detected dependencies failing: ${partial_fails}\";\
                        \n        exit 1"))[0m
dkim.0.3.0 is not installed. Install it? [y/n] y
The following actions will be performed:
=== recompile 3 packages
  ↻ ocaml               4.14.2         [upstream or system changes]
  ↻ ocaml-base-compiler 4.14.2         [upstream or system changes]
  ↻ ocaml-config        2              [upstream or system changes]
=== install 68 packages
  ∗ afl-persistent      1.4            [required by mrmime]
  ∗ angstrom            0.16.0         [required by mrmime]
  ∗ asn1-combinators    0.2.6          [required by x509]
  ∗ astring             0.8.5          [required by dkim]
  ∗ base-bytes          base           [required by ocplib-endian]
  ∗ base64              3.5.1          [required by dkim]
  ∗ bigarray-compat     1.1.0          [required by mrmime]
  ∗ bigarray-overlap    0.2.1          [required by mrmime]
  ∗ bigstringaf         0.9.1          [required by mrmime]
  ∗ cmdliner            1.3.0          [required by dkim]
  ∗ coin                0.1.4          [required by rosetta]
  ∗ conf-gmp            4              [required by conf-gmp-powm-sec, zarith]
  ∗ conf-gmp-powm-sec   3              [required by mirage-crypto-pk]
  ∗ conf-pkg-config     3              [required by bigarray-overlap]
  ∗ cppo                1.6.9          [required by ocplib-endian]
  ∗ csexp               1.5.2          [required by dune-configurator]
  ∗ cstruct             6.2.0          [required by mirage-crypto-pk, x509]
  ∗ digestif            1.2.0          [required by dkim]
  ∗ dkim                0.3.0 (pinned)
  ∗ dns                 8.0.0          [required by dns-client]
  ∗ dns-client          8.0.0          [required by dkim]
  ∗ domain-name         0.4.0          [required by dkim]
  ∗ dune                3.15.3         [required by dkim]
  ∗ dune-configurator   3.15.3         [required by hxd, mirage-crypto-rng, mirage-crypto-ec]
  ∗ duration            0.2.1          [required by dns, mirage-crypto-rng]
  ∗ emile               1.1            [required by mrmime]
  ∗ eqaf                0.9            [required by digestif, mirage-crypto-pk]
  ∗ fmt                 0.9.0          [required by dkim]
  ∗ fpath               0.7.3          [required by dkim]
  ∗ gmap                0.3.0          [required by x509]
  ∗ hmap                0.8.1          [required by dkim]
  ∗ host-arch-x86_64    1
  ∗ host-system-other   1
  ∗ hxd                 0.3.2          [required by mrmime]
  ∗ ipaddr              5.6.0          [required by dkim]
  ∗ ke                  0.6            [required by mrmime]
  ∗ logs                0.7.0          [required by dkim]
  ∗ lru                 0.3.1          [required by dns]
  ∗ macaddr             5.6.0          [required by ipaddr]
  ∗ metrics             0.4.1          [required by dns]
  ∗ mirage-crypto       0.11.3         [required by dkim]
  ∗ mirage-crypto-ec    0.11.3         [required by x509]
  ∗ mirage-crypto-pk    0.11.3         [required by dkim]
  ∗ mirage-crypto-rng   0.11.3         [required by mrmime, dns-client, mirage-crypto-pk, x509]
  ∗ mrmime              0.5.0          [required by dkim]
  ∗ mtime               2.0.0          [required by dns-client]
  ∗ ocaml-syntax-shims  1.0.0          [required by angstrom]
  ∗ ocamlbuild          0.14.3         [required by fpath, astring, hmap]
  ∗ ocamlfind           1.9.6          [required by fpath, astring, hmap]
  ∗ ocplib-endian       1.2            [required by mrmime]
  ∗ pbkdf               1.2.0          [required by x509]
  ∗ pecu                0.7            [required by mrmime]
  ∗ prettym             0.0.3          [required by mrmime]
  ∗ psq                 0.2.1          [required by lru]
  ∗ ptime               1.1.0          [required by mrmime, x509]
  ∗ randomconv          0.1.3          [required by dns-client]
  ∗ re                  1.11.0         [required by coin, uuuu]
  ∗ rosetta             0.3.0          [required by mrmime]
  ∗ rresult             0.7.0          [required by dkim]
  ∗ seq                 base           [required by psq, re]
  ∗ sexplib0            v0.17.0        [required by mirage-crypto-pk]
  ∗ topkg               1.0.7          [required by fpath, astring, hmap]
  ∗ unstrctrd           0.4            [required by mrmime]
  ∗ uutf                1.0.3          [required by mrmime]
  ∗ uuuu                0.3.0          [required by rosetta]
  ∗ x509                0.16.5         [required by dkim]
  ∗ yuscii              0.3.0          [required by rosetta]
  ∗ zarith              1.13           [required by mirage-crypto-pk]

The following system packages will first need to be installed:
    gmp

<><> Handling external dependencies <><><><><><><><><><><><><><><><><><><><><><>

opam believes some required external dependencies are missing. opam can:
> 1. Run pkg to install them (may need root/sudo access)
  2. Display the recommended pkg command and wait while you run it manually (e.g. in another terminal)
  3. Continue anyway, and, upon success, permanently register that this external dependency is present, but not detectable
  4. Abort the installation

[1/2/3/4] 1

+ /usr/local/bin/sudo "pkg" "install" "-y" "gmp"
- Updating FreeBSD repository catalogue...
- [spring] Fetching data.pkg: .......
- ... done
- Processing entries: .
- ..
- ..
- ..
- .
- .. done
- FreeBSD repository update completed. 34087 packages processed.
- All repositories are up to date.
- New version of pkg detected; it needs to be installed first.
- The following 1 package(s) will be affected (of 0 checked):
- 
- Installed packages to be UPGRADED:
- 	pkg: 1.21.2 -> 1.21.3
- 
- Number of packages to be upgraded: 1
- 
- 12 MiB to be downloaded.
- [spring] [1/1] Fetching pkg-1.21.3.pkg: ...
- ....... done
- Checking integrity... done (0 conflicting)
- [spring] [1/1] Upgrading pkg from 1.21.2 to 1.21.3...
- [spring] [1/1] Extracting pkg-1.21.3: .......... done
- Updating FreeBSD repository catalogue...
- FreeBSD repository is up to date.
- All repositories are up to date.
- The following 1 package(s) will be affected (of 0 checked):
- 
- New packages to be INSTALLED:
- 	gmp: 6.3.0
- 
- Number of packages to be installed: 1
- 
- The process will require 3 MiB more space.
- 498 KiB to be downloaded.
- [spring] [1/1] Fetching gmp-6.3.0.pkg: 
- .......... done
- Checking integrity... done (0 conflicting)
- [spring] [1/1] Installing gmp-6.3.0...
- [spring] [1/1] Extracting gmp-6.3.0: .......... done

<><> Processing actions <><><><><><><><><><><><><><><><><><><><><><><><><><><><>
⬇ retrieved afl-persistent.1.4  (cached)
⬇ retrieved angstrom.0.16.0  (cached)
⬇ retrieved asn1-combinators.0.2.6  (cached)
⬇ retrieved astring.0.8.5  (cached)
⬇ retrieved base64.3.5.1  (cached)
⬇ retrieved bigarray-compat.1.1.0  (cached)
⬇ retrieved bigarray-overlap.0.2.1  (cached)
⬇ retrieved bigstringaf.0.9.1  (cached)
⬇ retrieved cmdliner.1.3.0  (cached)
⬇ retrieved coin.0.1.4  (cached)
⬇ retrieved conf-gmp.4  (cached)
⬇ retrieved conf-gmp-powm-sec.3  (cached)
⬇ retrieved cppo.1.6.9  (cached)
∗ installed conf-pkg-config.3
∗ installed conf-gmp.4
⬇ retrieved csexp.1.5.2  (cached)
∗ installed conf-gmp-powm-sec.3
⬇ retrieved cstruct.6.2.0  (cached)
⬇ retrieved digestif.1.2.0  (cached)
⬇ retrieved dkim.0.3.0  (https://github.com/dinosaure/ocaml-dkim/releases/download/v0.3.0/dkim-0.3.0.tbz)
⬇ retrieved dns.8.0.0, dns-client.8.0.0  (cached)
⬇ retrieved domain-name.0.4.0  (cached)
⬇ retrieved dune.3.15.3, dune-configurator.3.15.3  (cached)
⬇ retrieved duration.0.2.1  (cached)
⬇ retrieved emile.1.1  (cached)
⬇ retrieved eqaf.0.9  (cached)
⬇ retrieved fmt.0.9.0  (cached)
⬇ retrieved fpath.0.7.3  (cached)
⬇ retrieved gmap.0.3.0  (cached)
⬇ retrieved hmap.0.8.1  (cached)
∗ installed host-arch-x86_64.1
∗ installed host-system-other.1
⬇ retrieved hxd.0.3.2  (cached)
⬇ retrieved ipaddr.5.6.0, macaddr.5.6.0  (cached)
⬇ retrieved ke.0.6  (cached)
⬇ retrieved logs.0.7.0  (cached)
⬇ retrieved lru.0.3.1  (cached)
⬇ retrieved metrics.0.4.1  (cached)
⬇ retrieved mirage-crypto.0.11.3, mirage-crypto-ec.0.11.3, mirage-crypto-pk.0.11.3, mirage-crypto-rng.0.11.3  (cached)
⬇ retrieved mrmime.0.5.0  (cached)
⬇ retrieved mtime.2.0.0  (cached)
⬇ retrieved ocaml-base-compiler.4.14.2  (cached)
⬇ retrieved ocaml-config.2  (cached)
⬇ retrieved ocaml-syntax-shims.1.0.0  (cached)
⬇ retrieved ocamlbuild.0.14.3  (cached)
⬇ retrieved ocamlfind.1.9.6  (cached)
⬇ retrieved ocplib-endian.1.2  (cached)
⬇ retrieved pbkdf.1.2.0  (cached)
⬇ retrieved pecu.0.7  (cached)
⬇ retrieved prettym.0.0.3  (cached)
⬇ retrieved psq.0.2.1  (cached)
⬇ retrieved ptime.1.1.0  (cached)
⬇ retrieved randomconv.0.1.3  (cached)
⬇ retrieved re.1.11.0  (cached)
⬇ retrieved rosetta.0.3.0  (cached)
⬇ retrieved rresult.0.7.0  (cached)
⬇ retrieved seq.base  (cached)
⬇ retrieved sexplib0.v0.17.0  (cached)
⬇ retrieved topkg.1.0.7  (cached)
⬇ retrieved unstrctrd.0.4  (cached)
⬇ retrieved uutf.1.0.3  (cached)
⬇ retrieved uuuu.0.3.0  (cached)
⬇ retrieved x509.0.16.5  (cached)
⬇ retrieved yuscii.0.3.0  (cached)
⬇ retrieved zarith.1.13  (cached)
⊘ removed   ocaml.4.14.2
⊘ removed   ocaml-config.2
⊘ removed   ocaml-base-compiler.4.14.2
∗ installed ocaml-base-compiler.4.14.2
∗ installed ocaml-config.2
∗ installed ocaml.4.14.2
∗ installed seq.base
∗ installed cmdliner.1.3.0
∗ installed ocamlfind.1.9.6
∗ installed base-bytes.base
∗ installed ocamlbuild.0.14.3
∗ installed zarith.1.13
∗ installed topkg.1.0.7
∗ installed hmap.0.8.1
∗ installed rresult.0.7.0
∗ installed ptime.1.1.0
∗ installed uutf.1.0.3
∗ installed mtime.2.0.0
∗ installed fmt.0.9.0
∗ installed astring.0.8.5
∗ installed fpath.0.7.3
∗ installed logs.0.7.0
∗ installed dune.3.15.3
∗ installed bigarray-compat.1.1.0
∗ installed csexp.1.5.2
∗ installed afl-persistent.1.4
∗ installed duration.0.2.1
∗ installed domain-name.0.4.0
∗ installed cstruct.6.2.0
∗ installed cppo.1.6.9
∗ installed bigarray-overlap.0.2.1
∗ installed base64.3.5.1
∗ installed gmap.0.3.0
∗ installed metrics.0.4.1
∗ installed macaddr.5.6.0
∗ installed ke.0.6
∗ installed eqaf.0.9
∗ installed pecu.0.7
∗ installed asn1-combinators.0.2.6
∗ installed ocaml-syntax-shims.1.0.0
∗ installed ocplib-endian.1.2
∗ installed psq.0.2.1
∗ installed randomconv.0.1.3
∗ installed ipaddr.5.6.0
∗ installed yuscii.0.3.0
∗ installed dune-configurator.3.15.3
∗ installed lru.0.3.1
∗ installed sexplib0.v0.17.0
∗ installed re.1.11.0
∗ installed bigstringaf.0.9.1
∗ installed digestif.1.2.0
∗ installed hxd.0.3.2
∗ installed dns.8.0.0
∗ installed coin.0.1.4
∗ installed angstrom.0.16.0
∗ installed prettym.0.0.3
∗ installed mirage-crypto.0.11.3
∗ installed uuuu.0.3.0
∗ installed pbkdf.1.2.0
∗ installed emile.1.1
∗ installed unstrctrd.0.4
∗ installed rosetta.0.3.0
∗ installed mirage-crypto-rng.0.11.3
∗ installed mirage-crypto-pk.0.11.3
∗ installed dns-client.8.0.0
∗ installed mrmime.0.5.0
∗ installed mirage-crypto-ec.0.11.3
∗ installed x509.0.16.5
∗ installed dkim.0.3.0
Done.

<><> afl-persistent.1.4 installed successfully ><><><><><><><><><><><><><><><><>
=> afl-persistent is installed, but since the current OCaml compiler does
   not enable AFL instrumentation by default, most packages will not be
   instrumented and fuzzing with afl-fuzz may not be effective.

   To globally enable AFL instrumentation, create an OCaml switch like:

     opam switch create 4.14.2+afl ocaml-variants.4.14.2+options ocaml-option-afl
[01;2m[01;35m2024-06-10 02:41.27 ---> saved as "67c02708b2e8a13e12e0dddb44f708c3b3b8ba844dafeaa8d01c0997e64e55cd"[0m

[01;34m/home/opam: (run (network host)
                 (shell "(opam reinstall --with-test dkim.0.3.0) || true"))[0m
[ERROR] Sorry, resolution of the request timed out.
        Try to specify a more precise request, use a different solver, or increase the allowed time by setting OPAMSOLVERTIMEOUT to a bigger value (currently, it is set to 500.0 seconds).
[01;2m[01;35m2024-06-10 02:50.07 ---> saved as "b830732539e021eda42e3c701172f2b1336ed9b6569bc0a822164d8c098b9685"[0m

[01;34m/home/opam: (run (shell  "opam reinstall --with-test --verbose dkim.0.3.0;\
                        \n        res=$?;\
                        \n        test \"$res\" != 31 && exit \"$res\";\
                        \n        export OPAMCLI=2.0;\
                        \n        build_dir=$(opam var prefix)/.opam-switch/build;\
                        \n        failed=$(ls \"$build_dir\");\
                        \n        partial_fails=\"\";\
                        \n        for pkg in $failed; do\
                        \n          if opam show -f x-ci-accept-failures: \"$pkg\" | grep -qF \"\\\"freebsd\\\"\"; then\
                        \n            echo \"A package failed and has been disabled for CI using the 'x-ci-accept-failures' field.\";\
                        \n          fi;\
                        \n          test \"$pkg\" != 'dkim.0.3.0' && partial_fails=\"$partial_fails $pkg\";\
                        \n        done;\
                        \n        test \"${partial_fails}\" != \"\" && echo \"opam-repo-ci detected dependencies failing: ${partial_fails}\";\
                        \n        exit 1"))[0m
[ERROR] Sorry, resolution of the request timed out.
        Try to specify a more precise request, use a different solver, or increase the allowed time by setting OPAMSOLVERTIMEOUT to a bigger value (currently, it is set to 500.0 seconds).
'opam reinstall --with-test --verbose dkim.0.3.0' failed.
jail: /usr/bin/su -l opam -c cd '/home/opam' && env OPAM_REPO_CI='true' CI='true' OPAMPRECISETRACKING='1' OPAMSOLVERTIMEOUT='500' OPAMERRLOGLEN='0' OPAMDOWNLOADJOBS='1' '/usr/bin/env' 'bash' '-c' 'opam reinstall --with-test --verbose dkim.0.3.0;
        res=$?;
        test "$res" != 31 && exit "$res";
        export OPAMCLI=2.0;
        build_dir=$(opam var prefix)/.opam-switch/build;
        failed=$(ls "$build_dir");
        partial_fails="";
        for pkg in $failed; do
          if opam show -f x-ci-accept-failures: "$pkg" | grep -qF "\"freebsd\""; then
            echo "A package failed and has been disabled for CI using the '\''x-ci-accept-failures'\'' field.";
          fi;
          test "$pkg" != '\''dkim.0.3.0'\'' && partial_fails="$partial_fails $pkg";
        done;
        test "${partial_fails}" != "" && echo "opam-repo-ci detected dependencies failing: ${partial_fails}";
        exit 1': failed
"jail" "-c" "name=obuilder_18767_32464" "mount.devfs" "path=/obuilder/result/64cb56369fbf8e9c4c145823387d38f9a18a3e9b1d79adb84efe00b8eb113ae9/rootfs" "vnet" "exec.start=/sbin/ifconfig lo0 127.0.0.1/8" "command=/usr/bin/su" "-l" "opam" "-c" "cd '/home/opam' && env OPAM_REPO_CI='true' CI='true' OPAMPRECISETRACKING='1' OPAMSOLVERTIMEOUT='500' OPAMERRLOGLEN='0' OPAMDOWNLOADJOBS='1' '/usr/bin/env' 'bash' '-c' 'opam reinstall --with-test --verbose dkim.0.3.0;
        res=$?;
        test "$res" != 31 && exit "$res";
        export OPAMCLI=2.0;
        build_dir=$(opam var prefix)/.opam-switch/build;
        failed=$(ls "$build_dir");
        partial_fails="";
        for pkg in $failed; do
          if opam show -f x-ci-accept-failures: "$pkg" | grep -qF "\"freebsd\""; then
            echo "A package failed and has been disabled for CI using the '\''x-ci-accept-failures'\'' field.";
          fi;
          test "$pkg" != '\''dkim.0.3.0'\'' && partial_fails="$partial_fails $pkg";
        done;
        test "${partial_fails}" != "" && echo "opam-repo-ci detected dependencies failing: ${partial_fails}";
        exit 1'" failed with exit status 1
2024-06-10 03:05.23: Job failed: Failed: Build failed
2024-06-10 03:05.23: Log analysis:
2024-06-10 03:05.23: >>> 
[ERROR] Sorry, resolution of the request timed out.
 (score = 20)
2024-06-10 03:05.23: >>> 
[ERROR] Sorry, resolution of the request timed out.
 (score = 20)
2024-06-10 03:05.23: Sorry, resolution of the request timed out.
