2024-06-09 12:58.16: New job: test dkim.0.3.1, using opam dev
                              from https://github.com/ocaml/opam-repository.git#refs/pull/26045/head (d062d369c7ba4b522a99aefe63cc969dfa6c3798)
                              on alpine-3.19-ocaml-4.14/amd64

To reproduce locally:

cd $(mktemp -d)
git clone --recursive "https://github.com/ocaml/opam-repository.git" && cd "opam-repository" && git fetch origin "refs/pull/26045/head" && git reset --hard d062d369
git fetch origin master
git merge --no-edit 25082ca0186918fbe727df99f2e51ca8b60896c1
cat > ../Dockerfile <<'END-OF-DOCKERFILE'
[34mFROM ocaml/opam:alpine-3.19-ocaml-4.14@sha256:9fe36571aaecaf834a4753f08620d88881fdde97763e2de1f84128d2f468952f
USER 1000:1000
WORKDIR /home/opam
RUN sudo ln -f /usr/bin/opam-dev /usr/bin/opam
RUN opam init --reinit -ni
RUN uname -rs && opam exec -- ocaml -version && opam --version
ENV OPAMDOWNLOADJOBS="1"
ENV OPAMERRLOGLEN="0"
ENV OPAMSOLVERTIMEOUT="500"
ENV OPAMPRECISETRACKING="1"
ENV CI="true"
ENV OPAM_REPO_CI="true"
RUN rm -rf opam-repository/
COPY --chown=1000:1000 . opam-repository/
RUN opam repository set-url --strict default opam-repository/
RUN opam update --depexts || true
RUN opam pin add -k version -yn dkim.0.3.1 0.3.1
RUN opam reinstall dkim.0.3.1; \
    res=$?; \
    test "$res" != 31 && exit "$res"; \
    export OPAMCLI=2.0; \
    build_dir=$(opam var prefix)/.opam-switch/build; \
    failed=$(ls "$build_dir"); \
    partial_fails=""; \
    for pkg in $failed; do \
    if opam show -f x-ci-accept-failures: "$pkg" | grep -qF "\"alpine-3.19\""; then \
    echo "A package failed and has been disabled for CI using the 'x-ci-accept-failures' field."; \
    fi; \
    test "$pkg" != 'dkim.0.3.1' && partial_fails="$partial_fails $pkg"; \
    done; \
    test "${partial_fails}" != "" && echo "opam-repo-ci detected dependencies failing: ${partial_fails}"; \
    exit 1
RUN (opam reinstall --with-test dkim.0.3.1) || true
RUN opam reinstall --with-test --verbose dkim.0.3.1; \
    res=$?; \
    test "$res" != 31 && exit "$res"; \
    export OPAMCLI=2.0; \
    build_dir=$(opam var prefix)/.opam-switch/build; \
    failed=$(ls "$build_dir"); \
    partial_fails=""; \
    for pkg in $failed; do \
    if opam show -f x-ci-accept-failures: "$pkg" | grep -qF "\"alpine-3.19\""; then \
    echo "A package failed and has been disabled for CI using the 'x-ci-accept-failures' field."; \
    fi; \
    test "$pkg" != 'dkim.0.3.1' && partial_fails="$partial_fails $pkg"; \
    done; \
    test "${partial_fails}" != "" && echo "opam-repo-ci detected dependencies failing: ${partial_fails}"; \
    exit 1
[0m
END-OF-DOCKERFILE
docker build -f ../Dockerfile .

2024-06-09 12:58.16: Using cache hint "ocaml/opam:alpine-3.19-ocaml-4.14@sha256:9fe36571aaecaf834a4753f08620d88881fdde97763e2de1f84128d2f468952f-dkim.0.3.1-d062d369c7ba4b522a99aefe63cc969dfa6c3798"
2024-06-09 12:58.16: Using OBuilder spec:
((from ocaml/opam:alpine-3.19-ocaml-4.14@sha256:9fe36571aaecaf834a4753f08620d88881fdde97763e2de1f84128d2f468952f)
 (user (uid 1000) (gid 1000))
 (workdir /home/opam)
 (run (shell "sudo ln -f /usr/bin/opam-dev /usr/bin/opam"))
 (run (network host)
      (shell "opam init --reinit --config .opamrc-sandbox -ni"))
 (run (shell "uname -rs && opam exec -- ocaml -version && opam --version"))
 (env OPAMDOWNLOADJOBS 1)
 (env OPAMERRLOGLEN 0)
 (env OPAMSOLVERTIMEOUT 500)
 (env OPAMPRECISETRACKING 1)
 (env CI true)
 (env OPAM_REPO_CI true)
 (run (shell "rm -rf opam-repository/"))
 (copy (src .) (dst opam-repository/))
 (run (shell "opam repository set-url --strict default opam-repository/"))
 (run (network host)
      (shell "opam update --depexts || true"))
 (run (shell "opam pin add -k version -yn dkim.0.3.1 0.3.1"))
 (run (cache (opam-archives (target /home/opam/.opam/download-cache)))
      (network host)
      (shell  "opam reinstall dkim.0.3.1;\
             \n        res=$?;\
             \n        test \"$res\" != 31 && exit \"$res\";\
             \n        export OPAMCLI=2.0;\
             \n        build_dir=$(opam var prefix)/.opam-switch/build;\
             \n        failed=$(ls \"$build_dir\");\
             \n        partial_fails=\"\";\
             \n        for pkg in $failed; do\
             \n          if opam show -f x-ci-accept-failures: \"$pkg\" | grep -qF \"\\\"alpine-3.19\\\"\"; then\
             \n            echo \"A package failed and has been disabled for CI using the 'x-ci-accept-failures' field.\";\
             \n          fi;\
             \n          test \"$pkg\" != 'dkim.0.3.1' && partial_fails=\"$partial_fails $pkg\";\
             \n        done;\
             \n        test \"${partial_fails}\" != \"\" && echo \"opam-repo-ci detected dependencies failing: ${partial_fails}\";\
             \n        exit 1"))
 (run (network host)
      (shell "(opam reinstall --with-test dkim.0.3.1) || true"))
 (run (shell  "opam reinstall --with-test --verbose dkim.0.3.1;\
             \n        res=$?;\
             \n        test \"$res\" != 31 && exit \"$res\";\
             \n        export OPAMCLI=2.0;\
             \n        build_dir=$(opam var prefix)/.opam-switch/build;\
             \n        failed=$(ls \"$build_dir\");\
             \n        partial_fails=\"\";\
             \n        for pkg in $failed; do\
             \n          if opam show -f x-ci-accept-failures: \"$pkg\" | grep -qF \"\\\"alpine-3.19\\\"\"; then\
             \n            echo \"A package failed and has been disabled for CI using the 'x-ci-accept-failures' field.\";\
             \n          fi;\
             \n          test \"$pkg\" != 'dkim.0.3.1' && partial_fails=\"$partial_fails $pkg\";\
             \n        done;\
             \n        test \"${partial_fails}\" != \"\" && echo \"opam-repo-ci detected dependencies failing: ${partial_fails}\";\
             \n        exit 1"))
)

2024-06-09 12:58.16: Waiting for resource in pool OCluster
2024-06-10 03:00.41: Waiting for worker…
2024-06-10 03:04.27: Got resource from pool OCluster
Building on asteria.caelum.ci.dev
All commits already cached
HEAD is now at 25082ca018 Merge pull request #26040 from anmonteiro/patch-6
Updating 25082ca018..d062d369c7
Fast-forward
 packages/albatross/albatross.1.0.1/opam                        |  4 ++--
 packages/albatross/albatross.1.1.0/opam                        |  6 +++---
 packages/albatross/albatross.1.1.1/opam                        |  6 +++---
 packages/albatross/albatross.1.2.0/opam                        |  6 +++---
 packages/albatross/albatross.1.3.0/opam                        |  4 ++--
 packages/albatross/albatross.1.3.1/opam                        |  4 ++--
 packages/albatross/albatross.1.4.0/opam                        |  4 ++--
 packages/albatross/albatross.1.4.1/opam                        |  4 ++--
 packages/albatross/albatross.1.4.2/opam                        |  4 ++--
 packages/albatross/albatross.1.4.3/opam                        |  4 ++--
 packages/albatross/albatross.1.5.0/opam                        |  4 ++--
 packages/albatross/albatross.1.5.1/opam                        |  4 ++--
 packages/albatross/albatross.1.5.2/opam                        |  4 ++--
 packages/albatross/albatross.1.5.3/opam                        |  4 ++--
 packages/albatross/albatross.1.5.4/opam                        |  4 ++--
 packages/albatross/albatross.1.5.5/opam                        |  4 ++--
 packages/albatross/albatross.1.5.6/opam                        |  4 ++--
 packages/albatross/albatross.2.0.0/opam                        |  4 ++--
 packages/awa-lwt/awa-lwt.0.0.1/opam                            |  2 +-
 packages/awa-lwt/awa-lwt.0.0.2/opam                            |  2 +-
 packages/awa-lwt/awa-lwt.0.0.3/opam                            |  2 +-
 packages/awa-lwt/awa-lwt.0.0.4/opam                            |  2 +-
 packages/awa-lwt/awa-lwt.0.0.5/opam                            |  2 +-
 packages/awa-lwt/awa-lwt.0.1.0/opam                            |  2 +-
 packages/awa-lwt/awa-lwt.0.1.1/opam                            |  2 +-
 packages/awa-lwt/awa-lwt.0.1.2/opam                            |  2 +-
 packages/awa-lwt/awa-lwt.0.2.0/opam                            |  2 +-
 packages/awa/awa.0.0.1/opam                                    |  4 ++--
 packages/awa/awa.0.0.2/opam                                    |  4 ++--
 packages/awa/awa.0.0.3/opam                                    |  6 +++---
 packages/awa/awa.0.0.4/opam                                    |  6 +++---
 packages/awa/awa.0.0.5/opam                                    |  6 +++---
 packages/awa/awa.0.1.0/opam                                    |  6 +++---
 packages/awa/awa.0.1.1/opam                                    |  6 +++---
 packages/awa/awa.0.1.2/opam                                    |  8 ++++----
 packages/awa/awa.0.2.0/opam                                    |  8 ++++----
 packages/awa/awa.0.3.0/opam                                    |  8 ++++----
 packages/awa/awa.0.3.1/opam                                    |  8 ++++----
 packages/builder-web/builder-web.0.1.0/opam                    |  4 ++--
 packages/ca-certs-nss/ca-certs-nss.3.57/opam                   |  2 +-
 packages/ca-certs-nss/ca-certs-nss.3.59/opam                   |  2 +-
 packages/ca-certs-nss/ca-certs-nss.3.60/opam                   |  2 +-
 packages/ca-certs-nss/ca-certs-nss.3.63.1/opam                 |  2 +-
 packages/ca-certs-nss/ca-certs-nss.3.63/opam                   |  2 +-
 packages/ca-certs-nss/ca-certs-nss.3.64.0.1/opam               |  2 +-
 packages/ca-certs-nss/ca-certs-nss.3.64/opam                   |  2 +-
 packages/ca-certs-nss/ca-certs-nss.3.66/opam                   |  2 +-
 packages/ca-certs-nss/ca-certs-nss.3.71.0.1/opam               |  2 +-
 packages/ca-certs-nss/ca-certs-nss.3.71/opam                   |  2 +-
 packages/ca-certs-nss/ca-certs-nss.3.74/opam                   |  2 +-
 packages/ca-certs-nss/ca-certs-nss.3.77/opam                   |  2 +-
 packages/ca-certs-nss/ca-certs-nss.3.80/opam                   |  2 +-
 packages/ca-certs-nss/ca-certs-nss.3.83/opam                   |  2 +-
 packages/ca-certs-nss/ca-certs-nss.3.86/opam                   |  2 +-
 packages/ca-certs-nss/ca-certs-nss.3.89.1/opam                 |  2 +-
 packages/ca-certs-nss/ca-certs-nss.3.92/opam                   |  2 +-
 packages/ca-certs-nss/ca-certs-nss.3.95/opam                   |  2 +-
 packages/ca-certs-nss/ca-certs-nss.3.98/opam                   |  2 +-
 packages/ca-certs/ca-certs.0.1.2/opam                          |  2 +-
 packages/ca-certs/ca-certs.0.1.3/opam                          |  2 +-
 packages/ca-certs/ca-certs.0.2.0/opam                          |  2 +-
 packages/ca-certs/ca-certs.0.2.1/opam                          |  2 +-
 packages/ca-certs/ca-certs.0.2.2/opam                          |  2 +-
 packages/ca-certs/ca-certs.0.2.3/opam                          |  2 +-
 packages/caldav/caldav.0.1.0/opam                              |  4 ++--
 packages/caldav/caldav.0.1.1/opam                              |  4 ++--
 packages/caldav/caldav.0.2.0/opam                              |  4 ++--
 packages/caldav/caldav.0.2.1/opam                              |  4 ++--
 packages/caldav/caldav.0.2.2/opam                              |  6 +++---
 packages/capnp-rpc-mirage/capnp-rpc-mirage.0.9.0/opam          |  2 +-
 packages/capnp-rpc-mirage/capnp-rpc-mirage.1.0/opam            |  2 +-
 packages/capnp-rpc-mirage/capnp-rpc-mirage.1.1/opam            |  2 +-
 packages/capnp-rpc-mirage/capnp-rpc-mirage.1.2.1/opam          |  2 +-
 packages/capnp-rpc-mirage/capnp-rpc-mirage.1.2.2/opam          |  2 +-
 packages/capnp-rpc-mirage/capnp-rpc-mirage.1.2.3/opam          |  2 +-
 packages/capnp-rpc-mirage/capnp-rpc-mirage.1.2/opam            |  2 +-
 packages/capnp-rpc-net/capnp-rpc-net.0.9.0/opam                |  4 ++--
 packages/capnp-rpc-net/capnp-rpc-net.1.0/opam                  |  4 ++--
 packages/capnp-rpc-net/capnp-rpc-net.1.1/opam                  |  4 ++--
 packages/capnp-rpc-net/capnp-rpc-net.1.2.1/opam                |  4 ++--
 packages/capnp-rpc-net/capnp-rpc-net.1.2.2/opam                |  4 ++--
 packages/capnp-rpc-net/capnp-rpc-net.1.2.3/opam                |  4 ++--
 packages/capnp-rpc-net/capnp-rpc-net.1.2/opam                  |  4 ++--
 packages/capnp-rpc-unix/capnp-rpc-unix.1.2.3/opam              |  2 +-
 packages/caqti-eio/caqti-eio.2.1.1/opam                        |  4 ++--
 packages/carbon/carbon.0.1.0/opam                              |  2 +-
 packages/certify/certify.0.3.3/opam                            |  2 +-
 packages/chacha/chacha.1.0.0/opam                              |  2 +-
 packages/chacha/chacha.1.1.0/opam                              |  2 +-
 packages/chamelon-unix/chamelon-unix.0.0.10/opam               |  2 +-
 packages/chamelon-unix/chamelon-unix.0.0.9.1/opam              |  2 +-
 packages/chamelon-unix/chamelon-unix.0.1.1/opam                |  2 +-
 packages/chamelon-unix/chamelon-unix.0.1.2/opam                |  2 +-
 packages/chamelon/chamelon.0.0.10/opam                         |  2 +-
 packages/chamelon/chamelon.0.0.9.1/opam                        |  2 +-
 packages/chamelon/chamelon.0.1.1/opam                          |  2 +-
 packages/chamelon/chamelon.0.1.2/opam                          |  2 +-
 packages/cohttp-async/cohttp-async.3.0.0/opam                  |  2 +-
 packages/cohttp-async/cohttp-async.4.0.0/opam                  |  2 +-
 packages/cohttp-async/cohttp-async.4.1.1/opam                  |  2 +-
 packages/cohttp-async/cohttp-async.4.1.2/opam                  |  2 +-
 packages/cohttp-async/cohttp-async.5.0.0/opam                  |  2 +-
 packages/cohttp-async/cohttp-async.5.1.0/opam                  |  2 +-
 packages/cohttp-async/cohttp-async.5.2.0/opam                  |  2 +-
 packages/cohttp-async/cohttp-async.5.3.0/opam                  |  2 +-
 packages/cohttp-async/cohttp-async.6.0.0~alpha0/opam           |  2 +-
 packages/cohttp-async/cohttp-async.6.0.0~alpha1/opam           |  2 +-
 packages/cohttp-async/cohttp-async.6.0.0~alpha2/opam           |  2 +-
 packages/cohttp-async/cohttp-async.6.0.0~beta2/opam            |  2 +-
 packages/cohttp-eio/cohttp-eio.6.0.0~beta2/opam                |  2 +-
 packages/conduit-async-tls/conduit-async-tls.3.0.0/opam        |  2 +-
 packages/conduit-lwt-tls/conduit-lwt-tls.3.0.0/opam            |  4 ++--
 packages/conex-mirage-crypto/conex-mirage-crypto.0.11.1/opam   |  4 ++--
 packages/current_git/current_git.0.5/opam                      |  2 +-
 packages/current_git/current_git.0.6.1/opam                    |  2 +-
 packages/current_git/current_git.0.6.2/opam                    |  2 +-
 packages/current_git/current_git.0.6.4/opam                    |  2 +-
 packages/current_git/current_git.0.6.6/opam                    |  2 +-
 packages/current_git/current_git.0.6/opam                      |  2 +-
 packages/current_github/current_github.0.2/opam                |  4 ++--
 packages/current_github/current_github.0.3/opam                |  4 ++--
 packages/current_github/current_github.0.4/opam                |  4 ++--
 packages/current_github/current_github.0.5/opam                |  4 ++--
 packages/current_github/current_github.0.6.1/opam              |  4 ++--
 packages/current_github/current_github.0.6.2/opam              |  4 ++--
 packages/current_github/current_github.0.6.4/opam              |  4 ++--
 packages/current_github/current_github.0.6.6/opam              |  4 ++--
 packages/current_github/current_github.0.6/opam                |  4 ++--
 packages/current_web/current_web.0.4/opam                      |  2 +-
 packages/current_web/current_web.0.5/opam                      |  2 +-
 packages/current_web/current_web.0.6.1/opam                    |  2 +-
 packages/current_web/current_web.0.6.2/opam                    |  2 +-
 packages/current_web/current_web.0.6.4/opam                    |  6 +++---
 packages/current_web/current_web.0.6.6/opam                    |  6 +++---
 packages/current_web/current_web.0.6/opam                      |  2 +-
 .../dirsp-proscript-mirage/dirsp-proscript-mirage.0.1.0/opam   |  2 +-
 packages/dkim-mirage/dkim-mirage.0.2.0/opam                    |  2 +-
 packages/dkim-mirage/dkim-mirage.0.3.0/opam                    |  2 +-
 packages/dkim-mirage/dkim-mirage.0.3.1/opam                    |  2 +-
 packages/dkim-mirage/dkim-mirage.0.4.0/opam                    |  2 +-
 packages/dkim-mirage/dkim-mirage.0.5.0/opam                    |  2 +-
 packages/dkim-mirage/dkim-mirage.0.6.0/opam                    |  2 +-
 packages/dkim/dkim.0.1.0/opam                                  |  4 ++--
 packages/dkim/dkim.0.2.0/opam                                  |  4 ++--
 packages/dkim/dkim.0.3.0/opam                                  |  4 ++--
 packages/dkim/dkim.0.3.1/opam                                  |  4 ++--
 packages/dkim/dkim.0.4.0/opam                                  |  4 ++--
 packages/dkim/dkim.0.5.0/opam                                  |  6 +++---
 packages/dkim/dkim.0.6.0/opam                                  |  6 +++---
 packages/dns-certify/dns-certify.4.6.3/opam                    |  4 ++--
 packages/dns-certify/dns-certify.5.0.0/opam                    |  4 ++--
 packages/dns-certify/dns-certify.5.0.1/opam                    |  6 +++---
 packages/dns-certify/dns-certify.6.0.0/opam                    |  6 +++---
 packages/dns-certify/dns-certify.6.0.1/opam                    |  6 +++---
 packages/dns-certify/dns-certify.6.0.2/opam                    |  6 +++---
 packages/dns-certify/dns-certify.6.1.0/opam                    |  6 +++---
 packages/dns-certify/dns-certify.6.1.1/opam                    |  6 +++---
 packages/dns-certify/dns-certify.6.1.2/opam                    |  6 +++---
 packages/dns-certify/dns-certify.6.1.3/opam                    |  6 +++---
 packages/dns-certify/dns-certify.6.1.4/opam                    |  6 +++---
 packages/dns-certify/dns-certify.6.2.0/opam                    |  6 +++---
 packages/dns-certify/dns-certify.6.2.1/opam                    |  6 +++---
 packages/dns-certify/dns-certify.6.2.2/opam                    |  6 +++---
 packages/dns-certify/dns-certify.6.3.0/opam                    |  6 +++---
 packages/dns-certify/dns-certify.6.4.0/opam                    |  6 +++---
 packages/dns-certify/dns-certify.6.4.1/opam                    |  6 +++---
 packages/dns-certify/dns-certify.7.0.0/opam                    |  6 +++---
 packages/dns-certify/dns-certify.7.0.1/opam                    |  6 +++---
 packages/dns-certify/dns-certify.7.0.2/opam                    |  6 +++---
 packages/dns-certify/dns-certify.7.0.3/opam                    |  6 +++---
 packages/dns-certify/dns-certify.8.0.0/opam                    |  6 +++---
 packages/dns-cli/dns-cli.4.4.0/opam                            |  4 ++--
 packages/dns-cli/dns-cli.4.4.1/opam                            |  4 ++--
 packages/dns-cli/dns-cli.4.5.0/opam                            |  4 ++--
 packages/dns-cli/dns-cli.4.6.0/opam                            |  2 +-
 packages/dns-cli/dns-cli.4.6.1/opam                            |  4 ++--
 packages/dns-cli/dns-cli.4.6.2/opam                            |  4 ++--
 packages/dns-cli/dns-cli.4.6.3/opam                            |  6 +++---
 packages/dns-cli/dns-cli.5.0.0/opam                            |  6 +++---
 packages/dns-cli/dns-cli.5.0.1/opam                            |  6 +++---
 packages/dns-cli/dns-cli.6.0.0/opam                            |  6 +++---
 packages/dns-cli/dns-cli.6.0.1/opam                            |  6 +++---
 packages/dns-cli/dns-cli.6.0.2/opam                            |  6 +++---
 packages/dns-cli/dns-cli.6.1.0/opam                            |  6 +++---
 packages/dns-cli/dns-cli.6.1.1/opam                            |  6 +++---
 packages/dns-cli/dns-cli.6.1.2/opam                            |  6 +++---
 packages/dns-cli/dns-cli.6.1.3/opam                            |  6 +++---
 packages/dns-cli/dns-cli.6.1.4/opam                            |  6 +++---
 packages/dns-cli/dns-cli.6.2.0/opam                            |  6 +++---
 packages/dns-cli/dns-cli.6.2.1/opam                            |  6 +++---
 packages/dns-cli/dns-cli.6.2.2/opam                            |  6 +++---
 packages/dns-cli/dns-cli.6.3.0/opam                            |  6 +++---
 packages/dns-cli/dns-cli.6.4.0/opam                            |  6 +++---
 packages/dns-cli/dns-cli.6.4.1/opam                            |  6 +++---
 packages/dns-cli/dns-cli.7.0.0/opam                            |  6 +++---
 packages/dns-cli/dns-cli.7.0.1/opam                            |  6 +++---
 packages/dns-cli/dns-cli.7.0.2/opam                            |  6 +++---
 packages/dns-cli/dns-cli.7.0.3/opam                            |  6 +++---
 packages/dns-cli/dns-cli.8.0.0/opam                            |  6 +++---
 packages/dns-client-lwt/dns-client-lwt.7.0.0/opam              |  2 +-
 packages/dns-client-lwt/dns-client-lwt.7.0.1/opam              |  2 +-
 packages/dns-client-lwt/dns-client-lwt.7.0.2/opam              |  2 +-
 packages/dns-client-lwt/dns-client-lwt.7.0.3/opam              |  2 +-
 packages/dns-client-lwt/dns-client-lwt.8.0.0/opam              |  2 +-
 packages/dns-client/dns-client.6.0.0/opam                      |  2 +-
 packages/dns-client/dns-client.6.0.1/opam                      |  2 +-
 packages/dns-client/dns-client.6.0.2/opam                      |  2 +-
 packages/dns-client/dns-client.6.1.0/opam                      |  2 +-
 packages/dns-client/dns-client.6.1.1/opam                      |  2 +-
 packages/dns-client/dns-client.6.1.2/opam                      |  2 +-
 packages/dns-client/dns-client.6.1.3/opam                      |  2 +-
 packages/dns-client/dns-client.6.1.4/opam                      |  2 +-
 packages/dns-client/dns-client.6.2.0/opam                      |  2 +-
 packages/dns-client/dns-client.6.2.1/opam                      |  2 +-
 packages/dns-client/dns-client.6.2.2/opam                      |  2 +-
 packages/dns-client/dns-client.6.3.0/opam                      |  2 +-
 packages/dns-client/dns-client.6.4.0/opam                      |  2 +-
 packages/dns-client/dns-client.6.4.1/opam                      |  2 +-
 packages/dns-client/dns-client.7.0.0/opam                      |  2 +-
 packages/dns-client/dns-client.7.0.1/opam                      |  2 +-
 packages/dns-client/dns-client.7.0.2/opam                      |  2 +-
 packages/dns-client/dns-client.7.0.3/opam                      |  2 +-
 packages/dns-client/dns-client.8.0.0/opam                      |  2 +-
 packages/dns-server/dns-server.7.0.0/opam                      |  2 +-
 packages/dns-server/dns-server.7.0.1/opam                      |  2 +-
 packages/dns-server/dns-server.7.0.2/opam                      |  2 +-
 packages/dns-server/dns-server.7.0.3/opam                      |  2 +-
 packages/dns-server/dns-server.8.0.0/opam                      |  2 +-
 packages/dns-tsig/dns-tsig.4.4.0/opam                          |  2 +-
 packages/dns-tsig/dns-tsig.4.4.1/opam                          |  2 +-
 packages/dns-tsig/dns-tsig.4.5.0/opam                          |  2 +-
 packages/dns-tsig/dns-tsig.4.6.0/opam                          |  2 +-
 packages/dns-tsig/dns-tsig.4.6.1/opam                          |  2 +-
 packages/dns-tsig/dns-tsig.4.6.2/opam                          |  2 +-
 packages/dns-tsig/dns-tsig.4.6.3/opam                          |  2 +-
 packages/dns-tsig/dns-tsig.5.0.0/opam                          |  2 +-
 packages/dns-tsig/dns-tsig.5.0.1/opam                          |  2 +-
 packages/dns-tsig/dns-tsig.6.0.0/opam                          |  2 +-
 packages/dns-tsig/dns-tsig.6.0.1/opam                          |  2 +-
 packages/dns-tsig/dns-tsig.6.0.2/opam                          |  2 +-
 packages/dns-tsig/dns-tsig.6.1.0/opam                          |  2 +-
 packages/dns-tsig/dns-tsig.6.1.1/opam                          |  2 +-
 packages/dns-tsig/dns-tsig.6.1.2/opam                          |  2 +-
 packages/dns-tsig/dns-tsig.6.1.3/opam                          |  2 +-
 packages/dns-tsig/dns-tsig.6.1.4/opam                          |  2 +-
 packages/dns-tsig/dns-tsig.6.2.0/opam                          |  2 +-
 packages/dns-tsig/dns-tsig.6.2.1/opam                          |  2 +-
 packages/dns-tsig/dns-tsig.6.2.2/opam                          |  2 +-
 packages/dns-tsig/dns-tsig.6.3.0/opam                          |  2 +-
 packages/dns-tsig/dns-tsig.6.4.0/opam                          |  2 +-
 packages/dns-tsig/dns-tsig.6.4.1/opam                          |  2 +-
 packages/dns-tsig/dns-tsig.7.0.0/opam                          |  2 +-
 packages/dns-tsig/dns-tsig.7.0.1/opam                          |  2 +-
 packages/dns-tsig/dns-tsig.7.0.2/opam                          |  2 +-
 packages/dns-tsig/dns-tsig.7.0.3/opam                          |  2 +-
 packages/dns-tsig/dns-tsig.8.0.0/opam                          |  2 +-
 packages/dnssec/dnssec.6.2.0/opam                              |  6 +++---
 packages/dnssec/dnssec.6.2.1/opam                              |  6 +++---
 packages/dnssec/dnssec.6.2.2/opam                              |  6 +++---
 packages/dnssec/dnssec.6.3.0/opam                              |  6 +++---
 packages/dnssec/dnssec.6.4.0/opam                              |  6 +++---
 packages/dnssec/dnssec.6.4.1/opam                              |  6 +++---
 packages/dnssec/dnssec.7.0.0/opam                              |  6 +++---
 packages/dnssec/dnssec.7.0.1/opam                              |  6 +++---
 packages/dnssec/dnssec.7.0.2/opam                              |  6 +++---
 packages/dnssec/dnssec.7.0.3/opam                              |  6 +++---
 packages/dnssec/dnssec.8.0.0/opam                              |  6 +++---
 packages/dream/dream.1.0.0~alpha1/opam                         |  2 +-
 packages/dream/dream.1.0.0~alpha2/opam                         |  2 +-
 packages/dream/dream.1.0.0~alpha3/opam                         |  2 +-
 packages/dream/dream.1.0.0~alpha4/opam                         |  2 +-
 packages/dream/dream.1.0.0~alpha5/opam                         |  6 +++---
 packages/dream/dream.1.0.0~alpha6/opam                         |  9 ++++-----
 packages/git-mirage/git-mirage.2.1.3/opam                      |  2 +-
 packages/git-mirage/git-mirage.3.10.0/opam                     |  2 +-
 packages/git-mirage/git-mirage.3.10.1/opam                     |  2 +-
 packages/git-mirage/git-mirage.3.11.0/opam                     |  2 +-
 packages/git-mirage/git-mirage.3.12.0/opam                     |  2 +-
 packages/git-mirage/git-mirage.3.13.0/opam                     |  2 +-
 packages/git-mirage/git-mirage.3.14.0/opam                     |  2 +-
 packages/git-mirage/git-mirage.3.15.0/opam                     |  2 +-
 packages/git-mirage/git-mirage.3.16.0/opam                     |  2 +-
 packages/git-mirage/git-mirage.3.7.0/opam                      |  2 +-
 packages/git-mirage/git-mirage.3.7.1/opam                      |  2 +-
 packages/git-mirage/git-mirage.3.8.0/opam                      |  2 +-
 packages/git-mirage/git-mirage.3.8.1/opam                      |  2 +-
 packages/git-mirage/git-mirage.3.9.0/opam                      |  2 +-
 packages/git-mirage/git-mirage.3.9.1/opam                      |  2 +-
 packages/git-unix/git-unix.3.0.0/opam                          |  2 +-
 packages/git-unix/git-unix.3.1.0/opam                          |  2 +-
 packages/git-unix/git-unix.3.1.1/opam                          |  2 +-
 packages/git-unix/git-unix.3.10.0/opam                         |  2 +-
 packages/git-unix/git-unix.3.10.1/opam                         |  2 +-
 packages/git-unix/git-unix.3.11.0/opam                         |  2 +-
 packages/git-unix/git-unix.3.12.0/opam                         |  2 +-
 packages/git-unix/git-unix.3.13.0/opam                         |  2 +-
 packages/git-unix/git-unix.3.14.0/opam                         |  2 +-
 packages/git-unix/git-unix.3.15.0/opam                         |  2 +-
 packages/git-unix/git-unix.3.16.0/opam                         |  2 +-
 packages/git-unix/git-unix.3.2.0/opam                          |  2 +-
 packages/git-unix/git-unix.3.3.0/opam                          |  2 +-
 packages/git-unix/git-unix.3.3.1/opam                          |  2 +-
 packages/git-unix/git-unix.3.3.2/opam                          |  2 +-
 packages/git-unix/git-unix.3.3.3/opam                          |  2 +-
 packages/git-unix/git-unix.3.4.0/opam                          |  2 +-
 packages/git-unix/git-unix.3.5.0/opam                          |  2 +-
 packages/git-unix/git-unix.3.6.0/opam                          |  2 +-
 packages/git-unix/git-unix.3.7.0/opam                          |  2 +-
 packages/git-unix/git-unix.3.7.1/opam                          |  2 +-
 packages/git-unix/git-unix.3.8.0/opam                          |  2 +-
 packages/git-unix/git-unix.3.8.1/opam                          |  2 +-
 packages/git-unix/git-unix.3.9.0/opam                          |  2 +-
 packages/git-unix/git-unix.3.9.1/opam                          |  2 +-
 packages/git/git.3.0.0/opam                                    |  2 +-
 packages/git/git.3.1.0/opam                                    |  2 +-
 packages/git/git.3.1.1/opam                                    |  2 +-
 packages/git/git.3.10.0/opam                                   |  2 +-
 packages/git/git.3.10.1/opam                                   |  2 +-
 packages/git/git.3.11.0/opam                                   |  2 +-
 packages/git/git.3.12.0/opam                                   |  2 +-
 packages/git/git.3.13.0/opam                                   |  2 +-
 packages/git/git.3.14.0/opam                                   |  2 +-
 packages/git/git.3.15.0/opam                                   |  2 +-
 packages/git/git.3.16.0/opam                                   |  2 +-
 packages/git/git.3.2.0/opam                                    |  2 +-
 packages/git/git.3.3.0/opam                                    |  6 +++---
 packages/git/git.3.3.1/opam                                    |  2 +-
 packages/git/git.3.3.2/opam                                    |  2 +-
 packages/git/git.3.3.3/opam                                    |  2 +-
 packages/git/git.3.4.0/opam                                    |  2 +-
 packages/git/git.3.5.0/opam                                    |  2 +-
 packages/git/git.3.6.0/opam                                    |  2 +-
 packages/git/git.3.7.0/opam                                    |  2 +-
 packages/git/git.3.7.1/opam                                    |  2 +-
 packages/git/git.3.8.0/opam                                    |  2 +-
 packages/git/git.3.8.1/opam                                    |  2 +-
 packages/git/git.3.9.0/opam                                    |  2 +-
 packages/git/git.3.9.1/opam                                    |  2 +-
 packages/hkdf/hkdf.1.0.4/opam                                  |  2 +-
 packages/http-mirage-client/http-mirage-client.0.0.3/opam      |  2 +-
 packages/http-mirage-client/http-mirage-client.0.0.4/opam      |  2 +-
 packages/http-mirage-client/http-mirage-client.0.0.5/opam      |  2 +-
 packages/hyper/hyper.1.0.0~alpha2/opam                         |  4 ++--
 packages/jose/jose.0.5.0/opam                                  |  2 +-
 packages/jose/jose.0.5.1/opam                                  |  2 +-
 packages/jose/jose.0.6.0/opam                                  |  2 +-
 packages/jose/jose.0.7.0/opam                                  |  2 +-
 packages/jose/jose.0.8.1/opam                                  |  2 +-
 packages/jose/jose.0.8.2/opam                                  |  2 +-
 packages/jose/jose.0.9.0/opam                                  |  2 +-
 packages/letsencrypt-app/letsencrypt-app.0.5.0/opam            |  2 +-
 packages/letsencrypt-app/letsencrypt-app.0.5.1/opam            |  2 +-
 packages/letsencrypt/letsencrypt.0.2.1/opam                    |  6 +++---
 packages/letsencrypt/letsencrypt.0.2.2/opam                    |  6 +++---
 packages/letsencrypt/letsencrypt.0.2.3/opam                    |  6 +++---
 packages/letsencrypt/letsencrypt.0.2.4/opam                    |  6 +++---
 packages/letsencrypt/letsencrypt.0.2.5/opam                    |  6 +++---
 packages/letsencrypt/letsencrypt.0.3.0/opam                    |  6 +++---
 packages/letsencrypt/letsencrypt.0.4.0/opam                    |  8 ++++----
 packages/letsencrypt/letsencrypt.0.4.1/opam                    |  8 ++++----
 packages/letsencrypt/letsencrypt.0.5.0/opam                    | 10 +++++-----
 packages/letsencrypt/letsencrypt.0.5.1/opam                    | 10 +++++-----
 packages/miou/miou.0.0.1~beta1/opam                            |  2 +-
 packages/miou/miou.0.0.1~beta2/opam                            |  2 +-
 packages/miou/miou.0.1.0/opam                                  |  2 +-
 packages/miou/miou.0.2.0/opam                                  |  2 +-
 packages/mirage-block-ccm/mirage-block-ccm.2.0.0/opam          |  4 ++--
 packages/mirage-vnetif-stack/mirage-vnetif-stack.0.6.1/opam    |  2 +-
 packages/mirage-vnetif-stack/mirage-vnetif-stack.0.6.2/opam    |  2 +-
 packages/mrmime/mrmime.0.5.0/opam                              |  2 +-
 packages/mrmime/mrmime.0.6.0/opam                              |  2 +-
 packages/mrmime/mrmime.0.6.1/opam                              |  2 +-
 packages/ocluster/ocluster.0.1/opam                            |  2 +-
 packages/ocluster/ocluster.0.2.1/opam                          |  6 +++---
 packages/ocluster/ocluster.0.2/opam                            |  2 +-
 packages/ocluster/ocluster.0.3.0/opam                          |  6 +++---
 packages/oidc/oidc.0.1.0/opam                                  |  6 +++---
 packages/oidc/oidc.0.1.1/opam                                  |  6 +++---
 packages/opium/opium.0.19.0/opam                               |  2 +-
 packages/opium/opium.0.20.0/opam                               |  2 +-
 packages/otr/otr.0.3.10/opam                                   |  4 ++--
 packages/otr/otr.0.3.7/opam                                    |  6 +++---
 packages/otr/otr.0.3.8/opam                                    |  4 ++--
 packages/otr/otr.0.3.9/opam                                    |  4 ++--
 packages/paf-cohttp/paf-cohttp.0.0.4/opam                      |  2 +-
 packages/paf-cohttp/paf-cohttp.0.0.5/opam                      |  2 +-
 packages/paf-cohttp/paf-cohttp.0.1.0/opam                      |  2 +-
 packages/paf-cohttp/paf-cohttp.0.5.0/opam                      |  2 +-
 packages/paf-cohttp/paf-cohttp.0.6.0/opam                      |  2 +-
 packages/paf/paf.0.0.1/opam                                    |  2 +-
 packages/paf/paf.0.0.2/opam                                    |  2 +-
 packages/paf/paf.0.0.3/opam                                    |  2 +-
 packages/paf/paf.0.0.4/opam                                    |  2 +-
 packages/paf/paf.0.0.5/opam                                    |  2 +-
 packages/paf/paf.0.5.0/opam                                    |  2 +-
 packages/paf/paf.0.6.0/opam                                    |  2 +-
 packages/pbkdf/pbkdf.1.1.0/opam                                |  2 +-
 packages/pbkdf/pbkdf.1.2.0/opam                                |  2 +-
 packages/random/random.0.0.1/opam                              |  4 ++--
 packages/rfc6287/rfc6287.1.0.4/opam                            |  6 +++---
 packages/riot/riot.0.0.8/opam                                  |  4 ++--
 packages/riot/riot.0.0.9/opam                                  |  4 ++--
 packages/salsa20/salsa20.1.1.0/opam                            |  2 +-
 packages/salsa20/salsa20.1.2.0/opam                            |  2 +-
 packages/scrypt-kdf/scrypt-kdf.1.1.0/opam                      |  2 +-
 packages/scrypt-kdf/scrypt-kdf.1.2.0/opam                      |  2 +-
 packages/session/session.0.5.0/opam                            |  4 ++--
 packages/spoke/spoke.0.0.2/opam                                |  2 +-
 packages/ssh-agent/ssh-agent.0.2.1/opam                        |  4 ++--
 packages/ssh-agent/ssh-agent.0.3.0/opam                        |  4 ++--
 packages/ssh-agent/ssh-agent.0.3.1/opam                        |  4 ++--
 packages/ssh-agent/ssh-agent.0.4.0/opam                        |  6 +++---
 packages/ssh-agent/ssh-agent.0.4.1/opam                        |  8 ++++----
 packages/starred_ml/starred_ml.0.0.2/opam                      |  2 +-
 packages/starred_ml/starred_ml.0.0.3/opam                      |  2 +-
 packages/starred_ml/starred_ml.0.0.4/opam                      |  2 +-
 packages/starred_ml/starred_ml.0.0.5/opam                      |  2 +-
 packages/tcpip/tcpip.8.0.2/opam                                |  2 +-
 packages/tcpip/tcpip.8.1.0/opam                                |  2 +-
 packages/tls-async/tls-async.0.13.2/opam                       |  2 +-
 packages/tls-async/tls-async.0.14.0/opam                       |  2 +-
 packages/tls-async/tls-async.0.14.1/opam                       |  2 +-
 packages/tls-async/tls-async.0.15.0/opam                       |  2 +-
 packages/tls-async/tls-async.0.15.1/opam                       |  2 +-
 packages/tls-async/tls-async.0.15.2/opam                       |  2 +-
 packages/tls-async/tls-async.0.15.3/opam                       |  2 +-
 packages/tls-async/tls-async.0.15.4/opam                       |  2 +-
 packages/tls-async/tls-async.0.16.0/opam                       |  2 +-
 packages/tls-async/tls-async.0.17.0/opam                       |  2 +-
 packages/tls-async/tls-async.0.17.1/opam                       |  2 +-
 packages/tls-async/tls-async.0.17.3/opam                       |  2 +-
 packages/tls-async/tls-async.0.17.4/opam                       |  2 +-
 packages/tls-async/tls-async.0.17.5/opam                       |  2 +-
 packages/tls-eio/tls-eio.0.15.4/opam                           |  6 +++---
 packages/tls-eio/tls-eio.0.15.5/opam                           |  6 +++---
 packages/tls-eio/tls-eio.0.16.0/opam                           |  8 ++++----
 packages/tls-eio/tls-eio.0.17.0/opam                           |  8 ++++----
 packages/tls-eio/tls-eio.0.17.1/opam                           |  8 ++++----
 packages/tls-eio/tls-eio.0.17.2/opam                           | 10 +++++-----
 packages/tls-eio/tls-eio.0.17.3/opam                           | 10 +++++-----
 packages/tls-eio/tls-eio.0.17.4/opam                           | 10 +++++-----
 packages/tls-eio/tls-eio.0.17.5/opam                           | 10 +++++-----
 packages/tls-lwt/tls-lwt.0.16.0/opam                           |  2 +-
 packages/tls-lwt/tls-lwt.0.17.0/opam                           |  2 +-
 packages/tls-lwt/tls-lwt.0.17.1/opam                           |  2 +-
 packages/tls-lwt/tls-lwt.0.17.3/opam                           |  2 +-
 packages/tls-lwt/tls-lwt.0.17.4/opam                           |  2 +-
 packages/tls-lwt/tls-lwt.0.17.5/opam                           |  2 +-
 packages/tls-mirage/tls-mirage.0.11.0/opam                     |  4 ++--
 packages/tls-mirage/tls-mirage.0.11.1/opam                     |  4 ++--
 packages/tls-mirage/tls-mirage.0.12.0/opam                     |  4 ++--
 packages/tls-mirage/tls-mirage.0.12.1/opam                     |  4 ++--
 packages/tls-mirage/tls-mirage.0.12.2/opam                     |  4 ++--
 packages/tls-mirage/tls-mirage.0.12.3/opam                     |  4 ++--
 packages/tls-mirage/tls-mirage.0.12.4/opam                     |  4 ++--
 packages/tls-mirage/tls-mirage.0.12.5/opam                     |  4 ++--
 packages/tls-mirage/tls-mirage.0.12.6/opam                     |  4 ++--
 packages/tls-mirage/tls-mirage.0.12.7/opam                     |  4 ++--
 packages/tls-mirage/tls-mirage.0.12.8/opam                     |  4 ++--
 packages/tls-mirage/tls-mirage.0.13.0/opam                     |  4 ++--
 packages/tls-mirage/tls-mirage.0.13.1/opam                     |  4 ++--
 packages/tls-mirage/tls-mirage.0.13.2/opam                     |  4 ++--
 packages/tls-mirage/tls-mirage.0.14.0/opam                     |  4 ++--
 packages/tls-mirage/tls-mirage.0.14.1/opam                     |  4 ++--
 packages/tls-mirage/tls-mirage.0.15.0/opam                     |  4 ++--
 packages/tls-mirage/tls-mirage.0.15.1/opam                     |  4 ++--
 packages/tls-mirage/tls-mirage.0.15.2/opam                     |  4 ++--
 packages/tls-mirage/tls-mirage.0.15.3/opam                     |  4 ++--
 packages/tls-mirage/tls-mirage.0.15.4/opam                     |  4 ++--
 packages/tls-mirage/tls-mirage.0.16.0/opam                     |  4 ++--
 packages/tls-mirage/tls-mirage.0.17.0/opam                     |  4 ++--
 packages/tls-mirage/tls-mirage.0.17.1/opam                     |  4 ++--
 packages/tls-mirage/tls-mirage.0.17.3/opam                     |  4 ++--
 packages/tls-mirage/tls-mirage.0.17.4/opam                     |  4 ++--
 packages/tls-mirage/tls-mirage.0.17.5/opam                     |  4 ++--
 packages/tls/tls.0.11.0/opam                                   |  2 +-
 packages/tls/tls.0.11.1/opam                                   |  2 +-
 packages/tls/tls.0.12.0/opam                                   |  2 +-
 packages/tls/tls.0.12.1/opam                                   |  2 +-
 packages/tls/tls.0.12.2/opam                                   |  2 +-
 packages/tls/tls.0.12.3/opam                                   |  4 ++--
 packages/tls/tls.0.12.4/opam                                   |  4 ++--
 packages/tls/tls.0.12.5/opam                                   |  4 ++--
 packages/tls/tls.0.12.6/opam                                   |  4 ++--
 packages/tls/tls.0.12.7/opam                                   |  4 ++--
 packages/tls/tls.0.12.8/opam                                   |  4 ++--
 packages/tls/tls.0.13.0/opam                                   |  4 ++--
 packages/tls/tls.0.13.1/opam                                   |  6 +++---
 packages/tls/tls.0.13.2/opam                                   |  6 +++---
 packages/tls/tls.0.14.0/opam                                   |  6 +++---
 packages/tls/tls.0.14.1/opam                                   |  6 +++---
 packages/tls/tls.0.15.0/opam                                   |  6 +++---
 packages/tls/tls.0.15.1/opam                                   |  6 +++---
 packages/tls/tls.0.15.2/opam                                   |  6 +++---
 packages/tls/tls.0.15.3/opam                                   |  6 +++---
 packages/tls/tls.0.15.4/opam                                   |  6 +++---
 packages/tls/tls.0.16.0/opam                                   |  8 ++++----
 packages/tls/tls.0.17.0/opam                                   |  8 ++++----
 packages/tls/tls.0.17.1/opam                                   |  8 ++++----
 packages/tls/tls.0.17.3/opam                                   |  8 ++++----
 packages/tls/tls.0.17.4/opam                                   |  8 ++++----
 packages/tls/tls.0.17.5/opam                                   |  8 ++++----
 packages/twostep/twostep.1.0.1/opam                            |  4 ++--
 packages/u2f/u2f.0.1.0/opam                                    |  4 ++--
 packages/u2f/u2f.0.1.1/opam                                    |  4 ++--
 packages/u2f/u2f.0.1.2/opam                                    |  4 ++--
 packages/webauthn/webauthn.0.1.0/opam                          |  4 ++--
 packages/x509/x509.0.10.0/opam                                 |  4 ++--
 packages/x509/x509.0.11.0/opam                                 |  4 ++--
 packages/x509/x509.0.11.1/opam                                 |  4 ++--
 packages/x509/x509.0.11.2/opam                                 |  4 ++--
 packages/x509/x509.0.12.0/opam                                 | 10 +++++-----
 packages/x509/x509.0.13.0/opam                                 |  8 ++++----
 packages/x509/x509.0.14.0/opam                                 |  8 ++++----
 packages/x509/x509.0.14.1/opam                                 |  8 ++++----
 packages/x509/x509.0.15.0/opam                                 |  8 ++++----
 packages/x509/x509.0.15.1/opam                                 |  8 ++++----
 packages/x509/x509.0.15.2/opam                                 |  8 ++++----
 packages/x509/x509.0.16.0/opam                                 |  8 ++++----
 packages/x509/x509.0.16.1/opam                                 |  8 ++++----
 packages/x509/x509.0.16.2/opam                                 |  8 ++++----
 packages/x509/x509.0.16.3/opam                                 |  8 ++++----
 packages/x509/x509.0.16.4/opam                                 | 10 +++++-----
 packages/x509/x509.0.16.5/opam                                 | 10 +++++-----
 524 files changed, 933 insertions(+), 934 deletions(-)

[01;34m(from ocaml/opam:alpine-3.19-ocaml-4.14@sha256:9fe36571aaecaf834a4753f08620d88881fdde97763e2de1f84128d2f468952f)[0m
[01;2m[01;35m2024-06-10 03:04.36 ---> using "a195f0b6b26c0242d22cdd424b6f43af7b63cbe2c589d0c76ba133b59b858fcf" from cache[0m

[01;34m/: (user (uid 1000) (gid 1000))[0m

[01;34m/: (workdir /home/opam)[0m

[01;34m/home/opam: (run (shell "sudo ln -f /usr/bin/opam-dev /usr/bin/opam"))[0m
[01;2m[01;35m2024-06-10 03:04.36 ---> using "1a09e99aebfd51ecf8d9ff0d6f7be6fee638216bfb2ccd9625bcfaea8076df24" from cache[0m

[01;34m/home/opam: (run (network host)
                 (shell "opam init --reinit --config .opamrc-sandbox -ni"))[0m
Configuring from /home/opam/.opamrc-sandbox, then /home/opam/.opamrc, and finally from built-in defaults.
Checking for available remotes: rsync and local, git.
  - you won't be able to use mercurial repositories unless you install the hg command on your system.
  - you won't be able to use darcs repositories unless you install the darcs command on your system.

This development version of opam requires an update to the layout of /home/opam/.opam from version 2.0 to version 2.2~beta, which can't be reverted.
You may want to back it up before going further.

Continue? [y/n] y
Format upgrade done.

<><> Updating repositories ><><><><><><><><><><><><><><><><><><><><><><><><><><>
[default] synchronised from file:///home/opam/opam-repository
[01;2m[01;35m2024-06-10 03:04.36 ---> using "c49acd0b565d0dd06c55966ffd55534d762ccbdf3863fa1debfddfa554ef61cc" from cache[0m

[01;34m/home/opam: (run (shell "uname -rs && opam exec -- ocaml -version && opam --version"))[0m
Linux 5.15.0-107-generic
The OCaml toplevel, version 4.14.2
2.2.0~beta3~dev
[01;2m[01;35m2024-06-10 03:04.36 ---> using "f04dc23b63482a070ecace485fc124c1be71868cfa26f3cad9177ea3df78555f" from cache[0m

[01;34m/home/opam: (env OPAMDOWNLOADJOBS 1)[0m

[01;34m/home/opam: (env OPAMERRLOGLEN 0)[0m

[01;34m/home/opam: (env OPAMSOLVERTIMEOUT 500)[0m

[01;34m/home/opam: (env OPAMPRECISETRACKING 1)[0m

[01;34m/home/opam: (env CI true)[0m

[01;34m/home/opam: (env OPAM_REPO_CI true)[0m

[01;34m/home/opam: (run (shell "rm -rf opam-repository/"))[0m
[01;2m[01;35m2024-06-10 03:04.36 ---> using "a26627742a2d730c3e7e39ba0e5862d4b8cc75d405a99fcbb4ce507a81f1f86b" from cache[0m

[01;34m/home/opam: (copy (src .) (dst opam-repository/))[0m
[01;2m[01;35m2024-06-10 03:04.37 ---> using "96498b4d35587f1a51afab86e08b3551e40acd0e5501d0ded853936b0e1746ce" from cache[0m

[01;34m/home/opam: (run (shell "opam repository set-url --strict default opam-repository/"))[0m
[default] Initialised
[01;2m[01;35m2024-06-10 03:04.37 ---> using "eafb493fa99f745c36188e63aa92503825886e2c698478f083232bd7c51378ff" from cache[0m

[01;34m/home/opam: (run (network host)
                 (shell "opam update --depexts || true"))[0m
+ /usr/bin/sudo "apk" "update"
- fetch https://dl-cdn.alpinelinux.org/alpine/v3.19/main/x86_64/APKINDEX.tar.gz
- fetch https://dl-cdn.alpinelinux.org/alpine/v3.19/community/x86_64/APKINDEX.tar.gz
- fetch https://dl-cdn.alpinelinux.org/alpine/edge/main/x86_64/APKINDEX.tar.gz
- fetch https://dl-cdn.alpinelinux.org/alpine/edge/community/x86_64/APKINDEX.tar.gz
- fetch https://dl-cdn.alpinelinux.org/alpine/edge/testing/x86_64/APKINDEX.tar.gz
- v3.19.1-594-ged051af2627 [https://dl-cdn.alpinelinux.org/alpine/v3.19/main]
- v3.19.1-605-g2044231b67f [https://dl-cdn.alpinelinux.org/alpine/v3.19/community]
- v20240606-261-g8d8432df9e7 [https://dl-cdn.alpinelinux.org/alpine/edge/main]
- v20240606-268-g54d2d654f87 [https://dl-cdn.alpinelinux.org/alpine/edge/community]
- v20240606-267-gda02eb5db65 [https://dl-cdn.alpinelinux.org/alpine/edge/testing]
- OK: 53306 distinct packages available
[01;2m[01;35m2024-06-10 03:04.37 ---> using "bb079a54287ce74740f3b8b3acf00def7d4597208110ac01c6d3dd1740e80f98" from cache[0m

[01;34m/home/opam: (run (shell "opam pin add -k version -yn dkim.0.3.1 0.3.1"))[0m
dkim is now pinned to version 0.3.1
[01;2m[01;35m2024-06-10 03:04.37 ---> using "a11e229ca9a6fe80f887926675f41460ec8b903fdd95d68b01d634113bb4bd47" from cache[0m

[01;34m/home/opam: (run (cache (opam-archives (target /home/opam/.opam/download-cache)))
                 (network host)
                 (shell  "opam reinstall dkim.0.3.1;\
                        \n        res=$?;\
                        \n        test \"$res\" != 31 && exit \"$res\";\
                        \n        export OPAMCLI=2.0;\
                        \n        build_dir=$(opam var prefix)/.opam-switch/build;\
                        \n        failed=$(ls \"$build_dir\");\
                        \n        partial_fails=\"\";\
                        \n        for pkg in $failed; do\
                        \n          if opam show -f x-ci-accept-failures: \"$pkg\" | grep -qF \"\\\"alpine-3.19\\\"\"; then\
                        \n            echo \"A package failed and has been disabled for CI using the 'x-ci-accept-failures' field.\";\
                        \n          fi;\
                        \n          test \"$pkg\" != 'dkim.0.3.1' && partial_fails=\"$partial_fails $pkg\";\
                        \n        done;\
                        \n        test \"${partial_fails}\" != \"\" && echo \"opam-repo-ci detected dependencies failing: ${partial_fails}\";\
                        \n        exit 1"))[0m
dkim.0.3.1 is not installed. Install it? [y/n] y
The following actions will be performed:
=== recompile 4 packages
  - recompile ocaml               4.14.2          [upstream or system changes]
  - recompile ocaml-base-compiler 4.14.2 (pinned) [upstream or system changes]
  - recompile ocaml-config        2               [uses ocaml-base-compiler]
  - recompile opam-depext         1.2.1-1         [uses ocaml]
=== install 68 packages
  - install   afl-persistent      1.4             [required by mrmime]
  - install   angstrom            0.16.0          [required by mrmime]
  - install   asn1-combinators    0.2.6           [required by x509]
  - install   astring             0.8.5           [required by dkim]
  - install   base-bytes          base            [required by ocplib-endian]
  - install   base64              3.5.1           [required by dkim]
  - install   bigarray-compat     1.1.0           [required by mrmime]
  - install   bigarray-overlap    0.2.1           [required by mrmime]
  - install   bigstringaf         0.9.1           [required by mrmime]
  - install   cmdliner            1.3.0           [required by dkim]
  - install   coin                0.1.4           [required by rosetta]
  - install   conf-gmp            4               [required by conf-gmp-powm-sec, zarith]
  - install   conf-gmp-powm-sec   3               [required by mirage-crypto-pk]
  - install   conf-pkg-config     3               [required by bigarray-overlap]
  - install   cppo                1.6.9           [required by ocplib-endian]
  - install   csexp               1.5.2           [required by dune-configurator]
  - install   cstruct             6.2.0           [required by mirage-crypto-pk, x509]
  - install   digestif            1.2.0           [required by dkim]
  - install   dkim                0.3.1 (pinned)
  - install   dns                 8.0.0           [required by dns-client]
  - install   dns-client          8.0.0           [required by dkim]
  - install   domain-name         0.4.0           [required by dkim]
  - install   dune                3.15.3          [required by dkim]
  - install   dune-configurator   3.15.3          [required by hxd, mirage-crypto-rng, mirage-crypto-ec]
  - install   duration            0.2.1           [required by dns, mirage-crypto-rng]
  - install   emile               1.1             [required by mrmime]
  - install   eqaf                0.9             [required by digestif, mirage-crypto-pk]
  - install   fmt                 0.9.0           [required by dkim]
  - install   fpath               0.7.3           [required by dkim]
  - install   gmap                0.3.0           [required by x509]
  - install   hmap                0.8.1           [required by dkim]
  - install   host-arch-x86_64    1
  - install   host-system-other   1
  - install   hxd                 0.3.2           [required by mrmime]
  - install   ipaddr              5.6.0           [required by dkim]
  - install   ke                  0.6             [required by mrmime]
  - install   logs                0.7.0           [required by dkim]
  - install   lru                 0.3.1           [required by dns]
  - install   macaddr             5.6.0           [required by ipaddr]
  - install   metrics             0.4.1           [required by dns]
  - install   mirage-crypto       0.11.3          [required by dkim]
  - install   mirage-crypto-ec    0.11.3          [required by x509]
  - install   mirage-crypto-pk    0.11.3          [required by dkim]
  - install   mirage-crypto-rng   0.11.3          [required by mrmime, dns-client, mirage-crypto-pk, x509]
  - install   mrmime              0.5.0           [required by dkim]
  - install   mtime               2.0.0           [required by dns-client]
  - install   ocaml-syntax-shims  1.0.0           [required by angstrom]
  - install   ocamlbuild          0.14.3          [required by fpath, astring, hmap]
  - install   ocamlfind           1.9.6           [required by fpath, astring, hmap]
  - install   ocplib-endian       1.2             [required by mrmime]
  - install   pbkdf               1.2.0           [required by x509]
  - install   pecu                0.7             [required by mrmime]
  - install   prettym             0.0.3           [required by mrmime]
  - install   psq                 0.2.1           [required by lru]
  - install   ptime               1.1.0           [required by mrmime, x509]
  - install   randomconv          0.1.3           [required by dns-client]
  - install   re                  1.11.0          [required by coin, uuuu]
  - install   rosetta             0.3.0           [required by mrmime]
  - install   rresult             0.7.0           [required by mrmime]
  - install   seq                 base            [required by psq, re]
  - install   sexplib0            v0.17.0         [required by mirage-crypto-pk]
  - install   topkg               1.0.7           [required by fpath, astring, hmap]
  - install   unstrctrd           0.4             [required by mrmime]
  - install   uutf                1.0.3           [required by mrmime]
  - install   uuuu                0.3.0           [required by rosetta]
  - install   x509                0.16.5          [required by dkim]
  - install   yuscii              0.3.0           [required by rosetta]
  - install   zarith              1.13            [required by mirage-crypto-pk]

The following system packages will first need to be installed:
    gmp-dev

<><> Handling external dependencies <><><><><><><><><><><><><><><><><><><><><><>

opam believes some required external dependencies are missing. opam can:
> 1. Run apk to install them (may need root/sudo access)
  2. Display the recommended apk command and wait while you run it manually (e.g. in another terminal)
  3. Continue anyway, and, upon success, permanently register that this external dependency is present, but not detectable
  4. Abort the installation

[1/2/3/4] 1

+ /usr/bin/sudo "apk" "add" "gmp-dev"
- (1/2) Installing libgmpxx (6.3.0-r0)
- (2/2) Installing gmp-dev (6.3.0-r0)
- OK: 298 MiB in 102 packages

<><> Processing actions <><><><><><><><><><><><><><><><><><><><><><><><><><><><>
-> retrieved afl-persistent.1.4  (cached)
-> retrieved angstrom.0.16.0  (cached)
-> retrieved asn1-combinators.0.2.6  (cached)
-> retrieved astring.0.8.5  (cached)
-> retrieved base64.3.5.1  (cached)
-> retrieved bigarray-compat.1.1.0  (cached)
-> retrieved bigarray-overlap.0.2.1  (cached)
-> retrieved bigstringaf.0.9.1  (cached)
-> retrieved cmdliner.1.3.0  (cached)
-> retrieved coin.0.1.4  (cached)
-> retrieved conf-gmp.4  (cached)
-> retrieved conf-gmp-powm-sec.3  (cached)
-> retrieved cppo.1.6.9  (cached)
-> retrieved csexp.1.5.2  (cached)
-> installed conf-pkg-config.3
-> retrieved cstruct.6.2.0  (cached)
-> installed conf-gmp.4
-> installed conf-gmp-powm-sec.3
-> retrieved digestif.1.2.0  (cached)
-> retrieved dkim.0.3.1  (cached)
-> retrieved dns.8.0.0, dns-client.8.0.0  (cached)
-> retrieved domain-name.0.4.0  (cached)
-> retrieved dune.3.15.3, dune-configurator.3.15.3  (cached)
-> retrieved duration.0.2.1  (cached)
-> retrieved emile.1.1  (cached)
-> retrieved eqaf.0.9  (cached)
-> retrieved fmt.0.9.0  (cached)
-> retrieved fpath.0.7.3  (cached)
-> retrieved gmap.0.3.0  (cached)
-> retrieved hmap.0.8.1  (cached)
-> installed host-arch-x86_64.1
-> installed host-system-other.1
-> retrieved hxd.0.3.2  (cached)
-> retrieved ipaddr.5.6.0, macaddr.5.6.0  (cached)
-> retrieved ke.0.6  (cached)
-> retrieved logs.0.7.0  (cached)
-> retrieved lru.0.3.1  (cached)
-> retrieved metrics.0.4.1  (cached)
-> retrieved mirage-crypto.0.11.3, mirage-crypto-ec.0.11.3, mirage-crypto-pk.0.11.3, mirage-crypto-rng.0.11.3  (cached)
-> retrieved mrmime.0.5.0  (cached)
-> retrieved mtime.2.0.0  (cached)
-> retrieved ocaml-base-compiler.4.14.2  (cached)
-> retrieved ocaml-config.2  (cached)
-> retrieved ocaml-syntax-shims.1.0.0  (cached)
-> retrieved ocamlbuild.0.14.3  (cached)
-> retrieved ocamlfind.1.9.6  (cached)
-> retrieved ocplib-endian.1.2  (cached)
-> retrieved opam-depext.1.2.1-1  (cached)
-> retrieved pbkdf.1.2.0  (cached)
-> retrieved pecu.0.7  (cached)
-> retrieved prettym.0.0.3  (cached)
-> retrieved psq.0.2.1  (cached)
-> retrieved ptime.1.1.0  (cached)
-> retrieved randomconv.0.1.3  (cached)
-> retrieved re.1.11.0  (cached)
-> retrieved rosetta.0.3.0  (cached)
-> retrieved rresult.0.7.0  (cached)
-> retrieved seq.base  (cached)
-> retrieved sexplib0.v0.17.0  (cached)
-> retrieved topkg.1.0.7  (cached)
-> retrieved unstrctrd.0.4  (cached)
-> retrieved uutf.1.0.3  (cached)
-> retrieved uuuu.0.3.0  (cached)
-> retrieved x509.0.16.5  (cached)
-> retrieved yuscii.0.3.0  (cached)
-> retrieved zarith.1.13  (cached)
-> removed   opam-depext.1.2.1-1
-> removed   ocaml.4.14.2
-> removed   ocaml-config.2
-> removed   ocaml-base-compiler.4.14.2
-> installed ocaml-base-compiler.4.14.2
-> installed ocaml-config.2
-> installed ocaml.4.14.2
-> installed seq.base
-> installed opam-depext.1.2.1-1
-> installed cmdliner.1.3.0
-> installed ocamlfind.1.9.6
-> installed base-bytes.base
-> installed ocamlbuild.0.14.3
-> installed zarith.1.13
-> installed topkg.1.0.7
-> installed hmap.0.8.1
-> installed rresult.0.7.0
-> installed uutf.1.0.3
-> installed mtime.2.0.0
-> installed fmt.0.9.0
-> installed ptime.1.1.0
-> installed astring.0.8.5
-> installed fpath.0.7.3
-> installed logs.0.7.0
-> installed dune.3.15.3
-> installed csexp.1.5.2
-> installed base64.3.5.1
-> installed bigarray-compat.1.1.0
-> installed bigarray-overlap.0.2.1
-> installed cstruct.6.2.0
-> installed domain-name.0.4.0
-> installed duration.0.2.1
-> installed cppo.1.6.9
-> installed gmap.0.3.0
-> installed ke.0.6
-> installed macaddr.5.6.0
-> installed metrics.0.4.1
-> installed ocaml-syntax-shims.1.0.0
-> installed pecu.0.7
-> installed psq.0.2.1
-> installed re.1.11.0
-> installed sexplib0.v0.17.0
-> installed yuscii.0.3.0
-> installed randomconv.0.1.3
-> installed afl-persistent.1.4
-> installed ocplib-endian.1.2
-> installed lru.0.3.1
-> installed eqaf.0.9
-> installed ipaddr.5.6.0
-> installed asn1-combinators.0.2.6
-> installed coin.0.1.4
-> installed uuuu.0.3.0
-> installed rosetta.0.3.0
-> installed digestif.1.2.0
-> installed dune-configurator.3.15.3
-> installed dns.8.0.0
-> installed bigstringaf.0.9.1
-> installed angstrom.0.16.0
-> installed hxd.0.3.2
-> installed prettym.0.0.3
-> installed unstrctrd.0.4
-> installed emile.1.1
-> installed mirage-crypto.0.11.3
-> installed pbkdf.1.2.0
-> installed mirage-crypto-rng.0.11.3
-> installed mirage-crypto-pk.0.11.3
-> installed dns-client.8.0.0
-> installed mrmime.0.5.0
-> installed mirage-crypto-ec.0.11.3
-> installed x509.0.16.5
-> installed dkim.0.3.1
Done.

<><> opam-depext.1.2.1-1 installed successfully <><><><><><><><><><><><><><><><>
=> opam-depext is unnecessary when used with opam >= 2.1. Please use opam install directly instead

<><> afl-persistent.1.4 installed successfully ><><><><><><><><><><><><><><><><>
=> afl-persistent is installed, but since the current OCaml compiler does
   not enable AFL instrumentation by default, most packages will not be
   instrumented and fuzzing with afl-fuzz may not be effective.

   To globally enable AFL instrumentation, create an OCaml switch like:

     opam switch create 4.14.2+afl ocaml-variants.4.14.2+options ocaml-option-afl
# Run eval $(opam env) to update the current shell environment
[01;2m[01;35m2024-06-10 03:07.14 ---> saved as "a8569245c35295f843d51185e45170a7576ba398290d901ce468c9dbc95d9cbe"[0m

[01;34m/home/opam: (run (network host)
                 (shell "(opam reinstall --with-test dkim.0.3.1) || true"))[0m
[ERROR] Sorry, resolution of the request timed out.
        Try to specify a more precise request, use a different solver, or increase the allowed time by setting OPAMSOLVERTIMEOUT to a bigger value (currently, it is set to 500.0 seconds).
[01;2m[01;35m2024-06-10 03:15.45 ---> saved as "dc50d0a3f7ee5356187f784d63fc277ce5f6c21e9ba35a6d6d4871155f5d79ae"[0m

[01;34m/home/opam: (run (shell  "opam reinstall --with-test --verbose dkim.0.3.1;\
                        \n        res=$?;\
                        \n        test \"$res\" != 31 && exit \"$res\";\
                        \n        export OPAMCLI=2.0;\
                        \n        build_dir=$(opam var prefix)/.opam-switch/build;\
                        \n        failed=$(ls \"$build_dir\");\
                        \n        partial_fails=\"\";\
                        \n        for pkg in $failed; do\
                        \n          if opam show -f x-ci-accept-failures: \"$pkg\" | grep -qF \"\\\"alpine-3.19\\\"\"; then\
                        \n            echo \"A package failed and has been disabled for CI using the 'x-ci-accept-failures' field.\";\
                        \n          fi;\
                        \n          test \"$pkg\" != 'dkim.0.3.1' && partial_fails=\"$partial_fails $pkg\";\
                        \n        done;\
                        \n        test \"${partial_fails}\" != \"\" && echo \"opam-repo-ci detected dependencies failing: ${partial_fails}\";\
                        \n        exit 1"))[0m
[ERROR] Sorry, resolution of the request timed out.
        Try to specify a more precise request, use a different solver, or increase the allowed time by setting OPAMSOLVERTIMEOUT to a bigger value (currently, it is set to 500.0 seconds).
'opam reinstall --with-test --verbose dkim.0.3.1' failed.
"/usr/bin/env" "bash" "-c" "opam reinstall --with-test --verbose dkim.0.3.1;
        res=$?;
        test "$res" != 31 && exit "$res";
        export OPAMCLI=2.0;
        build_dir=$(opam var prefix)/.opam-switch/build;
        failed=$(ls "$build_dir");
        partial_fails="";
        for pkg in $failed; do
          if opam show -f x-ci-accept-failures: "$pkg" | grep -qF "\"alpine-3.19\""; then
            echo "A package failed and has been disabled for CI using the 'x-ci-accept-failures' field.";
          fi;
          test "$pkg" != 'dkim.0.3.1' && partial_fails="$partial_fails $pkg";
        done;
        test "${partial_fails}" != "" && echo "opam-repo-ci detected dependencies failing: ${partial_fails}";
        exit 1" failed with exit status 60
2024-06-10 03:24.23: Job failed: Failed: Build failed
2024-06-10 03:24.23: Log analysis:
2024-06-10 03:24.23: >>> 
[ERROR] Sorry, resolution of the request timed out.
 (score = 20)
2024-06-10 03:24.23: >>> 
[ERROR] Sorry, resolution of the request timed out.
 (score = 20)
2024-06-10 03:24.23: Sorry, resolution of the request timed out.
