2024-06-09 12:58.53: New job: test caldav.0.2.1, using opam dev
                              from https://github.com/ocaml/opam-repository.git#refs/pull/26045/head (d062d369c7ba4b522a99aefe63cc969dfa6c3798)
                              on debian-12-ocaml-4.14-nnp/amd64

To reproduce locally:

cd $(mktemp -d)
git clone --recursive "https://github.com/ocaml/opam-repository.git" && cd "opam-repository" && git fetch origin "refs/pull/26045/head" && git reset --hard d062d369
git fetch origin master
git merge --no-edit 25082ca0186918fbe727df99f2e51ca8b60896c1
cat > ../Dockerfile <<'END-OF-DOCKERFILE'
[34mFROM ocaml/opam:debian-12-ocaml-4.14-nnp@sha256:c2b0886b9f94fa56b2f4fc9207e8ed951d626324ce172a546d1077839b063066
USER 1000:1000
WORKDIR /home/opam
RUN sudo ln -f /usr/bin/opam-dev /usr/bin/opam
RUN opam init --reinit -ni
RUN uname -rs && opam exec -- ocaml -version && opam --version
ENV OPAMDOWNLOADJOBS="1"
ENV OPAMERRLOGLEN="0"
ENV OPAMSOLVERTIMEOUT="500"
ENV OPAMPRECISETRACKING="1"
ENV CI="true"
ENV OPAM_REPO_CI="true"
RUN rm -rf opam-repository/
COPY --chown=1000:1000 . opam-repository/
RUN opam repository set-url --strict default opam-repository/
RUN opam update --depexts || true
RUN opam pin add -k version -yn caldav.0.2.1 0.2.1
RUN opam reinstall caldav.0.2.1; \
    res=$?; \
    test "$res" != 31 && exit "$res"; \
    export OPAMCLI=2.0; \
    build_dir=$(opam var prefix)/.opam-switch/build; \
    failed=$(ls "$build_dir"); \
    partial_fails=""; \
    for pkg in $failed; do \
    if opam show -f x-ci-accept-failures: "$pkg" | grep -qF "\"debian-12\""; then \
    echo "A package failed and has been disabled for CI using the 'x-ci-accept-failures' field."; \
    fi; \
    test "$pkg" != 'caldav.0.2.1' && partial_fails="$partial_fails $pkg"; \
    done; \
    test "${partial_fails}" != "" && echo "opam-repo-ci detected dependencies failing: ${partial_fails}"; \
    exit 1
RUN (opam reinstall --with-test caldav.0.2.1) || true
RUN opam reinstall --with-test --verbose caldav.0.2.1; \
    res=$?; \
    test "$res" != 31 && exit "$res"; \
    export OPAMCLI=2.0; \
    build_dir=$(opam var prefix)/.opam-switch/build; \
    failed=$(ls "$build_dir"); \
    partial_fails=""; \
    for pkg in $failed; do \
    if opam show -f x-ci-accept-failures: "$pkg" | grep -qF "\"debian-12\""; then \
    echo "A package failed and has been disabled for CI using the 'x-ci-accept-failures' field."; \
    fi; \
    test "$pkg" != 'caldav.0.2.1' && partial_fails="$partial_fails $pkg"; \
    done; \
    test "${partial_fails}" != "" && echo "opam-repo-ci detected dependencies failing: ${partial_fails}"; \
    exit 1
[0m
END-OF-DOCKERFILE
docker build -f ../Dockerfile .

2024-06-09 12:58.53: Using cache hint "ocaml/opam:debian-12-ocaml-4.14-nnp@sha256:c2b0886b9f94fa56b2f4fc9207e8ed951d626324ce172a546d1077839b063066-caldav.0.2.1-d062d369c7ba4b522a99aefe63cc969dfa6c3798"
2024-06-09 12:58.53: Using OBuilder spec:
((from ocaml/opam:debian-12-ocaml-4.14-nnp@sha256:c2b0886b9f94fa56b2f4fc9207e8ed951d626324ce172a546d1077839b063066)
 (user (uid 1000) (gid 1000))
 (workdir /home/opam)
 (run (shell "sudo ln -f /usr/bin/opam-dev /usr/bin/opam"))
 (run (network host)
      (shell "opam init --reinit --config .opamrc-sandbox -ni"))
 (run (shell "uname -rs && opam exec -- ocaml -version && opam --version"))
 (env OPAMDOWNLOADJOBS 1)
 (env OPAMERRLOGLEN 0)
 (env OPAMSOLVERTIMEOUT 500)
 (env OPAMPRECISETRACKING 1)
 (env CI true)
 (env OPAM_REPO_CI true)
 (run (shell "rm -rf opam-repository/"))
 (copy (src .) (dst opam-repository/))
 (run (shell "opam repository set-url --strict default opam-repository/"))
 (run (network host)
      (shell "opam update --depexts || true"))
 (run (shell "opam pin add -k version -yn caldav.0.2.1 0.2.1"))
 (run (cache (opam-archives (target /home/opam/.opam/download-cache)))
      (network host)
      (shell  "opam reinstall caldav.0.2.1;\
             \n        res=$?;\
             \n        test \"$res\" != 31 && exit \"$res\";\
             \n        export OPAMCLI=2.0;\
             \n        build_dir=$(opam var prefix)/.opam-switch/build;\
             \n        failed=$(ls \"$build_dir\");\
             \n        partial_fails=\"\";\
             \n        for pkg in $failed; do\
             \n          if opam show -f x-ci-accept-failures: \"$pkg\" | grep -qF \"\\\"debian-12\\\"\"; then\
             \n            echo \"A package failed and has been disabled for CI using the 'x-ci-accept-failures' field.\";\
             \n          fi;\
             \n          test \"$pkg\" != 'caldav.0.2.1' && partial_fails=\"$partial_fails $pkg\";\
             \n        done;\
             \n        test \"${partial_fails}\" != \"\" && echo \"opam-repo-ci detected dependencies failing: ${partial_fails}\";\
             \n        exit 1"))
 (run (network host)
      (shell "(opam reinstall --with-test caldav.0.2.1) || true"))
 (run (shell  "opam reinstall --with-test --verbose caldav.0.2.1;\
             \n        res=$?;\
             \n        test \"$res\" != 31 && exit \"$res\";\
             \n        export OPAMCLI=2.0;\
             \n        build_dir=$(opam var prefix)/.opam-switch/build;\
             \n        failed=$(ls \"$build_dir\");\
             \n        partial_fails=\"\";\
             \n        for pkg in $failed; do\
             \n          if opam show -f x-ci-accept-failures: \"$pkg\" | grep -qF \"\\\"debian-12\\\"\"; then\
             \n            echo \"A package failed and has been disabled for CI using the 'x-ci-accept-failures' field.\";\
             \n          fi;\
             \n          test \"$pkg\" != 'caldav.0.2.1' && partial_fails=\"$partial_fails $pkg\";\
             \n        done;\
             \n        test \"${partial_fails}\" != \"\" && echo \"opam-repo-ci detected dependencies failing: ${partial_fails}\";\
             \n        exit 1"))
)

2024-06-09 12:58.53: Waiting for resource in pool OCluster
2024-06-10 07:33.58: Waiting for worker…
2024-06-10 07:37.15: Got resource from pool OCluster
Building on asteria.caelum.ci.dev
All commits already cached
Updating files:  88% (28006/31477)Updating files:  89% (28015/31477)Updating files:  90% (28330/31477)Updating files:  91% (28645/31477)Updating files:  92% (28959/31477)Updating files:  93% (29274/31477)Updating files:  94% (29589/31477)Updating files:  95% (29904/31477)Updating files:  96% (30218/31477)Updating files:  97% (30533/31477)Updating files:  98% (30848/31477)Updating files:  99% (31163/31477)Updating files: 100% (31477/31477)Updating files: 100% (31477/31477), done.
HEAD is now at 25082ca018 Merge pull request #26040 from anmonteiro/patch-6
Updating 25082ca018..d062d369c7
Fast-forward
 packages/albatross/albatross.1.0.1/opam                        |  4 ++--
 packages/albatross/albatross.1.1.0/opam                        |  6 +++---
 packages/albatross/albatross.1.1.1/opam                        |  6 +++---
 packages/albatross/albatross.1.2.0/opam                        |  6 +++---
 packages/albatross/albatross.1.3.0/opam                        |  4 ++--
 packages/albatross/albatross.1.3.1/opam                        |  4 ++--
 packages/albatross/albatross.1.4.0/opam                        |  4 ++--
 packages/albatross/albatross.1.4.1/opam                        |  4 ++--
 packages/albatross/albatross.1.4.2/opam                        |  4 ++--
 packages/albatross/albatross.1.4.3/opam                        |  4 ++--
 packages/albatross/albatross.1.5.0/opam                        |  4 ++--
 packages/albatross/albatross.1.5.1/opam                        |  4 ++--
 packages/albatross/albatross.1.5.2/opam                        |  4 ++--
 packages/albatross/albatross.1.5.3/opam                        |  4 ++--
 packages/albatross/albatross.1.5.4/opam                        |  4 ++--
 packages/albatross/albatross.1.5.5/opam                        |  4 ++--
 packages/albatross/albatross.1.5.6/opam                        |  4 ++--
 packages/albatross/albatross.2.0.0/opam                        |  4 ++--
 packages/awa-lwt/awa-lwt.0.0.1/opam                            |  2 +-
 packages/awa-lwt/awa-lwt.0.0.2/opam                            |  2 +-
 packages/awa-lwt/awa-lwt.0.0.3/opam                            |  2 +-
 packages/awa-lwt/awa-lwt.0.0.4/opam                            |  2 +-
 packages/awa-lwt/awa-lwt.0.0.5/opam                            |  2 +-
 packages/awa-lwt/awa-lwt.0.1.0/opam                            |  2 +-
 packages/awa-lwt/awa-lwt.0.1.1/opam                            |  2 +-
 packages/awa-lwt/awa-lwt.0.1.2/opam                            |  2 +-
 packages/awa-lwt/awa-lwt.0.2.0/opam                            |  2 +-
 packages/awa/awa.0.0.1/opam                                    |  4 ++--
 packages/awa/awa.0.0.2/opam                                    |  4 ++--
 packages/awa/awa.0.0.3/opam                                    |  6 +++---
 packages/awa/awa.0.0.4/opam                                    |  6 +++---
 packages/awa/awa.0.0.5/opam                                    |  6 +++---
 packages/awa/awa.0.1.0/opam                                    |  6 +++---
 packages/awa/awa.0.1.1/opam                                    |  6 +++---
 packages/awa/awa.0.1.2/opam                                    |  8 ++++----
 packages/awa/awa.0.2.0/opam                                    |  8 ++++----
 packages/awa/awa.0.3.0/opam                                    |  8 ++++----
 packages/awa/awa.0.3.1/opam                                    |  8 ++++----
 packages/builder-web/builder-web.0.1.0/opam                    |  4 ++--
 packages/ca-certs-nss/ca-certs-nss.3.57/opam                   |  2 +-
 packages/ca-certs-nss/ca-certs-nss.3.59/opam                   |  2 +-
 packages/ca-certs-nss/ca-certs-nss.3.60/opam                   |  2 +-
 packages/ca-certs-nss/ca-certs-nss.3.63.1/opam                 |  2 +-
 packages/ca-certs-nss/ca-certs-nss.3.63/opam                   |  2 +-
 packages/ca-certs-nss/ca-certs-nss.3.64.0.1/opam               |  2 +-
 packages/ca-certs-nss/ca-certs-nss.3.64/opam                   |  2 +-
 packages/ca-certs-nss/ca-certs-nss.3.66/opam                   |  2 +-
 packages/ca-certs-nss/ca-certs-nss.3.71.0.1/opam               |  2 +-
 packages/ca-certs-nss/ca-certs-nss.3.71/opam                   |  2 +-
 packages/ca-certs-nss/ca-certs-nss.3.74/opam                   |  2 +-
 packages/ca-certs-nss/ca-certs-nss.3.77/opam                   |  2 +-
 packages/ca-certs-nss/ca-certs-nss.3.80/opam                   |  2 +-
 packages/ca-certs-nss/ca-certs-nss.3.83/opam                   |  2 +-
 packages/ca-certs-nss/ca-certs-nss.3.86/opam                   |  2 +-
 packages/ca-certs-nss/ca-certs-nss.3.89.1/opam                 |  2 +-
 packages/ca-certs-nss/ca-certs-nss.3.92/opam                   |  2 +-
 packages/ca-certs-nss/ca-certs-nss.3.95/opam                   |  2 +-
 packages/ca-certs-nss/ca-certs-nss.3.98/opam                   |  2 +-
 packages/ca-certs/ca-certs.0.1.2/opam                          |  2 +-
 packages/ca-certs/ca-certs.0.1.3/opam                          |  2 +-
 packages/ca-certs/ca-certs.0.2.0/opam                          |  2 +-
 packages/ca-certs/ca-certs.0.2.1/opam                          |  2 +-
 packages/ca-certs/ca-certs.0.2.2/opam                          |  2 +-
 packages/ca-certs/ca-certs.0.2.3/opam                          |  2 +-
 packages/caldav/caldav.0.1.0/opam                              |  4 ++--
 packages/caldav/caldav.0.1.1/opam                              |  4 ++--
 packages/caldav/caldav.0.2.0/opam                              |  4 ++--
 packages/caldav/caldav.0.2.1/opam                              |  4 ++--
 packages/caldav/caldav.0.2.2/opam                              |  6 +++---
 packages/capnp-rpc-mirage/capnp-rpc-mirage.0.9.0/opam          |  2 +-
 packages/capnp-rpc-mirage/capnp-rpc-mirage.1.0/opam            |  2 +-
 packages/capnp-rpc-mirage/capnp-rpc-mirage.1.1/opam            |  2 +-
 packages/capnp-rpc-mirage/capnp-rpc-mirage.1.2.1/opam          |  2 +-
 packages/capnp-rpc-mirage/capnp-rpc-mirage.1.2.2/opam          |  2 +-
 packages/capnp-rpc-mirage/capnp-rpc-mirage.1.2.3/opam          |  2 +-
 packages/capnp-rpc-mirage/capnp-rpc-mirage.1.2/opam            |  2 +-
 packages/capnp-rpc-net/capnp-rpc-net.0.9.0/opam                |  4 ++--
 packages/capnp-rpc-net/capnp-rpc-net.1.0/opam                  |  4 ++--
 packages/capnp-rpc-net/capnp-rpc-net.1.1/opam                  |  4 ++--
 packages/capnp-rpc-net/capnp-rpc-net.1.2.1/opam                |  4 ++--
 packages/capnp-rpc-net/capnp-rpc-net.1.2.2/opam                |  4 ++--
 packages/capnp-rpc-net/capnp-rpc-net.1.2.3/opam                |  4 ++--
 packages/capnp-rpc-net/capnp-rpc-net.1.2/opam                  |  4 ++--
 packages/capnp-rpc-unix/capnp-rpc-unix.1.2.3/opam              |  2 +-
 packages/caqti-eio/caqti-eio.2.1.1/opam                        |  4 ++--
 packages/carbon/carbon.0.1.0/opam                              |  2 +-
 packages/certify/certify.0.3.3/opam                            |  2 +-
 packages/chacha/chacha.1.0.0/opam                              |  2 +-
 packages/chacha/chacha.1.1.0/opam                              |  2 +-
 packages/chamelon-unix/chamelon-unix.0.0.10/opam               |  2 +-
 packages/chamelon-unix/chamelon-unix.0.0.9.1/opam              |  2 +-
 packages/chamelon-unix/chamelon-unix.0.1.1/opam                |  2 +-
 packages/chamelon-unix/chamelon-unix.0.1.2/opam                |  2 +-
 packages/chamelon/chamelon.0.0.10/opam                         |  2 +-
 packages/chamelon/chamelon.0.0.9.1/opam                        |  2 +-
 packages/chamelon/chamelon.0.1.1/opam                          |  2 +-
 packages/chamelon/chamelon.0.1.2/opam                          |  2 +-
 packages/cohttp-async/cohttp-async.3.0.0/opam                  |  2 +-
 packages/cohttp-async/cohttp-async.4.0.0/opam                  |  2 +-
 packages/cohttp-async/cohttp-async.4.1.1/opam                  |  2 +-
 packages/cohttp-async/cohttp-async.4.1.2/opam                  |  2 +-
 packages/cohttp-async/cohttp-async.5.0.0/opam                  |  2 +-
 packages/cohttp-async/cohttp-async.5.1.0/opam                  |  2 +-
 packages/cohttp-async/cohttp-async.5.2.0/opam                  |  2 +-
 packages/cohttp-async/cohttp-async.5.3.0/opam                  |  2 +-
 packages/cohttp-async/cohttp-async.6.0.0~alpha0/opam           |  2 +-
 packages/cohttp-async/cohttp-async.6.0.0~alpha1/opam           |  2 +-
 packages/cohttp-async/cohttp-async.6.0.0~alpha2/opam           |  2 +-
 packages/cohttp-async/cohttp-async.6.0.0~beta2/opam            |  2 +-
 packages/cohttp-eio/cohttp-eio.6.0.0~beta2/opam                |  2 +-
 packages/conduit-async-tls/conduit-async-tls.3.0.0/opam        |  2 +-
 packages/conduit-lwt-tls/conduit-lwt-tls.3.0.0/opam            |  4 ++--
 packages/conex-mirage-crypto/conex-mirage-crypto.0.11.1/opam   |  4 ++--
 packages/current_git/current_git.0.5/opam                      |  2 +-
 packages/current_git/current_git.0.6.1/opam                    |  2 +-
 packages/current_git/current_git.0.6.2/opam                    |  2 +-
 packages/current_git/current_git.0.6.4/opam                    |  2 +-
 packages/current_git/current_git.0.6.6/opam                    |  2 +-
 packages/current_git/current_git.0.6/opam                      |  2 +-
 packages/current_github/current_github.0.2/opam                |  4 ++--
 packages/current_github/current_github.0.3/opam                |  4 ++--
 packages/current_github/current_github.0.4/opam                |  4 ++--
 packages/current_github/current_github.0.5/opam                |  4 ++--
 packages/current_github/current_github.0.6.1/opam              |  4 ++--
 packages/current_github/current_github.0.6.2/opam              |  4 ++--
 packages/current_github/current_github.0.6.4/opam              |  4 ++--
 packages/current_github/current_github.0.6.6/opam              |  4 ++--
 packages/current_github/current_github.0.6/opam                |  4 ++--
 packages/current_web/current_web.0.4/opam                      |  2 +-
 packages/current_web/current_web.0.5/opam                      |  2 +-
 packages/current_web/current_web.0.6.1/opam                    |  2 +-
 packages/current_web/current_web.0.6.2/opam                    |  2 +-
 packages/current_web/current_web.0.6.4/opam                    |  6 +++---
 packages/current_web/current_web.0.6.6/opam                    |  6 +++---
 packages/current_web/current_web.0.6/opam                      |  2 +-
 .../dirsp-proscript-mirage/dirsp-proscript-mirage.0.1.0/opam   |  2 +-
 packages/dkim-mirage/dkim-mirage.0.2.0/opam                    |  2 +-
 packages/dkim-mirage/dkim-mirage.0.3.0/opam                    |  2 +-
 packages/dkim-mirage/dkim-mirage.0.3.1/opam                    |  2 +-
 packages/dkim-mirage/dkim-mirage.0.4.0/opam                    |  2 +-
 packages/dkim-mirage/dkim-mirage.0.5.0/opam                    |  2 +-
 packages/dkim-mirage/dkim-mirage.0.6.0/opam                    |  2 +-
 packages/dkim/dkim.0.1.0/opam                                  |  4 ++--
 packages/dkim/dkim.0.2.0/opam                                  |  4 ++--
 packages/dkim/dkim.0.3.0/opam                                  |  4 ++--
 packages/dkim/dkim.0.3.1/opam                                  |  4 ++--
 packages/dkim/dkim.0.4.0/opam                                  |  4 ++--
 packages/dkim/dkim.0.5.0/opam                                  |  6 +++---
 packages/dkim/dkim.0.6.0/opam                                  |  6 +++---
 packages/dns-certify/dns-certify.4.6.3/opam                    |  4 ++--
 packages/dns-certify/dns-certify.5.0.0/opam                    |  4 ++--
 packages/dns-certify/dns-certify.5.0.1/opam                    |  6 +++---
 packages/dns-certify/dns-certify.6.0.0/opam                    |  6 +++---
 packages/dns-certify/dns-certify.6.0.1/opam                    |  6 +++---
 packages/dns-certify/dns-certify.6.0.2/opam                    |  6 +++---
 packages/dns-certify/dns-certify.6.1.0/opam                    |  6 +++---
 packages/dns-certify/dns-certify.6.1.1/opam                    |  6 +++---
 packages/dns-certify/dns-certify.6.1.2/opam                    |  6 +++---
 packages/dns-certify/dns-certify.6.1.3/opam                    |  6 +++---
 packages/dns-certify/dns-certify.6.1.4/opam                    |  6 +++---
 packages/dns-certify/dns-certify.6.2.0/opam                    |  6 +++---
 packages/dns-certify/dns-certify.6.2.1/opam                    |  6 +++---
 packages/dns-certify/dns-certify.6.2.2/opam                    |  6 +++---
 packages/dns-certify/dns-certify.6.3.0/opam                    |  6 +++---
 packages/dns-certify/dns-certify.6.4.0/opam                    |  6 +++---
 packages/dns-certify/dns-certify.6.4.1/opam                    |  6 +++---
 packages/dns-certify/dns-certify.7.0.0/opam                    |  6 +++---
 packages/dns-certify/dns-certify.7.0.1/opam                    |  6 +++---
 packages/dns-certify/dns-certify.7.0.2/opam                    |  6 +++---
 packages/dns-certify/dns-certify.7.0.3/opam                    |  6 +++---
 packages/dns-certify/dns-certify.8.0.0/opam                    |  6 +++---
 packages/dns-cli/dns-cli.4.4.0/opam                            |  4 ++--
 packages/dns-cli/dns-cli.4.4.1/opam                            |  4 ++--
 packages/dns-cli/dns-cli.4.5.0/opam                            |  4 ++--
 packages/dns-cli/dns-cli.4.6.0/opam                            |  2 +-
 packages/dns-cli/dns-cli.4.6.1/opam                            |  4 ++--
 packages/dns-cli/dns-cli.4.6.2/opam                            |  4 ++--
 packages/dns-cli/dns-cli.4.6.3/opam                            |  6 +++---
 packages/dns-cli/dns-cli.5.0.0/opam                            |  6 +++---
 packages/dns-cli/dns-cli.5.0.1/opam                            |  6 +++---
 packages/dns-cli/dns-cli.6.0.0/opam                            |  6 +++---
 packages/dns-cli/dns-cli.6.0.1/opam                            |  6 +++---
 packages/dns-cli/dns-cli.6.0.2/opam                            |  6 +++---
 packages/dns-cli/dns-cli.6.1.0/opam                            |  6 +++---
 packages/dns-cli/dns-cli.6.1.1/opam                            |  6 +++---
 packages/dns-cli/dns-cli.6.1.2/opam                            |  6 +++---
 packages/dns-cli/dns-cli.6.1.3/opam                            |  6 +++---
 packages/dns-cli/dns-cli.6.1.4/opam                            |  6 +++---
 packages/dns-cli/dns-cli.6.2.0/opam                            |  6 +++---
 packages/dns-cli/dns-cli.6.2.1/opam                            |  6 +++---
 packages/dns-cli/dns-cli.6.2.2/opam                            |  6 +++---
 packages/dns-cli/dns-cli.6.3.0/opam                            |  6 +++---
 packages/dns-cli/dns-cli.6.4.0/opam                            |  6 +++---
 packages/dns-cli/dns-cli.6.4.1/opam                            |  6 +++---
 packages/dns-cli/dns-cli.7.0.0/opam                            |  6 +++---
 packages/dns-cli/dns-cli.7.0.1/opam                            |  6 +++---
 packages/dns-cli/dns-cli.7.0.2/opam                            |  6 +++---
 packages/dns-cli/dns-cli.7.0.3/opam                            |  6 +++---
 packages/dns-cli/dns-cli.8.0.0/opam                            |  6 +++---
 packages/dns-client-lwt/dns-client-lwt.7.0.0/opam              |  2 +-
 packages/dns-client-lwt/dns-client-lwt.7.0.1/opam              |  2 +-
 packages/dns-client-lwt/dns-client-lwt.7.0.2/opam              |  2 +-
 packages/dns-client-lwt/dns-client-lwt.7.0.3/opam              |  2 +-
 packages/dns-client-lwt/dns-client-lwt.8.0.0/opam              |  2 +-
 packages/dns-client/dns-client.6.0.0/opam                      |  2 +-
 packages/dns-client/dns-client.6.0.1/opam                      |  2 +-
 packages/dns-client/dns-client.6.0.2/opam                      |  2 +-
 packages/dns-client/dns-client.6.1.0/opam                      |  2 +-
 packages/dns-client/dns-client.6.1.1/opam                      |  2 +-
 packages/dns-client/dns-client.6.1.2/opam                      |  2 +-
 packages/dns-client/dns-client.6.1.3/opam                      |  2 +-
 packages/dns-client/dns-client.6.1.4/opam                      |  2 +-
 packages/dns-client/dns-client.6.2.0/opam                      |  2 +-
 packages/dns-client/dns-client.6.2.1/opam                      |  2 +-
 packages/dns-client/dns-client.6.2.2/opam                      |  2 +-
 packages/dns-client/dns-client.6.3.0/opam                      |  2 +-
 packages/dns-client/dns-client.6.4.0/opam                      |  2 +-
 packages/dns-client/dns-client.6.4.1/opam                      |  2 +-
 packages/dns-client/dns-client.7.0.0/opam                      |  2 +-
 packages/dns-client/dns-client.7.0.1/opam                      |  2 +-
 packages/dns-client/dns-client.7.0.2/opam                      |  2 +-
 packages/dns-client/dns-client.7.0.3/opam                      |  2 +-
 packages/dns-client/dns-client.8.0.0/opam                      |  2 +-
 packages/dns-server/dns-server.7.0.0/opam                      |  2 +-
 packages/dns-server/dns-server.7.0.1/opam                      |  2 +-
 packages/dns-server/dns-server.7.0.2/opam                      |  2 +-
 packages/dns-server/dns-server.7.0.3/opam                      |  2 +-
 packages/dns-server/dns-server.8.0.0/opam                      |  2 +-
 packages/dns-tsig/dns-tsig.4.4.0/opam                          |  2 +-
 packages/dns-tsig/dns-tsig.4.4.1/opam                          |  2 +-
 packages/dns-tsig/dns-tsig.4.5.0/opam                          |  2 +-
 packages/dns-tsig/dns-tsig.4.6.0/opam                          |  2 +-
 packages/dns-tsig/dns-tsig.4.6.1/opam                          |  2 +-
 packages/dns-tsig/dns-tsig.4.6.2/opam                          |  2 +-
 packages/dns-tsig/dns-tsig.4.6.3/opam                          |  2 +-
 packages/dns-tsig/dns-tsig.5.0.0/opam                          |  2 +-
 packages/dns-tsig/dns-tsig.5.0.1/opam                          |  2 +-
 packages/dns-tsig/dns-tsig.6.0.0/opam                          |  2 +-
 packages/dns-tsig/dns-tsig.6.0.1/opam                          |  2 +-
 packages/dns-tsig/dns-tsig.6.0.2/opam                          |  2 +-
 packages/dns-tsig/dns-tsig.6.1.0/opam                          |  2 +-
 packages/dns-tsig/dns-tsig.6.1.1/opam                          |  2 +-
 packages/dns-tsig/dns-tsig.6.1.2/opam                          |  2 +-
 packages/dns-tsig/dns-tsig.6.1.3/opam                          |  2 +-
 packages/dns-tsig/dns-tsig.6.1.4/opam                          |  2 +-
 packages/dns-tsig/dns-tsig.6.2.0/opam                          |  2 +-
 packages/dns-tsig/dns-tsig.6.2.1/opam                          |  2 +-
 packages/dns-tsig/dns-tsig.6.2.2/opam                          |  2 +-
 packages/dns-tsig/dns-tsig.6.3.0/opam                          |  2 +-
 packages/dns-tsig/dns-tsig.6.4.0/opam                          |  2 +-
 packages/dns-tsig/dns-tsig.6.4.1/opam                          |  2 +-
 packages/dns-tsig/dns-tsig.7.0.0/opam                          |  2 +-
 packages/dns-tsig/dns-tsig.7.0.1/opam                          |  2 +-
 packages/dns-tsig/dns-tsig.7.0.2/opam                          |  2 +-
 packages/dns-tsig/dns-tsig.7.0.3/opam                          |  2 +-
 packages/dns-tsig/dns-tsig.8.0.0/opam                          |  2 +-
 packages/dnssec/dnssec.6.2.0/opam                              |  6 +++---
 packages/dnssec/dnssec.6.2.1/opam                              |  6 +++---
 packages/dnssec/dnssec.6.2.2/opam                              |  6 +++---
 packages/dnssec/dnssec.6.3.0/opam                              |  6 +++---
 packages/dnssec/dnssec.6.4.0/opam                              |  6 +++---
 packages/dnssec/dnssec.6.4.1/opam                              |  6 +++---
 packages/dnssec/dnssec.7.0.0/opam                              |  6 +++---
 packages/dnssec/dnssec.7.0.1/opam                              |  6 +++---
 packages/dnssec/dnssec.7.0.2/opam                              |  6 +++---
 packages/dnssec/dnssec.7.0.3/opam                              |  6 +++---
 packages/dnssec/dnssec.8.0.0/opam                              |  6 +++---
 packages/dream/dream.1.0.0~alpha1/opam                         |  2 +-
 packages/dream/dream.1.0.0~alpha2/opam                         |  2 +-
 packages/dream/dream.1.0.0~alpha3/opam                         |  2 +-
 packages/dream/dream.1.0.0~alpha4/opam                         |  2 +-
 packages/dream/dream.1.0.0~alpha5/opam                         |  6 +++---
 packages/dream/dream.1.0.0~alpha6/opam                         |  9 ++++-----
 packages/git-mirage/git-mirage.2.1.3/opam                      |  2 +-
 packages/git-mirage/git-mirage.3.10.0/opam                     |  2 +-
 packages/git-mirage/git-mirage.3.10.1/opam                     |  2 +-
 packages/git-mirage/git-mirage.3.11.0/opam                     |  2 +-
 packages/git-mirage/git-mirage.3.12.0/opam                     |  2 +-
 packages/git-mirage/git-mirage.3.13.0/opam                     |  2 +-
 packages/git-mirage/git-mirage.3.14.0/opam                     |  2 +-
 packages/git-mirage/git-mirage.3.15.0/opam                     |  2 +-
 packages/git-mirage/git-mirage.3.16.0/opam                     |  2 +-
 packages/git-mirage/git-mirage.3.7.0/opam                      |  2 +-
 packages/git-mirage/git-mirage.3.7.1/opam                      |  2 +-
 packages/git-mirage/git-mirage.3.8.0/opam                      |  2 +-
 packages/git-mirage/git-mirage.3.8.1/opam                      |  2 +-
 packages/git-mirage/git-mirage.3.9.0/opam                      |  2 +-
 packages/git-mirage/git-mirage.3.9.1/opam                      |  2 +-
 packages/git-unix/git-unix.3.0.0/opam                          |  2 +-
 packages/git-unix/git-unix.3.1.0/opam                          |  2 +-
 packages/git-unix/git-unix.3.1.1/opam                          |  2 +-
 packages/git-unix/git-unix.3.10.0/opam                         |  2 +-
 packages/git-unix/git-unix.3.10.1/opam                         |  2 +-
 packages/git-unix/git-unix.3.11.0/opam                         |  2 +-
 packages/git-unix/git-unix.3.12.0/opam                         |  2 +-
 packages/git-unix/git-unix.3.13.0/opam                         |  2 +-
 packages/git-unix/git-unix.3.14.0/opam                         |  2 +-
 packages/git-unix/git-unix.3.15.0/opam                         |  2 +-
 packages/git-unix/git-unix.3.16.0/opam                         |  2 +-
 packages/git-unix/git-unix.3.2.0/opam                          |  2 +-
 packages/git-unix/git-unix.3.3.0/opam                          |  2 +-
 packages/git-unix/git-unix.3.3.1/opam                          |  2 +-
 packages/git-unix/git-unix.3.3.2/opam                          |  2 +-
 packages/git-unix/git-unix.3.3.3/opam                          |  2 +-
 packages/git-unix/git-unix.3.4.0/opam                          |  2 +-
 packages/git-unix/git-unix.3.5.0/opam                          |  2 +-
 packages/git-unix/git-unix.3.6.0/opam                          |  2 +-
 packages/git-unix/git-unix.3.7.0/opam                          |  2 +-
 packages/git-unix/git-unix.3.7.1/opam                          |  2 +-
 packages/git-unix/git-unix.3.8.0/opam                          |  2 +-
 packages/git-unix/git-unix.3.8.1/opam                          |  2 +-
 packages/git-unix/git-unix.3.9.0/opam                          |  2 +-
 packages/git-unix/git-unix.3.9.1/opam                          |  2 +-
 packages/git/git.3.0.0/opam                                    |  2 +-
 packages/git/git.3.1.0/opam                                    |  2 +-
 packages/git/git.3.1.1/opam                                    |  2 +-
 packages/git/git.3.10.0/opam                                   |  2 +-
 packages/git/git.3.10.1/opam                                   |  2 +-
 packages/git/git.3.11.0/opam                                   |  2 +-
 packages/git/git.3.12.0/opam                                   |  2 +-
 packages/git/git.3.13.0/opam                                   |  2 +-
 packages/git/git.3.14.0/opam                                   |  2 +-
 packages/git/git.3.15.0/opam                                   |  2 +-
 packages/git/git.3.16.0/opam                                   |  2 +-
 packages/git/git.3.2.0/opam                                    |  2 +-
 packages/git/git.3.3.0/opam                                    |  6 +++---
 packages/git/git.3.3.1/opam                                    |  2 +-
 packages/git/git.3.3.2/opam                                    |  2 +-
 packages/git/git.3.3.3/opam                                    |  2 +-
 packages/git/git.3.4.0/opam                                    |  2 +-
 packages/git/git.3.5.0/opam                                    |  2 +-
 packages/git/git.3.6.0/opam                                    |  2 +-
 packages/git/git.3.7.0/opam                                    |  2 +-
 packages/git/git.3.7.1/opam                                    |  2 +-
 packages/git/git.3.8.0/opam                                    |  2 +-
 packages/git/git.3.8.1/opam                                    |  2 +-
 packages/git/git.3.9.0/opam                                    |  2 +-
 packages/git/git.3.9.1/opam                                    |  2 +-
 packages/hkdf/hkdf.1.0.4/opam                                  |  2 +-
 packages/http-mirage-client/http-mirage-client.0.0.3/opam      |  2 +-
 packages/http-mirage-client/http-mirage-client.0.0.4/opam      |  2 +-
 packages/http-mirage-client/http-mirage-client.0.0.5/opam      |  2 +-
 packages/hyper/hyper.1.0.0~alpha2/opam                         |  4 ++--
 packages/jose/jose.0.5.0/opam                                  |  2 +-
 packages/jose/jose.0.5.1/opam                                  |  2 +-
 packages/jose/jose.0.6.0/opam                                  |  2 +-
 packages/jose/jose.0.7.0/opam                                  |  2 +-
 packages/jose/jose.0.8.1/opam                                  |  2 +-
 packages/jose/jose.0.8.2/opam                                  |  2 +-
 packages/jose/jose.0.9.0/opam                                  |  2 +-
 packages/letsencrypt-app/letsencrypt-app.0.5.0/opam            |  2 +-
 packages/letsencrypt-app/letsencrypt-app.0.5.1/opam            |  2 +-
 packages/letsencrypt/letsencrypt.0.2.1/opam                    |  6 +++---
 packages/letsencrypt/letsencrypt.0.2.2/opam                    |  6 +++---
 packages/letsencrypt/letsencrypt.0.2.3/opam                    |  6 +++---
 packages/letsencrypt/letsencrypt.0.2.4/opam                    |  6 +++---
 packages/letsencrypt/letsencrypt.0.2.5/opam                    |  6 +++---
 packages/letsencrypt/letsencrypt.0.3.0/opam                    |  6 +++---
 packages/letsencrypt/letsencrypt.0.4.0/opam                    |  8 ++++----
 packages/letsencrypt/letsencrypt.0.4.1/opam                    |  8 ++++----
 packages/letsencrypt/letsencrypt.0.5.0/opam                    | 10 +++++-----
 packages/letsencrypt/letsencrypt.0.5.1/opam                    | 10 +++++-----
 packages/miou/miou.0.0.1~beta1/opam                            |  2 +-
 packages/miou/miou.0.0.1~beta2/opam                            |  2 +-
 packages/miou/miou.0.1.0/opam                                  |  2 +-
 packages/miou/miou.0.2.0/opam                                  |  2 +-
 packages/mirage-block-ccm/mirage-block-ccm.2.0.0/opam          |  4 ++--
 packages/mirage-vnetif-stack/mirage-vnetif-stack.0.6.1/opam    |  2 +-
 packages/mirage-vnetif-stack/mirage-vnetif-stack.0.6.2/opam    |  2 +-
 packages/mrmime/mrmime.0.5.0/opam                              |  2 +-
 packages/mrmime/mrmime.0.6.0/opam                              |  2 +-
 packages/mrmime/mrmime.0.6.1/opam                              |  2 +-
 packages/ocluster/ocluster.0.1/opam                            |  2 +-
 packages/ocluster/ocluster.0.2.1/opam                          |  6 +++---
 packages/ocluster/ocluster.0.2/opam                            |  2 +-
 packages/ocluster/ocluster.0.3.0/opam                          |  6 +++---
 packages/oidc/oidc.0.1.0/opam                                  |  6 +++---
 packages/oidc/oidc.0.1.1/opam                                  |  6 +++---
 packages/opium/opium.0.19.0/opam                               |  2 +-
 packages/opium/opium.0.20.0/opam                               |  2 +-
 packages/otr/otr.0.3.10/opam                                   |  4 ++--
 packages/otr/otr.0.3.7/opam                                    |  6 +++---
 packages/otr/otr.0.3.8/opam                                    |  4 ++--
 packages/otr/otr.0.3.9/opam                                    |  4 ++--
 packages/paf-cohttp/paf-cohttp.0.0.4/opam                      |  2 +-
 packages/paf-cohttp/paf-cohttp.0.0.5/opam                      |  2 +-
 packages/paf-cohttp/paf-cohttp.0.1.0/opam                      |  2 +-
 packages/paf-cohttp/paf-cohttp.0.5.0/opam                      |  2 +-
 packages/paf-cohttp/paf-cohttp.0.6.0/opam                      |  2 +-
 packages/paf/paf.0.0.1/opam                                    |  2 +-
 packages/paf/paf.0.0.2/opam                                    |  2 +-
 packages/paf/paf.0.0.3/opam                                    |  2 +-
 packages/paf/paf.0.0.4/opam                                    |  2 +-
 packages/paf/paf.0.0.5/opam                                    |  2 +-
 packages/paf/paf.0.5.0/opam                                    |  2 +-
 packages/paf/paf.0.6.0/opam                                    |  2 +-
 packages/pbkdf/pbkdf.1.1.0/opam                                |  2 +-
 packages/pbkdf/pbkdf.1.2.0/opam                                |  2 +-
 packages/random/random.0.0.1/opam                              |  4 ++--
 packages/rfc6287/rfc6287.1.0.4/opam                            |  6 +++---
 packages/riot/riot.0.0.8/opam                                  |  4 ++--
 packages/riot/riot.0.0.9/opam                                  |  4 ++--
 packages/salsa20/salsa20.1.1.0/opam                            |  2 +-
 packages/salsa20/salsa20.1.2.0/opam                            |  2 +-
 packages/scrypt-kdf/scrypt-kdf.1.1.0/opam                      |  2 +-
 packages/scrypt-kdf/scrypt-kdf.1.2.0/opam                      |  2 +-
 packages/session/session.0.5.0/opam                            |  4 ++--
 packages/spoke/spoke.0.0.2/opam                                |  2 +-
 packages/ssh-agent/ssh-agent.0.2.1/opam                        |  4 ++--
 packages/ssh-agent/ssh-agent.0.3.0/opam                        |  4 ++--
 packages/ssh-agent/ssh-agent.0.3.1/opam                        |  4 ++--
 packages/ssh-agent/ssh-agent.0.4.0/opam                        |  6 +++---
 packages/ssh-agent/ssh-agent.0.4.1/opam                        |  8 ++++----
 packages/starred_ml/starred_ml.0.0.2/opam                      |  2 +-
 packages/starred_ml/starred_ml.0.0.3/opam                      |  2 +-
 packages/starred_ml/starred_ml.0.0.4/opam                      |  2 +-
 packages/starred_ml/starred_ml.0.0.5/opam                      |  2 +-
 packages/tcpip/tcpip.8.0.2/opam                                |  2 +-
 packages/tcpip/tcpip.8.1.0/opam                                |  2 +-
 packages/tls-async/tls-async.0.13.2/opam                       |  2 +-
 packages/tls-async/tls-async.0.14.0/opam                       |  2 +-
 packages/tls-async/tls-async.0.14.1/opam                       |  2 +-
 packages/tls-async/tls-async.0.15.0/opam                       |  2 +-
 packages/tls-async/tls-async.0.15.1/opam                       |  2 +-
 packages/tls-async/tls-async.0.15.2/opam                       |  2 +-
 packages/tls-async/tls-async.0.15.3/opam                       |  2 +-
 packages/tls-async/tls-async.0.15.4/opam                       |  2 +-
 packages/tls-async/tls-async.0.16.0/opam                       |  2 +-
 packages/tls-async/tls-async.0.17.0/opam                       |  2 +-
 packages/tls-async/tls-async.0.17.1/opam                       |  2 +-
 packages/tls-async/tls-async.0.17.3/opam                       |  2 +-
 packages/tls-async/tls-async.0.17.4/opam                       |  2 +-
 packages/tls-async/tls-async.0.17.5/opam                       |  2 +-
 packages/tls-eio/tls-eio.0.15.4/opam                           |  6 +++---
 packages/tls-eio/tls-eio.0.15.5/opam                           |  6 +++---
 packages/tls-eio/tls-eio.0.16.0/opam                           |  8 ++++----
 packages/tls-eio/tls-eio.0.17.0/opam                           |  8 ++++----
 packages/tls-eio/tls-eio.0.17.1/opam                           |  8 ++++----
 packages/tls-eio/tls-eio.0.17.2/opam                           | 10 +++++-----
 packages/tls-eio/tls-eio.0.17.3/opam                           | 10 +++++-----
 packages/tls-eio/tls-eio.0.17.4/opam                           | 10 +++++-----
 packages/tls-eio/tls-eio.0.17.5/opam                           | 10 +++++-----
 packages/tls-lwt/tls-lwt.0.16.0/opam                           |  2 +-
 packages/tls-lwt/tls-lwt.0.17.0/opam                           |  2 +-
 packages/tls-lwt/tls-lwt.0.17.1/opam                           |  2 +-
 packages/tls-lwt/tls-lwt.0.17.3/opam                           |  2 +-
 packages/tls-lwt/tls-lwt.0.17.4/opam                           |  2 +-
 packages/tls-lwt/tls-lwt.0.17.5/opam                           |  2 +-
 packages/tls-mirage/tls-mirage.0.11.0/opam                     |  4 ++--
 packages/tls-mirage/tls-mirage.0.11.1/opam                     |  4 ++--
 packages/tls-mirage/tls-mirage.0.12.0/opam                     |  4 ++--
 packages/tls-mirage/tls-mirage.0.12.1/opam                     |  4 ++--
 packages/tls-mirage/tls-mirage.0.12.2/opam                     |  4 ++--
 packages/tls-mirage/tls-mirage.0.12.3/opam                     |  4 ++--
 packages/tls-mirage/tls-mirage.0.12.4/opam                     |  4 ++--
 packages/tls-mirage/tls-mirage.0.12.5/opam                     |  4 ++--
 packages/tls-mirage/tls-mirage.0.12.6/opam                     |  4 ++--
 packages/tls-mirage/tls-mirage.0.12.7/opam                     |  4 ++--
 packages/tls-mirage/tls-mirage.0.12.8/opam                     |  4 ++--
 packages/tls-mirage/tls-mirage.0.13.0/opam                     |  4 ++--
 packages/tls-mirage/tls-mirage.0.13.1/opam                     |  4 ++--
 packages/tls-mirage/tls-mirage.0.13.2/opam                     |  4 ++--
 packages/tls-mirage/tls-mirage.0.14.0/opam                     |  4 ++--
 packages/tls-mirage/tls-mirage.0.14.1/opam                     |  4 ++--
 packages/tls-mirage/tls-mirage.0.15.0/opam                     |  4 ++--
 packages/tls-mirage/tls-mirage.0.15.1/opam                     |  4 ++--
 packages/tls-mirage/tls-mirage.0.15.2/opam                     |  4 ++--
 packages/tls-mirage/tls-mirage.0.15.3/opam                     |  4 ++--
 packages/tls-mirage/tls-mirage.0.15.4/opam                     |  4 ++--
 packages/tls-mirage/tls-mirage.0.16.0/opam                     |  4 ++--
 packages/tls-mirage/tls-mirage.0.17.0/opam                     |  4 ++--
 packages/tls-mirage/tls-mirage.0.17.1/opam                     |  4 ++--
 packages/tls-mirage/tls-mirage.0.17.3/opam                     |  4 ++--
 packages/tls-mirage/tls-mirage.0.17.4/opam                     |  4 ++--
 packages/tls-mirage/tls-mirage.0.17.5/opam                     |  4 ++--
 packages/tls/tls.0.11.0/opam                                   |  2 +-
 packages/tls/tls.0.11.1/opam                                   |  2 +-
 packages/tls/tls.0.12.0/opam                                   |  2 +-
 packages/tls/tls.0.12.1/opam                                   |  2 +-
 packages/tls/tls.0.12.2/opam                                   |  2 +-
 packages/tls/tls.0.12.3/opam                                   |  4 ++--
 packages/tls/tls.0.12.4/opam                                   |  4 ++--
 packages/tls/tls.0.12.5/opam                                   |  4 ++--
 packages/tls/tls.0.12.6/opam                                   |  4 ++--
 packages/tls/tls.0.12.7/opam                                   |  4 ++--
 packages/tls/tls.0.12.8/opam                                   |  4 ++--
 packages/tls/tls.0.13.0/opam                                   |  4 ++--
 packages/tls/tls.0.13.1/opam                                   |  6 +++---
 packages/tls/tls.0.13.2/opam                                   |  6 +++---
 packages/tls/tls.0.14.0/opam                                   |  6 +++---
 packages/tls/tls.0.14.1/opam                                   |  6 +++---
 packages/tls/tls.0.15.0/opam                                   |  6 +++---
 packages/tls/tls.0.15.1/opam                                   |  6 +++---
 packages/tls/tls.0.15.2/opam                                   |  6 +++---
 packages/tls/tls.0.15.3/opam                                   |  6 +++---
 packages/tls/tls.0.15.4/opam                                   |  6 +++---
 packages/tls/tls.0.16.0/opam                                   |  8 ++++----
 packages/tls/tls.0.17.0/opam                                   |  8 ++++----
 packages/tls/tls.0.17.1/opam                                   |  8 ++++----
 packages/tls/tls.0.17.3/opam                                   |  8 ++++----
 packages/tls/tls.0.17.4/opam                                   |  8 ++++----
 packages/tls/tls.0.17.5/opam                                   |  8 ++++----
 packages/twostep/twostep.1.0.1/opam                            |  4 ++--
 packages/u2f/u2f.0.1.0/opam                                    |  4 ++--
 packages/u2f/u2f.0.1.1/opam                                    |  4 ++--
 packages/u2f/u2f.0.1.2/opam                                    |  4 ++--
 packages/webauthn/webauthn.0.1.0/opam                          |  4 ++--
 packages/x509/x509.0.10.0/opam                                 |  4 ++--
 packages/x509/x509.0.11.0/opam                                 |  4 ++--
 packages/x509/x509.0.11.1/opam                                 |  4 ++--
 packages/x509/x509.0.11.2/opam                                 |  4 ++--
 packages/x509/x509.0.12.0/opam                                 | 10 +++++-----
 packages/x509/x509.0.13.0/opam                                 |  8 ++++----
 packages/x509/x509.0.14.0/opam                                 |  8 ++++----
 packages/x509/x509.0.14.1/opam                                 |  8 ++++----
 packages/x509/x509.0.15.0/opam                                 |  8 ++++----
 packages/x509/x509.0.15.1/opam                                 |  8 ++++----
 packages/x509/x509.0.15.2/opam                                 |  8 ++++----
 packages/x509/x509.0.16.0/opam                                 |  8 ++++----
 packages/x509/x509.0.16.1/opam                                 |  8 ++++----
 packages/x509/x509.0.16.2/opam                                 |  8 ++++----
 packages/x509/x509.0.16.3/opam                                 |  8 ++++----
 packages/x509/x509.0.16.4/opam                                 | 10 +++++-----
 packages/x509/x509.0.16.5/opam                                 | 10 +++++-----
 524 files changed, 933 insertions(+), 934 deletions(-)

[01;34m(from ocaml/opam:debian-12-ocaml-4.14-nnp@sha256:c2b0886b9f94fa56b2f4fc9207e8ed951d626324ce172a546d1077839b063066)[0m
[01;2m[01;35m2024-06-10 07:37.38 ---> using "0f2b7d7e5c89d44ebec63276af6e32620d1eb133e1dacd61c172c3b042f1fa8b" from cache[0m

[01;34m/: (user (uid 1000) (gid 1000))[0m

[01;34m/: (workdir /home/opam)[0m

[01;34m/home/opam: (run (shell "sudo ln -f /usr/bin/opam-dev /usr/bin/opam"))[0m
[01;2m[01;35m2024-06-10 07:37.38 ---> using "88c24c887fc4910487932318ee43ed622a33a595f19c529359b4444157324311" from cache[0m

[01;34m/home/opam: (run (network host)
                 (shell "opam init --reinit --config .opamrc-sandbox -ni"))[0m
Configuring from /home/opam/.opamrc-sandbox, then /home/opam/.opamrc, and finally from built-in defaults.
Checking for available remotes: rsync and local, git.
  - you won't be able to use mercurial repositories unless you install the hg command on your system.
  - you won't be able to use darcs repositories unless you install the darcs command on your system.

This development version of opam requires an update to the layout of /home/opam/.opam from version 2.0 to version 2.2~beta, which can't be reverted.
You may want to back it up before going further.

Continue? [y/n] y
[NOTE] The 'jobs' option was reset, its value was 39 and its new value will vary according to the current number of cores on your machine. You can restore the fixed value using:
           opam option jobs=39 --global
Format upgrade done.

<><> Updating repositories ><><><><><><><><><><><><><><><><><><><><><><><><><><>
[default] synchronised from file:///home/opam/opam-repository
[01;2m[01;35m2024-06-10 07:37.38 ---> using "8cee9e585a5ecfb08b893944419d5dee8768b1683585f31c6ca0f928e69c7641" from cache[0m

[01;34m/home/opam: (run (shell "uname -rs && opam exec -- ocaml -version && opam --version"))[0m
Linux 5.15.0-107-generic
The OCaml toplevel, version 4.14.2
2.2.0~beta3~dev
[01;2m[01;35m2024-06-10 07:37.38 ---> using "9d6d2c24c64e7b67c681cf867457809218ec1417e76dd5b6fbf7e6243315d61f" from cache[0m

[01;34m/home/opam: (env OPAMDOWNLOADJOBS 1)[0m

[01;34m/home/opam: (env OPAMERRLOGLEN 0)[0m

[01;34m/home/opam: (env OPAMSOLVERTIMEOUT 500)[0m

[01;34m/home/opam: (env OPAMPRECISETRACKING 1)[0m

[01;34m/home/opam: (env CI true)[0m

[01;34m/home/opam: (env OPAM_REPO_CI true)[0m

[01;34m/home/opam: (run (shell "rm -rf opam-repository/"))[0m
[01;2m[01;35m2024-06-10 07:37.38 ---> using "e43675029f3eec18562fdd70eb643ef130bc22a213f074da93f840d8edc68992" from cache[0m

[01;34m/home/opam: (copy (src .) (dst opam-repository/))[0m
[01;2m[01;35m2024-06-10 07:37.40 ---> using "db0813febdb5c721f3041e7a48758bde84e14e1249fd57a0bdbd14da16612056" from cache[0m

[01;34m/home/opam: (run (shell "opam repository set-url --strict default opam-repository/"))[0m
[default] Initialised
[01;2m[01;35m2024-06-10 07:37.40 ---> using "7acede534128624ca290dad7a33da3ad4c52cb5056e5881c0cb690bb081b89a7" from cache[0m

[01;34m/home/opam: (run (network host)
                 (shell "opam update --depexts || true"))[0m
+ /usr/bin/sudo "apt-get" "update"
- Hit:1 http://deb.debian.org/debian bookworm InRelease
- Get:2 http://deb.debian.org/debian bookworm-updates InRelease [55.4 kB]
- Get:3 http://deb.debian.org/debian-security bookworm-security InRelease [48.0 kB]
- Get:4 http://deb.debian.org/debian-security bookworm-security/main amd64 Packages [158 kB]
- Fetched 262 kB in 0s (920 kB/s)
- Reading package lists...
[01;2m[01;35m2024-06-10 07:37.40 ---> using "d5f9c96380be3d3325d200cb3939fec5a4b5d5951ce23b758150de06b0636113" from cache[0m

[01;34m/home/opam: (run (shell "opam pin add -k version -yn caldav.0.2.1 0.2.1"))[0m
caldav is now pinned to version 0.2.1
[01;2m[01;35m2024-06-10 07:37.40 ---> using "34590f391319f156ae31d7793480fc4ab1c4c9ba163c6a603da74e1ce12552c0" from cache[0m

[01;34m/home/opam: (run (cache (opam-archives (target /home/opam/.opam/download-cache)))
                 (network host)
                 (shell  "opam reinstall caldav.0.2.1;\
                        \n        res=$?;\
                        \n        test \"$res\" != 31 && exit \"$res\";\
                        \n        export OPAMCLI=2.0;\
                        \n        build_dir=$(opam var prefix)/.opam-switch/build;\
                        \n        failed=$(ls \"$build_dir\");\
                        \n        partial_fails=\"\";\
                        \n        for pkg in $failed; do\
                        \n          if opam show -f x-ci-accept-failures: \"$pkg\" | grep -qF \"\\\"debian-12\\\"\"; then\
                        \n            echo \"A package failed and has been disabled for CI using the 'x-ci-accept-failures' field.\";\
                        \n          fi;\
                        \n          test \"$pkg\" != 'caldav.0.2.1' && partial_fails=\"$partial_fails $pkg\";\
                        \n        done;\
                        \n        test \"${partial_fails}\" != \"\" && echo \"opam-repo-ci detected dependencies failing: ${partial_fails}\";\
                        \n        exit 1"))[0m
caldav.0.2.1 is not installed. Install it? [y/n] y
The following actions will be performed:
=== recompile 4 packages
  - recompile ocaml               4.14.2                  [upstream or system changes]
  - recompile ocaml-config        2                       [uses ocaml-variants]
  - recompile ocaml-variants      4.14.2+options (pinned) [upstream or system changes]
  - recompile opam-depext         1.2.1-1                 [uses ocaml]
=== install 58 packages
  - install   angstrom            0.16.0                  [required by icalendar]
  - install   base                v0.16.3                 [required by ppx_sexp_conv]
  - install   base-bytes          base                    [required by cohttp]
  - install   base64              3.5.1                   [required by caldav]
  - install   bigstringaf         0.9.1                   [required by angstrom]
  - install   caldav              0.2.1 (pinned)
  - install   cohttp              5.3.1                   [required by caldav]
  - install   cohttp-lwt          5.3.0                   [required by caldav]
  - install   conf-bash           1                       [required by base]
  - install   cppo                1.6.9                   [required by ppx_deriving]
  - install   csexp               1.5.2                   [required by dune-configurator]
  - install   cstruct             6.2.0                   [required by mirage-crypto-rng, hex, mirage-crypto, mirage-random]
  - install   dispatch            0.5.0                   [required by caldav]
  - install   dune                3.15.3                  [required by caldav]
  - install   dune-configurator   3.15.3                  [required by mirage-crypto, mirage-crypto-rng]
  - install   duration            0.2.1                   [required by mirage-crypto-rng]
  - install   eqaf                0.9                     [required by mirage-crypto]
  - install   fmt                 0.9.0                   [required by caldav]
  - install   gmap                0.3.0                   [required by icalendar]
  - install   hex                 1.5.0                   [required by caldav]
  - install   host-arch-x86_64    1
  - install   host-system-other   1
  - install   icalendar           0.1.8                   [required by caldav]
  - install   jsonm               1.0.2                   [required by cohttp]
  - install   logs                0.7.0                   [required by caldav]
  - install   lwt                 5.7.0                   [required by caldav]
  - install   metrics             0.4.1                   [required by caldav]
  - install   mirage-clock        4.2.0                   [required by caldav]
  - install   mirage-crypto       0.11.3                  [required by caldav]
  - install   mirage-crypto-rng   0.11.3                  [required by caldav]
  - install   mirage-kv           6.1.1                   [required by caldav]
  - install   mirage-random       3.0.0                   [required by caldav]
  - install   num                 1.5                     [required by sexplib]
  - install   ocaml-compiler-libs v0.12.4                 [required by ppxlib]
  - install   ocaml-syntax-shims  1.0.0                   [required by angstrom]
  - install   ocamlbuild          0.14.3                  [required by xmlm]
  - install   ocamlfind           1.9.6                   [required by xmlm]
  - install   ocplib-endian       1.2                     [required by lwt]
  - install   optint              0.3.0                   [required by mirage-kv]
  - install   parsexp             v0.16.0                 [required by sexplib]
  - install   ppx_derivers        1.2.1                   [required by ppx_deriving]
  - install   ppx_deriving        6.0.2                   [required by caldav]
  - install   ppx_sexp_conv       v0.16.0                 [required by caldav]
  - install   ppxlib              0.32.1                  [required by ppx_sexp_conv, ppx_deriving]
  - install   ptime               1.1.0                   [required by caldav]
  - install   re                  1.11.0                  [required by caldav]
  - install   result              1.5                     [required by dispatch]
  - install   seq                 base                    [required by tyxml]
  - install   sexplib             v0.16.0                 [required by caldav]
  - install   sexplib0            v0.16.0                 [required by cohttp-lwt, cohttp, sexplib]
  - install   stdlib-shims        0.3.0                   [required by ppxlib]
  - install   stringext           1.6.0                   [required by cohttp]
  - install   topkg               1.0.7                   [required by xmlm]
  - install   tyxml               4.6.0                   [required by caldav]
  - install   uri                 4.4.0                   [required by caldav]
  - install   uri-sexp            4.4.0                   [required by cohttp]
  - install   uutf                1.0.3                   [required by tyxml]
  - install   xmlm                1.4.0                   [required by caldav]

<><> Processing actions <><><><><><><><><><><><><><><><><><><><><><><><><><><><>
-> retrieved angstrom.0.16.0  (cached)
-> retrieved base.v0.16.3  (cached)
-> retrieved base64.3.5.1  (cached)
-> retrieved bigstringaf.0.9.1  (cached)
-> retrieved caldav.0.2.1  (cached)
-> retrieved cohttp.5.3.1  (cached)
-> retrieved cohttp-lwt.5.3.0  (cached)
-> retrieved cppo.1.6.9  (cached)
-> retrieved csexp.1.5.2  (cached)
-> installed conf-bash.1
-> retrieved cstruct.6.2.0  (cached)
-> retrieved dispatch.0.5.0  (cached)
-> retrieved dune.3.15.3, dune-configurator.3.15.3  (cached)
-> retrieved duration.0.2.1  (cached)
-> retrieved eqaf.0.9  (cached)
-> retrieved fmt.0.9.0  (cached)
-> retrieved gmap.0.3.0  (cached)
-> retrieved hex.1.5.0  (cached)
-> installed host-arch-x86_64.1
-> installed host-system-other.1
-> retrieved icalendar.0.1.8  (cached)
-> retrieved jsonm.1.0.2  (cached)
-> retrieved logs.0.7.0  (cached)
-> retrieved lwt.5.7.0  (cached)
-> retrieved metrics.0.4.1  (cached)
-> retrieved mirage-clock.4.2.0  (cached)
-> retrieved mirage-crypto.0.11.3, mirage-crypto-rng.0.11.3  (cached)
-> retrieved mirage-kv.6.1.1  (cached)
-> retrieved mirage-random.3.0.0  (cached)
-> retrieved num.1.5  (cached)
-> retrieved ocaml-compiler-libs.v0.12.4  (cached)
-> retrieved ocaml-config.2  (cached)
-> retrieved ocaml-syntax-shims.1.0.0  (cached)
-> retrieved ocaml-variants.4.14.2+options  (cached)
-> retrieved ocamlbuild.0.14.3  (cached)
-> retrieved ocamlfind.1.9.6  (cached)
-> retrieved ocplib-endian.1.2  (cached)
-> retrieved opam-depext.1.2.1-1  (cached)
-> retrieved optint.0.3.0  (cached)
-> retrieved parsexp.v0.16.0  (cached)
-> retrieved ppx_derivers.1.2.1  (cached)
-> retrieved ppx_deriving.6.0.2  (cached)
-> retrieved ppx_sexp_conv.v0.16.0  (cached)
-> retrieved ppxlib.0.32.1  (cached)
-> retrieved ptime.1.1.0  (cached)
-> retrieved re.1.11.0  (cached)
-> retrieved result.1.5  (cached)
-> retrieved seq.base  (cached)
-> retrieved sexplib.v0.16.0  (cached)
-> retrieved sexplib0.v0.16.0  (cached)
-> retrieved stdlib-shims.0.3.0  (cached)
-> retrieved stringext.1.6.0  (cached)
-> retrieved topkg.1.0.7  (cached)
-> retrieved tyxml.4.6.0  (cached)
-> retrieved uri.4.4.0, uri-sexp.4.4.0  (cached)
-> retrieved uutf.1.0.3  (cached)
-> retrieved xmlm.1.4.0  (cached)
-> removed   opam-depext.1.2.1-1
-> removed   ocaml.4.14.2
-> removed   ocaml-config.2
-> removed   ocaml-variants.4.14.2+options
-> installed ocaml-variants.4.14.2+options
-> installed ocaml-config.2
-> installed ocaml.4.14.2
-> installed seq.base
-> installed opam-depext.1.2.1-1
-> installed num.1.5
-> installed ocamlfind.1.9.6
-> installed base-bytes.base
-> installed ocamlbuild.0.14.3
-> installed topkg.1.0.7
-> installed uutf.1.0.3
-> installed fmt.0.9.0
-> installed xmlm.1.4.0
-> installed ptime.1.1.0
-> installed jsonm.1.0.2
-> installed dune.3.15.3
-> installed csexp.1.5.2
-> installed base64.3.5.1
-> installed cppo.1.6.9
-> installed cstruct.6.2.0
-> installed duration.0.2.1
-> installed gmap.0.3.0
-> installed metrics.0.4.1
-> installed mirage-clock.4.2.0
-> installed ocaml-compiler-libs.v0.12.4
-> installed ocaml-syntax-shims.1.0.0
-> installed optint.0.3.0
-> installed ppx_derivers.1.2.1
-> installed re.1.11.0
-> installed result.1.5
-> installed sexplib0.v0.16.0
-> installed stdlib-shims.0.3.0
-> installed stringext.1.6.0
-> installed hex.1.5.0
-> installed mirage-random.3.0.0
-> installed ocplib-endian.1.2
-> installed dispatch.0.5.0
-> installed eqaf.0.9
-> installed parsexp.v0.16.0
-> installed dune-configurator.3.15.3
-> installed bigstringaf.0.9.1
-> installed sexplib.v0.16.0
-> installed angstrom.0.16.0
-> installed tyxml.4.6.0
-> installed mirage-crypto.0.11.3
-> installed uri.4.4.0
-> installed lwt.5.7.0
-> installed mirage-kv.6.1.1
-> installed logs.0.7.0
-> installed mirage-crypto-rng.0.11.3
-> installed base.v0.16.3
-> installed ppxlib.0.32.1
-> installed ppx_sexp_conv.v0.16.0
-> installed ppx_deriving.6.0.2
-> installed uri-sexp.4.4.0
-> installed icalendar.0.1.8
-> installed cohttp.5.3.1
-> installed cohttp-lwt.5.3.0
-> installed caldav.0.2.1
Done.

<><> opam-depext.1.2.1-1 installed successfully <><><><><><><><><><><><><><><><>
=> opam-depext is unnecessary when used with opam >= 2.1. Please use opam install directly instead
# Run eval $(opam env) to update the current shell environment
[01;2m[01;35m2024-06-10 07:40.03 ---> saved as "52e5d9c6b75ebe8c3603b7554890e77ca5c37e6560146590a637cee044967d48"[0m

[01;34m/home/opam: (run (network host)
                 (shell "(opam reinstall --with-test caldav.0.2.1) || true"))[0m
[ERROR] Sorry, resolution of the request timed out.
        Try to specify a more precise request, use a different solver, or increase the allowed time by setting OPAMSOLVERTIMEOUT to a bigger value (currently, it is set to 500.0 seconds).
[01;2m[01;35m2024-06-10 07:48.34 ---> saved as "8354cff4140d887dc3eac4869142d8632bfca37978ba82e6ab265ee1e67142e0"[0m

[01;34m/home/opam: (run (shell  "opam reinstall --with-test --verbose caldav.0.2.1;\
                        \n        res=$?;\
                        \n        test \"$res\" != 31 && exit \"$res\";\
                        \n        export OPAMCLI=2.0;\
                        \n        build_dir=$(opam var prefix)/.opam-switch/build;\
                        \n        failed=$(ls \"$build_dir\");\
                        \n        partial_fails=\"\";\
                        \n        for pkg in $failed; do\
                        \n          if opam show -f x-ci-accept-failures: \"$pkg\" | grep -qF \"\\\"debian-12\\\"\"; then\
                        \n            echo \"A package failed and has been disabled for CI using the 'x-ci-accept-failures' field.\";\
                        \n          fi;\
                        \n          test \"$pkg\" != 'caldav.0.2.1' && partial_fails=\"$partial_fails $pkg\";\
                        \n        done;\
                        \n        test \"${partial_fails}\" != \"\" && echo \"opam-repo-ci detected dependencies failing: ${partial_fails}\";\
                        \n        exit 1"))[0m
[ERROR] Sorry, resolution of the request timed out.
        Try to specify a more precise request, use a different solver, or increase the allowed time by setting OPAMSOLVERTIMEOUT to a bigger value (currently, it is set to 500.0 seconds).
'opam reinstall --with-test --verbose caldav.0.2.1' failed.
"/usr/bin/env" "bash" "-c" "opam reinstall --with-test --verbose caldav.0.2.1;
        res=$?;
        test "$res" != 31 && exit "$res";
        export OPAMCLI=2.0;
        build_dir=$(opam var prefix)/.opam-switch/build;
        failed=$(ls "$build_dir");
        partial_fails="";
        for pkg in $failed; do
          if opam show -f x-ci-accept-failures: "$pkg" | grep -qF "\"debian-12\""; then
            echo "A package failed and has been disabled for CI using the 'x-ci-accept-failures' field.";
          fi;
          test "$pkg" != 'caldav.0.2.1' && partial_fails="$partial_fails $pkg";
        done;
        test "${partial_fails}" != "" && echo "opam-repo-ci detected dependencies failing: ${partial_fails}";
        exit 1" failed with exit status 60
2024-06-10 07:57.46: Job failed: Failed: Build failed
2024-06-10 07:57.46: Log analysis:
2024-06-10 07:57.46: >>> 
[ERROR] Sorry, resolution of the request timed out.
 (score = 20)
2024-06-10 07:57.46: >>> 
[ERROR] Sorry, resolution of the request timed out.
 (score = 20)
2024-06-10 07:57.46: Sorry, resolution of the request timed out.
