2024-09-19 13:39.49: New job: build ocsigenserver.6.0.0, lower-bounds, using opam dev
                              from https://github.com/ocaml/opam-repository.git#refs/pull/26587/head (a599b103efa58c663b0d7cae1a99ce44c45d0eea)
                              on debian-12-ocaml-4.09/amd64

To reproduce locally:

cd $(mktemp -d)
git clone --recursive "https://github.com/ocaml/opam-repository.git" && cd "opam-repository" && git fetch origin "refs/pull/26587/head" && git reset --hard a599b103
git fetch origin master
git merge --no-edit 164c8ecdbe88cb6ee4c0b137997c2e7f3763577e
cat > ../Dockerfile <<'END-OF-DOCKERFILE'
[34mFROM ocaml/opam:debian-12-ocaml-4.09@sha256:436cb6152f172a8adf8f5c44b4b1b15992fb3079a855e51e002dc4fa6a77c748
USER 1000:1000
WORKDIR /home/opam
RUN sudo ln -f /usr/bin/opam-dev /usr/bin/opam
RUN opam init --reinit -ni
RUN uname -rs && opam exec -- ocaml -version && opam --version
ENV OPAMDOWNLOADJOBS="1"
ENV OPAMERRLOGLEN="0"
ENV OPAMSOLVERTIMEOUT="500"
ENV OPAMPRECISETRACKING="1"
ENV CI="true"
ENV OPAM_REPO_CI="true"
RUN rm -rf opam-repository/
COPY --chown=1000:1000 . opam-repository/
RUN opam repository set-url --strict default opam-repository/
RUN opam update --depexts || true
RUN opam pin add -k version -yn ocsigenserver.6.0.0 6.0.0
RUN opam reinstall ocsigenserver.6.0.0; \
    res=$?; \
    test "$res" != 31 && exit "$res"; \
    export OPAMCLI=2.0; \
    build_dir=$(opam var prefix)/.opam-switch/build; \
    failed=$(ls "$build_dir"); \
    partial_fails=""; \
    for pkg in $failed; do \
    if opam show -f x-ci-accept-failures: "$pkg" | grep -qF "\"debian-12\""; then \
    echo "A package failed and has been disabled for CI using the 'x-ci-accept-failures' field."; \
    fi; \
    test "$pkg" != 'ocsigenserver.6.0.0' && partial_fails="$partial_fails $pkg"; \
    done; \
    test "${partial_fails}" != "" && echo "opam-repo-ci detected dependencies failing: ${partial_fails}"; \
    exit 1
ENV OPAMCRITERIA="+removed,+count[version-lag,solution]"
ENV OPAMFIXUPCRITERIA="+removed,+count[version-lag,solution]"
ENV OPAMUPGRADECRITERIA="+removed,+count[version-lag,solution]"
RUN opam option solver=builtin-0install
RUN opam reinstall ocsigenserver.6.0.0; \
    res=$?; \
    test "$res" != 31 && exit "$res"; \
    export OPAMCLI=2.0; \
    build_dir=$(opam var prefix)/.opam-switch/build; \
    failed=$(ls "$build_dir"); \
    partial_fails=""; \
    for pkg in $failed; do \
    if opam show -f x-ci-accept-failures: "$pkg" | grep -qF "\"debian-12\""; then \
    echo "A package failed and has been disabled for CI using the 'x-ci-accept-failures' field."; \
    fi; \
    test "$pkg" != 'ocsigenserver.6.0.0' && partial_fails="$partial_fails $pkg"; \
    done; \
    test "${partial_fails}" != "" && echo "opam-repo-ci detected dependencies failing: ${partial_fails}"; \
    exit 1
[0m
END-OF-DOCKERFILE
docker build -f ../Dockerfile .

2024-09-19 13:39.49: Using cache hint "ocaml/opam:debian-12-ocaml-4.09@sha256:436cb6152f172a8adf8f5c44b4b1b15992fb3079a855e51e002dc4fa6a77c748-ocsigenserver.6.0.0-a599b103efa58c663b0d7cae1a99ce44c45d0eea"
2024-09-19 13:39.49: Using OBuilder spec:
((from ocaml/opam:debian-12-ocaml-4.09@sha256:436cb6152f172a8adf8f5c44b4b1b15992fb3079a855e51e002dc4fa6a77c748)
 (user (uid 1000) (gid 1000))
 (workdir /home/opam)
 (run (shell "sudo ln -f /usr/bin/opam-dev /usr/bin/opam"))
 (run (network host)
      (shell "opam init --reinit --config .opamrc-sandbox -ni"))
 (run (shell "uname -rs && opam exec -- ocaml -version && opam --version"))
 (env OPAMDOWNLOADJOBS 1)
 (env OPAMERRLOGLEN 0)
 (env OPAMSOLVERTIMEOUT 500)
 (env OPAMPRECISETRACKING 1)
 (env CI true)
 (env OPAM_REPO_CI true)
 (run (shell "rm -rf opam-repository/"))
 (copy (src .) (dst opam-repository/))
 (run (shell "opam repository set-url --strict default opam-repository/"))
 (run (network host)
      (shell "opam update --depexts || true"))
 (run (shell "opam pin add -k version -yn ocsigenserver.6.0.0 6.0.0"))
 (run (cache (opam-archives (target /home/opam/.opam/download-cache)))
      (network host)
      (shell  "opam reinstall ocsigenserver.6.0.0;\
             \n        res=$?;\
             \n        test \"$res\" != 31 && exit \"$res\";\
             \n        export OPAMCLI=2.0;\
             \n        build_dir=$(opam var prefix)/.opam-switch/build;\
             \n        failed=$(ls \"$build_dir\");\
             \n        partial_fails=\"\";\
             \n        for pkg in $failed; do\
             \n          if opam show -f x-ci-accept-failures: \"$pkg\" | grep -qF \"\\\"debian-12\\\"\"; then\
             \n            echo \"A package failed and has been disabled for CI using the 'x-ci-accept-failures' field.\";\
             \n          fi;\
             \n          test \"$pkg\" != 'ocsigenserver.6.0.0' && partial_fails=\"$partial_fails $pkg\";\
             \n        done;\
             \n        test \"${partial_fails}\" != \"\" && echo \"opam-repo-ci detected dependencies failing: ${partial_fails}\";\
             \n        exit 1"))
 (env OPAMCRITERIA +removed,+count[version-lag,solution])
 (env OPAMFIXUPCRITERIA +removed,+count[version-lag,solution])
 (env OPAMUPGRADECRITERIA +removed,+count[version-lag,solution])
 (run (shell "opam option solver=builtin-0install"))
 (run (cache (opam-archives (target /home/opam/.opam/download-cache)))
      (network host)
      (shell  "opam reinstall ocsigenserver.6.0.0;\
             \n        res=$?;\
             \n        test \"$res\" != 31 && exit \"$res\";\
             \n        export OPAMCLI=2.0;\
             \n        build_dir=$(opam var prefix)/.opam-switch/build;\
             \n        failed=$(ls \"$build_dir\");\
             \n        partial_fails=\"\";\
             \n        for pkg in $failed; do\
             \n          if opam show -f x-ci-accept-failures: \"$pkg\" | grep -qF \"\\\"debian-12\\\"\"; then\
             \n            echo \"A package failed and has been disabled for CI using the 'x-ci-accept-failures' field.\";\
             \n          fi;\
             \n          test \"$pkg\" != 'ocsigenserver.6.0.0' && partial_fails=\"$partial_fails $pkg\";\
             \n        done;\
             \n        test \"${partial_fails}\" != \"\" && echo \"opam-repo-ci detected dependencies failing: ${partial_fails}\";\
             \n        exit 1"))
)

2024-09-19 13:39.49: Waiting for resource in pool OCluster
2024-09-19 13:39.52: Waiting for worker…
2024-09-19 13:39.52: Got resource from pool OCluster
Building on x86-bm-c19.sw.ocaml.org
All commits already cached
Updating files:  90% (29060/32263)Updating files:  91% (29360/32263)Updating files:  92% (29682/32263)Updating files:  93% (30005/32263)Updating files:  94% (30328/32263)Updating files:  95% (30650/32263)Updating files:  96% (30973/32263)Updating files:  97% (31296/32263)Updating files:  98% (31618/32263)Updating files:  99% (31941/32263)Updating files: 100% (32263/32263)Updating files: 100% (32263/32263), done.
HEAD is now at 164c8ecdbe Merge pull request #26586 from fpottier/opam-publish-hachis.20240918
Updating 164c8ecdbe..a599b103ef
Fast-forward
 packages/conduit-async/conduit-async.7.1.0/opam    | 41 ++++++++++++++++
 .../conduit-lwt-unix/conduit-lwt-unix.7.1.0/opam   | 45 +++++++++++++++++
 packages/conduit-lwt/conduit-lwt.7.1.0/opam        | 33 +++++++++++++
 packages/conduit-mirage/conduit-mirage.7.1.0/opam  | 51 +++++++++++++++++++
 packages/conduit/conduit.7.1.0/opam                | 57 ++++++++++++++++++++++
 packages/ocsigenserver/ocsigenserver.6.0.0/opam    |  2 +-
 6 files changed, 228 insertions(+), 1 deletion(-)
 create mode 100644 packages/conduit-async/conduit-async.7.1.0/opam
 create mode 100644 packages/conduit-lwt-unix/conduit-lwt-unix.7.1.0/opam
 create mode 100644 packages/conduit-lwt/conduit-lwt.7.1.0/opam
 create mode 100644 packages/conduit-mirage/conduit-mirage.7.1.0/opam
 create mode 100644 packages/conduit/conduit.7.1.0/opam

[01;34m(from ocaml/opam:debian-12-ocaml-4.09@sha256:436cb6152f172a8adf8f5c44b4b1b15992fb3079a855e51e002dc4fa6a77c748)[0m
Unable to find image 'ocaml/opam:debian-12-ocaml-4.09@sha256:436cb6152f172a8adf8f5c44b4b1b15992fb3079a855e51e002dc4fa6a77c748' locally
docker.io/ocaml/opam@sha256:436cb6152f172a8adf8f5c44b4b1b15992fb3079a855e51e002dc4fa6a77c748: Pulling from ocaml/opam
3aa8a07ffed5: Pulling fs layer
ce4fe2ed9f7b: Pulling fs layer
5a8b7e250183: Pulling fs layer
f2bab343b5da: Pulling fs layer
de6db842eb9f: Pulling fs layer
5a8b7e250183: Waiting
f2bab343b5da: Waiting
de6db842eb9f: Waiting
ce4fe2ed9f7b: Verifying Checksum
ce4fe2ed9f7b: Download complete
5a8b7e250183: Download complete
f2bab343b5da: Verifying Checksum
f2bab343b5da: Download complete
de6db842eb9f: Verifying Checksum
de6db842eb9f: Download complete
3aa8a07ffed5: Verifying Checksum
3aa8a07ffed5: Download complete
3aa8a07ffed5: Pull complete
ce4fe2ed9f7b: Pull complete
5a8b7e250183: Pull complete
f2bab343b5da: Pull complete
de6db842eb9f: Pull complete
Digest: sha256:436cb6152f172a8adf8f5c44b4b1b15992fb3079a855e51e002dc4fa6a77c748
Status: Downloaded newer image for ocaml/opam@sha256:436cb6152f172a8adf8f5c44b4b1b15992fb3079a855e51e002dc4fa6a77c748
[01;2m[01;35m2024-09-19 13:40.19 ---> using "e5cc092e6bfe36ab751a5ac3fd6908e6313a29edf9fa489ec9e869874acdbecd" from cache[0m

[01;34m/: (user (uid 1000) (gid 1000))[0m

[01;34m/: (workdir /home/opam)[0m

[01;34m/home/opam: (run (shell "sudo ln -f /usr/bin/opam-dev /usr/bin/opam"))[0m
[01;2m[01;35m2024-09-19 13:40.19 ---> using "759c96aa2935c250136279d6b2c0a753caa91b1b02baedbdd8559665b1c49998" from cache[0m

[01;34m/home/opam: (run (network host)
                 (shell "opam init --reinit --config .opamrc-sandbox -ni"))[0m
Configuring from /home/opam/.opamrc-sandbox, then /home/opam/.opamrc, and finally from built-in defaults.
Checking for available remotes: rsync and local, git.
  - you won't be able to use mercurial repositories unless you install the hg command on your system.
  - you won't be able to use darcs repositories unless you install the darcs command on your system.

This development version of opam requires an update to the layout of /home/opam/.opam from version 2.0 to version 2.2, which can't be reverted.
You may want to back it up before going further.

Continue? [y/n] y
[NOTE] The 'jobs' option was reset, its value was 39 and its new value will vary according to the current number of cores on your machine. You can restore the fixed value using:
           opam option jobs=39 --global
Format upgrade done.

<><> Updating repositories ><><><><><><><><><><><><><><><><><><><><><><><><><><>
[default] synchronised from file:///home/opam/opam-repository
[01;2m[01;35m2024-09-19 13:40.19 ---> using "e9ed083b490aa4bae977ea6956f0c76a8305276cd79f21961a81a3e434fd4ac5" from cache[0m

[01;34m/home/opam: (run (shell "uname -rs && opam exec -- ocaml -version && opam --version"))[0m
Linux 5.15.0-121-generic
The OCaml toplevel, version 4.09.1
2.3.0~alpha~dev
[01;2m[01;35m2024-09-19 13:40.19 ---> using "809a5239fbab82eb9f098334e27a27d494524fdedc0420170f51c0ac4c19930a" from cache[0m

[01;34m/home/opam: (env OPAMDOWNLOADJOBS 1)[0m

[01;34m/home/opam: (env OPAMERRLOGLEN 0)[0m

[01;34m/home/opam: (env OPAMSOLVERTIMEOUT 500)[0m

[01;34m/home/opam: (env OPAMPRECISETRACKING 1)[0m

[01;34m/home/opam: (env CI true)[0m

[01;34m/home/opam: (env OPAM_REPO_CI true)[0m

[01;34m/home/opam: (run (shell "rm -rf opam-repository/"))[0m
[01;2m[01;35m2024-09-19 13:40.19 ---> using "04321c8ba1b01aef373a3abadf06588c1bf9c5f86346f3b837ea2fa4ba6f7670" from cache[0m

[01;34m/home/opam: (copy (src .) (dst opam-repository/))[0m
[01;2m[01;35m2024-09-19 13:40.26 ---> saved as "329791106050fa6c9e0f1015065a7a93a908d695e8a90bd52ce23b6de22af68e"[0m

[01;34m/home/opam: (run (shell "opam repository set-url --strict default opam-repository/"))[0m
[default] Initialised
[01;2m[01;35m2024-09-19 13:41.18 ---> saved as "9f05009619c1f55f8ca6f56257c0c17db15d489860c01cd3510929fc31edaa72"[0m

[01;34m/home/opam: (run (network host)
                 (shell "opam update --depexts || true"))[0m
+ /usr/bin/sudo "apt-get" "update"
- Hit:1 http://deb.debian.org/debian bookworm InRelease
- Get:2 http://deb.debian.org/debian bookworm-updates InRelease [55.4 kB]
- Get:3 http://deb.debian.org/debian-security bookworm-security InRelease [48.0 kB]
- Get:4 http://deb.debian.org/debian-security bookworm-security/main amd64 Packages [182 kB]
- Fetched 285 kB in 0s (1096 kB/s)
- Reading package lists...
- 
[01;2m[01;35m2024-09-19 13:41.20 ---> saved as "cf52046b23fb754ffc94a9ee6c4f5e9a1c6ab057883b48ac25ddc0aaa843f225"[0m

[01;34m/home/opam: (run (shell "opam pin add -k version -yn ocsigenserver.6.0.0 6.0.0"))[0m
ocsigenserver is now pinned to version 6.0.0
[01;2m[01;35m2024-09-19 13:41.20 ---> saved as "4b431f2af905d7c6bdb8fc1d1ffa3eaf95bf8f31e61943884f65cd0e77fac053"[0m

[01;34m/home/opam: (run (cache (opam-archives (target /home/opam/.opam/download-cache)))
                 (network host)
                 (shell  "opam reinstall ocsigenserver.6.0.0;\
                        \n        res=$?;\
                        \n        test \"$res\" != 31 && exit \"$res\";\
                        \n        export OPAMCLI=2.0;\
                        \n        build_dir=$(opam var prefix)/.opam-switch/build;\
                        \n        failed=$(ls \"$build_dir\");\
                        \n        partial_fails=\"\";\
                        \n        for pkg in $failed; do\
                        \n          if opam show -f x-ci-accept-failures: \"$pkg\" | grep -qF \"\\\"debian-12\\\"\"; then\
                        \n            echo \"A package failed and has been disabled for CI using the 'x-ci-accept-failures' field.\";\
                        \n          fi;\
                        \n          test \"$pkg\" != 'ocsigenserver.6.0.0' && partial_fails=\"$partial_fails $pkg\";\
                        \n        done;\
                        \n        test \"${partial_fails}\" != \"\" && echo \"opam-repo-ci detected dependencies failing: ${partial_fails}\";\
                        \n        exit 1"))[0m
ocsigenserver.6.0.0 is not installed. Install it? [y/n] y
[ERROR] Sorry, resolution of the request timed out.
        Try to specify a more precise request, use a different solver, or increase the allowed time by setting OPAMSOLVERTIMEOUT to a bigger value (currently, it is set to 500.0 seconds).
"/usr/bin/env" "bash" "-c" "opam reinstall ocsigenserver.6.0.0;
        res=$?;
        test "$res" != 31 && exit "$res";
        export OPAMCLI=2.0;
        build_dir=$(opam var prefix)/.opam-switch/build;
        failed=$(ls "$build_dir");
        partial_fails="";
        for pkg in $failed; do
          if opam show -f x-ci-accept-failures: "$pkg" | grep -qF "\"debian-12\""; then
            echo "A package failed and has been disabled for CI using the 'x-ci-accept-failures' field.";
          fi;
          test "$pkg" != 'ocsigenserver.6.0.0' && partial_fails="$partial_fails $pkg";
        done;
        test "${partial_fails}" != "" && echo "opam-repo-ci detected dependencies failing: ${partial_fails}";
        exit 1" failed with exit status 60
2024-09-19 13:50.06: Job failed: Failed: Build failed
2024-09-19 13:50.06: Log analysis:
2024-09-19 13:50.06: >>> 
[ERROR] Sorry, resolution of the request timed out.
 (score = 20)
2024-09-19 13:50.06: Sorry, resolution of the request timed out.
