2024-01-16 09:12.39: New job: test builder.0.1.0 with dune-configurator.3.13.0, using opam dev
                              from https://github.com/ocaml/opam-repository.git#refs/pull/25081/head (9fc3fa05d7b0bd182f65b5988f8caf2647c8f3fe)
                              on debian-12-ocaml-4.14/amd64

To reproduce locally:

cd $(mktemp -d)
git clone --recursive "https://github.com/ocaml/opam-repository.git" && cd "opam-repository" && git fetch origin "refs/pull/25081/head" && git reset --hard 9fc3fa05
git fetch origin master
git merge --no-edit 7600b9b6d71d78a81b593121f59260174adfa2ce
cat > ../Dockerfile <<'END-OF-DOCKERFILE'
[34mFROM ocaml/opam:debian-12-ocaml-4.14@sha256:cbf523fa02a59bcc2a446150e37a15575f1bbaeab2aed549a4f2195e5c179e94
USER 1000:1000
WORKDIR /home/opam
RUN sudo ln -f /usr/bin/opam-dev /usr/bin/opam
RUN opam init --reinit -ni
ENV OPAMDOWNLOADJOBS="1"
ENV OPAMERRLOGLEN="0"
ENV OPAMSOLVERTIMEOUT="500"
ENV OPAMPRECISETRACKING="1"
ENV CI="true"
ENV OPAM_REPO_CI="true"
RUN rm -rf opam-repository/
COPY --chown=1000:1000 . opam-repository/
RUN opam repository set-url --strict default opam-repository/
RUN opam update --depexts || true
ENV OPAMCRITERIA="-removed,-count[avoid-version,changed],-count[version-lag,request],-count[version-lag,changed],-count[missing-depexts,changed],-changed"
ENV OPAMFIXUPCRITERIA="-removed,-count[avoid-version,changed],-count[version-lag,request],-count[version-lag,changed],-count[missing-depexts,changed],-changed"
ENV OPAMUPGRADECRITERIA="-removed,-count[avoid-version,changed],-count[version-lag,request],-count[version-lag,changed],-count[missing-depexts,changed],-changed"
RUN opam pin add -k version -yn dune-configurator.3.13.0 3.13.0
RUN opam reinstall dune-configurator.3.13.0; \
    res=$?; \
    test "$res" != 31 && exit "$res"; \
    export OPAMCLI=2.0; \
    build_dir=$(opam var prefix)/.opam-switch/build; \
    failed=$(ls "$build_dir"); \
    partial_fails=""; \
    for pkg in $failed; do \
    if opam show -f x-ci-accept-failures: "$pkg" | grep -qF "\"debian-12\""; then \
    echo "A package failed and has been disabled for CI using the 'x-ci-accept-failures' field."; \
    fi; \
    test "$pkg" != 'dune-configurator.3.13.0' && partial_fails="$partial_fails $pkg"; \
    done; \
    test "${partial_fails}" != "" && echo "opam-repo-ci detected dependencies failing: ${partial_fails}"; \
    exit 1
ENV OPAMCRITERIA="-removed,-count[avoid-version,changed],-count[version-lag,request],-count[version-lag,changed],-count[missing-depexts,changed],-changed"
ENV OPAMFIXUPCRITERIA="-removed,-count[avoid-version,changed],-count[version-lag,request],-count[version-lag,changed],-count[missing-depexts,changed],-changed"
ENV OPAMUPGRADECRITERIA="-removed,-count[avoid-version,changed],-count[version-lag,request],-count[version-lag,changed],-count[missing-depexts,changed],-changed"
RUN opam reinstall builder.0.1.0; \
    res=$?; \
    test "$res" != 31 && exit "$res"; \
    export OPAMCLI=2.0; \
    build_dir=$(opam var prefix)/.opam-switch/build; \
    failed=$(ls "$build_dir"); \
    partial_fails=""; \
    for pkg in $failed; do \
    if opam show -f x-ci-accept-failures: "$pkg" | grep -qF "\"debian-12\""; then \
    echo "A package failed and has been disabled for CI using the 'x-ci-accept-failures' field."; \
    fi; \
    test "$pkg" != 'builder.0.1.0' && partial_fails="$partial_fails $pkg"; \
    done; \
    test "${partial_fails}" != "" && echo "opam-repo-ci detected dependencies failing: ${partial_fails}"; \
    exit 1
ENV OPAMCRITERIA="-removed,-count[avoid-version,changed],-count[version-lag,request],-count[version-lag,changed],-count[missing-depexts,changed],-changed"
ENV OPAMFIXUPCRITERIA="-removed,-count[avoid-version,changed],-count[version-lag,request],-count[version-lag,changed],-count[missing-depexts,changed],-changed"
ENV OPAMUPGRADECRITERIA="-removed,-count[avoid-version,changed],-count[version-lag,request],-count[version-lag,changed],-count[missing-depexts,changed],-changed"
RUN (opam reinstall --with-test builder.0.1.0) || true
RUN opam reinstall --with-test --verbose builder.0.1.0; \
    res=$?; \
    test "$res" != 31 && exit "$res"; \
    export OPAMCLI=2.0; \
    build_dir=$(opam var prefix)/.opam-switch/build; \
    failed=$(ls "$build_dir"); \
    partial_fails=""; \
    for pkg in $failed; do \
    if opam show -f x-ci-accept-failures: "$pkg" | grep -qF "\"debian-12\""; then \
    echo "A package failed and has been disabled for CI using the 'x-ci-accept-failures' field."; \
    fi; \
    test "$pkg" != 'builder.0.1.0' && partial_fails="$partial_fails $pkg"; \
    done; \
    test "${partial_fails}" != "" && echo "opam-repo-ci detected dependencies failing: ${partial_fails}"; \
    exit 1
[0m
END-OF-DOCKERFILE
docker build -f ../Dockerfile .

2024-01-16 09:12.39: Using cache hint "ocaml/opam:debian-12-ocaml-4.14@sha256:cbf523fa02a59bcc2a446150e37a15575f1bbaeab2aed549a4f2195e5c179e94-dune-configurator.3.13.0-builder.0.1.0-9fc3fa05d7b0bd182f65b5988f8caf2647c8f3fe"
2024-01-16 09:12.39: Using OBuilder spec:
((from ocaml/opam:debian-12-ocaml-4.14@sha256:cbf523fa02a59bcc2a446150e37a15575f1bbaeab2aed549a4f2195e5c179e94)
 (user (uid 1000) (gid 1000))
 (workdir /home/opam)
 (run (shell "sudo ln -f /usr/bin/opam-dev /usr/bin/opam"))
 (run (network host)
      (shell "opam init --reinit --config .opamrc-sandbox -ni"))
 (env OPAMDOWNLOADJOBS 1)
 (env OPAMERRLOGLEN 0)
 (env OPAMSOLVERTIMEOUT 500)
 (env OPAMPRECISETRACKING 1)
 (env CI true)
 (env OPAM_REPO_CI true)
 (run (shell "rm -rf opam-repository/"))
 (copy (src .) (dst opam-repository/))
 (run (shell "opam repository set-url --strict default opam-repository/"))
 (run (network host)
      (shell "opam update --depexts || true"))
 (env OPAMCRITERIA -removed,-count[avoid-version,changed],-count[version-lag,request],-count[version-lag,changed],-count[missing-depexts,changed],-changed)
 (env OPAMFIXUPCRITERIA -removed,-count[avoid-version,changed],-count[version-lag,request],-count[version-lag,changed],-count[missing-depexts,changed],-changed)
 (env OPAMUPGRADECRITERIA -removed,-count[avoid-version,changed],-count[version-lag,request],-count[version-lag,changed],-count[missing-depexts,changed],-changed)
 (run (shell "opam pin add -k version -yn dune-configurator.3.13.0 3.13.0"))
 (run (cache (opam-archives (target /home/opam/.opam/download-cache)))
      (network host)
      (shell  "opam reinstall dune-configurator.3.13.0;\
             \n        res=$?;\
             \n        test \"$res\" != 31 && exit \"$res\";\
             \n        export OPAMCLI=2.0;\
             \n        build_dir=$(opam var prefix)/.opam-switch/build;\
             \n        failed=$(ls \"$build_dir\");\
             \n        partial_fails=\"\";\
             \n        for pkg in $failed; do\
             \n          if opam show -f x-ci-accept-failures: \"$pkg\" | grep -qF \"\\\"debian-12\\\"\"; then\
             \n            echo \"A package failed and has been disabled for CI using the 'x-ci-accept-failures' field.\";\
             \n          fi;\
             \n          test \"$pkg\" != 'dune-configurator.3.13.0' && partial_fails=\"$partial_fails $pkg\";\
             \n        done;\
             \n        test \"${partial_fails}\" != \"\" && echo \"opam-repo-ci detected dependencies failing: ${partial_fails}\";\
             \n        exit 1"))
 (env OPAMCRITERIA -removed,-count[avoid-version,changed],-count[version-lag,request],-count[version-lag,changed],-count[missing-depexts,changed],-changed)
 (env OPAMFIXUPCRITERIA -removed,-count[avoid-version,changed],-count[version-lag,request],-count[version-lag,changed],-count[missing-depexts,changed],-changed)
 (env OPAMUPGRADECRITERIA -removed,-count[avoid-version,changed],-count[version-lag,request],-count[version-lag,changed],-count[missing-depexts,changed],-changed)
 (run (cache (opam-archives (target /home/opam/.opam/download-cache)))
      (network host)
      (shell  "opam reinstall builder.0.1.0;\
             \n        res=$?;\
             \n        test \"$res\" != 31 && exit \"$res\";\
             \n        export OPAMCLI=2.0;\
             \n        build_dir=$(opam var prefix)/.opam-switch/build;\
             \n        failed=$(ls \"$build_dir\");\
             \n        partial_fails=\"\";\
             \n        for pkg in $failed; do\
             \n          if opam show -f x-ci-accept-failures: \"$pkg\" | grep -qF \"\\\"debian-12\\\"\"; then\
             \n            echo \"A package failed and has been disabled for CI using the 'x-ci-accept-failures' field.\";\
             \n          fi;\
             \n          test \"$pkg\" != 'builder.0.1.0' && partial_fails=\"$partial_fails $pkg\";\
             \n        done;\
             \n        test \"${partial_fails}\" != \"\" && echo \"opam-repo-ci detected dependencies failing: ${partial_fails}\";\
             \n        exit 1"))
 (env OPAMCRITERIA -removed,-count[avoid-version,changed],-count[version-lag,request],-count[version-lag,changed],-count[missing-depexts,changed],-changed)
 (env OPAMFIXUPCRITERIA -removed,-count[avoid-version,changed],-count[version-lag,request],-count[version-lag,changed],-count[missing-depexts,changed],-changed)
 (env OPAMUPGRADECRITERIA -removed,-count[avoid-version,changed],-count[version-lag,request],-count[version-lag,changed],-count[missing-depexts,changed],-changed)
 (run (network host)
      (shell "(opam reinstall --with-test builder.0.1.0) || true"))
 (run (shell  "opam reinstall --with-test --verbose builder.0.1.0;\
             \n        res=$?;\
             \n        test \"$res\" != 31 && exit \"$res\";\
             \n        export OPAMCLI=2.0;\
             \n        build_dir=$(opam var prefix)/.opam-switch/build;\
             \n        failed=$(ls \"$build_dir\");\
             \n        partial_fails=\"\";\
             \n        for pkg in $failed; do\
             \n          if opam show -f x-ci-accept-failures: \"$pkg\" | grep -qF \"\\\"debian-12\\\"\"; then\
             \n            echo \"A package failed and has been disabled for CI using the 'x-ci-accept-failures' field.\";\
             \n          fi;\
             \n          test \"$pkg\" != 'builder.0.1.0' && partial_fails=\"$partial_fails $pkg\";\
             \n        done;\
             \n        test \"${partial_fails}\" != \"\" && echo \"opam-repo-ci detected dependencies failing: ${partial_fails}\";\
             \n        exit 1"))
)

2024-01-16 09:12.39: Waiting for resource in pool OCluster
2024-01-16 16:57.39: Waiting for worker…
2024-01-16 16:59.09: Got resource from pool OCluster
Building on asteria.caelum.ci.dev
All commits already cached
HEAD is now at 7600b9b6d7 Merge pull request #25051 from igarnier/opam-publish-prbnmcn-clustering.0.0.2
Updating 7600b9b6d7..9fc3fa05d7
Fast-forward
 packages/chrome-trace/chrome-trace.3.13.0/opam     | 40 +++++++++++++++
 .../dune-action-plugin.3.13.0/opam                 | 53 ++++++++++++++++++++
 .../dune-build-info/dune-build-info.3.13.0/opam    | 46 +++++++++++++++++
 .../dune-configurator.3.13.0/opam                  | 50 +++++++++++++++++++
 packages/dune-glob/dune-glob.3.13.0/opam           | 43 ++++++++++++++++
 .../dune-private-libs.3.13.0/opam                  | 51 +++++++++++++++++++
 packages/dune-rpc-lwt/dune-rpc-lwt.3.13.0/opam     | 43 ++++++++++++++++
 packages/dune-rpc/dune-rpc.3.13.0/opam             | 44 +++++++++++++++++
 packages/dune-site/dune-site.3.13.0/opam           | 38 +++++++++++++++
 packages/dune/dune.3.13.0/opam                     | 57 ++++++++++++++++++++++
 packages/dyn/dyn.3.13.0/opam                       | 41 ++++++++++++++++
 packages/ocamlc-loc/ocamlc-loc.3.13.0/opam         | 44 +++++++++++++++++
 packages/ordering/ordering.3.13.0/opam             | 39 +++++++++++++++
 packages/stdune/stdune.3.13.0/opam                 | 45 +++++++++++++++++
 packages/xdg/xdg.3.13.0/opam                       | 40 +++++++++++++++
 15 files changed, 674 insertions(+)
 create mode 100644 packages/chrome-trace/chrome-trace.3.13.0/opam
 create mode 100644 packages/dune-action-plugin/dune-action-plugin.3.13.0/opam
 create mode 100644 packages/dune-build-info/dune-build-info.3.13.0/opam
 create mode 100644 packages/dune-configurator/dune-configurator.3.13.0/opam
 create mode 100644 packages/dune-glob/dune-glob.3.13.0/opam
 create mode 100644 packages/dune-private-libs/dune-private-libs.3.13.0/opam
 create mode 100644 packages/dune-rpc-lwt/dune-rpc-lwt.3.13.0/opam
 create mode 100644 packages/dune-rpc/dune-rpc.3.13.0/opam
 create mode 100644 packages/dune-site/dune-site.3.13.0/opam
 create mode 100644 packages/dune/dune.3.13.0/opam
 create mode 100644 packages/dyn/dyn.3.13.0/opam
 create mode 100644 packages/ocamlc-loc/ocamlc-loc.3.13.0/opam
 create mode 100644 packages/ordering/ordering.3.13.0/opam
 create mode 100644 packages/stdune/stdune.3.13.0/opam
 create mode 100644 packages/xdg/xdg.3.13.0/opam

[01;34m(from ocaml/opam:debian-12-ocaml-4.14@sha256:cbf523fa02a59bcc2a446150e37a15575f1bbaeab2aed549a4f2195e5c179e94)[0m
[01;2m[01;35m2024-01-16 16:59.39 ---> using "f4335c76fef522325ad1ac98ba0be7d64253255290f3c04143767cd4fd46515f" from cache[0m

[01;34m/: (user (uid 1000) (gid 1000))[0m

[01;34m/: (workdir /home/opam)[0m

[01;34m/home/opam: (run (shell "sudo ln -f /usr/bin/opam-dev /usr/bin/opam"))[0m
[01;2m[01;35m2024-01-16 16:59.39 ---> using "6cd29a264758fcd160e4c24d702a853929ab5c9de70109c884afd641c56e03ef" from cache[0m

[01;34m/home/opam: (run (network host)
                 (shell "opam init --reinit --config .opamrc-sandbox -ni"))[0m
Configuring from /home/opam/.opamrc-sandbox, then /home/opam/.opamrc, and finally from built-in defaults.
Checking for available remotes: rsync and local, git.
  - you won't be able to use mercurial repositories unless you install the hg command on your system.
  - you won't be able to use darcs repositories unless you install the darcs command on your system.

This development version of opam requires an update to the layout of /home/opam/.opam from version 2.0 to version 2.2~alpha, which can't be reverted.
You may want to back it up before going further.

Continue? [y/n] y
Format upgrade done.

<><> Updating repositories ><><><><><><><><><><><><><><><><><><><><><><><><><><>
[default] synchronised from file:///home/opam/opam-repository
[01;2m[01;35m2024-01-16 16:59.39 ---> using "b0092a1a3187440dbbc08d212cec961ff8a8a6c6f25009dc87371350e0161218" from cache[0m

[01;34m/home/opam: (env OPAMDOWNLOADJOBS 1)[0m

[01;34m/home/opam: (env OPAMERRLOGLEN 0)[0m

[01;34m/home/opam: (env OPAMSOLVERTIMEOUT 500)[0m

[01;34m/home/opam: (env OPAMPRECISETRACKING 1)[0m

[01;34m/home/opam: (env CI true)[0m

[01;34m/home/opam: (env OPAM_REPO_CI true)[0m

[01;34m/home/opam: (run (shell "rm -rf opam-repository/"))[0m
[01;2m[01;35m2024-01-16 16:59.39 ---> using "d69a2657e45904d4024dcd9718b3a8d71379112c34805976165fd6dd0e0ba254" from cache[0m

[01;34m/home/opam: (copy (src .) (dst opam-repository/))[0m
[01;2m[01;35m2024-01-16 16:59.40 ---> using "269522385779c098c84d0ff2cd33243b71f764d8da995bea5b107c37a0e27231" from cache[0m

[01;34m/home/opam: (run (shell "opam repository set-url --strict default opam-repository/"))[0m
[default] Initialised
[01;2m[01;35m2024-01-16 16:59.40 ---> using "d44c0707cfcc5e65d21eeaa2305d2008d695260b99bb9627313754feeadb1fdd" from cache[0m

[01;34m/home/opam: (run (network host)
                 (shell "opam update --depexts || true"))[0m
+ /usr/bin/sudo "apt-get" "update"
- Hit:1 http://deb.debian.org/debian bookworm InRelease
- Get:2 http://deb.debian.org/debian bookworm-updates InRelease [52.1 kB]
- Get:3 http://deb.debian.org/debian-security bookworm-security InRelease [48.0 kB]
- Get:4 http://deb.debian.org/debian-security bookworm-security/main amd64 Packages [134 kB]
- Fetched 234 kB in 0s (1030 kB/s)
- Reading package lists...
[01;2m[01;35m2024-01-16 16:59.40 ---> using "3c8645b395708eb8b61a66669c18d1e509ec4809787327cfdca2b93c2bb4e3ec" from cache[0m

[01;34m/home/opam: (env OPAMCRITERIA -removed,-count[avoid-version,changed],-count[version-lag,request],-count[version-lag,changed],-count[missing-depexts,changed],-changed)[0m

[01;34m/home/opam: (env OPAMFIXUPCRITERIA -removed,-count[avoid-version,changed],-count[version-lag,request],-count[version-lag,changed],-count[missing-depexts,changed],-changed)[0m

[01;34m/home/opam: (env OPAMUPGRADECRITERIA -removed,-count[avoid-version,changed],-count[version-lag,request],-count[version-lag,changed],-count[missing-depexts,changed],-changed)[0m

[01;34m/home/opam: (run (shell "opam pin add -k version -yn dune-configurator.3.13.0 3.13.0"))[0m
dune-configurator is now pinned to version 3.13.0
[01;2m[01;35m2024-01-16 16:59.40 ---> using "99199cc1be047c19285ffd710e2ae1125e21eee87b84f55a9bfe2feadc5155a2" from cache[0m

[01;34m/home/opam: (run (cache (opam-archives (target /home/opam/.opam/download-cache)))
                 (network host)
                 (shell  "opam reinstall dune-configurator.3.13.0;\
                        \n        res=$?;\
                        \n        test \"$res\" != 31 && exit \"$res\";\
                        \n        export OPAMCLI=2.0;\
                        \n        build_dir=$(opam var prefix)/.opam-switch/build;\
                        \n        failed=$(ls \"$build_dir\");\
                        \n        partial_fails=\"\";\
                        \n        for pkg in $failed; do\
                        \n          if opam show -f x-ci-accept-failures: \"$pkg\" | grep -qF \"\\\"debian-12\\\"\"; then\
                        \n            echo \"A package failed and has been disabled for CI using the 'x-ci-accept-failures' field.\";\
                        \n          fi;\
                        \n          test \"$pkg\" != 'dune-configurator.3.13.0' && partial_fails=\"$partial_fails $pkg\";\
                        \n        done;\
                        \n        test \"${partial_fails}\" != \"\" && echo \"opam-repo-ci detected dependencies failing: ${partial_fails}\";\
                        \n        exit 1"))[0m
dune-configurator.3.13.0 is not installed. Install it? [y/n] y
The following actions will be performed:
=== install 3 packages
  - install csexp             1.5.2           [required by dune-configurator]
  - install dune              3.13.0          [required by dune-configurator]
  - install dune-configurator 3.13.0 (pinned)

<><> Processing actions <><><><><><><><><><><><><><><><><><><><><><><><><><><><>
-> retrieved csexp.1.5.2  (cached)
-> retrieved dune.3.13.0, dune-configurator.3.13.0  (cached)
-> installed dune.3.13.0
-> installed csexp.1.5.2
-> installed dune-configurator.3.13.0
Done.
# Run eval $(opam env) to update the current shell environment
[01;2m[01;35m2024-01-16 16:59.40 ---> using "ef958cd5c721ce87ad696b20af1ade789e0a4b165bb6cd9c2448c33010ac6b8b" from cache[0m

[01;34m/home/opam: (env OPAMCRITERIA -removed,-count[avoid-version,changed],-count[version-lag,request],-count[version-lag,changed],-count[missing-depexts,changed],-changed)[0m

[01;34m/home/opam: (env OPAMFIXUPCRITERIA -removed,-count[avoid-version,changed],-count[version-lag,request],-count[version-lag,changed],-count[missing-depexts,changed],-changed)[0m

[01;34m/home/opam: (env OPAMUPGRADECRITERIA -removed,-count[avoid-version,changed],-count[version-lag,request],-count[version-lag,changed],-count[missing-depexts,changed],-changed)[0m

[01;34m/home/opam: (run (cache (opam-archives (target /home/opam/.opam/download-cache)))
                 (network host)
                 (shell  "opam reinstall builder.0.1.0;\
                        \n        res=$?;\
                        \n        test \"$res\" != 31 && exit \"$res\";\
                        \n        export OPAMCLI=2.0;\
                        \n        build_dir=$(opam var prefix)/.opam-switch/build;\
                        \n        failed=$(ls \"$build_dir\");\
                        \n        partial_fails=\"\";\
                        \n        for pkg in $failed; do\
                        \n          if opam show -f x-ci-accept-failures: \"$pkg\" | grep -qF \"\\\"debian-12\\\"\"; then\
                        \n            echo \"A package failed and has been disabled for CI using the 'x-ci-accept-failures' field.\";\
                        \n          fi;\
                        \n          test \"$pkg\" != 'builder.0.1.0' && partial_fails=\"$partial_fails $pkg\";\
                        \n        done;\
                        \n        test \"${partial_fails}\" != \"\" && echo \"opam-repo-ci detected dependencies failing: ${partial_fails}\";\
                        \n        exit 1"))[0m
builder.0.1.0 is not installed. Install it? [y/n] y
[ERROR] Sorry, resolution of the request timed out.
        Try to specify a more precise request, use a different solver, or increase the allowed time by setting OPAMSOLVERTIMEOUT to a bigger value (currently, it is set to 500.0 seconds).
"/usr/bin/env" "bash" "-c" "opam reinstall builder.0.1.0;
        res=$?;
        test "$res" != 31 && exit "$res";
        export OPAMCLI=2.0;
        build_dir=$(opam var prefix)/.opam-switch/build;
        failed=$(ls "$build_dir");
        partial_fails="";
        for pkg in $failed; do
          if opam show -f x-ci-accept-failures: "$pkg" | grep -qF "\"debian-12\""; then
            echo "A package failed and has been disabled for CI using the 'x-ci-accept-failures' field.";
          fi;
          test "$pkg" != 'builder.0.1.0' && partial_fails="$partial_fails $pkg";
        done;
        test "${partial_fails}" != "" && echo "opam-repo-ci detected dependencies failing: ${partial_fails}";
        exit 1" failed with exit status 60
2024-01-16 17:08.15: Job failed: Failed: Build failed
2024-01-16 17:08.15: Log analysis:
2024-01-16 17:08.15: >>> 
[ERROR] Sorry, resolution of the request timed out.
 (score = 20)
2024-01-16 17:08.15: Sorry, resolution of the request timed out.
