2024-08-05 21:44.30: New job: test opam-publish.2.4.0, using opam dev
                              from https://github.com/ocaml/opam-repository.git#refs/pull/26335/head (7a9244e10830b850e6cf090de53d85fba8d3892d)
                              on debian-12-ocaml-4.10/amd64

To reproduce locally:

cd $(mktemp -d)
git clone --recursive "https://github.com/ocaml/opam-repository.git" && cd "opam-repository" && git fetch origin "refs/pull/26335/head" && git reset --hard 7a9244e1
git fetch origin master
git merge --no-edit fe8dffac61bbab376897c0f4e7cc5b7b8c4eecc1
cat > ../Dockerfile <<'END-OF-DOCKERFILE'
[34mFROM ocaml/opam:debian-12-ocaml-4.10@sha256:96222b95701891d00c1a99e674b3e01cc9e031b5da5f9687c9f525c5f278fbaa
USER 1000:1000
WORKDIR /home/opam
RUN sudo ln -f /usr/bin/opam-dev /usr/bin/opam
RUN opam init --reinit -ni
RUN uname -rs && opam exec -- ocaml -version && opam --version
ENV OPAMDOWNLOADJOBS="1"
ENV OPAMERRLOGLEN="0"
ENV OPAMSOLVERTIMEOUT="500"
ENV OPAMPRECISETRACKING="1"
ENV CI="true"
ENV OPAM_REPO_CI="true"
RUN rm -rf opam-repository/
COPY --chown=1000:1000 . opam-repository/
RUN opam repository set-url --strict default opam-repository/
RUN opam update --depexts || true
RUN opam pin add -k version -yn opam-publish.2.4.0 2.4.0
RUN opam reinstall opam-publish.2.4.0; \
    res=$?; \
    test "$res" != 31 && exit "$res"; \
    export OPAMCLI=2.0; \
    build_dir=$(opam var prefix)/.opam-switch/build; \
    failed=$(ls "$build_dir"); \
    partial_fails=""; \
    for pkg in $failed; do \
    if opam show -f x-ci-accept-failures: "$pkg" | grep -qF "\"debian-12\""; then \
    echo "A package failed and has been disabled for CI using the 'x-ci-accept-failures' field."; \
    fi; \
    test "$pkg" != 'opam-publish.2.4.0' && partial_fails="$partial_fails $pkg"; \
    done; \
    test "${partial_fails}" != "" && echo "opam-repo-ci detected dependencies failing: ${partial_fails}"; \
    exit 1
RUN (opam reinstall --with-test opam-publish.2.4.0) || true
RUN opam reinstall --with-test --verbose opam-publish.2.4.0; \
    res=$?; \
    test "$res" != 31 && exit "$res"; \
    export OPAMCLI=2.0; \
    build_dir=$(opam var prefix)/.opam-switch/build; \
    failed=$(ls "$build_dir"); \
    partial_fails=""; \
    for pkg in $failed; do \
    if opam show -f x-ci-accept-failures: "$pkg" | grep -qF "\"debian-12\""; then \
    echo "A package failed and has been disabled for CI using the 'x-ci-accept-failures' field."; \
    fi; \
    test "$pkg" != 'opam-publish.2.4.0' && partial_fails="$partial_fails $pkg"; \
    done; \
    test "${partial_fails}" != "" && echo "opam-repo-ci detected dependencies failing: ${partial_fails}"; \
    exit 1
[0m
END-OF-DOCKERFILE
docker build -f ../Dockerfile .

2024-08-05 21:44.30: Using cache hint "ocaml/opam:debian-12-ocaml-4.10@sha256:96222b95701891d00c1a99e674b3e01cc9e031b5da5f9687c9f525c5f278fbaa-opam-publish.2.4.0-7a9244e10830b850e6cf090de53d85fba8d3892d"
2024-08-05 21:44.30: Using OBuilder spec:
((from ocaml/opam:debian-12-ocaml-4.10@sha256:96222b95701891d00c1a99e674b3e01cc9e031b5da5f9687c9f525c5f278fbaa)
 (user (uid 1000) (gid 1000))
 (workdir /home/opam)
 (run (shell "sudo ln -f /usr/bin/opam-dev /usr/bin/opam"))
 (run (network host)
      (shell "opam init --reinit --config .opamrc-sandbox -ni"))
 (run (shell "uname -rs && opam exec -- ocaml -version && opam --version"))
 (env OPAMDOWNLOADJOBS 1)
 (env OPAMERRLOGLEN 0)
 (env OPAMSOLVERTIMEOUT 500)
 (env OPAMPRECISETRACKING 1)
 (env CI true)
 (env OPAM_REPO_CI true)
 (run (shell "rm -rf opam-repository/"))
 (copy (src .) (dst opam-repository/))
 (run (shell "opam repository set-url --strict default opam-repository/"))
 (run (network host)
      (shell "opam update --depexts || true"))
 (run (shell "opam pin add -k version -yn opam-publish.2.4.0 2.4.0"))
 (run (cache (opam-archives (target /home/opam/.opam/download-cache)))
      (network host)
      (shell  "opam reinstall opam-publish.2.4.0;\
             \n        res=$?;\
             \n        test \"$res\" != 31 && exit \"$res\";\
             \n        export OPAMCLI=2.0;\
             \n        build_dir=$(opam var prefix)/.opam-switch/build;\
             \n        failed=$(ls \"$build_dir\");\
             \n        partial_fails=\"\";\
             \n        for pkg in $failed; do\
             \n          if opam show -f x-ci-accept-failures: \"$pkg\" | grep -qF \"\\\"debian-12\\\"\"; then\
             \n            echo \"A package failed and has been disabled for CI using the 'x-ci-accept-failures' field.\";\
             \n          fi;\
             \n          test \"$pkg\" != 'opam-publish.2.4.0' && partial_fails=\"$partial_fails $pkg\";\
             \n        done;\
             \n        test \"${partial_fails}\" != \"\" && echo \"opam-repo-ci detected dependencies failing: ${partial_fails}\";\
             \n        exit 1"))
 (run (network host)
      (shell "(opam reinstall --with-test opam-publish.2.4.0) || true"))
 (run (shell  "opam reinstall --with-test --verbose opam-publish.2.4.0;\
             \n        res=$?;\
             \n        test \"$res\" != 31 && exit \"$res\";\
             \n        export OPAMCLI=2.0;\
             \n        build_dir=$(opam var prefix)/.opam-switch/build;\
             \n        failed=$(ls \"$build_dir\");\
             \n        partial_fails=\"\";\
             \n        for pkg in $failed; do\
             \n          if opam show -f x-ci-accept-failures: \"$pkg\" | grep -qF \"\\\"debian-12\\\"\"; then\
             \n            echo \"A package failed and has been disabled for CI using the 'x-ci-accept-failures' field.\";\
             \n          fi;\
             \n          test \"$pkg\" != 'opam-publish.2.4.0' && partial_fails=\"$partial_fails $pkg\";\
             \n        done;\
             \n        test \"${partial_fails}\" != \"\" && echo \"opam-repo-ci detected dependencies failing: ${partial_fails}\";\
             \n        exit 1"))
)

2024-08-05 21:44.30: Waiting for resource in pool OCluster
2024-08-05 21:44.30: Waiting for worker…
2024-08-05 21:44.30: Got resource from pool OCluster
Building on x86-bm-c18.sw.ocaml.org
All commits already cached
Updating files:  83% (26781/31907)Updating files:  84% (26802/31907)Updating files:  85% (27121/31907)Updating files:  86% (27441/31907)Updating files:  87% (27760/31907)Updating files:  88% (28079/31907)Updating files:  89% (28398/31907)Updating files:  90% (28717/31907)Updating files:  91% (29036/31907)Updating files:  92% (29355/31907)Updating files:  93% (29674/31907)Updating files:  94% (29993/31907)Updating files:  95% (30312/31907)Updating files:  96% (30631/31907)Updating files:  97% (30950/31907)Updating files:  98% (31269/31907)Updating files:  99% (31588/31907)Updating files: 100% (31907/31907)Updating files: 100% (31907/31907), done.
HEAD is now at fe8dffac61 Merge pull request #26037 from joaomhmpereira/opam-publish-cvc5.1.1.3-unreleased
Updating fe8dffac61..7a9244e108
Fast-forward
 packages/opam-publish/opam-publish.2.4.0/opam | 40 +++++++++++++++++++++++++++
 1 file changed, 40 insertions(+)
 create mode 100644 packages/opam-publish/opam-publish.2.4.0/opam

[01;34m(from ocaml/opam:debian-12-ocaml-4.10@sha256:96222b95701891d00c1a99e674b3e01cc9e031b5da5f9687c9f525c5f278fbaa)[0m
[01;2m[01;35m2024-08-05 21:45.22 ---> saved as "99938b5eb7f8c4155b85fa24813ef301eda3e3bf8f23b5cce7c18c7d5ff1e07d"[0m

[01;34m/: (user (uid 1000) (gid 1000))[0m

[01;34m/: (workdir /home/opam)[0m

[01;34m/home/opam: (run (shell "sudo ln -f /usr/bin/opam-dev /usr/bin/opam"))[0m
[01;2m[01;35m2024-08-05 21:45.22 ---> saved as "a18f8c7459c6b76ce9f01dc0ebe5becffeba223ea07154d6d9d6be51c20853f0"[0m

[01;34m/home/opam: (run (network host)
                 (shell "opam init --reinit --config .opamrc-sandbox -ni"))[0m
Configuring from /home/opam/.opamrc-sandbox, then /home/opam/.opamrc, and finally from built-in defaults.
Checking for available remotes: rsync and local, git.
  - you won't be able to use mercurial repositories unless you install the hg command on your system.
  - you won't be able to use darcs repositories unless you install the darcs command on your system.

This development version of opam requires an update to the layout of /home/opam/.opam from version 2.0 to version 2.2, which can't be reverted.
You may want to back it up before going further.

Continue? [y/n] y
[NOTE] The 'jobs' option was reset, its value was 39 and its new value will vary according to the current number of cores on your machine. You can restore the fixed value using:
           opam option jobs=39 --global
Format upgrade done.

<><> Updating repositories ><><><><><><><><><><><><><><><><><><><><><><><><><><>
[default] synchronised from file:///home/opam/opam-repository
[01;2m[01;35m2024-08-05 21:46.52 ---> saved as "6e993be154f82262e7f99b14c4c8234f761035cab9706d9a9979a34ed7328b2e"[0m

[01;34m/home/opam: (run (shell "uname -rs && opam exec -- ocaml -version && opam --version"))[0m
Linux 5.15.0-116-generic
The OCaml toplevel, version 4.10.2
2.3.0~alpha~dev
[01;2m[01;35m2024-08-05 21:46.52 ---> saved as "136710e1d6cfc456f4e92c45f48d9c424c4be8c9132c51a1f246eaa4f2ed69a9"[0m

[01;34m/home/opam: (env OPAMDOWNLOADJOBS 1)[0m

[01;34m/home/opam: (env OPAMERRLOGLEN 0)[0m

[01;34m/home/opam: (env OPAMSOLVERTIMEOUT 500)[0m

[01;34m/home/opam: (env OPAMPRECISETRACKING 1)[0m

[01;34m/home/opam: (env CI true)[0m

[01;34m/home/opam: (env OPAM_REPO_CI true)[0m

[01;34m/home/opam: (run (shell "rm -rf opam-repository/"))[0m
[01;2m[01;35m2024-08-05 21:46.58 ---> saved as "325d76a70545fd373162fe2546cfcb03537272924f587ac3dfeba91491594825"[0m

[01;34m/home/opam: (copy (src .) (dst opam-repository/))[0m
[01;2m[01;35m2024-08-05 21:47.10 ---> saved as "0db255e0c295ac4d9bf61f1f3be81711318a27c9ce2698ee3bc0c984a326e758"[0m

[01;34m/home/opam: (run (shell "opam repository set-url --strict default opam-repository/"))[0m
[default] Initialised
[01;2m[01;35m2024-08-05 21:48.02 ---> saved as "3417a20aa5e8c3ff395b9aaaa8b061e6bd5305ed1efcf29d270cff8952c6af99"[0m

[01;34m/home/opam: (run (network host)
                 (shell "opam update --depexts || true"))[0m
+ /usr/bin/sudo "apt-get" "update"
- Hit:1 http://deb.debian.org/debian bookworm InRelease
- Get:2 http://deb.debian.org/debian bookworm-updates InRelease [55.4 kB]
- Get:3 http://deb.debian.org/debian-security bookworm-security InRelease [48.0 kB]
- Get:4 http://deb.debian.org/debian-security bookworm-security/main amd64 Packages [169 kB]
- Fetched 272 kB in 0s (638 kB/s)
- Reading package lists...
- 
[01;2m[01;35m2024-08-05 21:48.04 ---> saved as "30719af8347a51fd5bd25c2e570e85b400fffa62ea90ddfc440d04d90a91b673"[0m

[01;34m/home/opam: (run (shell "opam pin add -k version -yn opam-publish.2.4.0 2.4.0"))[0m
opam-publish is now pinned to version 2.4.0
[01;2m[01;35m2024-08-05 21:48.06 ---> saved as "2955af83ebf3313fa58469c25cabfb9e771c4833e959b1b8337066b832aa423b"[0m

[01;34m/home/opam: (run (cache (opam-archives (target /home/opam/.opam/download-cache)))
                 (network host)
                 (shell  "opam reinstall opam-publish.2.4.0;\
                        \n        res=$?;\
                        \n        test \"$res\" != 31 && exit \"$res\";\
                        \n        export OPAMCLI=2.0;\
                        \n        build_dir=$(opam var prefix)/.opam-switch/build;\
                        \n        failed=$(ls \"$build_dir\");\
                        \n        partial_fails=\"\";\
                        \n        for pkg in $failed; do\
                        \n          if opam show -f x-ci-accept-failures: \"$pkg\" | grep -qF \"\\\"debian-12\\\"\"; then\
                        \n            echo \"A package failed and has been disabled for CI using the 'x-ci-accept-failures' field.\";\
                        \n          fi;\
                        \n          test \"$pkg\" != 'opam-publish.2.4.0' && partial_fails=\"$partial_fails $pkg\";\
                        \n        done;\
                        \n        test \"${partial_fails}\" != \"\" && echo \"opam-repo-ci detected dependencies failing: ${partial_fails}\";\
                        \n        exit 1"))[0m
opam-publish.2.4.0 is not installed. Install it? [y/n] y
[ERROR] Sorry, resolution of the request timed out.
        Try to specify a more precise request, use a different solver, or increase the allowed time by setting OPAMSOLVERTIMEOUT to a bigger value (currently, it is set to 500.0 seconds).
"/usr/bin/env" "bash" "-c" "opam reinstall opam-publish.2.4.0;
        res=$?;
        test "$res" != 31 && exit "$res";
        export OPAMCLI=2.0;
        build_dir=$(opam var prefix)/.opam-switch/build;
        failed=$(ls "$build_dir");
        partial_fails="";
        for pkg in $failed; do
          if opam show -f x-ci-accept-failures: "$pkg" | grep -qF "\"debian-12\""; then
            echo "A package failed and has been disabled for CI using the 'x-ci-accept-failures' field.";
          fi;
          test "$pkg" != 'opam-publish.2.4.0' && partial_fails="$partial_fails $pkg";
        done;
        test "${partial_fails}" != "" && echo "opam-repo-ci detected dependencies failing: ${partial_fails}";
        exit 1" failed with exit status 60
2024-08-05 21:56.55: Job failed: Failed: Build failed
2024-08-05 21:56.55: Log analysis:
2024-08-05 21:56.55: >>> 
[ERROR] Sorry, resolution of the request timed out.
 (score = 20)
2024-08-05 21:56.55: Sorry, resolution of the request timed out.
