2024-06-04 14:56.14: New job: test dkim.0.6.0, using opam 2.1
                              from https://github.com/ocaml/opam-repository.git#refs/pull/25988/head (942ab50b71f57337fac0ef969924ae8cbc37f80a)
                              on debian-12-ocaml-5.2/amd64

To reproduce locally:

cd $(mktemp -d)
git clone --recursive "https://github.com/ocaml/opam-repository.git" && cd "opam-repository" && git fetch origin "refs/pull/25988/head" && git reset --hard 942ab50b
git fetch origin master
git merge --no-edit 5979d639be2999663a41c1d1b8a73ce3036dcb41
cat > ../Dockerfile <<'END-OF-DOCKERFILE'
[34mFROM ocaml/opam:debian-12-ocaml-5.2@sha256:c3648aaaa12427d39407562078858b92695580fc0b6babaf3e2ac8f9a7107280
USER 1000:1000
WORKDIR /home/opam
RUN sudo ln -f /usr/bin/opam-2.1 /usr/bin/opam
RUN opam init --reinit -ni
RUN uname -rs && opam exec -- ocaml -version && opam --version
ENV OPAMDOWNLOADJOBS="1"
ENV OPAMERRLOGLEN="0"
ENV OPAMSOLVERTIMEOUT="500"
ENV OPAMPRECISETRACKING="1"
ENV CI="true"
ENV OPAM_REPO_CI="true"
RUN rm -rf opam-repository/
COPY --chown=1000:1000 . opam-repository/
RUN opam repository set-url --strict default opam-repository/
RUN opam update --depexts || true
RUN opam pin add -k version -yn dkim.0.6.0 0.6.0
RUN opam reinstall dkim.0.6.0; \
    res=$?; \
    test "$res" != 31 && exit "$res"; \
    export OPAMCLI=2.0; \
    build_dir=$(opam var prefix)/.opam-switch/build; \
    failed=$(ls "$build_dir"); \
    partial_fails=""; \
    for pkg in $failed; do \
    if opam show -f x-ci-accept-failures: "$pkg" | grep -qF "\"debian-12\""; then \
    echo "A package failed and has been disabled for CI using the 'x-ci-accept-failures' field."; \
    fi; \
    test "$pkg" != 'dkim.0.6.0' && partial_fails="$partial_fails $pkg"; \
    done; \
    test "${partial_fails}" != "" && echo "opam-repo-ci detected dependencies failing: ${partial_fails}"; \
    exit 1
RUN (opam reinstall --with-test dkim.0.6.0) || true
RUN opam reinstall --with-test --verbose dkim.0.6.0; \
    res=$?; \
    test "$res" != 31 && exit "$res"; \
    export OPAMCLI=2.0; \
    build_dir=$(opam var prefix)/.opam-switch/build; \
    failed=$(ls "$build_dir"); \
    partial_fails=""; \
    for pkg in $failed; do \
    if opam show -f x-ci-accept-failures: "$pkg" | grep -qF "\"debian-12\""; then \
    echo "A package failed and has been disabled for CI using the 'x-ci-accept-failures' field."; \
    fi; \
    test "$pkg" != 'dkim.0.6.0' && partial_fails="$partial_fails $pkg"; \
    done; \
    test "${partial_fails}" != "" && echo "opam-repo-ci detected dependencies failing: ${partial_fails}"; \
    exit 1
[0m
END-OF-DOCKERFILE
docker build -f ../Dockerfile .

2024-06-04 14:56.14: Using cache hint "ocaml/opam:debian-12-ocaml-5.2@sha256:c3648aaaa12427d39407562078858b92695580fc0b6babaf3e2ac8f9a7107280-dkim.0.6.0-942ab50b71f57337fac0ef969924ae8cbc37f80a"
2024-06-04 14:56.14: Using OBuilder spec:
((from ocaml/opam:debian-12-ocaml-5.2@sha256:c3648aaaa12427d39407562078858b92695580fc0b6babaf3e2ac8f9a7107280)
 (user (uid 1000) (gid 1000))
 (workdir /home/opam)
 (run (shell "sudo ln -f /usr/bin/opam-2.1 /usr/bin/opam"))
 (run (network host)
      (shell "opam init --reinit --config .opamrc-sandbox -ni"))
 (run (shell "uname -rs && opam exec -- ocaml -version && opam --version"))
 (env OPAMDOWNLOADJOBS 1)
 (env OPAMERRLOGLEN 0)
 (env OPAMSOLVERTIMEOUT 500)
 (env OPAMPRECISETRACKING 1)
 (env CI true)
 (env OPAM_REPO_CI true)
 (run (shell "rm -rf opam-repository/"))
 (copy (src .) (dst opam-repository/))
 (run (shell "opam repository set-url --strict default opam-repository/"))
 (run (network host)
      (shell "opam update --depexts || true"))
 (run (shell "opam pin add -k version -yn dkim.0.6.0 0.6.0"))
 (run (cache (opam-archives (target /home/opam/.opam/download-cache)))
      (network host)
      (shell  "opam reinstall dkim.0.6.0;\
             \n        res=$?;\
             \n        test \"$res\" != 31 && exit \"$res\";\
             \n        export OPAMCLI=2.0;\
             \n        build_dir=$(opam var prefix)/.opam-switch/build;\
             \n        failed=$(ls \"$build_dir\");\
             \n        partial_fails=\"\";\
             \n        for pkg in $failed; do\
             \n          if opam show -f x-ci-accept-failures: \"$pkg\" | grep -qF \"\\\"debian-12\\\"\"; then\
             \n            echo \"A package failed and has been disabled for CI using the 'x-ci-accept-failures' field.\";\
             \n          fi;\
             \n          test \"$pkg\" != 'dkim.0.6.0' && partial_fails=\"$partial_fails $pkg\";\
             \n        done;\
             \n        test \"${partial_fails}\" != \"\" && echo \"opam-repo-ci detected dependencies failing: ${partial_fails}\";\
             \n        exit 1"))
 (run (network host)
      (shell "(opam reinstall --with-test dkim.0.6.0) || true"))
 (run (shell  "opam reinstall --with-test --verbose dkim.0.6.0;\
             \n        res=$?;\
             \n        test \"$res\" != 31 && exit \"$res\";\
             \n        export OPAMCLI=2.0;\
             \n        build_dir=$(opam var prefix)/.opam-switch/build;\
             \n        failed=$(ls \"$build_dir\");\
             \n        partial_fails=\"\";\
             \n        for pkg in $failed; do\
             \n          if opam show -f x-ci-accept-failures: \"$pkg\" | grep -qF \"\\\"debian-12\\\"\"; then\
             \n            echo \"A package failed and has been disabled for CI using the 'x-ci-accept-failures' field.\";\
             \n          fi;\
             \n          test \"$pkg\" != 'dkim.0.6.0' && partial_fails=\"$partial_fails $pkg\";\
             \n        done;\
             \n        test \"${partial_fails}\" != \"\" && echo \"opam-repo-ci detected dependencies failing: ${partial_fails}\";\
             \n        exit 1"))
)

2024-06-04 14:56.14: Waiting for resource in pool OCluster
2024-06-04 23:50.18: Waiting for worker…
2024-06-04 23:54.45: Got resource from pool OCluster
Building on doris.caelum.ci.dev
All commits already cached
Updating files:  91% (28891/31426)Updating files:  92% (28912/31426)Updating files:  93% (29227/31426)Updating files:  94% (29541/31426)Updating files:  95% (29855/31426)Updating files:  96% (30169/31426)Updating files:  97% (30484/31426)Updating files:  98% (30798/31426)Updating files:  99% (31112/31426)Updating files: 100% (31426/31426)Updating files: 100% (31426/31426), done.
HEAD is now at 5979d639be Merge pull request #25948 from panglesd/release-slipshow-v0.0.32-3-gad3df09
Merge made by the 'ort' strategy.
 packages/dkim-bin/dkim-bin.0.6.0/opam       | 43 +++++++++++++++++++++++++
 packages/dkim-mirage/dkim-mirage.0.6.0/opam | 40 +++++++++++++++++++++++
 packages/dkim/dkim.0.6.0/opam               | 49 +++++++++++++++++++++++++++++
 3 files changed, 132 insertions(+)
 create mode 100644 packages/dkim-bin/dkim-bin.0.6.0/opam
 create mode 100644 packages/dkim-mirage/dkim-mirage.0.6.0/opam
 create mode 100644 packages/dkim/dkim.0.6.0/opam

[01;34m(from ocaml/opam:debian-12-ocaml-5.2@sha256:c3648aaaa12427d39407562078858b92695580fc0b6babaf3e2ac8f9a7107280)[0m
[01;2m[01;35m2024-06-04 23:54.50 ---> using "ed75a14731b6a9ff34cfb0628927e06efa510541d8edd19ef220d9903f45ed0e" from cache[0m

[01;34m/: (user (uid 1000) (gid 1000))[0m

[01;34m/: (workdir /home/opam)[0m

[01;34m/home/opam: (run (shell "sudo ln -f /usr/bin/opam-2.1 /usr/bin/opam"))[0m
[01;2m[01;35m2024-06-04 23:54.50 ---> using "311e5b4ac33a5968bbb36b7268d7e4f631f9d599b6974fe5cfc7a518976ea751" from cache[0m

[01;34m/home/opam: (run (network host)
                 (shell "opam init --reinit --config .opamrc-sandbox -ni"))[0m
Configuring from /home/opam/.opamrc-sandbox, then /home/opam/.opamrc, and finally from built-in defaults.
Checking for available remotes: rsync and local, git.
  - you won't be able to use mercurial repositories unless you install the hg command on your system.
  - you won't be able to use darcs repositories unless you install the darcs command on your system.

This version of opam requires an update to the layout of /home/opam/.opam from version 2.0 to version 2.1, which can't be reverted.
You may want to back it up before going further.

Continue? [Y/n] y
Format upgrade done.

<><> Updating repositories ><><><><><><><><><><><><><><><><><><><><><><><><><><>
[default] synchronised from file:///home/opam/opam-repository
[01;2m[01;35m2024-06-04 23:54.50 ---> using "2ad5f0f15b3d6a4dfb509c0f4ae99c7dfe69ef1d0a4f75eb16fd228d305863ec" from cache[0m

[01;34m/home/opam: (run (shell "uname -rs && opam exec -- ocaml -version && opam --version"))[0m
Linux 5.15.0-107-generic
The OCaml toplevel, version 5.2.0
2.1.6
[01;2m[01;35m2024-06-04 23:54.50 ---> using "524c93f3cfd5d40757c0a859061ef9eab478e83007dc7882c3f01930ba41a341" from cache[0m

[01;34m/home/opam: (env OPAMDOWNLOADJOBS 1)[0m

[01;34m/home/opam: (env OPAMERRLOGLEN 0)[0m

[01;34m/home/opam: (env OPAMSOLVERTIMEOUT 500)[0m

[01;34m/home/opam: (env OPAMPRECISETRACKING 1)[0m

[01;34m/home/opam: (env CI true)[0m

[01;34m/home/opam: (env OPAM_REPO_CI true)[0m

[01;34m/home/opam: (run (shell "rm -rf opam-repository/"))[0m
[01;2m[01;35m2024-06-04 23:54.50 ---> using "e9c2474a776349fe7a37279c3e01ec842041aa22ab59faef861d65b99bc554df" from cache[0m

[01;34m/home/opam: (copy (src .) (dst opam-repository/))[0m
[01;2m[01;35m2024-06-04 23:55.00 ---> saved as "27aa48f3615865862f8477415567d44e72f719693f31639c189c57121a530fe6"[0m

[01;34m/home/opam: (run (shell "opam repository set-url --strict default opam-repository/"))[0m
[default] Initialised
[01;2m[01;35m2024-06-04 23:55.18 ---> saved as "56a7cf5261cbe73f4425b3a21b672cf9cd8d16ab1ad050701a84f4c13c2600ec"[0m

[01;34m/home/opam: (run (network host)
                 (shell "opam update --depexts || true"))[0m
+ /usr/bin/sudo "apt-get" "update"
- Hit:1 http://deb.debian.org/debian bookworm InRelease
- Get:2 http://deb.debian.org/debian bookworm-updates InRelease [55.4 kB]
- Get:3 http://deb.debian.org/debian-security bookworm-security InRelease [48.0 kB]
- Get:4 http://deb.debian.org/debian-security bookworm-security/main amd64 Packages [157 kB]
- Fetched 260 kB in 0s (934 kB/s)
- Reading package lists...
[01;2m[01;35m2024-06-04 23:55.19 ---> saved as "4e34288d3dac762ec70e77c01095737894962126d0470bfab4ff946090b8a3a2"[0m

[01;34m/home/opam: (run (shell "opam pin add -k version -yn dkim.0.6.0 0.6.0"))[0m
dkim is now pinned to version 0.6.0
[01;2m[01;35m2024-06-04 23:55.21 ---> saved as "abc1c4b01fa65c0764bc569dce75e2d7f785aa4da1d7c7aede68a2f3979d13d4"[0m

[01;34m/home/opam: (run (cache (opam-archives (target /home/opam/.opam/download-cache)))
                 (network host)
                 (shell  "opam reinstall dkim.0.6.0;\
                        \n        res=$?;\
                        \n        test \"$res\" != 31 && exit \"$res\";\
                        \n        export OPAMCLI=2.0;\
                        \n        build_dir=$(opam var prefix)/.opam-switch/build;\
                        \n        failed=$(ls \"$build_dir\");\
                        \n        partial_fails=\"\";\
                        \n        for pkg in $failed; do\
                        \n          if opam show -f x-ci-accept-failures: \"$pkg\" | grep -qF \"\\\"debian-12\\\"\"; then\
                        \n            echo \"A package failed and has been disabled for CI using the 'x-ci-accept-failures' field.\";\
                        \n          fi;\
                        \n          test \"$pkg\" != 'dkim.0.6.0' && partial_fails=\"$partial_fails $pkg\";\
                        \n        done;\
                        \n        test \"${partial_fails}\" != \"\" && echo \"opam-repo-ci detected dependencies failing: ${partial_fails}\";\
                        \n        exit 1"))[0m
dkim.0.6.0 is not installed. Install it? [Y/n] y
[ERROR] Sorry, resolution of the request timed out.
        Try to specify a more precise request, use a different solver, or increase the allowed time by setting OPAMSOLVERTIMEOUT to a bigger value (currently, it is set to 500.0 seconds).
"/usr/bin/env" "bash" "-c" "opam reinstall dkim.0.6.0;
        res=$?;
        test "$res" != 31 && exit "$res";
        export OPAMCLI=2.0;
        build_dir=$(opam var prefix)/.opam-switch/build;
        failed=$(ls "$build_dir");
        partial_fails="";
        for pkg in $failed; do
          if opam show -f x-ci-accept-failures: "$pkg" | grep -qF "\"debian-12\""; then
            echo "A package failed and has been disabled for CI using the 'x-ci-accept-failures' field.";
          fi;
          test "$pkg" != 'dkim.0.6.0' && partial_fails="$partial_fails $pkg";
        done;
        test "${partial_fails}" != "" && echo "opam-repo-ci detected dependencies failing: ${partial_fails}";
        exit 1" failed with exit status 60
2024-06-05 00:03.57: Job failed: Failed: Build failed
2024-06-05 00:03.57: Log analysis:
2024-06-05 00:03.57: >>> 
[ERROR] Sorry, resolution of the request timed out.
 (score = 20)
2024-06-05 00:03.57: Sorry, resolution of the request timed out.
