2024-11-22 13:30.37: New job: test graphql-cohttp.0.13.0, using opam dev
                              from https://github.com/ocaml/opam-repository.git#refs/pull/26930/head (bda4dbaf190cd69474e65e5368931bb6005b0605)
                              on freebsd-ocaml-4.14/amd64

To reproduce locally:

cd $(mktemp -d)
git clone --recursive "https://github.com/ocaml/opam-repository.git" && cd "opam-repository" && git fetch origin "refs/pull/26930/head" && git reset --hard bda4dbaf
git fetch origin master
git merge --no-edit 9e5cf6f9f01138196c65e4d32ab556c8f375185d
cat > ../Dockerfile <<'END-OF-DOCKERFILE'
[34mFROM freebsd-ocaml-4.14
USER 1000:1000
WORKDIR /home/opam
RUN sudo ln -f /usr/local/bin/opam-dev /usr/local/bin/opam
RUN opam init --reinit -ni
RUN uname -rs && opam exec -- ocaml -version && opam --version
ENV OPAMDOWNLOADJOBS="1"
ENV OPAMERRLOGLEN="0"
ENV OPAMSOLVERTIMEOUT="1000"
ENV OPAMPRECISETRACKING="1"
ENV CI="true"
ENV OPAM_REPO_CI="true"
RUN rm -rf opam-repository/
COPY --chown=1000:1000 . opam-repository/
RUN opam repository set-url --strict default opam-repository/
RUN opam update --depexts || true
RUN opam pin add -k version -yn graphql-cohttp.0.13.0 0.13.0
RUN opam reinstall graphql-cohttp.0.13.0; \
    res=$?; \
    test "$res" != 31 && exit "$res"; \
    export OPAMCLI=2.0; \
    build_dir=$(opam var prefix)/.opam-switch/build; \
    failed=$(ls "$build_dir"); \
    partial_fails=""; \
    for pkg in $failed; do \
    if opam show -f x-ci-accept-failures: "$pkg" | grep -qF "\"freebsd\""; then \
    echo "A package failed and has been disabled for CI using the 'x-ci-accept-failures' field."; \
    fi; \
    test "$pkg" != 'graphql-cohttp.0.13.0' && partial_fails="$partial_fails $pkg"; \
    done; \
    test "${partial_fails}" != "" && echo "opam-repo-ci detected dependencies failing: ${partial_fails}"; \
    exit 1
RUN (opam reinstall --with-test graphql-cohttp.0.13.0) || true
RUN opam reinstall --with-test --verbose graphql-cohttp.0.13.0; \
    res=$?; \
    test "$res" != 31 && exit "$res"; \
    export OPAMCLI=2.0; \
    build_dir=$(opam var prefix)/.opam-switch/build; \
    failed=$(ls "$build_dir"); \
    partial_fails=""; \
    for pkg in $failed; do \
    if opam show -f x-ci-accept-failures: "$pkg" | grep -qF "\"freebsd\""; then \
    echo "A package failed and has been disabled for CI using the 'x-ci-accept-failures' field."; \
    fi; \
    test "$pkg" != 'graphql-cohttp.0.13.0' && partial_fails="$partial_fails $pkg"; \
    done; \
    test "${partial_fails}" != "" && echo "opam-repo-ci detected dependencies failing: ${partial_fails}"; \
    exit 1
[0m
END-OF-DOCKERFILE
docker build -f ../Dockerfile .

2024-11-22 13:30.37: Using cache hint "freebsd-ocaml-4.14-graphql-cohttp.0.13.0-bda4dbaf190cd69474e65e5368931bb6005b0605"
2024-11-22 13:30.37: Using OBuilder spec:
((from freebsd-ocaml-4.14)
 (user (uid 1000) (gid 1000))
 (workdir /home/opam)
 (run (shell "sudo ln -f /usr/local/bin/opam-dev /usr/local/bin/opam"))
 (run (network host)
      (shell "opam init --reinit -ni"))
 (run (shell "uname -rs && opam exec -- ocaml -version && opam --version"))
 (env OPAMDOWNLOADJOBS 1)
 (env OPAMERRLOGLEN 0)
 (env OPAMSOLVERTIMEOUT 1000)
 (env OPAMPRECISETRACKING 1)
 (env CI true)
 (env OPAM_REPO_CI true)
 (run (shell "rm -rf opam-repository/"))
 (copy (src .) (dst opam-repository/))
 (run (shell "opam repository set-url --strict default opam-repository/"))
 (run (network host)
      (shell "opam update --depexts || true"))
 (run (shell "opam pin add -k version -yn graphql-cohttp.0.13.0 0.13.0"))
 (run (cache (opam-archives (target /home/opam/.opam/download-cache)))
      (network host)
      (shell  "opam reinstall graphql-cohttp.0.13.0;\
             \n        res=$?;\
             \n        test \"$res\" != 31 && exit \"$res\";\
             \n        export OPAMCLI=2.0;\
             \n        build_dir=$(opam var prefix)/.opam-switch/build;\
             \n        failed=$(ls \"$build_dir\");\
             \n        partial_fails=\"\";\
             \n        for pkg in $failed; do\
             \n          if opam show -f x-ci-accept-failures: \"$pkg\" | grep -qF \"\\\"freebsd\\\"\"; then\
             \n            echo \"A package failed and has been disabled for CI using the 'x-ci-accept-failures' field.\";\
             \n          fi;\
             \n          test \"$pkg\" != 'graphql-cohttp.0.13.0' && partial_fails=\"$partial_fails $pkg\";\
             \n        done;\
             \n        test \"${partial_fails}\" != \"\" && echo \"opam-repo-ci detected dependencies failing: ${partial_fails}\";\
             \n        exit 1"))
 (run (network host)
      (shell "(opam reinstall --with-test graphql-cohttp.0.13.0) || true"))
 (run (shell  "opam reinstall --with-test --verbose graphql-cohttp.0.13.0;\
             \n        res=$?;\
             \n        test \"$res\" != 31 && exit \"$res\";\
             \n        export OPAMCLI=2.0;\
             \n        build_dir=$(opam var prefix)/.opam-switch/build;\
             \n        failed=$(ls \"$build_dir\");\
             \n        partial_fails=\"\";\
             \n        for pkg in $failed; do\
             \n          if opam show -f x-ci-accept-failures: \"$pkg\" | grep -qF \"\\\"freebsd\\\"\"; then\
             \n            echo \"A package failed and has been disabled for CI using the 'x-ci-accept-failures' field.\";\
             \n          fi;\
             \n          test \"$pkg\" != 'graphql-cohttp.0.13.0' && partial_fails=\"$partial_fails $pkg\";\
             \n        done;\
             \n        test \"${partial_fails}\" != \"\" && echo \"opam-repo-ci detected dependencies failing: ${partial_fails}\";\
             \n        exit 1"))
)

2024-11-22 13:30.37: Waiting for resource in pool OCluster
2024-11-22 13:30.41: Waiting for worker…
2024-11-22 13:40.19: Got resource from pool OCluster
Building on summer
All commits already cached
Updating files: 100% (32714/32714), done.
HEAD is now at 9e5cf6f9f0 Merge pull request #26924 from dkalinichenko-js/opam-publish-torch.v0.17.1
Updating 9e5cf6f9f0..bda4dbaf19
Fast-forward
 packages/graphql-cohttp/graphql-cohttp.0.10.0/opam | 4 ++--
 packages/graphql-cohttp/graphql-cohttp.0.12.0/opam | 2 +-
 packages/graphql-cohttp/graphql-cohttp.0.12.1/opam | 2 +-
 packages/graphql-cohttp/graphql-cohttp.0.13.0/opam | 2 +-
 packages/graphql-cohttp/graphql-cohttp.0.14.0/opam | 2 +-
 5 files changed, 6 insertions(+), 6 deletions(-)

[01;34m(from freebsd-ocaml-4.14)[0m
[01;2m[01;35m2024-11-22 13:29.40 ---> using "57eeeabfec88366322a66f228a693df277d348dc99f1cc2a63749102c5e1e405" from cache[0m

[01;34m/: (user (uid 1000) (gid 1000))[0m

[01;34m/: (workdir /home/opam)[0m

[01;34m/home/opam: (run (shell "sudo ln -f /usr/local/bin/opam-dev /usr/local/bin/opam"))[0m
[01;2m[01;35m2024-11-22 13:29.40 ---> using "85d5eb985f2262919a26a9cdcf048ce0967ef341a4c5d41a4d1a47b077ffa8eb" from cache[0m

[01;34m/home/opam: (run (network host)
                 (shell "opam init --reinit -ni"))[0m
No configuration file found, using built-in defaults.
Checking for available remotes: rsync and local, git.
  - you won't be able to use mercurial repositories unless you install the hg command on your system.
  - you won't be able to use darcs repositories unless you install the darcs command on your system.

This version of opam requires an update to the layout of /home/opam/.opam from version 2.1 to version 2.2, which can't be reverted.
You may want to back it up before going further.

Continue? [y/n] y
[NOTE] The 'jobs' option was reset, its value was 1 and its new value will vary according to the current number of cores on your machine. You can restore the fixed value using:
           opam option jobs=1 --global
Format upgrade done.

<><> Updating repositories ><><><><><><><><><><><><><><><><><><><><><><><><><><>
[default] no changes from git+file:///home/opam/opam-repository
[01;2m[01;35m2024-11-22 13:29.40 ---> using "08e4174ad8cc33ff0dffef40dd5755acd4c7df1ee65b0d98f918f8851b0422be" from cache[0m

[01;34m/home/opam: (run (shell "uname -rs && opam exec -- ocaml -version && opam --version"))[0m
FreeBSD 14.1-RELEASE-p5
The OCaml toplevel, version 4.14.2
2.3.0~rc1
[01;2m[01;35m2024-11-22 13:29.41 ---> using "a624c9a56a657e8f7944ca7b5e274913c647764382db65f778e1fb6ea0cbf8b9" from cache[0m

[01;34m/home/opam: (env OPAMDOWNLOADJOBS 1)[0m

[01;34m/home/opam: (env OPAMERRLOGLEN 0)[0m

[01;34m/home/opam: (env OPAMSOLVERTIMEOUT 1000)[0m

[01;34m/home/opam: (env OPAMPRECISETRACKING 1)[0m

[01;34m/home/opam: (env CI true)[0m

[01;34m/home/opam: (env OPAM_REPO_CI true)[0m

[01;34m/home/opam: (run (shell "rm -rf opam-repository/"))[0m
[01;2m[01;35m2024-11-22 13:29.41 ---> using "1c8f6db45b64e6c81324e9b2dab97f7d37a74106407851fc79799b3e814c9d3a" from cache[0m

[01;34m/home/opam: (copy (src .) (dst opam-repository/))[0m
[01;2m[01;35m2024-11-22 13:29.46 ---> using "0d5d29558cf5b809323e98b84bf0bd3b82c37e11e69478d33b7fc680f8f5d9a5" from cache[0m

[01;34m/home/opam: (run (shell "opam repository set-url --strict default opam-repository/"))[0m
[default] Initialised
default (at file:///home/opam/opam-repository): 
    [WARNING] opam is out-of-date. Please consider updating it (https://opam.ocaml.org/doc/Install.html)

[01;2m[01;35m2024-11-22 13:29.58 ---> saved as "772978d04bb476efe609bbd5fb91370be52df78c8fe904e3a4531589b43f610d"[0m

[01;34m/home/opam: (run (network host)
                 (shell "opam update --depexts || true"))[0m
[WARNING] Unknown update command for bsd, skipping system update
[01;2m[01;35m2024-11-22 13:29.59 ---> saved as "0685bd914544d74f880c8807f7146a7114a8485d9394d163345ff99973c3fe01"[0m

[01;34m/home/opam: (run (shell "opam pin add -k version -yn graphql-cohttp.0.13.0 0.13.0"))[0m
graphql-cohttp is now pinned to version 0.13.0
[01;2m[01;35m2024-11-22 13:30.02 ---> saved as "82e5e49bb414f7ec13c962893eb331e5ae8babebea88319b035c5ae2005c850f"[0m

[01;34m/home/opam: (run (cache (opam-archives (target /home/opam/.opam/download-cache)))
                 (network host)
                 (shell  "opam reinstall graphql-cohttp.0.13.0;\
                        \n        res=$?;\
                        \n        test \"$res\" != 31 && exit \"$res\";\
                        \n        export OPAMCLI=2.0;\
                        \n        build_dir=$(opam var prefix)/.opam-switch/build;\
                        \n        failed=$(ls \"$build_dir\");\
                        \n        partial_fails=\"\";\
                        \n        for pkg in $failed; do\
                        \n          if opam show -f x-ci-accept-failures: \"$pkg\" | grep -qF \"\\\"freebsd\\\"\"; then\
                        \n            echo \"A package failed and has been disabled for CI using the 'x-ci-accept-failures' field.\";\
                        \n          fi;\
                        \n          test \"$pkg\" != 'graphql-cohttp.0.13.0' && partial_fails=\"$partial_fails $pkg\";\
                        \n        done;\
                        \n        test \"${partial_fails}\" != \"\" && echo \"opam-repo-ci detected dependencies failing: ${partial_fails}\";\
                        \n        exit 1"))[0m
graphql-cohttp.0.13.0 is not installed. Install it? [y/n] y
The following actions will be performed:
=== install 45 packages
  ∗ angstrom            0.16.1          [required by uri]
  ∗ astring             0.8.5           [required by graphql-cohttp]
  ∗ base                v0.16.3         [required by ppx_sexp_conv]
  ∗ base-bytes          base            [required by cohttp, ocplib-endian]
  ∗ base64              3.5.1           [required by graphql-cohttp]
  ∗ bigstringaf         0.10.0          [required by angstrom]
  ∗ cmdliner            1.3.0           [required by crunch]
  ∗ cohttp              5.3.1           [required by graphql-cohttp]
  ∗ conf-bash           1               [required by base]
  ∗ cppo                1.7.0           [required by ocplib-endian]
  ∗ crunch              3.3.1           [required by graphql-cohttp]
  ∗ csexp               1.5.2           [required by dune-configurator]
  ∗ digestif            1.2.0           [required by graphql-cohttp]
  ∗ dune                3.16.1          [required by graphql-cohttp]
  ∗ dune-configurator   3.16.1          [required by base]
  ∗ eqaf                0.10            [required by digestif]
  ∗ fmt                 0.9.0           [required by graphql_parser]
  ∗ graphql             0.14.0          [required by graphql-cohttp]
  ∗ graphql-cohttp      0.13.0 (pinned)
  ∗ graphql_parser      0.14.0          [required by graphql]
  ∗ jsonm               1.0.2           [required by cohttp]
  ∗ menhir              20240715        [required by graphql_parser]
  ∗ menhirCST           20240715        [required by menhir]
  ∗ menhirLib           20240715        [required by menhir]
  ∗ menhirSdk           20240715        [required by menhir]
  ∗ ocaml-compiler-libs v0.12.4         [required by ppxlib]
  ∗ ocaml-syntax-shims  1.0.0           [required by angstrom]
  ∗ ocamlbuild          0.15.0          [required by astring]
  ∗ ocamlfind           1.9.6           [required by astring]
  ∗ ocplib-endian       1.2             [required by graphql-cohttp]
  ∗ ppx_derivers        1.2.1           [required by ppxlib]
  ∗ ppx_sexp_conv       v0.16.0         [required by cohttp]
  ∗ ppxlib              0.33.0          [required by ppx_sexp_conv]
  ∗ ptime               1.2.0           [required by crunch]
  ∗ re                  1.12.0          [required by cohttp]
  ∗ rresult             0.7.0           [required by graphql]
  ∗ seq                 base            [required by graphql]
  ∗ sexplib0            v0.16.0         [required by cohttp]
  ∗ stdlib-shims        0.3.0           [required by ppxlib]
  ∗ stringext           1.6.0           [required by cohttp]
  ∗ topkg               1.0.7           [required by astring]
  ∗ uri                 4.4.0           [required by cohttp]
  ∗ uri-sexp            4.4.0           [required by cohttp]
  ∗ uutf                1.0.3           [required by jsonm]
  ∗ yojson              2.2.2           [required by graphql-cohttp]

<><> Processing actions <><><><><><><><><><><><><><><><><><><><><><><><><><><><>
⬇ retrieved angstrom.0.16.1  (cached)
⬇ retrieved astring.0.8.5  (cached)
⬇ retrieved base.v0.16.3  (cached)
⬇ retrieved base64.3.5.1  (cached)
⬇ retrieved bigstringaf.0.10.0  (cached)
⬇ retrieved cmdliner.1.3.0  (cached)
⬇ retrieved cohttp.5.3.1  (cached)
∗ installed conf-bash.1
⬇ retrieved cppo.1.7.0  (cached)
⬇ retrieved crunch.3.3.1  (cached)
⬇ retrieved csexp.1.5.2  (cached)
⬇ retrieved digestif.1.2.0  (cached)
⬇ retrieved dune.3.16.1, dune-configurator.3.16.1  (cached)
⬇ retrieved eqaf.0.10  (cached)
⬇ retrieved fmt.0.9.0  (cached)
⬇ retrieved graphql.0.14.0, graphql_parser.0.14.0  (cached)
∗ installed cmdliner.1.3.0
⬇ retrieved graphql-cohttp.0.13.0  (https://github.com/andreas/ocaml-graphql-server/releases/download/0.13.0/graphql-0.13.0.tbz)
⬇ retrieved jsonm.1.0.2  (cached)
⬇ retrieved menhir.20240715, menhirCST.20240715, menhirLib.20240715, menhirSdk.20240715  (cached)
⬇ retrieved ocaml-compiler-libs.v0.12.4  (cached)
⬇ retrieved ocaml-syntax-shims.1.0.0  (cached)
⬇ retrieved ocamlbuild.0.15.0  (cached)
⬇ retrieved ocamlfind.1.9.6  (cached)
⬇ retrieved ocplib-endian.1.2  (cached)
⬇ retrieved ppx_derivers.1.2.1  (cached)
⬇ retrieved ppx_sexp_conv.v0.16.0  (cached)
⬇ retrieved ppxlib.0.33.0  (cached)
⬇ retrieved ptime.1.2.0  (cached)
⬇ retrieved re.1.12.0  (cached)
⬇ retrieved rresult.0.7.0  (cached)
⬇ retrieved seq.base  (cached)
∗ installed seq.base
⬇ retrieved sexplib0.v0.16.0  (cached)
⬇ retrieved stdlib-shims.0.3.0  (cached)
⬇ retrieved stringext.1.6.0  (cached)
⬇ retrieved topkg.1.0.7  (cached)
⬇ retrieved uri.4.4.0, uri-sexp.4.4.0  (cached)
⬇ retrieved uutf.1.0.3  (cached)
⬇ retrieved yojson.2.2.2  (cached)
∗ installed ocamlfind.1.9.6
∗ installed base-bytes.base
∗ installed ocamlbuild.0.15.0
∗ installed topkg.1.0.7
∗ installed rresult.0.7.0
∗ installed uutf.1.0.3
∗ installed fmt.0.9.0
∗ installed ptime.1.2.0
∗ installed astring.0.8.5
∗ installed jsonm.1.0.2
∗ installed dune.3.16.1
∗ installed csexp.1.5.2
∗ installed menhirCST.20240715
∗ installed stringext.1.6.0
∗ installed stdlib-shims.0.3.0
∗ installed sexplib0.v0.16.0
∗ installed ppx_derivers.1.2.1
∗ installed ocaml-syntax-shims.1.0.0
∗ installed ocaml-compiler-libs.v0.12.4
∗ installed menhirSdk.20240715
∗ installed menhirLib.20240715
∗ installed eqaf.0.10
∗ installed crunch.3.3.1
∗ installed cppo.1.7.0
∗ installed base64.3.5.1
∗ installed yojson.2.2.2
∗ installed re.1.12.0
∗ installed ocplib-endian.1.2
∗ installed dune-configurator.3.16.1
∗ installed digestif.1.2.0
∗ installed bigstringaf.0.10.0
∗ installed angstrom.0.16.1
∗ installed uri.4.4.0
∗ installed base.v0.16.3
∗ installed ppxlib.0.33.0
∗ installed menhir.20240715
∗ installed ppx_sexp_conv.v0.16.0
∗ installed graphql_parser.0.14.0
∗ installed uri-sexp.4.4.0
∗ installed graphql.0.14.0
∗ installed cohttp.5.3.1
∗ installed graphql-cohttp.0.13.0
Done.
[01;2m[01;35m2024-11-22 13:32.46 ---> saved as "aff81ba7f2f8ecb9cffd88d5b1ad8a0394e6999788001610d7cd348f3c4825e9"[0m

[01;34m/home/opam: (run (network host)
                 (shell "(opam reinstall --with-test graphql-cohttp.0.13.0) || true"))[0m
[ERROR] Sorry, resolution of the request timed out.
        Try to specify a more precise request, use a different solver, or increase the allowed time by setting OPAMSOLVERTIMEOUT to a bigger value (currently, it is set to 1000.0 seconds).
[01;2m[01;35m2024-11-22 13:49.49 ---> saved as "2486a12f8bb4ded6c79881a409453472f885bf1cf4fced35859d29d3d6c73409"[0m

[01;34m/home/opam: (run (shell  "opam reinstall --with-test --verbose graphql-cohttp.0.13.0;\
                        \n        res=$?;\
                        \n        test \"$res\" != 31 && exit \"$res\";\
                        \n        export OPAMCLI=2.0;\
                        \n        build_dir=$(opam var prefix)/.opam-switch/build;\
                        \n        failed=$(ls \"$build_dir\");\
                        \n        partial_fails=\"\";\
                        \n        for pkg in $failed; do\
                        \n          if opam show -f x-ci-accept-failures: \"$pkg\" | grep -qF \"\\\"freebsd\\\"\"; then\
                        \n            echo \"A package failed and has been disabled for CI using the 'x-ci-accept-failures' field.\";\
                        \n          fi;\
                        \n          test \"$pkg\" != 'graphql-cohttp.0.13.0' && partial_fails=\"$partial_fails $pkg\";\
                        \n        done;\
                        \n        test \"${partial_fails}\" != \"\" && echo \"opam-repo-ci detected dependencies failing: ${partial_fails}\";\
                        \n        exit 1"))[0m
The following actions will be performed:
=== downgrade 1 package
  ↘ cohttp           5.3.1 to 4.0.0  [required by graphql-cohttp]
=== recompile 1 package
  ↻ graphql-cohttp   0.13.0 (pinned)
=== install 17 packages
  ∗ alcotest         1.8.0           [required by graphql-cohttp]
  ∗ cohttp-lwt       4.0.0           [required by cohttp-lwt-unix]
  ∗ cohttp-lwt-unix  4.0.0           [required by graphql-cohttp]
  ∗ conduit          2.1.0           [required by conduit-lwt]
  ∗ conduit-lwt      2.1.0           [required by cohttp-lwt-unix]
  ∗ conduit-lwt-unix 2.2.2           [required by cohttp-lwt-unix]
  ∗ domain-name      0.4.0           [required by ipaddr]
  ∗ graphql-lwt      0.14.0          [required by graphql-cohttp]
  ∗ ipaddr           5.6.0           [required by conduit-lwt-unix]
  ∗ ipaddr-sexp      5.6.0           [required by conduit-lwt-unix]
  ∗ logs             0.7.0           [required by cohttp-lwt-unix]
  ∗ lwt              5.9.0           [required by cohttp-lwt-unix, graphql-lwt]
  ∗ macaddr          5.6.0           [required by ipaddr]
  ∗ magic-mime       1.3.1           [required by cohttp-lwt-unix]
  ∗ num              1.5-1           [required by sexplib]
  ∗ parsexp          v0.16.0         [required by sexplib]
  ∗ sexplib          v0.16.0         [required by conduit-lwt]

<><> Processing actions <><><><><><><><><><><><><><><><><><><><><><><><><><><><>
Processing  1/54: [alcotest.1.8.0: http]
[ERROR] Failed to get sources of alcotest.1.8.0: Download command failed
Processing  2/54: [cohttp.4.0.0, cohttp-lwt.4.0.0, cohttp-lwt-unix.4.0.0: http]
Processing  3/54: [cohttp.4.0.0, cohttp-lwt.4.0.0, cohttp-lwt-unix.4.0.0: http]
Processing  4/54: [cohttp.4.0.0, cohttp-lwt.4.0.0, cohttp-lwt-unix.4.0.0: http]
[ERROR] Failed to get sources of cohttp.4.0.0, cohttp-lwt.4.0.0, cohttp-lwt-unix.4.0.0 (https://github.com/mirage/ocaml-cohttp/releases/download/v4.0.0/cohttp-v4.0.0.tbz): Download command failed
Processing  5/54: [conduit.2.1.0, conduit-lwt.2.1.0: http]
Processing  6/54: [conduit.2.1.0, conduit-lwt.2.1.0: http]
[ERROR] Failed to get sources of conduit.2.1.0, conduit-lwt.2.1.0 (https://github.com/mirage/ocaml-conduit/releases/download/v2.1.0/conduit-v2.1.0.tbz): Download command failed
Processing  7/54: [conduit-lwt-unix.2.2.2: http]
[ERROR] Failed to get sources of conduit-lwt-unix.2.2.2: Download command failed
Processing  8/54: [domain-name.0.4.0: http]
[ERROR] Failed to get sources of domain-name.0.4.0: Download command failed
Processing 10/54: [graphql-lwt.0.14.0: http]
Processing 11/54: [graphql-lwt.0.14.0: http]
Processing 12/54: [graphql-lwt.0.14.0: http]
[ERROR] Failed to get sources of graphql-lwt.0.14.0: Download command failed
Processing 13/54: [ipaddr.5.6.0, ipaddr-sexp.5.6.0, macaddr.5.6.0: http]
[ERROR] Failed to get sources of ipaddr.5.6.0, ipaddr-sexp.5.6.0, macaddr.5.6.0 (https://github.com/mirage/ocaml-ipaddr/releases/download/v5.6.0/ipaddr-5.6.0.tbz): Download command failed
Processing 14/54: [logs.0.7.0: http]
Processing 15/54: [logs.0.7.0: http]
Processing 16/54: [logs.0.7.0: http]
Processing 17/54: [logs.0.7.0: http]
Processing 18/54: [logs.0.7.0: http]
Processing 19/54: [logs.0.7.0: http]
Processing 20/54: [logs.0.7.0: http]
[ERROR] Failed to get sources of logs.0.7.0: Download command failed
Processing 21/54: [lwt.5.9.0: http]
[ERROR] Failed to get sources of lwt.5.9.0: Download command failed
Processing 22/54: [magic-mime.1.3.1: http]
Processing 23/54: [magic-mime.1.3.1: http]
Processing 24/54: [magic-mime.1.3.1: http]
Processing 25/54: [magic-mime.1.3.1: http]
Processing 26/54: [magic-mime.1.3.1: http]
Processing 27/54: [magic-mime.1.3.1: http]
Processing 28/54: [magic-mime.1.3.1: http]
[ERROR] Failed to get sources of magic-mime.1.3.1: Download command failed
Processing 29/54: [num.1.5-1: http]
Processing 30/54: [num.1.5-1: http]
Processing 31/54: [num.1.5-1: http]
[ERROR] Failed to get sources of num.1.5-1: Download command failed
Processing 32/54: [parsexp.v0.16.0: http]
Processing 33/54: [parsexp.v0.16.0: http]
Processing 34/54: [parsexp.v0.16.0: http]
[ERROR] Failed to get sources of parsexp.v0.16.0: Download command failed
Processing 35/54: [sexplib.v0.16.0: http]
Processing 36/54: [sexplib.v0.16.0: http]
Processing 37/54: [sexplib.v0.16.0: http]
Processing 38/54: [sexplib.v0.16.0: http]
Processing 39/54: [sexplib.v0.16.0: http]
Processing 40/54: [sexplib.v0.16.0: http]
Processing 41/54: [sexplib.v0.16.0: http]
Processing 42/54: [sexplib.v0.16.0: http]
[ERROR] Failed to get sources of sexplib.v0.16.0: Download command failed

#=== ERROR while fetching sources for sexplib.v0.16.0 =========================#
OpamSolution.Fetch_fail("https://ocaml.janestreet.com/ocaml-core/v0.16/files/sexplib-v0.16.0.tar.gz (Download command failed: \"/usr/bin/fetch -o /tmp/opam-77019-60aa6b/sexplib-v0.16.0.tar.gz.part --user-agent opam/2.3.0~rc1 -- https://ocaml.janestreet.com/ocaml-core/v0.16/files/sexplib-v0.16.0.tar.gz\" exited with code 1 \"fetch: https://ocaml.janestreet.com/ocaml-core/v0.16/files/sexplib-v0.16.0.tar.gz: Non-recoverable resolver failure\")")

#=== ERROR while fetching sources for parsexp.v0.16.0 =========================#
OpamSolution.Fetch_fail("https://ocaml.janestreet.com/ocaml-core/v0.16/files/parsexp-v0.16.0.tar.gz (Download command failed: \"/usr/bin/fetch -o /tmp/opam-77019-873b5f/parsexp-v0.16.0.tar.gz.part --user-agent opam/2.3.0~rc1 -- https://ocaml.janestreet.com/ocaml-core/v0.16/files/parsexp-v0.16.0.tar.gz\" exited with code 1 \"fetch: https://ocaml.janestreet.com/ocaml-core/v0.16/files/parsexp-v0.16.0.tar.gz: Non-recoverable resolver failure\")")

#=== ERROR while fetching sources for num.1.5-1 ===============================#
OpamSolution.Fetch_fail("https://github.com/ocaml/num/archive/v1.5.tar.gz (Download command failed: \"/usr/bin/fetch -o /tmp/opam-77019-875fbf/v1.5.tar.gz.part --user-agent opam/2.3.0~rc1 -- https://github.com/ocaml/num/archive/v1.5.tar.gz\" exited with code 1 \"fetch: https://github.com/ocaml/num/archive/v1.5.tar.gz: Non-recoverable resolver failure\")")

#=== ERROR while fetching sources for magic-mime.1.3.1 ========================#
OpamSolution.Fetch_fail("https://github.com/mirage/ocaml-magic-mime/releases/download/v1.3.1/magic-mime-1.3.1.tbz (Download command failed: \"/usr/bin/fetch -o /tmp/opam-77019-bd8587/magic-mime-1.3.1.tbz.part --user-agent opam/2.3.0~rc1 -- https://github.com/mirage/ocaml-magic-mime/releases/download/v1.3.1/magic-mime-1.3.1.tbz\" exited with code 1 \"fetch: https://github.com/mirage/ocaml-magic-mime/releases/download/v1.3.1/magic-mime-1.3.1.tbz: Non-recoverable resolver failure\")")

#=== ERROR while fetching sources for lwt.5.9.0 ===============================#
OpamSolution.Fetch_fail("https://github.com/ocsigen/lwt/archive/refs/tags/5.9.0.tar.gz (Download command failed: \"/usr/bin/fetch -o /tmp/opam-77019-d87695/5.9.0.tar.gz.part --user-agent opam/2.3.0~rc1 -- https://github.com/ocsigen/lwt/archive/refs/tags/5.9.0.tar.gz\" exited with code 1 \"fetch: https://github.com/ocsigen/lwt/archive/refs/tags/5.9.0.tar.gz: Non-recoverable resolver failure\")")

#=== ERROR while fetching sources for logs.0.7.0 ==============================#
OpamSolution.Fetch_fail("https://erratique.ch/software/logs/releases/logs-0.7.0.tbz (Download command failed: \"/usr/bin/fetch -o /tmp/opam-77019-5c3a35/logs-0.7.0.tbz.part --user-agent opam/2.3.0~rc1 -- https://erratique.ch/software/logs/releases/logs-0.7.0.tbz\" exited with code 1 \"fetch: https://erratique.ch/software/logs/releases/logs-0.7.0.tbz: Non-recoverable resolver failure\")")

#=== ERROR while fetching sources for ipaddr.5.6.0, ipaddr-sexp.5.6.0 and macaddr.5.6.0 
OpamSolution.Fetch_fail("https://github.com/mirage/ocaml-ipaddr/releases/download/v5.6.0/ipaddr-5.6.0.tbz (Download command failed: \"/usr/bin/fetch -o /tmp/opam-77019-babaf5/ipaddr-5.6.0.tbz.part --user-agent opam/2.3.0~rc1 -- https://github.com/mirage/ocaml-ipaddr/releases/download/v5.6.0/ipaddr-5.6.0.tbz\" exited with code 1 \"fetch: https://github.com/mirage/ocaml-ipaddr/releases/download/v5.6.0/ipaddr-5.6.0.tbz: Non-recoverable resolver failure\")")

#=== ERROR while fetching sources for graphql-lwt.0.14.0 ======================#
OpamSolution.Fetch_fail("https://github.com/andreas/ocaml-graphql-server/releases/download/0.14.0/graphql-0.14.0.tbz (Download command failed: \"/usr/bin/fetch -o /tmp/opam-77019-fd0c9f/graphql-0.14.0.tbz.part --user-agent opam/2.3.0~rc1 -- https://github.com/andreas/ocaml-graphql-server/releases/download/0.14.0/graphql-0.14.0.tbz\" exited with code 1 \"fetch: https://github.com/andreas/ocaml-graphql-server/releases/download/0.14.0/graphql-0.14.0.tbz: Non-recoverable resolver failure\")")

#=== ERROR while fetching sources for domain-name.0.4.0 =======================#
OpamSolution.Fetch_fail("https://github.com/hannesm/domain-name/releases/download/v0.4.0/domain-name-0.4.0.tbz (Download command failed: \"/usr/bin/fetch -o /tmp/opam-77019-bf702b/domain-name-0.4.0.tbz.part --user-agent opam/2.3.0~rc1 -- https://github.com/hannesm/domain-name/releases/download/v0.4.0/domain-name-0.4.0.tbz\" exited with code 1 \"fetch: https://github.com/hannesm/domain-name/releases/download/v0.4.0/domain-name-0.4.0.tbz: Non-recoverable resolver failure\")")

#=== ERROR while fetching sources for conduit-lwt-unix.2.2.2 ==================#
OpamSolution.Fetch_fail("https://github.com/mirage/ocaml-conduit/releases/download/v2.2.2/conduit-v2.2.2.tbz (Download command failed: \"/usr/bin/fetch -o /tmp/opam-77019-ac59e3/conduit-v2.2.2.tbz.part --user-agent opam/2.3.0~rc1 -- https://github.com/mirage/ocaml-conduit/releases/download/v2.2.2/conduit-v2.2.2.tbz\" exited with code 1 \"fetch: https://github.com/mirage/ocaml-conduit/releases/download/v2.2.2/conduit-v2.2.2.tbz: Non-recoverable resolver failure\")")

#=== ERROR while fetching sources for conduit.2.1.0 and conduit-lwt.2.1.0 =====#
OpamSolution.Fetch_fail("https://github.com/mirage/ocaml-conduit/releases/download/v2.1.0/conduit-v2.1.0.tbz (Download command failed: \"/usr/bin/fetch -o /tmp/opam-77019-6ccf2e/conduit-v2.1.0.tbz.part --user-agent opam/2.3.0~rc1 -- https://github.com/mirage/ocaml-conduit/releases/download/v2.1.0/conduit-v2.1.0.tbz\" exited with code 1 \"fetch: https://github.com/mirage/ocaml-conduit/releases/download/v2.1.0/conduit-v2.1.0.tbz: Non-recoverable resolver failure\")")

#=== ERROR while fetching sources for cohttp.4.0.0, cohttp-lwt.4.0.0 and cohttp-lwt-unix.4.0.0 
OpamSolution.Fetch_fail("https://github.com/mirage/ocaml-cohttp/releases/download/v4.0.0/cohttp-v4.0.0.tbz (Download command failed: \"/usr/bin/fetch -o /tmp/opam-77019-bedd9e/cohttp-v4.0.0.tbz.part --user-agent opam/2.3.0~rc1 -- https://github.com/mirage/ocaml-cohttp/releases/download/v4.0.0/cohttp-v4.0.0.tbz\" exited with code 1 \"fetch: https://github.com/mirage/ocaml-cohttp/releases/download/v4.0.0/cohttp-v4.0.0.tbz: Non-recoverable resolver failure\")")

#=== ERROR while fetching sources for alcotest.1.8.0 ==========================#
OpamSolution.Fetch_fail("https://github.com/mirage/alcotest/releases/download/1.8.0/alcotest-1.8.0.tbz (Download command failed: \"/usr/bin/fetch -o /tmp/opam-77019-98af6a/alcotest-1.8.0.tbz.part --user-agent opam/2.3.0~rc1 -- https://github.com/mirage/alcotest/releases/download/1.8.0/alcotest-1.8.0.tbz\" exited with code 1 \"fetch: https://github.com/mirage/alcotest/releases/download/1.8.0/alcotest-1.8.0.tbz: Non-recoverable resolver failure\")")


<><> Error report <><><><><><><><><><><><><><><><><><><><><><><><><><><><><><><>
┌─ The following actions were aborted
│ ⊘ remove    cohttp         5.3.1
│ ↻ recompile graphql-cohttp 0.13.0
└─ 
┌─ The following actions failed
│ ⬇ fetch alcotest                                              1.8.0
│ ⬇ fetch cohttp.4.0.0, cohttp-lwt.4.0.0, cohttp-lwt-unix.4.0.0 
│ ⬇ fetch conduit.2.1.0, conduit-lwt.2.1.0                      
│ ⬇ fetch conduit-lwt-unix                                      2.2.2
│ ⬇ fetch domain-name                                           0.4.0
│ ⬇ fetch graphql-lwt                                           0.14.0
│ ⬇ fetch ipaddr.5.6.0, ipaddr-sexp.5.6.0, macaddr.5.6.0        
│ ⬇ fetch logs                                                  0.7.0
│ ⬇ fetch lwt                                                   5.9.0
│ ⬇ fetch magic-mime                                            1.3.1
│ ⬇ fetch num                                                   1.5-1
│ ⬇ fetch parsexp                                               v0.16.0
│ ⬇ fetch sexplib                                               v0.16.0
└─ 
╶─ No changes have been performed
'opam reinstall --with-test --verbose graphql-cohttp.0.13.0' failed.
jail: /usr/bin/su -l opam -c cd '/home/opam' && env OPAM_REPO_CI='true' CI='true' OPAMPRECISETRACKING='1' OPAMSOLVERTIMEOUT='1000' OPAMERRLOGLEN='0' OPAMDOWNLOADJOBS='1' '/usr/bin/env' 'bash' '-c' 'opam reinstall --with-test --verbose graphql-cohttp.0.13.0;
        res=$?;
        test "$res" != 31 && exit "$res";
        export OPAMCLI=2.0;
        build_dir=$(opam var prefix)/.opam-switch/build;
        failed=$(ls "$build_dir");
        partial_fails="";
        for pkg in $failed; do
          if opam show -f x-ci-accept-failures: "$pkg" | grep -qF "\"freebsd\""; then
            echo "A package failed and has been disabled for CI using the '\''x-ci-accept-failures'\'' field.";
          fi;
          test "$pkg" != '\''graphql-cohttp.0.13.0'\'' && partial_fails="$partial_fails $pkg";
        done;
        test "${partial_fails}" != "" && echo "opam-repo-ci detected dependencies failing: ${partial_fails}";
        exit 1': failed
"jail" "-c" "name=obuilder_49118_8584" "mount.devfs" "path=/obuilder/result/8ec133a4d94a292dea05f6dae1d41ba0dfd8a26c51d0720ec933698f57516495/rootfs" "vnet" "exec.start=/sbin/ifconfig lo0 127.0.0.1/8" "command=/usr/bin/su" "-l" "opam" "-c" "cd '/home/opam' && env OPAM_REPO_CI='true' CI='true' OPAMPRECISETRACKING='1' OPAMSOLVERTIMEOUT='1000' OPAMERRLOGLEN='0' OPAMDOWNLOADJOBS='1' '/usr/bin/env' 'bash' '-c' 'opam reinstall --with-test --verbose graphql-cohttp.0.13.0;
        res=$?;
        test "$res" != 31 && exit "$res";
        export OPAMCLI=2.0;
        build_dir=$(opam var prefix)/.opam-switch/build;
        failed=$(ls "$build_dir");
        partial_fails="";
        for pkg in $failed; do
          if opam show -f x-ci-accept-failures: "$pkg" | grep -qF "\"freebsd\""; then
            echo "A package failed and has been disabled for CI using the '\''x-ci-accept-failures'\'' field.";
          fi;
          test "$pkg" != '\''graphql-cohttp.0.13.0'\'' && partial_fails="$partial_fails $pkg";
        done;
        test "${partial_fails}" != "" && echo "opam-repo-ci detected dependencies failing: ${partial_fails}";
        exit 1'" failed with exit status 1
2024-11-22 14:16.52: Job failed: Failed: Build failed
2024-11-22 14:16.52: Log analysis:
2024-11-22 14:16.52: >>> 
[ERROR] Sorry, resolution of the request timed out.
 (score = 20)
2024-11-22 14:16.52: >>> 
[ERROR] Failed to get sources of alcotest.1.8.0: Download command failed
 (score = 25)
2024-11-22 14:16.52: >>> 
[ERROR] Failed to get sources of cohttp.4.0.0, cohttp-lwt.4.0.0, cohttp-lwt-unix.4.0.0 (https://github.com/mirage/ocaml-cohttp/releases/download/v4.0.0/cohttp-v4.0.0.tbz): Download command failed
 (score = 25)
2024-11-22 14:16.52: >>> 
[ERROR] Failed to get sources of conduit.2.1.0, conduit-lwt.2.1.0 (https://github.com/mirage/ocaml-conduit/releases/download/v2.1.0/conduit-v2.1.0.tbz): Download command failed
 (score = 25)
2024-11-22 14:16.52: >>> 
[ERROR] Failed to get sources of conduit-lwt-unix.2.2.2: Download command failed
 (score = 25)
2024-11-22 14:16.52: >>> 
[ERROR] Failed to get sources of domain-name.0.4.0: Download command failed
 (score = 25)
2024-11-22 14:16.52: >>> 
[ERROR] Failed to get sources of graphql-lwt.0.14.0: Download command failed
 (score = 25)
2024-11-22 14:16.52: >>> 
[ERROR] Failed to get sources of ipaddr.5.6.0, ipaddr-sexp.5.6.0, macaddr.5.6.0 (https://github.com/mirage/ocaml-ipaddr/releases/download/v5.6.0/ipaddr-5.6.0.tbz): Download command failed
 (score = 25)
2024-11-22 14:16.52: >>> 
[ERROR] Failed to get sources of logs.0.7.0: Download command failed
 (score = 25)
2024-11-22 14:16.52: >>> 
[ERROR] Failed to get sources of lwt.5.9.0: Download command failed
 (score = 25)
2024-11-22 14:16.52: >>> 
[ERROR] Failed to get sources of magic-mime.1.3.1: Download command failed
 (score = 25)
2024-11-22 14:16.52: >>> 
[ERROR] Failed to get sources of num.1.5-1: Download command failed
 (score = 25)
2024-11-22 14:16.52: >>> 
[ERROR] Failed to get sources of parsexp.v0.16.0: Download command failed
 (score = 25)
2024-11-22 14:16.52: >>> 
[ERROR] Failed to get sources of sexplib.v0.16.0: Download command failed
 (score = 25)
2024-11-22 14:16.52: Failed to get sources of alcotest.1.8.0: Download command failed
