2024-03-11 16:26.36: New job: test irmin-http.2.9.0 with dune-configurator.3.14.1, using opam dev
                              from https://github.com/ocaml/opam-repository.git#refs/pull/25456/head (8ea501e71ee71aea14110c9f1099af3ec4028a6d)
                              on debian-12-ocaml-4.14/amd64

To reproduce locally:

cd $(mktemp -d)
git clone --recursive "https://github.com/ocaml/opam-repository.git" && cd "opam-repository" && git fetch origin "refs/pull/25456/head" && git reset --hard 8ea501e7
git fetch origin master
git merge --no-edit acef553581adfddad89303f641c2f43010b9a34a
cat > ../Dockerfile <<'END-OF-DOCKERFILE'
[34mFROM ocaml/opam:debian-12-ocaml-4.14@sha256:d16a9b46ed7b1a98f5764263cc9b2b2cb627b83e1ba48a3ed141bdd474f5156b
USER 1000:1000
WORKDIR /home/opam
RUN sudo ln -f /usr/bin/opam-dev /usr/bin/opam
RUN opam init --reinit -ni
ENV OPAMDOWNLOADJOBS="1"
ENV OPAMERRLOGLEN="0"
ENV OPAMSOLVERTIMEOUT="500"
ENV OPAMPRECISETRACKING="1"
ENV CI="true"
ENV OPAM_REPO_CI="true"
RUN rm -rf opam-repository/
COPY --chown=1000:1000 . opam-repository/
RUN opam repository set-url --strict default opam-repository/
RUN opam update --depexts || true
ENV OPAMCRITERIA="-removed,-count[avoid-version,changed],-count[version-lag,request],-count[version-lag,changed],-count[missing-depexts,changed],-changed"
ENV OPAMFIXUPCRITERIA="-removed,-count[avoid-version,changed],-count[version-lag,request],-count[version-lag,changed],-count[missing-depexts,changed],-changed"
ENV OPAMUPGRADECRITERIA="-removed,-count[avoid-version,changed],-count[version-lag,request],-count[version-lag,changed],-count[missing-depexts,changed],-changed"
RUN opam pin add -k version -yn dune-configurator.3.14.1 3.14.1
RUN opam reinstall dune-configurator.3.14.1; \
    res=$?; \
    test "$res" != 31 && exit "$res"; \
    export OPAMCLI=2.0; \
    build_dir=$(opam var prefix)/.opam-switch/build; \
    failed=$(ls "$build_dir"); \
    partial_fails=""; \
    for pkg in $failed; do \
    if opam show -f x-ci-accept-failures: "$pkg" | grep -qF "\"debian-12\""; then \
    echo "A package failed and has been disabled for CI using the 'x-ci-accept-failures' field."; \
    fi; \
    test "$pkg" != 'dune-configurator.3.14.1' && partial_fails="$partial_fails $pkg"; \
    done; \
    test "${partial_fails}" != "" && echo "opam-repo-ci detected dependencies failing: ${partial_fails}"; \
    exit 1
ENV OPAMCRITERIA="-removed,-count[avoid-version,changed],-count[version-lag,request],-count[version-lag,changed],-count[missing-depexts,changed],-changed"
ENV OPAMFIXUPCRITERIA="-removed,-count[avoid-version,changed],-count[version-lag,request],-count[version-lag,changed],-count[missing-depexts,changed],-changed"
ENV OPAMUPGRADECRITERIA="-removed,-count[avoid-version,changed],-count[version-lag,request],-count[version-lag,changed],-count[missing-depexts,changed],-changed"
RUN opam reinstall irmin-http.2.9.0; \
    res=$?; \
    test "$res" != 31 && exit "$res"; \
    export OPAMCLI=2.0; \
    build_dir=$(opam var prefix)/.opam-switch/build; \
    failed=$(ls "$build_dir"); \
    partial_fails=""; \
    for pkg in $failed; do \
    if opam show -f x-ci-accept-failures: "$pkg" | grep -qF "\"debian-12\""; then \
    echo "A package failed and has been disabled for CI using the 'x-ci-accept-failures' field."; \
    fi; \
    test "$pkg" != 'irmin-http.2.9.0' && partial_fails="$partial_fails $pkg"; \
    done; \
    test "${partial_fails}" != "" && echo "opam-repo-ci detected dependencies failing: ${partial_fails}"; \
    exit 1
ENV OPAMCRITERIA="-removed,-count[avoid-version,changed],-count[version-lag,request],-count[version-lag,changed],-count[missing-depexts,changed],-changed"
ENV OPAMFIXUPCRITERIA="-removed,-count[avoid-version,changed],-count[version-lag,request],-count[version-lag,changed],-count[missing-depexts,changed],-changed"
ENV OPAMUPGRADECRITERIA="-removed,-count[avoid-version,changed],-count[version-lag,request],-count[version-lag,changed],-count[missing-depexts,changed],-changed"
RUN (opam reinstall --with-test irmin-http.2.9.0) || true
RUN opam reinstall --with-test --verbose irmin-http.2.9.0; \
    res=$?; \
    test "$res" != 31 && exit "$res"; \
    export OPAMCLI=2.0; \
    build_dir=$(opam var prefix)/.opam-switch/build; \
    failed=$(ls "$build_dir"); \
    partial_fails=""; \
    for pkg in $failed; do \
    if opam show -f x-ci-accept-failures: "$pkg" | grep -qF "\"debian-12\""; then \
    echo "A package failed and has been disabled for CI using the 'x-ci-accept-failures' field."; \
    fi; \
    test "$pkg" != 'irmin-http.2.9.0' && partial_fails="$partial_fails $pkg"; \
    done; \
    test "${partial_fails}" != "" && echo "opam-repo-ci detected dependencies failing: ${partial_fails}"; \
    exit 1
[0m
END-OF-DOCKERFILE
docker build -f ../Dockerfile .

2024-03-11 16:26.36: Using cache hint "ocaml/opam:debian-12-ocaml-4.14@sha256:d16a9b46ed7b1a98f5764263cc9b2b2cb627b83e1ba48a3ed141bdd474f5156b-dune-configurator.3.14.1-irmin-http.2.9.0-8ea501e71ee71aea14110c9f1099af3ec4028a6d"
2024-03-11 16:26.36: Using OBuilder spec:
((from ocaml/opam:debian-12-ocaml-4.14@sha256:d16a9b46ed7b1a98f5764263cc9b2b2cb627b83e1ba48a3ed141bdd474f5156b)
 (user (uid 1000) (gid 1000))
 (workdir /home/opam)
 (run (shell "sudo ln -f /usr/bin/opam-dev /usr/bin/opam"))
 (run (network host)
      (shell "opam init --reinit --config .opamrc-sandbox -ni"))
 (env OPAMDOWNLOADJOBS 1)
 (env OPAMERRLOGLEN 0)
 (env OPAMSOLVERTIMEOUT 500)
 (env OPAMPRECISETRACKING 1)
 (env CI true)
 (env OPAM_REPO_CI true)
 (run (shell "rm -rf opam-repository/"))
 (copy (src .) (dst opam-repository/))
 (run (shell "opam repository set-url --strict default opam-repository/"))
 (run (network host)
      (shell "opam update --depexts || true"))
 (env OPAMCRITERIA -removed,-count[avoid-version,changed],-count[version-lag,request],-count[version-lag,changed],-count[missing-depexts,changed],-changed)
 (env OPAMFIXUPCRITERIA -removed,-count[avoid-version,changed],-count[version-lag,request],-count[version-lag,changed],-count[missing-depexts,changed],-changed)
 (env OPAMUPGRADECRITERIA -removed,-count[avoid-version,changed],-count[version-lag,request],-count[version-lag,changed],-count[missing-depexts,changed],-changed)
 (run (shell "opam pin add -k version -yn dune-configurator.3.14.1 3.14.1"))
 (run (cache (opam-archives (target /home/opam/.opam/download-cache)))
      (network host)
      (shell  "opam reinstall dune-configurator.3.14.1;\
             \n        res=$?;\
             \n        test \"$res\" != 31 && exit \"$res\";\
             \n        export OPAMCLI=2.0;\
             \n        build_dir=$(opam var prefix)/.opam-switch/build;\
             \n        failed=$(ls \"$build_dir\");\
             \n        partial_fails=\"\";\
             \n        for pkg in $failed; do\
             \n          if opam show -f x-ci-accept-failures: \"$pkg\" | grep -qF \"\\\"debian-12\\\"\"; then\
             \n            echo \"A package failed and has been disabled for CI using the 'x-ci-accept-failures' field.\";\
             \n          fi;\
             \n          test \"$pkg\" != 'dune-configurator.3.14.1' && partial_fails=\"$partial_fails $pkg\";\
             \n        done;\
             \n        test \"${partial_fails}\" != \"\" && echo \"opam-repo-ci detected dependencies failing: ${partial_fails}\";\
             \n        exit 1"))
 (env OPAMCRITERIA -removed,-count[avoid-version,changed],-count[version-lag,request],-count[version-lag,changed],-count[missing-depexts,changed],-changed)
 (env OPAMFIXUPCRITERIA -removed,-count[avoid-version,changed],-count[version-lag,request],-count[version-lag,changed],-count[missing-depexts,changed],-changed)
 (env OPAMUPGRADECRITERIA -removed,-count[avoid-version,changed],-count[version-lag,request],-count[version-lag,changed],-count[missing-depexts,changed],-changed)
 (run (cache (opam-archives (target /home/opam/.opam/download-cache)))
      (network host)
      (shell  "opam reinstall irmin-http.2.9.0;\
             \n        res=$?;\
             \n        test \"$res\" != 31 && exit \"$res\";\
             \n        export OPAMCLI=2.0;\
             \n        build_dir=$(opam var prefix)/.opam-switch/build;\
             \n        failed=$(ls \"$build_dir\");\
             \n        partial_fails=\"\";\
             \n        for pkg in $failed; do\
             \n          if opam show -f x-ci-accept-failures: \"$pkg\" | grep -qF \"\\\"debian-12\\\"\"; then\
             \n            echo \"A package failed and has been disabled for CI using the 'x-ci-accept-failures' field.\";\
             \n          fi;\
             \n          test \"$pkg\" != 'irmin-http.2.9.0' && partial_fails=\"$partial_fails $pkg\";\
             \n        done;\
             \n        test \"${partial_fails}\" != \"\" && echo \"opam-repo-ci detected dependencies failing: ${partial_fails}\";\
             \n        exit 1"))
 (env OPAMCRITERIA -removed,-count[avoid-version,changed],-count[version-lag,request],-count[version-lag,changed],-count[missing-depexts,changed],-changed)
 (env OPAMFIXUPCRITERIA -removed,-count[avoid-version,changed],-count[version-lag,request],-count[version-lag,changed],-count[missing-depexts,changed],-changed)
 (env OPAMUPGRADECRITERIA -removed,-count[avoid-version,changed],-count[version-lag,request],-count[version-lag,changed],-count[missing-depexts,changed],-changed)
 (run (network host)
      (shell "(opam reinstall --with-test irmin-http.2.9.0) || true"))
 (run (shell  "opam reinstall --with-test --verbose irmin-http.2.9.0;\
             \n        res=$?;\
             \n        test \"$res\" != 31 && exit \"$res\";\
             \n        export OPAMCLI=2.0;\
             \n        build_dir=$(opam var prefix)/.opam-switch/build;\
             \n        failed=$(ls \"$build_dir\");\
             \n        partial_fails=\"\";\
             \n        for pkg in $failed; do\
             \n          if opam show -f x-ci-accept-failures: \"$pkg\" | grep -qF \"\\\"debian-12\\\"\"; then\
             \n            echo \"A package failed and has been disabled for CI using the 'x-ci-accept-failures' field.\";\
             \n          fi;\
             \n          test \"$pkg\" != 'irmin-http.2.9.0' && partial_fails=\"$partial_fails $pkg\";\
             \n        done;\
             \n        test \"${partial_fails}\" != \"\" && echo \"opam-repo-ci detected dependencies failing: ${partial_fails}\";\
             \n        exit 1"))
)

2024-03-11 16:26.36: Waiting for resource in pool OCluster
2024-03-11 20:43.43: Waiting for worker…
2024-03-11 20:47.02: Got resource from pool OCluster
Building on x86-bm-c20.sw.ocaml.org
All commits already cached
Updating files:  84% (28099/33254)Updating files:  85% (28266/33254)Updating files:  86% (28599/33254)Updating files:  87% (28931/33254)Updating files:  88% (29264/33254)Updating files:  89% (29597/33254)Updating files:  90% (29929/33254)Updating files:  91% (30262/33254)Updating files:  92% (30594/33254)Updating files:  93% (30927/33254)Updating files:  94% (31259/33254)Updating files:  95% (31592/33254)Updating files:  96% (31924/33254)Updating files:  97% (32257/33254)Updating files:  98% (32589/33254)Updating files:  99% (32922/33254)Updating files: 100% (33254/33254)Updating files: 100% (33254/33254), done.
HEAD is now at acef553581 Merge pull request #25429 from c-cube/release-printbox-v0.11
Updating acef553581..8ea501e71e
Fast-forward
 packages/chrome-trace/chrome-trace.3.14.1/opam     | 40 +++++++++++++++
 .../dune-action-plugin.3.14.1/opam                 | 53 ++++++++++++++++++++
 .../dune-build-info/dune-build-info.3.14.1/opam    | 46 +++++++++++++++++
 .../dune-configurator.3.14.1/opam                  | 50 +++++++++++++++++++
 packages/dune-glob/dune-glob.3.14.1/opam           | 43 ++++++++++++++++
 .../dune-private-libs.3.14.1/opam                  | 51 +++++++++++++++++++
 packages/dune-rpc-lwt/dune-rpc-lwt.3.14.1/opam     | 43 ++++++++++++++++
 packages/dune-rpc/dune-rpc.3.14.1/opam             | 44 +++++++++++++++++
 packages/dune-site/dune-site.3.14.1/opam           | 38 +++++++++++++++
 packages/dune/dune.3.14.1/opam                     | 57 ++++++++++++++++++++++
 packages/dyn/dyn.3.14.1/opam                       | 41 ++++++++++++++++
 packages/ocamlc-loc/ocamlc-loc.3.14.1/opam         | 44 +++++++++++++++++
 packages/ordering/ordering.3.14.1/opam             | 39 +++++++++++++++
 packages/stdune/stdune.3.14.1/opam                 | 45 +++++++++++++++++
 packages/xdg/xdg.3.14.1/opam                       | 40 +++++++++++++++
 15 files changed, 674 insertions(+)
 create mode 100644 packages/chrome-trace/chrome-trace.3.14.1/opam
 create mode 100644 packages/dune-action-plugin/dune-action-plugin.3.14.1/opam
 create mode 100644 packages/dune-build-info/dune-build-info.3.14.1/opam
 create mode 100644 packages/dune-configurator/dune-configurator.3.14.1/opam
 create mode 100644 packages/dune-glob/dune-glob.3.14.1/opam
 create mode 100644 packages/dune-private-libs/dune-private-libs.3.14.1/opam
 create mode 100644 packages/dune-rpc-lwt/dune-rpc-lwt.3.14.1/opam
 create mode 100644 packages/dune-rpc/dune-rpc.3.14.1/opam
 create mode 100644 packages/dune-site/dune-site.3.14.1/opam
 create mode 100644 packages/dune/dune.3.14.1/opam
 create mode 100644 packages/dyn/dyn.3.14.1/opam
 create mode 100644 packages/ocamlc-loc/ocamlc-loc.3.14.1/opam
 create mode 100644 packages/ordering/ordering.3.14.1/opam
 create mode 100644 packages/stdune/stdune.3.14.1/opam
 create mode 100644 packages/xdg/xdg.3.14.1/opam

[01;34m(from ocaml/opam:debian-12-ocaml-4.14@sha256:d16a9b46ed7b1a98f5764263cc9b2b2cb627b83e1ba48a3ed141bdd474f5156b)[0m
[01;2m[01;35m2024-03-11 20:47.05 ---> using "9829a0a6921cf322b7683c4f2d8a3963785212c12e643e52f0da53d2c4dab136" from cache[0m

[01;34m/: (user (uid 1000) (gid 1000))[0m

[01;34m/: (workdir /home/opam)[0m

[01;34m/home/opam: (run (shell "sudo ln -f /usr/bin/opam-dev /usr/bin/opam"))[0m
[01;2m[01;35m2024-03-11 20:47.05 ---> using "1fe84e3e4432711e6ab31288ff86981fbeeed98bd17c0c55a143ac290b9a95e7" from cache[0m

[01;34m/home/opam: (run (network host)
                 (shell "opam init --reinit --config .opamrc-sandbox -ni"))[0m
Configuring from /home/opam/.opamrc-sandbox, then /home/opam/.opamrc, and finally from built-in defaults.
Checking for available remotes: rsync and local, git.
  - you won't be able to use mercurial repositories unless you install the hg command on your system.
  - you won't be able to use darcs repositories unless you install the darcs command on your system.

This development version of opam requires an update to the layout of /home/opam/.opam from version 2.0 to version 2.2~alpha, which can't be reverted.
You may want to back it up before going further.

Continue? [y/n] y
Format upgrade done.

<><> Updating repositories ><><><><><><><><><><><><><><><><><><><><><><><><><><>
[default] synchronised from file:///home/opam/opam-repository
[01;2m[01;35m2024-03-11 20:47.05 ---> using "8ee7813849b42b995a9b9526add2fd13c450e1b16c94dbd6a30413232b2e217f" from cache[0m

[01;34m/home/opam: (env OPAMDOWNLOADJOBS 1)[0m

[01;34m/home/opam: (env OPAMERRLOGLEN 0)[0m

[01;34m/home/opam: (env OPAMSOLVERTIMEOUT 500)[0m

[01;34m/home/opam: (env OPAMPRECISETRACKING 1)[0m

[01;34m/home/opam: (env CI true)[0m

[01;34m/home/opam: (env OPAM_REPO_CI true)[0m

[01;34m/home/opam: (run (shell "rm -rf opam-repository/"))[0m
[01;2m[01;35m2024-03-11 20:47.05 ---> using "380b2a9b100c1dd21ab3d18a625528e532a75301bec0fbc127c957f17ea86a8c" from cache[0m

[01;34m/home/opam: (copy (src .) (dst opam-repository/))[0m
[01;2m[01;35m2024-03-11 20:47.08 ---> using "a240c98669759b9e505625437cdb79f1a4c2adbc9ec3e3a561d7bdd985c5c3b9" from cache[0m

[01;34m/home/opam: (run (shell "opam repository set-url --strict default opam-repository/"))[0m
[default] Initialised
[01;2m[01;35m2024-03-11 20:47.08 ---> using "050cc9fbb67272950f055629efcae5e89ba4a25dd74dfc517a16fd7b9871df33" from cache[0m

[01;34m/home/opam: (run (network host)
                 (shell "opam update --depexts || true"))[0m
+ /usr/bin/sudo "apt-get" "update"
- Hit:1 http://deb.debian.org/debian bookworm InRelease
- Get:2 http://deb.debian.org/debian bookworm-updates InRelease [55.4 kB]
- Get:3 http://deb.debian.org/debian-security bookworm-security InRelease [48.0 kB]
- Get:4 http://deb.debian.org/debian-security bookworm-security/main amd64 Packages [145 kB]
- Fetched 249 kB in 0s (1160 kB/s)
- Reading package lists...
[01;2m[01;35m2024-03-11 20:47.08 ---> using "a552c506956d20c469343dab285040df543d71ce51094f99d74805635b145ca5" from cache[0m

[01;34m/home/opam: (env OPAMCRITERIA -removed,-count[avoid-version,changed],-count[version-lag,request],-count[version-lag,changed],-count[missing-depexts,changed],-changed)[0m

[01;34m/home/opam: (env OPAMFIXUPCRITERIA -removed,-count[avoid-version,changed],-count[version-lag,request],-count[version-lag,changed],-count[missing-depexts,changed],-changed)[0m

[01;34m/home/opam: (env OPAMUPGRADECRITERIA -removed,-count[avoid-version,changed],-count[version-lag,request],-count[version-lag,changed],-count[missing-depexts,changed],-changed)[0m

[01;34m/home/opam: (run (shell "opam pin add -k version -yn dune-configurator.3.14.1 3.14.1"))[0m
dune-configurator is now pinned to version 3.14.1
[01;2m[01;35m2024-03-11 20:47.08 ---> using "9c46a6ef1d413e98e57869285e9064c12bbeb3b1737c32bae528152d2195d721" from cache[0m

[01;34m/home/opam: (run (cache (opam-archives (target /home/opam/.opam/download-cache)))
                 (network host)
                 (shell  "opam reinstall dune-configurator.3.14.1;\
                        \n        res=$?;\
                        \n        test \"$res\" != 31 && exit \"$res\";\
                        \n        export OPAMCLI=2.0;\
                        \n        build_dir=$(opam var prefix)/.opam-switch/build;\
                        \n        failed=$(ls \"$build_dir\");\
                        \n        partial_fails=\"\";\
                        \n        for pkg in $failed; do\
                        \n          if opam show -f x-ci-accept-failures: \"$pkg\" | grep -qF \"\\\"debian-12\\\"\"; then\
                        \n            echo \"A package failed and has been disabled for CI using the 'x-ci-accept-failures' field.\";\
                        \n          fi;\
                        \n          test \"$pkg\" != 'dune-configurator.3.14.1' && partial_fails=\"$partial_fails $pkg\";\
                        \n        done;\
                        \n        test \"${partial_fails}\" != \"\" && echo \"opam-repo-ci detected dependencies failing: ${partial_fails}\";\
                        \n        exit 1"))[0m
dune-configurator.3.14.1 is not installed. Install it? [y/n] y
The following actions will be performed:
=== install 3 packages
  - install csexp             1.5.2           [required by dune-configurator]
  - install dune              3.14.1          [required by dune-configurator]
  - install dune-configurator 3.14.1 (pinned)

<><> Processing actions <><><><><><><><><><><><><><><><><><><><><><><><><><><><>
-> retrieved csexp.1.5.2  (cached)
-> retrieved dune.3.14.1, dune-configurator.3.14.1  (cached)
-> installed dune.3.14.1
-> installed csexp.1.5.2
-> installed dune-configurator.3.14.1
Done.
# Run eval $(opam env) to update the current shell environment
[01;2m[01;35m2024-03-11 20:47.08 ---> using "1f531fce4502bd83e7bcaad160fe76da5ee51c08184fea077901f86525767b1c" from cache[0m

[01;34m/home/opam: (env OPAMCRITERIA -removed,-count[avoid-version,changed],-count[version-lag,request],-count[version-lag,changed],-count[missing-depexts,changed],-changed)[0m

[01;34m/home/opam: (env OPAMFIXUPCRITERIA -removed,-count[avoid-version,changed],-count[version-lag,request],-count[version-lag,changed],-count[missing-depexts,changed],-changed)[0m

[01;34m/home/opam: (env OPAMUPGRADECRITERIA -removed,-count[avoid-version,changed],-count[version-lag,request],-count[version-lag,changed],-count[missing-depexts,changed],-changed)[0m

[01;34m/home/opam: (run (cache (opam-archives (target /home/opam/.opam/download-cache)))
                 (network host)
                 (shell  "opam reinstall irmin-http.2.9.0;\
                        \n        res=$?;\
                        \n        test \"$res\" != 31 && exit \"$res\";\
                        \n        export OPAMCLI=2.0;\
                        \n        build_dir=$(opam var prefix)/.opam-switch/build;\
                        \n        failed=$(ls \"$build_dir\");\
                        \n        partial_fails=\"\";\
                        \n        for pkg in $failed; do\
                        \n          if opam show -f x-ci-accept-failures: \"$pkg\" | grep -qF \"\\\"debian-12\\\"\"; then\
                        \n            echo \"A package failed and has been disabled for CI using the 'x-ci-accept-failures' field.\";\
                        \n          fi;\
                        \n          test \"$pkg\" != 'irmin-http.2.9.0' && partial_fails=\"$partial_fails $pkg\";\
                        \n        done;\
                        \n        test \"${partial_fails}\" != \"\" && echo \"opam-repo-ci detected dependencies failing: ${partial_fails}\";\
                        \n        exit 1"))[0m
irmin-http.2.9.0 is not installed. Install it? [y/n] y
The following actions will be performed:
=== install 50 packages
  - install angstrom            0.16.0  [required by uri]
  - install astring             0.8.5   [required by irmin-http]
  - install base                v0.16.3 [required by ppx_sexp_conv]
  - install base-bytes          base    [required by cohttp]
  - install base64              3.5.1   [required by cohttp]
  - install bheap               2.0.0   [required by irmin]
  - install bigstringaf         0.9.1   [required by angstrom]
  - install cmdliner            1.2.0   [required by crunch]
  - install cohttp              5.3.1   [required by irmin-http]
  - install cohttp-lwt          5.3.0   [required by irmin-http]
  - install conf-bash           1       [required by base]
  - install cppo                1.6.9   [required by lwt]
  - install crunch              3.3.1   [required by irmin-http]
  - install cstruct             6.2.0   [required by eqaf]
  - install digestif            1.1.4   [required by irmin]
  - install dispatch            0.5.0   [required by webmachine]
  - install either              1.0.0   [required by repr]
  - install eqaf                0.9     [required by digestif]
  - install fmt                 0.9.0   [required by irmin-http]
  - install irmin               2.9.0   [required by irmin-http]
  - install irmin-http          2.9.0
  - install jsonm               1.0.2   [required by irmin-http]
  - install logs                0.7.0   [required by irmin-http]
  - install lwt                 5.7.0   [required by irmin-http]
  - install ocaml-compiler-libs v0.12.4 [required by ppxlib]
  - install ocaml-syntax-shims  1.0.0   [required by angstrom]
  - install ocamlbuild          0.14.3  [required by astring]
  - install ocamlfind           1.9.6   [required by astring]
  - install ocamlgraph          2.1.0   [required by irmin]
  - install ocplib-endian       1.2     [required by lwt]
  - install optint              0.3.0   [required by repr]
  - install ppx_derivers        1.2.1   [required by ppxlib]
  - install ppx_deriving        5.2.1   [required by ppx_repr]
  - install ppx_irmin           2.9.0   [required by irmin-http]
  - install ppx_repr            0.5.0   [required by ppx_irmin]
  - install ppx_sexp_conv       v0.16.0 [required by cohttp, cohttp-lwt]
  - install ppxlib              0.32.0  [required by ppx_sexp_conv]
  - install ptime               1.1.0   [required by crunch, webmachine]
  - install re                  1.11.0  [required by cohttp, webmachine]
  - install repr                0.5.0   [required by irmin]
  - install result              1.5     [required by dispatch]
  - install seq                 base    [required by re]
  - install sexplib0            v0.16.0 [required by cohttp, cohttp-lwt]
  - install stdlib-shims        0.3.0   [required by ocamlgraph]
  - install stringext           1.6.0   [required by cohttp]
  - install topkg               1.0.7   [required by astring]
  - install uri                 4.4.0   [required by irmin-http]
  - install uri-sexp            4.4.0   [required by cohttp]
  - install uutf                1.0.3   [required by irmin]
  - install webmachine          0.7.0   [required by irmin-http]

<><> Processing actions <><><><><><><><><><><><><><><><><><><><><><><><><><><><>
-> retrieved angstrom.0.16.0  (cached)
-> retrieved astring.0.8.5  (cached)
-> retrieved base.v0.16.3  (cached)
-> retrieved base64.3.5.1  (cached)
-> retrieved bheap.2.0.0  (cached)
-> retrieved bigstringaf.0.9.1  (cached)
-> retrieved cmdliner.1.2.0  (cached)
-> retrieved cohttp.5.3.1  (cached)
-> retrieved cohttp-lwt.5.3.0  (cached)
-> installed bheap.2.0.0
-> retrieved cppo.1.6.9  (cached)
-> installed conf-bash.1
-> retrieved crunch.3.3.1  (cached)
-> retrieved cstruct.6.2.0  (cached)
-> installed base64.3.5.1
-> installed bigstringaf.0.9.1
-> retrieved digestif.1.1.4  (cached)
-> retrieved dispatch.0.5.0  (cached)
-> retrieved either.1.0.0  (cached)
-> retrieved eqaf.0.9  (cached)
-> retrieved fmt.0.9.0  (cached)
-> retrieved irmin.2.9.0, irmin-http.2.9.0, ppx_irmin.2.9.0  (cached)
-> retrieved jsonm.1.0.2  (cached)
-> installed either.1.0.0
-> retrieved logs.0.7.0  (cached)
-> retrieved lwt.5.7.0  (cached)
-> retrieved ocaml-compiler-libs.v0.12.4  (cached)
-> retrieved ocaml-syntax-shims.1.0.0  (cached)
-> installed cppo.1.6.9
-> retrieved ocamlbuild.0.14.3  (cached)
-> retrieved ocamlfind.1.9.6  (cached)
-> retrieved ocamlgraph.2.1.0  (cached)
-> retrieved ocplib-endian.1.2  (cached)
-> retrieved optint.0.3.0  (cached)
-> retrieved ppx_derivers.1.2.1  (cached)
-> retrieved ppx_deriving.5.2.1  (cached)
-> retrieved ppx_repr.0.5.0, repr.0.5.0  (cached)
-> retrieved ppx_sexp_conv.v0.16.0  (cached)
-> installed ppx_derivers.1.2.1
-> retrieved ppxlib.0.32.0  (cached)
-> retrieved ptime.1.1.0  (cached)
-> retrieved re.1.11.0  (cached)
-> retrieved result.1.5  (cached)
-> installed seq.base
-> retrieved sexplib0.v0.16.0  (cached)
-> installed optint.0.3.0
-> retrieved stdlib-shims.0.3.0  (cached)
-> retrieved stringext.1.6.0  (cached)
-> retrieved topkg.1.0.7  (cached)
-> installed ocaml-syntax-shims.1.0.0
-> installed result.1.5
-> retrieved uri.4.4.0, uri-sexp.4.4.0  (cached)
-> retrieved uutf.1.0.3  (cached)
-> retrieved webmachine.0.7.0  (cached)
-> installed ocaml-compiler-libs.v0.12.4
-> installed stringext.1.6.0
-> installed stdlib-shims.0.3.0
-> installed dispatch.0.5.0
-> installed sexplib0.v0.16.0
-> installed angstrom.0.16.0
-> installed cmdliner.1.2.0
-> installed re.1.11.0
-> installed ocamlgraph.2.1.0
-> installed ocamlfind.1.9.6
-> installed base-bytes.base
-> installed uri.4.4.0
-> installed ocplib-endian.1.2
-> installed ocamlbuild.0.14.3
-> installed base.v0.16.3
-> installed lwt.5.7.0
-> installed topkg.1.0.7
-> installed uutf.1.0.3
-> installed fmt.0.9.0
-> installed ptime.1.1.0
-> installed astring.0.8.5
-> installed cstruct.6.2.0
-> installed crunch.3.3.1
-> installed jsonm.1.0.2
-> installed eqaf.0.9
-> installed logs.0.7.0
-> installed digestif.1.1.4
-> installed repr.0.5.0
-> installed ppxlib.0.32.0
-> installed ppx_deriving.5.2.1
-> installed ppx_sexp_conv.v0.16.0
-> installed uri-sexp.4.4.0
-> installed ppx_repr.0.5.0
-> installed ppx_irmin.2.9.0
-> installed cohttp.5.3.1
-> installed webmachine.0.7.0
-> installed cohttp-lwt.5.3.0
-> installed irmin.2.9.0
-> installed irmin-http.2.9.0
Done.
# Run eval $(opam env) to update the current shell environment
[01;2m[01;35m2024-03-11 20:48.50 ---> saved as "8167d910efa060af78de499e0b5da7161759fafcf9cac67ef217fbe743b3d3ea"[0m

[01;34m/home/opam: (env OPAMCRITERIA -removed,-count[avoid-version,changed],-count[version-lag,request],-count[version-lag,changed],-count[missing-depexts,changed],-changed)[0m

[01;34m/home/opam: (env OPAMFIXUPCRITERIA -removed,-count[avoid-version,changed],-count[version-lag,request],-count[version-lag,changed],-count[missing-depexts,changed],-changed)[0m

[01;34m/home/opam: (env OPAMUPGRADECRITERIA -removed,-count[avoid-version,changed],-count[version-lag,request],-count[version-lag,changed],-count[missing-depexts,changed],-changed)[0m

[01;34m/home/opam: (run (network host)
                 (shell "(opam reinstall --with-test irmin-http.2.9.0) || true"))[0m
[ERROR] Sorry, resolution of the request timed out.
        Try to specify a more precise request, use a different solver, or increase the allowed time by setting OPAMSOLVERTIMEOUT to a bigger value (currently, it is set to 500.0 seconds).
[01;2m[01;35m2024-03-11 20:57.37 ---> saved as "b60238d6b0cf0497c5b33453a3a6da2d06ff7cbbe92ed11f70bc9652d5b7bc14"[0m

[01;34m/home/opam: (run (shell  "opam reinstall --with-test --verbose irmin-http.2.9.0;\
                        \n        res=$?;\
                        \n        test \"$res\" != 31 && exit \"$res\";\
                        \n        export OPAMCLI=2.0;\
                        \n        build_dir=$(opam var prefix)/.opam-switch/build;\
                        \n        failed=$(ls \"$build_dir\");\
                        \n        partial_fails=\"\";\
                        \n        for pkg in $failed; do\
                        \n          if opam show -f x-ci-accept-failures: \"$pkg\" | grep -qF \"\\\"debian-12\\\"\"; then\
                        \n            echo \"A package failed and has been disabled for CI using the 'x-ci-accept-failures' field.\";\
                        \n          fi;\
                        \n          test \"$pkg\" != 'irmin-http.2.9.0' && partial_fails=\"$partial_fails $pkg\";\
                        \n        done;\
                        \n        test \"${partial_fails}\" != \"\" && echo \"opam-repo-ci detected dependencies failing: ${partial_fails}\";\
                        \n        exit 1"))[0m
[ERROR] Sorry, resolution of the request timed out.
        Try to specify a more precise request, use a different solver, or increase the allowed time by setting OPAMSOLVERTIMEOUT to a bigger value (currently, it is set to 500.0 seconds).
'opam reinstall --with-test --verbose irmin-http.2.9.0' failed.
"/usr/bin/env" "bash" "-c" "opam reinstall --with-test --verbose irmin-http.2.9.0;
        res=$?;
        test "$res" != 31 && exit "$res";
        export OPAMCLI=2.0;
        build_dir=$(opam var prefix)/.opam-switch/build;
        failed=$(ls "$build_dir");
        partial_fails="";
        for pkg in $failed; do
          if opam show -f x-ci-accept-failures: "$pkg" | grep -qF "\"debian-12\""; then
            echo "A package failed and has been disabled for CI using the 'x-ci-accept-failures' field.";
          fi;
          test "$pkg" != 'irmin-http.2.9.0' && partial_fails="$partial_fails $pkg";
        done;
        test "${partial_fails}" != "" && echo "opam-repo-ci detected dependencies failing: ${partial_fails}";
        exit 1" failed with exit status 60
2024-03-11 21:06.32: Job failed: Failed: Build failed
2024-03-11 21:06.32: Log analysis:
2024-03-11 21:06.32: >>> 
[ERROR] Sorry, resolution of the request timed out.
 (score = 20)
2024-03-11 21:06.32: >>> 
[ERROR] Sorry, resolution of the request timed out.
 (score = 20)
2024-03-11 21:06.32: Sorry, resolution of the request timed out.
