2024-05-06 12:32.32: New job: test ppx_deriving_variant_string.1.0.0, using opam 2.0
                              from https://github.com/ocaml/opam-repository.git#refs/pull/25800/head (755197642eddc422dde1d66073b4bafcdb5fc1a2)
                              on debian-12-ocaml-4.14/amd64

To reproduce locally:

cd $(mktemp -d)
git clone --recursive "https://github.com/ocaml/opam-repository.git" && cd "opam-repository" && git fetch origin "refs/pull/25800/head" && git reset --hard 75519764
git fetch origin master
git merge --no-edit 2b6e600e5b1d71ecc8ddcc390312fdfca6c80615
cat > ../Dockerfile <<'END-OF-DOCKERFILE'
[34mFROM ocaml/opam:debian-12-ocaml-4.14@sha256:35b1aa76181479f2ba40039ae0c5fa5d94e24300e1eb606117587a8e82e9d89e
USER 1000:1000
WORKDIR /home/opam
RUN sudo ln -f /usr/bin/opam-2.0 /usr/bin/opam
RUN opam init --reinit -ni
RUN uname -rs && opam exec -- ocaml -version && opam --version
ENV OPAMDOWNLOADJOBS="1"
ENV OPAMERRLOGLEN="0"
ENV OPAMSOLVERTIMEOUT="500"
ENV OPAMPRECISETRACKING="1"
ENV CI="true"
ENV OPAM_REPO_CI="true"
RUN rm -rf opam-repository/
COPY --chown=1000:1000 . opam-repository/
RUN opam repository set-url --strict default opam-repository/
RUN opam depext -u || true
RUN opam pin add -k version -yn ppx_deriving_variant_string.1.0.0 1.0.0
RUN opam depext ppx_deriving_variant_string.1.0.0 && opam reinstall ppx_deriving_variant_string.1.0.0; \
    res=$?; \
    test "$res" != 31 && exit "$res"; \
    export OPAMCLI=2.0; \
    build_dir=$(opam var prefix)/.opam-switch/build; \
    failed=$(ls "$build_dir"); \
    partial_fails=""; \
    for pkg in $failed; do \
    if opam show -f x-ci-accept-failures: "$pkg" | grep -qF "\"debian-12\""; then \
    echo "A package failed and has been disabled for CI using the 'x-ci-accept-failures' field."; \
    fi; \
    test "$pkg" != 'ppx_deriving_variant_string.1.0.0' && partial_fails="$partial_fails $pkg"; \
    done; \
    test "${partial_fails}" != "" && echo "opam-repo-ci detected dependencies failing: ${partial_fails}"; \
    exit 1
RUN (opam depext --with-test ppx_deriving_variant_string.1.0.0 && opam reinstall --with-test ppx_deriving_variant_string.1.0.0) || true
RUN opam depext --with-test ppx_deriving_variant_string.1.0.0 && opam reinstall --with-test --verbose ppx_deriving_variant_string.1.0.0; \
    res=$?; \
    test "$res" != 31 && exit "$res"; \
    export OPAMCLI=2.0; \
    build_dir=$(opam var prefix)/.opam-switch/build; \
    failed=$(ls "$build_dir"); \
    partial_fails=""; \
    for pkg in $failed; do \
    if opam show -f x-ci-accept-failures: "$pkg" | grep -qF "\"debian-12\""; then \
    echo "A package failed and has been disabled for CI using the 'x-ci-accept-failures' field."; \
    fi; \
    test "$pkg" != 'ppx_deriving_variant_string.1.0.0' && partial_fails="$partial_fails $pkg"; \
    done; \
    test "${partial_fails}" != "" && echo "opam-repo-ci detected dependencies failing: ${partial_fails}"; \
    exit 1
[0m
END-OF-DOCKERFILE
docker build -f ../Dockerfile .

2024-05-06 12:32.32: Using cache hint "ocaml/opam:debian-12-ocaml-4.14@sha256:35b1aa76181479f2ba40039ae0c5fa5d94e24300e1eb606117587a8e82e9d89e-ppx_deriving_variant_string.1.0.0-755197642eddc422dde1d66073b4bafcdb5fc1a2"
2024-05-06 12:32.32: Using OBuilder spec:
((from ocaml/opam:debian-12-ocaml-4.14@sha256:35b1aa76181479f2ba40039ae0c5fa5d94e24300e1eb606117587a8e82e9d89e)
 (user (uid 1000) (gid 1000))
 (workdir /home/opam)
 (run (shell "sudo ln -f /usr/bin/opam-2.0 /usr/bin/opam"))
 (run (network host)
      (shell "opam init --reinit --config .opamrc-sandbox -ni"))
 (run (shell "uname -rs && opam exec -- ocaml -version && opam --version"))
 (env OPAMDOWNLOADJOBS 1)
 (env OPAMERRLOGLEN 0)
 (env OPAMSOLVERTIMEOUT 500)
 (env OPAMPRECISETRACKING 1)
 (env CI true)
 (env OPAM_REPO_CI true)
 (run (shell "rm -rf opam-repository/"))
 (copy (src .) (dst opam-repository/))
 (run (shell "opam repository set-url --strict default opam-repository/"))
 (run (network host)
      (shell "opam depext -u || true"))
 (run (shell "opam pin add -k version -yn ppx_deriving_variant_string.1.0.0 1.0.0"))
 (run (cache (opam-archives (target /home/opam/.opam/download-cache)))
      (network host)
      (shell  "opam depext ppx_deriving_variant_string.1.0.0 && opam reinstall ppx_deriving_variant_string.1.0.0;\
             \n        res=$?;\
             \n        test \"$res\" != 31 && exit \"$res\";\
             \n        export OPAMCLI=2.0;\
             \n        build_dir=$(opam var prefix)/.opam-switch/build;\
             \n        failed=$(ls \"$build_dir\");\
             \n        partial_fails=\"\";\
             \n        for pkg in $failed; do\
             \n          if opam show -f x-ci-accept-failures: \"$pkg\" | grep -qF \"\\\"debian-12\\\"\"; then\
             \n            echo \"A package failed and has been disabled for CI using the 'x-ci-accept-failures' field.\";\
             \n          fi;\
             \n          test \"$pkg\" != 'ppx_deriving_variant_string.1.0.0' && partial_fails=\"$partial_fails $pkg\";\
             \n        done;\
             \n        test \"${partial_fails}\" != \"\" && echo \"opam-repo-ci detected dependencies failing: ${partial_fails}\";\
             \n        exit 1"))
 (run (network host)
      (shell "(opam depext --with-test ppx_deriving_variant_string.1.0.0 && opam reinstall --with-test ppx_deriving_variant_string.1.0.0) || true"))
 (run (shell  "opam depext --with-test ppx_deriving_variant_string.1.0.0 && opam reinstall --with-test --verbose ppx_deriving_variant_string.1.0.0;\
             \n        res=$?;\
             \n        test \"$res\" != 31 && exit \"$res\";\
             \n        export OPAMCLI=2.0;\
             \n        build_dir=$(opam var prefix)/.opam-switch/build;\
             \n        failed=$(ls \"$build_dir\");\
             \n        partial_fails=\"\";\
             \n        for pkg in $failed; do\
             \n          if opam show -f x-ci-accept-failures: \"$pkg\" | grep -qF \"\\\"debian-12\\\"\"; then\
             \n            echo \"A package failed and has been disabled for CI using the 'x-ci-accept-failures' field.\";\
             \n          fi;\
             \n          test \"$pkg\" != 'ppx_deriving_variant_string.1.0.0' && partial_fails=\"$partial_fails $pkg\";\
             \n        done;\
             \n        test \"${partial_fails}\" != \"\" && echo \"opam-repo-ci detected dependencies failing: ${partial_fails}\";\
             \n        exit 1"))
)

2024-05-06 12:32.32: Waiting for resource in pool OCluster
2024-05-06 12:32.33: Waiting for worker…
2024-05-06 12:32.33: Got resource from pool OCluster
Building on doris.caelum.ci.dev
All commits already cached
HEAD is now at 2b6e600e5b Merge pull request #25724 from leostera/release-config-0.0.3
Updating 2b6e600e5b..755197642e
Fast-forward
 .../ppx_deriving_variant_string.1.0.0/opam         | 43 ++++++++++++++++++++++
 1 file changed, 43 insertions(+)
 create mode 100644 packages/ppx_deriving_variant_string/ppx_deriving_variant_string.1.0.0/opam

[01;34m(from ocaml/opam:debian-12-ocaml-4.14@sha256:35b1aa76181479f2ba40039ae0c5fa5d94e24300e1eb606117587a8e82e9d89e)[0m
Unable to find image 'ocaml/opam:debian-12-ocaml-4.14@sha256:35b1aa76181479f2ba40039ae0c5fa5d94e24300e1eb606117587a8e82e9d89e' locally
docker.io/ocaml/opam@sha256:35b1aa76181479f2ba40039ae0c5fa5d94e24300e1eb606117587a8e82e9d89e: Pulling from ocaml/opam
666dde42acf6: Pulling fs layer
666dde42acf6: Verifying Checksum
666dde42acf6: Download complete
666dde42acf6: Pull complete
Digest: sha256:35b1aa76181479f2ba40039ae0c5fa5d94e24300e1eb606117587a8e82e9d89e
Status: Downloaded newer image for ocaml/opam@sha256:35b1aa76181479f2ba40039ae0c5fa5d94e24300e1eb606117587a8e82e9d89e
[01;2m[01;35m2024-05-06 12:33.00 ---> using "6bc7e89b5725106f75c11a8b774d971b425f7dab532e626727166f8fc8501d75" from cache[0m

[01;34m/: (user (uid 1000) (gid 1000))[0m

[01;34m/: (workdir /home/opam)[0m

[01;34m/home/opam: (run (shell "sudo ln -f /usr/bin/opam-2.0 /usr/bin/opam"))[0m
[01;2m[01;35m2024-05-06 12:33.00 ---> using "0d5eec0333e5bbfdacde1bfd2a2ba2c8f68906d20603e236640e3e446e4478ae" from cache[0m

[01;34m/home/opam: (run (network host)
                 (shell "opam init --reinit --config .opamrc-sandbox -ni"))[0m
[NOTE] Will configure from /home/opam/.opamrc-sandbox, then /home/opam/.opamrc, and finally from built-in defaults.
Checking for available remotes: rsync and local, git.
  - you won't be able to use mercurial repositories unless you install the hg command on your system.
  - you won't be able to use darcs repositories unless you install the darcs command on your system.

[WARNING] Recommended dependencies -- most packages rely on these:
  - m4

<><> Updating repositories ><><><><><><><><><><><><><><><><><><><><><><><><><><>
[default] synchronised from file:///home/opam/opam-repository
default (at file:///home/opam/opam-repository): 
    [INFO] opam 2.1 includes many performance improvements over 2.0; please consider upgrading (https://opam.ocaml.org/doc/Install.html)

[01;2m[01;35m2024-05-06 12:33.00 ---> using "b1b1802f9ae32fdb8c91018adaf7d1c16b458a6d325197ed22f70531d75deb1b" from cache[0m

[01;34m/home/opam: (run (shell "uname -rs && opam exec -- ocaml -version && opam --version"))[0m
Linux 5.15.0-101-generic
The OCaml toplevel, version 4.14.2
2.0.10
[01;2m[01;35m2024-05-06 12:33.00 ---> using "ecf3f6f8a1ab473276f20d6000b4c5c2f2a06b0caa5d3caafe50bd8beef3904b" from cache[0m

[01;34m/home/opam: (env OPAMDOWNLOADJOBS 1)[0m

[01;34m/home/opam: (env OPAMERRLOGLEN 0)[0m

[01;34m/home/opam: (env OPAMSOLVERTIMEOUT 500)[0m

[01;34m/home/opam: (env OPAMPRECISETRACKING 1)[0m

[01;34m/home/opam: (env CI true)[0m

[01;34m/home/opam: (env OPAM_REPO_CI true)[0m

[01;34m/home/opam: (run (shell "rm -rf opam-repository/"))[0m
[01;2m[01;35m2024-05-06 12:33.00 ---> using "ed8319b241910ae8286ef48bdeab9086d22f4a0980c457d71d555d4983d05b8b" from cache[0m

[01;34m/home/opam: (copy (src .) (dst opam-repository/))[0m
[01;2m[01;35m2024-05-06 12:33.10 ---> saved as "b4d4944f64e483ac0526015aafa691d9166afd99647576eacdda24042c5a591e"[0m

[01;34m/home/opam: (run (shell "opam repository set-url --strict default opam-repository/"))[0m
[default] Initialised
default (at file:///home/opam/opam-repository): 
    [INFO] opam 2.1 includes many performance improvements over 2.0; please consider upgrading (https://opam.ocaml.org/doc/Install.html)

[01;2m[01;35m2024-05-06 12:33.28 ---> saved as "48c1d049b44bc54c9cc21f8dbff630bb0f8d1f86a2e3b98f6353f8a296dcb76a"[0m

[01;34m/home/opam: (run (network host)
                 (shell "opam depext -u || true"))[0m
# Detecting depexts using vars: arch=x86_64, os=linux, os-distribution=debian, os-family=debian
# No extra OS packages requirements found.
# All required OS packages found.
The following command needs to be run through "sudo":
    apt-get update
Hit:1 http://deb.debian.org/debian bookworm InRelease
Get:2 http://deb.debian.org/debian bookworm-updates InRelease [55.4 kB]
Get:3 http://deb.debian.org/debian-security bookworm-security InRelease [48.0 kB]
Get:4 http://deb.debian.org/debian bookworm-updates/main amd64 Packages.diff/Index [10.6 kB]
Get:5 http://deb.debian.org/debian bookworm-updates/main amd64 Packages T-2024-04-23-2036.10-F-2024-04-23-2036.10.pdiff [1595 B]
Get:5 http://deb.debian.org/debian bookworm-updates/main amd64 Packages T-2024-04-23-2036.10-F-2024-04-23-2036.10.pdiff [1595 B]
Get:6 http://deb.debian.org/debian-security bookworm-security/main amd64 Packages [156 kB]
Fetched 272 kB in 1s (543 kB/s)
Reading package lists...
# OS package update successful
[01;2m[01;35m2024-05-06 12:33.30 ---> saved as "47d8230aa64877e6eac64352239a9be59f418c5e3f460f2ab475ee73f3faa1db"[0m

[01;34m/home/opam: (run (shell "opam pin add -k version -yn ppx_deriving_variant_string.1.0.0 1.0.0"))[0m
ppx_deriving_variant_string is now pinned to version 1.0.0
[01;2m[01;35m2024-05-06 12:33.31 ---> saved as "326c207813125225f32ab8b86d36beb3809b9a5ba010e1339edcfc654da26a25"[0m

[01;34m/home/opam: (run (cache (opam-archives (target /home/opam/.opam/download-cache)))
                 (network host)
                 (shell  "opam depext ppx_deriving_variant_string.1.0.0 && opam reinstall ppx_deriving_variant_string.1.0.0;\
                        \n        res=$?;\
                        \n        test \"$res\" != 31 && exit \"$res\";\
                        \n        export OPAMCLI=2.0;\
                        \n        build_dir=$(opam var prefix)/.opam-switch/build;\
                        \n        failed=$(ls \"$build_dir\");\
                        \n        partial_fails=\"\";\
                        \n        for pkg in $failed; do\
                        \n          if opam show -f x-ci-accept-failures: \"$pkg\" | grep -qF \"\\\"debian-12\\\"\"; then\
                        \n            echo \"A package failed and has been disabled for CI using the 'x-ci-accept-failures' field.\";\
                        \n          fi;\
                        \n          test \"$pkg\" != 'ppx_deriving_variant_string.1.0.0' && partial_fails=\"$partial_fails $pkg\";\
                        \n        done;\
                        \n        test \"${partial_fails}\" != \"\" && echo \"opam-repo-ci detected dependencies failing: ${partial_fails}\";\
                        \n        exit 1"))[0m
# Detecting depexts using vars: arch=x86_64, os=linux, os-distribution=debian, os-family=debian
# No extra OS packages requirements found.
# All required OS packages found.
ppx_deriving_variant_string.1.0.0 is not installed. Install it? [Y/n] y
The following actions will be performed:
  - install dune                        3.15.2  [required by ppx_deriving_variant_string]
  - install stdlib-shims                0.3.0   [required by ppxlib]
  - install sexplib0                    v0.17.0 [required by ppxlib]
  - install ppx_derivers                1.2.1   [required by ppxlib]
  - install ocaml-compiler-libs         v0.12.4 [required by ppxlib]
  - install ppxlib                      0.32.1  [required by ppx_deriving_variant_string]
  - install ppx_deriving_variant_string 1.0.0*
===== 7 to install =====

<><> Gathering sources ><><><><><><><><><><><><><><><><><><><><><><><><><><><><>
[dune.3.15.2] found in cache
[ocaml-compiler-libs.v0.12.4] found in cache
[ppx_derivers.1.2.1] found in cache
[ppx_deriving_variant_string.1.0.0] downloaded from https://github.com/ahrefs/ppx_deriving_variant_string/releases/download/1.0.0/ppx_deriving_variant_string-1.0.0.tbz
[ppxlib.0.32.1] found in cache
[sexplib0.v0.17.0] found in cache
[stdlib-shims.0.3.0] found in cache

<><> Processing actions <><><><><><><><><><><><><><><><><><><><><><><><><><><><>
-> installed dune.3.15.2
-> installed ppx_derivers.1.2.1
-> installed stdlib-shims.0.3.0
-> installed sexplib0.v0.17.0
-> installed ocaml-compiler-libs.v0.12.4
-> installed ppxlib.0.32.1
-> installed ppx_deriving_variant_string.1.0.0
Done.
# Run eval $(opam env) to update the current shell environment
[01;2m[01;35m2024-05-06 12:34.14 ---> saved as "86c7efbb03a7c8e4a6ba1c0b043a879108ce1fd4b35ca54f7f5c64c505d4fb01"[0m

[01;34m/home/opam: (run (network host)
                 (shell "(opam depext --with-test ppx_deriving_variant_string.1.0.0 && opam reinstall --with-test ppx_deriving_variant_string.1.0.0) || true"))[0m
# Detecting depexts using vars: arch=x86_64, os=linux, os-distribution=debian, os-family=debian
# No extra OS packages requirements found.
# All required OS packages found.
[ERROR] Sorry, resolution of the request timed out.
        Try to specify a simpler request, use a different solver, or increase the allowed time by setting OPAMSOLVERTIMEOUT to a bigger value (currently, it is set to 500.0 seconds).
[01;2m[01;35m2024-05-06 12:42.49 ---> saved as "8b7faed0525beae31ec632fc87d82b84d7388c5d90811f5961ecf9e54dbd312d"[0m

[01;34m/home/opam: (run (shell  "opam depext --with-test ppx_deriving_variant_string.1.0.0 && opam reinstall --with-test --verbose ppx_deriving_variant_string.1.0.0;\
                        \n        res=$?;\
                        \n        test \"$res\" != 31 && exit \"$res\";\
                        \n        export OPAMCLI=2.0;\
                        \n        build_dir=$(opam var prefix)/.opam-switch/build;\
                        \n        failed=$(ls \"$build_dir\");\
                        \n        partial_fails=\"\";\
                        \n        for pkg in $failed; do\
                        \n          if opam show -f x-ci-accept-failures: \"$pkg\" | grep -qF \"\\\"debian-12\\\"\"; then\
                        \n            echo \"A package failed and has been disabled for CI using the 'x-ci-accept-failures' field.\";\
                        \n          fi;\
                        \n          test \"$pkg\" != 'ppx_deriving_variant_string.1.0.0' && partial_fails=\"$partial_fails $pkg\";\
                        \n        done;\
                        \n        test \"${partial_fails}\" != \"\" && echo \"opam-repo-ci detected dependencies failing: ${partial_fails}\";\
                        \n        exit 1"))[0m
# Detecting depexts using vars: arch=x86_64, os=linux, os-distribution=debian, os-family=debian
# No extra OS packages requirements found.
# All required OS packages found.
[ERROR] Sorry, resolution of the request timed out.
        Try to specify a simpler request, use a different solver, or increase the allowed time by setting OPAMSOLVERTIMEOUT to a bigger value (currently, it is set to 500.0 seconds).
'opam reinstall --with-test --verbose ppx_deriving_variant_string.1.0.0' failed.
"/usr/bin/env" "bash" "-c" "opam depext --with-test ppx_deriving_variant_string.1.0.0 && opam reinstall --with-test --verbose ppx_deriving_variant_string.1.0.0;
        res=$?;
        test "$res" != 31 && exit "$res";
        export OPAMCLI=2.0;
        build_dir=$(opam var prefix)/.opam-switch/build;
        failed=$(ls "$build_dir");
        partial_fails="";
        for pkg in $failed; do
          if opam show -f x-ci-accept-failures: "$pkg" | grep -qF "\"debian-12\""; then
            echo "A package failed and has been disabled for CI using the 'x-ci-accept-failures' field.";
          fi;
          test "$pkg" != 'ppx_deriving_variant_string.1.0.0' && partial_fails="$partial_fails $pkg";
        done;
        test "${partial_fails}" != "" && echo "opam-repo-ci detected dependencies failing: ${partial_fails}";
        exit 1" failed with exit status 60
2024-05-06 12:51.38: Job failed: Failed: Build failed
2024-05-06 12:51.38: Log analysis:
2024-05-06 12:51.38: >>> 
[ERROR] Sorry, resolution of the request timed out.
 (score = 20)
2024-05-06 12:51.38: >>> 
[ERROR] Sorry, resolution of the request timed out.
 (score = 20)
2024-05-06 12:51.38: Sorry, resolution of the request timed out.
