2024-05-06 13:04.51: New job: test ppx_deriving_variant_string.1.0.0, using opam dev
                              from https://github.com/ocaml/opam-repository.git#refs/pull/25800/head (39e5d8062593137b06bb9d5e035becd6cdbc7fa6)
                              on freebsd-ocaml-4.14/amd64

To reproduce locally:

cd $(mktemp -d)
git clone --recursive "https://github.com/ocaml/opam-repository.git" && cd "opam-repository" && git fetch origin "refs/pull/25800/head" && git reset --hard 39e5d806
git fetch origin master
git merge --no-edit 2b6e600e5b1d71ecc8ddcc390312fdfca6c80615
cat > ../Dockerfile <<'END-OF-DOCKERFILE'
[34mFROM freebsd-ocaml-4.14
USER 1000:1000
WORKDIR /home/opam
RUN sudo ln -f /usr/local/bin/opam-dev /usr/local/bin/opam
RUN opam init --reinit -ni
RUN uname -rs && opam exec -- ocaml -version && opam --version
ENV OPAMDOWNLOADJOBS="1"
ENV OPAMERRLOGLEN="0"
ENV OPAMSOLVERTIMEOUT="500"
ENV OPAMPRECISETRACKING="1"
ENV CI="true"
ENV OPAM_REPO_CI="true"
RUN rm -rf opam-repository/
COPY --chown=1000:1000 . opam-repository/
RUN opam repository set-url --strict default opam-repository/
RUN opam update --depexts || true
RUN opam pin add -k version -yn ppx_deriving_variant_string.1.0.0 1.0.0
RUN opam reinstall ppx_deriving_variant_string.1.0.0; \
    res=$?; \
    test "$res" != 31 && exit "$res"; \
    export OPAMCLI=2.0; \
    build_dir=$(opam var prefix)/.opam-switch/build; \
    failed=$(ls "$build_dir"); \
    partial_fails=""; \
    for pkg in $failed; do \
    if opam show -f x-ci-accept-failures: "$pkg" | grep -qF "\"freebsd\""; then \
    echo "A package failed and has been disabled for CI using the 'x-ci-accept-failures' field."; \
    fi; \
    test "$pkg" != 'ppx_deriving_variant_string.1.0.0' && partial_fails="$partial_fails $pkg"; \
    done; \
    test "${partial_fails}" != "" && echo "opam-repo-ci detected dependencies failing: ${partial_fails}"; \
    exit 1
RUN (opam reinstall --with-test ppx_deriving_variant_string.1.0.0) || true
RUN opam reinstall --with-test --verbose ppx_deriving_variant_string.1.0.0; \
    res=$?; \
    test "$res" != 31 && exit "$res"; \
    export OPAMCLI=2.0; \
    build_dir=$(opam var prefix)/.opam-switch/build; \
    failed=$(ls "$build_dir"); \
    partial_fails=""; \
    for pkg in $failed; do \
    if opam show -f x-ci-accept-failures: "$pkg" | grep -qF "\"freebsd\""; then \
    echo "A package failed and has been disabled for CI using the 'x-ci-accept-failures' field."; \
    fi; \
    test "$pkg" != 'ppx_deriving_variant_string.1.0.0' && partial_fails="$partial_fails $pkg"; \
    done; \
    test "${partial_fails}" != "" && echo "opam-repo-ci detected dependencies failing: ${partial_fails}"; \
    exit 1
[0m
END-OF-DOCKERFILE
docker build -f ../Dockerfile .

2024-05-06 13:04.51: Using cache hint "freebsd-ocaml-4.14-ppx_deriving_variant_string.1.0.0-39e5d8062593137b06bb9d5e035becd6cdbc7fa6"
2024-05-06 13:04.51: Using OBuilder spec:
((from freebsd-ocaml-4.14)
 (user (uid 1000) (gid 1000))
 (workdir /home/opam)
 (run (shell "sudo ln -f /usr/local/bin/opam-dev /usr/local/bin/opam"))
 (run (network host)
      (shell "opam init --reinit -ni"))
 (run (shell "uname -rs && opam exec -- ocaml -version && opam --version"))
 (env OPAMDOWNLOADJOBS 1)
 (env OPAMERRLOGLEN 0)
 (env OPAMSOLVERTIMEOUT 500)
 (env OPAMPRECISETRACKING 1)
 (env CI true)
 (env OPAM_REPO_CI true)
 (run (shell "rm -rf opam-repository/"))
 (copy (src .) (dst opam-repository/))
 (run (shell "opam repository set-url --strict default opam-repository/"))
 (run (network host)
      (shell "opam update --depexts || true"))
 (run (shell "opam pin add -k version -yn ppx_deriving_variant_string.1.0.0 1.0.0"))
 (run (cache (opam-archives (target /home/opam/.opam/download-cache)))
      (network host)
      (shell  "opam reinstall ppx_deriving_variant_string.1.0.0;\
             \n        res=$?;\
             \n        test \"$res\" != 31 && exit \"$res\";\
             \n        export OPAMCLI=2.0;\
             \n        build_dir=$(opam var prefix)/.opam-switch/build;\
             \n        failed=$(ls \"$build_dir\");\
             \n        partial_fails=\"\";\
             \n        for pkg in $failed; do\
             \n          if opam show -f x-ci-accept-failures: \"$pkg\" | grep -qF \"\\\"freebsd\\\"\"; then\
             \n            echo \"A package failed and has been disabled for CI using the 'x-ci-accept-failures' field.\";\
             \n          fi;\
             \n          test \"$pkg\" != 'ppx_deriving_variant_string.1.0.0' && partial_fails=\"$partial_fails $pkg\";\
             \n        done;\
             \n        test \"${partial_fails}\" != \"\" && echo \"opam-repo-ci detected dependencies failing: ${partial_fails}\";\
             \n        exit 1"))
 (run (network host)
      (shell "(opam reinstall --with-test ppx_deriving_variant_string.1.0.0) || true"))
 (run (shell  "opam reinstall --with-test --verbose ppx_deriving_variant_string.1.0.0;\
             \n        res=$?;\
             \n        test \"$res\" != 31 && exit \"$res\";\
             \n        export OPAMCLI=2.0;\
             \n        build_dir=$(opam var prefix)/.opam-switch/build;\
             \n        failed=$(ls \"$build_dir\");\
             \n        partial_fails=\"\";\
             \n        for pkg in $failed; do\
             \n          if opam show -f x-ci-accept-failures: \"$pkg\" | grep -qF \"\\\"freebsd\\\"\"; then\
             \n            echo \"A package failed and has been disabled for CI using the 'x-ci-accept-failures' field.\";\
             \n          fi;\
             \n          test \"$pkg\" != 'ppx_deriving_variant_string.1.0.0' && partial_fails=\"$partial_fails $pkg\";\
             \n        done;\
             \n        test \"${partial_fails}\" != \"\" && echo \"opam-repo-ci detected dependencies failing: ${partial_fails}\";\
             \n        exit 1"))
)

2024-05-06 13:04.51: Waiting for resource in pool OCluster
2024-05-06 13:04.52: Waiting for worker…
2024-05-07 07:32.24: Got resource from pool OCluster
Building on summer
All commits already cached
Updating files: 100% (33635/33635), done.
HEAD is now at 2b6e600e5b Merge pull request #25724 from leostera/release-config-0.0.3
Updating 2b6e600e5b..39e5d80625
Fast-forward
 .../ppx_deriving_variant_string.1.0.0/opam         | 43 ++++++++++++++++++++++
 1 file changed, 43 insertions(+)
 create mode 100644 packages/ppx_deriving_variant_string/ppx_deriving_variant_string.1.0.0/opam

[01;34m(from freebsd-ocaml-4.14)[0m
[01;2m[01;35m2024-05-07 07:26.09 ---> using "57eeeabfec88366322a66f228a693df277d348dc99f1cc2a63749102c5e1e405" from cache[0m

[01;34m/: (user (uid 1000) (gid 1000))[0m

[01;34m/: (workdir /home/opam)[0m

[01;34m/home/opam: (run (shell "sudo ln -f /usr/local/bin/opam-dev /usr/local/bin/opam"))[0m
[01;2m[01;35m2024-05-07 07:26.09 ---> using "85d5eb985f2262919a26a9cdcf048ce0967ef341a4c5d41a4d1a47b077ffa8eb" from cache[0m

[01;34m/home/opam: (run (network host)
                 (shell "opam init --reinit -ni"))[0m
No configuration file found, using built-in defaults.
Checking for available remotes: rsync and local, git.
  - you won't be able to use mercurial repositories unless you install the hg command on your system.
  - you won't be able to use darcs repositories unless you install the darcs command on your system.

This development version of opam requires an update to the layout of /home/opam/.opam from version 2.1 to version 2.2~alpha, which can't be reverted.
You may want to back it up before going further.

Continue? [y/n] y
Format upgrade done.

<><> Updating repositories ><><><><><><><><><><><><><><><><><><><><><><><><><><>
[default] no changes from git+file:///home/opam/opam-repository
[01;2m[01;35m2024-05-07 07:26.09 ---> using "08e4174ad8cc33ff0dffef40dd5755acd4c7df1ee65b0d98f918f8851b0422be" from cache[0m

[01;34m/home/opam: (run (shell "uname -rs && opam exec -- ocaml -version && opam --version"))[0m
FreeBSD 14.0-RELEASE-p5
The OCaml toplevel, version 4.14.2
2.2.0~beta2~dev
[01;2m[01;35m2024-05-07 07:26.09 ---> using "a624c9a56a657e8f7944ca7b5e274913c647764382db65f778e1fb6ea0cbf8b9" from cache[0m

[01;34m/home/opam: (env OPAMDOWNLOADJOBS 1)[0m

[01;34m/home/opam: (env OPAMERRLOGLEN 0)[0m

[01;34m/home/opam: (env OPAMSOLVERTIMEOUT 500)[0m

[01;34m/home/opam: (env OPAMPRECISETRACKING 1)[0m

[01;34m/home/opam: (env CI true)[0m

[01;34m/home/opam: (env OPAM_REPO_CI true)[0m

[01;34m/home/opam: (run (shell "rm -rf opam-repository/"))[0m
[01;2m[01;35m2024-05-07 07:26.10 ---> using "7664227bcddc9f07a15b72213897bcf0575250f735d1bc45966bada674a472ca" from cache[0m

[01;34m/home/opam: (copy (src .) (dst opam-repository/))[0m
[01;2m[01;35m2024-05-07 07:26.13 ---> using "751248c8d6bf72f065ca38beccde68b54ebae549cd87def3375263ad724bda95" from cache[0m

[01;34m/home/opam: (run (shell "opam repository set-url --strict default opam-repository/"))[0m
[default] Initialised
[01;2m[01;35m2024-05-07 07:26.39 ---> saved as "2b5d77458438c9a774e19ccb4caea05799e5138469ce8888d64f118e2df991de"[0m

[01;34m/home/opam: (run (network host)
                 (shell "opam update --depexts || true"))[0m
[WARNING] Unknown update command for bsd, skipping system update
[01;2m[01;35m2024-05-07 07:26.40 ---> saved as "d3521ccfa1a622ccb2b0e0ffbeab1e3dfe2ca871afec1d43bdc8ecc861b189f4"[0m

[01;34m/home/opam: (run (shell "opam pin add -k version -yn ppx_deriving_variant_string.1.0.0 1.0.0"))[0m
ppx_deriving_variant_string is now pinned to version 1.0.0
[01;2m[01;35m2024-05-07 07:26.45 ---> saved as "7a9f50996e530c6a2e02a3e952b4735289efa05a0223c52029f66f2795e3335a"[0m

[01;34m/home/opam: (run (cache (opam-archives (target /home/opam/.opam/download-cache)))
                 (network host)
                 (shell  "opam reinstall ppx_deriving_variant_string.1.0.0;\
                        \n        res=$?;\
                        \n        test \"$res\" != 31 && exit \"$res\";\
                        \n        export OPAMCLI=2.0;\
                        \n        build_dir=$(opam var prefix)/.opam-switch/build;\
                        \n        failed=$(ls \"$build_dir\");\
                        \n        partial_fails=\"\";\
                        \n        for pkg in $failed; do\
                        \n          if opam show -f x-ci-accept-failures: \"$pkg\" | grep -qF \"\\\"freebsd\\\"\"; then\
                        \n            echo \"A package failed and has been disabled for CI using the 'x-ci-accept-failures' field.\";\
                        \n          fi;\
                        \n          test \"$pkg\" != 'ppx_deriving_variant_string.1.0.0' && partial_fails=\"$partial_fails $pkg\";\
                        \n        done;\
                        \n        test \"${partial_fails}\" != \"\" && echo \"opam-repo-ci detected dependencies failing: ${partial_fails}\";\
                        \n        exit 1"))[0m
ppx_deriving_variant_string.1.0.0 is not installed. Install it? [y/n] y
The following actions will be performed:
=== install 7 packages
  ∗ dune                        3.15.2         [required by ppx_deriving_variant_string]
  ∗ ocaml-compiler-libs         v0.12.4        [required by ppxlib]
  ∗ ppx_derivers                1.2.1          [required by ppxlib]
  ∗ ppx_deriving_variant_string 1.0.0 (pinned)
  ∗ ppxlib                      0.32.1         [required by ppx_deriving_variant_string]
  ∗ sexplib0                    v0.17.0        [required by ppxlib]
  ∗ stdlib-shims                0.3.0          [required by ppxlib]

<><> Processing actions <><><><><><><><><><><><><><><><><><><><><><><><><><><><>
⬇ retrieved dune.3.15.2  (cached)
⬇ retrieved ocaml-compiler-libs.v0.12.4  (cached)
⬇ retrieved ppx_derivers.1.2.1  (cached)
⬇ retrieved ppx_deriving_variant_string.1.0.0  (https://github.com/ahrefs/ppx_deriving_variant_string/releases/download/1.0.0/ppx_deriving_variant_string-1.0.0.tbz)
⬇ retrieved ppxlib.0.32.1  (cached)
⬇ retrieved sexplib0.v0.17.0  (cached)
⬇ retrieved stdlib-shims.0.3.0  (cached)
∗ installed dune.3.15.2
∗ installed ppx_derivers.1.2.1
∗ installed stdlib-shims.0.3.0
∗ installed ocaml-compiler-libs.v0.12.4
∗ installed sexplib0.v0.17.0
∗ installed ppxlib.0.32.1
∗ installed ppx_deriving_variant_string.1.0.0
Done.
[01;2m[01;35m2024-05-07 07:28.19 ---> saved as "760165c8b48584c129d9ee32293c2b61316f66b772a5f244081d799a11d1a18b"[0m

[01;34m/home/opam: (run (network host)
                 (shell "(opam reinstall --with-test ppx_deriving_variant_string.1.0.0) || true"))[0m
[ERROR] Sorry, resolution of the request timed out.
        Try to specify a more precise request, use a different solver, or increase the allowed time by setting OPAMSOLVERTIMEOUT to a bigger value (currently, it is set to 500.0 seconds).
[01;2m[01;35m2024-05-07 07:37.08 ---> saved as "d770056a38bf009af16640006daad7c5cd87357c5783b50dad55529850ad8402"[0m

[01;34m/home/opam: (run (shell  "opam reinstall --with-test --verbose ppx_deriving_variant_string.1.0.0;\
                        \n        res=$?;\
                        \n        test \"$res\" != 31 && exit \"$res\";\
                        \n        export OPAMCLI=2.0;\
                        \n        build_dir=$(opam var prefix)/.opam-switch/build;\
                        \n        failed=$(ls \"$build_dir\");\
                        \n        partial_fails=\"\";\
                        \n        for pkg in $failed; do\
                        \n          if opam show -f x-ci-accept-failures: \"$pkg\" | grep -qF \"\\\"freebsd\\\"\"; then\
                        \n            echo \"A package failed and has been disabled for CI using the 'x-ci-accept-failures' field.\";\
                        \n          fi;\
                        \n          test \"$pkg\" != 'ppx_deriving_variant_string.1.0.0' && partial_fails=\"$partial_fails $pkg\";\
                        \n        done;\
                        \n        test \"${partial_fails}\" != \"\" && echo \"opam-repo-ci detected dependencies failing: ${partial_fails}\";\
                        \n        exit 1"))[0m
[ERROR] Sorry, resolution of the request timed out.
        Try to specify a more precise request, use a different solver, or increase the allowed time by setting OPAMSOLVERTIMEOUT to a bigger value (currently, it is set to 500.0 seconds).
'opam reinstall --with-test --verbose ppx_deriving_variant_string.1.0.0' failed.
jail: /usr/bin/su -l opam -c cd '/home/opam' && env OPAM_REPO_CI='true' CI='true' OPAMPRECISETRACKING='1' OPAMSOLVERTIMEOUT='500' OPAMERRLOGLEN='0' OPAMDOWNLOADJOBS='1' '/usr/bin/env' 'bash' '-c' 'opam reinstall --with-test --verbose ppx_deriving_variant_string.1.0.0;
        res=$?;
        test "$res" != 31 && exit "$res";
        export OPAMCLI=2.0;
        build_dir=$(opam var prefix)/.opam-switch/build;
        failed=$(ls "$build_dir");
        partial_fails="";
        for pkg in $failed; do
          if opam show -f x-ci-accept-failures: "$pkg" | grep -qF "\"freebsd\""; then
            echo "A package failed and has been disabled for CI using the '\''x-ci-accept-failures'\'' field.";
          fi;
          test "$pkg" != '\''ppx_deriving_variant_string.1.0.0'\'' && partial_fails="$partial_fails $pkg";
        done;
        test "${partial_fails}" != "" && echo "opam-repo-ci detected dependencies failing: ${partial_fails}";
        exit 1': failed
"jail" "-c" "name=obuilder_689_149" "mount.devfs" "path=/obuilder/result/e3c0ba5bea8b82d0c9916cae470031ee76474072e3b3a4cfb618610c2132049f/rootfs" "vnet" "exec.start=/sbin/ifconfig lo0 127.0.0.1/8" "command=/usr/bin/su" "-l" "opam" "-c" "cd '/home/opam' && env OPAM_REPO_CI='true' CI='true' OPAMPRECISETRACKING='1' OPAMSOLVERTIMEOUT='500' OPAMERRLOGLEN='0' OPAMDOWNLOADJOBS='1' '/usr/bin/env' 'bash' '-c' 'opam reinstall --with-test --verbose ppx_deriving_variant_string.1.0.0;
        res=$?;
        test "$res" != 31 && exit "$res";
        export OPAMCLI=2.0;
        build_dir=$(opam var prefix)/.opam-switch/build;
        failed=$(ls "$build_dir");
        partial_fails="";
        for pkg in $failed; do
          if opam show -f x-ci-accept-failures: "$pkg" | grep -qF "\"freebsd\""; then
            echo "A package failed and has been disabled for CI using the '\''x-ci-accept-failures'\'' field.";
          fi;
          test "$pkg" != '\''ppx_deriving_variant_string.1.0.0'\'' && partial_fails="$partial_fails $pkg";
        done;
        test "${partial_fails}" != "" && echo "opam-repo-ci detected dependencies failing: ${partial_fails}";
        exit 1'" failed with exit status 1
2024-05-07 07:52.51: Job failed: Failed: Build failed
2024-05-07 07:52.51: Log analysis:
2024-05-07 07:52.51: >>> 
[ERROR] Sorry, resolution of the request timed out.
 (score = 20)
2024-05-07 07:52.51: >>> 
[ERROR] Sorry, resolution of the request timed out.
 (score = 20)
2024-05-07 07:52.51: Sorry, resolution of the request timed out.
