2024-05-06 13:33.01: New job: test js_of_ocaml-toplevel.5.8.1, using opam dev
                              from https://github.com/ocaml/opam-repository.git#refs/pull/25796/head (5c437502467fa418e8ec322bfdbbff269e4139e2)
                              on debian-12-ocaml-4.14-fp/amd64

To reproduce locally:

cd $(mktemp -d)
git clone --recursive "https://github.com/ocaml/opam-repository.git" && cd "opam-repository" && git fetch origin "refs/pull/25796/head" && git reset --hard 5c437502
git fetch origin master
git merge --no-edit 2b6e600e5b1d71ecc8ddcc390312fdfca6c80615
cat > ../Dockerfile <<'END-OF-DOCKERFILE'
[34mFROM ocaml/opam:debian-12-ocaml-4.14-fp@sha256:501e28f4826b6d2111f3de1018c36da654193cddb99a1a594a0ae98750d0fa7c
USER 1000:1000
WORKDIR /home/opam
RUN sudo ln -f /usr/bin/opam-dev /usr/bin/opam
RUN opam init --reinit -ni
RUN uname -rs && opam exec -- ocaml -version && opam --version
ENV OPAMDOWNLOADJOBS="1"
ENV OPAMERRLOGLEN="0"
ENV OPAMSOLVERTIMEOUT="500"
ENV OPAMPRECISETRACKING="1"
ENV CI="true"
ENV OPAM_REPO_CI="true"
RUN rm -rf opam-repository/
COPY --chown=1000:1000 . opam-repository/
RUN opam repository set-url --strict default opam-repository/
RUN opam update --depexts || true
RUN opam pin add -k version -yn js_of_ocaml-toplevel.5.8.1 5.8.1
RUN opam reinstall js_of_ocaml-toplevel.5.8.1; \
    res=$?; \
    test "$res" != 31 && exit "$res"; \
    export OPAMCLI=2.0; \
    build_dir=$(opam var prefix)/.opam-switch/build; \
    failed=$(ls "$build_dir"); \
    partial_fails=""; \
    for pkg in $failed; do \
    if opam show -f x-ci-accept-failures: "$pkg" | grep -qF "\"debian-12\""; then \
    echo "A package failed and has been disabled for CI using the 'x-ci-accept-failures' field."; \
    fi; \
    test "$pkg" != 'js_of_ocaml-toplevel.5.8.1' && partial_fails="$partial_fails $pkg"; \
    done; \
    test "${partial_fails}" != "" && echo "opam-repo-ci detected dependencies failing: ${partial_fails}"; \
    exit 1
RUN (opam reinstall --with-test js_of_ocaml-toplevel.5.8.1) || true
RUN opam reinstall --with-test --verbose js_of_ocaml-toplevel.5.8.1; \
    res=$?; \
    test "$res" != 31 && exit "$res"; \
    export OPAMCLI=2.0; \
    build_dir=$(opam var prefix)/.opam-switch/build; \
    failed=$(ls "$build_dir"); \
    partial_fails=""; \
    for pkg in $failed; do \
    if opam show -f x-ci-accept-failures: "$pkg" | grep -qF "\"debian-12\""; then \
    echo "A package failed and has been disabled for CI using the 'x-ci-accept-failures' field."; \
    fi; \
    test "$pkg" != 'js_of_ocaml-toplevel.5.8.1' && partial_fails="$partial_fails $pkg"; \
    done; \
    test "${partial_fails}" != "" && echo "opam-repo-ci detected dependencies failing: ${partial_fails}"; \
    exit 1
[0m
END-OF-DOCKERFILE
docker build -f ../Dockerfile .

2024-05-06 13:33.01: Using cache hint "ocaml/opam:debian-12-ocaml-4.14-fp@sha256:501e28f4826b6d2111f3de1018c36da654193cddb99a1a594a0ae98750d0fa7c-js_of_ocaml-toplevel.5.8.1-5c437502467fa418e8ec322bfdbbff269e4139e2"
2024-05-06 13:33.01: Using OBuilder spec:
((from ocaml/opam:debian-12-ocaml-4.14-fp@sha256:501e28f4826b6d2111f3de1018c36da654193cddb99a1a594a0ae98750d0fa7c)
 (user (uid 1000) (gid 1000))
 (workdir /home/opam)
 (run (shell "sudo ln -f /usr/bin/opam-dev /usr/bin/opam"))
 (run (network host)
      (shell "opam init --reinit --config .opamrc-sandbox -ni"))
 (run (shell "uname -rs && opam exec -- ocaml -version && opam --version"))
 (env OPAMDOWNLOADJOBS 1)
 (env OPAMERRLOGLEN 0)
 (env OPAMSOLVERTIMEOUT 500)
 (env OPAMPRECISETRACKING 1)
 (env CI true)
 (env OPAM_REPO_CI true)
 (run (shell "rm -rf opam-repository/"))
 (copy (src .) (dst opam-repository/))
 (run (shell "opam repository set-url --strict default opam-repository/"))
 (run (network host)
      (shell "opam update --depexts || true"))
 (run (shell "opam pin add -k version -yn js_of_ocaml-toplevel.5.8.1 5.8.1"))
 (run (cache (opam-archives (target /home/opam/.opam/download-cache)))
      (network host)
      (shell  "opam reinstall js_of_ocaml-toplevel.5.8.1;\
             \n        res=$?;\
             \n        test \"$res\" != 31 && exit \"$res\";\
             \n        export OPAMCLI=2.0;\
             \n        build_dir=$(opam var prefix)/.opam-switch/build;\
             \n        failed=$(ls \"$build_dir\");\
             \n        partial_fails=\"\";\
             \n        for pkg in $failed; do\
             \n          if opam show -f x-ci-accept-failures: \"$pkg\" | grep -qF \"\\\"debian-12\\\"\"; then\
             \n            echo \"A package failed and has been disabled for CI using the 'x-ci-accept-failures' field.\";\
             \n          fi;\
             \n          test \"$pkg\" != 'js_of_ocaml-toplevel.5.8.1' && partial_fails=\"$partial_fails $pkg\";\
             \n        done;\
             \n        test \"${partial_fails}\" != \"\" && echo \"opam-repo-ci detected dependencies failing: ${partial_fails}\";\
             \n        exit 1"))
 (run (network host)
      (shell "(opam reinstall --with-test js_of_ocaml-toplevel.5.8.1) || true"))
 (run (shell  "opam reinstall --with-test --verbose js_of_ocaml-toplevel.5.8.1;\
             \n        res=$?;\
             \n        test \"$res\" != 31 && exit \"$res\";\
             \n        export OPAMCLI=2.0;\
             \n        build_dir=$(opam var prefix)/.opam-switch/build;\
             \n        failed=$(ls \"$build_dir\");\
             \n        partial_fails=\"\";\
             \n        for pkg in $failed; do\
             \n          if opam show -f x-ci-accept-failures: \"$pkg\" | grep -qF \"\\\"debian-12\\\"\"; then\
             \n            echo \"A package failed and has been disabled for CI using the 'x-ci-accept-failures' field.\";\
             \n          fi;\
             \n          test \"$pkg\" != 'js_of_ocaml-toplevel.5.8.1' && partial_fails=\"$partial_fails $pkg\";\
             \n        done;\
             \n        test \"${partial_fails}\" != \"\" && echo \"opam-repo-ci detected dependencies failing: ${partial_fails}\";\
             \n        exit 1"))
)

2024-05-06 13:33.01: Waiting for resource in pool OCluster
2024-05-06 13:33.01: Waiting for worker…
2024-05-06 13:33.02: Got resource from pool OCluster
Building on doris.caelum.ci.dev
All commits already cached
HEAD is now at 2b6e600e5b Merge pull request #25724 from leostera/release-config-0.0.3
Merge made by the 'ort' strategy.
 .../js_of_ocaml-compiler.5.8.1/opam                | 55 ++++++++++++++++++++++
 .../js_of_ocaml-lwt/js_of_ocaml-lwt.5.8.1/opam     | 48 +++++++++++++++++++
 .../js_of_ocaml-ppx/js_of_ocaml-ppx.5.8.1/opam     | 45 ++++++++++++++++++
 .../js_of_ocaml-ppx_deriving_json.5.8.1/opam       | 45 ++++++++++++++++++
 .../js_of_ocaml-toplevel.5.8.1/opam                | 48 +++++++++++++++++++
 .../js_of_ocaml-tyxml/js_of_ocaml-tyxml.5.8.1/opam | 49 +++++++++++++++++++
 packages/js_of_ocaml/js_of_ocaml.5.8.1/opam        | 45 ++++++++++++++++++
 7 files changed, 335 insertions(+)
 create mode 100644 packages/js_of_ocaml-compiler/js_of_ocaml-compiler.5.8.1/opam
 create mode 100644 packages/js_of_ocaml-lwt/js_of_ocaml-lwt.5.8.1/opam
 create mode 100644 packages/js_of_ocaml-ppx/js_of_ocaml-ppx.5.8.1/opam
 create mode 100644 packages/js_of_ocaml-ppx_deriving_json/js_of_ocaml-ppx_deriving_json.5.8.1/opam
 create mode 100644 packages/js_of_ocaml-toplevel/js_of_ocaml-toplevel.5.8.1/opam
 create mode 100644 packages/js_of_ocaml-tyxml/js_of_ocaml-tyxml.5.8.1/opam
 create mode 100644 packages/js_of_ocaml/js_of_ocaml.5.8.1/opam

[01;34m(from ocaml/opam:debian-12-ocaml-4.14-fp@sha256:501e28f4826b6d2111f3de1018c36da654193cddb99a1a594a0ae98750d0fa7c)[0m
Unable to find image 'ocaml/opam:debian-12-ocaml-4.14-fp@sha256:501e28f4826b6d2111f3de1018c36da654193cddb99a1a594a0ae98750d0fa7c' locally
docker.io/ocaml/opam@sha256:501e28f4826b6d2111f3de1018c36da654193cddb99a1a594a0ae98750d0fa7c: Pulling from ocaml/opam
191b067dcc3f: Pulling fs layer
191b067dcc3f: Verifying Checksum
191b067dcc3f: Download complete
191b067dcc3f: Pull complete
Digest: sha256:501e28f4826b6d2111f3de1018c36da654193cddb99a1a594a0ae98750d0fa7c
Status: Downloaded newer image for ocaml/opam@sha256:501e28f4826b6d2111f3de1018c36da654193cddb99a1a594a0ae98750d0fa7c
[01;2m[01;35m2024-05-06 13:34.04 ---> using "1baf5e11252fc6d73a67d64bc627948971004900993933774a068aa457f48a09" from cache[0m

[01;34m/: (user (uid 1000) (gid 1000))[0m

[01;34m/: (workdir /home/opam)[0m

[01;34m/home/opam: (run (shell "sudo ln -f /usr/bin/opam-dev /usr/bin/opam"))[0m
[01;2m[01;35m2024-05-06 13:34.04 ---> using "7dcf957f12c9e6ec12464452b4cb5091d7ab7053c4ce4304ece0117e7b4bd9f4" from cache[0m

[01;34m/home/opam: (run (network host)
                 (shell "opam init --reinit --config .opamrc-sandbox -ni"))[0m
Configuring from /home/opam/.opamrc-sandbox, then /home/opam/.opamrc, and finally from built-in defaults.
Checking for available remotes: rsync and local, git.
  - you won't be able to use mercurial repositories unless you install the hg command on your system.
  - you won't be able to use darcs repositories unless you install the darcs command on your system.

This development version of opam requires an update to the layout of /home/opam/.opam from version 2.0 to version 2.2~alpha, which can't be reverted.
You may want to back it up before going further.

Continue? [y/n] y
Format upgrade done.

<><> Updating repositories ><><><><><><><><><><><><><><><><><><><><><><><><><><>
[default] synchronised from file:///home/opam/opam-repository
[01;2m[01;35m2024-05-06 13:34.04 ---> using "fd06ec285225035b6e6d375d580977ef07425a2a6251205437b46c63aba62896" from cache[0m

[01;34m/home/opam: (run (shell "uname -rs && opam exec -- ocaml -version && opam --version"))[0m
Linux 5.15.0-101-generic
The OCaml toplevel, version 4.14.2
2.2.0~beta3~dev
[01;2m[01;35m2024-05-06 13:34.04 ---> using "71a37a44230b9000a6867c7ee15fd3738df22e7c9573d6e068e84275250b007f" from cache[0m

[01;34m/home/opam: (env OPAMDOWNLOADJOBS 1)[0m

[01;34m/home/opam: (env OPAMERRLOGLEN 0)[0m

[01;34m/home/opam: (env OPAMSOLVERTIMEOUT 500)[0m

[01;34m/home/opam: (env OPAMPRECISETRACKING 1)[0m

[01;34m/home/opam: (env CI true)[0m

[01;34m/home/opam: (env OPAM_REPO_CI true)[0m

[01;34m/home/opam: (run (shell "rm -rf opam-repository/"))[0m
[01;2m[01;35m2024-05-06 13:34.04 ---> using "94635531eb5d62c16791ad49e931d756ba5672453a8897fc9f06ba3add62ca4c" from cache[0m

[01;34m/home/opam: (copy (src .) (dst opam-repository/))[0m
[01;2m[01;35m2024-05-06 13:34.05 ---> using "a715cf864b21d56cf7c76f413bd54778cc8cf13aab87bfd9ba12f75abbfa77a8" from cache[0m

[01;34m/home/opam: (run (shell "opam repository set-url --strict default opam-repository/"))[0m
[default] Initialised
[01;2m[01;35m2024-05-06 13:34.05 ---> using "03a9cffa7ad6733f90fa64c0a839d525b439cb89467b6c15c9ede01a87055f11" from cache[0m

[01;34m/home/opam: (run (network host)
                 (shell "opam update --depexts || true"))[0m
+ /usr/bin/sudo "apt-get" "update"
- Hit:1 http://deb.debian.org/debian bookworm InRelease
- Get:2 http://deb.debian.org/debian bookworm-updates InRelease [55.4 kB]
- Get:3 http://deb.debian.org/debian-security bookworm-security InRelease [48.0 kB]
- Get:4 http://deb.debian.org/debian bookworm-updates/main amd64 Packages.diff/Index [10.6 kB]
- Get:5 http://deb.debian.org/debian bookworm-updates/main amd64 Packages T-2024-04-23-2036.10-F-2024-04-23-2036.10.pdiff [1595 B]
- Get:5 http://deb.debian.org/debian bookworm-updates/main amd64 Packages T-2024-04-23-2036.10-F-2024-04-23-2036.10.pdiff [1595 B]
- Get:6 http://deb.debian.org/debian-security bookworm-security/main amd64 Packages [156 kB]
- Fetched 272 kB in 0s (897 kB/s)
- Reading package lists...
[01;2m[01;35m2024-05-06 13:34.05 ---> using "25cb460e8f80c3413c5c858a8e2e2adea6fdf6b343249c4e7ba2ff1f5fc36d38" from cache[0m

[01;34m/home/opam: (run (shell "opam pin add -k version -yn js_of_ocaml-toplevel.5.8.1 5.8.1"))[0m
js_of_ocaml-toplevel is now pinned to version 5.8.1
[01;2m[01;35m2024-05-06 13:34.05 ---> using "9bd4eef21457981ce5d9cb9b12faa73b88a3f60c05fae883a43f90121133f6d9" from cache[0m

[01;34m/home/opam: (run (cache (opam-archives (target /home/opam/.opam/download-cache)))
                 (network host)
                 (shell  "opam reinstall js_of_ocaml-toplevel.5.8.1;\
                        \n        res=$?;\
                        \n        test \"$res\" != 31 && exit \"$res\";\
                        \n        export OPAMCLI=2.0;\
                        \n        build_dir=$(opam var prefix)/.opam-switch/build;\
                        \n        failed=$(ls \"$build_dir\");\
                        \n        partial_fails=\"\";\
                        \n        for pkg in $failed; do\
                        \n          if opam show -f x-ci-accept-failures: \"$pkg\" | grep -qF \"\\\"debian-12\\\"\"; then\
                        \n            echo \"A package failed and has been disabled for CI using the 'x-ci-accept-failures' field.\";\
                        \n          fi;\
                        \n          test \"$pkg\" != 'js_of_ocaml-toplevel.5.8.1' && partial_fails=\"$partial_fails $pkg\";\
                        \n        done;\
                        \n        test \"${partial_fails}\" != \"\" && echo \"opam-repo-ci detected dependencies failing: ${partial_fails}\";\
                        \n        exit 1"))[0m
js_of_ocaml-toplevel.5.8.1 is not installed. Install it? [y/n] y
The following actions will be performed:
=== install 19 packages
  - install cmdliner             1.2.0          [required by js_of_ocaml-compiler]
  - install cppo                 1.6.9          [required by yojson]
  - install dune                 3.15.2         [required by js_of_ocaml-toplevel]
  - install gen                  1.1            [required by sedlex]
  - install js_of_ocaml-compiler 5.8.1          [required by js_of_ocaml-toplevel]
  - install js_of_ocaml-toplevel 5.8.1 (pinned)
  - install menhir               20231231       [required by js_of_ocaml-compiler]
  - install menhirCST            20231231       [required by menhir]
  - install menhirLib            20231231       [required by js_of_ocaml-compiler]
  - install menhirSdk            20231231       [required by js_of_ocaml-compiler]
  - install ocaml-compiler-libs  v0.12.4        [required by ppxlib]
  - install ocamlfind            1.9.6          [required by js_of_ocaml-toplevel]
  - install ppx_derivers         1.2.1          [required by ppxlib]
  - install ppxlib               0.32.1         [required by js_of_ocaml-compiler]
  - install sedlex               3.2            [required by js_of_ocaml-compiler]
  - install seq                  base           [required by yojson]
  - install sexplib0             v0.17.0        [required by ppxlib]
  - install stdlib-shims         0.3.0          [required by ppxlib]
  - install yojson               2.1.2          [required by js_of_ocaml-compiler]

<><> Processing actions <><><><><><><><><><><><><><><><><><><><><><><><><><><><>
-> retrieved cmdliner.1.2.0  (cached)
-> retrieved cppo.1.6.9  (cached)
-> retrieved dune.3.15.2  (cached)
-> retrieved gen.1.1  (cached)
-> installed cmdliner.1.2.0
-> retrieved js_of_ocaml-compiler.5.8.1, js_of_ocaml-toplevel.5.8.1  (cached)
-> retrieved menhir.20231231, menhirCST.20231231, menhirLib.20231231, menhirSdk.20231231  (cached)
-> retrieved ocaml-compiler-libs.v0.12.4  (cached)
-> retrieved ocamlfind.1.9.6  (cached)
-> retrieved ppx_derivers.1.2.1  (cached)
-> retrieved ppxlib.0.32.1  (cached)
-> retrieved sedlex.3.2  (cached)
-> installed seq.base
-> retrieved sexplib0.v0.17.0  (cached)
-> retrieved stdlib-shims.0.3.0  (cached)
-> retrieved yojson.2.1.2  (cached)
-> installed ocamlfind.1.9.6
-> installed dune.3.15.2
-> installed menhirCST.20231231
-> installed ppx_derivers.1.2.1
-> installed stdlib-shims.0.3.0
-> installed menhirSdk.20231231
-> installed gen.1.1
-> installed sexplib0.v0.17.0
-> installed menhirLib.20231231
-> installed cppo.1.6.9
-> installed ocaml-compiler-libs.v0.12.4
-> installed yojson.2.1.2
-> installed menhir.20231231
-> installed ppxlib.0.32.1
-> installed sedlex.3.2
-> installed js_of_ocaml-compiler.5.8.1
-> installed js_of_ocaml-toplevel.5.8.1
Done.
# Run eval $(opam env) to update the current shell environment
[01;2m[01;35m2024-05-06 13:34.05 ---> using "bf26a6d6eb7a7de102f6cb40a0c2d84c20a369cd7b669751fbdbfe45de629332" from cache[0m

[01;34m/home/opam: (run (network host)
                 (shell "(opam reinstall --with-test js_of_ocaml-toplevel.5.8.1) || true"))[0m
[ERROR] Sorry, resolution of the request timed out.
        Try to specify a more precise request, use a different solver, or increase the allowed time by setting OPAMSOLVERTIMEOUT to a bigger value (currently, it is set to 500.0 seconds).
[01;2m[01;35m2024-05-06 13:34.05 ---> using "62f6ade07070610db018099f24082baa77d6e256e1bda32272aa22c0472cc7fd" from cache[0m

[01;34m/home/opam: (run (shell  "opam reinstall --with-test --verbose js_of_ocaml-toplevel.5.8.1;\
                        \n        res=$?;\
                        \n        test \"$res\" != 31 && exit \"$res\";\
                        \n        export OPAMCLI=2.0;\
                        \n        build_dir=$(opam var prefix)/.opam-switch/build;\
                        \n        failed=$(ls \"$build_dir\");\
                        \n        partial_fails=\"\";\
                        \n        for pkg in $failed; do\
                        \n          if opam show -f x-ci-accept-failures: \"$pkg\" | grep -qF \"\\\"debian-12\\\"\"; then\
                        \n            echo \"A package failed and has been disabled for CI using the 'x-ci-accept-failures' field.\";\
                        \n          fi;\
                        \n          test \"$pkg\" != 'js_of_ocaml-toplevel.5.8.1' && partial_fails=\"$partial_fails $pkg\";\
                        \n        done;\
                        \n        test \"${partial_fails}\" != \"\" && echo \"opam-repo-ci detected dependencies failing: ${partial_fails}\";\
                        \n        exit 1"))[0m
[ERROR] Sorry, resolution of the request timed out.
        Try to specify a more precise request, use a different solver, or increase the allowed time by setting OPAMSOLVERTIMEOUT to a bigger value (currently, it is set to 500.0 seconds).
'opam reinstall --with-test --verbose js_of_ocaml-toplevel.5.8.1' failed.
"/usr/bin/env" "bash" "-c" "opam reinstall --with-test --verbose js_of_ocaml-toplevel.5.8.1;
        res=$?;
        test "$res" != 31 && exit "$res";
        export OPAMCLI=2.0;
        build_dir=$(opam var prefix)/.opam-switch/build;
        failed=$(ls "$build_dir");
        partial_fails="";
        for pkg in $failed; do
          if opam show -f x-ci-accept-failures: "$pkg" | grep -qF "\"debian-12\""; then
            echo "A package failed and has been disabled for CI using the 'x-ci-accept-failures' field.";
          fi;
          test "$pkg" != 'js_of_ocaml-toplevel.5.8.1' && partial_fails="$partial_fails $pkg";
        done;
        test "${partial_fails}" != "" && echo "opam-repo-ci detected dependencies failing: ${partial_fails}";
        exit 1" failed with exit status 60
2024-05-06 13:42.41: Job failed: Failed: Build failed
2024-05-06 13:42.41: Log analysis:
2024-05-06 13:42.41: >>> 
[ERROR] Sorry, resolution of the request timed out.
 (score = 20)
2024-05-06 13:42.41: >>> 
[ERROR] Sorry, resolution of the request timed out.
 (score = 20)
2024-05-06 13:42.41: Sorry, resolution of the request timed out.
