2024-07-04 08:47.00: New job: test drom.0.3.0 with menhir-secondary.20210419, using opam dev
                              from https://github.com/ocaml/opam-repository.git#refs/pull/25928/head (3f2c920b90e20a61c5c90d25ab350fcf660158fd)
                              on debian-12-ocaml-4.14/amd64

To reproduce locally:

cd $(mktemp -d)
git clone --recursive "https://github.com/ocaml/opam-repository.git" && cd "opam-repository" && git fetch origin "refs/pull/25928/head" && git reset --hard 3f2c920b
git fetch origin master
git merge --no-edit e2171914dc125e7342700114dc6e1579d2bd4436
cat > ../Dockerfile <<'END-OF-DOCKERFILE'
[34mFROM ocaml/opam:debian-12-ocaml-4.14@sha256:411c167ab30b2e15a22d9ba7269e6df1d6b24c7d69a5996d4a62bba7180dc074
USER 1000:1000
WORKDIR /home/opam
RUN sudo ln -f /usr/bin/opam-dev /usr/bin/opam
RUN opam init --reinit -ni
RUN uname -rs && opam exec -- ocaml -version && opam --version
ENV OPAMDOWNLOADJOBS="1"
ENV OPAMERRLOGLEN="0"
ENV OPAMSOLVERTIMEOUT="500"
ENV OPAMPRECISETRACKING="1"
ENV CI="true"
ENV OPAM_REPO_CI="true"
RUN rm -rf opam-repository/
COPY --chown=1000:1000 . opam-repository/
RUN opam repository set-url --strict default opam-repository/
RUN opam update --depexts || true
RUN opam pin add -k version -yn menhir-secondary.20210419 20210419
RUN opam reinstall menhir-secondary.20210419; \
    res=$?; \
    test "$res" != 31 && exit "$res"; \
    export OPAMCLI=2.0; \
    build_dir=$(opam var prefix)/.opam-switch/build; \
    failed=$(ls "$build_dir"); \
    partial_fails=""; \
    for pkg in $failed; do \
    if opam show -f x-ci-accept-failures: "$pkg" | grep -qF "\"debian-12\""; then \
    echo "A package failed and has been disabled for CI using the 'x-ci-accept-failures' field."; \
    fi; \
    test "$pkg" != 'menhir-secondary.20210419' && partial_fails="$partial_fails $pkg"; \
    done; \
    test "${partial_fails}" != "" && echo "opam-repo-ci detected dependencies failing: ${partial_fails}"; \
    exit 1
RUN opam reinstall drom.0.3.0; \
    res=$?; \
    test "$res" != 31 && exit "$res"; \
    export OPAMCLI=2.0; \
    build_dir=$(opam var prefix)/.opam-switch/build; \
    failed=$(ls "$build_dir"); \
    partial_fails=""; \
    for pkg in $failed; do \
    if opam show -f x-ci-accept-failures: "$pkg" | grep -qF "\"debian-12\""; then \
    echo "A package failed and has been disabled for CI using the 'x-ci-accept-failures' field."; \
    fi; \
    test "$pkg" != 'drom.0.3.0' && partial_fails="$partial_fails $pkg"; \
    done; \
    test "${partial_fails}" != "" && echo "opam-repo-ci detected dependencies failing: ${partial_fails}"; \
    exit 1
RUN (opam reinstall --with-test drom.0.3.0) || true
RUN opam reinstall --with-test --verbose drom.0.3.0; \
    res=$?; \
    test "$res" != 31 && exit "$res"; \
    export OPAMCLI=2.0; \
    build_dir=$(opam var prefix)/.opam-switch/build; \
    failed=$(ls "$build_dir"); \
    partial_fails=""; \
    for pkg in $failed; do \
    if opam show -f x-ci-accept-failures: "$pkg" | grep -qF "\"debian-12\""; then \
    echo "A package failed and has been disabled for CI using the 'x-ci-accept-failures' field."; \
    fi; \
    test "$pkg" != 'drom.0.3.0' && partial_fails="$partial_fails $pkg"; \
    done; \
    test "${partial_fails}" != "" && echo "opam-repo-ci detected dependencies failing: ${partial_fails}"; \
    exit 1
[0m
END-OF-DOCKERFILE
docker build -f ../Dockerfile .

2024-07-04 08:47.00: Using cache hint "ocaml/opam:debian-12-ocaml-4.14@sha256:411c167ab30b2e15a22d9ba7269e6df1d6b24c7d69a5996d4a62bba7180dc074-menhir-secondary.20210419-drom.0.3.0-3f2c920b90e20a61c5c90d25ab350fcf660158fd"
2024-07-04 08:47.00: Using OBuilder spec:
((from ocaml/opam:debian-12-ocaml-4.14@sha256:411c167ab30b2e15a22d9ba7269e6df1d6b24c7d69a5996d4a62bba7180dc074)
 (user (uid 1000) (gid 1000))
 (workdir /home/opam)
 (run (shell "sudo ln -f /usr/bin/opam-dev /usr/bin/opam"))
 (run (network host)
      (shell "opam init --reinit --config .opamrc-sandbox -ni"))
 (run (shell "uname -rs && opam exec -- ocaml -version && opam --version"))
 (env OPAMDOWNLOADJOBS 1)
 (env OPAMERRLOGLEN 0)
 (env OPAMSOLVERTIMEOUT 500)
 (env OPAMPRECISETRACKING 1)
 (env CI true)
 (env OPAM_REPO_CI true)
 (run (shell "rm -rf opam-repository/"))
 (copy (src .) (dst opam-repository/))
 (run (shell "opam repository set-url --strict default opam-repository/"))
 (run (network host)
      (shell "opam update --depexts || true"))
 (run (shell "opam pin add -k version -yn menhir-secondary.20210419 20210419"))
 (run (cache (opam-archives (target /home/opam/.opam/download-cache)))
      (network host)
      (shell  "opam reinstall menhir-secondary.20210419;\
             \n        res=$?;\
             \n        test \"$res\" != 31 && exit \"$res\";\
             \n        export OPAMCLI=2.0;\
             \n        build_dir=$(opam var prefix)/.opam-switch/build;\
             \n        failed=$(ls \"$build_dir\");\
             \n        partial_fails=\"\";\
             \n        for pkg in $failed; do\
             \n          if opam show -f x-ci-accept-failures: \"$pkg\" | grep -qF \"\\\"debian-12\\\"\"; then\
             \n            echo \"A package failed and has been disabled for CI using the 'x-ci-accept-failures' field.\";\
             \n          fi;\
             \n          test \"$pkg\" != 'menhir-secondary.20210419' && partial_fails=\"$partial_fails $pkg\";\
             \n        done;\
             \n        test \"${partial_fails}\" != \"\" && echo \"opam-repo-ci detected dependencies failing: ${partial_fails}\";\
             \n        exit 1"))
 (run (cache (opam-archives (target /home/opam/.opam/download-cache)))
      (network host)
      (shell  "opam reinstall drom.0.3.0;\
             \n        res=$?;\
             \n        test \"$res\" != 31 && exit \"$res\";\
             \n        export OPAMCLI=2.0;\
             \n        build_dir=$(opam var prefix)/.opam-switch/build;\
             \n        failed=$(ls \"$build_dir\");\
             \n        partial_fails=\"\";\
             \n        for pkg in $failed; do\
             \n          if opam show -f x-ci-accept-failures: \"$pkg\" | grep -qF \"\\\"debian-12\\\"\"; then\
             \n            echo \"A package failed and has been disabled for CI using the 'x-ci-accept-failures' field.\";\
             \n          fi;\
             \n          test \"$pkg\" != 'drom.0.3.0' && partial_fails=\"$partial_fails $pkg\";\
             \n        done;\
             \n        test \"${partial_fails}\" != \"\" && echo \"opam-repo-ci detected dependencies failing: ${partial_fails}\";\
             \n        exit 1"))
 (run (network host)
      (shell "(opam reinstall --with-test drom.0.3.0) || true"))
 (run (shell  "opam reinstall --with-test --verbose drom.0.3.0;\
             \n        res=$?;\
             \n        test \"$res\" != 31 && exit \"$res\";\
             \n        export OPAMCLI=2.0;\
             \n        build_dir=$(opam var prefix)/.opam-switch/build;\
             \n        failed=$(ls \"$build_dir\");\
             \n        partial_fails=\"\";\
             \n        for pkg in $failed; do\
             \n          if opam show -f x-ci-accept-failures: \"$pkg\" | grep -qF \"\\\"debian-12\\\"\"; then\
             \n            echo \"A package failed and has been disabled for CI using the 'x-ci-accept-failures' field.\";\
             \n          fi;\
             \n          test \"$pkg\" != 'drom.0.3.0' && partial_fails=\"$partial_fails $pkg\";\
             \n        done;\
             \n        test \"${partial_fails}\" != \"\" && echo \"opam-repo-ci detected dependencies failing: ${partial_fails}\";\
             \n        exit 1"))
)

2024-07-04 08:47.00: Waiting for resource in pool OCluster
2024-07-04 16:46.55: Waiting for worker…
2024-07-04 16:48.51: Got resource from pool OCluster
Building on x86-bm-c8.sw.ocaml.org
All commits already cached
Updating files:  89% (28305/31772)Updating files:  90% (28595/31772)Updating files:  91% (28913/31772)Updating files:  92% (29231/31772)Updating files:  93% (29548/31772)Updating files:  94% (29866/31772)Updating files:  95% (30184/31772)Updating files:  96% (30502/31772)Updating files:  97% (30819/31772)Updating files:  98% (31137/31772)Updating files:  99% (31455/31772)Updating files: 100% (31772/31772)Updating files: 100% (31772/31772), done.
HEAD is now at e2171914dc Merge pull request #26173 from anuragsoni/release-shuttle_http-0.12.0
Merge made by the 'ort' strategy.
 packages/base-flambda2/base-flambda2.base/opam     |  8 +++
 packages/dune-secondary/dune-secondary.3.8.1/opam  | 60 ++++++++++++++++++++++
 .../menhir-secondary.20210419/opam                 | 34 ++++++++++++
 .../ocaml-secondary-compiler.4.14.2/opam           | 30 +++++++++++
 .../ocaml-variants.5.1.1+flambda2/opam             | 46 +++++++++++++++++
 5 files changed, 178 insertions(+)
 create mode 100644 packages/base-flambda2/base-flambda2.base/opam
 create mode 100644 packages/dune-secondary/dune-secondary.3.8.1/opam
 create mode 100644 packages/menhir-secondary/menhir-secondary.20210419/opam
 create mode 100644 packages/ocaml-secondary-compiler/ocaml-secondary-compiler.4.14.2/opam
 create mode 100644 packages/ocaml-variants/ocaml-variants.5.1.1+flambda2/opam

[01;34m(from ocaml/opam:debian-12-ocaml-4.14@sha256:411c167ab30b2e15a22d9ba7269e6df1d6b24c7d69a5996d4a62bba7180dc074)[0m
[01;2m[01;35m2024-07-04 16:48.54 ---> using "787c10892c33b358f8712760387399b1ab2c78ae2006c4a10d01c5321d3dba40" from cache[0m

[01;34m/: (user (uid 1000) (gid 1000))[0m

[01;34m/: (workdir /home/opam)[0m

[01;34m/home/opam: (run (shell "sudo ln -f /usr/bin/opam-dev /usr/bin/opam"))[0m
[01;2m[01;35m2024-07-04 16:48.54 ---> using "f2e5db30f08f69a1d5334ae494aa89668e4020c14e77cf48ca4c893a0b4dfad3" from cache[0m

[01;34m/home/opam: (run (network host)
                 (shell "opam init --reinit --config .opamrc-sandbox -ni"))[0m
Configuring from /home/opam/.opamrc-sandbox, then /home/opam/.opamrc, and finally from built-in defaults.
Checking for available remotes: rsync and local, git.
  - you won't be able to use mercurial repositories unless you install the hg command on your system.
  - you won't be able to use darcs repositories unless you install the darcs command on your system.

This development version of opam requires an update to the layout of /home/opam/.opam from version 2.0 to version 2.2~beta, which can't be reverted.
You may want to back it up before going further.

Continue? [y/n] y
[NOTE] The 'jobs' option was reset, its value was 39 and its new value will vary according to the current number of cores on your machine. You can restore the fixed value using:
           opam option jobs=39 --global
Format upgrade done.

<><> Updating repositories ><><><><><><><><><><><><><><><><><><><><><><><><><><>
[default] synchronised from file:///home/opam/opam-repository
[01;2m[01;35m2024-07-04 16:48.54 ---> using "a815bc554d04fdd08319799ec1b953c5900bc15cf3510abbdde7dbab79abb5dd" from cache[0m

[01;34m/home/opam: (run (shell "uname -rs && opam exec -- ocaml -version && opam --version"))[0m
Linux 5.15.0-113-generic
The OCaml toplevel, version 4.14.2
2.2.0~rc1
[01;2m[01;35m2024-07-04 16:48.54 ---> using "74dc415daa1c88b68336b71bd1c3b3cc476c5c7e7ba9c14b993dc4ab0d8e0bfb" from cache[0m

[01;34m/home/opam: (env OPAMDOWNLOADJOBS 1)[0m

[01;34m/home/opam: (env OPAMERRLOGLEN 0)[0m

[01;34m/home/opam: (env OPAMSOLVERTIMEOUT 500)[0m

[01;34m/home/opam: (env OPAMPRECISETRACKING 1)[0m

[01;34m/home/opam: (env CI true)[0m

[01;34m/home/opam: (env OPAM_REPO_CI true)[0m

[01;34m/home/opam: (run (shell "rm -rf opam-repository/"))[0m
[01;2m[01;35m2024-07-04 16:48.54 ---> using "c65cafca8f6f5d24d12a244a9c6ba026d5ea649414ebd308f23285f028433926" from cache[0m

[01;34m/home/opam: (copy (src .) (dst opam-repository/))[0m
[01;2m[01;35m2024-07-04 16:48.56 ---> using "4b1c040ec3b18c01a102ea251e2800a6afd9b4d11ba9f981d9aab20fabb3124c" from cache[0m

[01;34m/home/opam: (run (shell "opam repository set-url --strict default opam-repository/"))[0m
[default] Initialised
[01;2m[01;35m2024-07-04 16:48.56 ---> using "a4b6c3b1d6f7e8404fca269bb0b30e903736f2a438d463235b8c03e839e88f9a" from cache[0m

[01;34m/home/opam: (run (network host)
                 (shell "opam update --depexts || true"))[0m
+ /usr/bin/sudo "apt-get" "update"
- Get:1 http://deb.debian.org/debian bookworm InRelease [151 kB]
- Get:2 http://deb.debian.org/debian bookworm-updates InRelease [55.4 kB]
- Get:3 http://deb.debian.org/debian-security bookworm-security InRelease [48.0 kB]
- Get:4 http://deb.debian.org/debian bookworm/main amd64 Packages [8788 kB]
- Get:5 http://deb.debian.org/debian-security bookworm-security/main amd64 Packages [165 kB]
- Fetched 9207 kB in 1s (7260 kB/s)
- Reading package lists...
[01;2m[01;35m2024-07-04 16:48.56 ---> using "c99b7e717ee3f38a477590e1129120c969b72ecf51912f0c791469e0f85310a6" from cache[0m

[01;34m/home/opam: (run (shell "opam pin add -k version -yn menhir-secondary.20210419 20210419"))[0m
menhir-secondary is now pinned to version 20210419
[01;2m[01;35m2024-07-04 16:48.56 ---> using "f3978cd9b3348b715d96af92a6f466dbe70d8554b77f6c5c4a34eb87d9927cab" from cache[0m

[01;34m/home/opam: (run (cache (opam-archives (target /home/opam/.opam/download-cache)))
                 (network host)
                 (shell  "opam reinstall menhir-secondary.20210419;\
                        \n        res=$?;\
                        \n        test \"$res\" != 31 && exit \"$res\";\
                        \n        export OPAMCLI=2.0;\
                        \n        build_dir=$(opam var prefix)/.opam-switch/build;\
                        \n        failed=$(ls \"$build_dir\");\
                        \n        partial_fails=\"\";\
                        \n        for pkg in $failed; do\
                        \n          if opam show -f x-ci-accept-failures: \"$pkg\" | grep -qF \"\\\"debian-12\\\"\"; then\
                        \n            echo \"A package failed and has been disabled for CI using the 'x-ci-accept-failures' field.\";\
                        \n          fi;\
                        \n          test \"$pkg\" != 'menhir-secondary.20210419' && partial_fails=\"$partial_fails $pkg\";\
                        \n        done;\
                        \n        test \"${partial_fails}\" != \"\" && echo \"opam-repo-ci detected dependencies failing: ${partial_fails}\";\
                        \n        exit 1"))[0m
menhir-secondary.20210419 is not installed. Install it? [y/n] y
The following actions will be performed:
=== install 3 packages
  - install dune-secondary           3.8.1             [required by menhir-secondary]
  - install menhir-secondary         20210419 (pinned)
  - install ocaml-secondary-compiler 4.14.2            [required by menhir-secondary]

<><> Processing actions <><><><><><><><><><><><><><><><><><><><><><><><><><><><>
-> retrieved dune-secondary.3.8.1  (cached)
-> retrieved menhir-secondary.20210419  (https://gitlab.inria.fr/fpottier/menhir/-/archive/20210419/archive.tar.gz)
-> retrieved ocaml-secondary-compiler.4.14.2  (cached)
-> installed ocaml-secondary-compiler.4.14.2
-> installed dune-secondary.3.8.1
-> installed menhir-secondary.20210419
Done.
# Run eval $(opam env) to update the current shell environment
[01;2m[01;35m2024-07-04 16:48.56 ---> using "a42c3b256e7a6a43ebadeb25c4fadfb86ddcbcea789a02e61e1e5bf5369fded9" from cache[0m

[01;34m/home/opam: (run (cache (opam-archives (target /home/opam/.opam/download-cache)))
                 (network host)
                 (shell  "opam reinstall drom.0.3.0;\
                        \n        res=$?;\
                        \n        test \"$res\" != 31 && exit \"$res\";\
                        \n        export OPAMCLI=2.0;\
                        \n        build_dir=$(opam var prefix)/.opam-switch/build;\
                        \n        failed=$(ls \"$build_dir\");\
                        \n        partial_fails=\"\";\
                        \n        for pkg in $failed; do\
                        \n          if opam show -f x-ci-accept-failures: \"$pkg\" | grep -qF \"\\\"debian-12\\\"\"; then\
                        \n            echo \"A package failed and has been disabled for CI using the 'x-ci-accept-failures' field.\";\
                        \n          fi;\
                        \n          test \"$pkg\" != 'drom.0.3.0' && partial_fails=\"$partial_fails $pkg\";\
                        \n        done;\
                        \n        test \"${partial_fails}\" != \"\" && echo \"opam-repo-ci detected dependencies failing: ${partial_fails}\";\
                        \n        exit 1"))[0m
drom.0.3.0 is not installed. Install it? [y/n] y
The following actions will be performed:
=== install 19 packages
  - install cmdliner         1.3.0    [required by ez_cmdliner]
  - install directories      0.5      [required by drom_lib]
  - install drom             0.3.0
  - install drom_lib         0.3.0    [required by drom]
  - install dune             2.9.3    [required by drom]
  - install ez_cmdliner      0.4.3    [required by drom_lib]
  - install ez_config        0.1.1    [required by drom_lib]
  - install ez_file          0.2.0    [required by drom_lib]
  - install ez_opam_file     0.1.0    [required by drom_lib]
  - install ez_subst         0.2.1    [required by drom_lib]
  - install ISO8601          0.2.6    [required by toml]
  - install menhir           20211128 [required by toml]
  - install menhirLib        20211128 [required by menhir]
  - install menhirSdk        20211128 [required by menhir]
  - install ocplib_stuff     0.4.0    [required by ez_cmdliner]
  - install opam-file-format 2.1.6    [required by ez_opam_file]
  - install re               1.11.0   [required by ez_file]
  - install seq              base     [required by re]
  - install toml             6.0.0    [required by drom_lib]

<><> Processing actions <><><><><><><><><><><><><><><><><><><><><><><><><><><><>
-> retrieved cmdliner.1.3.0  (cached)
-> retrieved directories.0.5  (cached)
-> retrieved drom.0.3.0, drom_lib.0.3.0  (https://github.com/ocamlpro/drom/archive/v0.3.0.tar.gz)
-> retrieved dune.2.9.3  (cached)
-> retrieved ez_cmdliner.0.4.3  (https://github.com/ocamlpro/ez_cmdliner/archive/v0.4.3.tar.gz)
-> retrieved ez_config.0.1.1  (https://github.com/ocamlpro/ez_config/archive/v0.1.1.tar.gz)
-> installed cmdliner.1.3.0
-> retrieved ez_file.0.2.0  (https://github.com/ocamlpro/ez_file/archive/v0.2.0.tar.gz)
-> retrieved ez_opam_file.0.1.0  (https://github.com/ocamlpro/ez_opam_file/archive/v0.1.0.tar.gz)
-> retrieved ez_subst.0.2.1  (https://github.com/ocamlpro/ez_subst/archive/v0.2.1.tar.gz)
-> retrieved ISO8601.0.2.6  (cached)
-> retrieved menhir.20211128, menhirLib.20211128, menhirSdk.20211128  (cached)
-> retrieved ocplib_stuff.0.4.0  (cached)
-> retrieved opam-file-format.2.1.6  (cached)
-> retrieved re.1.11.0  (cached)
-> retrieved seq.base  (cached)
-> installed seq.base
-> retrieved toml.6.0.0  (cached)
-> installed dune.2.9.3
-> installed ISO8601.0.2.6
-> installed directories.0.5
-> installed menhirSdk.20211128
-> installed ez_subst.0.2.1
-> installed menhirLib.20211128
-> installed ocplib_stuff.0.4.0
-> installed opam-file-format.2.1.6
-> installed re.1.11.0
-> installed ez_opam_file.0.1.0
-> installed ez_cmdliner.0.4.3
-> installed ez_file.0.2.0
-> installed ez_config.0.1.1
-> installed menhir.20211128
-> installed toml.6.0.0
-> installed drom_lib.0.3.0
-> installed drom.0.3.0
Done.
# Run eval $(opam env) to update the current shell environment
[01;2m[01;35m2024-07-04 16:49.53 ---> saved as "83b9fb0fb99c917dd47abf4963fced641b1465e9b4f93e980d50435e42f53fa2"[0m

[01;34m/home/opam: (run (network host)
                 (shell "(opam reinstall --with-test drom.0.3.0) || true"))[0m
[ERROR] Sorry, resolution of the request timed out.
        Try to specify a more precise request, use a different solver, or increase the allowed time by setting OPAMSOLVERTIMEOUT to a bigger value (currently, it is set to 500.0 seconds).
[01;2m[01;35m2024-07-04 16:58.31 ---> saved as "c814b133785ba08a7c9cbad65e5d7eb01664a931cf4b3bf319728b2ef413b042"[0m

[01;34m/home/opam: (run (shell  "opam reinstall --with-test --verbose drom.0.3.0;\
                        \n        res=$?;\
                        \n        test \"$res\" != 31 && exit \"$res\";\
                        \n        export OPAMCLI=2.0;\
                        \n        build_dir=$(opam var prefix)/.opam-switch/build;\
                        \n        failed=$(ls \"$build_dir\");\
                        \n        partial_fails=\"\";\
                        \n        for pkg in $failed; do\
                        \n          if opam show -f x-ci-accept-failures: \"$pkg\" | grep -qF \"\\\"debian-12\\\"\"; then\
                        \n            echo \"A package failed and has been disabled for CI using the 'x-ci-accept-failures' field.\";\
                        \n          fi;\
                        \n          test \"$pkg\" != 'drom.0.3.0' && partial_fails=\"$partial_fails $pkg\";\
                        \n        done;\
                        \n        test \"${partial_fails}\" != \"\" && echo \"opam-repo-ci detected dependencies failing: ${partial_fails}\";\
                        \n        exit 1"))[0m
[ERROR] Sorry, resolution of the request timed out.
        Try to specify a more precise request, use a different solver, or increase the allowed time by setting OPAMSOLVERTIMEOUT to a bigger value (currently, it is set to 500.0 seconds).
'opam reinstall --with-test --verbose drom.0.3.0' failed.
"/usr/bin/env" "bash" "-c" "opam reinstall --with-test --verbose drom.0.3.0;
        res=$?;
        test "$res" != 31 && exit "$res";
        export OPAMCLI=2.0;
        build_dir=$(opam var prefix)/.opam-switch/build;
        failed=$(ls "$build_dir");
        partial_fails="";
        for pkg in $failed; do
          if opam show -f x-ci-accept-failures: "$pkg" | grep -qF "\"debian-12\""; then
            echo "A package failed and has been disabled for CI using the 'x-ci-accept-failures' field.";
          fi;
          test "$pkg" != 'drom.0.3.0' && partial_fails="$partial_fails $pkg";
        done;
        test "${partial_fails}" != "" && echo "opam-repo-ci detected dependencies failing: ${partial_fails}";
        exit 1" failed with exit status 60
2024-07-04 17:07.19: Job failed: Failed: Build failed
2024-07-04 17:07.19: Log analysis:
2024-07-04 17:07.19: >>> 
[ERROR] Sorry, resolution of the request timed out.
 (score = 20)
2024-07-04 17:07.19: >>> 
[ERROR] Sorry, resolution of the request timed out.
 (score = 20)
2024-07-04 17:07.19: Sorry, resolution of the request timed out.
