2024-07-24 10:17.38: New job: test passage.0.1.3, using opam 2.1
                              from https://github.com/ocaml/opam-repository.git#refs/pull/26277/head (09ca27d6012367d080e9070a68836f9c4ad3213d)
                              on debian-12-ocaml-4.14/amd64

To reproduce locally:

cd $(mktemp -d)
git clone --recursive "https://github.com/ocaml/opam-repository.git" && cd "opam-repository" && git fetch origin "refs/pull/26277/head" && git reset --hard 09ca27d6
git fetch origin master
git merge --no-edit 7db1aa31afe84ee8ce11661302e4f4aac05a372e
cat > ../Dockerfile <<'END-OF-DOCKERFILE'
[34mFROM ocaml/opam:debian-12-ocaml-4.14@sha256:746be5385e66687f3d11d5252c40244194e625542e1e2018cf1628cbf7b757ba
USER 1000:1000
WORKDIR /home/opam
RUN sudo ln -f /usr/bin/opam-2.1 /usr/bin/opam
RUN opam init --reinit -ni
RUN uname -rs && opam exec -- ocaml -version && opam --version
ENV OPAMDOWNLOADJOBS="1"
ENV OPAMERRLOGLEN="0"
ENV OPAMSOLVERTIMEOUT="500"
ENV OPAMPRECISETRACKING="1"
ENV CI="true"
ENV OPAM_REPO_CI="true"
RUN rm -rf opam-repository/
COPY --chown=1000:1000 . opam-repository/
RUN opam repository set-url --strict default opam-repository/
RUN opam update --depexts || true
RUN opam pin add -k version -yn passage.0.1.3 0.1.3
RUN opam reinstall passage.0.1.3; \
    res=$?; \
    test "$res" != 31 && exit "$res"; \
    export OPAMCLI=2.0; \
    build_dir=$(opam var prefix)/.opam-switch/build; \
    failed=$(ls "$build_dir"); \
    partial_fails=""; \
    for pkg in $failed; do \
    if opam show -f x-ci-accept-failures: "$pkg" | grep -qF "\"debian-12\""; then \
    echo "A package failed and has been disabled for CI using the 'x-ci-accept-failures' field."; \
    fi; \
    test "$pkg" != 'passage.0.1.3' && partial_fails="$partial_fails $pkg"; \
    done; \
    test "${partial_fails}" != "" && echo "opam-repo-ci detected dependencies failing: ${partial_fails}"; \
    exit 1
RUN (opam reinstall --with-test passage.0.1.3) || true
RUN opam reinstall --with-test --verbose passage.0.1.3; \
    res=$?; \
    test "$res" != 31 && exit "$res"; \
    export OPAMCLI=2.0; \
    build_dir=$(opam var prefix)/.opam-switch/build; \
    failed=$(ls "$build_dir"); \
    partial_fails=""; \
    for pkg in $failed; do \
    if opam show -f x-ci-accept-failures: "$pkg" | grep -qF "\"debian-12\""; then \
    echo "A package failed and has been disabled for CI using the 'x-ci-accept-failures' field."; \
    fi; \
    test "$pkg" != 'passage.0.1.3' && partial_fails="$partial_fails $pkg"; \
    done; \
    test "${partial_fails}" != "" && echo "opam-repo-ci detected dependencies failing: ${partial_fails}"; \
    exit 1
[0m
END-OF-DOCKERFILE
docker build -f ../Dockerfile .

2024-07-24 10:17.38: Using cache hint "ocaml/opam:debian-12-ocaml-4.14@sha256:746be5385e66687f3d11d5252c40244194e625542e1e2018cf1628cbf7b757ba-passage.0.1.3-09ca27d6012367d080e9070a68836f9c4ad3213d"
2024-07-24 10:17.38: Using OBuilder spec:
((from ocaml/opam:debian-12-ocaml-4.14@sha256:746be5385e66687f3d11d5252c40244194e625542e1e2018cf1628cbf7b757ba)
 (user (uid 1000) (gid 1000))
 (workdir /home/opam)
 (run (shell "sudo ln -f /usr/bin/opam-2.1 /usr/bin/opam"))
 (run (network host)
      (shell "opam init --reinit --config .opamrc-sandbox -ni"))
 (run (shell "uname -rs && opam exec -- ocaml -version && opam --version"))
 (env OPAMDOWNLOADJOBS 1)
 (env OPAMERRLOGLEN 0)
 (env OPAMSOLVERTIMEOUT 500)
 (env OPAMPRECISETRACKING 1)
 (env CI true)
 (env OPAM_REPO_CI true)
 (run (shell "rm -rf opam-repository/"))
 (copy (src .) (dst opam-repository/))
 (run (shell "opam repository set-url --strict default opam-repository/"))
 (run (network host)
      (shell "opam update --depexts || true"))
 (run (shell "opam pin add -k version -yn passage.0.1.3 0.1.3"))
 (run (cache (opam-archives (target /home/opam/.opam/download-cache)))
      (network host)
      (shell  "opam reinstall passage.0.1.3;\
             \n        res=$?;\
             \n        test \"$res\" != 31 && exit \"$res\";\
             \n        export OPAMCLI=2.0;\
             \n        build_dir=$(opam var prefix)/.opam-switch/build;\
             \n        failed=$(ls \"$build_dir\");\
             \n        partial_fails=\"\";\
             \n        for pkg in $failed; do\
             \n          if opam show -f x-ci-accept-failures: \"$pkg\" | grep -qF \"\\\"debian-12\\\"\"; then\
             \n            echo \"A package failed and has been disabled for CI using the 'x-ci-accept-failures' field.\";\
             \n          fi;\
             \n          test \"$pkg\" != 'passage.0.1.3' && partial_fails=\"$partial_fails $pkg\";\
             \n        done;\
             \n        test \"${partial_fails}\" != \"\" && echo \"opam-repo-ci detected dependencies failing: ${partial_fails}\";\
             \n        exit 1"))
 (run (network host)
      (shell "(opam reinstall --with-test passage.0.1.3) || true"))
 (run (shell  "opam reinstall --with-test --verbose passage.0.1.3;\
             \n        res=$?;\
             \n        test \"$res\" != 31 && exit \"$res\";\
             \n        export OPAMCLI=2.0;\
             \n        build_dir=$(opam var prefix)/.opam-switch/build;\
             \n        failed=$(ls \"$build_dir\");\
             \n        partial_fails=\"\";\
             \n        for pkg in $failed; do\
             \n          if opam show -f x-ci-accept-failures: \"$pkg\" | grep -qF \"\\\"debian-12\\\"\"; then\
             \n            echo \"A package failed and has been disabled for CI using the 'x-ci-accept-failures' field.\";\
             \n          fi;\
             \n          test \"$pkg\" != 'passage.0.1.3' && partial_fails=\"$partial_fails $pkg\";\
             \n        done;\
             \n        test \"${partial_fails}\" != \"\" && echo \"opam-repo-ci detected dependencies failing: ${partial_fails}\";\
             \n        exit 1"))
)

2024-07-24 10:17.38: Waiting for resource in pool OCluster
2024-07-24 10:17.38: Waiting for worker…
2024-07-24 10:28.10: Got resource from pool OCluster
Building on x86-bm-c10.sw.ocaml.org
All commits already cached
Updating files:  86% (27597/31861)Updating files:  87% (27720/31861)Updating files:  88% (28038/31861)Updating files:  89% (28357/31861)Updating files:  90% (28675/31861)Updating files:  91% (28994/31861)Updating files:  92% (29313/31861)Updating files:  93% (29631/31861)Updating files:  94% (29950/31861)Updating files:  95% (30268/31861)Updating files:  96% (30587/31861)Updating files:  97% (30906/31861)Updating files:  98% (31224/31861)Updating files:  99% (31543/31861)Updating files: 100% (31861/31861)Updating files: 100% (31861/31861), done.
HEAD is now at 7db1aa31af Merge pull request #26275 from davesnx/release-server-reason-react-0.3.1
Updating 7db1aa31af..09ca27d601
Fast-forward
 packages/passage/passage.0.1.3/opam | 60 +++++++++++++++++++++++++++++++++++++
 1 file changed, 60 insertions(+)
 create mode 100644 packages/passage/passage.0.1.3/opam

[01;34m(from ocaml/opam:debian-12-ocaml-4.14@sha256:746be5385e66687f3d11d5252c40244194e625542e1e2018cf1628cbf7b757ba)[0m
Unable to find image 'ocaml/opam:debian-12-ocaml-4.14@sha256:746be5385e66687f3d11d5252c40244194e625542e1e2018cf1628cbf7b757ba' locally
docker.io/ocaml/opam@sha256:746be5385e66687f3d11d5252c40244194e625542e1e2018cf1628cbf7b757ba: Pulling from ocaml/opam
4671e94f47e0: Pulling fs layer
4671e94f47e0: Verifying Checksum
4671e94f47e0: Download complete
4671e94f47e0: Pull complete
Digest: sha256:746be5385e66687f3d11d5252c40244194e625542e1e2018cf1628cbf7b757ba
Status: Downloaded newer image for ocaml/opam@sha256:746be5385e66687f3d11d5252c40244194e625542e1e2018cf1628cbf7b757ba
[01;2m[01;35m2024-07-24 10:28.13 ---> using "9301ab00dad6ab65313805f12a328a22a933217c459ecc4155a244face449eb8" from cache[0m

[01;34m/: (user (uid 1000) (gid 1000))[0m

[01;34m/: (workdir /home/opam)[0m

[01;34m/home/opam: (run (shell "sudo ln -f /usr/bin/opam-2.1 /usr/bin/opam"))[0m
[01;2m[01;35m2024-07-24 10:28.13 ---> using "0e02127cc46021346067ada40f8cb037170c5fd5ab7d96bbd820687c835c80a1" from cache[0m

[01;34m/home/opam: (run (network host)
                 (shell "opam init --reinit --config .opamrc-sandbox -ni"))[0m
Configuring from /home/opam/.opamrc-sandbox, then /home/opam/.opamrc, and finally from built-in defaults.
Checking for available remotes: rsync and local, git.
  - you won't be able to use mercurial repositories unless you install the hg command on your system.
  - you won't be able to use darcs repositories unless you install the darcs command on your system.

Continue? [Y/n] This development version of opam requires an update to the layout of /home/opam/.opam from version 2.0 to version 2.1, which can't be reverted.
You may want to back it up before going further.

y
Format upgrade done.

<><> Updating repositories ><><><><><><><><><><><><><><><><><><><><><><><><><><>
[default] synchronised from file:///home/opam/opam-repository
[01;2m[01;35m2024-07-24 10:28.13 ---> using "3b0fa83706dfccd17ffdfadd668f3d8ec917f538c5d78af05412082d94465ffd" from cache[0m

[01;34m/home/opam: (run (shell "uname -rs && opam exec -- ocaml -version && opam --version"))[0m
Linux 5.15.0-116-generic
The OCaml toplevel, version 4.14.2
2.1.6
[01;2m[01;35m2024-07-24 10:28.13 ---> using "f930407dd66a2f456d17597b9c9c3b76c83c40e94cca4733a58394fe9af0ae15" from cache[0m

[01;34m/home/opam: (env OPAMDOWNLOADJOBS 1)[0m

[01;34m/home/opam: (env OPAMERRLOGLEN 0)[0m

[01;34m/home/opam: (env OPAMSOLVERTIMEOUT 500)[0m

[01;34m/home/opam: (env OPAMPRECISETRACKING 1)[0m

[01;34m/home/opam: (env CI true)[0m

[01;34m/home/opam: (env OPAM_REPO_CI true)[0m

[01;34m/home/opam: (run (shell "rm -rf opam-repository/"))[0m
[01;2m[01;35m2024-07-24 10:28.13 ---> using "f87da921404c835384077f3b51106c5b038e12b717ad6d8cf2b8d94d2a1f76f4" from cache[0m

[01;34m/home/opam: (copy (src .) (dst opam-repository/))[0m
[01;2m[01;35m2024-07-24 10:28.14 ---> using "ac017197aab086cbd942947bd5dcdcc2c402bf667d5ef4ac5ca7a1c89187c9fb" from cache[0m

[01;34m/home/opam: (run (shell "opam repository set-url --strict default opam-repository/"))[0m
[default] Initialised
[01;2m[01;35m2024-07-24 10:28.14 ---> using "e0d32a07dfb0028769670b1120995559261ecf575e78e90027f001125127cb7f" from cache[0m

[01;34m/home/opam: (run (network host)
                 (shell "opam update --depexts || true"))[0m
+ /usr/bin/sudo "apt-get" "update"
- Hit:1 http://deb.debian.org/debian bookworm InRelease
- Get:2 http://deb.debian.org/debian bookworm-updates InRelease [55.4 kB]
- Hit:3 http://deb.debian.org/debian-security bookworm-security InRelease
- Fetched 55.4 kB in 0s (264 kB/s)
- Reading package lists...
[01;2m[01;35m2024-07-24 10:28.14 ---> using "8d602b39ae64678115b769b1681dc3793484de0b0b5f4c91df788fe63315d718" from cache[0m

[01;34m/home/opam: (run (shell "opam pin add -k version -yn passage.0.1.3 0.1.3"))[0m
passage is now pinned to version 0.1.3
[01;2m[01;35m2024-07-24 10:28.14 ---> using "c5e7ffb45d9dfacdef68718c4037b9b8da059d73ebecbba6d86f597efb46ef40" from cache[0m

[01;34m/home/opam: (run (cache (opam-archives (target /home/opam/.opam/download-cache)))
                 (network host)
                 (shell  "opam reinstall passage.0.1.3;\
                        \n        res=$?;\
                        \n        test \"$res\" != 31 && exit \"$res\";\
                        \n        export OPAMCLI=2.0;\
                        \n        build_dir=$(opam var prefix)/.opam-switch/build;\
                        \n        failed=$(ls \"$build_dir\");\
                        \n        partial_fails=\"\";\
                        \n        for pkg in $failed; do\
                        \n          if opam show -f x-ci-accept-failures: \"$pkg\" | grep -qF \"\\\"debian-12\\\"\"; then\
                        \n            echo \"A package failed and has been disabled for CI using the 'x-ci-accept-failures' field.\";\
                        \n          fi;\
                        \n          test \"$pkg\" != 'passage.0.1.3' && partial_fails=\"$partial_fails $pkg\";\
                        \n        done;\
                        \n        test \"${partial_fails}\" != \"\" && echo \"opam-repo-ci detected dependencies failing: ${partial_fails}\";\
                        \n        exit 1"))[0m
passage.0.1.3 is not installed. Install it? [Y/n] y
[ERROR] Sorry, resolution of the request timed out.
        Try to specify a more precise request, use a different solver, or increase the allowed time by setting OPAMSOLVERTIMEOUT to a bigger value (currently, it is set to 500.0 seconds).
"/usr/bin/env" "bash" "-c" "opam reinstall passage.0.1.3;
        res=$?;
        test "$res" != 31 && exit "$res";
        export OPAMCLI=2.0;
        build_dir=$(opam var prefix)/.opam-switch/build;
        failed=$(ls "$build_dir");
        partial_fails="";
        for pkg in $failed; do
          if opam show -f x-ci-accept-failures: "$pkg" | grep -qF "\"debian-12\""; then
            echo "A package failed and has been disabled for CI using the 'x-ci-accept-failures' field.";
          fi;
          test "$pkg" != 'passage.0.1.3' && partial_fails="$partial_fails $pkg";
        done;
        test "${partial_fails}" != "" && echo "opam-repo-ci detected dependencies failing: ${partial_fails}";
        exit 1" failed with exit status 60
2024-07-24 10:35.28: Job failed: Failed: Build failed
2024-07-24 10:35.28: Log analysis:
2024-07-24 10:35.28: >>> 
[ERROR] Sorry, resolution of the request timed out.
 (score = 20)
2024-07-24 10:35.28: Sorry, resolution of the request timed out.
