2024-11-23 09:58.35: New job: test js_of_ocaml-toplevel.5.9.0, using opam dev
                              from https://github.com/ocaml/opam-repository.git#refs/pull/26932/head (71cf096a779cb35f5ecfa0975ace0312820187a3)
                              on debian-12-ocaml-5.3-beta1/amd64

To reproduce locally:

cd $(mktemp -d)
git clone --recursive "https://github.com/ocaml/opam-repository.git" && cd "opam-repository" && git fetch origin "refs/pull/26932/head" && git reset --hard 71cf096a
git fetch origin master
git merge --no-edit 595a5de8851ee6850657337060ce4b5acbfb0aa9
cat > ../Dockerfile <<'END-OF-DOCKERFILE'
[34mFROM ocaml/opam:debian-12-ocaml-5.3-beta1@sha256:b794526497bc85d7add6c26a62652e92a6b1ad562fcf3e333ee0afc910995b66
USER 1000:1000
WORKDIR /home/opam
RUN sudo ln -f /usr/bin/opam-dev /usr/bin/opam
RUN opam init --reinit -ni
RUN uname -rs && opam exec -- ocaml -version && opam --version
ENV OPAMDOWNLOADJOBS="1"
ENV OPAMERRLOGLEN="0"
ENV OPAMSOLVERTIMEOUT="1000"
ENV OPAMPRECISETRACKING="1"
ENV CI="true"
ENV OPAM_REPO_CI="true"
RUN rm -rf opam-repository/
COPY --chown=1000:1000 . opam-repository/
RUN opam repository set-url --strict default opam-repository/
RUN opam update --depexts || true
RUN opam pin add -k version -yn js_of_ocaml-toplevel.5.9.0 5.9.0
RUN opam reinstall js_of_ocaml-toplevel.5.9.0; \
    res=$?; \
    test "$res" != 31 && exit "$res"; \
    export OPAMCLI=2.0; \
    build_dir=$(opam var prefix)/.opam-switch/build; \
    failed=$(ls "$build_dir"); \
    partial_fails=""; \
    for pkg in $failed; do \
    if opam show -f x-ci-accept-failures: "$pkg" | grep -qF "\"debian-12\""; then \
    echo "A package failed and has been disabled for CI using the 'x-ci-accept-failures' field."; \
    fi; \
    test "$pkg" != 'js_of_ocaml-toplevel.5.9.0' && partial_fails="$partial_fails $pkg"; \
    done; \
    test "${partial_fails}" != "" && echo "opam-repo-ci detected dependencies failing: ${partial_fails}"; \
    exit 1
RUN (opam reinstall --with-test js_of_ocaml-toplevel.5.9.0) || true
RUN opam reinstall --with-test --verbose js_of_ocaml-toplevel.5.9.0; \
    res=$?; \
    test "$res" != 31 && exit "$res"; \
    export OPAMCLI=2.0; \
    build_dir=$(opam var prefix)/.opam-switch/build; \
    failed=$(ls "$build_dir"); \
    partial_fails=""; \
    for pkg in $failed; do \
    if opam show -f x-ci-accept-failures: "$pkg" | grep -qF "\"debian-12\""; then \
    echo "A package failed and has been disabled for CI using the 'x-ci-accept-failures' field."; \
    fi; \
    test "$pkg" != 'js_of_ocaml-toplevel.5.9.0' && partial_fails="$partial_fails $pkg"; \
    done; \
    test "${partial_fails}" != "" && echo "opam-repo-ci detected dependencies failing: ${partial_fails}"; \
    exit 1
[0m
END-OF-DOCKERFILE
docker build -f ../Dockerfile .

2024-11-23 09:58.35: Using cache hint "ocaml/opam:debian-12-ocaml-5.3-beta1@sha256:b794526497bc85d7add6c26a62652e92a6b1ad562fcf3e333ee0afc910995b66-js_of_ocaml-toplevel.5.9.0-71cf096a779cb35f5ecfa0975ace0312820187a3"
2024-11-23 09:58.35: Using OBuilder spec:
((from ocaml/opam:debian-12-ocaml-5.3-beta1@sha256:b794526497bc85d7add6c26a62652e92a6b1ad562fcf3e333ee0afc910995b66)
 (user (uid 1000) (gid 1000))
 (workdir /home/opam)
 (run (shell "sudo ln -f /usr/bin/opam-dev /usr/bin/opam"))
 (run (network host)
      (shell "opam init --reinit --config .opamrc-sandbox -ni"))
 (run (shell "uname -rs && opam exec -- ocaml -version && opam --version"))
 (env OPAMDOWNLOADJOBS 1)
 (env OPAMERRLOGLEN 0)
 (env OPAMSOLVERTIMEOUT 1000)
 (env OPAMPRECISETRACKING 1)
 (env CI true)
 (env OPAM_REPO_CI true)
 (run (shell "rm -rf opam-repository/"))
 (copy (src .) (dst opam-repository/))
 (run (shell "opam repository set-url --strict default opam-repository/"))
 (run (network host)
      (shell "opam update --depexts || true"))
 (run (shell "opam pin add -k version -yn js_of_ocaml-toplevel.5.9.0 5.9.0"))
 (run (cache (opam-archives (target /home/opam/.opam/download-cache)))
      (network host)
      (shell  "opam reinstall js_of_ocaml-toplevel.5.9.0;\
             \n        res=$?;\
             \n        test \"$res\" != 31 && exit \"$res\";\
             \n        export OPAMCLI=2.0;\
             \n        build_dir=$(opam var prefix)/.opam-switch/build;\
             \n        failed=$(ls \"$build_dir\");\
             \n        partial_fails=\"\";\
             \n        for pkg in $failed; do\
             \n          if opam show -f x-ci-accept-failures: \"$pkg\" | grep -qF \"\\\"debian-12\\\"\"; then\
             \n            echo \"A package failed and has been disabled for CI using the 'x-ci-accept-failures' field.\";\
             \n          fi;\
             \n          test \"$pkg\" != 'js_of_ocaml-toplevel.5.9.0' && partial_fails=\"$partial_fails $pkg\";\
             \n        done;\
             \n        test \"${partial_fails}\" != \"\" && echo \"opam-repo-ci detected dependencies failing: ${partial_fails}\";\
             \n        exit 1"))
 (run (network host)
      (shell "(opam reinstall --with-test js_of_ocaml-toplevel.5.9.0) || true"))
 (run (shell  "opam reinstall --with-test --verbose js_of_ocaml-toplevel.5.9.0;\
             \n        res=$?;\
             \n        test \"$res\" != 31 && exit \"$res\";\
             \n        export OPAMCLI=2.0;\
             \n        build_dir=$(opam var prefix)/.opam-switch/build;\
             \n        failed=$(ls \"$build_dir\");\
             \n        partial_fails=\"\";\
             \n        for pkg in $failed; do\
             \n          if opam show -f x-ci-accept-failures: \"$pkg\" | grep -qF \"\\\"debian-12\\\"\"; then\
             \n            echo \"A package failed and has been disabled for CI using the 'x-ci-accept-failures' field.\";\
             \n          fi;\
             \n          test \"$pkg\" != 'js_of_ocaml-toplevel.5.9.0' && partial_fails=\"$partial_fails $pkg\";\
             \n        done;\
             \n        test \"${partial_fails}\" != \"\" && echo \"opam-repo-ci detected dependencies failing: ${partial_fails}\";\
             \n        exit 1"))
)

2024-11-23 09:58.35: Waiting for resource in pool OCluster
2024-11-23 10:01.52: Waiting for worker…
2024-11-23 10:04.56: Got resource from pool OCluster
Building on x86-bm-c8.sw.ocaml.org
All commits already cached
HEAD is now at 595a5de885 Merge pull request #26930 from avsm/graphql-cohttp-upper
Merge made by the 'ort' strategy.
 packages/ezjs_crypto/ezjs_crypto.0.1/opam          |  3 +-
 .../js_of_ocaml-compiler.5.9.0/opam                | 56 ++++++++++++++++++++++
 .../js_of_ocaml-lwt/js_of_ocaml-lwt.5.9.0/opam     | 48 +++++++++++++++++++
 .../js_of_ocaml-ppx/js_of_ocaml-ppx.5.9.0/opam     | 45 +++++++++++++++++
 .../js_of_ocaml-ppx_deriving_json.5.9.0/opam       | 45 +++++++++++++++++
 .../js_of_ocaml-toplevel.5.9.0/opam                | 48 +++++++++++++++++++
 .../js_of_ocaml-tyxml/js_of_ocaml-tyxml.5.9.0/opam | 49 +++++++++++++++++++
 packages/js_of_ocaml/js_of_ocaml.3.3.0/opam        |  2 +-
 packages/js_of_ocaml/js_of_ocaml.5.9.0/opam        | 45 +++++++++++++++++
 9 files changed, 339 insertions(+), 2 deletions(-)
 create mode 100644 packages/js_of_ocaml-compiler/js_of_ocaml-compiler.5.9.0/opam
 create mode 100644 packages/js_of_ocaml-lwt/js_of_ocaml-lwt.5.9.0/opam
 create mode 100644 packages/js_of_ocaml-ppx/js_of_ocaml-ppx.5.9.0/opam
 create mode 100644 packages/js_of_ocaml-ppx_deriving_json/js_of_ocaml-ppx_deriving_json.5.9.0/opam
 create mode 100644 packages/js_of_ocaml-toplevel/js_of_ocaml-toplevel.5.9.0/opam
 create mode 100644 packages/js_of_ocaml-tyxml/js_of_ocaml-tyxml.5.9.0/opam
 create mode 100644 packages/js_of_ocaml/js_of_ocaml.5.9.0/opam

[01;34m(from ocaml/opam:debian-12-ocaml-5.3-beta1@sha256:b794526497bc85d7add6c26a62652e92a6b1ad562fcf3e333ee0afc910995b66)[0m
Unable to find image 'ocaml/opam:debian-12-ocaml-5.3-beta1@sha256:b794526497bc85d7add6c26a62652e92a6b1ad562fcf3e333ee0afc910995b66' locally
docker.io/ocaml/opam@sha256:b794526497bc85d7add6c26a62652e92a6b1ad562fcf3e333ee0afc910995b66: Pulling from ocaml/opam
ea3381691dd0: Pulling fs layer
ea3381691dd0: Verifying Checksum
ea3381691dd0: Download complete
ea3381691dd0: Pull complete
Digest: sha256:b794526497bc85d7add6c26a62652e92a6b1ad562fcf3e333ee0afc910995b66
Status: Downloaded newer image for ocaml/opam@sha256:b794526497bc85d7add6c26a62652e92a6b1ad562fcf3e333ee0afc910995b66
[01;2m[01;35m2024-11-23 10:06.30 ---> saved as "a22b9a151c34bd9e8859c3152e66bf5542bb6be122e4be5ff4819a1b4b1a9a42"[0m

[01;34m/: (user (uid 1000) (gid 1000))[0m

[01;34m/: (workdir /home/opam)[0m

[01;34m/home/opam: (run (shell "sudo ln -f /usr/bin/opam-dev /usr/bin/opam"))[0m
[01;2m[01;35m2024-11-23 10:06.30 ---> saved as "36f9d7c9ce122062c5e370877e05d24180b0cc871444ae62bf72198b59a4a2c7"[0m

[01;34m/home/opam: (run (network host)
                 (shell "opam init --reinit --config .opamrc-sandbox -ni"))[0m
Configuring from /home/opam/.opamrc-sandbox, then /home/opam/.opamrc, and finally from built-in defaults.
Checking for available remotes: rsync and local, git.
  - you won't be able to use mercurial repositories unless you install the hg command on your system.
  - you won't be able to use darcs repositories unless you install the darcs command on your system.

This development version of opam requires an update to the layout of /home/opam/.opam from version 2.0 to version 2.2, which can't be reverted.
You may want to back it up before going further.

Continue? [Y/n] y
[NOTE] The 'jobs' option was reset, its value was 39 and its new value will vary according to the current number of cores on your machine. You can restore the fixed value using:
           opam option jobs=39 --global
Format upgrade done.

<><> Updating repositories ><><><><><><><><><><><><><><><><><><><><><><><><><><>
[beta] no changes from git+https://github.com/ocaml/ocaml-beta-repository
[default] synchronised from file:///home/opam/opam-repository
[01;2m[01;35m2024-11-23 10:07.46 ---> saved as "9c0f90d1a805f9349a4b5bea290de0de6ec1476c2c6971a6588047a4ef2f68c7"[0m

[01;34m/home/opam: (run (shell "uname -rs && opam exec -- ocaml -version && opam --version"))[0m
Linux 5.15.0-125-generic
The OCaml toplevel, version 5.3.0~beta1
2.4.0~alpha1~dev
[01;2m[01;35m2024-11-23 10:07.46 ---> saved as "254f36f94efec8aa1497fbf4218a0fda119c12c396defe928732233a63ff849a"[0m

[01;34m/home/opam: (env OPAMDOWNLOADJOBS 1)[0m

[01;34m/home/opam: (env OPAMERRLOGLEN 0)[0m

[01;34m/home/opam: (env OPAMSOLVERTIMEOUT 1000)[0m

[01;34m/home/opam: (env OPAMPRECISETRACKING 1)[0m

[01;34m/home/opam: (env CI true)[0m

[01;34m/home/opam: (env OPAM_REPO_CI true)[0m

[01;34m/home/opam: (run (shell "rm -rf opam-repository/"))[0m
[01;2m[01;35m2024-11-23 10:07.57 ---> saved as "c44baa59bbeb7560b9a0ac44548809feb2905ab1b6d11de6b4974c05e1a148df"[0m

[01;34m/home/opam: (copy (src .) (dst opam-repository/))[0m
[01;2m[01;35m2024-11-23 10:08.04 ---> saved as "f2b5717fde55c1f1e18af6a4ebb093c51ffd106913e731e55a2af923ce72f386"[0m

[01;34m/home/opam: (run (shell "opam repository set-url --strict default opam-repository/"))[0m
[default] Initialised
[01;2m[01;35m2024-11-23 10:09.03 ---> saved as "795d1f6f4e6c41ebcec115eae1fcfadf015371be63cf4296adf28d41ebbd0f61"[0m

[01;34m/home/opam: (run (network host)
                 (shell "opam update --depexts || true"))[0m
+ /usr/bin/sudo "apt-get" "update"
- Hit:1 http://deb.debian.org/debian bookworm InRelease
- Get:2 http://deb.debian.org/debian bookworm-updates InRelease [55.4 kB]
- Get:3 http://deb.debian.org/debian-security bookworm-security InRelease [48.0 kB]
- Get:4 http://deb.debian.org/debian-security bookworm-security/main amd64 Packages [204 kB]
- Fetched 308 kB in 1s (554 kB/s)
- Reading package lists...
- 
[01;2m[01;35m2024-11-23 10:09.05 ---> saved as "076ab23377b70e0b556811081f60d59207e32563097a8b90962690eec5d4e028"[0m

[01;34m/home/opam: (run (shell "opam pin add -k version -yn js_of_ocaml-toplevel.5.9.0 5.9.0"))[0m
js_of_ocaml-toplevel is now pinned to version 5.9.0
[01;2m[01;35m2024-11-23 10:09.05 ---> saved as "2d3e27346eec60fcc7469a03437c70aeb00969122819c603c3aad203520bfa9d"[0m

[01;34m/home/opam: (run (cache (opam-archives (target /home/opam/.opam/download-cache)))
                 (network host)
                 (shell  "opam reinstall js_of_ocaml-toplevel.5.9.0;\
                        \n        res=$?;\
                        \n        test \"$res\" != 31 && exit \"$res\";\
                        \n        export OPAMCLI=2.0;\
                        \n        build_dir=$(opam var prefix)/.opam-switch/build;\
                        \n        failed=$(ls \"$build_dir\");\
                        \n        partial_fails=\"\";\
                        \n        for pkg in $failed; do\
                        \n          if opam show -f x-ci-accept-failures: \"$pkg\" | grep -qF \"\\\"debian-12\\\"\"; then\
                        \n            echo \"A package failed and has been disabled for CI using the 'x-ci-accept-failures' field.\";\
                        \n          fi;\
                        \n          test \"$pkg\" != 'js_of_ocaml-toplevel.5.9.0' && partial_fails=\"$partial_fails $pkg\";\
                        \n        done;\
                        \n        test \"${partial_fails}\" != \"\" && echo \"opam-repo-ci detected dependencies failing: ${partial_fails}\";\
                        \n        exit 1"))[0m
js_of_ocaml-toplevel.5.9.0 is not installed. Install it? [Y/n] y
The following actions will be performed:
=== install 18 packages
  - install cmdliner             1.3.0             [required by js_of_ocaml-compiler]
  - install dune                 3.16.1            [required by js_of_ocaml-toplevel]
  - install gen                  1.1               [required by sedlex]
  - install js_of_ocaml-compiler 5.9.0             [required by js_of_ocaml-toplevel]
  - install js_of_ocaml-toplevel 5.9.0 (pinned)
  - install menhir               20240715          [required by js_of_ocaml-compiler]
  - install menhirCST            20240715          [required by menhir]
  - install menhirLib            20240715          [required by js_of_ocaml-compiler]
  - install menhirSdk            20240715          [required by js_of_ocaml-compiler]
  - install ocaml-compiler-libs  v0.17.0           [required by ppxlib]
  - install ocamlfind            1.9.6             [required by js_of_ocaml-toplevel]
  - install ppx_derivers         1.2.1             [required by ppxlib]
  - install ppxlib               0.33.1~5.3preview [required by js_of_ocaml-toplevel]
  - install sedlex               3.3               [required by js_of_ocaml-compiler]
  - install seq                  base              [required by yojson]
  - install sexplib0             v0.17.0           [required by ppxlib]
  - install stdlib-shims         0.3.0             [required by ppxlib]
  - install yojson               2.2.2             [required by js_of_ocaml-compiler]

<><> Processing actions <><><><><><><><><><><><><><><><><><><><><><><><><><><><>
-> retrieved cmdliner.1.3.0  (cached)
-> retrieved dune.3.16.1  (cached)
-> retrieved gen.1.1  (cached)
-> retrieved js_of_ocaml-compiler.5.9.0, js_of_ocaml-toplevel.5.9.0  (cached)
-> retrieved menhir.20240715, menhirCST.20240715, menhirLib.20240715, menhirSdk.20240715  (cached)
-> retrieved ocaml-compiler-libs.v0.17.0  (cached)
-> retrieved ocamlfind.1.9.6  (cached)
-> installed cmdliner.1.3.0
-> retrieved ppx_derivers.1.2.1  (cached)
-> retrieved ppxlib.0.33.1~5.3preview  (cached)
-> retrieved sedlex.3.3  (cached)
-> retrieved seq.base  (cached)
-> installed seq.base
-> retrieved sexplib0.v0.17.0  (cached)
-> retrieved stdlib-shims.0.3.0  (cached)
-> retrieved yojson.2.2.2  (cached)
-> installed ocamlfind.1.9.6
-> installed dune.3.16.1
-> installed ppx_derivers.1.2.1
-> installed menhirCST.20240715
-> installed stdlib-shims.0.3.0
-> installed menhirSdk.20240715
-> installed sexplib0.v0.17.0
-> installed gen.1.1
-> installed menhirLib.20240715
-> installed yojson.2.2.2
-> installed ocaml-compiler-libs.v0.17.0
-> installed menhir.20240715
-> installed ppxlib.0.33.1~5.3preview
-> installed sedlex.3.3
-> installed js_of_ocaml-compiler.5.9.0
-> installed js_of_ocaml-toplevel.5.9.0
Done.
# To update the current shell environment, run: eval $(opam env)
[01;2m[01;35m2024-11-23 10:10.37 ---> saved as "ae6ec29814f27963ff2a208e5a137baba16cf2bc35bdafee6334140cd184579c"[0m

[01;34m/home/opam: (run (network host)
                 (shell "(opam reinstall --with-test js_of_ocaml-toplevel.5.9.0) || true"))[0m
[ERROR] Sorry, resolution of the request timed out.
        Try to specify a more precise request, use a different solver, or increase the allowed time by setting OPAMSOLVERTIMEOUT to a bigger value (currently, it is set to 1000.0 seconds).
[01;2m[01;35m2024-11-23 10:27.40 ---> saved as "a7c1f2db7e30b9a836c54f0a7979a21fb527f96d8faed87a29ea7b65c7b02432"[0m

[01;34m/home/opam: (run (shell  "opam reinstall --with-test --verbose js_of_ocaml-toplevel.5.9.0;\
                        \n        res=$?;\
                        \n        test \"$res\" != 31 && exit \"$res\";\
                        \n        export OPAMCLI=2.0;\
                        \n        build_dir=$(opam var prefix)/.opam-switch/build;\
                        \n        failed=$(ls \"$build_dir\");\
                        \n        partial_fails=\"\";\
                        \n        for pkg in $failed; do\
                        \n          if opam show -f x-ci-accept-failures: \"$pkg\" | grep -qF \"\\\"debian-12\\\"\"; then\
                        \n            echo \"A package failed and has been disabled for CI using the 'x-ci-accept-failures' field.\";\
                        \n          fi;\
                        \n          test \"$pkg\" != 'js_of_ocaml-toplevel.5.9.0' && partial_fails=\"$partial_fails $pkg\";\
                        \n        done;\
                        \n        test \"${partial_fails}\" != \"\" && echo \"opam-repo-ci detected dependencies failing: ${partial_fails}\";\
                        \n        exit 1"))[0m
[ERROR] Sorry, resolution of the request timed out.
        Try to specify a more precise request, use a different solver, or increase the allowed time by setting OPAMSOLVERTIMEOUT to a bigger value (currently, it is set to 1000.0 seconds).
'opam reinstall --with-test --verbose js_of_ocaml-toplevel.5.9.0' failed.
"/usr/bin/env" "bash" "-c" "opam reinstall --with-test --verbose js_of_ocaml-toplevel.5.9.0;
        res=$?;
        test "$res" != 31 && exit "$res";
        export OPAMCLI=2.0;
        build_dir=$(opam var prefix)/.opam-switch/build;
        failed=$(ls "$build_dir");
        partial_fails="";
        for pkg in $failed; do
          if opam show -f x-ci-accept-failures: "$pkg" | grep -qF "\"debian-12\""; then
            echo "A package failed and has been disabled for CI using the 'x-ci-accept-failures' field.";
          fi;
          test "$pkg" != 'js_of_ocaml-toplevel.5.9.0' && partial_fails="$partial_fails $pkg";
        done;
        test "${partial_fails}" != "" && echo "opam-repo-ci detected dependencies failing: ${partial_fails}";
        exit 1" failed with exit status 60
2024-11-23 10:44.57: Job failed: Failed: Build failed
2024-11-23 10:44.57: Log analysis:
2024-11-23 10:44.57: >>> 
[ERROR] Sorry, resolution of the request timed out.
 (score = 20)
2024-11-23 10:44.57: >>> 
[ERROR] Sorry, resolution of the request timed out.
 (score = 20)
2024-11-23 10:44.57: Sorry, resolution of the request timed out.
