2024-11-23 11:13.13: New job: test cohttp-server-lwt-unix.6.0.0, using opam 2.1
                              from https://github.com/ocaml/opam-repository.git#refs/pull/26925/head (5e85658ef7dec0b072e561cdfb8474c0b3651ab9)
                              on debian-12-ocaml-5.2/amd64

To reproduce locally:

cd $(mktemp -d)
git clone --recursive "https://github.com/ocaml/opam-repository.git" && cd "opam-repository" && git fetch origin "refs/pull/26925/head" && git reset --hard 5e85658e
git fetch origin master
git merge --no-edit 595a5de8851ee6850657337060ce4b5acbfb0aa9
cat > ../Dockerfile <<'END-OF-DOCKERFILE'
[34mFROM ocaml/opam:debian-12-ocaml-5.2@sha256:6df0d724516bd70a8d42ee042eb4856c32ade3e30c88abaff72556b06ff20aa7
USER 1000:1000
WORKDIR /home/opam
RUN sudo ln -f /usr/bin/opam-2.1 /usr/bin/opam
RUN opam init --reinit -ni
RUN uname -rs && opam exec -- ocaml -version && opam --version
ENV OPAMDOWNLOADJOBS="1"
ENV OPAMERRLOGLEN="0"
ENV OPAMSOLVERTIMEOUT="1000"
ENV OPAMPRECISETRACKING="1"
ENV CI="true"
ENV OPAM_REPO_CI="true"
RUN rm -rf opam-repository/
COPY --chown=1000:1000 . opam-repository/
RUN opam repository set-url --strict default opam-repository/
RUN opam update --depexts || true
RUN opam pin add -k version -yn cohttp-server-lwt-unix.6.0.0 6.0.0
RUN opam reinstall cohttp-server-lwt-unix.6.0.0; \
    res=$?; \
    test "$res" != 31 && exit "$res"; \
    export OPAMCLI=2.0; \
    build_dir=$(opam var prefix)/.opam-switch/build; \
    failed=$(ls "$build_dir"); \
    partial_fails=""; \
    for pkg in $failed; do \
    if opam show -f x-ci-accept-failures: "$pkg" | grep -qF "\"debian-12\""; then \
    echo "A package failed and has been disabled for CI using the 'x-ci-accept-failures' field."; \
    fi; \
    test "$pkg" != 'cohttp-server-lwt-unix.6.0.0' && partial_fails="$partial_fails $pkg"; \
    done; \
    test "${partial_fails}" != "" && echo "opam-repo-ci detected dependencies failing: ${partial_fails}"; \
    exit 1
RUN (opam reinstall --with-test cohttp-server-lwt-unix.6.0.0) || true
RUN opam reinstall --with-test --verbose cohttp-server-lwt-unix.6.0.0; \
    res=$?; \
    test "$res" != 31 && exit "$res"; \
    export OPAMCLI=2.0; \
    build_dir=$(opam var prefix)/.opam-switch/build; \
    failed=$(ls "$build_dir"); \
    partial_fails=""; \
    for pkg in $failed; do \
    if opam show -f x-ci-accept-failures: "$pkg" | grep -qF "\"debian-12\""; then \
    echo "A package failed and has been disabled for CI using the 'x-ci-accept-failures' field."; \
    fi; \
    test "$pkg" != 'cohttp-server-lwt-unix.6.0.0' && partial_fails="$partial_fails $pkg"; \
    done; \
    test "${partial_fails}" != "" && echo "opam-repo-ci detected dependencies failing: ${partial_fails}"; \
    exit 1
[0m
END-OF-DOCKERFILE
docker build -f ../Dockerfile .

2024-11-23 11:13.13: Using cache hint "ocaml/opam:debian-12-ocaml-5.2@sha256:6df0d724516bd70a8d42ee042eb4856c32ade3e30c88abaff72556b06ff20aa7-cohttp-server-lwt-unix.6.0.0-5e85658ef7dec0b072e561cdfb8474c0b3651ab9"
2024-11-23 11:13.13: Using OBuilder spec:
((from ocaml/opam:debian-12-ocaml-5.2@sha256:6df0d724516bd70a8d42ee042eb4856c32ade3e30c88abaff72556b06ff20aa7)
 (user (uid 1000) (gid 1000))
 (workdir /home/opam)
 (run (shell "sudo ln -f /usr/bin/opam-2.1 /usr/bin/opam"))
 (run (network host)
      (shell "opam init --reinit --config .opamrc-sandbox -ni"))
 (run (shell "uname -rs && opam exec -- ocaml -version && opam --version"))
 (env OPAMDOWNLOADJOBS 1)
 (env OPAMERRLOGLEN 0)
 (env OPAMSOLVERTIMEOUT 1000)
 (env OPAMPRECISETRACKING 1)
 (env CI true)
 (env OPAM_REPO_CI true)
 (run (shell "rm -rf opam-repository/"))
 (copy (src .) (dst opam-repository/))
 (run (shell "opam repository set-url --strict default opam-repository/"))
 (run (network host)
      (shell "opam update --depexts || true"))
 (run (shell "opam pin add -k version -yn cohttp-server-lwt-unix.6.0.0 6.0.0"))
 (run (cache (opam-archives (target /home/opam/.opam/download-cache)))
      (network host)
      (shell  "opam reinstall cohttp-server-lwt-unix.6.0.0;\
             \n        res=$?;\
             \n        test \"$res\" != 31 && exit \"$res\";\
             \n        export OPAMCLI=2.0;\
             \n        build_dir=$(opam var prefix)/.opam-switch/build;\
             \n        failed=$(ls \"$build_dir\");\
             \n        partial_fails=\"\";\
             \n        for pkg in $failed; do\
             \n          if opam show -f x-ci-accept-failures: \"$pkg\" | grep -qF \"\\\"debian-12\\\"\"; then\
             \n            echo \"A package failed and has been disabled for CI using the 'x-ci-accept-failures' field.\";\
             \n          fi;\
             \n          test \"$pkg\" != 'cohttp-server-lwt-unix.6.0.0' && partial_fails=\"$partial_fails $pkg\";\
             \n        done;\
             \n        test \"${partial_fails}\" != \"\" && echo \"opam-repo-ci detected dependencies failing: ${partial_fails}\";\
             \n        exit 1"))
 (run (network host)
      (shell "(opam reinstall --with-test cohttp-server-lwt-unix.6.0.0) || true"))
 (run (shell  "opam reinstall --with-test --verbose cohttp-server-lwt-unix.6.0.0;\
             \n        res=$?;\
             \n        test \"$res\" != 31 && exit \"$res\";\
             \n        export OPAMCLI=2.0;\
             \n        build_dir=$(opam var prefix)/.opam-switch/build;\
             \n        failed=$(ls \"$build_dir\");\
             \n        partial_fails=\"\";\
             \n        for pkg in $failed; do\
             \n          if opam show -f x-ci-accept-failures: \"$pkg\" | grep -qF \"\\\"debian-12\\\"\"; then\
             \n            echo \"A package failed and has been disabled for CI using the 'x-ci-accept-failures' field.\";\
             \n          fi;\
             \n          test \"$pkg\" != 'cohttp-server-lwt-unix.6.0.0' && partial_fails=\"$partial_fails $pkg\";\
             \n        done;\
             \n        test \"${partial_fails}\" != \"\" && echo \"opam-repo-ci detected dependencies failing: ${partial_fails}\";\
             \n        exit 1"))
)

2024-11-23 11:13.13: Waiting for resource in pool OCluster
2024-11-23 12:31.42: Waiting for worker…
2024-11-23 12:34.05: Got resource from pool OCluster
Building on x86-bm-c19.sw.ocaml.org
All commits already cached
Updating files:  87% (28541/32729)Updating files:  88% (28802/32729)Updating files:  89% (29129/32729)Updating files:  90% (29457/32729)Updating files:  91% (29784/32729)Updating files:  92% (30111/32729)Updating files:  93% (30438/32729)Updating files:  94% (30766/32729)Updating files:  95% (31093/32729)Updating files:  96% (31420/32729)Updating files:  97% (31748/32729)Updating files:  98% (32075/32729)Updating files:  99% (32402/32729)Updating files: 100% (32729/32729)Updating files: 100% (32729/32729), done.
HEAD is now at 595a5de885 Merge pull request #26930 from avsm/graphql-cohttp-upper
Merge made by the 'ort' strategy.
 packages/cohttp-async/cohttp-async.6.0.0/opam      | 73 +++++++++++++++++++++
 packages/cohttp-bench/cohttp-bench.6.0.0/opam      | 61 ++++++++++++++++++
 .../cohttp-curl-async/cohttp-curl-async.6.0.0/opam | 62 ++++++++++++++++++
 .../cohttp-curl-lwt/cohttp-curl-lwt.6.0.0/opam     | 61 ++++++++++++++++++
 packages/cohttp-curl/cohttp-curl.6.0.0/opam        | 50 +++++++++++++++
 packages/cohttp-eio/cohttp-eio.6.0.0/opam          | 62 ++++++++++++++++++
 .../cohttp-lwt-jsoo/cohttp-lwt-jsoo.6.0.0/opam     | 62 ++++++++++++++++++
 .../cohttp-lwt-unix/cohttp-lwt-unix.6.0.0/opam     | 69 ++++++++++++++++++++
 packages/cohttp-lwt/cohttp-lwt.6.0.0/opam          | 61 ++++++++++++++++++
 packages/cohttp-mirage/cohttp-mirage.6.0.0/opam    | 69 ++++++++++++++++++++
 .../cohttp-server-lwt-unix.6.0.0/opam              | 56 ++++++++++++++++
 packages/cohttp-top/cohttp-top.6.0.0/opam          | 53 ++++++++++++++++
 packages/cohttp/cohttp.6.0.0/opam                  | 74 ++++++++++++++++++++++
 packages/http/http.6.0.0/opam                      | 59 +++++++++++++++++
 14 files changed, 872 insertions(+)
 create mode 100644 packages/cohttp-async/cohttp-async.6.0.0/opam
 create mode 100644 packages/cohttp-bench/cohttp-bench.6.0.0/opam
 create mode 100644 packages/cohttp-curl-async/cohttp-curl-async.6.0.0/opam
 create mode 100644 packages/cohttp-curl-lwt/cohttp-curl-lwt.6.0.0/opam
 create mode 100644 packages/cohttp-curl/cohttp-curl.6.0.0/opam
 create mode 100644 packages/cohttp-eio/cohttp-eio.6.0.0/opam
 create mode 100644 packages/cohttp-lwt-jsoo/cohttp-lwt-jsoo.6.0.0/opam
 create mode 100644 packages/cohttp-lwt-unix/cohttp-lwt-unix.6.0.0/opam
 create mode 100644 packages/cohttp-lwt/cohttp-lwt.6.0.0/opam
 create mode 100644 packages/cohttp-mirage/cohttp-mirage.6.0.0/opam
 create mode 100644 packages/cohttp-server-lwt-unix/cohttp-server-lwt-unix.6.0.0/opam
 create mode 100644 packages/cohttp-top/cohttp-top.6.0.0/opam
 create mode 100644 packages/cohttp/cohttp.6.0.0/opam
 create mode 100644 packages/http/http.6.0.0/opam

[01;34m(from ocaml/opam:debian-12-ocaml-5.2@sha256:6df0d724516bd70a8d42ee042eb4856c32ade3e30c88abaff72556b06ff20aa7)[0m
[01;2m[01;35m2024-11-23 12:34.08 ---> using "0dc330c5a204cb604177e743f55b9bd68e712252d651cfe30d04181b4490a475" from cache[0m

[01;34m/: (user (uid 1000) (gid 1000))[0m

[01;34m/: (workdir /home/opam)[0m

[01;34m/home/opam: (run (shell "sudo ln -f /usr/bin/opam-2.1 /usr/bin/opam"))[0m
[01;2m[01;35m2024-11-23 12:34.08 ---> saved as "4846d30d9a6f4b9f37b920b2b397d44f6d51145350dbdc4db4910e027f949d16"[0m

[01;34m/home/opam: (run (network host)
                 (shell "opam init --reinit --config .opamrc-sandbox -ni"))[0m
Configuring from /home/opam/.opamrc-sandbox, then /home/opam/.opamrc, and finally from built-in defaults.
Checking for available remotes: rsync and local, git.
  - you won't be able to use mercurial repositories unless you install the hg command on your system.
  - you won't be able to use darcs repositories unless you install the darcs command on your system.

This development version of opam requires an update to the layout of /home/opam/.opam from version 2.0 to version 2.1, which can't be reverted.
You may want to back it up before going further.

Continue? [Y/n] y
Format upgrade done.

<><> Updating repositories ><><><><><><><><><><><><><><><><><><><><><><><><><><>
[default] synchronised from file:///home/opam/opam-repository
[01;2m[01;35m2024-11-23 12:35.32 ---> saved as "5bc36b1d96555183acb6035ad60edf7fe707c36b02737b799fe2d5d4edc907c6"[0m

[01;34m/home/opam: (run (shell "uname -rs && opam exec -- ocaml -version && opam --version"))[0m
Linux 5.15.0-125-generic
The OCaml toplevel, version 5.2.1
2.1.6
[01;2m[01;35m2024-11-23 12:35.32 ---> saved as "25ea5b9a3becd402543312b2f05dbc3431973ee80d21821491f14e13d58ba3bd"[0m

[01;34m/home/opam: (env OPAMDOWNLOADJOBS 1)[0m

[01;34m/home/opam: (env OPAMERRLOGLEN 0)[0m

[01;34m/home/opam: (env OPAMSOLVERTIMEOUT 1000)[0m

[01;34m/home/opam: (env OPAMPRECISETRACKING 1)[0m

[01;34m/home/opam: (env CI true)[0m

[01;34m/home/opam: (env OPAM_REPO_CI true)[0m

[01;34m/home/opam: (run (shell "rm -rf opam-repository/"))[0m
[01;2m[01;35m2024-11-23 12:35.39 ---> saved as "3968c676ca2b876b5fd5d54c332c2819ca6181428eb849e24a0f80162c45ca9a"[0m

[01;34m/home/opam: (copy (src .) (dst opam-repository/))[0m
[01;2m[01;35m2024-11-23 12:35.53 ---> saved as "3d4fb4457c0dde47d11efecd66584378bd2d637de849625ac350b7358e91460e"[0m

[01;34m/home/opam: (run (shell "opam repository set-url --strict default opam-repository/"))[0m
[default] Initialised
[01;2m[01;35m2024-11-23 12:36.16 ---> saved as "eecf834077a00b1a38c19948336946e6ea861cb38831ed121dbd2c660a074bff"[0m

[01;34m/home/opam: (run (network host)
                 (shell "opam update --depexts || true"))[0m
+ /usr/bin/sudo "apt-get" "update"
- Hit:1 http://deb.debian.org/debian bookworm InRelease
- Get:2 http://deb.debian.org/debian bookworm-updates InRelease [55.4 kB]
- Get:3 http://deb.debian.org/debian-security bookworm-security InRelease [48.0 kB]
- Get:4 http://deb.debian.org/debian-security bookworm-security/main amd64 Packages [204 kB]
- Fetched 308 kB in 0s (1055 kB/s)
- Reading package lists...
[01;2m[01;35m2024-11-23 12:36.17 ---> saved as "bb2084fcf96ef0abc77167b41406906b626e3cbba57f17e5418cb1ff049d1748"[0m

[01;34m/home/opam: (run (shell "opam pin add -k version -yn cohttp-server-lwt-unix.6.0.0 6.0.0"))[0m
cohttp-server-lwt-unix is now pinned to version 6.0.0
[01;2m[01;35m2024-11-23 12:36.18 ---> saved as "770fb29d3faf042d42db25efdc8a6ae2af7426be8552c457523ca2a918d72f9b"[0m

[01;34m/home/opam: (run (cache (opam-archives (target /home/opam/.opam/download-cache)))
                 (network host)
                 (shell  "opam reinstall cohttp-server-lwt-unix.6.0.0;\
                        \n        res=$?;\
                        \n        test \"$res\" != 31 && exit \"$res\";\
                        \n        export OPAMCLI=2.0;\
                        \n        build_dir=$(opam var prefix)/.opam-switch/build;\
                        \n        failed=$(ls \"$build_dir\");\
                        \n        partial_fails=\"\";\
                        \n        for pkg in $failed; do\
                        \n          if opam show -f x-ci-accept-failures: \"$pkg\" | grep -qF \"\\\"debian-12\\\"\"; then\
                        \n            echo \"A package failed and has been disabled for CI using the 'x-ci-accept-failures' field.\";\
                        \n          fi;\
                        \n          test \"$pkg\" != 'cohttp-server-lwt-unix.6.0.0' && partial_fails=\"$partial_fails $pkg\";\
                        \n        done;\
                        \n        test \"${partial_fails}\" != \"\" && echo \"opam-repo-ci detected dependencies failing: ${partial_fails}\";\
                        \n        exit 1"))[0m
cohttp-server-lwt-unix.6.0.0 is not installed. Install it? [Y/n] y
The following actions will be performed:
  - install dune                   3.16.1 [required by cohttp-server-lwt-unix]
  - install ocamlfind              1.9.6  [required by base-bytes]
  - install http                   6.0.0  [required by cohttp-server-lwt-unix]
  - install dune-configurator      2.7.0  [required by lwt]
  - install cppo                   1.7.0  [required by lwt]
  - install base-bytes             base   [required by ocplib-endian]
  - install ocplib-endian          1.2    [required by lwt]
  - install lwt                    5.9.0  [required by cohttp-server-lwt-unix]
  - install cohttp-server-lwt-unix 6.0.0*
===== 9 to install =====

<><> Processing actions <><><><><><><><><><><><><><><><><><><><><><><><><><><><>
-> retrieved cohttp-server-lwt-unix.6.0.0  (cached)
-> retrieved cppo.1.7.0  (cached)
-> retrieved dune.3.16.1  (cached)
-> retrieved dune-configurator.2.7.0  (cached)
-> retrieved http.6.0.0  (cached)
-> retrieved lwt.5.9.0  (cached)
-> retrieved ocamlfind.1.9.6  (cached)
-> retrieved ocplib-endian.1.2  (cached)
-> installed ocamlfind.1.9.6
-> installed base-bytes.base
-> installed dune.3.16.1
-> installed http.6.0.0
-> installed cppo.1.7.0
-> installed dune-configurator.2.7.0
-> installed ocplib-endian.1.2
-> installed lwt.5.9.0
-> installed cohttp-server-lwt-unix.6.0.0
Done.
# Run eval $(opam env) to update the current shell environment
[01;2m[01;35m2024-11-23 12:37.11 ---> saved as "2c2f05c04863ee34b088eb38a42316e52478c5d402e0263a354c73d3ced7bd57"[0m

[01;34m/home/opam: (run (network host)
                 (shell "(opam reinstall --with-test cohttp-server-lwt-unix.6.0.0) || true"))[0m
[ERROR] Sorry, resolution of the request timed out.
        Try to specify a more precise request, use a different solver, or increase the allowed time by setting OPAMSOLVERTIMEOUT to a bigger value (currently, it is set to 1000.0 seconds).
[01;2m[01;35m2024-11-23 12:54.11 ---> saved as "32fe7dff3f22862d1cc665a2293101c94647fbf9b2f4842577944fe622d113a1"[0m

[01;34m/home/opam: (run (shell  "opam reinstall --with-test --verbose cohttp-server-lwt-unix.6.0.0;\
                        \n        res=$?;\
                        \n        test \"$res\" != 31 && exit \"$res\";\
                        \n        export OPAMCLI=2.0;\
                        \n        build_dir=$(opam var prefix)/.opam-switch/build;\
                        \n        failed=$(ls \"$build_dir\");\
                        \n        partial_fails=\"\";\
                        \n        for pkg in $failed; do\
                        \n          if opam show -f x-ci-accept-failures: \"$pkg\" | grep -qF \"\\\"debian-12\\\"\"; then\
                        \n            echo \"A package failed and has been disabled for CI using the 'x-ci-accept-failures' field.\";\
                        \n          fi;\
                        \n          test \"$pkg\" != 'cohttp-server-lwt-unix.6.0.0' && partial_fails=\"$partial_fails $pkg\";\
                        \n        done;\
                        \n        test \"${partial_fails}\" != \"\" && echo \"opam-repo-ci detected dependencies failing: ${partial_fails}\";\
                        \n        exit 1"))[0m
[ERROR] Sorry, resolution of the request timed out.
        Try to specify a more precise request, use a different solver, or increase the allowed time by setting OPAMSOLVERTIMEOUT to a bigger value (currently, it is set to 1000.0 seconds).
'opam reinstall --with-test --verbose cohttp-server-lwt-unix.6.0.0' failed.
"/usr/bin/env" "bash" "-c" "opam reinstall --with-test --verbose cohttp-server-lwt-unix.6.0.0;
        res=$?;
        test "$res" != 31 && exit "$res";
        export OPAMCLI=2.0;
        build_dir=$(opam var prefix)/.opam-switch/build;
        failed=$(ls "$build_dir");
        partial_fails="";
        for pkg in $failed; do
          if opam show -f x-ci-accept-failures: "$pkg" | grep -qF "\"debian-12\""; then
            echo "A package failed and has been disabled for CI using the 'x-ci-accept-failures' field.";
          fi;
          test "$pkg" != 'cohttp-server-lwt-unix.6.0.0' && partial_fails="$partial_fails $pkg";
        done;
        test "${partial_fails}" != "" && echo "opam-repo-ci detected dependencies failing: ${partial_fails}";
        exit 1" failed with exit status 60
2024-11-23 13:11.19: Job failed: Failed: Build failed
2024-11-23 13:11.19: Log analysis:
2024-11-23 13:11.19: >>> 
[ERROR] Sorry, resolution of the request timed out.
 (score = 20)
2024-11-23 13:11.19: >>> 
[ERROR] Sorry, resolution of the request timed out.
 (score = 20)
2024-11-23 13:11.19: Sorry, resolution of the request timed out.
