2024-11-23 11:13.05: New job: test cohttp-curl-lwt.6.0.0, using opam dev
                              from https://github.com/ocaml/opam-repository.git#refs/pull/26925/head (5e85658ef7dec0b072e561cdfb8474c0b3651ab9)
                              on alpine-3.20-ocaml-5.2/amd64

To reproduce locally:

cd $(mktemp -d)
git clone --recursive "https://github.com/ocaml/opam-repository.git" && cd "opam-repository" && git fetch origin "refs/pull/26925/head" && git reset --hard 5e85658e
git fetch origin master
git merge --no-edit 595a5de8851ee6850657337060ce4b5acbfb0aa9
cat > ../Dockerfile <<'END-OF-DOCKERFILE'
[34mFROM ocaml/opam:alpine-3.20-ocaml-5.2@sha256:495b527eb0daa39816b44f7e6cf419ea101cd22d554e5b21d120f492b0b37897
USER 1000:1000
WORKDIR /home/opam
RUN sudo ln -f /usr/bin/opam-dev /usr/bin/opam
RUN opam init --reinit -ni
RUN uname -rs && opam exec -- ocaml -version && opam --version
ENV OPAMDOWNLOADJOBS="1"
ENV OPAMERRLOGLEN="0"
ENV OPAMSOLVERTIMEOUT="1000"
ENV OPAMPRECISETRACKING="1"
ENV CI="true"
ENV OPAM_REPO_CI="true"
RUN rm -rf opam-repository/
COPY --chown=1000:1000 . opam-repository/
RUN opam repository set-url --strict default opam-repository/
RUN opam update --depexts || true
RUN opam pin add -k version -yn cohttp-curl-lwt.6.0.0 6.0.0
RUN opam reinstall cohttp-curl-lwt.6.0.0; \
    res=$?; \
    test "$res" != 31 && exit "$res"; \
    export OPAMCLI=2.0; \
    build_dir=$(opam var prefix)/.opam-switch/build; \
    failed=$(ls "$build_dir"); \
    partial_fails=""; \
    for pkg in $failed; do \
    if opam show -f x-ci-accept-failures: "$pkg" | grep -qF "\"alpine-3.20\""; then \
    echo "A package failed and has been disabled for CI using the 'x-ci-accept-failures' field."; \
    fi; \
    test "$pkg" != 'cohttp-curl-lwt.6.0.0' && partial_fails="$partial_fails $pkg"; \
    done; \
    test "${partial_fails}" != "" && echo "opam-repo-ci detected dependencies failing: ${partial_fails}"; \
    exit 1
RUN (opam reinstall --with-test cohttp-curl-lwt.6.0.0) || true
RUN opam reinstall --with-test --verbose cohttp-curl-lwt.6.0.0; \
    res=$?; \
    test "$res" != 31 && exit "$res"; \
    export OPAMCLI=2.0; \
    build_dir=$(opam var prefix)/.opam-switch/build; \
    failed=$(ls "$build_dir"); \
    partial_fails=""; \
    for pkg in $failed; do \
    if opam show -f x-ci-accept-failures: "$pkg" | grep -qF "\"alpine-3.20\""; then \
    echo "A package failed and has been disabled for CI using the 'x-ci-accept-failures' field."; \
    fi; \
    test "$pkg" != 'cohttp-curl-lwt.6.0.0' && partial_fails="$partial_fails $pkg"; \
    done; \
    test "${partial_fails}" != "" && echo "opam-repo-ci detected dependencies failing: ${partial_fails}"; \
    exit 1
[0m
END-OF-DOCKERFILE
docker build -f ../Dockerfile .

2024-11-23 11:13.05: Using cache hint "ocaml/opam:alpine-3.20-ocaml-5.2@sha256:495b527eb0daa39816b44f7e6cf419ea101cd22d554e5b21d120f492b0b37897-cohttp-curl-lwt.6.0.0-5e85658ef7dec0b072e561cdfb8474c0b3651ab9"
2024-11-23 11:13.05: Using OBuilder spec:
((from ocaml/opam:alpine-3.20-ocaml-5.2@sha256:495b527eb0daa39816b44f7e6cf419ea101cd22d554e5b21d120f492b0b37897)
 (user (uid 1000) (gid 1000))
 (workdir /home/opam)
 (run (shell "sudo ln -f /usr/bin/opam-dev /usr/bin/opam"))
 (run (network host)
      (shell "opam init --reinit --config .opamrc-sandbox -ni"))
 (run (shell "uname -rs && opam exec -- ocaml -version && opam --version"))
 (env OPAMDOWNLOADJOBS 1)
 (env OPAMERRLOGLEN 0)
 (env OPAMSOLVERTIMEOUT 1000)
 (env OPAMPRECISETRACKING 1)
 (env CI true)
 (env OPAM_REPO_CI true)
 (run (shell "rm -rf opam-repository/"))
 (copy (src .) (dst opam-repository/))
 (run (shell "opam repository set-url --strict default opam-repository/"))
 (run (network host)
      (shell "opam update --depexts || true"))
 (run (shell "opam pin add -k version -yn cohttp-curl-lwt.6.0.0 6.0.0"))
 (run (cache (opam-archives (target /home/opam/.opam/download-cache)))
      (network host)
      (shell  "opam reinstall cohttp-curl-lwt.6.0.0;\
             \n        res=$?;\
             \n        test \"$res\" != 31 && exit \"$res\";\
             \n        export OPAMCLI=2.0;\
             \n        build_dir=$(opam var prefix)/.opam-switch/build;\
             \n        failed=$(ls \"$build_dir\");\
             \n        partial_fails=\"\";\
             \n        for pkg in $failed; do\
             \n          if opam show -f x-ci-accept-failures: \"$pkg\" | grep -qF \"\\\"alpine-3.20\\\"\"; then\
             \n            echo \"A package failed and has been disabled for CI using the 'x-ci-accept-failures' field.\";\
             \n          fi;\
             \n          test \"$pkg\" != 'cohttp-curl-lwt.6.0.0' && partial_fails=\"$partial_fails $pkg\";\
             \n        done;\
             \n        test \"${partial_fails}\" != \"\" && echo \"opam-repo-ci detected dependencies failing: ${partial_fails}\";\
             \n        exit 1"))
 (run (network host)
      (shell "(opam reinstall --with-test cohttp-curl-lwt.6.0.0) || true"))
 (run (shell  "opam reinstall --with-test --verbose cohttp-curl-lwt.6.0.0;\
             \n        res=$?;\
             \n        test \"$res\" != 31 && exit \"$res\";\
             \n        export OPAMCLI=2.0;\
             \n        build_dir=$(opam var prefix)/.opam-switch/build;\
             \n        failed=$(ls \"$build_dir\");\
             \n        partial_fails=\"\";\
             \n        for pkg in $failed; do\
             \n          if opam show -f x-ci-accept-failures: \"$pkg\" | grep -qF \"\\\"alpine-3.20\\\"\"; then\
             \n            echo \"A package failed and has been disabled for CI using the 'x-ci-accept-failures' field.\";\
             \n          fi;\
             \n          test \"$pkg\" != 'cohttp-curl-lwt.6.0.0' && partial_fails=\"$partial_fails $pkg\";\
             \n        done;\
             \n        test \"${partial_fails}\" != \"\" && echo \"opam-repo-ci detected dependencies failing: ${partial_fails}\";\
             \n        exit 1"))
)

2024-11-23 11:13.05: Waiting for resource in pool OCluster
2024-11-23 12:30.10: Waiting for worker…
2024-11-23 12:35.43: Got resource from pool OCluster
Building on x86-bm-c18.sw.ocaml.org
All commits already cached
Updating files:  88% (28886/32729)Updating files:  89% (29129/32729)Updating files:  90% (29457/32729)Updating files:  91% (29784/32729)Updating files:  92% (30111/32729)Updating files:  93% (30438/32729)Updating files:  94% (30766/32729)Updating files:  95% (31093/32729)Updating files:  96% (31420/32729)Updating files:  97% (31748/32729)Updating files:  98% (32075/32729)Updating files:  99% (32402/32729)Updating files: 100% (32729/32729)Updating files: 100% (32729/32729), done.
HEAD is now at 595a5de885 Merge pull request #26930 from avsm/graphql-cohttp-upper
Merge made by the 'ort' strategy.
 packages/cohttp-async/cohttp-async.6.0.0/opam      | 73 +++++++++++++++++++++
 packages/cohttp-bench/cohttp-bench.6.0.0/opam      | 61 ++++++++++++++++++
 .../cohttp-curl-async/cohttp-curl-async.6.0.0/opam | 62 ++++++++++++++++++
 .../cohttp-curl-lwt/cohttp-curl-lwt.6.0.0/opam     | 61 ++++++++++++++++++
 packages/cohttp-curl/cohttp-curl.6.0.0/opam        | 50 +++++++++++++++
 packages/cohttp-eio/cohttp-eio.6.0.0/opam          | 62 ++++++++++++++++++
 .../cohttp-lwt-jsoo/cohttp-lwt-jsoo.6.0.0/opam     | 62 ++++++++++++++++++
 .../cohttp-lwt-unix/cohttp-lwt-unix.6.0.0/opam     | 69 ++++++++++++++++++++
 packages/cohttp-lwt/cohttp-lwt.6.0.0/opam          | 61 ++++++++++++++++++
 packages/cohttp-mirage/cohttp-mirage.6.0.0/opam    | 69 ++++++++++++++++++++
 .../cohttp-server-lwt-unix.6.0.0/opam              | 56 ++++++++++++++++
 packages/cohttp-top/cohttp-top.6.0.0/opam          | 53 ++++++++++++++++
 packages/cohttp/cohttp.6.0.0/opam                  | 74 ++++++++++++++++++++++
 packages/http/http.6.0.0/opam                      | 59 +++++++++++++++++
 14 files changed, 872 insertions(+)
 create mode 100644 packages/cohttp-async/cohttp-async.6.0.0/opam
 create mode 100644 packages/cohttp-bench/cohttp-bench.6.0.0/opam
 create mode 100644 packages/cohttp-curl-async/cohttp-curl-async.6.0.0/opam
 create mode 100644 packages/cohttp-curl-lwt/cohttp-curl-lwt.6.0.0/opam
 create mode 100644 packages/cohttp-curl/cohttp-curl.6.0.0/opam
 create mode 100644 packages/cohttp-eio/cohttp-eio.6.0.0/opam
 create mode 100644 packages/cohttp-lwt-jsoo/cohttp-lwt-jsoo.6.0.0/opam
 create mode 100644 packages/cohttp-lwt-unix/cohttp-lwt-unix.6.0.0/opam
 create mode 100644 packages/cohttp-lwt/cohttp-lwt.6.0.0/opam
 create mode 100644 packages/cohttp-mirage/cohttp-mirage.6.0.0/opam
 create mode 100644 packages/cohttp-server-lwt-unix/cohttp-server-lwt-unix.6.0.0/opam
 create mode 100644 packages/cohttp-top/cohttp-top.6.0.0/opam
 create mode 100644 packages/cohttp/cohttp.6.0.0/opam
 create mode 100644 packages/http/http.6.0.0/opam

[01;34m(from ocaml/opam:alpine-3.20-ocaml-5.2@sha256:495b527eb0daa39816b44f7e6cf419ea101cd22d554e5b21d120f492b0b37897)[0m
[01;2m[01;35m2024-11-23 12:36.29 ---> saved as "e18a439b8590b865c92a7b15fb494876950ca61c8b96eafeb80e88fb5818c6fd"[0m

[01;34m/: (user (uid 1000) (gid 1000))[0m

[01;34m/: (workdir /home/opam)[0m

[01;34m/home/opam: (run (shell "sudo ln -f /usr/bin/opam-dev /usr/bin/opam"))[0m
[01;2m[01;35m2024-11-23 12:36.29 ---> saved as "d8d34e28478c125ae58e1e660288af29e1d66ee7ea850160b7fb0352586cbfb2"[0m

[01;34m/home/opam: (run (network host)
                 (shell "opam init --reinit --config .opamrc-sandbox -ni"))[0m
Configuring from /home/opam/.opamrc-sandbox, then /home/opam/.opamrc, and finally from built-in defaults.
Checking for available remotes: rsync and local, git.
  - you won't be able to use mercurial repositories unless you install the hg command on your system.
  - you won't be able to use darcs repositories unless you install the darcs command on your system.

Continue? [Y/n] y
This development version of opam requires an update to the layout of /home/opam/.opam from version 2.0 to version 2.2, which can't be reverted.
You may want to back it up before going further.

[NOTE] The 'jobs' option was reset, its value was 255 and its new value will vary according to the current number of cores on your machine. You can restore the fixed value using:
           opam option jobs=255 --global
Format upgrade done.

<><> Updating repositories ><><><><><><><><><><><><><><><><><><><><><><><><><><>
[default] synchronised from file:///home/opam/opam-repository
[01;2m[01;35m2024-11-23 12:38.13 ---> saved as "d5a261b4abac9ed013f073fd2ba3b8c877c709208b456b65c19dc596732baebe"[0m

[01;34m/home/opam: (run (shell "uname -rs && opam exec -- ocaml -version && opam --version"))[0m
Linux 5.15.0-125-generic
The OCaml toplevel, version 5.2.1
2.4.0~alpha1~dev
[01;2m[01;35m2024-11-23 12:38.13 ---> saved as "f813a37a5e0fc5eb8df14c281396f34194f1c58bc40d0977e32808278f4a8e30"[0m

[01;34m/home/opam: (env OPAMDOWNLOADJOBS 1)[0m

[01;34m/home/opam: (env OPAMERRLOGLEN 0)[0m

[01;34m/home/opam: (env OPAMSOLVERTIMEOUT 1000)[0m

[01;34m/home/opam: (env OPAMPRECISETRACKING 1)[0m

[01;34m/home/opam: (env CI true)[0m

[01;34m/home/opam: (env OPAM_REPO_CI true)[0m

[01;34m/home/opam: (run (shell "rm -rf opam-repository/"))[0m
[01;2m[01;35m2024-11-23 12:38.19 ---> saved as "7c9609a22e97ddf01a5399c089ff37a85145fb9f6e8c82d4d4c9dd6c902f0b06"[0m

[01;34m/home/opam: (copy (src .) (dst opam-repository/))[0m
[01;2m[01;35m2024-11-23 12:38.29 ---> saved as "2fcab82d0c790d1a25520e3c7141297d888b6cc54e332e6f812b7adfbc93ea67"[0m

[01;34m/home/opam: (run (shell "opam repository set-url --strict default opam-repository/"))[0m
[default] Initialised
[01;2m[01;35m2024-11-23 12:39.30 ---> saved as "410d22d9b60095d2ff365a2ddda84da6827f63937f3366bdd79b4171a4874573"[0m

[01;34m/home/opam: (run (network host)
                 (shell "opam update --depexts || true"))[0m
+ /usr/bin/sudo "apk" "update"
- fetch https://dl-cdn.alpinelinux.org/alpine/v3.20/main/x86_64/APKINDEX.tar.gz
- fetch https://dl-cdn.alpinelinux.org/alpine/v3.20/community/x86_64/APKINDEX.tar.gz
- fetch https://dl-cdn.alpinelinux.org/alpine/edge/main/x86_64/APKINDEX.tar.gz
- fetch https://dl-cdn.alpinelinux.org/alpine/edge/community/x86_64/APKINDEX.tar.gz
- fetch https://dl-cdn.alpinelinux.org/alpine/edge/testing/x86_64/APKINDEX.tar.gz
- v3.20.3-336-g9bf1b48dd0b [https://dl-cdn.alpinelinux.org/alpine/v3.20/main]
- v3.20.3-346-gf092a3621df [https://dl-cdn.alpinelinux.org/alpine/v3.20/community]
- v20240923-5088-g92cc27fd38d [https://dl-cdn.alpinelinux.org/alpine/edge/main]
- v20240923-5090-gcc7f6d11417 [https://dl-cdn.alpinelinux.org/alpine/edge/community]
- v20240923-5083-gb2e87dfdd4f [https://dl-cdn.alpinelinux.org/alpine/edge/testing]
- OK: 55981 distinct packages available
[01;2m[01;35m2024-11-23 12:39.31 ---> saved as "4f3bdc5cb09483cff2bca2a9c59c990a1b1d808569c8e2c55aea10e7417a53bc"[0m

[01;34m/home/opam: (run (shell "opam pin add -k version -yn cohttp-curl-lwt.6.0.0 6.0.0"))[0m
cohttp-curl-lwt is now pinned to version 6.0.0
[01;2m[01;35m2024-11-23 12:39.32 ---> saved as "6e1746ac5a7ff5f2d3c8a7929f81fd9ac793105bc306cebc3d288c3158247045"[0m

[01;34m/home/opam: (run (cache (opam-archives (target /home/opam/.opam/download-cache)))
                 (network host)
                 (shell  "opam reinstall cohttp-curl-lwt.6.0.0;\
                        \n        res=$?;\
                        \n        test \"$res\" != 31 && exit \"$res\";\
                        \n        export OPAMCLI=2.0;\
                        \n        build_dir=$(opam var prefix)/.opam-switch/build;\
                        \n        failed=$(ls \"$build_dir\");\
                        \n        partial_fails=\"\";\
                        \n        for pkg in $failed; do\
                        \n          if opam show -f x-ci-accept-failures: \"$pkg\" | grep -qF \"\\\"alpine-3.20\\\"\"; then\
                        \n            echo \"A package failed and has been disabled for CI using the 'x-ci-accept-failures' field.\";\
                        \n          fi;\
                        \n          test \"$pkg\" != 'cohttp-curl-lwt.6.0.0' && partial_fails=\"$partial_fails $pkg\";\
                        \n        done;\
                        \n        test \"${partial_fails}\" != \"\" && echo \"opam-repo-ci detected dependencies failing: ${partial_fails}\";\
                        \n        exit 1"))[0m
cohttp-curl-lwt.6.0.0 is not installed. Install it? [Y/n] y
The following actions will be performed:
=== install 14 packages
  - install base-bytes        base           [required by ocplib-endian]
  - install cohttp-curl       6.0.0          [required by cohttp-curl-lwt]
  - install cohttp-curl-lwt   6.0.0 (pinned)
  - install conf-libcurl      2              [required by ocurl]
  - install cppo              1.7.0          [required by lwt]
  - install csexp             1.5.2          [required by dune-configurator]
  - install dune              3.16.1         [required by cohttp-curl-lwt]
  - install dune-configurator 3.16.1         [required by lwt]
  - install http              6.0.0          [required by cohttp-curl-lwt]
  - install lwt               5.9.0          [required by cohttp-curl-lwt]
  - install ocamlfind         1.9.6          [required by ocurl]
  - install ocplib-endian     1.2            [required by lwt]
  - install ocurl             0.9.2          [required by cohttp-curl-lwt]
  - install stringext         1.6.0          [required by cohttp-curl-lwt]

The following system packages will first need to be installed:
    curl-dev

<><> Handling external dependencies <><><><><><><><><><><><><><><><><><><><><><>

opam believes some required external dependencies are missing. opam can:
> 1. Run apk to install them (may need root/sudo access)
  2. Display the recommended apk command and wait while you run it manually (e.g. in another terminal)
  3. Continue anyway, and, upon success, permanently register that this external dependency is present, but not detectable
  4. Abort the installation

[1/2/3/4] 1

+ /usr/bin/sudo "apk" "add" "curl-dev"
- (1/11) Installing brotli (1.1.0-r2)
- (2/11) Installing brotli-dev (1.1.0-r2)
- (3/11) Installing c-ares-dev (1.33.1-r0)
- (4/11) Installing libidn2-dev (2.3.7-r0)
- (5/11) Installing libpsl-utils (0.21.5-r1)
- (6/11) Installing libpsl-dev (0.21.5-r1)
- (7/11) Installing nghttp2-dev (1.62.1-r0)
- (8/11) Installing openssl-dev (3.3.2-r1)
- (9/11) Installing zlib-dev (1.3.1-r1)
- (10/11) Installing zstd-dev (1.5.6-r0)
- (11/11) Installing curl-dev (8.11.0-r2)
- Executing busybox-1.36.1-r29.trigger
- OK: 297 MiB in 112 packages

<><> Processing actions <><><><><><><><><><><><><><><><><><><><><><><><><><><><>
-> retrieved cohttp-curl.6.0.0, cohttp-curl-lwt.6.0.0, http.6.0.0  (cached)
-> retrieved cppo.1.7.0  (cached)
-> retrieved csexp.1.5.2  (cached)
-> installed conf-libcurl.2
-> retrieved dune.3.16.1, dune-configurator.3.16.1  (cached)
-> retrieved lwt.5.9.0  (cached)
-> retrieved ocamlfind.1.9.6  (cached)
-> retrieved ocplib-endian.1.2  (cached)
-> retrieved ocurl.0.9.2  (cached)
-> retrieved stringext.1.6.0  (cached)
-> installed ocamlfind.1.9.6
-> installed base-bytes.base
-> installed dune.3.16.1
-> installed stringext.1.6.0
-> installed csexp.1.5.2
-> installed http.6.0.0
-> installed cppo.1.7.0
-> installed ocplib-endian.1.2
-> installed dune-configurator.3.16.1
-> installed lwt.5.9.0
-> installed ocurl.0.9.2
-> installed cohttp-curl.6.0.0
-> installed cohttp-curl-lwt.6.0.0
Done.
# To update the current shell environment, run: eval $(opam env)
[01;2m[01;35m2024-11-23 12:40.58 ---> saved as "b27da49f3212a1d78941cef491645a82f318e2fccf014d3cf4bd41c11784dca1"[0m

[01;34m/home/opam: (run (network host)
                 (shell "(opam reinstall --with-test cohttp-curl-lwt.6.0.0) || true"))[0m
[ERROR] Sorry, resolution of the request timed out.
        Try to specify a more precise request, use a different solver, or increase the allowed time by setting OPAMSOLVERTIMEOUT to a bigger value (currently, it is set to 1000.0 seconds).
[01;2m[01;35m2024-11-23 12:58.01 ---> saved as "d7a493f1db5118b1f55d4354402900d92ce3a7b4b7325a397aeffbc733860508"[0m

[01;34m/home/opam: (run (shell  "opam reinstall --with-test --verbose cohttp-curl-lwt.6.0.0;\
                        \n        res=$?;\
                        \n        test \"$res\" != 31 && exit \"$res\";\
                        \n        export OPAMCLI=2.0;\
                        \n        build_dir=$(opam var prefix)/.opam-switch/build;\
                        \n        failed=$(ls \"$build_dir\");\
                        \n        partial_fails=\"\";\
                        \n        for pkg in $failed; do\
                        \n          if opam show -f x-ci-accept-failures: \"$pkg\" | grep -qF \"\\\"alpine-3.20\\\"\"; then\
                        \n            echo \"A package failed and has been disabled for CI using the 'x-ci-accept-failures' field.\";\
                        \n          fi;\
                        \n          test \"$pkg\" != 'cohttp-curl-lwt.6.0.0' && partial_fails=\"$partial_fails $pkg\";\
                        \n        done;\
                        \n        test \"${partial_fails}\" != \"\" && echo \"opam-repo-ci detected dependencies failing: ${partial_fails}\";\
                        \n        exit 1"))[0m
[ERROR] Sorry, resolution of the request timed out.
        Try to specify a more precise request, use a different solver, or increase the allowed time by setting OPAMSOLVERTIMEOUT to a bigger value (currently, it is set to 1000.0 seconds).
'opam reinstall --with-test --verbose cohttp-curl-lwt.6.0.0' failed.
"/usr/bin/env" "bash" "-c" "opam reinstall --with-test --verbose cohttp-curl-lwt.6.0.0;
        res=$?;
        test "$res" != 31 && exit "$res";
        export OPAMCLI=2.0;
        build_dir=$(opam var prefix)/.opam-switch/build;
        failed=$(ls "$build_dir");
        partial_fails="";
        for pkg in $failed; do
          if opam show -f x-ci-accept-failures: "$pkg" | grep -qF "\"alpine-3.20\""; then
            echo "A package failed and has been disabled for CI using the 'x-ci-accept-failures' field.";
          fi;
          test "$pkg" != 'cohttp-curl-lwt.6.0.0' && partial_fails="$partial_fails $pkg";
        done;
        test "${partial_fails}" != "" && echo "opam-repo-ci detected dependencies failing: ${partial_fails}";
        exit 1" failed with exit status 60
2024-11-23 13:15.17: Job failed: Failed: Build failed
2024-11-23 13:15.17: Log analysis:
2024-11-23 13:15.17: >>> 
[ERROR] Sorry, resolution of the request timed out.
 (score = 20)
2024-11-23 13:15.17: >>> 
[ERROR] Sorry, resolution of the request timed out.
 (score = 20)
2024-11-23 13:15.17: Sorry, resolution of the request timed out.
