2024-11-25 21:59.44: New job: test caldav.0.1.0, using opam 2.1
                              from https://github.com/ocaml/opam-repository.git#refs/pull/26950/head (f83c066b82d2cc921f725d5ad7c8b3df17ee1c1a)
                              on debian-12-ocaml-4.14/amd64

To reproduce locally:

cd $(mktemp -d)
git clone --recursive "https://github.com/ocaml/opam-repository.git" && cd "opam-repository" && git fetch origin "refs/pull/26950/head" && git reset --hard f83c066b
git fetch origin master
git merge --no-edit e62e88dccc1d1181b3fa83b78e2bf462598afb92
cat > ../Dockerfile <<'END-OF-DOCKERFILE'
[34mFROM ocaml/opam:debian-12-ocaml-4.14@sha256:3b83406bd3604cbe91e1a7499b0a6b18dd710d949d68282fb558bf3d301d3e97
USER 1000:1000
WORKDIR /home/opam
RUN sudo ln -f /usr/bin/opam-2.1 /usr/bin/opam
RUN opam init --reinit -ni
RUN uname -rs && opam exec -- ocaml -version && opam --version
ENV OPAMDOWNLOADJOBS="1"
ENV OPAMERRLOGLEN="0"
ENV OPAMSOLVERTIMEOUT="1000"
ENV OPAMPRECISETRACKING="1"
ENV CI="true"
ENV OPAM_REPO_CI="true"
RUN rm -rf opam-repository/
COPY --chown=1000:1000 . opam-repository/
RUN opam repository set-url --strict default opam-repository/
RUN opam update --depexts || true
RUN opam pin add -k version -yn caldav.0.1.0 0.1.0
RUN opam reinstall caldav.0.1.0; \
    res=$?; \
    test "$res" != 31 && exit "$res"; \
    export OPAMCLI=2.0; \
    build_dir=$(opam var prefix)/.opam-switch/build; \
    failed=$(ls "$build_dir"); \
    partial_fails=""; \
    for pkg in $failed; do \
    if opam show -f x-ci-accept-failures: "$pkg" | grep -qF "\"debian-12\""; then \
    echo "A package failed and has been disabled for CI using the 'x-ci-accept-failures' field."; \
    fi; \
    test "$pkg" != 'caldav.0.1.0' && partial_fails="$partial_fails $pkg"; \
    done; \
    test "${partial_fails}" != "" && echo "opam-repo-ci detected dependencies failing: ${partial_fails}"; \
    exit 1
RUN (opam reinstall --with-test caldav.0.1.0) || true
RUN opam reinstall --with-test --verbose caldav.0.1.0; \
    res=$?; \
    test "$res" != 31 && exit "$res"; \
    export OPAMCLI=2.0; \
    build_dir=$(opam var prefix)/.opam-switch/build; \
    failed=$(ls "$build_dir"); \
    partial_fails=""; \
    for pkg in $failed; do \
    if opam show -f x-ci-accept-failures: "$pkg" | grep -qF "\"debian-12\""; then \
    echo "A package failed and has been disabled for CI using the 'x-ci-accept-failures' field."; \
    fi; \
    test "$pkg" != 'caldav.0.1.0' && partial_fails="$partial_fails $pkg"; \
    done; \
    test "${partial_fails}" != "" && echo "opam-repo-ci detected dependencies failing: ${partial_fails}"; \
    exit 1
[0m
END-OF-DOCKERFILE
docker build -f ../Dockerfile .

2024-11-25 21:59.44: Using cache hint "ocaml/opam:debian-12-ocaml-4.14@sha256:3b83406bd3604cbe91e1a7499b0a6b18dd710d949d68282fb558bf3d301d3e97-caldav.0.1.0-f83c066b82d2cc921f725d5ad7c8b3df17ee1c1a"
2024-11-25 21:59.44: Using OBuilder spec:
((from ocaml/opam:debian-12-ocaml-4.14@sha256:3b83406bd3604cbe91e1a7499b0a6b18dd710d949d68282fb558bf3d301d3e97)
 (user (uid 1000) (gid 1000))
 (workdir /home/opam)
 (run (shell "sudo ln -f /usr/bin/opam-2.1 /usr/bin/opam"))
 (run (network host)
      (shell "opam init --reinit --config .opamrc-sandbox -ni"))
 (run (shell "uname -rs && opam exec -- ocaml -version && opam --version"))
 (env OPAMDOWNLOADJOBS 1)
 (env OPAMERRLOGLEN 0)
 (env OPAMSOLVERTIMEOUT 1000)
 (env OPAMPRECISETRACKING 1)
 (env CI true)
 (env OPAM_REPO_CI true)
 (run (shell "rm -rf opam-repository/"))
 (copy (src .) (dst opam-repository/))
 (run (shell "opam repository set-url --strict default opam-repository/"))
 (run (network host)
      (shell "opam update --depexts || true"))
 (run (shell "opam pin add -k version -yn caldav.0.1.0 0.1.0"))
 (run (cache (opam-archives (target /home/opam/.opam/download-cache)))
      (network host)
      (shell  "opam reinstall caldav.0.1.0;\
             \n        res=$?;\
             \n        test \"$res\" != 31 && exit \"$res\";\
             \n        export OPAMCLI=2.0;\
             \n        build_dir=$(opam var prefix)/.opam-switch/build;\
             \n        failed=$(ls \"$build_dir\");\
             \n        partial_fails=\"\";\
             \n        for pkg in $failed; do\
             \n          if opam show -f x-ci-accept-failures: \"$pkg\" | grep -qF \"\\\"debian-12\\\"\"; then\
             \n            echo \"A package failed and has been disabled for CI using the 'x-ci-accept-failures' field.\";\
             \n          fi;\
             \n          test \"$pkg\" != 'caldav.0.1.0' && partial_fails=\"$partial_fails $pkg\";\
             \n        done;\
             \n        test \"${partial_fails}\" != \"\" && echo \"opam-repo-ci detected dependencies failing: ${partial_fails}\";\
             \n        exit 1"))
 (run (network host)
      (shell "(opam reinstall --with-test caldav.0.1.0) || true"))
 (run (shell  "opam reinstall --with-test --verbose caldav.0.1.0;\
             \n        res=$?;\
             \n        test \"$res\" != 31 && exit \"$res\";\
             \n        export OPAMCLI=2.0;\
             \n        build_dir=$(opam var prefix)/.opam-switch/build;\
             \n        failed=$(ls \"$build_dir\");\
             \n        partial_fails=\"\";\
             \n        for pkg in $failed; do\
             \n          if opam show -f x-ci-accept-failures: \"$pkg\" | grep -qF \"\\\"debian-12\\\"\"; then\
             \n            echo \"A package failed and has been disabled for CI using the 'x-ci-accept-failures' field.\";\
             \n          fi;\
             \n          test \"$pkg\" != 'caldav.0.1.0' && partial_fails=\"$partial_fails $pkg\";\
             \n        done;\
             \n        test \"${partial_fails}\" != \"\" && echo \"opam-repo-ci detected dependencies failing: ${partial_fails}\";\
             \n        exit 1"))
)

2024-11-25 21:59.44: Waiting for resource in pool OCluster
2024-11-25 23:24.16: Waiting for worker…
2024-11-25 23:33.18: Got resource from pool OCluster
Building on x86-bm-c10.sw.ocaml.org
All commits already cached
Updating files:  82% (26971/32723)Updating files:  83% (27161/32723)Updating files:  84% (27488/32723)Updating files:  85% (27815/32723)Updating files:  86% (28142/32723)Updating files:  87% (28470/32723)Updating files:  88% (28797/32723)Updating files:  89% (29124/32723)Updating files:  90% (29451/32723)Updating files:  91% (29778/32723)Updating files:  92% (30106/32723)Updating files:  93% (30433/32723)Updating files:  94% (30760/32723)Updating files:  95% (31087/32723)Updating files:  96% (31415/32723)Updating files:  97% (31742/32723)Updating files:  98% (32069/32723)Updating files:  99% (32396/32723)Updating files: 100% (32723/32723)Updating files: 100% (32723/32723), done.
HEAD is now at e62e88dccc Merge pull request #26953 from shonfeder/revert-color-0.3.0
Merge made by the 'ort' strategy.
 packages/caldav/caldav.0.1.0/opam                         | 2 +-
 packages/caldav/caldav.0.1.1/opam                         | 2 +-
 packages/caldav/caldav.0.2.0/opam                         | 2 +-
 packages/caldav/caldav.0.2.2/opam                         | 2 +-
 packages/caldav/caldav.0.2.3/opam                         | 2 +-
 packages/graphql-cohttp/graphql-cohttp.0.9.0/opam         | 2 +-
 packages/h1_parser/h1_parser.0.0.2/opam                   | 2 +-
 packages/picos_io_cohttp/picos_io_cohttp.0.5.0/opam       | 2 +-
 packages/picos_io_cohttp/picos_io_cohttp.0.6.0/opam       | 2 +-
 packages/tidy_email_mailgun/tidy_email_mailgun.0.0.1/opam | 2 +-
 packages/websocket-async/websocket-async.2.17/opam        | 2 +-
 11 files changed, 11 insertions(+), 11 deletions(-)

[01;34m(from ocaml/opam:debian-12-ocaml-4.14@sha256:3b83406bd3604cbe91e1a7499b0a6b18dd710d949d68282fb558bf3d301d3e97)[0m
[01;2m[01;35m2024-11-25 23:33.20 ---> using "16c9fc8fd763c524ae1606da9019c341fc2748b0a1d360269689e19099d4c66f" from cache[0m

[01;34m/: (user (uid 1000) (gid 1000))[0m

[01;34m/: (workdir /home/opam)[0m

[01;34m/home/opam: (run (shell "sudo ln -f /usr/bin/opam-2.1 /usr/bin/opam"))[0m
[01;2m[01;35m2024-11-25 23:33.20 ---> using "4e1de5e52444fc11eda782b61e1fd5e2c5ed273e7e19343814b8f27f998c1fe1" from cache[0m

[01;34m/home/opam: (run (network host)
                 (shell "opam init --reinit --config .opamrc-sandbox -ni"))[0m
Configuring from /home/opam/.opamrc-sandbox, then /home/opam/.opamrc, and finally from built-in defaults.
Checking for available remotes: rsync and local, git.
  - you won't be able to use mercurial repositories unless you install the hg command on your system.
  - you won't be able to use darcs repositories unless you install the darcs command on your system.

This development version of opam requires an update to the layout of /home/opam/.opam from version 2.0 to version 2.1, which can't be reverted.
You may want to back it up before going further.

Continue? [Y/n] y
Format upgrade done.

<><> Updating repositories ><><><><><><><><><><><><><><><><><><><><><><><><><><>
[default] synchronised from file:///home/opam/opam-repository
[01;2m[01;35m2024-11-25 23:33.20 ---> using "528399ebab1bbc7510c9a3fb03fab672a82f88b8f523995c24103ac9be7600fb" from cache[0m

[01;34m/home/opam: (run (shell "uname -rs && opam exec -- ocaml -version && opam --version"))[0m
Linux 5.15.0-126-generic
The OCaml toplevel, version 4.14.2
2.1.6
[01;2m[01;35m2024-11-25 23:33.20 ---> using "5120095ad7ce2baccacf98b35af24fbd8f92d0a48edcf264951e46461c57fe31" from cache[0m

[01;34m/home/opam: (env OPAMDOWNLOADJOBS 1)[0m

[01;34m/home/opam: (env OPAMERRLOGLEN 0)[0m

[01;34m/home/opam: (env OPAMSOLVERTIMEOUT 1000)[0m

[01;34m/home/opam: (env OPAMPRECISETRACKING 1)[0m

[01;34m/home/opam: (env CI true)[0m

[01;34m/home/opam: (env OPAM_REPO_CI true)[0m

[01;34m/home/opam: (run (shell "rm -rf opam-repository/"))[0m
[01;2m[01;35m2024-11-25 23:33.20 ---> using "5372bb769bb6f69061a85aacd6dd2a75c6cac3e12d3df440a2ccf4cc2a1d728d" from cache[0m

[01;34m/home/opam: (copy (src .) (dst opam-repository/))[0m
[01;2m[01;35m2024-11-25 23:33.22 ---> using "172fde59f56a3dfa3c5eeb9d0fcad6f3680bdd3e51a78d28f04d3c80f7087a0e" from cache[0m

[01;34m/home/opam: (run (shell "opam repository set-url --strict default opam-repository/"))[0m
[default] Initialised
[01;2m[01;35m2024-11-25 23:33.22 ---> using "225f060a468b6f92467237b1055b0cb46befdaceae254a75a6351aa49d2ed10d" from cache[0m

[01;34m/home/opam: (run (network host)
                 (shell "opam update --depexts || true"))[0m
+ /usr/bin/sudo "apt-get" "update"
- Hit:1 http://deb.debian.org/debian bookworm InRelease
- Get:2 http://deb.debian.org/debian bookworm-updates InRelease [55.4 kB]
- Get:3 http://deb.debian.org/debian-security bookworm-security InRelease [48.0 kB]
- Get:4 http://deb.debian.org/debian-security bookworm-security/main amd64 Packages [205 kB]
- Fetched 309 kB in 0s (1258 kB/s)
- Reading package lists...
[01;2m[01;35m2024-11-25 23:33.22 ---> using "d9cc7d34135b25391a00cad2a2364cfc6d03613d74d3ff39149e8e959c334d42" from cache[0m

[01;34m/home/opam: (run (shell "opam pin add -k version -yn caldav.0.1.0 0.1.0"))[0m
caldav is now pinned to version 0.1.0
[01;2m[01;35m2024-11-25 23:33.22 ---> using "fa7a44b8673af0f7ed98e665e58458b1f5f25a2de2382068e604725bb58a5dd7" from cache[0m

[01;34m/home/opam: (run (cache (opam-archives (target /home/opam/.opam/download-cache)))
                 (network host)
                 (shell  "opam reinstall caldav.0.1.0;\
                        \n        res=$?;\
                        \n        test \"$res\" != 31 && exit \"$res\";\
                        \n        export OPAMCLI=2.0;\
                        \n        build_dir=$(opam var prefix)/.opam-switch/build;\
                        \n        failed=$(ls \"$build_dir\");\
                        \n        partial_fails=\"\";\
                        \n        for pkg in $failed; do\
                        \n          if opam show -f x-ci-accept-failures: \"$pkg\" | grep -qF \"\\\"debian-12\\\"\"; then\
                        \n            echo \"A package failed and has been disabled for CI using the 'x-ci-accept-failures' field.\";\
                        \n          fi;\
                        \n          test \"$pkg\" != 'caldav.0.1.0' && partial_fails=\"$partial_fails $pkg\";\
                        \n        done;\
                        \n        test \"${partial_fails}\" != \"\" && echo \"opam-repo-ci detected dependencies failing: ${partial_fails}\";\
                        \n        exit 1"))[0m
caldav.0.1.0 is not installed. Install it? [Y/n] y
The following actions will be performed:
  - install ocamlbuild          0.15.0  [required by xmlm]
  - install num                 1.5-1   [required by sexplib]
  - install ocamlfind           1.9.6   [required by xmlm]
  - install seq                 base    [required by tyxml]
  - install dune                3.16.1  [required by caldav]
  - install topkg               1.0.7   [required by xmlm]
  - install base-bytes          base    [required by cohttp]
  - install stringext           1.6.0   [required by cohttp]
  - install stdlib-shims        0.3.0   [required by icalendar]
  - install sexplib0            v0.15.1 [required by cohttp-lwt, cohttp, sexplib]
  - install result              1.5     [required by dispatch]
  - install re                  1.12.0  [required by caldav]
  - install ppx_derivers        1.2.1   [required by ppx_deriving]
  - install ocaml-compiler-libs v0.12.4 [required by ppxlib]
  - install mirage-clock        4.2.0   [required by caldav]
  - install gmap                0.3.0   [required by icalendar]
  - install duration            0.2.1   [required by mirage-crypto-rng]
  - install dune-configurator   2.7.0   [required by mirage-crypto, mirage-crypto-rng]
  - install cppo                1.7.0   [required by ppx_deriving]
  - install bigstringaf         0.5.3   [required by angstrom]
  - install base64              3.5.1   [required by caldav]
  - install xmlm                1.4.0   [required by caldav]
  - install uutf                1.0.3   [required by tyxml]
  - install rresult             0.7.0   [required by caldav]
  - install ptime               1.2.0   [required by caldav]
  - install fmt                 0.9.0   [required by metrics, icalendar, mirage-kv]
  - install astring             0.8.5   [required by icalendar]
  - install dispatch            0.5.0   [required by caldav]
  - install ppxlib              0.33.0  [required by ppx_sexp_conv, ppx_deriving]
  - install base                v0.15.1 [required by ppx_sexp_conv, parsexp]
  - install ocplib-endian       1.2     [required by lwt]
  - install angstrom            0.14.1  [required by icalendar]
  - install tyxml               4.6.0   [required by caldav]
  - install jsonm               1.0.2   [required by cohttp]
  - install metrics             0.4.1   [required by caldav]
  - install cstruct             6.2.0   [required by mirage-crypto-rng, hex, mirage-crypto, mirage-random]
  - install ppx_deriving        6.0.3   [required by caldav]
  - install ppx_sexp_conv       v0.15.1 [required by caldav]
  - install parsexp             v0.15.0 [required by sexplib]
  - install lwt                 5.9.0   [required by caldav]
  - install uri                 4.4.0   [required by caldav]
  - install mirage-random       3.0.0   [required by caldav]
  - install hex                 1.5.0   [required by caldav]
  - install eqaf                0.9     [required by mirage-crypto]
  - install sexplib             v0.15.1 [required by caldav]
  - install mirage-kv           5.0.0   [required by caldav]
  - install logs                0.7.0   [required by caldav]
  - install uri-sexp            4.4.0   [required by cohttp]
  - install icalendar           0.1.4   [required by caldav]
  - install mirage-crypto       0.11.3  [required by caldav]
  - install cohttp              5.3.1   [required by caldav]
  - install mirage-crypto-rng   0.11.3  [required by caldav]
  - install cohttp-lwt          5.3.0   [required by caldav]
  - install caldav              0.1.0*
===== 54 to install =====

<><> Processing actions <><><><><><><><><><><><><><><><><><><><><><><><><><><><>
-> retrieved angstrom.0.14.1  (https://github.com/inhabitedtype/angstrom/archive/0.14.1.tar.gz)
-> retrieved astring.0.8.5  (cached)
-> retrieved base.v0.15.1  (cached)
-> retrieved base64.3.5.1  (cached)
-> retrieved bigstringaf.0.5.3  (https://github.com/inhabitedtype/bigstringaf/archive/0.5.3.tar.gz)
-> retrieved caldav.0.1.0  (cached)
-> retrieved cohttp.5.3.1  (cached)
-> retrieved cohttp-lwt.5.3.0  (cached)
-> retrieved cppo.1.7.0  (cached)
-> retrieved cstruct.6.2.0  (cached)
-> retrieved dispatch.0.5.0  (cached)
-> retrieved dune.3.16.1  (cached)
-> retrieved dune-configurator.2.7.0  (cached)
-> retrieved duration.0.2.1  (cached)
-> retrieved eqaf.0.9  (cached)
-> retrieved fmt.0.9.0  (cached)
-> retrieved gmap.0.3.0  (cached)
-> retrieved hex.1.5.0  (cached)
-> retrieved icalendar.0.1.4  (cached)
-> retrieved jsonm.1.0.2  (cached)
-> retrieved logs.0.7.0  (cached)
-> retrieved lwt.5.9.0  (cached)
-> retrieved metrics.0.4.1  (cached)
-> retrieved mirage-clock.4.2.0  (cached)
-> retrieved mirage-crypto.0.11.3  (cached)
-> retrieved mirage-crypto-rng.0.11.3  (cached)
-> retrieved mirage-kv.5.0.0  (cached)
-> retrieved mirage-random.3.0.0  (cached)
-> retrieved num.1.5-1  (cached)
-> retrieved ocaml-compiler-libs.v0.12.4  (cached)
-> retrieved ocamlbuild.0.15.0  (cached)
-> retrieved ocamlfind.1.9.6  (cached)
-> retrieved ocplib-endian.1.2  (cached)
-> retrieved parsexp.v0.15.0  (cached)
-> retrieved ppx_derivers.1.2.1  (cached)
-> retrieved ppx_deriving.6.0.3  (cached)
-> retrieved ppx_sexp_conv.v0.15.1  (cached)
-> retrieved ppxlib.0.33.0  (cached)
-> retrieved ptime.1.2.0  (cached)
-> retrieved re.1.12.0  (cached)
-> retrieved result.1.5  (cached)
-> retrieved rresult.0.7.0  (cached)
-> retrieved seq.base  (cached)
-> installed seq.base
-> retrieved sexplib.v0.15.1  (cached)
-> retrieved sexplib0.v0.15.1  (cached)
-> retrieved stdlib-shims.0.3.0  (cached)
-> retrieved stringext.1.6.0  (cached)
-> retrieved topkg.1.0.7  (cached)
-> retrieved tyxml.4.6.0  (cached)
-> retrieved uri.4.4.0  (cached)
-> retrieved uri-sexp.4.4.0  (cached)
-> retrieved uutf.1.0.3  (cached)
-> retrieved xmlm.1.4.0  (cached)
-> installed num.1.5-1
-> installed ocamlfind.1.9.6
-> installed base-bytes.base
-> installed ocamlbuild.0.15.0
-> installed topkg.1.0.7
-> installed rresult.0.7.0
-> installed uutf.1.0.3
-> installed fmt.0.9.0
-> installed xmlm.1.4.0
-> installed ptime.1.2.0
-> installed astring.0.8.5
-> installed jsonm.1.0.2
-> installed dune.3.16.1
-> installed bigstringaf.0.5.3
-> installed duration.0.2.1
-> installed mirage-clock.4.2.0
-> installed gmap.0.3.0
-> installed ppx_derivers.1.2.1
-> installed stringext.1.6.0
-> installed result.1.5
-> installed base64.3.5.1
-> installed stdlib-shims.0.3.0
-> installed metrics.0.4.1
-> installed cstruct.6.2.0
-> installed dispatch.0.5.0
-> installed sexplib0.v0.15.1
-> installed mirage-random.3.0.0
-> installed hex.1.5.0
-> installed angstrom.0.14.1
-> installed eqaf.0.9
-> installed dune-configurator.2.7.0
-> installed cppo.1.7.0
-> installed ocaml-compiler-libs.v0.12.4
-> installed re.1.12.0
-> installed ocplib-endian.1.2
-> installed uri.4.4.0
-> installed mirage-crypto.0.11.3
-> installed lwt.5.9.0
-> installed tyxml.4.6.0
-> installed mirage-kv.5.0.0
-> installed logs.0.7.0
-> installed mirage-crypto-rng.0.11.3
-> installed base.v0.15.1
-> installed parsexp.v0.15.0
-> installed sexplib.v0.15.1
-> installed ppxlib.0.33.0
-> installed ppx_deriving.6.0.3
-> installed ppx_sexp_conv.v0.15.1
-> installed uri-sexp.4.4.0
-> installed icalendar.0.1.4
-> installed cohttp.5.3.1
-> installed cohttp-lwt.5.3.0
-> installed caldav.0.1.0
Done.
# Run eval $(opam env) to update the current shell environment
[01;2m[01;35m2024-11-25 23:33.22 ---> using "6fa82ceb9472f7ea7a0133210c047a0ef3973603b2c8747bfdabbe9c59d8d291" from cache[0m

[01;34m/home/opam: (run (network host)
                 (shell "(opam reinstall --with-test caldav.0.1.0) || true"))[0m
[ERROR] Sorry, resolution of the request timed out.
        Try to specify a more precise request, use a different solver, or increase the allowed time by setting OPAMSOLVERTIMEOUT to a bigger value (currently, it is set to 1000.0 seconds).
[01;2m[01;35m2024-11-25 23:50.33 ---> saved as "326fc4407e792375059ff0b7373fea78e3a85793d75bebe898927e99b01f682b"[0m

[01;34m/home/opam: (run (shell  "opam reinstall --with-test --verbose caldav.0.1.0;\
                        \n        res=$?;\
                        \n        test \"$res\" != 31 && exit \"$res\";\
                        \n        export OPAMCLI=2.0;\
                        \n        build_dir=$(opam var prefix)/.opam-switch/build;\
                        \n        failed=$(ls \"$build_dir\");\
                        \n        partial_fails=\"\";\
                        \n        for pkg in $failed; do\
                        \n          if opam show -f x-ci-accept-failures: \"$pkg\" | grep -qF \"\\\"debian-12\\\"\"; then\
                        \n            echo \"A package failed and has been disabled for CI using the 'x-ci-accept-failures' field.\";\
                        \n          fi;\
                        \n          test \"$pkg\" != 'caldav.0.1.0' && partial_fails=\"$partial_fails $pkg\";\
                        \n        done;\
                        \n        test \"${partial_fails}\" != \"\" && echo \"opam-repo-ci detected dependencies failing: ${partial_fails}\";\
                        \n        exit 1"))[0m
[ERROR] Sorry, resolution of the request timed out.
        Try to specify a more precise request, use a different solver, or increase the allowed time by setting OPAMSOLVERTIMEOUT to a bigger value (currently, it is set to 1000.0 seconds).
'opam reinstall --with-test --verbose caldav.0.1.0' failed.
"/usr/bin/env" "bash" "-c" "opam reinstall --with-test --verbose caldav.0.1.0;
        res=$?;
        test "$res" != 31 && exit "$res";
        export OPAMCLI=2.0;
        build_dir=$(opam var prefix)/.opam-switch/build;
        failed=$(ls "$build_dir");
        partial_fails="";
        for pkg in $failed; do
          if opam show -f x-ci-accept-failures: "$pkg" | grep -qF "\"debian-12\""; then
            echo "A package failed and has been disabled for CI using the 'x-ci-accept-failures' field.";
          fi;
          test "$pkg" != 'caldav.0.1.0' && partial_fails="$partial_fails $pkg";
        done;
        test "${partial_fails}" != "" && echo "opam-repo-ci detected dependencies failing: ${partial_fails}";
        exit 1" failed with exit status 60
2024-11-26 00:07.50: Job failed: Failed: Build failed
2024-11-26 00:07.50: Log analysis:
2024-11-26 00:07.50: >>> 
[ERROR] Sorry, resolution of the request timed out.
 (score = 20)
2024-11-26 00:07.50: >>> 
[ERROR] Sorry, resolution of the request timed out.
 (score = 20)
2024-11-26 00:07.50: Sorry, resolution of the request timed out.
