2024-11-25 21:59.01: New job: test caldav.0.2.0, using opam dev
                              from https://github.com/ocaml/opam-repository.git#refs/pull/26950/head (f83c066b82d2cc921f725d5ad7c8b3df17ee1c1a)
                              on archlinux-ocaml-5.2/amd64

To reproduce locally:

cd $(mktemp -d)
git clone --recursive "https://github.com/ocaml/opam-repository.git" && cd "opam-repository" && git fetch origin "refs/pull/26950/head" && git reset --hard f83c066b
git fetch origin master
git merge --no-edit e62e88dccc1d1181b3fa83b78e2bf462598afb92
cat > ../Dockerfile <<'END-OF-DOCKERFILE'
[34mFROM ocaml/opam:archlinux-ocaml-5.2@sha256:90e293dee21468848b71c5ca99413dfa84bf5df2638e1dee5b70c9401b904a4f
USER 1000:1000
WORKDIR /home/opam
RUN sudo ln -f /usr/bin/opam-dev /usr/bin/opam
RUN opam init --reinit -ni
RUN uname -rs && opam exec -- ocaml -version && opam --version
ENV OPAMDOWNLOADJOBS="1"
ENV OPAMERRLOGLEN="0"
ENV OPAMSOLVERTIMEOUT="1000"
ENV OPAMPRECISETRACKING="1"
ENV CI="true"
ENV OPAM_REPO_CI="true"
RUN rm -rf opam-repository/
COPY --chown=1000:1000 . opam-repository/
RUN opam repository set-url --strict default opam-repository/
RUN opam update --depexts || true
RUN opam pin add -k version -yn caldav.0.2.0 0.2.0
RUN opam reinstall caldav.0.2.0; \
    res=$?; \
    test "$res" != 31 && exit "$res"; \
    export OPAMCLI=2.0; \
    build_dir=$(opam var prefix)/.opam-switch/build; \
    failed=$(ls "$build_dir"); \
    partial_fails=""; \
    for pkg in $failed; do \
    if opam show -f x-ci-accept-failures: "$pkg" | grep -qF "\"archlinux\""; then \
    echo "A package failed and has been disabled for CI using the 'x-ci-accept-failures' field."; \
    fi; \
    test "$pkg" != 'caldav.0.2.0' && partial_fails="$partial_fails $pkg"; \
    done; \
    test "${partial_fails}" != "" && echo "opam-repo-ci detected dependencies failing: ${partial_fails}"; \
    exit 1
RUN (opam reinstall --with-test caldav.0.2.0) || true
RUN opam reinstall --with-test --verbose caldav.0.2.0; \
    res=$?; \
    test "$res" != 31 && exit "$res"; \
    export OPAMCLI=2.0; \
    build_dir=$(opam var prefix)/.opam-switch/build; \
    failed=$(ls "$build_dir"); \
    partial_fails=""; \
    for pkg in $failed; do \
    if opam show -f x-ci-accept-failures: "$pkg" | grep -qF "\"archlinux\""; then \
    echo "A package failed and has been disabled for CI using the 'x-ci-accept-failures' field."; \
    fi; \
    test "$pkg" != 'caldav.0.2.0' && partial_fails="$partial_fails $pkg"; \
    done; \
    test "${partial_fails}" != "" && echo "opam-repo-ci detected dependencies failing: ${partial_fails}"; \
    exit 1
[0m
END-OF-DOCKERFILE
docker build -f ../Dockerfile .

2024-11-25 21:59.01: Using cache hint "ocaml/opam:archlinux-ocaml-5.2@sha256:90e293dee21468848b71c5ca99413dfa84bf5df2638e1dee5b70c9401b904a4f-caldav.0.2.0-f83c066b82d2cc921f725d5ad7c8b3df17ee1c1a"
2024-11-25 21:59.01: Using OBuilder spec:
((from ocaml/opam:archlinux-ocaml-5.2@sha256:90e293dee21468848b71c5ca99413dfa84bf5df2638e1dee5b70c9401b904a4f)
 (user (uid 1000) (gid 1000))
 (workdir /home/opam)
 (run (shell "sudo ln -f /usr/bin/opam-dev /usr/bin/opam"))
 (run (network host)
      (shell "opam init --reinit --config .opamrc-sandbox -ni"))
 (run (shell "uname -rs && opam exec -- ocaml -version && opam --version"))
 (env OPAMDOWNLOADJOBS 1)
 (env OPAMERRLOGLEN 0)
 (env OPAMSOLVERTIMEOUT 1000)
 (env OPAMPRECISETRACKING 1)
 (env CI true)
 (env OPAM_REPO_CI true)
 (run (shell "rm -rf opam-repository/"))
 (copy (src .) (dst opam-repository/))
 (run (shell "opam repository set-url --strict default opam-repository/"))
 (run (network host)
      (shell "opam update --depexts || true"))
 (run (shell "opam pin add -k version -yn caldav.0.2.0 0.2.0"))
 (run (cache (opam-archives (target /home/opam/.opam/download-cache)))
      (network host)
      (shell  "opam reinstall caldav.0.2.0;\
             \n        res=$?;\
             \n        test \"$res\" != 31 && exit \"$res\";\
             \n        export OPAMCLI=2.0;\
             \n        build_dir=$(opam var prefix)/.opam-switch/build;\
             \n        failed=$(ls \"$build_dir\");\
             \n        partial_fails=\"\";\
             \n        for pkg in $failed; do\
             \n          if opam show -f x-ci-accept-failures: \"$pkg\" | grep -qF \"\\\"archlinux\\\"\"; then\
             \n            echo \"A package failed and has been disabled for CI using the 'x-ci-accept-failures' field.\";\
             \n          fi;\
             \n          test \"$pkg\" != 'caldav.0.2.0' && partial_fails=\"$partial_fails $pkg\";\
             \n        done;\
             \n        test \"${partial_fails}\" != \"\" && echo \"opam-repo-ci detected dependencies failing: ${partial_fails}\";\
             \n        exit 1"))
 (run (network host)
      (shell "(opam reinstall --with-test caldav.0.2.0) || true"))
 (run (shell  "opam reinstall --with-test --verbose caldav.0.2.0;\
             \n        res=$?;\
             \n        test \"$res\" != 31 && exit \"$res\";\
             \n        export OPAMCLI=2.0;\
             \n        build_dir=$(opam var prefix)/.opam-switch/build;\
             \n        failed=$(ls \"$build_dir\");\
             \n        partial_fails=\"\";\
             \n        for pkg in $failed; do\
             \n          if opam show -f x-ci-accept-failures: \"$pkg\" | grep -qF \"\\\"archlinux\\\"\"; then\
             \n            echo \"A package failed and has been disabled for CI using the 'x-ci-accept-failures' field.\";\
             \n          fi;\
             \n          test \"$pkg\" != 'caldav.0.2.0' && partial_fails=\"$partial_fails $pkg\";\
             \n        done;\
             \n        test \"${partial_fails}\" != \"\" && echo \"opam-repo-ci detected dependencies failing: ${partial_fails}\";\
             \n        exit 1"))
)

2024-11-25 21:59.01: Waiting for resource in pool OCluster
2024-11-25 23:07.22: Waiting for worker…
2024-11-25 23:11.01: Got resource from pool OCluster
Building on x86-bm-c14.sw.ocaml.org
All commits already cached
Updating files:  81% (26633/32723)Updating files:  82% (26833/32723)Updating files:  83% (27161/32723)Updating files:  84% (27488/32723)Updating files:  85% (27815/32723)Updating files:  86% (28142/32723)Updating files:  87% (28470/32723)Updating files:  88% (28797/32723)Updating files:  89% (29124/32723)Updating files:  90% (29451/32723)Updating files:  91% (29778/32723)Updating files:  92% (30106/32723)Updating files:  93% (30433/32723)Updating files:  94% (30760/32723)Updating files:  95% (31087/32723)Updating files:  96% (31415/32723)Updating files:  97% (31742/32723)Updating files:  98% (32069/32723)Updating files:  99% (32396/32723)Updating files: 100% (32723/32723)Updating files: 100% (32723/32723), done.
HEAD is now at e62e88dccc Merge pull request #26953 from shonfeder/revert-color-0.3.0
Merge made by the 'ort' strategy.
 packages/caldav/caldav.0.1.0/opam                         | 2 +-
 packages/caldav/caldav.0.1.1/opam                         | 2 +-
 packages/caldav/caldav.0.2.0/opam                         | 2 +-
 packages/caldav/caldav.0.2.2/opam                         | 2 +-
 packages/caldav/caldav.0.2.3/opam                         | 2 +-
 packages/graphql-cohttp/graphql-cohttp.0.9.0/opam         | 2 +-
 packages/h1_parser/h1_parser.0.0.2/opam                   | 2 +-
 packages/picos_io_cohttp/picos_io_cohttp.0.5.0/opam       | 2 +-
 packages/picos_io_cohttp/picos_io_cohttp.0.6.0/opam       | 2 +-
 packages/tidy_email_mailgun/tidy_email_mailgun.0.0.1/opam | 2 +-
 packages/websocket-async/websocket-async.2.17/opam        | 2 +-
 11 files changed, 11 insertions(+), 11 deletions(-)

[01;34m(from ocaml/opam:archlinux-ocaml-5.2@sha256:90e293dee21468848b71c5ca99413dfa84bf5df2638e1dee5b70c9401b904a4f)[0m
[01;2m[01;35m2024-11-25 23:11.03 ---> using "092cc95054c2a7f5d940116c5dcead9c4e6ec29f968334a902a92b6e1ed797c5" from cache[0m

[01;34m/: (user (uid 1000) (gid 1000))[0m

[01;34m/: (workdir /home/opam)[0m

[01;34m/home/opam: (run (shell "sudo ln -f /usr/bin/opam-dev /usr/bin/opam"))[0m
[01;2m[01;35m2024-11-25 23:11.03 ---> using "7fe4c4165447da27719e08d5101e97653bb1f89380d63013e42160b004951a32" from cache[0m

[01;34m/home/opam: (run (network host)
                 (shell "opam init --reinit --config .opamrc-sandbox -ni"))[0m
Configuring from /home/opam/.opamrc-sandbox, then /home/opam/.opamrc, and finally from built-in defaults.
Checking for available remotes: rsync and local, git.
  - you won't be able to use mercurial repositories unless you install the hg command on your system.
  - you won't be able to use darcs repositories unless you install the darcs command on your system.

Continue? [Y/n] y
This development version of opam requires an update to the layout of /home/opam/.opam from version 2.0 to version 2.2, which can't be reverted.
You may want to back it up before going further.

[NOTE] The 'jobs' option was reset, its value was 31 and its new value will vary according to the current number of cores on your machine. You can restore the fixed value using:
           opam option jobs=31 --global
Format upgrade done.

<><> Updating repositories ><><><><><><><><><><><><><><><><><><><><><><><><><><>
[default] synchronised from file:///home/opam/opam-repository
[01;2m[01;35m2024-11-25 23:12.06 ---> saved as "d401d06c473c64e78ef04100f7f80a809094cf0ce0acb291b768775097d0801a"[0m

[01;34m/home/opam: (run (shell "uname -rs && opam exec -- ocaml -version && opam --version"))[0m
Linux 5.15.0-126-generic
The OCaml toplevel, version 5.2.1
2.4.0~alpha1~dev
[01;2m[01;35m2024-11-25 23:12.07 ---> saved as "f4cf6b962186954bb2b2185297ecf70c47b4ccb68def71401ba890d765bca13d"[0m

[01;34m/home/opam: (env OPAMDOWNLOADJOBS 1)[0m

[01;34m/home/opam: (env OPAMERRLOGLEN 0)[0m

[01;34m/home/opam: (env OPAMSOLVERTIMEOUT 1000)[0m

[01;34m/home/opam: (env OPAMPRECISETRACKING 1)[0m

[01;34m/home/opam: (env CI true)[0m

[01;34m/home/opam: (env OPAM_REPO_CI true)[0m

[01;34m/home/opam: (run (shell "rm -rf opam-repository/"))[0m
[01;2m[01;35m2024-11-25 23:12.13 ---> saved as "16fef77ef9925dbc3c377a53ee8ccaaf39a15ab67121468521d755a37fb3efa0"[0m

[01;34m/home/opam: (copy (src .) (dst opam-repository/))[0m
[01;2m[01;35m2024-11-25 23:12.22 ---> saved as "d78d318851d5ba837b541df40fd239dfa926054df88ce4bd2d1b952f0941ad15"[0m

[01;34m/home/opam: (run (shell "opam repository set-url --strict default opam-repository/"))[0m
[default] Initialised
[01;2m[01;35m2024-11-25 23:13.12 ---> saved as "2fdc07eed203a1254e51e033214ba7d46d0a10866572e53c8d3c5a7e0968abe9"[0m

[01;34m/home/opam: (run (network host)
                 (shell "opam update --depexts || true"))[0m
+ /usr/sbin/sudo "pacman" "-Sy"
- :: Synchronizing package databases...
-  core downloading...
-  extra downloading...
[01;2m[01;35m2024-11-25 23:13.13 ---> saved as "504fd5f7544d102baffed8d17b40c8a9011d8e472abac692d252742387b670c8"[0m

[01;34m/home/opam: (run (shell "opam pin add -k version -yn caldav.0.2.0 0.2.0"))[0m
caldav is now pinned to version 0.2.0
[01;2m[01;35m2024-11-25 23:13.14 ---> saved as "67b9df485b88d802089605feddba75dfec195d764eb3fb80ec54d5397585a8a7"[0m

[01;34m/home/opam: (run (cache (opam-archives (target /home/opam/.opam/download-cache)))
                 (network host)
                 (shell  "opam reinstall caldav.0.2.0;\
                        \n        res=$?;\
                        \n        test \"$res\" != 31 && exit \"$res\";\
                        \n        export OPAMCLI=2.0;\
                        \n        build_dir=$(opam var prefix)/.opam-switch/build;\
                        \n        failed=$(ls \"$build_dir\");\
                        \n        partial_fails=\"\";\
                        \n        for pkg in $failed; do\
                        \n          if opam show -f x-ci-accept-failures: \"$pkg\" | grep -qF \"\\\"archlinux\\\"\"; then\
                        \n            echo \"A package failed and has been disabled for CI using the 'x-ci-accept-failures' field.\";\
                        \n          fi;\
                        \n          test \"$pkg\" != 'caldav.0.2.0' && partial_fails=\"$partial_fails $pkg\";\
                        \n        done;\
                        \n        test \"${partial_fails}\" != \"\" && echo \"opam-repo-ci detected dependencies failing: ${partial_fails}\";\
                        \n        exit 1"))[0m
caldav.0.2.0 is not installed. Install it? [Y/n] y
The following actions will be performed:
=== install 56 packages
  ∗ angstrom                0.16.1         [required by icalendar]
  ∗ base                    v0.17.1        [required by ppx_sexp_conv]
  ∗ base-bytes              base           [required by cohttp]
  ∗ base64                  3.5.1          [required by caldav]
  ∗ bigstringaf             0.10.0         [required by angstrom]
  ∗ caldav                  0.2.0 (pinned)
  ∗ cohttp                  5.3.1          [required by caldav]
  ∗ cohttp-lwt              5.3.0          [required by caldav]
  ∗ cppo                    1.7.0          [required by ppx_deriving]
  ∗ csexp                   1.5.2          [required by dune-configurator]
  ∗ cstruct                 6.2.0          [required by mirage-crypto-rng, hex, mirage-crypto, mirage-random]
  ∗ dispatch                0.5.0          [required by caldav]
  ∗ dune                    3.16.1         [required by caldav]
  ∗ dune-configurator       3.16.1         [required by mirage-crypto, mirage-crypto-rng]
  ∗ duration                0.2.1          [required by mirage-crypto-rng]
  ∗ eqaf                    0.9            [required by mirage-crypto]
  ∗ fmt                     0.9.0          [required by caldav]
  ∗ gmap                    0.3.0          [required by icalendar]
  ∗ hex                     1.5.0          [required by caldav]
  ∗ icalendar               0.1.9          [required by caldav]
  ∗ jsonm                   1.0.2          [required by cohttp]
  ∗ logs                    0.7.0          [required by caldav]
  ∗ lwt                     5.9.0          [required by caldav]
  ∗ metrics                 0.4.1          [required by caldav]
  ∗ mirage-clock            4.2.0          [required by caldav]
  ∗ mirage-crypto           0.11.3         [required by caldav]
  ∗ mirage-crypto-rng       0.11.3         [required by caldav]
  ∗ mirage-kv               5.0.0          [required by caldav]
  ∗ mirage-random           3.0.0          [required by caldav]
  ∗ num                     1.5-1          [required by sexplib]
  ∗ ocaml-compiler-libs     v0.17.0        [required by ppxlib]
  ∗ ocaml-syntax-shims      1.0.0          [required by angstrom]
  ∗ ocaml_intrinsics_kernel v0.17.1        [required by base]
  ∗ ocamlbuild              0.15.0         [required by xmlm]
  ∗ ocamlfind               1.9.6          [required by xmlm]
  ∗ ocplib-endian           1.2            [required by lwt]
  ∗ parsexp                 v0.17.0        [required by sexplib]
  ∗ ppx_derivers            1.2.1          [required by ppx_deriving]
  ∗ ppx_deriving            6.0.3          [required by caldav]
  ∗ ppx_sexp_conv           v0.17.0        [required by caldav]
  ∗ ppxlib                  0.33.0         [required by ppx_sexp_conv, ppx_deriving]
  ∗ ppxlib_jane             v0.17.0        [required by ppx_sexp_conv]
  ∗ ptime                   1.2.0          [required by caldav]
  ∗ re                      1.12.0         [required by caldav]
  ∗ result                  1.5            [required by dispatch]
  ∗ seq                     base           [required by tyxml]
  ∗ sexplib                 v0.17.0        [required by caldav]
  ∗ sexplib0                v0.17.0        [required by cohttp-lwt, cohttp, sexplib]
  ∗ stdlib-shims            0.3.0          [required by ppxlib]
  ∗ stringext               1.6.0          [required by cohttp]
  ∗ topkg                   1.0.7          [required by xmlm]
  ∗ tyxml                   4.6.0          [required by caldav]
  ∗ uri                     4.4.0          [required by caldav]
  ∗ uri-sexp                4.4.0          [required by cohttp]
  ∗ uutf                    1.0.3          [required by tyxml]
  ∗ xmlm                    1.4.0          [required by caldav]

<><> Processing actions <><><><><><><><><><><><><><><><><><><><><><><><><><><><>
⬇ retrieved angstrom.0.16.1  (cached)
⬇ retrieved base.v0.17.1  (cached)
⬇ retrieved base64.3.5.1  (cached)
⬇ retrieved bigstringaf.0.10.0  (cached)
⬇ retrieved caldav.0.2.0  (https://github.com/robur-coop/caldav/releases/download/v0.2.0/caldav-0.2.0.tbz)
⬇ retrieved cohttp.5.3.1  (cached)
⬇ retrieved cohttp-lwt.5.3.0  (cached)
⬇ retrieved cppo.1.7.0  (cached)
⬇ retrieved csexp.1.5.2  (cached)
⬇ retrieved cstruct.6.2.0  (cached)
⬇ retrieved dispatch.0.5.0  (cached)
⬇ retrieved dune.3.16.1, dune-configurator.3.16.1  (cached)
⬇ retrieved duration.0.2.1  (cached)
⬇ retrieved eqaf.0.9  (cached)
⬇ retrieved fmt.0.9.0  (cached)
⬇ retrieved gmap.0.3.0  (cached)
⬇ retrieved hex.1.5.0  (cached)
⬇ retrieved icalendar.0.1.9  (cached)
⬇ retrieved jsonm.1.0.2  (cached)
⬇ retrieved logs.0.7.0  (cached)
⬇ retrieved lwt.5.9.0  (cached)
⬇ retrieved metrics.0.4.1  (cached)
⬇ retrieved mirage-clock.4.2.0  (cached)
⬇ retrieved mirage-crypto.0.11.3, mirage-crypto-rng.0.11.3  (cached)
⬇ retrieved mirage-kv.5.0.0  (cached)
⬇ retrieved mirage-random.3.0.0  (cached)
⬇ retrieved num.1.5-1  (cached)
⬇ retrieved ocaml-compiler-libs.v0.17.0  (cached)
⬇ retrieved ocaml-syntax-shims.1.0.0  (cached)
⬇ retrieved ocaml_intrinsics_kernel.v0.17.1  (cached)
⬇ retrieved ocamlbuild.0.15.0  (cached)
⬇ retrieved ocamlfind.1.9.6  (cached)
⬇ retrieved ocplib-endian.1.2  (cached)
⬇ retrieved parsexp.v0.17.0  (cached)
⬇ retrieved ppx_derivers.1.2.1  (cached)
⬇ retrieved ppx_deriving.6.0.3  (cached)
⬇ retrieved ppx_sexp_conv.v0.17.0  (cached)
⬇ retrieved ppxlib.0.33.0  (cached)
⬇ retrieved ppxlib_jane.v0.17.0  (cached)
⬇ retrieved ptime.1.2.0  (cached)
⬇ retrieved re.1.12.0  (cached)
⬇ retrieved result.1.5  (cached)
⬇ retrieved seq.base  (cached)
∗ installed seq.base
⬇ retrieved sexplib.v0.17.0  (cached)
⬇ retrieved sexplib0.v0.17.0  (cached)
⬇ retrieved stdlib-shims.0.3.0  (cached)
⬇ retrieved stringext.1.6.0  (cached)
⬇ retrieved topkg.1.0.7  (cached)
⬇ retrieved tyxml.4.6.0  (cached)
⬇ retrieved uri.4.4.0, uri-sexp.4.4.0  (cached)
⬇ retrieved uutf.1.0.3  (cached)
⬇ retrieved xmlm.1.4.0  (cached)
∗ installed num.1.5-1
∗ installed ocamlfind.1.9.6
∗ installed base-bytes.base
∗ installed ocamlbuild.0.15.0
∗ installed topkg.1.0.7
∗ installed uutf.1.0.3
∗ installed fmt.0.9.0
∗ installed xmlm.1.4.0
∗ installed ptime.1.2.0
∗ installed jsonm.1.0.2
∗ installed dune.3.16.1
∗ installed mirage-clock.4.2.0
∗ installed ppx_derivers.1.2.1
∗ installed duration.0.2.1
∗ installed gmap.0.3.0
∗ installed csexp.1.5.2
∗ installed base64.3.5.1
∗ installed cstruct.6.2.0
∗ installed metrics.0.4.1
∗ installed ocaml-syntax-shims.1.0.0
∗ installed cppo.1.7.0
∗ installed ocaml_intrinsics_kernel.v0.17.1
∗ installed re.1.12.0
∗ installed ocaml-compiler-libs.v0.17.0
∗ installed result.1.5
∗ installed sexplib0.v0.17.0
∗ installed stdlib-shims.0.3.0
∗ installed stringext.1.6.0
∗ installed mirage-random.3.0.0
∗ installed hex.1.5.0
∗ installed dispatch.0.5.0
∗ installed ocplib-endian.1.2
∗ installed eqaf.0.9
∗ installed parsexp.v0.17.0
∗ installed dune-configurator.3.16.1
∗ installed bigstringaf.0.10.0
∗ installed sexplib.v0.17.0
∗ installed angstrom.0.16.1
∗ installed tyxml.4.6.0
∗ installed mirage-crypto.0.11.3
∗ installed uri.4.4.0
∗ installed lwt.5.9.0
∗ installed mirage-kv.5.0.0
∗ installed logs.0.7.0
∗ installed mirage-crypto-rng.0.11.3
∗ installed base.v0.17.1
∗ installed ppxlib.0.33.0
∗ installed ppxlib_jane.v0.17.0
∗ installed ppx_deriving.6.0.3
∗ installed ppx_sexp_conv.v0.17.0
∗ installed uri-sexp.4.4.0
∗ installed icalendar.0.1.9
∗ installed cohttp.5.3.1
∗ installed cohttp-lwt.5.3.0
∗ installed caldav.0.2.0
Done.
# To update the current shell environment, run: eval $(opam env)
[01;2m[01;35m2024-11-25 23:14.53 ---> saved as "e12496494901aafe4bb45c3a65a74c6d87ae2014a28842ed23c543d3c2003c8c"[0m

[01;34m/home/opam: (run (network host)
                 (shell "(opam reinstall --with-test caldav.0.2.0) || true"))[0m
[ERROR] Sorry, resolution of the request timed out.
        Try to specify a more precise request, use a different solver, or increase the allowed time by setting OPAMSOLVERTIMEOUT to a bigger value (currently, it is set to 1000.0 seconds).
[01;2m[01;35m2024-11-25 23:32.02 ---> saved as "77ac6826c1db25db86791cd98a5761192b161fee0553bd98a4f5837fd80f3888"[0m

[01;34m/home/opam: (run (shell  "opam reinstall --with-test --verbose caldav.0.2.0;\
                        \n        res=$?;\
                        \n        test \"$res\" != 31 && exit \"$res\";\
                        \n        export OPAMCLI=2.0;\
                        \n        build_dir=$(opam var prefix)/.opam-switch/build;\
                        \n        failed=$(ls \"$build_dir\");\
                        \n        partial_fails=\"\";\
                        \n        for pkg in $failed; do\
                        \n          if opam show -f x-ci-accept-failures: \"$pkg\" | grep -qF \"\\\"archlinux\\\"\"; then\
                        \n            echo \"A package failed and has been disabled for CI using the 'x-ci-accept-failures' field.\";\
                        \n          fi;\
                        \n          test \"$pkg\" != 'caldav.0.2.0' && partial_fails=\"$partial_fails $pkg\";\
                        \n        done;\
                        \n        test \"${partial_fails}\" != \"\" && echo \"opam-repo-ci detected dependencies failing: ${partial_fails}\";\
                        \n        exit 1"))[0m
[ERROR] Sorry, resolution of the request timed out.
        Try to specify a more precise request, use a different solver, or increase the allowed time by setting OPAMSOLVERTIMEOUT to a bigger value (currently, it is set to 1000.0 seconds).
'opam reinstall --with-test --verbose caldav.0.2.0' failed.
"/usr/bin/env" "bash" "-c" "opam reinstall --with-test --verbose caldav.0.2.0;
        res=$?;
        test "$res" != 31 && exit "$res";
        export OPAMCLI=2.0;
        build_dir=$(opam var prefix)/.opam-switch/build;
        failed=$(ls "$build_dir");
        partial_fails="";
        for pkg in $failed; do
          if opam show -f x-ci-accept-failures: "$pkg" | grep -qF "\"archlinux\""; then
            echo "A package failed and has been disabled for CI using the 'x-ci-accept-failures' field.";
          fi;
          test "$pkg" != 'caldav.0.2.0' && partial_fails="$partial_fails $pkg";
        done;
        test "${partial_fails}" != "" && echo "opam-repo-ci detected dependencies failing: ${partial_fails}";
        exit 1" failed with exit status 60
2024-11-25 23:49.18: Job failed: Failed: Build failed
2024-11-25 23:49.18: Log analysis:
2024-11-25 23:49.18: >>> 
[ERROR] Sorry, resolution of the request timed out.
 (score = 20)
2024-11-25 23:49.18: >>> 
[ERROR] Sorry, resolution of the request timed out.
 (score = 20)
2024-11-25 23:49.18: Sorry, resolution of the request timed out.
