2024-11-25 21:59.58: New job: test caldav.0.1.0, using opam dev
                              from https://github.com/ocaml/opam-repository.git#refs/pull/26950/head (f83c066b82d2cc921f725d5ad7c8b3df17ee1c1a)
                              on freebsd-ocaml-5.2/amd64

To reproduce locally:

cd $(mktemp -d)
git clone --recursive "https://github.com/ocaml/opam-repository.git" && cd "opam-repository" && git fetch origin "refs/pull/26950/head" && git reset --hard f83c066b
git fetch origin master
git merge --no-edit e62e88dccc1d1181b3fa83b78e2bf462598afb92
cat > ../Dockerfile <<'END-OF-DOCKERFILE'
[34mFROM freebsd-ocaml-5.2
USER 1000:1000
WORKDIR /home/opam
RUN sudo ln -f /usr/local/bin/opam-dev /usr/local/bin/opam
RUN opam init --reinit -ni
RUN uname -rs && opam exec -- ocaml -version && opam --version
ENV OPAMDOWNLOADJOBS="1"
ENV OPAMERRLOGLEN="0"
ENV OPAMSOLVERTIMEOUT="1000"
ENV OPAMPRECISETRACKING="1"
ENV CI="true"
ENV OPAM_REPO_CI="true"
RUN rm -rf opam-repository/
COPY --chown=1000:1000 . opam-repository/
RUN opam repository set-url --strict default opam-repository/
RUN opam update --depexts || true
RUN opam pin add -k version -yn caldav.0.1.0 0.1.0
RUN opam reinstall caldav.0.1.0; \
    res=$?; \
    test "$res" != 31 && exit "$res"; \
    export OPAMCLI=2.0; \
    build_dir=$(opam var prefix)/.opam-switch/build; \
    failed=$(ls "$build_dir"); \
    partial_fails=""; \
    for pkg in $failed; do \
    if opam show -f x-ci-accept-failures: "$pkg" | grep -qF "\"freebsd\""; then \
    echo "A package failed and has been disabled for CI using the 'x-ci-accept-failures' field."; \
    fi; \
    test "$pkg" != 'caldav.0.1.0' && partial_fails="$partial_fails $pkg"; \
    done; \
    test "${partial_fails}" != "" && echo "opam-repo-ci detected dependencies failing: ${partial_fails}"; \
    exit 1
RUN (opam reinstall --with-test caldav.0.1.0) || true
RUN opam reinstall --with-test --verbose caldav.0.1.0; \
    res=$?; \
    test "$res" != 31 && exit "$res"; \
    export OPAMCLI=2.0; \
    build_dir=$(opam var prefix)/.opam-switch/build; \
    failed=$(ls "$build_dir"); \
    partial_fails=""; \
    for pkg in $failed; do \
    if opam show -f x-ci-accept-failures: "$pkg" | grep -qF "\"freebsd\""; then \
    echo "A package failed and has been disabled for CI using the 'x-ci-accept-failures' field."; \
    fi; \
    test "$pkg" != 'caldav.0.1.0' && partial_fails="$partial_fails $pkg"; \
    done; \
    test "${partial_fails}" != "" && echo "opam-repo-ci detected dependencies failing: ${partial_fails}"; \
    exit 1
[0m
END-OF-DOCKERFILE
docker build -f ../Dockerfile .

2024-11-25 21:59.58: Using cache hint "freebsd-ocaml-5.2-caldav.0.1.0-f83c066b82d2cc921f725d5ad7c8b3df17ee1c1a"
2024-11-25 21:59.58: Using OBuilder spec:
((from freebsd-ocaml-5.2)
 (user (uid 1000) (gid 1000))
 (workdir /home/opam)
 (run (shell "sudo ln -f /usr/local/bin/opam-dev /usr/local/bin/opam"))
 (run (network host)
      (shell "opam init --reinit -ni"))
 (run (shell "uname -rs && opam exec -- ocaml -version && opam --version"))
 (env OPAMDOWNLOADJOBS 1)
 (env OPAMERRLOGLEN 0)
 (env OPAMSOLVERTIMEOUT 1000)
 (env OPAMPRECISETRACKING 1)
 (env CI true)
 (env OPAM_REPO_CI true)
 (run (shell "rm -rf opam-repository/"))
 (copy (src .) (dst opam-repository/))
 (run (shell "opam repository set-url --strict default opam-repository/"))
 (run (network host)
      (shell "opam update --depexts || true"))
 (run (shell "opam pin add -k version -yn caldav.0.1.0 0.1.0"))
 (run (cache (opam-archives (target /home/opam/.opam/download-cache)))
      (network host)
      (shell  "opam reinstall caldav.0.1.0;\
             \n        res=$?;\
             \n        test \"$res\" != 31 && exit \"$res\";\
             \n        export OPAMCLI=2.0;\
             \n        build_dir=$(opam var prefix)/.opam-switch/build;\
             \n        failed=$(ls \"$build_dir\");\
             \n        partial_fails=\"\";\
             \n        for pkg in $failed; do\
             \n          if opam show -f x-ci-accept-failures: \"$pkg\" | grep -qF \"\\\"freebsd\\\"\"; then\
             \n            echo \"A package failed and has been disabled for CI using the 'x-ci-accept-failures' field.\";\
             \n          fi;\
             \n          test \"$pkg\" != 'caldav.0.1.0' && partial_fails=\"$partial_fails $pkg\";\
             \n        done;\
             \n        test \"${partial_fails}\" != \"\" && echo \"opam-repo-ci detected dependencies failing: ${partial_fails}\";\
             \n        exit 1"))
 (run (network host)
      (shell "(opam reinstall --with-test caldav.0.1.0) || true"))
 (run (shell  "opam reinstall --with-test --verbose caldav.0.1.0;\
             \n        res=$?;\
             \n        test \"$res\" != 31 && exit \"$res\";\
             \n        export OPAMCLI=2.0;\
             \n        build_dir=$(opam var prefix)/.opam-switch/build;\
             \n        failed=$(ls \"$build_dir\");\
             \n        partial_fails=\"\";\
             \n        for pkg in $failed; do\
             \n          if opam show -f x-ci-accept-failures: \"$pkg\" | grep -qF \"\\\"freebsd\\\"\"; then\
             \n            echo \"A package failed and has been disabled for CI using the 'x-ci-accept-failures' field.\";\
             \n          fi;\
             \n          test \"$pkg\" != 'caldav.0.1.0' && partial_fails=\"$partial_fails $pkg\";\
             \n        done;\
             \n        test \"${partial_fails}\" != \"\" && echo \"opam-repo-ci detected dependencies failing: ${partial_fails}\";\
             \n        exit 1"))
)

2024-11-25 21:59.58: Waiting for resource in pool OCluster
2024-11-25 21:59.58: Waiting for worker…
2024-11-25 22:04.29: Got resource from pool OCluster
Building on summer
All commits already cached
Updating files: 100% (32723/32723), done.
HEAD is now at e62e88dccc Merge pull request #26953 from shonfeder/revert-color-0.3.0
Merge made by the 'ort' strategy.
 packages/caldav/caldav.0.1.0/opam                         | 2 +-
 packages/caldav/caldav.0.1.1/opam                         | 2 +-
 packages/caldav/caldav.0.2.0/opam                         | 2 +-
 packages/caldav/caldav.0.2.2/opam                         | 2 +-
 packages/caldav/caldav.0.2.3/opam                         | 2 +-
 packages/graphql-cohttp/graphql-cohttp.0.9.0/opam         | 2 +-
 packages/h1_parser/h1_parser.0.0.2/opam                   | 2 +-
 packages/picos_io_cohttp/picos_io_cohttp.0.5.0/opam       | 2 +-
 packages/picos_io_cohttp/picos_io_cohttp.0.6.0/opam       | 2 +-
 packages/tidy_email_mailgun/tidy_email_mailgun.0.0.1/opam | 2 +-
 packages/websocket-async/websocket-async.2.17/opam        | 2 +-
 11 files changed, 11 insertions(+), 11 deletions(-)

[01;34m(from freebsd-ocaml-5.2)[0m
[01;2m[01;35m2024-11-25 21:53.56 ---> using "3515bf58445883216685df527c06fc8b9b7799700694ffa335d1401da4433261" from cache[0m

[01;34m/: (user (uid 1000) (gid 1000))[0m

[01;34m/: (workdir /home/opam)[0m

[01;34m/home/opam: (run (shell "sudo ln -f /usr/local/bin/opam-dev /usr/local/bin/opam"))[0m
[01;2m[01;35m2024-11-25 21:53.57 ---> using "48364e1fb8dbbd4caee612726b7c964e49452f03ec1f9b0526466ab1c963a289" from cache[0m

[01;34m/home/opam: (run (network host)
                 (shell "opam init --reinit -ni"))[0m
No configuration file found, using built-in defaults.
Checking for available remotes: rsync and local, git.
  - you won't be able to use mercurial repositories unless you install the hg command on your system.
  - you won't be able to use darcs repositories unless you install the darcs command on your system.

This version of opam requires an update to the layout of /home/opam/.opam from version 2.1 to version 2.2, which can't be reverted.
You may want to back it up before going further.

Continue? [y/n] y
[NOTE] The 'jobs' option was reset, its value was 1 and its new value will vary according to the current number of cores on your machine. You can restore the fixed value using:
           opam option jobs=1 --global
Format upgrade done.

<><> Updating repositories ><><><><><><><><><><><><><><><><><><><><><><><><><><>
[default] no changes from git+file:///home/opam/opam-repository
[01;2m[01;35m2024-11-25 21:53.57 ---> using "c9405311363be335bd03604ec044c083a65810c936d9b87d54c115ba23ec633d" from cache[0m

[01;34m/home/opam: (run (shell "uname -rs && opam exec -- ocaml -version && opam --version"))[0m
FreeBSD 14.1-RELEASE-p5
The OCaml toplevel, version 5.2.0
2.3.0~rc1
[01;2m[01;35m2024-11-25 21:53.57 ---> using "75c557dc5616766214d486bbd9740aad9cf3f41b1975f9eaa3f67179722364a2" from cache[0m

[01;34m/home/opam: (env OPAMDOWNLOADJOBS 1)[0m

[01;34m/home/opam: (env OPAMERRLOGLEN 0)[0m

[01;34m/home/opam: (env OPAMSOLVERTIMEOUT 1000)[0m

[01;34m/home/opam: (env OPAMPRECISETRACKING 1)[0m

[01;34m/home/opam: (env CI true)[0m

[01;34m/home/opam: (env OPAM_REPO_CI true)[0m

[01;34m/home/opam: (run (shell "rm -rf opam-repository/"))[0m
[01;2m[01;35m2024-11-25 21:53.58 ---> using "92e493e78a5cd5883fb758a776bfa39b25e6510ac546ef720b01153101f881bc" from cache[0m

[01;34m/home/opam: (copy (src .) (dst opam-repository/))[0m
[01;2m[01;35m2024-11-25 21:54.08 ---> saved as "427695773a7c01b3ddf20e164803f5aaac09854dcb6c1a435d77f183c704e09d"[0m

[01;34m/home/opam: (run (shell "opam repository set-url --strict default opam-repository/"))[0m
[default] Initialised
default (at file:///home/opam/opam-repository): 
    [WARNING] opam is out-of-date. Please consider updating it (https://opam.ocaml.org/doc/Install.html)

[01;2m[01;35m2024-11-25 21:54.45 ---> saved as "18fa95f20267944ceedd3c37375ac0191bd7872da92629dc71832614d9fdff46"[0m

[01;34m/home/opam: (run (network host)
                 (shell "opam update --depexts || true"))[0m
[WARNING] Unknown update command for bsd, skipping system update
[01;2m[01;35m2024-11-25 21:54.45 ---> saved as "acf85215f026a59ecba7114d9cb663e7b4a29748bf7cf67f3b2ac85aefeb8967"[0m

[01;34m/home/opam: (run (shell "opam pin add -k version -yn caldav.0.1.0 0.1.0"))[0m
caldav is now pinned to version 0.1.0
[01;2m[01;35m2024-11-25 21:54.50 ---> saved as "b8cbdac24d18a60a275d234c963bdc1aedd1923c117591e4d9e2a89b3e4310e9"[0m

[01;34m/home/opam: (run (cache (opam-archives (target /home/opam/.opam/download-cache)))
                 (network host)
                 (shell  "opam reinstall caldav.0.1.0;\
                        \n        res=$?;\
                        \n        test \"$res\" != 31 && exit \"$res\";\
                        \n        export OPAMCLI=2.0;\
                        \n        build_dir=$(opam var prefix)/.opam-switch/build;\
                        \n        failed=$(ls \"$build_dir\");\
                        \n        partial_fails=\"\";\
                        \n        for pkg in $failed; do\
                        \n          if opam show -f x-ci-accept-failures: \"$pkg\" | grep -qF \"\\\"freebsd\\\"\"; then\
                        \n            echo \"A package failed and has been disabled for CI using the 'x-ci-accept-failures' field.\";\
                        \n          fi;\
                        \n          test \"$pkg\" != 'caldav.0.1.0' && partial_fails=\"$partial_fails $pkg\";\
                        \n        done;\
                        \n        test \"${partial_fails}\" != \"\" && echo \"opam-repo-ci detected dependencies failing: ${partial_fails}\";\
                        \n        exit 1"))[0m
caldav.0.1.0 is not installed. Install it? [y/n] y
The following actions will be performed:
=== install 58 packages
  ∗ angstrom                0.16.1         [required by icalendar]
  ∗ astring                 0.8.5          [required by icalendar]
  ∗ base                    v0.17.1        [required by ppx_sexp_conv]
  ∗ base-bytes              base           [required by cohttp]
  ∗ base64                  3.5.1          [required by caldav]
  ∗ bigstringaf             0.10.0         [required by angstrom]
  ∗ caldav                  0.1.0 (pinned)
  ∗ cohttp                  5.3.1          [required by caldav]
  ∗ cohttp-lwt              5.3.0          [required by caldav]
  ∗ cppo                    1.7.0          [required by ppx_deriving]
  ∗ csexp                   1.5.2          [required by dune-configurator]
  ∗ cstruct                 6.2.0          [required by mirage-crypto-rng, hex, mirage-crypto, mirage-random]
  ∗ dispatch                0.5.0          [required by caldav]
  ∗ dune                    3.16.1         [required by caldav]
  ∗ dune-configurator       3.16.1         [required by mirage-crypto, mirage-crypto-rng]
  ∗ duration                0.2.1          [required by mirage-crypto-rng]
  ∗ eqaf                    0.9            [required by mirage-crypto]
  ∗ fmt                     0.9.0          [required by metrics, icalendar, mirage-kv]
  ∗ gmap                    0.3.0          [required by icalendar]
  ∗ hex                     1.5.0          [required by caldav]
  ∗ icalendar               0.1.4          [required by caldav]
  ∗ jsonm                   1.0.2          [required by cohttp]
  ∗ logs                    0.7.0          [required by caldav]
  ∗ lwt                     5.9.0          [required by caldav]
  ∗ metrics                 0.4.1          [required by caldav]
  ∗ mirage-clock            4.2.0          [required by caldav]
  ∗ mirage-crypto           0.11.3         [required by caldav]
  ∗ mirage-crypto-rng       0.11.3         [required by caldav]
  ∗ mirage-kv               5.0.0          [required by caldav]
  ∗ mirage-random           3.0.0          [required by caldav]
  ∗ num                     1.5-1          [required by sexplib]
  ∗ ocaml-compiler-libs     v0.17.0        [required by ppxlib]
  ∗ ocaml-syntax-shims      1.0.0          [required by angstrom]
  ∗ ocaml_intrinsics_kernel v0.17.1        [required by base]
  ∗ ocamlbuild              0.15.0         [required by xmlm]
  ∗ ocamlfind               1.9.6          [required by xmlm]
  ∗ ocplib-endian           1.2            [required by lwt]
  ∗ parsexp                 v0.17.0        [required by sexplib]
  ∗ ppx_derivers            1.2.1          [required by ppx_deriving]
  ∗ ppx_deriving            6.0.3          [required by caldav]
  ∗ ppx_sexp_conv           v0.17.0        [required by caldav]
  ∗ ppxlib                  0.33.0         [required by ppx_sexp_conv, ppx_deriving]
  ∗ ppxlib_jane             v0.17.0        [required by ppx_sexp_conv]
  ∗ ptime                   1.2.0          [required by caldav]
  ∗ re                      1.12.0         [required by caldav]
  ∗ result                  1.5            [required by dispatch]
  ∗ rresult                 0.7.0          [required by caldav]
  ∗ seq                     base           [required by tyxml]
  ∗ sexplib                 v0.17.0        [required by caldav]
  ∗ sexplib0                v0.17.0        [required by cohttp-lwt, cohttp, sexplib]
  ∗ stdlib-shims            0.3.0          [required by icalendar]
  ∗ stringext               1.6.0          [required by cohttp]
  ∗ topkg                   1.0.7          [required by xmlm]
  ∗ tyxml                   4.6.0          [required by caldav]
  ∗ uri                     4.4.0          [required by caldav]
  ∗ uri-sexp                4.4.0          [required by cohttp]
  ∗ uutf                    1.0.3          [required by tyxml]
  ∗ xmlm                    1.4.0          [required by caldav]

<><> Processing actions <><><><><><><><><><><><><><><><><><><><><><><><><><><><>
⬇ retrieved angstrom.0.16.1  (cached)
⬇ retrieved astring.0.8.5  (cached)
⬇ retrieved base.v0.17.1  (cached)
⬇ retrieved base64.3.5.1  (cached)
⬇ retrieved bigstringaf.0.10.0  (cached)
⬇ retrieved caldav.0.1.0  (https://github.com/robur-coop/caldav/releases/download/v0.1.0/caldav-v0.1.0.tbz)
⬇ retrieved cohttp.5.3.1  (cached)
⬇ retrieved cohttp-lwt.5.3.0  (cached)
⬇ retrieved cppo.1.7.0  (cached)
⬇ retrieved csexp.1.5.2  (cached)
⬇ retrieved cstruct.6.2.0  (cached)
⬇ retrieved dispatch.0.5.0  (cached)
⬇ retrieved dune.3.16.1, dune-configurator.3.16.1  (cached)
⬇ retrieved duration.0.2.1  (cached)
⬇ retrieved eqaf.0.9  (cached)
⬇ retrieved fmt.0.9.0  (cached)
⬇ retrieved gmap.0.3.0  (cached)
⬇ retrieved hex.1.5.0  (cached)
⬇ retrieved icalendar.0.1.4  (https://github.com/robur-coop/icalendar/releases/download/v0.1.4/icalendar-v0.1.4.tbz)
⬇ retrieved jsonm.1.0.2  (cached)
⬇ retrieved logs.0.7.0  (cached)
⬇ retrieved lwt.5.9.0  (cached)
⬇ retrieved metrics.0.4.1  (cached)
⬇ retrieved mirage-clock.4.2.0  (cached)
⬇ retrieved mirage-crypto.0.11.3, mirage-crypto-rng.0.11.3  (cached)
⬇ retrieved mirage-kv.5.0.0  (cached)
⬇ retrieved mirage-random.3.0.0  (cached)
⬇ retrieved num.1.5-1  (cached)
⬇ retrieved ocaml-compiler-libs.v0.17.0  (cached)
⬇ retrieved ocaml-syntax-shims.1.0.0  (cached)
⬇ retrieved ocaml_intrinsics_kernel.v0.17.1  (cached)
⬇ retrieved ocamlbuild.0.15.0  (cached)
⬇ retrieved ocamlfind.1.9.6  (cached)
⬇ retrieved ocplib-endian.1.2  (cached)
⬇ retrieved parsexp.v0.17.0  (cached)
⬇ retrieved ppx_derivers.1.2.1  (cached)
⬇ retrieved ppx_deriving.6.0.3  (cached)
⬇ retrieved ppx_sexp_conv.v0.17.0  (cached)
⬇ retrieved ppxlib.0.33.0  (cached)
⬇ retrieved ppxlib_jane.v0.17.0  (cached)
⬇ retrieved ptime.1.2.0  (cached)
⬇ retrieved re.1.12.0  (cached)
⬇ retrieved result.1.5  (cached)
⬇ retrieved rresult.0.7.0  (cached)
⬇ retrieved seq.base  (cached)
∗ installed seq.base
⬇ retrieved sexplib.v0.17.0  (cached)
⬇ retrieved sexplib0.v0.17.0  (cached)
⬇ retrieved stdlib-shims.0.3.0  (cached)
⬇ retrieved stringext.1.6.0  (cached)
⬇ retrieved topkg.1.0.7  (cached)
⬇ retrieved tyxml.4.6.0  (cached)
⬇ retrieved uri.4.4.0, uri-sexp.4.4.0  (cached)
⬇ retrieved uutf.1.0.3  (cached)
⬇ retrieved xmlm.1.4.0  (cached)
∗ installed num.1.5-1
∗ installed ocamlfind.1.9.6
∗ installed base-bytes.base
∗ installed ocamlbuild.0.15.0
∗ installed topkg.1.0.7
∗ installed uutf.1.0.3
∗ installed rresult.0.7.0
∗ installed xmlm.1.4.0
∗ installed fmt.0.9.0
∗ installed astring.0.8.5
∗ installed ptime.1.2.0
∗ installed jsonm.1.0.2
∗ installed dune.3.16.1
∗ installed mirage-clock.4.2.0
∗ installed duration.0.2.1
∗ installed ppx_derivers.1.2.1
∗ installed gmap.0.3.0
∗ installed csexp.1.5.2
∗ installed stringext.1.6.0
∗ installed stdlib-shims.0.3.0
∗ installed sexplib0.v0.17.0
∗ installed result.1.5
∗ installed ocaml_intrinsics_kernel.v0.17.1
∗ installed ocaml-syntax-shims.1.0.0
∗ installed ocaml-compiler-libs.v0.17.0
∗ installed metrics.0.4.1
∗ installed cstruct.6.2.0
∗ installed cppo.1.7.0
∗ installed base64.3.5.1
∗ installed re.1.12.0
∗ installed mirage-random.3.0.0
∗ installed dispatch.0.5.0
∗ installed hex.1.5.0
∗ installed eqaf.0.9
∗ installed ocplib-endian.1.2
∗ installed dune-configurator.3.16.1
∗ installed parsexp.v0.17.0
∗ installed bigstringaf.0.10.0
∗ installed angstrom.0.16.1
∗ installed sexplib.v0.17.0
∗ installed mirage-crypto.0.11.3
∗ installed tyxml.4.6.0
∗ installed uri.4.4.0
∗ installed lwt.5.9.0
∗ installed mirage-kv.5.0.0
∗ installed logs.0.7.0
∗ installed mirage-crypto-rng.0.11.3
∗ installed base.v0.17.1
∗ installed ppxlib.0.33.0
∗ installed ppxlib_jane.v0.17.0
∗ installed ppx_deriving.6.0.3
∗ installed ppx_sexp_conv.v0.17.0
∗ installed icalendar.0.1.4
∗ installed uri-sexp.4.4.0
∗ installed cohttp.5.3.1
∗ installed cohttp-lwt.5.3.0
∗ installed caldav.0.1.0
Done.
[01;2m[01;35m2024-11-25 21:58.07 ---> saved as "3997e9075029ffc89be79d1634bdcd2bf223eae44ab02cb09d3f0885a2e0729c"[0m

[01;34m/home/opam: (run (network host)
                 (shell "(opam reinstall --with-test caldav.0.1.0) || true"))[0m
[ERROR] Sorry, resolution of the request timed out.
        Try to specify a more precise request, use a different solver, or increase the allowed time by setting OPAMSOLVERTIMEOUT to a bigger value (currently, it is set to 1000.0 seconds).
[01;2m[01;35m2024-11-25 22:15.07 ---> saved as "5eddeb488e2f6005a3f98ede386edbd8217ece5b94ba3b4fd2a73a80b08bcf7d"[0m

[01;34m/home/opam: (run (shell  "opam reinstall --with-test --verbose caldav.0.1.0;\
                        \n        res=$?;\
                        \n        test \"$res\" != 31 && exit \"$res\";\
                        \n        export OPAMCLI=2.0;\
                        \n        build_dir=$(opam var prefix)/.opam-switch/build;\
                        \n        failed=$(ls \"$build_dir\");\
                        \n        partial_fails=\"\";\
                        \n        for pkg in $failed; do\
                        \n          if opam show -f x-ci-accept-failures: \"$pkg\" | grep -qF \"\\\"freebsd\\\"\"; then\
                        \n            echo \"A package failed and has been disabled for CI using the 'x-ci-accept-failures' field.\";\
                        \n          fi;\
                        \n          test \"$pkg\" != 'caldav.0.1.0' && partial_fails=\"$partial_fails $pkg\";\
                        \n        done;\
                        \n        test \"${partial_fails}\" != \"\" && echo \"opam-repo-ci detected dependencies failing: ${partial_fails}\";\
                        \n        exit 1"))[0m
[ERROR] Sorry, resolution of the request timed out.
        Try to specify a more precise request, use a different solver, or increase the allowed time by setting OPAMSOLVERTIMEOUT to a bigger value (currently, it is set to 1000.0 seconds).
'opam reinstall --with-test --verbose caldav.0.1.0' failed.
jail: /usr/bin/su -l opam -c cd '/home/opam' && env OPAM_REPO_CI='true' CI='true' OPAMPRECISETRACKING='1' OPAMSOLVERTIMEOUT='1000' OPAMERRLOGLEN='0' OPAMDOWNLOADJOBS='1' '/usr/bin/env' 'bash' '-c' 'opam reinstall --with-test --verbose caldav.0.1.0;
        res=$?;
        test "$res" != 31 && exit "$res";
        export OPAMCLI=2.0;
        build_dir=$(opam var prefix)/.opam-switch/build;
        failed=$(ls "$build_dir");
        partial_fails="";
        for pkg in $failed; do
          if opam show -f x-ci-accept-failures: "$pkg" | grep -qF "\"freebsd\""; then
            echo "A package failed and has been disabled for CI using the '\''x-ci-accept-failures'\'' field.";
          fi;
          test "$pkg" != '\''caldav.0.1.0'\'' && partial_fails="$partial_fails $pkg";
        done;
        test "${partial_fails}" != "" && echo "opam-repo-ci detected dependencies failing: ${partial_fails}";
        exit 1': failed
"jail" "-c" "name=obuilder_49118_10255" "mount.devfs" "path=/obuilder/result/1b1bc4f5c1d4cfbf2a5233a869166f43ef3b77f3878bb1f7e19539cdc52d3a18/rootfs" "vnet" "exec.start=/sbin/ifconfig lo0 127.0.0.1/8" "command=/usr/bin/su" "-l" "opam" "-c" "cd '/home/opam' && env OPAM_REPO_CI='true' CI='true' OPAMPRECISETRACKING='1' OPAMSOLVERTIMEOUT='1000' OPAMERRLOGLEN='0' OPAMDOWNLOADJOBS='1' '/usr/bin/env' 'bash' '-c' 'opam reinstall --with-test --verbose caldav.0.1.0;
        res=$?;
        test "$res" != 31 && exit "$res";
        export OPAMCLI=2.0;
        build_dir=$(opam var prefix)/.opam-switch/build;
        failed=$(ls "$build_dir");
        partial_fails="";
        for pkg in $failed; do
          if opam show -f x-ci-accept-failures: "$pkg" | grep -qF "\"freebsd\""; then
            echo "A package failed and has been disabled for CI using the '\''x-ci-accept-failures'\'' field.";
          fi;
          test "$pkg" != '\''caldav.0.1.0'\'' && partial_fails="$partial_fails $pkg";
        done;
        test "${partial_fails}" != "" && echo "opam-repo-ci detected dependencies failing: ${partial_fails}";
        exit 1'" failed with exit status 1
2024-11-25 22:43.41: Job failed: Failed: Build failed
2024-11-25 22:43.41: Log analysis:
2024-11-25 22:43.41: >>> 
[ERROR] Sorry, resolution of the request timed out.
 (score = 20)
2024-11-25 22:43.41: >>> 
[ERROR] Sorry, resolution of the request timed out.
 (score = 20)
2024-11-25 22:43.41: Sorry, resolution of the request timed out.
