2024-11-25 23:02.57: New job: test picos_meta.0.6.0, using opam dev
                              from https://github.com/ocaml/opam-repository.git#refs/pull/26957/head (5b914129bc8055daaf8267ce078d98e59b88f3ca)
                              on archlinux-ocaml-4.14/amd64

To reproduce locally:

cd $(mktemp -d)
git clone --recursive "https://github.com/ocaml/opam-repository.git" && cd "opam-repository" && git fetch origin "refs/pull/26957/head" && git reset --hard 5b914129
git fetch origin master
git merge --no-edit e62e88dccc1d1181b3fa83b78e2bf462598afb92
cat > ../Dockerfile <<'END-OF-DOCKERFILE'
[34mFROM ocaml/opam:archlinux-ocaml-4.14@sha256:9357c3dabf1d4372f8e7bd41db7b8d74ef95d5bbfb308b2f8dd63400b9bbeaa3
USER 1000:1000
WORKDIR /home/opam
RUN sudo ln -f /usr/bin/opam-dev /usr/bin/opam
RUN opam init --reinit -ni
RUN uname -rs && opam exec -- ocaml -version && opam --version
ENV OPAMDOWNLOADJOBS="1"
ENV OPAMERRLOGLEN="0"
ENV OPAMSOLVERTIMEOUT="1000"
ENV OPAMPRECISETRACKING="1"
ENV CI="true"
ENV OPAM_REPO_CI="true"
RUN rm -rf opam-repository/
COPY --chown=1000:1000 . opam-repository/
RUN opam repository set-url --strict default opam-repository/
RUN opam update --depexts || true
RUN opam pin add -k version -yn picos_meta.0.6.0 0.6.0
RUN opam reinstall picos_meta.0.6.0; \
    res=$?; \
    test "$res" != 31 && exit "$res"; \
    export OPAMCLI=2.0; \
    build_dir=$(opam var prefix)/.opam-switch/build; \
    failed=$(ls "$build_dir"); \
    partial_fails=""; \
    for pkg in $failed; do \
    if opam show -f x-ci-accept-failures: "$pkg" | grep -qF "\"archlinux\""; then \
    echo "A package failed and has been disabled for CI using the 'x-ci-accept-failures' field."; \
    fi; \
    test "$pkg" != 'picos_meta.0.6.0' && partial_fails="$partial_fails $pkg"; \
    done; \
    test "${partial_fails}" != "" && echo "opam-repo-ci detected dependencies failing: ${partial_fails}"; \
    exit 1
RUN (opam reinstall --with-test picos_meta.0.6.0) || true
RUN opam reinstall --with-test --verbose picos_meta.0.6.0; \
    res=$?; \
    test "$res" != 31 && exit "$res"; \
    export OPAMCLI=2.0; \
    build_dir=$(opam var prefix)/.opam-switch/build; \
    failed=$(ls "$build_dir"); \
    partial_fails=""; \
    for pkg in $failed; do \
    if opam show -f x-ci-accept-failures: "$pkg" | grep -qF "\"archlinux\""; then \
    echo "A package failed and has been disabled for CI using the 'x-ci-accept-failures' field."; \
    fi; \
    test "$pkg" != 'picos_meta.0.6.0' && partial_fails="$partial_fails $pkg"; \
    done; \
    test "${partial_fails}" != "" && echo "opam-repo-ci detected dependencies failing: ${partial_fails}"; \
    exit 1
[0m
END-OF-DOCKERFILE
docker build -f ../Dockerfile .

2024-11-25 23:02.57: Using cache hint "ocaml/opam:archlinux-ocaml-4.14@sha256:9357c3dabf1d4372f8e7bd41db7b8d74ef95d5bbfb308b2f8dd63400b9bbeaa3-picos_meta.0.6.0-5b914129bc8055daaf8267ce078d98e59b88f3ca"
2024-11-25 23:02.57: Using OBuilder spec:
((from ocaml/opam:archlinux-ocaml-4.14@sha256:9357c3dabf1d4372f8e7bd41db7b8d74ef95d5bbfb308b2f8dd63400b9bbeaa3)
 (user (uid 1000) (gid 1000))
 (workdir /home/opam)
 (run (shell "sudo ln -f /usr/bin/opam-dev /usr/bin/opam"))
 (run (network host)
      (shell "opam init --reinit --config .opamrc-sandbox -ni"))
 (run (shell "uname -rs && opam exec -- ocaml -version && opam --version"))
 (env OPAMDOWNLOADJOBS 1)
 (env OPAMERRLOGLEN 0)
 (env OPAMSOLVERTIMEOUT 1000)
 (env OPAMPRECISETRACKING 1)
 (env CI true)
 (env OPAM_REPO_CI true)
 (run (shell "rm -rf opam-repository/"))
 (copy (src .) (dst opam-repository/))
 (run (shell "opam repository set-url --strict default opam-repository/"))
 (run (network host)
      (shell "opam update --depexts || true"))
 (run (shell "opam pin add -k version -yn picos_meta.0.6.0 0.6.0"))
 (run (cache (opam-archives (target /home/opam/.opam/download-cache)))
      (network host)
      (shell  "opam reinstall picos_meta.0.6.0;\
             \n        res=$?;\
             \n        test \"$res\" != 31 && exit \"$res\";\
             \n        export OPAMCLI=2.0;\
             \n        build_dir=$(opam var prefix)/.opam-switch/build;\
             \n        failed=$(ls \"$build_dir\");\
             \n        partial_fails=\"\";\
             \n        for pkg in $failed; do\
             \n          if opam show -f x-ci-accept-failures: \"$pkg\" | grep -qF \"\\\"archlinux\\\"\"; then\
             \n            echo \"A package failed and has been disabled for CI using the 'x-ci-accept-failures' field.\";\
             \n          fi;\
             \n          test \"$pkg\" != 'picos_meta.0.6.0' && partial_fails=\"$partial_fails $pkg\";\
             \n        done;\
             \n        test \"${partial_fails}\" != \"\" && echo \"opam-repo-ci detected dependencies failing: ${partial_fails}\";\
             \n        exit 1"))
 (run (network host)
      (shell "(opam reinstall --with-test picos_meta.0.6.0) || true"))
 (run (shell  "opam reinstall --with-test --verbose picos_meta.0.6.0;\
             \n        res=$?;\
             \n        test \"$res\" != 31 && exit \"$res\";\
             \n        export OPAMCLI=2.0;\
             \n        build_dir=$(opam var prefix)/.opam-switch/build;\
             \n        failed=$(ls \"$build_dir\");\
             \n        partial_fails=\"\";\
             \n        for pkg in $failed; do\
             \n          if opam show -f x-ci-accept-failures: \"$pkg\" | grep -qF \"\\\"archlinux\\\"\"; then\
             \n            echo \"A package failed and has been disabled for CI using the 'x-ci-accept-failures' field.\";\
             \n          fi;\
             \n          test \"$pkg\" != 'picos_meta.0.6.0' && partial_fails=\"$partial_fails $pkg\";\
             \n        done;\
             \n        test \"${partial_fails}\" != \"\" && echo \"opam-repo-ci detected dependencies failing: ${partial_fails}\";\
             \n        exit 1"))
)

2024-11-25 23:02.57: Waiting for resource in pool OCluster
2024-11-26 00:43.13: Waiting for worker…
2024-11-26 00:47.06: Got resource from pool OCluster
Building on x86-bm-c10.sw.ocaml.org
All commits already cached
Updating files:  89% (29154/32723)Updating files:  90% (29451/32723)Updating files:  91% (29778/32723)Updating files:  92% (30106/32723)Updating files:  93% (30433/32723)Updating files:  94% (30760/32723)Updating files:  95% (31087/32723)Updating files:  96% (31415/32723)Updating files:  97% (31742/32723)Updating files:  98% (32069/32723)Updating files:  99% (32396/32723)Updating files: 100% (32723/32723)Updating files: 100% (32723/32723), done.
HEAD is now at e62e88dccc Merge pull request #26953 from shonfeder/revert-color-0.3.0
Updating e62e88dccc..5b914129bc
Fast-forward
 packages/ojs-base/ojs-base.0.1.0/opam     | 2 +-
 packages/ojs-base/ojs-base.0.2.0/opam     | 2 +-
 packages/ojs-base/ojs-base.0.3.0/opam     | 2 +-
 packages/ojs-base/ojs-base.0.4.0/opam     | 2 +-
 packages/ojs-base/ojs-base.0.5.0/opam     | 2 +-
 packages/ojs-base/ojs-base.0.6.0/opam     | 2 +-
 packages/picos/picos.0.1.0/opam           | 4 ++--
 packages/picos/picos.0.2.0/opam           | 4 ++--
 packages/picos/picos.0.3.0/opam           | 4 ++--
 packages/picos/picos.0.4.0/opam           | 2 +-
 packages/picos_meta/picos_meta.0.5.0/opam | 2 +-
 packages/picos_meta/picos_meta.0.6.0/opam | 2 +-
 12 files changed, 15 insertions(+), 15 deletions(-)

[01;34m(from ocaml/opam:archlinux-ocaml-4.14@sha256:9357c3dabf1d4372f8e7bd41db7b8d74ef95d5bbfb308b2f8dd63400b9bbeaa3)[0m
[01;2m[01;35m2024-11-26 00:47.09 ---> using "04c18a6a8d1619fd7bf0cb4ef949e3cf22c550d90c671fe55f5b9de16a0010d0" from cache[0m

[01;34m/: (user (uid 1000) (gid 1000))[0m

[01;34m/: (workdir /home/opam)[0m

[01;34m/home/opam: (run (shell "sudo ln -f /usr/bin/opam-dev /usr/bin/opam"))[0m
[01;2m[01;35m2024-11-26 00:47.09 ---> using "9990103acb87278bb8f5cc642ac06549bc14b0e52a4212001d59aea1cafd85d6" from cache[0m

[01;34m/home/opam: (run (network host)
                 (shell "opam init --reinit --config .opamrc-sandbox -ni"))[0m
Configuring from /home/opam/.opamrc-sandbox, then /home/opam/.opamrc, and finally from built-in defaults.
Checking for available remotes: rsync and local, git.
  - you won't be able to use mercurial repositories unless you install the hg command on your system.
  - you won't be able to use darcs repositories unless you install the darcs command on your system.

This development version of opam requires an update to the layout of /home/opam/.opam from version 2.0 to version 2.2, which can't be reverted.
You may want to back it up before going further.

Continue? [Y/n] y
[NOTE] The 'jobs' option was reset, its value was 31 and its new value will vary according to the current number of cores on your machine. You can restore the fixed value using:
           opam option jobs=31 --global
Format upgrade done.

<><> Updating repositories ><><><><><><><><><><><><><><><><><><><><><><><><><><>
[default] synchronised from file:///home/opam/opam-repository
[01;2m[01;35m2024-11-26 00:47.09 ---> using "0013a80ccaaa1fbdf9dc5c29b977323a4741613e3c2a15dd98a5b4f637f93993" from cache[0m

[01;34m/home/opam: (run (shell "uname -rs && opam exec -- ocaml -version && opam --version"))[0m
Linux 5.15.0-126-generic
The OCaml toplevel, version 4.14.2
2.4.0~alpha1~dev
[01;2m[01;35m2024-11-26 00:47.09 ---> using "719272fd1541d83a9e681c832e80d802b2325ad2357d89aa69df01edb250e088" from cache[0m

[01;34m/home/opam: (env OPAMDOWNLOADJOBS 1)[0m

[01;34m/home/opam: (env OPAMERRLOGLEN 0)[0m

[01;34m/home/opam: (env OPAMSOLVERTIMEOUT 1000)[0m

[01;34m/home/opam: (env OPAMPRECISETRACKING 1)[0m

[01;34m/home/opam: (env CI true)[0m

[01;34m/home/opam: (env OPAM_REPO_CI true)[0m

[01;34m/home/opam: (run (shell "rm -rf opam-repository/"))[0m
[01;2m[01;35m2024-11-26 00:47.09 ---> using "67caad22f5b07dca7cce70f4a1c00b91ef654aba112e510058a1c2ae2a885c69" from cache[0m

[01;34m/home/opam: (copy (src .) (dst opam-repository/))[0m
[01;2m[01;35m2024-11-26 00:47.11 ---> using "b34fa59eb39fe2e53e0eb306fc5a2e3e2141188cee9e819745c3a81e37d7bb24" from cache[0m

[01;34m/home/opam: (run (shell "opam repository set-url --strict default opam-repository/"))[0m
[default] Initialised
[01;2m[01;35m2024-11-26 00:47.52 ---> saved as "e0b1faeba3dfc8d648107ab94b01d3219cb1c58a4a097bb05f48328bc740b2f8"[0m

[01;34m/home/opam: (run (network host)
                 (shell "opam update --depexts || true"))[0m
+ /usr/sbin/sudo "pacman" "-Sy"
- :: Synchronizing package databases...
-  core downloading...
-  extra downloading...
[01;2m[01;35m2024-11-26 00:47.53 ---> saved as "b63134252b9ea97bbcced0764480e4af90ee66b475cc0f3f842be1b2755904f2"[0m

[01;34m/home/opam: (run (shell "opam pin add -k version -yn picos_meta.0.6.0 0.6.0"))[0m
picos_meta is now pinned to version 0.6.0
[01;2m[01;35m2024-11-26 00:47.53 ---> saved as "7f2b2720dddd17a32b21b7f0f95c4f02224743279d72c65b5bafb4cc9ddc8406"[0m

[01;34m/home/opam: (run (cache (opam-archives (target /home/opam/.opam/download-cache)))
                 (network host)
                 (shell  "opam reinstall picos_meta.0.6.0;\
                        \n        res=$?;\
                        \n        test \"$res\" != 31 && exit \"$res\";\
                        \n        export OPAMCLI=2.0;\
                        \n        build_dir=$(opam var prefix)/.opam-switch/build;\
                        \n        failed=$(ls \"$build_dir\");\
                        \n        partial_fails=\"\";\
                        \n        for pkg in $failed; do\
                        \n          if opam show -f x-ci-accept-failures: \"$pkg\" | grep -qF \"\\\"archlinux\\\"\"; then\
                        \n            echo \"A package failed and has been disabled for CI using the 'x-ci-accept-failures' field.\";\
                        \n          fi;\
                        \n          test \"$pkg\" != 'picos_meta.0.6.0' && partial_fails=\"$partial_fails $pkg\";\
                        \n        done;\
                        \n        test \"${partial_fails}\" != \"\" && echo \"opam-repo-ci detected dependencies failing: ${partial_fails}\";\
                        \n        exit 1"))[0m
picos_meta.0.6.0 is not installed. Install it? [Y/n] y
The following actions will be performed:
=== install 53 packages
  ∗ angstrom                   0.16.1         [required by uri]
  ∗ backoff                    0.1.1          [required by picos_io, picos, picos_aux, picos_mux]
  ∗ base                       v0.16.3        [required by ppx_sexp_conv]
  ∗ base-bytes                 base           [required by ocplib-endian]
  ∗ base64                     3.5.1          [required by cohttp]
  ∗ bigstringaf                0.10.0         [required by angstrom]
  ∗ cmdliner                   1.3.0          [required by dscheck]
  ∗ cohttp                     6.0.0~beta2    [required by picos_io_cohttp]
  ∗ conf-bash                  1              [required by base]
  ∗ containers                 3.15           [required by dscheck]
  ∗ cppo                       1.7.0          [required by lwt]
  ∗ csexp                      1.5.2          [required by dune-configurator]
  ∗ dscheck                    0.5.0          [required by picos_meta]
  ∗ dune                       3.16.1         [required by picos_meta]
  ∗ dune-configurator          3.16.1         [required by lwt]
  ∗ either                     1.0.0          [required by containers]
  ∗ fmt                        0.9.0          [required by picos_io_cohttp]
  ∗ http                       6.0.0~beta2    [required by cohttp]
  ∗ logs                       0.7.0          [required by cohttp]
  ∗ lwt                        5.9.0          [required by picos_meta]
  ∗ mtime                      2.1.0          [required by picos_io]
  ∗ multicore-magic            2.3.0          [required by picos_io, picos_aux, picos_mux]
  ∗ ocaml-compiler-libs        v0.12.4        [required by ppxlib]
  ∗ ocaml-syntax-shims         1.0.0          [required by angstrom]
  ∗ ocamlbuild                 0.15.0         [required by mtime]
  ∗ ocamlfind                  1.9.6          [required by mtime]
  ∗ ocplib-endian              1.2            [required by lwt]
  ∗ oseq                       0.5.1          [required by dscheck]
  ∗ picos                      0.6.0          [required by picos_meta]
  ∗ picos_aux                  0.6.0          [required by picos_meta]
  ∗ picos_io                   0.6.0          [required by picos_meta]
  ∗ picos_io_cohttp            0.6.0          [required by picos_meta]
  ∗ picos_lwt                  0.6.0          [required by picos_meta]
  ∗ picos_meta                 0.6.0 (pinned)
  ∗ picos_mux                  0.6.0          [required by picos_meta]
  ∗ picos_std                  0.6.0          [required by picos_meta]
  ∗ ppx_derivers               1.2.1          [required by ppxlib]
  ∗ ppx_sexp_conv              v0.16.0        [required by cohttp]
  ∗ ppxlib                     0.33.0         [required by ppx_sexp_conv]
  ∗ psq                        0.2.1          [required by picos_io]
  ∗ qcheck-core                0.22           [required by picos_meta]
  ∗ qcheck-multicoretests-util 0.4            [required by qcheck-stm]
  ∗ qcheck-stm                 0.4            [required by picos_meta]
  ∗ re                         1.12.0         [required by cohttp]
  ∗ seq                        base           [required by psq]
  ∗ sexplib0                   v0.16.0        [required by cohttp]
  ∗ stdlib-shims               0.3.0          [required by ppxlib]
  ∗ stringext                  1.6.0          [required by cohttp]
  ∗ thread-local-storage       0.2            [required by picos]
  ∗ topkg                      1.0.7          [required by mtime]
  ∗ tsort                      2.1.0          [required by dscheck]
  ∗ uri                        4.4.0          [required by picos_io_cohttp]
  ∗ uri-sexp                   4.4.0          [required by cohttp]

<><> Processing actions <><><><><><><><><><><><><><><><><><><><><><><><><><><><>
⬇ retrieved angstrom.0.16.1  (cached)
⬇ retrieved backoff.0.1.1  (cached)
⬇ retrieved base.v0.16.3  (cached)
⬇ retrieved base64.3.5.1  (cached)
⬇ retrieved bigstringaf.0.10.0  (cached)
⬇ retrieved cmdliner.1.3.0  (cached)
⬇ retrieved cohttp.6.0.0~beta2, http.6.0.0~beta2  (cached)
∗ installed conf-bash.1
⬇ retrieved containers.3.15  (cached)
⬇ retrieved cppo.1.7.0  (cached)
⬇ retrieved csexp.1.5.2  (cached)
⬇ retrieved dscheck.0.5.0  (cached)
⬇ retrieved dune.3.16.1, dune-configurator.3.16.1  (cached)
⬇ retrieved either.1.0.0  (cached)
⬇ retrieved fmt.0.9.0  (cached)
⬇ retrieved logs.0.7.0  (cached)
⬇ retrieved lwt.5.9.0  (cached)
⬇ retrieved mtime.2.1.0  (cached)
⬇ retrieved multicore-magic.2.3.0  (cached)
⬇ retrieved ocaml-compiler-libs.v0.12.4  (cached)
⬇ retrieved ocaml-syntax-shims.1.0.0  (cached)
⬇ retrieved ocamlbuild.0.15.0  (cached)
∗ installed cmdliner.1.3.0
⬇ retrieved ocamlfind.1.9.6  (cached)
⬇ retrieved ocplib-endian.1.2  (cached)
⬇ retrieved oseq.0.5.1  (cached)
⬇ retrieved picos.0.6.0, picos_aux.0.6.0, picos_io.0.6.0, picos_io_cohttp.0.6.0, picos_lwt.0.6.0, picos_meta.0.6.0, picos_mux.0.6.0, picos_std.0.6.0  (cached)
⬇ retrieved ppx_derivers.1.2.1  (cached)
⬇ retrieved ppx_sexp_conv.v0.16.0  (cached)
⬇ retrieved ppxlib.0.33.0  (cached)
⬇ retrieved psq.0.2.1  (cached)
⬇ retrieved qcheck-core.0.22  (cached)
⬇ retrieved qcheck-multicoretests-util.0.4, qcheck-stm.0.4  (cached)
⬇ retrieved re.1.12.0  (cached)
⬇ retrieved seq.base  (cached)
∗ installed seq.base
⬇ retrieved sexplib0.v0.16.0  (cached)
⬇ retrieved stdlib-shims.0.3.0  (cached)
⬇ retrieved stringext.1.6.0  (cached)
⬇ retrieved thread-local-storage.0.2  (cached)
⬇ retrieved topkg.1.0.7  (cached)
⬇ retrieved tsort.2.1.0  (cached)
⬇ retrieved uri.4.4.0, uri-sexp.4.4.0  (cached)
∗ installed ocamlfind.1.9.6
∗ installed base-bytes.base
∗ installed ocamlbuild.0.15.0
∗ installed topkg.1.0.7
∗ installed mtime.2.1.0
∗ installed fmt.0.9.0
∗ installed dune.3.16.1
∗ installed ppx_derivers.1.2.1
∗ installed csexp.1.5.2
∗ installed backoff.0.1.1
∗ installed base64.3.5.1
∗ installed cppo.1.7.0
∗ installed either.1.0.0
∗ installed http.6.0.0~beta2
∗ installed multicore-magic.2.3.0
∗ installed ocaml-compiler-libs.v0.12.4
∗ installed ocaml-syntax-shims.1.0.0
∗ installed oseq.0.5.1
∗ installed psq.0.2.1
∗ installed re.1.12.0
∗ installed sexplib0.v0.16.0
∗ installed qcheck-core.0.22
∗ installed stdlib-shims.0.3.0
∗ installed stringext.1.6.0
∗ installed thread-local-storage.0.2
∗ installed tsort.2.1.0
∗ installed ocplib-endian.1.2
∗ installed picos_aux.0.6.0
∗ installed qcheck-multicoretests-util.0.4
∗ installed qcheck-stm.0.4
∗ installed picos.0.6.0
∗ installed picos_std.0.6.0
∗ installed dune-configurator.3.16.1
∗ installed picos_io.0.6.0
∗ installed bigstringaf.0.10.0
∗ installed picos_mux.0.6.0
∗ installed angstrom.0.16.1
∗ installed containers.3.15
∗ installed dscheck.0.5.0
∗ installed uri.4.4.0
∗ installed lwt.5.9.0
∗ installed picos_lwt.0.6.0
∗ installed base.v0.16.3
∗ installed logs.0.7.0
∗ installed ppxlib.0.33.0
∗ installed ppx_sexp_conv.v0.16.0
∗ installed uri-sexp.4.4.0
∗ installed cohttp.6.0.0~beta2
∗ installed picos_io_cohttp.0.6.0
∗ installed picos_meta.0.6.0
Done.
# To update the current shell environment, run: eval $(opam env)
[01;2m[01;35m2024-11-26 00:49.14 ---> saved as "7fe5037a740b657ed074753da97cd829ddfe26a00b4bbe2f3de689ea6dea5a68"[0m

[01;34m/home/opam: (run (network host)
                 (shell "(opam reinstall --with-test picos_meta.0.6.0) || true"))[0m
[ERROR] Sorry, resolution of the request timed out.
        Try to specify a more precise request, use a different solver, or increase the allowed time by setting OPAMSOLVERTIMEOUT to a bigger value (currently, it is set to 1000.0 seconds).
[01;2m[01;35m2024-11-26 01:06.21 ---> saved as "87175285b19b9d017a6f372cdbd4a59faf8c5dc708f2f1a63fb925a0473b186b"[0m

[01;34m/home/opam: (run (shell  "opam reinstall --with-test --verbose picos_meta.0.6.0;\
                        \n        res=$?;\
                        \n        test \"$res\" != 31 && exit \"$res\";\
                        \n        export OPAMCLI=2.0;\
                        \n        build_dir=$(opam var prefix)/.opam-switch/build;\
                        \n        failed=$(ls \"$build_dir\");\
                        \n        partial_fails=\"\";\
                        \n        for pkg in $failed; do\
                        \n          if opam show -f x-ci-accept-failures: \"$pkg\" | grep -qF \"\\\"archlinux\\\"\"; then\
                        \n            echo \"A package failed and has been disabled for CI using the 'x-ci-accept-failures' field.\";\
                        \n          fi;\
                        \n          test \"$pkg\" != 'picos_meta.0.6.0' && partial_fails=\"$partial_fails $pkg\";\
                        \n        done;\
                        \n        test \"${partial_fails}\" != \"\" && echo \"opam-repo-ci detected dependencies failing: ${partial_fails}\";\
                        \n        exit 1"))[0m
[ERROR] Sorry, resolution of the request timed out.
        Try to specify a more precise request, use a different solver, or increase the allowed time by setting OPAMSOLVERTIMEOUT to a bigger value (currently, it is set to 1000.0 seconds).
'opam reinstall --with-test --verbose picos_meta.0.6.0' failed.
"/usr/bin/env" "bash" "-c" "opam reinstall --with-test --verbose picos_meta.0.6.0;
        res=$?;
        test "$res" != 31 && exit "$res";
        export OPAMCLI=2.0;
        build_dir=$(opam var prefix)/.opam-switch/build;
        failed=$(ls "$build_dir");
        partial_fails="";
        for pkg in $failed; do
          if opam show -f x-ci-accept-failures: "$pkg" | grep -qF "\"archlinux\""; then
            echo "A package failed and has been disabled for CI using the 'x-ci-accept-failures' field.";
          fi;
          test "$pkg" != 'picos_meta.0.6.0' && partial_fails="$partial_fails $pkg";
        done;
        test "${partial_fails}" != "" && echo "opam-repo-ci detected dependencies failing: ${partial_fails}";
        exit 1" failed with exit status 60
2024-11-26 01:23.33: Job failed: Failed: Build failed
2024-11-26 01:23.33: Log analysis:
2024-11-26 01:23.33: >>> 
[ERROR] Sorry, resolution of the request timed out.
 (score = 20)
2024-11-26 01:23.33: >>> 
[ERROR] Sorry, resolution of the request timed out.
 (score = 20)
2024-11-26 01:23.33: Sorry, resolution of the request timed out.
