2024-11-25 23:02.59: New job: test picos_meta.0.5.0, using opam dev
                              from https://github.com/ocaml/opam-repository.git#refs/pull/26957/head (5b914129bc8055daaf8267ce078d98e59b88f3ca)
                              on debian-12-ocaml-4.14/s390x

To reproduce locally:

cd $(mktemp -d)
git clone --recursive "https://github.com/ocaml/opam-repository.git" && cd "opam-repository" && git fetch origin "refs/pull/26957/head" && git reset --hard 5b914129
git fetch origin master
git merge --no-edit e62e88dccc1d1181b3fa83b78e2bf462598afb92
cat > ../Dockerfile <<'END-OF-DOCKERFILE'
[34mFROM ocaml/opam:debian-12-ocaml-4.14@sha256:e4e63ddd9ab0ce3757a460313a4ad22f9a62c6e6e259c5cdf18c455fcfdc4fef
USER 1000:1000
WORKDIR /home/opam
RUN sudo ln -f /usr/bin/opam-dev /usr/bin/opam
RUN opam init --reinit -ni
RUN uname -rs && opam exec -- ocaml -version && opam --version
ENV OPAMDOWNLOADJOBS="1"
ENV OPAMERRLOGLEN="0"
ENV OPAMSOLVERTIMEOUT="1000"
ENV OPAMPRECISETRACKING="1"
ENV CI="true"
ENV OPAM_REPO_CI="true"
RUN rm -rf opam-repository/
COPY --chown=1000:1000 . opam-repository/
RUN opam repository set-url --strict default opam-repository/
RUN opam update --depexts || true
RUN opam pin add -k version -yn picos_meta.0.5.0 0.5.0
RUN opam reinstall picos_meta.0.5.0; \
    res=$?; \
    test "$res" != 31 && exit "$res"; \
    export OPAMCLI=2.0; \
    build_dir=$(opam var prefix)/.opam-switch/build; \
    failed=$(ls "$build_dir"); \
    partial_fails=""; \
    for pkg in $failed; do \
    if opam show -f x-ci-accept-failures: "$pkg" | grep -qF "\"debian-12\""; then \
    echo "A package failed and has been disabled for CI using the 'x-ci-accept-failures' field."; \
    fi; \
    test "$pkg" != 'picos_meta.0.5.0' && partial_fails="$partial_fails $pkg"; \
    done; \
    test "${partial_fails}" != "" && echo "opam-repo-ci detected dependencies failing: ${partial_fails}"; \
    exit 1
RUN (opam reinstall --with-test picos_meta.0.5.0) || true
RUN opam reinstall --with-test --verbose picos_meta.0.5.0; \
    res=$?; \
    test "$res" != 31 && exit "$res"; \
    export OPAMCLI=2.0; \
    build_dir=$(opam var prefix)/.opam-switch/build; \
    failed=$(ls "$build_dir"); \
    partial_fails=""; \
    for pkg in $failed; do \
    if opam show -f x-ci-accept-failures: "$pkg" | grep -qF "\"debian-12\""; then \
    echo "A package failed and has been disabled for CI using the 'x-ci-accept-failures' field."; \
    fi; \
    test "$pkg" != 'picos_meta.0.5.0' && partial_fails="$partial_fails $pkg"; \
    done; \
    test "${partial_fails}" != "" && echo "opam-repo-ci detected dependencies failing: ${partial_fails}"; \
    exit 1
[0m
END-OF-DOCKERFILE
docker build -f ../Dockerfile .

2024-11-25 23:02.59: Using cache hint "ocaml/opam:debian-12-ocaml-4.14@sha256:e4e63ddd9ab0ce3757a460313a4ad22f9a62c6e6e259c5cdf18c455fcfdc4fef-picos_meta.0.5.0-5b914129bc8055daaf8267ce078d98e59b88f3ca"
2024-11-25 23:02.59: Using OBuilder spec:
((from ocaml/opam:debian-12-ocaml-4.14@sha256:e4e63ddd9ab0ce3757a460313a4ad22f9a62c6e6e259c5cdf18c455fcfdc4fef)
 (user (uid 1000) (gid 1000))
 (workdir /home/opam)
 (run (shell "sudo ln -f /usr/bin/opam-dev /usr/bin/opam"))
 (run (network host)
      (shell "opam init --reinit --config .opamrc-sandbox -ni"))
 (run (shell "uname -rs && opam exec -- ocaml -version && opam --version"))
 (env OPAMDOWNLOADJOBS 1)
 (env OPAMERRLOGLEN 0)
 (env OPAMSOLVERTIMEOUT 1000)
 (env OPAMPRECISETRACKING 1)
 (env CI true)
 (env OPAM_REPO_CI true)
 (run (shell "rm -rf opam-repository/"))
 (copy (src .) (dst opam-repository/))
 (run (shell "opam repository set-url --strict default opam-repository/"))
 (run (network host)
      (shell "opam update --depexts || true"))
 (run (shell "opam pin add -k version -yn picos_meta.0.5.0 0.5.0"))
 (run (cache (opam-archives (target /home/opam/.opam/download-cache)))
      (network host)
      (shell  "opam reinstall picos_meta.0.5.0;\
             \n        res=$?;\
             \n        test \"$res\" != 31 && exit \"$res\";\
             \n        export OPAMCLI=2.0;\
             \n        build_dir=$(opam var prefix)/.opam-switch/build;\
             \n        failed=$(ls \"$build_dir\");\
             \n        partial_fails=\"\";\
             \n        for pkg in $failed; do\
             \n          if opam show -f x-ci-accept-failures: \"$pkg\" | grep -qF \"\\\"debian-12\\\"\"; then\
             \n            echo \"A package failed and has been disabled for CI using the 'x-ci-accept-failures' field.\";\
             \n          fi;\
             \n          test \"$pkg\" != 'picos_meta.0.5.0' && partial_fails=\"$partial_fails $pkg\";\
             \n        done;\
             \n        test \"${partial_fails}\" != \"\" && echo \"opam-repo-ci detected dependencies failing: ${partial_fails}\";\
             \n        exit 1"))
 (run (network host)
      (shell "(opam reinstall --with-test picos_meta.0.5.0) || true"))
 (run (shell  "opam reinstall --with-test --verbose picos_meta.0.5.0;\
             \n        res=$?;\
             \n        test \"$res\" != 31 && exit \"$res\";\
             \n        export OPAMCLI=2.0;\
             \n        build_dir=$(opam var prefix)/.opam-switch/build;\
             \n        failed=$(ls \"$build_dir\");\
             \n        partial_fails=\"\";\
             \n        for pkg in $failed; do\
             \n          if opam show -f x-ci-accept-failures: \"$pkg\" | grep -qF \"\\\"debian-12\\\"\"; then\
             \n            echo \"A package failed and has been disabled for CI using the 'x-ci-accept-failures' field.\";\
             \n          fi;\
             \n          test \"$pkg\" != 'picos_meta.0.5.0' && partial_fails=\"$partial_fails $pkg\";\
             \n        done;\
             \n        test \"${partial_fails}\" != \"\" && echo \"opam-repo-ci detected dependencies failing: ${partial_fails}\";\
             \n        exit 1"))
)

2024-11-25 23:02.59: Waiting for resource in pool OCluster
2024-11-25 23:03.00: Waiting for worker…
2024-11-26 01:38.46: Got resource from pool OCluster
Building on s390x-worker-02.marist.ci.dev
All commits already cached
Updating files:  87% (28601/32723)Updating files:  88% (28797/32723)Updating files:  89% (29124/32723)Updating files:  90% (29451/32723)Updating files:  91% (29778/32723)Updating files:  92% (30106/32723)Updating files:  93% (30433/32723)Updating files:  94% (30760/32723)Updating files:  95% (31087/32723)Updating files:  96% (31415/32723)Updating files:  97% (31742/32723)Updating files:  98% (32069/32723)Updating files:  99% (32396/32723)Updating files: 100% (32723/32723)Updating files: 100% (32723/32723), done.
HEAD is now at e62e88dccc Merge pull request #26953 from shonfeder/revert-color-0.3.0
Updating e62e88dccc..5b914129bc
Fast-forward
 packages/ojs-base/ojs-base.0.1.0/opam     | 2 +-
 packages/ojs-base/ojs-base.0.2.0/opam     | 2 +-
 packages/ojs-base/ojs-base.0.3.0/opam     | 2 +-
 packages/ojs-base/ojs-base.0.4.0/opam     | 2 +-
 packages/ojs-base/ojs-base.0.5.0/opam     | 2 +-
 packages/ojs-base/ojs-base.0.6.0/opam     | 2 +-
 packages/picos/picos.0.1.0/opam           | 4 ++--
 packages/picos/picos.0.2.0/opam           | 4 ++--
 packages/picos/picos.0.3.0/opam           | 4 ++--
 packages/picos/picos.0.4.0/opam           | 2 +-
 packages/picos_meta/picos_meta.0.5.0/opam | 2 +-
 packages/picos_meta/picos_meta.0.6.0/opam | 2 +-
 12 files changed, 15 insertions(+), 15 deletions(-)

[01;34m(from ocaml/opam:debian-12-ocaml-4.14@sha256:e4e63ddd9ab0ce3757a460313a4ad22f9a62c6e6e259c5cdf18c455fcfdc4fef)[0m
Unable to find image 'ocaml/opam:debian-12-ocaml-4.14@sha256:e4e63ddd9ab0ce3757a460313a4ad22f9a62c6e6e259c5cdf18c455fcfdc4fef' locally
docker.io/ocaml/opam@sha256:e4e63ddd9ab0ce3757a460313a4ad22f9a62c6e6e259c5cdf18c455fcfdc4fef: Pulling from ocaml/opam
9f9f8fa8b120: Pulling fs layer
8e6cbae09e36: Pulling fs layer
4ab695da637f: Pulling fs layer
5ad82a311d0e: Pulling fs layer
2b871046e303: Pulling fs layer
0687f8c393d0: Pulling fs layer
0c56b0a94aca: Pulling fs layer
bbdfdb2635ff: Pulling fs layer
5fd7b192f2d9: Pulling fs layer
169c467384fb: Pulling fs layer
2472ebc7595d: Pulling fs layer
c59ed37e713a: Pulling fs layer
868315a8af9a: Pulling fs layer
d0e7bb6a72db: Pulling fs layer
417ff03ca34f: Pulling fs layer
0526264c6b23: Pulling fs layer
a8b362961b12: Pulling fs layer
5508f3d135e1: Pulling fs layer
5049a0ab6dd0: Pulling fs layer
4f4fb700ef54: Pulling fs layer
fc6148839988: Pulling fs layer
ef433ac0a16f: Pulling fs layer
3eb65be92fa2: Pulling fs layer
467c4875a8aa: Pulling fs layer
9998672e06b6: Pulling fs layer
98741f23e93f: Pulling fs layer
b90a83b62eb8: Pulling fs layer
370f876bf8b8: Pulling fs layer
ee5b763fffc3: Pulling fs layer
0670d9f68814: Pulling fs layer
7f7db8e9ce1b: Pulling fs layer
24ec35890220: Pulling fs layer
ea2140c2a21a: Pulling fs layer
b657ebc86ba2: Pulling fs layer
78c0e74e3879: Pulling fs layer
c95975c30c0f: Pulling fs layer
81019a4d48d2: Pulling fs layer
9c6c4ce431ff: Pulling fs layer
14593332ce0a: Pulling fs layer
129513c09812: Pulling fs layer
eaddf154dc5a: Pulling fs layer
5ad82a311d0e: Waiting
2b871046e303: Waiting
0687f8c393d0: Waiting
0c56b0a94aca: Waiting
bbdfdb2635ff: Waiting
5fd7b192f2d9: Waiting
169c467384fb: Waiting
2472ebc7595d: Waiting
c59ed37e713a: Waiting
868315a8af9a: Waiting
d0e7bb6a72db: Waiting
417ff03ca34f: Waiting
0526264c6b23: Waiting
a8b362961b12: Waiting
5508f3d135e1: Waiting
5049a0ab6dd0: Waiting
4f4fb700ef54: Waiting
fc6148839988: Waiting
ef433ac0a16f: Waiting
3eb65be92fa2: Waiting
467c4875a8aa: Waiting
9998672e06b6: Waiting
98741f23e93f: Waiting
b90a83b62eb8: Waiting
370f876bf8b8: Waiting
ee5b763fffc3: Waiting
0670d9f68814: Waiting
7f7db8e9ce1b: Waiting
24ec35890220: Waiting
ea2140c2a21a: Waiting
b657ebc86ba2: Waiting
78c0e74e3879: Waiting
c95975c30c0f: Waiting
81019a4d48d2: Waiting
9c6c4ce431ff: Waiting
14593332ce0a: Waiting
129513c09812: Waiting
eaddf154dc5a: Waiting
8e6cbae09e36: Download complete
4ab695da637f: Verifying Checksum
4ab695da637f: Download complete
5ad82a311d0e: Verifying Checksum
5ad82a311d0e: Download complete
9f9f8fa8b120: Verifying Checksum
9f9f8fa8b120: Download complete
2b871046e303: Verifying Checksum
2b871046e303: Download complete
bbdfdb2635ff: Verifying Checksum
bbdfdb2635ff: Download complete
0c56b0a94aca: Verifying Checksum
0c56b0a94aca: Download complete
5fd7b192f2d9: Verifying Checksum
5fd7b192f2d9: Download complete
169c467384fb: Verifying Checksum
169c467384fb: Download complete
2472ebc7595d: Verifying Checksum
2472ebc7595d: Download complete
0687f8c393d0: Download complete
c59ed37e713a: Verifying Checksum
c59ed37e713a: Download complete
d0e7bb6a72db: Verifying Checksum
d0e7bb6a72db: Download complete
868315a8af9a: Verifying Checksum
868315a8af9a: Download complete
417ff03ca34f: Verifying Checksum
417ff03ca34f: Download complete
0526264c6b23: Verifying Checksum
0526264c6b23: Download complete
9f9f8fa8b120: Pull complete
a8b362961b12: Verifying Checksum
a8b362961b12: Download complete
8e6cbae09e36: Pull complete
4ab695da637f: Pull complete
5508f3d135e1: Verifying Checksum
5508f3d135e1: Download complete
4f4fb700ef54: Verifying Checksum
4f4fb700ef54: Download complete
5049a0ab6dd0: Verifying Checksum
5049a0ab6dd0: Download complete
5ad82a311d0e: Pull complete
2b871046e303: Pull complete
ef433ac0a16f: Verifying Checksum
ef433ac0a16f: Download complete
fc6148839988: Verifying Checksum
fc6148839988: Download complete
3eb65be92fa2: Verifying Checksum
3eb65be92fa2: Download complete
467c4875a8aa: Download complete
9998672e06b6: Verifying Checksum
9998672e06b6: Download complete
98741f23e93f: Verifying Checksum
98741f23e93f: Download complete
370f876bf8b8: Verifying Checksum
370f876bf8b8: Download complete
b90a83b62eb8: Verifying Checksum
b90a83b62eb8: Download complete
7f7db8e9ce1b: Verifying Checksum
7f7db8e9ce1b: Download complete
ee5b763fffc3: Verifying Checksum
ee5b763fffc3: Download complete
0670d9f68814: Verifying Checksum
0670d9f68814: Download complete
24ec35890220: Verifying Checksum
24ec35890220: Download complete
b657ebc86ba2: Verifying Checksum
b657ebc86ba2: Download complete
c95975c30c0f: Verifying Checksum
c95975c30c0f: Download complete
81019a4d48d2: Verifying Checksum
81019a4d48d2: Download complete
ea2140c2a21a: Verifying Checksum
ea2140c2a21a: Download complete
14593332ce0a: Verifying Checksum
14593332ce0a: Download complete
78c0e74e3879: Verifying Checksum
78c0e74e3879: Download complete
0687f8c393d0: Pull complete
129513c09812: Download complete
0c56b0a94aca: Pull complete
bbdfdb2635ff: Pull complete
eaddf154dc5a: Verifying Checksum
eaddf154dc5a: Download complete
5fd7b192f2d9: Pull complete
169c467384fb: Pull complete
2472ebc7595d: Pull complete
c59ed37e713a: Pull complete
868315a8af9a: Pull complete
d0e7bb6a72db: Pull complete
417ff03ca34f: Pull complete
9c6c4ce431ff: Verifying Checksum
9c6c4ce431ff: Download complete
0526264c6b23: Pull complete
a8b362961b12: Pull complete
5508f3d135e1: Pull complete
5049a0ab6dd0: Pull complete
4f4fb700ef54: Pull complete
fc6148839988: Pull complete
ef433ac0a16f: Pull complete
3eb65be92fa2: Pull complete
467c4875a8aa: Pull complete
9998672e06b6: Pull complete
98741f23e93f: Pull complete
b90a83b62eb8: Pull complete
370f876bf8b8: Pull complete
ee5b763fffc3: Pull complete
0670d9f68814: Pull complete
7f7db8e9ce1b: Pull complete
24ec35890220: Pull complete
ea2140c2a21a: Pull complete
b657ebc86ba2: Pull complete
78c0e74e3879: Pull complete
c95975c30c0f: Pull complete
81019a4d48d2: Pull complete
9c6c4ce431ff: Pull complete
14593332ce0a: Pull complete
129513c09812: Pull complete
eaddf154dc5a: Pull complete
Digest: sha256:e4e63ddd9ab0ce3757a460313a4ad22f9a62c6e6e259c5cdf18c455fcfdc4fef
Status: Downloaded newer image for ocaml/opam@sha256:e4e63ddd9ab0ce3757a460313a4ad22f9a62c6e6e259c5cdf18c455fcfdc4fef
[01;2m[01;35m2024-11-26 01:38.49 ---> using "b83ef794986133572dd7c54db16337221af0b42baad7df61823234ac61778360" from cache[0m

[01;34m/: (user (uid 1000) (gid 1000))[0m

[01;34m/: (workdir /home/opam)[0m

[01;34m/home/opam: (run (shell "sudo ln -f /usr/bin/opam-dev /usr/bin/opam"))[0m
[01;2m[01;35m2024-11-26 01:38.49 ---> using "f0ff2de467b2c33deb53fcffa87dc14e732504aa33fb86a60326fa248d37785c" from cache[0m

[01;34m/home/opam: (run (network host)
                 (shell "opam init --reinit --config .opamrc-sandbox -ni"))[0m
Configuring from /home/opam/.opamrc-sandbox, then /home/opam/.opamrc, and finally from built-in defaults.
Checking for available remotes: rsync and local, git.
  - you won't be able to use mercurial repositories unless you install the hg command on your system.
  - you won't be able to use darcs repositories unless you install the darcs command on your system.

This development version of opam requires an update to the layout of /home/opam/.opam from version 2.0 to version 2.2, which can't be reverted.
You may want to back it up before going further.

Continue? [Y/n] y
Format upgrade done.

<><> Updating repositories ><><><><><><><><><><><><><><><><><><><><><><><><><><>
[default] synchronised from file:///home/opam/opam-repository
[01;2m[01;35m2024-11-26 01:38.49 ---> using "3b00a7c2011deec92e48c42272365e48642e303c93dccb8742a823cbb808fa2c" from cache[0m

[01;34m/home/opam: (run (shell "uname -rs && opam exec -- ocaml -version && opam --version"))[0m
Linux 6.8.0-48-generic
The OCaml toplevel, version 4.14.2
2.4.0~alpha1~dev
[01;2m[01;35m2024-11-26 01:38.49 ---> using "2ab848af2a884b0890ca1b8085a3eda1723060b5da54b52cfc9e54474fdc9dc3" from cache[0m

[01;34m/home/opam: (env OPAMDOWNLOADJOBS 1)[0m

[01;34m/home/opam: (env OPAMERRLOGLEN 0)[0m

[01;34m/home/opam: (env OPAMSOLVERTIMEOUT 1000)[0m

[01;34m/home/opam: (env OPAMPRECISETRACKING 1)[0m

[01;34m/home/opam: (env CI true)[0m

[01;34m/home/opam: (env OPAM_REPO_CI true)[0m

[01;34m/home/opam: (run (shell "rm -rf opam-repository/"))[0m
[01;2m[01;35m2024-11-26 01:38.49 ---> using "80c74d806ed7ce3b8fbfa1f9a74a86d6b409a4855b5b1731cdfb66c7211c5d74" from cache[0m

[01;34m/home/opam: (copy (src .) (dst opam-repository/))[0m
[01;2m[01;35m2024-11-26 01:38.50 ---> using "88202075c8c50482c5fc5eedaba0fedce6bb21f26e1af0c426a374bf40a09db9" from cache[0m

[01;34m/home/opam: (run (shell "opam repository set-url --strict default opam-repository/"))[0m
[default] Initialised
[01;2m[01;35m2024-11-26 01:38.50 ---> using "226abf5d305c30c33c9739a3fe6c7c097d999b5aed536e8f1ca9b6259f123392" from cache[0m

[01;34m/home/opam: (run (network host)
                 (shell "opam update --depexts || true"))[0m
+ /usr/bin/sudo "apt-get" "update"
- Hit:1 http://deb.debian.org/debian bookworm InRelease
- Get:2 http://deb.debian.org/debian bookworm-updates InRelease [55.4 kB]
- Get:3 http://deb.debian.org/debian-security bookworm-security InRelease [48.0 kB]
- Get:4 http://deb.debian.org/debian-security bookworm-security/main s390x Packages [195 kB]
- Fetched 298 kB in 0s (972 kB/s)
- Reading package lists...
- 
[01;2m[01;35m2024-11-26 01:38.50 ---> using "3f5f123b5f2d2770377ce8deeac260b32af4978aa510ed13e6962847166fa2d8" from cache[0m

[01;34m/home/opam: (run (shell "opam pin add -k version -yn picos_meta.0.5.0 0.5.0"))[0m
picos_meta is now pinned to version 0.5.0
[01;2m[01;35m2024-11-26 01:38.50 ---> using "a5c743845718af00b46d44d29f1085a6cab2d4c7d41bafc47dae3ca572ab8ec6" from cache[0m

[01;34m/home/opam: (run (cache (opam-archives (target /home/opam/.opam/download-cache)))
                 (network host)
                 (shell  "opam reinstall picos_meta.0.5.0;\
                        \n        res=$?;\
                        \n        test \"$res\" != 31 && exit \"$res\";\
                        \n        export OPAMCLI=2.0;\
                        \n        build_dir=$(opam var prefix)/.opam-switch/build;\
                        \n        failed=$(ls \"$build_dir\");\
                        \n        partial_fails=\"\";\
                        \n        for pkg in $failed; do\
                        \n          if opam show -f x-ci-accept-failures: \"$pkg\" | grep -qF \"\\\"debian-12\\\"\"; then\
                        \n            echo \"A package failed and has been disabled for CI using the 'x-ci-accept-failures' field.\";\
                        \n          fi;\
                        \n          test \"$pkg\" != 'picos_meta.0.5.0' && partial_fails=\"$partial_fails $pkg\";\
                        \n        done;\
                        \n        test \"${partial_fails}\" != \"\" && echo \"opam-repo-ci detected dependencies failing: ${partial_fails}\";\
                        \n        exit 1"))[0m
picos_meta.0.5.0 is not installed. Install it? [Y/n] y
The following actions will be performed:
=== install 53 packages
  - install angstrom                   0.16.1         [required by uri]
  - install backoff                    0.1.1          [required by picos_io, picos, picos_aux, picos_mux]
  - install base                       v0.16.3        [required by ppx_sexp_conv]
  - install base-bytes                 base           [required by ocplib-endian]
  - install base64                     3.5.1          [required by cohttp]
  - install bigstringaf                0.10.0         [required by angstrom]
  - install cmdliner                   1.3.0          [required by dscheck]
  - install cohttp                     6.0.0~beta2    [required by picos_io_cohttp]
  - install conf-bash                  1              [required by base]
  - install containers                 3.15           [required by dscheck]
  - install cppo                       1.7.0          [required by lwt]
  - install csexp                      1.5.2          [required by dune-configurator]
  - install dscheck                    0.5.0          [required by picos_meta]
  - install dune                       3.16.1         [required by picos_meta]
  - install dune-configurator          3.16.1         [required by lwt]
  - install either                     1.0.0          [required by containers]
  - install fmt                        0.9.0          [required by picos_io_cohttp]
  - install http                       6.0.0~beta2    [required by cohttp]
  - install logs                       0.7.0          [required by cohttp]
  - install lwt                        5.9.0          [required by picos_meta]
  - install mtime                      2.1.0          [required by picos_io]
  - install multicore-magic            2.3.0          [required by picos_io, picos_aux, picos_mux]
  - install ocaml-compiler-libs        v0.12.4        [required by ppxlib]
  - install ocaml-syntax-shims         1.0.0          [required by angstrom]
  - install ocamlbuild                 0.15.0         [required by mtime]
  - install ocamlfind                  1.9.6          [required by mtime]
  - install ocplib-endian              1.2            [required by lwt]
  - install oseq                       0.5.1          [required by dscheck]
  - install picos                      0.5.0          [required by picos_meta]
  - install picos_aux                  0.5.0          [required by picos_meta]
  - install picos_io                   0.5.0          [required by picos_meta]
  - install picos_io_cohttp            0.5.0          [required by picos_meta]
  - install picos_lwt                  0.5.0          [required by picos_meta]
  - install picos_meta                 0.5.0 (pinned)
  - install picos_mux                  0.5.0          [required by picos_meta]
  - install picos_std                  0.5.0          [required by picos_meta]
  - install ppx_derivers               1.2.1          [required by ppxlib]
  - install ppx_sexp_conv              v0.16.0        [required by cohttp]
  - install ppxlib                     0.33.0         [required by ppx_sexp_conv]
  - install psq                        0.2.1          [required by picos_io]
  - install qcheck-core                0.22           [required by picos_meta]
  - install qcheck-multicoretests-util 0.4            [required by qcheck-stm]
  - install qcheck-stm                 0.4            [required by picos_meta]
  - install re                         1.12.0         [required by cohttp]
  - install seq                        base           [required by psq]
  - install sexplib0                   v0.16.0        [required by cohttp]
  - install stdlib-shims               0.3.0          [required by ppxlib]
  - install stringext                  1.6.0          [required by cohttp]
  - install thread-local-storage       0.2            [required by picos]
  - install topkg                      1.0.7          [required by mtime]
  - install tsort                      2.1.0          [required by dscheck]
  - install uri                        4.4.0          [required by picos_io_cohttp]
  - install uri-sexp                   4.4.0          [required by cohttp]

<><> Processing actions <><><><><><><><><><><><><><><><><><><><><><><><><><><><>
-> retrieved angstrom.0.16.1  (cached)
-> retrieved backoff.0.1.1  (cached)
-> retrieved base.v0.16.3  (cached)
-> retrieved base64.3.5.1  (cached)
-> retrieved bigstringaf.0.10.0  (cached)
-> retrieved cmdliner.1.3.0  (cached)
-> retrieved cohttp.6.0.0~beta2, http.6.0.0~beta2  (cached)
-> installed conf-bash.1
-> retrieved containers.3.15  (cached)
-> retrieved cppo.1.7.0  (cached)
-> retrieved csexp.1.5.2  (cached)
-> retrieved dscheck.0.5.0  (cached)
-> retrieved dune.3.16.1, dune-configurator.3.16.1  (cached)
-> retrieved either.1.0.0  (cached)
-> retrieved fmt.0.9.0  (cached)
-> retrieved logs.0.7.0  (cached)
-> retrieved lwt.5.9.0  (cached)
-> retrieved mtime.2.1.0  (cached)
-> retrieved multicore-magic.2.3.0  (cached)
-> installed cmdliner.1.3.0
-> retrieved ocaml-compiler-libs.v0.12.4  (cached)
-> retrieved ocaml-syntax-shims.1.0.0  (cached)
-> retrieved ocamlbuild.0.15.0  (cached)
-> retrieved ocamlfind.1.9.6  (cached)
-> retrieved ocplib-endian.1.2  (cached)
-> retrieved oseq.0.5.1  (cached)
-> retrieved picos.0.5.0, picos_aux.0.5.0, picos_io.0.5.0, picos_io_cohttp.0.5.0, picos_lwt.0.5.0, picos_meta.0.5.0, picos_mux.0.5.0, picos_std.0.5.0  (cached)
-> retrieved ppx_derivers.1.2.1  (cached)
-> retrieved ppx_sexp_conv.v0.16.0  (cached)
-> retrieved ppxlib.0.33.0  (cached)
-> retrieved psq.0.2.1  (cached)
-> retrieved qcheck-core.0.22  (cached)
-> retrieved qcheck-multicoretests-util.0.4, qcheck-stm.0.4  (cached)
-> retrieved re.1.12.0  (cached)
-> retrieved seq.base  (cached)
-> retrieved sexplib0.v0.16.0  (cached)
-> retrieved stdlib-shims.0.3.0  (cached)
-> retrieved stringext.1.6.0  (cached)
-> retrieved thread-local-storage.0.2  (cached)
-> retrieved topkg.1.0.7  (cached)
-> retrieved tsort.2.1.0  (cached)
-> retrieved uri.4.4.0, uri-sexp.4.4.0  (cached)
-> installed ocamlfind.1.9.6
-> installed base-bytes.base
-> installed seq.base
-> installed ocamlbuild.0.15.0
-> installed topkg.1.0.7
-> installed mtime.2.1.0
-> installed fmt.0.9.0
-> installed dune.3.16.1
-> installed backoff.0.1.1
-> installed base64.3.5.1
-> installed csexp.1.5.2
-> installed either.1.0.0
-> installed cppo.1.7.0
-> installed http.6.0.0~beta2
-> installed multicore-magic.2.3.0
-> installed ocaml-compiler-libs.v0.12.4
-> installed ocaml-syntax-shims.1.0.0
-> installed ocplib-endian.1.2
-> installed dune-configurator.3.16.1
-> installed ppx_derivers.1.2.1
-> installed oseq.0.5.1
-> installed picos_aux.0.5.0
-> installed bigstringaf.0.10.0
-> installed psq.0.2.1
-> installed angstrom.0.16.1
-> installed qcheck-core.0.22
-> installed containers.3.15
-> installed qcheck-multicoretests-util.0.4
-> installed re.1.12.0
-> installed qcheck-stm.0.4
-> installed sexplib0.v0.16.0
-> installed stdlib-shims.0.3.0
-> installed stringext.1.6.0
-> installed lwt.5.9.0
-> installed thread-local-storage.0.2
-> installed logs.0.7.0
-> installed picos.0.5.0
-> installed tsort.2.1.0
-> installed picos_std.0.5.0
-> installed dscheck.0.5.0
-> installed picos_io.0.5.0
-> installed picos_lwt.0.5.0
-> installed picos_mux.0.5.0
-> installed uri.4.4.0
-> installed base.v0.16.3
-> installed ppxlib.0.33.0
-> installed ppx_sexp_conv.v0.16.0
-> installed uri-sexp.4.4.0
-> installed cohttp.6.0.0~beta2
-> installed picos_io_cohttp.0.5.0
-> installed picos_meta.0.5.0
Done.
# To update the current shell environment, run: eval $(opam env)
[01;2m[01;35m2024-11-26 01:38.50 ---> using "44282ea2fce06a9cb733c7e54321afce482af5c06d3606e87147922fd37cddff" from cache[0m

[01;34m/home/opam: (run (network host)
                 (shell "(opam reinstall --with-test picos_meta.0.5.0) || true"))[0m
[ERROR] Sorry, resolution of the request timed out.
        Try to specify a more precise request, use a different solver, or increase the allowed time by setting OPAMSOLVERTIMEOUT to a bigger value (currently, it is set to 1000.0 seconds).
[01;2m[01;35m2024-11-26 01:55.43 ---> saved as "fd1d609ba82baec0ee33f32a02d95240b0a830bf01562f0075364d38dde4a3d0"[0m

[01;34m/home/opam: (run (shell  "opam reinstall --with-test --verbose picos_meta.0.5.0;\
                        \n        res=$?;\
                        \n        test \"$res\" != 31 && exit \"$res\";\
                        \n        export OPAMCLI=2.0;\
                        \n        build_dir=$(opam var prefix)/.opam-switch/build;\
                        \n        failed=$(ls \"$build_dir\");\
                        \n        partial_fails=\"\";\
                        \n        for pkg in $failed; do\
                        \n          if opam show -f x-ci-accept-failures: \"$pkg\" | grep -qF \"\\\"debian-12\\\"\"; then\
                        \n            echo \"A package failed and has been disabled for CI using the 'x-ci-accept-failures' field.\";\
                        \n          fi;\
                        \n          test \"$pkg\" != 'picos_meta.0.5.0' && partial_fails=\"$partial_fails $pkg\";\
                        \n        done;\
                        \n        test \"${partial_fails}\" != \"\" && echo \"opam-repo-ci detected dependencies failing: ${partial_fails}\";\
                        \n        exit 1"))[0m
[ERROR] Sorry, resolution of the request timed out.
        Try to specify a more precise request, use a different solver, or increase the allowed time by setting OPAMSOLVERTIMEOUT to a bigger value (currently, it is set to 1000.0 seconds).
'opam reinstall --with-test --verbose picos_meta.0.5.0' failed.
"/usr/bin/env" "bash" "-c" "opam reinstall --with-test --verbose picos_meta.0.5.0;
        res=$?;
        test "$res" != 31 && exit "$res";
        export OPAMCLI=2.0;
        build_dir=$(opam var prefix)/.opam-switch/build;
        failed=$(ls "$build_dir");
        partial_fails="";
        for pkg in $failed; do
          if opam show -f x-ci-accept-failures: "$pkg" | grep -qF "\"debian-12\""; then
            echo "A package failed and has been disabled for CI using the 'x-ci-accept-failures' field.";
          fi;
          test "$pkg" != 'picos_meta.0.5.0' && partial_fails="$partial_fails $pkg";
        done;
        test "${partial_fails}" != "" && echo "opam-repo-ci detected dependencies failing: ${partial_fails}";
        exit 1" failed with exit status 60
2024-11-26 02:12.43: Job failed: Failed: Build failed
2024-11-26 02:12.43: Log analysis:
2024-11-26 02:12.43: >>> 
[ERROR] Sorry, resolution of the request timed out.
 (score = 20)
2024-11-26 02:12.43: >>> 
[ERROR] Sorry, resolution of the request timed out.
 (score = 20)
2024-11-26 02:12.43: Sorry, resolution of the request timed out.
