2024-05-23 13:14.39: New job: test git-kv.0.0.5, using opam dev
                              from https://github.com/ocaml/opam-repository.git#refs/pull/25894/head (777a342f85004b1ec44804b28181c37f4bf6dcfe)
                              on debian-testing-ocaml-5.2/amd64

To reproduce locally:

cd $(mktemp -d)
git clone --recursive "https://github.com/ocaml/opam-repository.git" && cd "opam-repository" && git fetch origin "refs/pull/25894/head" && git reset --hard 777a342f
git fetch origin master
git merge --no-edit 263db4b1c3c5650e7ae56b4100e8724f1306163a
cat > ../Dockerfile <<'END-OF-DOCKERFILE'
[34mFROM ocaml/opam:debian-testing-ocaml-5.2@sha256:c09cc39e77fea2cc12462d94b4edc9fbb4f37babfa50d07bcb3e7a5631e694c4
USER 1000:1000
WORKDIR /home/opam
RUN sudo ln -f /usr/bin/opam-dev /usr/bin/opam
RUN opam init --reinit -ni
RUN uname -rs && opam exec -- ocaml -version && opam --version
ENV OPAMDOWNLOADJOBS="1"
ENV OPAMERRLOGLEN="0"
ENV OPAMSOLVERTIMEOUT="500"
ENV OPAMPRECISETRACKING="1"
ENV CI="true"
ENV OPAM_REPO_CI="true"
RUN rm -rf opam-repository/
COPY --chown=1000:1000 . opam-repository/
RUN opam repository set-url --strict default opam-repository/
RUN opam update --depexts || true
RUN opam pin add -k version -yn git-kv.0.0.5 0.0.5
RUN opam reinstall git-kv.0.0.5; \
    res=$?; \
    test "$res" != 31 && exit "$res"; \
    export OPAMCLI=2.0; \
    build_dir=$(opam var prefix)/.opam-switch/build; \
    failed=$(ls "$build_dir"); \
    partial_fails=""; \
    for pkg in $failed; do \
    if opam show -f x-ci-accept-failures: "$pkg" | grep -qF "\"debian-testing\""; then \
    echo "A package failed and has been disabled for CI using the 'x-ci-accept-failures' field."; \
    fi; \
    test "$pkg" != 'git-kv.0.0.5' && partial_fails="$partial_fails $pkg"; \
    done; \
    test "${partial_fails}" != "" && echo "opam-repo-ci detected dependencies failing: ${partial_fails}"; \
    exit 1
RUN (opam reinstall --with-test git-kv.0.0.5) || true
RUN opam reinstall --with-test --verbose git-kv.0.0.5; \
    res=$?; \
    test "$res" != 31 && exit "$res"; \
    export OPAMCLI=2.0; \
    build_dir=$(opam var prefix)/.opam-switch/build; \
    failed=$(ls "$build_dir"); \
    partial_fails=""; \
    for pkg in $failed; do \
    if opam show -f x-ci-accept-failures: "$pkg" | grep -qF "\"debian-testing\""; then \
    echo "A package failed and has been disabled for CI using the 'x-ci-accept-failures' field."; \
    fi; \
    test "$pkg" != 'git-kv.0.0.5' && partial_fails="$partial_fails $pkg"; \
    done; \
    test "${partial_fails}" != "" && echo "opam-repo-ci detected dependencies failing: ${partial_fails}"; \
    exit 1
[0m
END-OF-DOCKERFILE
docker build -f ../Dockerfile .

2024-05-23 13:14.39: Using cache hint "ocaml/opam:debian-testing-ocaml-5.2@sha256:c09cc39e77fea2cc12462d94b4edc9fbb4f37babfa50d07bcb3e7a5631e694c4-git-kv.0.0.5-777a342f85004b1ec44804b28181c37f4bf6dcfe"
2024-05-23 13:14.39: Using OBuilder spec:
((from ocaml/opam:debian-testing-ocaml-5.2@sha256:c09cc39e77fea2cc12462d94b4edc9fbb4f37babfa50d07bcb3e7a5631e694c4)
 (user (uid 1000) (gid 1000))
 (workdir /home/opam)
 (run (shell "sudo ln -f /usr/bin/opam-dev /usr/bin/opam"))
 (run (network host)
      (shell "opam init --reinit --config .opamrc-sandbox -ni"))
 (run (shell "uname -rs && opam exec -- ocaml -version && opam --version"))
 (env OPAMDOWNLOADJOBS 1)
 (env OPAMERRLOGLEN 0)
 (env OPAMSOLVERTIMEOUT 500)
 (env OPAMPRECISETRACKING 1)
 (env CI true)
 (env OPAM_REPO_CI true)
 (run (shell "rm -rf opam-repository/"))
 (copy (src .) (dst opam-repository/))
 (run (shell "opam repository set-url --strict default opam-repository/"))
 (run (network host)
      (shell "opam update --depexts || true"))
 (run (shell "opam pin add -k version -yn git-kv.0.0.5 0.0.5"))
 (run (cache (opam-archives (target /home/opam/.opam/download-cache)))
      (network host)
      (shell  "opam reinstall git-kv.0.0.5;\
             \n        res=$?;\
             \n        test \"$res\" != 31 && exit \"$res\";\
             \n        export OPAMCLI=2.0;\
             \n        build_dir=$(opam var prefix)/.opam-switch/build;\
             \n        failed=$(ls \"$build_dir\");\
             \n        partial_fails=\"\";\
             \n        for pkg in $failed; do\
             \n          if opam show -f x-ci-accept-failures: \"$pkg\" | grep -qF \"\\\"debian-testing\\\"\"; then\
             \n            echo \"A package failed and has been disabled for CI using the 'x-ci-accept-failures' field.\";\
             \n          fi;\
             \n          test \"$pkg\" != 'git-kv.0.0.5' && partial_fails=\"$partial_fails $pkg\";\
             \n        done;\
             \n        test \"${partial_fails}\" != \"\" && echo \"opam-repo-ci detected dependencies failing: ${partial_fails}\";\
             \n        exit 1"))
 (run (network host)
      (shell "(opam reinstall --with-test git-kv.0.0.5) || true"))
 (run (shell  "opam reinstall --with-test --verbose git-kv.0.0.5;\
             \n        res=$?;\
             \n        test \"$res\" != 31 && exit \"$res\";\
             \n        export OPAMCLI=2.0;\
             \n        build_dir=$(opam var prefix)/.opam-switch/build;\
             \n        failed=$(ls \"$build_dir\");\
             \n        partial_fails=\"\";\
             \n        for pkg in $failed; do\
             \n          if opam show -f x-ci-accept-failures: \"$pkg\" | grep -qF \"\\\"debian-testing\\\"\"; then\
             \n            echo \"A package failed and has been disabled for CI using the 'x-ci-accept-failures' field.\";\
             \n          fi;\
             \n          test \"$pkg\" != 'git-kv.0.0.5' && partial_fails=\"$partial_fails $pkg\";\
             \n        done;\
             \n        test \"${partial_fails}\" != \"\" && echo \"opam-repo-ci detected dependencies failing: ${partial_fails}\";\
             \n        exit 1"))
)

2024-05-23 13:14.39: Waiting for resource in pool OCluster
2024-05-23 13:14.39: Waiting for worker…
2024-05-23 13:14.39: Got resource from pool OCluster
Building on doris.caelum.ci.dev
All commits already cached
HEAD is now at 263db4b1c3 Merge pull request #25907 from dinosaure/release-carton-0.7.2
Merge made by the 'ort' strategy.
 packages/git-kv/git-kv.0.0.5/opam | 39 +++++++++++++++++++++++++++++++++++++++
 1 file changed, 39 insertions(+)
 create mode 100644 packages/git-kv/git-kv.0.0.5/opam

[01;34m(from ocaml/opam:debian-testing-ocaml-5.2@sha256:c09cc39e77fea2cc12462d94b4edc9fbb4f37babfa50d07bcb3e7a5631e694c4)[0m
[01;2m[01;35m2024-05-23 13:15.07 ---> saved as "b9442c22dfb853a00f14f257aedb910c00880e3c23544f336ce9ffeebc980557"[0m

[01;34m/: (user (uid 1000) (gid 1000))[0m

[01;34m/: (workdir /home/opam)[0m

[01;34m/home/opam: (run (shell "sudo ln -f /usr/bin/opam-dev /usr/bin/opam"))[0m
[01;2m[01;35m2024-05-23 13:15.07 ---> saved as "3fa70bab1f9589136cbbc30db97f767998241155c386abc9ce08ee81bf160c5c"[0m

[01;34m/home/opam: (run (network host)
                 (shell "opam init --reinit --config .opamrc-sandbox -ni"))[0m
Configuring from /home/opam/.opamrc-sandbox, then /home/opam/.opamrc, and finally from built-in defaults.
Checking for available remotes: rsync and local, git.
  - you won't be able to use mercurial repositories unless you install the hg command on your system.
  - you won't be able to use darcs repositories unless you install the darcs command on your system.

This development version of opam requires an update to the layout of /home/opam/.opam from version 2.0 to version 2.2~beta, which can't be reverted.
You may want to back it up before going further.

Continue? [y/n] y
[NOTE] The 'jobs' option was reset, its value was 31 and its new value will vary according to the current number of cores on your machine. You can restore the fixed value using:
           opam option jobs=31 --global
Format upgrade done.

<><> Updating repositories ><><><><><><><><><><><><><><><><><><><><><><><><><><>
[default] synchronised from file:///home/opam/opam-repository
[01;2m[01;35m2024-05-23 13:16.00 ---> saved as "2434340e61c8b8dd86a36a8e3161b7c253873395d18b59119a4b3079f8eb9842"[0m

[01;34m/home/opam: (run (shell "uname -rs && opam exec -- ocaml -version && opam --version"))[0m
Linux 5.15.0-107-generic
The OCaml toplevel, version 5.2.0
2.2.0~beta3~dev
[01;2m[01;35m2024-05-23 13:16.00 ---> saved as "ed02d1151609e46a4dcb3fb27ec2c29e7298f4c93a851dc0e47a374de59c7158"[0m

[01;34m/home/opam: (env OPAMDOWNLOADJOBS 1)[0m

[01;34m/home/opam: (env OPAMERRLOGLEN 0)[0m

[01;34m/home/opam: (env OPAMSOLVERTIMEOUT 500)[0m

[01;34m/home/opam: (env OPAMPRECISETRACKING 1)[0m

[01;34m/home/opam: (env CI true)[0m

[01;34m/home/opam: (env OPAM_REPO_CI true)[0m

[01;34m/home/opam: (run (shell "rm -rf opam-repository/"))[0m
[01;2m[01;35m2024-05-23 13:16.09 ---> saved as "f38a371a9d2015a78c1fe525725fc2ebf46917c430b5ea49d75ad2a65ec964a2"[0m

[01;34m/home/opam: (copy (src .) (dst opam-repository/))[0m
[01;2m[01;35m2024-05-23 13:16.29 ---> saved as "5d64c6ba5af07eff0f84685f5583dc25a5c58af72a5689f9b19de7d4e1a41dcb"[0m

[01;34m/home/opam: (run (shell "opam repository set-url --strict default opam-repository/"))[0m
[default] Initialised
[01;2m[01;35m2024-05-23 13:17.15 ---> saved as "2b0a82c07ccd41d15b54581b7174b8c71fa8d27ce43153d2754c36424793a342"[0m

[01;34m/home/opam: (run (network host)
                 (shell "opam update --depexts || true"))[0m
+ /usr/bin/sudo "apt-get" "update"
- Get:1 http://deb.debian.org/debian testing InRelease [168 kB]
- Get:2 http://deb.debian.org/debian testing-updates InRelease [49.6 kB]
- Get:3 http://deb.debian.org/debian-security testing-security InRelease [43.5 kB]
- Get:4 http://deb.debian.org/debian testing/main amd64 Packages.diff/Index [27.9 kB]
- Get:5 http://deb.debian.org/debian testing/main amd64 Packages 2024-05-20-2008.54.pdiff [370 B]
- Get:6 http://deb.debian.org/debian testing/main amd64 Packages 2024-05-21-0207.21.pdiff [29.7 kB]
- Get:7 http://deb.debian.org/debian testing/main amd64 Packages 2024-05-21-0803.34.pdiff [858 B]
- Get:8 http://deb.debian.org/debian testing/main amd64 Packages 2024-05-21-1404.27.pdiff [7041 B]
- Get:9 http://deb.debian.org/debian testing/main amd64 Packages 2024-05-21-2010.25.pdiff [5725 B]
- Get:10 http://deb.debian.org/debian testing/main amd64 Packages 2024-05-22-0207.40.pdiff [39.5 kB]
- Get:11 http://deb.debian.org/debian testing/main amd64 Packages 2024-05-22-0808.32.pdiff [11.5 kB]
- Get:12 http://deb.debian.org/debian testing/main amd64 Packages 2024-05-22-1408.46.pdiff [479 B]
- Get:13 http://deb.debian.org/debian testing/main amd64 Packages 2024-05-22-2012.55.pdiff [635 B]
- Get:14 http://deb.debian.org/debian testing/main amd64 Packages 2024-05-23-0220.10.pdiff [55.1 kB]
- Get:14 http://deb.debian.org/debian testing/main amd64 Packages 2024-05-23-0220.10.pdiff [55.1 kB]
- Fetched 440 kB in 1s (378 kB/s)
- Reading package lists...
[01;2m[01;35m2024-05-23 13:17.17 ---> saved as "55bcfdbcc5db70bb7ab0de926d4839f7087d82e1762ef07332c6e9b217176373"[0m

[01;34m/home/opam: (run (shell "opam pin add -k version -yn git-kv.0.0.5 0.0.5"))[0m
git-kv is now pinned to version 0.0.5
[01;2m[01;35m2024-05-23 13:17.18 ---> saved as "98977772ad05025cef1bc8543e75c54eb0175a8c71dec9494acb3ec4477399ce"[0m

[01;34m/home/opam: (run (cache (opam-archives (target /home/opam/.opam/download-cache)))
                 (network host)
                 (shell  "opam reinstall git-kv.0.0.5;\
                        \n        res=$?;\
                        \n        test \"$res\" != 31 && exit \"$res\";\
                        \n        export OPAMCLI=2.0;\
                        \n        build_dir=$(opam var prefix)/.opam-switch/build;\
                        \n        failed=$(ls \"$build_dir\");\
                        \n        partial_fails=\"\";\
                        \n        for pkg in $failed; do\
                        \n          if opam show -f x-ci-accept-failures: \"$pkg\" | grep -qF \"\\\"debian-testing\\\"\"; then\
                        \n            echo \"A package failed and has been disabled for CI using the 'x-ci-accept-failures' field.\";\
                        \n          fi;\
                        \n          test \"$pkg\" != 'git-kv.0.0.5' && partial_fails=\"$partial_fails $pkg\";\
                        \n        done;\
                        \n        test \"${partial_fails}\" != \"\" && echo \"opam-repo-ci detected dependencies failing: ${partial_fails}\";\
                        \n        exit 1"))[0m
git-kv.0.0.5 is not installed. Install it? [y/n] y
The following actions will be performed:
=== install 54 packages
  - install angstrom           0.16.0         [required by git]
  - install astring            0.8.5          [required by git]
  - install base-bytes         base           [required by ocplib-endian]
  - install base64             3.5.1          [required by git]
  - install bigstringaf        0.9.1          [required by carton-lwt, carton, git]
  - install bos                0.2.1          [required by carton]
  - install carton             0.7.2          [required by git-kv]
  - install carton-git         0.7.2          [required by git]
  - install carton-lwt         0.7.2          [required by git-kv]
  - install checkseum          0.5.2          [required by carton, git]
  - install cmdliner           1.3.0          [required by carton]
  - install cppo               1.6.9          [required by lwt]
  - install csexp              1.5.2          [required by dune-configurator]
  - install cstruct            6.2.0          [required by carton, git]
  - install decompress         1.5.3          [required by carton-lwt, carton, git]
  - install digestif           1.2.0          [required by carton, git]
  - install domain-name        0.4.0          [required by git]
  - install duff               0.5            [required by carton]
  - install dune               3.15.2         [required by git-kv]
  - install dune-configurator  3.15.2         [required by checkseum, bigstringaf, hxd]
  - install emile              1.1            [required by git]
  - install encore             0.8            [required by git]
  - install eqaf               0.9            [required by digestif]
  - install fmt                0.9.0          [required by git-kv]
  - install fpath              0.7.3          [required by carton, git]
  - install git                3.15.0         [required by git-kv]
  - install git-kv             0.0.5 (pinned)
  - install hxd                0.3.2          [required by carton, git]
  - install ipaddr             5.5.0          [required by git]
  - install ke                 0.6            [required by carton, git]
  - install logs               0.7.0          [required by carton, git]
  - install lwt                5.7.0          [required by git, carton-lwt, mirage-kv]
  - install macaddr            5.5.0          [required by ipaddr]
  - install mimic              0.0.7          [required by git]
  - install mirage-clock       4.2.0          [required by git-kv]
  - install mirage-flow        4.0.2          [required by git]
  - install mirage-kv          6.1.1          [required by git-kv]
  - install ocaml-syntax-shims 1.0.0          [required by angstrom]
  - install ocamlbuild         0.14.3         [required by bos, ptime]
  - install ocamlfind          1.9.6          [required by bos, ptime]
  - install ocamlgraph         2.1.0          [required by git]
  - install ocplib-endian      1.2            [required by lwt]
  - install optint             0.3.0          [required by git, carton, carton-lwt, mirage-kv]
  - install pecu               0.7            [required by emile]
  - install psq                0.2.1          [required by carton, git]
  - install ptime              1.1.0          [required by git-kv]
  - install result             1.5            [required by git]
  - install rresult            0.7.0          [required by git]
  - install seq                base           [required by psq]
  - install stdlib-shims       0.3.0          [required by ocamlgraph]
  - install stringext          1.6.0          [required by uri]
  - install topkg              1.0.7          [required by bos, ptime]
  - install uri                4.4.0          [required by git]
  - install uutf               1.0.3          [required by emile]

<><> Processing actions <><><><><><><><><><><><><><><><><><><><><><><><><><><><>
-> retrieved angstrom.0.16.0  (cached)
-> retrieved astring.0.8.5  (cached)
-> retrieved base64.3.5.1  (cached)
-> retrieved bigstringaf.0.9.1  (cached)
-> retrieved bos.0.2.1  (cached)
-> retrieved carton.0.7.2, carton-git.0.7.2, carton-lwt.0.7.2  (cached)
-> retrieved checkseum.0.5.2  (cached)
-> retrieved cmdliner.1.3.0  (cached)
-> retrieved cppo.1.6.9  (cached)
-> retrieved csexp.1.5.2  (cached)
-> retrieved cstruct.6.2.0  (cached)
-> retrieved decompress.1.5.3  (cached)
-> retrieved digestif.1.2.0  (cached)
-> retrieved domain-name.0.4.0  (cached)
-> retrieved duff.0.5  (cached)
-> retrieved dune.3.15.2, dune-configurator.3.15.2  (cached)
-> retrieved emile.1.1  (cached)
-> retrieved encore.0.8  (cached)
-> retrieved eqaf.0.9  (cached)
-> retrieved fmt.0.9.0  (cached)
-> retrieved fpath.0.7.3  (cached)
-> installed cmdliner.1.3.0
-> retrieved git.3.15.0  (cached)
-> retrieved git-kv.0.0.5  (cached)
-> retrieved hxd.0.3.2  (cached)
-> retrieved ipaddr.5.5.0, macaddr.5.5.0  (cached)
-> retrieved ke.0.6  (cached)
-> retrieved logs.0.7.0  (cached)
-> retrieved lwt.5.7.0  (cached)
-> retrieved mimic.0.0.7  (cached)
-> retrieved mirage-clock.4.2.0  (cached)
-> retrieved mirage-flow.4.0.2  (cached)
-> retrieved mirage-kv.6.1.1  (cached)
-> retrieved ocaml-syntax-shims.1.0.0  (cached)
-> retrieved ocamlbuild.0.14.3  (cached)
-> retrieved ocamlfind.1.9.6  (cached)
-> retrieved ocamlgraph.2.1.0  (cached)
-> retrieved ocplib-endian.1.2  (cached)
-> retrieved optint.0.3.0  (cached)
-> retrieved pecu.0.7  (cached)
-> retrieved psq.0.2.1  (cached)
-> retrieved ptime.1.1.0  (cached)
-> retrieved result.1.5  (cached)
-> retrieved rresult.0.7.0  (cached)
-> installed seq.base
-> retrieved stdlib-shims.0.3.0  (cached)
-> retrieved stringext.1.6.0  (cached)
-> retrieved topkg.1.0.7  (cached)
-> retrieved uri.4.4.0  (cached)
-> retrieved uutf.1.0.3  (cached)
-> installed ocamlfind.1.9.6
-> installed base-bytes.base
-> installed ocamlbuild.0.14.3
-> installed topkg.1.0.7
-> installed rresult.0.7.0
-> installed uutf.1.0.3
-> installed ptime.1.1.0
-> installed fmt.0.9.0
-> installed astring.0.8.5
-> installed fpath.0.7.3
-> installed dune.3.15.2
-> installed mirage-clock.4.2.0
-> installed csexp.1.5.2
-> installed base64.3.5.1
-> installed cppo.1.6.9
-> installed cstruct.6.2.0
-> installed domain-name.0.4.0
-> installed duff.0.5
-> installed ke.0.6
-> installed macaddr.5.5.0
-> installed ocaml-syntax-shims.1.0.0
-> installed optint.0.3.0
-> installed pecu.0.7
-> installed psq.0.2.1
-> installed result.1.5
-> installed stdlib-shims.0.3.0
-> installed stringext.1.6.0
-> installed ocplib-endian.1.2
-> installed ipaddr.5.5.0
-> installed eqaf.0.9
-> installed dune-configurator.3.15.2
-> installed digestif.1.2.0
-> installed ocamlgraph.2.1.0
-> installed bigstringaf.0.9.1
-> installed checkseum.0.5.2
-> installed angstrom.0.16.0
-> installed encore.0.8
-> installed emile.1.1
-> installed decompress.1.5.3
-> installed lwt.5.7.0
-> installed uri.4.4.0
-> installed mirage-flow.4.0.2
-> installed mirage-kv.6.1.1
-> installed hxd.0.3.2
-> installed logs.0.7.0
-> installed mimic.0.0.7
-> installed bos.0.2.1
-> installed carton.0.7.2
-> installed carton-lwt.0.7.2
-> installed carton-git.0.7.2
-> installed git.3.15.0
-> installed git-kv.0.0.5
Done.
# Run eval $(opam env) to update the current shell environment
[01;2m[01;35m2024-05-23 13:17.57 ---> saved as "40af23317c3c0a2884de93086b3f148dd3b163706668ae4e29bd99510e8b36a7"[0m

[01;34m/home/opam: (run (network host)
                 (shell "(opam reinstall --with-test git-kv.0.0.5) || true"))[0m
[ERROR] Sorry, resolution of the request timed out.
        Try to specify a more precise request, use a different solver, or increase the allowed time by setting OPAMSOLVERTIMEOUT to a bigger value (currently, it is set to 500.0 seconds).
[01;2m[01;35m2024-05-23 13:26.27 ---> saved as "a4e5814ae4f80a0c86c74bd8e1c708d1a5f76f3738412bd4e7fc8c239fddf36a"[0m

[01;34m/home/opam: (run (shell  "opam reinstall --with-test --verbose git-kv.0.0.5;\
                        \n        res=$?;\
                        \n        test \"$res\" != 31 && exit \"$res\";\
                        \n        export OPAMCLI=2.0;\
                        \n        build_dir=$(opam var prefix)/.opam-switch/build;\
                        \n        failed=$(ls \"$build_dir\");\
                        \n        partial_fails=\"\";\
                        \n        for pkg in $failed; do\
                        \n          if opam show -f x-ci-accept-failures: \"$pkg\" | grep -qF \"\\\"debian-testing\\\"\"; then\
                        \n            echo \"A package failed and has been disabled for CI using the 'x-ci-accept-failures' field.\";\
                        \n          fi;\
                        \n          test \"$pkg\" != 'git-kv.0.0.5' && partial_fails=\"$partial_fails $pkg\";\
                        \n        done;\
                        \n        test \"${partial_fails}\" != \"\" && echo \"opam-repo-ci detected dependencies failing: ${partial_fails}\";\
                        \n        exit 1"))[0m
[ERROR] Sorry, resolution of the request timed out.
        Try to specify a more precise request, use a different solver, or increase the allowed time by setting OPAMSOLVERTIMEOUT to a bigger value (currently, it is set to 500.0 seconds).
'opam reinstall --with-test --verbose git-kv.0.0.5' failed.
"/usr/bin/env" "bash" "-c" "opam reinstall --with-test --verbose git-kv.0.0.5;
        res=$?;
        test "$res" != 31 && exit "$res";
        export OPAMCLI=2.0;
        build_dir=$(opam var prefix)/.opam-switch/build;
        failed=$(ls "$build_dir");
        partial_fails="";
        for pkg in $failed; do
          if opam show -f x-ci-accept-failures: "$pkg" | grep -qF "\"debian-testing\""; then
            echo "A package failed and has been disabled for CI using the 'x-ci-accept-failures' field.";
          fi;
          test "$pkg" != 'git-kv.0.0.5' && partial_fails="$partial_fails $pkg";
        done;
        test "${partial_fails}" != "" && echo "opam-repo-ci detected dependencies failing: ${partial_fails}";
        exit 1" failed with exit status 60
2024-05-23 13:35.17: Job failed: Failed: Build failed
2024-05-23 13:35.17: Log analysis:
2024-05-23 13:35.17: >>> 
[ERROR] Sorry, resolution of the request timed out.
 (score = 20)
2024-05-23 13:35.17: >>> 
[ERROR] Sorry, resolution of the request timed out.
 (score = 20)
2024-05-23 13:35.17: Sorry, resolution of the request timed out.
