2024-05-23 13:14.42: New job: test git-kv.0.0.5, using opam dev
                              from https://github.com/ocaml/opam-repository.git#refs/pull/25894/head (777a342f85004b1ec44804b28181c37f4bf6dcfe)
                              on freebsd-ocaml-5.2/amd64

To reproduce locally:

cd $(mktemp -d)
git clone --recursive "https://github.com/ocaml/opam-repository.git" && cd "opam-repository" && git fetch origin "refs/pull/25894/head" && git reset --hard 777a342f
git fetch origin master
git merge --no-edit 263db4b1c3c5650e7ae56b4100e8724f1306163a
cat > ../Dockerfile <<'END-OF-DOCKERFILE'
[34mFROM freebsd-ocaml-5.2
USER 1000:1000
WORKDIR /home/opam
RUN sudo ln -f /usr/local/bin/opam-dev /usr/local/bin/opam
RUN opam init --reinit -ni
RUN uname -rs && opam exec -- ocaml -version && opam --version
ENV OPAMDOWNLOADJOBS="1"
ENV OPAMERRLOGLEN="0"
ENV OPAMSOLVERTIMEOUT="500"
ENV OPAMPRECISETRACKING="1"
ENV CI="true"
ENV OPAM_REPO_CI="true"
RUN rm -rf opam-repository/
COPY --chown=1000:1000 . opam-repository/
RUN opam repository set-url --strict default opam-repository/
RUN opam update --depexts || true
RUN opam pin add -k version -yn git-kv.0.0.5 0.0.5
RUN opam reinstall git-kv.0.0.5; \
    res=$?; \
    test "$res" != 31 && exit "$res"; \
    export OPAMCLI=2.0; \
    build_dir=$(opam var prefix)/.opam-switch/build; \
    failed=$(ls "$build_dir"); \
    partial_fails=""; \
    for pkg in $failed; do \
    if opam show -f x-ci-accept-failures: "$pkg" | grep -qF "\"freebsd\""; then \
    echo "A package failed and has been disabled for CI using the 'x-ci-accept-failures' field."; \
    fi; \
    test "$pkg" != 'git-kv.0.0.5' && partial_fails="$partial_fails $pkg"; \
    done; \
    test "${partial_fails}" != "" && echo "opam-repo-ci detected dependencies failing: ${partial_fails}"; \
    exit 1
RUN (opam reinstall --with-test git-kv.0.0.5) || true
RUN opam reinstall --with-test --verbose git-kv.0.0.5; \
    res=$?; \
    test "$res" != 31 && exit "$res"; \
    export OPAMCLI=2.0; \
    build_dir=$(opam var prefix)/.opam-switch/build; \
    failed=$(ls "$build_dir"); \
    partial_fails=""; \
    for pkg in $failed; do \
    if opam show -f x-ci-accept-failures: "$pkg" | grep -qF "\"freebsd\""; then \
    echo "A package failed and has been disabled for CI using the 'x-ci-accept-failures' field."; \
    fi; \
    test "$pkg" != 'git-kv.0.0.5' && partial_fails="$partial_fails $pkg"; \
    done; \
    test "${partial_fails}" != "" && echo "opam-repo-ci detected dependencies failing: ${partial_fails}"; \
    exit 1
[0m
END-OF-DOCKERFILE
docker build -f ../Dockerfile .

2024-05-23 13:14.42: Using cache hint "freebsd-ocaml-5.2-git-kv.0.0.5-777a342f85004b1ec44804b28181c37f4bf6dcfe"
2024-05-23 13:14.42: Using OBuilder spec:
((from freebsd-ocaml-5.2)
 (user (uid 1000) (gid 1000))
 (workdir /home/opam)
 (run (shell "sudo ln -f /usr/local/bin/opam-dev /usr/local/bin/opam"))
 (run (network host)
      (shell "opam init --reinit -ni"))
 (run (shell "uname -rs && opam exec -- ocaml -version && opam --version"))
 (env OPAMDOWNLOADJOBS 1)
 (env OPAMERRLOGLEN 0)
 (env OPAMSOLVERTIMEOUT 500)
 (env OPAMPRECISETRACKING 1)
 (env CI true)
 (env OPAM_REPO_CI true)
 (run (shell "rm -rf opam-repository/"))
 (copy (src .) (dst opam-repository/))
 (run (shell "opam repository set-url --strict default opam-repository/"))
 (run (network host)
      (shell "opam update --depexts || true"))
 (run (shell "opam pin add -k version -yn git-kv.0.0.5 0.0.5"))
 (run (cache (opam-archives (target /home/opam/.opam/download-cache)))
      (network host)
      (shell  "opam reinstall git-kv.0.0.5;\
             \n        res=$?;\
             \n        test \"$res\" != 31 && exit \"$res\";\
             \n        export OPAMCLI=2.0;\
             \n        build_dir=$(opam var prefix)/.opam-switch/build;\
             \n        failed=$(ls \"$build_dir\");\
             \n        partial_fails=\"\";\
             \n        for pkg in $failed; do\
             \n          if opam show -f x-ci-accept-failures: \"$pkg\" | grep -qF \"\\\"freebsd\\\"\"; then\
             \n            echo \"A package failed and has been disabled for CI using the 'x-ci-accept-failures' field.\";\
             \n          fi;\
             \n          test \"$pkg\" != 'git-kv.0.0.5' && partial_fails=\"$partial_fails $pkg\";\
             \n        done;\
             \n        test \"${partial_fails}\" != \"\" && echo \"opam-repo-ci detected dependencies failing: ${partial_fails}\";\
             \n        exit 1"))
 (run (network host)
      (shell "(opam reinstall --with-test git-kv.0.0.5) || true"))
 (run (shell  "opam reinstall --with-test --verbose git-kv.0.0.5;\
             \n        res=$?;\
             \n        test \"$res\" != 31 && exit \"$res\";\
             \n        export OPAMCLI=2.0;\
             \n        build_dir=$(opam var prefix)/.opam-switch/build;\
             \n        failed=$(ls \"$build_dir\");\
             \n        partial_fails=\"\";\
             \n        for pkg in $failed; do\
             \n          if opam show -f x-ci-accept-failures: \"$pkg\" | grep -qF \"\\\"freebsd\\\"\"; then\
             \n            echo \"A package failed and has been disabled for CI using the 'x-ci-accept-failures' field.\";\
             \n          fi;\
             \n          test \"$pkg\" != 'git-kv.0.0.5' && partial_fails=\"$partial_fails $pkg\";\
             \n        done;\
             \n        test \"${partial_fails}\" != \"\" && echo \"opam-repo-ci detected dependencies failing: ${partial_fails}\";\
             \n        exit 1"))
)

2024-05-23 13:14.42: Waiting for resource in pool OCluster
2024-05-23 13:14.42: Waiting for worker…
2024-05-23 13:14.42: Got resource from pool OCluster
Building on spring
Updating files: 100% (33785/33785), done.
HEAD is now at f4bd28ba78 [new release] multicore-bench (0.1.3)
HEAD is now at 263db4b1c3 Merge pull request #25907 from dinosaure/release-carton-0.7.2
Merge made by the 'ort' strategy.
 packages/git-kv/git-kv.0.0.5/opam | 39 +++++++++++++++++++++++++++++++++++++++
 1 file changed, 39 insertions(+)
 create mode 100644 packages/git-kv/git-kv.0.0.5/opam

[01;34m(from freebsd-ocaml-5.2)[0m
[01;2m[01;35m2024-05-23 13:09.00 ---> using "3515bf58445883216685df527c06fc8b9b7799700694ffa335d1401da4433261" from cache[0m

[01;34m/: (user (uid 1000) (gid 1000))[0m

[01;34m/: (workdir /home/opam)[0m

[01;34m/home/opam: (run (shell "sudo ln -f /usr/local/bin/opam-dev /usr/local/bin/opam"))[0m
[01;2m[01;35m2024-05-23 13:09.00 ---> using "48364e1fb8dbbd4caee612726b7c964e49452f03ec1f9b0526466ab1c963a289" from cache[0m

[01;34m/home/opam: (run (network host)
                 (shell "opam init --reinit -ni"))[0m
No configuration file found, using built-in defaults.
Checking for available remotes: rsync and local, git.
  - you won't be able to use mercurial repositories unless you install the hg command on your system.
  - you won't be able to use darcs repositories unless you install the darcs command on your system.

This development version of opam requires an update to the layout of /home/opam/.opam from version 2.1 to version 2.2~beta, which can't be reverted.
You may want to back it up before going further.

Continue? [y/n] y
[NOTE] The 'jobs' option was reset, its value was 1 and its new value will vary according to the current number of cores on your machine. You can restore the fixed value using:
           opam option jobs=1 --global
Format upgrade done.

<><> Updating repositories ><><><><><><><><><><><><><><><><><><><><><><><><><><>
[default] no changes from git+file:///home/opam/opam-repository
[01;2m[01;35m2024-05-23 13:09.01 ---> using "c9405311363be335bd03604ec044c083a65810c936d9b87d54c115ba23ec633d" from cache[0m

[01;34m/home/opam: (run (shell "uname -rs && opam exec -- ocaml -version && opam --version"))[0m
FreeBSD 14.0-RELEASE-p6
The OCaml toplevel, version 5.2.0
2.2.0~beta3~dev
[01;2m[01;35m2024-05-23 13:09.01 ---> using "75c557dc5616766214d486bbd9740aad9cf3f41b1975f9eaa3f67179722364a2" from cache[0m

[01;34m/home/opam: (env OPAMDOWNLOADJOBS 1)[0m

[01;34m/home/opam: (env OPAMERRLOGLEN 0)[0m

[01;34m/home/opam: (env OPAMSOLVERTIMEOUT 500)[0m

[01;34m/home/opam: (env OPAMPRECISETRACKING 1)[0m

[01;34m/home/opam: (env CI true)[0m

[01;34m/home/opam: (env OPAM_REPO_CI true)[0m

[01;34m/home/opam: (run (shell "rm -rf opam-repository/"))[0m
[01;2m[01;35m2024-05-23 13:09.01 ---> using "cbc2e10d76c1dbf788aac3e149e4dbab717b3947a8dc92bf0a2b302e4cb3073c" from cache[0m

[01;34m/home/opam: (copy (src .) (dst opam-repository/))[0m
[01;2m[01;35m2024-05-23 13:09.11 ---> saved as "938ab1f6ce47a0238e10ecad8401f0ad4d100a866f7fe69c82f9c2fcbd5a33e9"[0m

[01;34m/home/opam: (run (shell "opam repository set-url --strict default opam-repository/"))[0m
[default] Initialised
[01;2m[01;35m2024-05-23 13:09.40 ---> saved as "a996ce11a88da6ac623f6c0cbbf58ef0973b056cd36720ceaa759f48c1c140a9"[0m

[01;34m/home/opam: (run (network host)
                 (shell "opam update --depexts || true"))[0m
[WARNING] Unknown update command for bsd, skipping system update
[01;2m[01;35m2024-05-23 13:09.41 ---> saved as "61f8c4127aa77f66b34637f6859915f5c79c00c96fe8c2bb2da8b566c7b69cba"[0m

[01;34m/home/opam: (run (shell "opam pin add -k version -yn git-kv.0.0.5 0.0.5"))[0m
git-kv is now pinned to version 0.0.5
[01;2m[01;35m2024-05-23 13:09.42 ---> saved as "3669a0acd028016b3a23db55d9a79eab8d6d1421e563a4b29a82ce03247abdc2"[0m

[01;34m/home/opam: (run (cache (opam-archives (target /home/opam/.opam/download-cache)))
                 (network host)
                 (shell  "opam reinstall git-kv.0.0.5;\
                        \n        res=$?;\
                        \n        test \"$res\" != 31 && exit \"$res\";\
                        \n        export OPAMCLI=2.0;\
                        \n        build_dir=$(opam var prefix)/.opam-switch/build;\
                        \n        failed=$(ls \"$build_dir\");\
                        \n        partial_fails=\"\";\
                        \n        for pkg in $failed; do\
                        \n          if opam show -f x-ci-accept-failures: \"$pkg\" | grep -qF \"\\\"freebsd\\\"\"; then\
                        \n            echo \"A package failed and has been disabled for CI using the 'x-ci-accept-failures' field.\";\
                        \n          fi;\
                        \n          test \"$pkg\" != 'git-kv.0.0.5' && partial_fails=\"$partial_fails $pkg\";\
                        \n        done;\
                        \n        test \"${partial_fails}\" != \"\" && echo \"opam-repo-ci detected dependencies failing: ${partial_fails}\";\
                        \n        exit 1"))[0m
git-kv.0.0.5 is not installed. Install it? [y/n] y
The following actions will be performed:
=== install 54 packages
  ∗ angstrom           0.16.0         [required by git]
  ∗ astring            0.8.5          [required by git]
  ∗ base-bytes         base           [required by ocplib-endian]
  ∗ base64             3.5.1          [required by git]
  ∗ bigstringaf        0.9.1          [required by carton-lwt, carton, git]
  ∗ bos                0.2.1          [required by carton]
  ∗ carton             0.7.2          [required by git-kv]
  ∗ carton-git         0.7.2          [required by git]
  ∗ carton-lwt         0.7.2          [required by git-kv]
  ∗ checkseum          0.5.2          [required by carton, git]
  ∗ cmdliner           1.3.0          [required by carton]
  ∗ cppo               1.6.9          [required by lwt]
  ∗ csexp              1.5.2          [required by dune-configurator]
  ∗ cstruct            6.2.0          [required by carton, git]
  ∗ decompress         1.5.3          [required by carton-lwt, carton, git]
  ∗ digestif           1.2.0          [required by carton, git]
  ∗ domain-name        0.4.0          [required by git]
  ∗ duff               0.5            [required by carton]
  ∗ dune               3.15.2         [required by git-kv]
  ∗ dune-configurator  3.15.2         [required by checkseum, bigstringaf, hxd]
  ∗ emile              1.1            [required by git]
  ∗ encore             0.8            [required by git]
  ∗ eqaf               0.9            [required by digestif]
  ∗ fmt                0.9.0          [required by git-kv]
  ∗ fpath              0.7.3          [required by carton, git]
  ∗ git                3.15.0         [required by git-kv]
  ∗ git-kv             0.0.5 (pinned)
  ∗ hxd                0.3.2          [required by carton, git]
  ∗ ipaddr             5.5.0          [required by git]
  ∗ ke                 0.6            [required by carton, git]
  ∗ logs               0.7.0          [required by carton, git]
  ∗ lwt                5.7.0          [required by git, carton-lwt, mirage-kv]
  ∗ macaddr            5.5.0          [required by ipaddr]
  ∗ mimic              0.0.7          [required by git]
  ∗ mirage-clock       4.2.0          [required by git-kv]
  ∗ mirage-flow        4.0.2          [required by git]
  ∗ mirage-kv          6.1.1          [required by git-kv]
  ∗ ocaml-syntax-shims 1.0.0          [required by angstrom]
  ∗ ocamlbuild         0.14.3         [required by bos, ptime]
  ∗ ocamlfind          1.9.6          [required by bos, ptime]
  ∗ ocamlgraph         2.1.0          [required by git]
  ∗ ocplib-endian      1.2            [required by lwt]
  ∗ optint             0.3.0          [required by git, carton, carton-lwt, mirage-kv]
  ∗ pecu               0.7            [required by emile]
  ∗ psq                0.2.1          [required by carton, git]
  ∗ ptime              1.1.0          [required by git-kv]
  ∗ result             1.5            [required by git]
  ∗ rresult            0.7.0          [required by git]
  ∗ seq                base           [required by psq]
  ∗ stdlib-shims       0.3.0          [required by ocamlgraph]
  ∗ stringext          1.6.0          [required by uri]
  ∗ topkg              1.0.7          [required by bos, ptime]
  ∗ uri                4.4.0          [required by git]
  ∗ uutf               1.0.3          [required by emile]

<><> Processing actions <><><><><><><><><><><><><><><><><><><><><><><><><><><><>
⬇ retrieved angstrom.0.16.0  (cached)
⬇ retrieved astring.0.8.5  (cached)
⬇ retrieved base64.3.5.1  (cached)
⬇ retrieved bigstringaf.0.9.1  (cached)
⬇ retrieved bos.0.2.1  (cached)
⬇ retrieved carton.0.7.2, carton-git.0.7.2, carton-lwt.0.7.2  (cached)
⬇ retrieved checkseum.0.5.2  (cached)
⬇ retrieved cmdliner.1.3.0  (cached)
⬇ retrieved cppo.1.6.9  (cached)
⬇ retrieved csexp.1.5.2  (cached)
⬇ retrieved cstruct.6.2.0  (cached)
⬇ retrieved decompress.1.5.3  (cached)
⬇ retrieved digestif.1.2.0  (cached)
⬇ retrieved domain-name.0.4.0  (cached)
⬇ retrieved duff.0.5  (cached)
⬇ retrieved dune.3.15.2, dune-configurator.3.15.2  (cached)
⬇ retrieved emile.1.1  (cached)
⬇ retrieved encore.0.8  (cached)
⬇ retrieved eqaf.0.9  (cached)
⬇ retrieved fmt.0.9.0  (cached)
⬇ retrieved fpath.0.7.3  (cached)
∗ installed cmdliner.1.3.0
⬇ retrieved git.3.15.0  (cached)
⬇ retrieved git-kv.0.0.5  (cached)
⬇ retrieved hxd.0.3.2  (cached)
⬇ retrieved ipaddr.5.5.0, macaddr.5.5.0  (cached)
⬇ retrieved ke.0.6  (cached)
⬇ retrieved logs.0.7.0  (cached)
⬇ retrieved lwt.5.7.0  (cached)
⬇ retrieved mimic.0.0.7  (cached)
⬇ retrieved mirage-clock.4.2.0  (cached)
⬇ retrieved mirage-flow.4.0.2  (cached)
⬇ retrieved mirage-kv.6.1.1  (cached)
⬇ retrieved ocaml-syntax-shims.1.0.0  (cached)
⬇ retrieved ocamlbuild.0.14.3  (cached)
⬇ retrieved ocamlfind.1.9.6  (cached)
⬇ retrieved ocamlgraph.2.1.0  (cached)
⬇ retrieved ocplib-endian.1.2  (cached)
⬇ retrieved optint.0.3.0  (cached)
⬇ retrieved pecu.0.7  (cached)
⬇ retrieved psq.0.2.1  (cached)
⬇ retrieved ptime.1.1.0  (cached)
⬇ retrieved result.1.5  (cached)
⬇ retrieved rresult.0.7.0  (cached)
∗ installed seq.base
⬇ retrieved stdlib-shims.0.3.0  (cached)
⬇ retrieved stringext.1.6.0  (cached)
⬇ retrieved topkg.1.0.7  (cached)
⬇ retrieved uri.4.4.0  (cached)
⬇ retrieved uutf.1.0.3  (cached)
∗ installed ocamlfind.1.9.6
∗ installed base-bytes.base
∗ installed ocamlbuild.0.14.3
∗ installed topkg.1.0.7
∗ installed rresult.0.7.0
∗ installed uutf.1.0.3
∗ installed ptime.1.1.0
∗ installed fmt.0.9.0
∗ installed astring.0.8.5
∗ installed fpath.0.7.3
∗ installed dune.3.15.2
∗ installed domain-name.0.4.0
∗ installed csexp.1.5.2
∗ installed duff.0.5
∗ installed mirage-clock.4.2.0
∗ installed macaddr.5.5.0
∗ installed ke.0.6
∗ installed cstruct.6.2.0
∗ installed cppo.1.6.9
∗ installed base64.3.5.1
∗ installed pecu.0.7
∗ installed optint.0.3.0
∗ installed ocplib-endian.1.2
∗ installed ipaddr.5.5.0
∗ installed eqaf.0.9
∗ installed ocaml-syntax-shims.1.0.0
∗ installed psq.0.2.1
∗ installed stdlib-shims.0.3.0
∗ installed stringext.1.6.0
∗ installed result.1.5
∗ installed dune-configurator.3.15.2
∗ installed bigstringaf.0.9.1
∗ installed digestif.1.2.0
∗ installed checkseum.0.5.2
∗ installed angstrom.0.16.0
∗ installed emile.1.1
∗ installed encore.0.8
∗ installed decompress.1.5.3
∗ installed ocamlgraph.2.1.0
∗ installed uri.4.4.0
∗ installed lwt.5.7.0
∗ installed mirage-flow.4.0.2
∗ installed mirage-kv.6.1.1
∗ installed hxd.0.3.2
∗ installed logs.0.7.0
∗ installed mimic.0.0.7
∗ installed bos.0.2.1
∗ installed carton.0.7.2
∗ installed carton-lwt.0.7.2
∗ installed carton-git.0.7.2
∗ installed git.3.15.0
∗ installed git-kv.0.0.5
Done.
[01;2m[01;35m2024-05-23 13:10.58 ---> saved as "dd61ba512768a0daeef00dc937563b35886675c976e0dc9dbfa17d741c9217f8"[0m

[01;34m/home/opam: (run (network host)
                 (shell "(opam reinstall --with-test git-kv.0.0.5) || true"))[0m
[ERROR] Sorry, resolution of the request timed out.
        Try to specify a more precise request, use a different solver, or increase the allowed time by setting OPAMSOLVERTIMEOUT to a bigger value (currently, it is set to 500.0 seconds).
[01;2m[01;35m2024-05-23 13:19.35 ---> saved as "7c2202994469ff02648bc8cd39c635a7e9d93d480c03d779af7359f9d948d1a0"[0m

[01;34m/home/opam: (run (shell  "opam reinstall --with-test --verbose git-kv.0.0.5;\
                        \n        res=$?;\
                        \n        test \"$res\" != 31 && exit \"$res\";\
                        \n        export OPAMCLI=2.0;\
                        \n        build_dir=$(opam var prefix)/.opam-switch/build;\
                        \n        failed=$(ls \"$build_dir\");\
                        \n        partial_fails=\"\";\
                        \n        for pkg in $failed; do\
                        \n          if opam show -f x-ci-accept-failures: \"$pkg\" | grep -qF \"\\\"freebsd\\\"\"; then\
                        \n            echo \"A package failed and has been disabled for CI using the 'x-ci-accept-failures' field.\";\
                        \n          fi;\
                        \n          test \"$pkg\" != 'git-kv.0.0.5' && partial_fails=\"$partial_fails $pkg\";\
                        \n        done;\
                        \n        test \"${partial_fails}\" != \"\" && echo \"opam-repo-ci detected dependencies failing: ${partial_fails}\";\
                        \n        exit 1"))[0m
[ERROR] Sorry, resolution of the request timed out.
        Try to specify a more precise request, use a different solver, or increase the allowed time by setting OPAMSOLVERTIMEOUT to a bigger value (currently, it is set to 500.0 seconds).
'opam reinstall --with-test --verbose git-kv.0.0.5' failed.
jail: /usr/bin/su -l opam -c cd '/home/opam' && env OPAM_REPO_CI='true' CI='true' OPAMPRECISETRACKING='1' OPAMSOLVERTIMEOUT='500' OPAMERRLOGLEN='0' OPAMDOWNLOADJOBS='1' '/usr/bin/env' 'bash' '-c' 'opam reinstall --with-test --verbose git-kv.0.0.5;
        res=$?;
        test "$res" != 31 && exit "$res";
        export OPAMCLI=2.0;
        build_dir=$(opam var prefix)/.opam-switch/build;
        failed=$(ls "$build_dir");
        partial_fails="";
        for pkg in $failed; do
          if opam show -f x-ci-accept-failures: "$pkg" | grep -qF "\"freebsd\""; then
            echo "A package failed and has been disabled for CI using the '\''x-ci-accept-failures'\'' field.";
          fi;
          test "$pkg" != '\''git-kv.0.0.5'\'' && partial_fails="$partial_fails $pkg";
        done;
        test "${partial_fails}" != "" && echo "opam-repo-ci detected dependencies failing: ${partial_fails}";
        exit 1': failed
"jail" "-c" "name=obuilder_18767_810" "mount.devfs" "path=/obuilder/result/b13e6f9ebc96f93366f5d6488c4bfd2dd012819defee110f32f1db838935a4d0/rootfs" "vnet" "exec.start=/sbin/ifconfig lo0 127.0.0.1/8" "command=/usr/bin/su" "-l" "opam" "-c" "cd '/home/opam' && env OPAM_REPO_CI='true' CI='true' OPAMPRECISETRACKING='1' OPAMSOLVERTIMEOUT='500' OPAMERRLOGLEN='0' OPAMDOWNLOADJOBS='1' '/usr/bin/env' 'bash' '-c' 'opam reinstall --with-test --verbose git-kv.0.0.5;
        res=$?;
        test "$res" != 31 && exit "$res";
        export OPAMCLI=2.0;
        build_dir=$(opam var prefix)/.opam-switch/build;
        failed=$(ls "$build_dir");
        partial_fails="";
        for pkg in $failed; do
          if opam show -f x-ci-accept-failures: "$pkg" | grep -qF "\"freebsd\""; then
            echo "A package failed and has been disabled for CI using the '\''x-ci-accept-failures'\'' field.";
          fi;
          test "$pkg" != '\''git-kv.0.0.5'\'' && partial_fails="$partial_fails $pkg";
        done;
        test "${partial_fails}" != "" && echo "opam-repo-ci detected dependencies failing: ${partial_fails}";
        exit 1'" failed with exit status 1
2024-05-23 13:34.35: Job failed: Failed: Build failed
2024-05-23 13:34.35: Log analysis:
2024-05-23 13:34.35: >>> 
[ERROR] Sorry, resolution of the request timed out.
 (score = 20)
2024-05-23 13:34.35: >>> 
[ERROR] Sorry, resolution of the request timed out.
 (score = 20)
2024-05-23 13:34.35: Sorry, resolution of the request timed out.
