2024-05-23 14:29.41: New job: test reason-react.0.12.0 with ocaml-secondary-compiler.4.14.1, using opam dev
                              from https://github.com/ocaml/opam-repository.git#refs/pull/25928/head (2f0a69c7ebd1768cbfd28ba596b3272e99d1f383)
                              on debian-12-ocaml-4.14/amd64

To reproduce locally:

cd $(mktemp -d)
git clone --recursive "https://github.com/ocaml/opam-repository.git" && cd "opam-repository" && git fetch origin "refs/pull/25928/head" && git reset --hard 2f0a69c7
git fetch origin master
git merge --no-edit 9395b46c54472a81784178457c1b96ff87ef1740
cat > ../Dockerfile <<'END-OF-DOCKERFILE'
[34mFROM ocaml/opam:debian-12-ocaml-4.14@sha256:575952ac1a1b71568d969fe2b9788c1516c1252dda6ccffdc995036cc8cc9e3b
USER 1000:1000
WORKDIR /home/opam
RUN sudo ln -f /usr/bin/opam-dev /usr/bin/opam
RUN opam init --reinit -ni
RUN uname -rs && opam exec -- ocaml -version && opam --version
ENV OPAMDOWNLOADJOBS="1"
ENV OPAMERRLOGLEN="0"
ENV OPAMSOLVERTIMEOUT="500"
ENV OPAMPRECISETRACKING="1"
ENV CI="true"
ENV OPAM_REPO_CI="true"
RUN rm -rf opam-repository/
COPY --chown=1000:1000 . opam-repository/
RUN opam repository set-url --strict default opam-repository/
RUN opam update --depexts || true
RUN opam pin add -k version -yn ocaml-secondary-compiler.4.14.1 4.14.1
RUN opam reinstall ocaml-secondary-compiler.4.14.1; \
    res=$?; \
    test "$res" != 31 && exit "$res"; \
    export OPAMCLI=2.0; \
    build_dir=$(opam var prefix)/.opam-switch/build; \
    failed=$(ls "$build_dir"); \
    partial_fails=""; \
    for pkg in $failed; do \
    if opam show -f x-ci-accept-failures: "$pkg" | grep -qF "\"debian-12\""; then \
    echo "A package failed and has been disabled for CI using the 'x-ci-accept-failures' field."; \
    fi; \
    test "$pkg" != 'ocaml-secondary-compiler.4.14.1' && partial_fails="$partial_fails $pkg"; \
    done; \
    test "${partial_fails}" != "" && echo "opam-repo-ci detected dependencies failing: ${partial_fails}"; \
    exit 1
RUN opam reinstall reason-react.0.12.0; \
    res=$?; \
    test "$res" != 31 && exit "$res"; \
    export OPAMCLI=2.0; \
    build_dir=$(opam var prefix)/.opam-switch/build; \
    failed=$(ls "$build_dir"); \
    partial_fails=""; \
    for pkg in $failed; do \
    if opam show -f x-ci-accept-failures: "$pkg" | grep -qF "\"debian-12\""; then \
    echo "A package failed and has been disabled for CI using the 'x-ci-accept-failures' field."; \
    fi; \
    test "$pkg" != 'reason-react.0.12.0' && partial_fails="$partial_fails $pkg"; \
    done; \
    test "${partial_fails}" != "" && echo "opam-repo-ci detected dependencies failing: ${partial_fails}"; \
    exit 1
RUN (opam reinstall --with-test reason-react.0.12.0) || true
RUN opam reinstall --with-test --verbose reason-react.0.12.0; \
    res=$?; \
    test "$res" != 31 && exit "$res"; \
    export OPAMCLI=2.0; \
    build_dir=$(opam var prefix)/.opam-switch/build; \
    failed=$(ls "$build_dir"); \
    partial_fails=""; \
    for pkg in $failed; do \
    if opam show -f x-ci-accept-failures: "$pkg" | grep -qF "\"debian-12\""; then \
    echo "A package failed and has been disabled for CI using the 'x-ci-accept-failures' field."; \
    fi; \
    test "$pkg" != 'reason-react.0.12.0' && partial_fails="$partial_fails $pkg"; \
    done; \
    test "${partial_fails}" != "" && echo "opam-repo-ci detected dependencies failing: ${partial_fails}"; \
    exit 1
[0m
END-OF-DOCKERFILE
docker build -f ../Dockerfile .

2024-05-23 14:29.41: Using cache hint "ocaml/opam:debian-12-ocaml-4.14@sha256:575952ac1a1b71568d969fe2b9788c1516c1252dda6ccffdc995036cc8cc9e3b-ocaml-secondary-compiler.4.14.1-reason-react.0.12.0-2f0a69c7ebd1768cbfd28ba596b3272e99d1f383"
2024-05-23 14:29.41: Using OBuilder spec:
((from ocaml/opam:debian-12-ocaml-4.14@sha256:575952ac1a1b71568d969fe2b9788c1516c1252dda6ccffdc995036cc8cc9e3b)
 (user (uid 1000) (gid 1000))
 (workdir /home/opam)
 (run (shell "sudo ln -f /usr/bin/opam-dev /usr/bin/opam"))
 (run (network host)
      (shell "opam init --reinit --config .opamrc-sandbox -ni"))
 (run (shell "uname -rs && opam exec -- ocaml -version && opam --version"))
 (env OPAMDOWNLOADJOBS 1)
 (env OPAMERRLOGLEN 0)
 (env OPAMSOLVERTIMEOUT 500)
 (env OPAMPRECISETRACKING 1)
 (env CI true)
 (env OPAM_REPO_CI true)
 (run (shell "rm -rf opam-repository/"))
 (copy (src .) (dst opam-repository/))
 (run (shell "opam repository set-url --strict default opam-repository/"))
 (run (network host)
      (shell "opam update --depexts || true"))
 (run (shell "opam pin add -k version -yn ocaml-secondary-compiler.4.14.1 4.14.1"))
 (run (cache (opam-archives (target /home/opam/.opam/download-cache)))
      (network host)
      (shell  "opam reinstall ocaml-secondary-compiler.4.14.1;\
             \n        res=$?;\
             \n        test \"$res\" != 31 && exit \"$res\";\
             \n        export OPAMCLI=2.0;\
             \n        build_dir=$(opam var prefix)/.opam-switch/build;\
             \n        failed=$(ls \"$build_dir\");\
             \n        partial_fails=\"\";\
             \n        for pkg in $failed; do\
             \n          if opam show -f x-ci-accept-failures: \"$pkg\" | grep -qF \"\\\"debian-12\\\"\"; then\
             \n            echo \"A package failed and has been disabled for CI using the 'x-ci-accept-failures' field.\";\
             \n          fi;\
             \n          test \"$pkg\" != 'ocaml-secondary-compiler.4.14.1' && partial_fails=\"$partial_fails $pkg\";\
             \n        done;\
             \n        test \"${partial_fails}\" != \"\" && echo \"opam-repo-ci detected dependencies failing: ${partial_fails}\";\
             \n        exit 1"))
 (run (cache (opam-archives (target /home/opam/.opam/download-cache)))
      (network host)
      (shell  "opam reinstall reason-react.0.12.0;\
             \n        res=$?;\
             \n        test \"$res\" != 31 && exit \"$res\";\
             \n        export OPAMCLI=2.0;\
             \n        build_dir=$(opam var prefix)/.opam-switch/build;\
             \n        failed=$(ls \"$build_dir\");\
             \n        partial_fails=\"\";\
             \n        for pkg in $failed; do\
             \n          if opam show -f x-ci-accept-failures: \"$pkg\" | grep -qF \"\\\"debian-12\\\"\"; then\
             \n            echo \"A package failed and has been disabled for CI using the 'x-ci-accept-failures' field.\";\
             \n          fi;\
             \n          test \"$pkg\" != 'reason-react.0.12.0' && partial_fails=\"$partial_fails $pkg\";\
             \n        done;\
             \n        test \"${partial_fails}\" != \"\" && echo \"opam-repo-ci detected dependencies failing: ${partial_fails}\";\
             \n        exit 1"))
 (run (network host)
      (shell "(opam reinstall --with-test reason-react.0.12.0) || true"))
 (run (shell  "opam reinstall --with-test --verbose reason-react.0.12.0;\
             \n        res=$?;\
             \n        test \"$res\" != 31 && exit \"$res\";\
             \n        export OPAMCLI=2.0;\
             \n        build_dir=$(opam var prefix)/.opam-switch/build;\
             \n        failed=$(ls \"$build_dir\");\
             \n        partial_fails=\"\";\
             \n        for pkg in $failed; do\
             \n          if opam show -f x-ci-accept-failures: \"$pkg\" | grep -qF \"\\\"debian-12\\\"\"; then\
             \n            echo \"A package failed and has been disabled for CI using the 'x-ci-accept-failures' field.\";\
             \n          fi;\
             \n          test \"$pkg\" != 'reason-react.0.12.0' && partial_fails=\"$partial_fails $pkg\";\
             \n        done;\
             \n        test \"${partial_fails}\" != \"\" && echo \"opam-repo-ci detected dependencies failing: ${partial_fails}\";\
             \n        exit 1"))
)

2024-05-23 14:29.41: Waiting for resource in pool OCluster
2024-05-24 08:11.45: Waiting for worker…
2024-05-24 08:14.26: Got resource from pool OCluster
Building on asteria.caelum.ci.dev
All commits already cached
HEAD is now at 9395b46c54 Merge pull request #25920 from hannesm/release-mirage-vnetif-v0.6.2
Merge made by the 'ort' strategy.
 packages/base-flambda2/base-flambda2.base/opam     |  8 +++
 packages/dune-secondary/dune-secondary.3.8.1/opam  | 57 ++++++++++++++++++++++
 .../menhir-secondary.20210419/opam                 | 28 +++++++++++
 .../ocaml-secondary-compiler.4.14.1/opam           | 30 ++++++++++++
 .../ocaml-variants.5.1.1+flambda2/opam             | 37 ++++++++++++++
 5 files changed, 160 insertions(+)
 create mode 100644 packages/base-flambda2/base-flambda2.base/opam
 create mode 100644 packages/dune-secondary/dune-secondary.3.8.1/opam
 create mode 100644 packages/menhir-secondary/menhir-secondary.20210419/opam
 create mode 100644 packages/ocaml-secondary-compiler/ocaml-secondary-compiler.4.14.1/opam
 create mode 100644 packages/ocaml-variants/ocaml-variants.5.1.1+flambda2/opam

[01;34m(from ocaml/opam:debian-12-ocaml-4.14@sha256:575952ac1a1b71568d969fe2b9788c1516c1252dda6ccffdc995036cc8cc9e3b)[0m
[01;2m[01;35m2024-05-24 08:16.35 ---> using "b70a2807c2cfb3c5680f4fafeddd66a33d7dcdd9d48b1543e8642b8df113fdbf" from cache[0m

[01;34m/: (user (uid 1000) (gid 1000))[0m

[01;34m/: (workdir /home/opam)[0m

[01;34m/home/opam: (run (shell "sudo ln -f /usr/bin/opam-dev /usr/bin/opam"))[0m
[01;2m[01;35m2024-05-24 08:16.35 ---> using "c36f90ecff164603a21017340adb790a2f028b93271d75cce805aa2725f2c474" from cache[0m

[01;34m/home/opam: (run (network host)
                 (shell "opam init --reinit --config .opamrc-sandbox -ni"))[0m
Configuring from /home/opam/.opamrc-sandbox, then /home/opam/.opamrc, and finally from built-in defaults.
Checking for available remotes: rsync and local, git.
  - you won't be able to use mercurial repositories unless you install the hg command on your system.
  - you won't be able to use darcs repositories unless you install the darcs command on your system.

This development version of opam requires an update to the layout of /home/opam/.opam from version 2.0 to version 2.2~beta, which can't be reverted.
You may want to back it up before going further.

Continue? [y/n] y
[NOTE] The 'jobs' option was reset, its value was 39 and its new value will vary according to the current number of cores on your machine. You can restore the fixed value using:
           opam option jobs=39 --global
Format upgrade done.

<><> Updating repositories ><><><><><><><><><><><><><><><><><><><><><><><><><><>
[default] synchronised from file:///home/opam/opam-repository
[01;2m[01;35m2024-05-24 08:16.35 ---> using "41ba59c52c751987091a990bfc68743f47f1d48b58a0242e92679239747c0a38" from cache[0m

[01;34m/home/opam: (run (shell "uname -rs && opam exec -- ocaml -version && opam --version"))[0m
Linux 5.15.0-107-generic
The OCaml toplevel, version 4.14.2
2.2.0~beta3~dev
[01;2m[01;35m2024-05-24 08:16.35 ---> using "43177bf724d2ad14c3885c9e8604bf82de09a17c5632804082eaf00f00843b27" from cache[0m

[01;34m/home/opam: (env OPAMDOWNLOADJOBS 1)[0m

[01;34m/home/opam: (env OPAMERRLOGLEN 0)[0m

[01;34m/home/opam: (env OPAMSOLVERTIMEOUT 500)[0m

[01;34m/home/opam: (env OPAMPRECISETRACKING 1)[0m

[01;34m/home/opam: (env CI true)[0m

[01;34m/home/opam: (env OPAM_REPO_CI true)[0m

[01;34m/home/opam: (run (shell "rm -rf opam-repository/"))[0m
[01;2m[01;35m2024-05-24 08:16.35 ---> using "dc5d5a1631518083bf7b71a8bbeb70067bb1c0e264ce14940be3414232922413" from cache[0m

[01;34m/home/opam: (copy (src .) (dst opam-repository/))[0m
[01;2m[01;35m2024-05-24 08:16.36 ---> using "d556626f6b0062a49d011de86989420f302ac4e6de251ff57f6cd4898a4b9642" from cache[0m

[01;34m/home/opam: (run (shell "opam repository set-url --strict default opam-repository/"))[0m
[default] Initialised
[01;2m[01;35m2024-05-24 08:16.36 ---> using "459c9619e166ddc1e3ba1368e034b7f72b598e6ecb9b06f2a6a483480717e574" from cache[0m

[01;34m/home/opam: (run (network host)
                 (shell "opam update --depexts || true"))[0m
+ /usr/bin/sudo "apt-get" "update"
- Hit:1 http://deb.debian.org/debian bookworm InRelease
- Get:2 http://deb.debian.org/debian bookworm-updates InRelease [55.4 kB]
- Get:3 http://deb.debian.org/debian-security bookworm-security InRelease [48.0 kB]
- Get:4 http://deb.debian.org/debian-security bookworm-security/main amd64 Packages [156 kB]
- Fetched 259 kB in 0s (783 kB/s)
- Reading package lists...
[01;2m[01;35m2024-05-24 08:16.36 ---> using "d6db531a0047732e69778757c47945135c78e6ba31f2415de63bea178b5e0369" from cache[0m

[01;34m/home/opam: (run (shell "opam pin add -k version -yn ocaml-secondary-compiler.4.14.1 4.14.1"))[0m
ocaml-secondary-compiler is now pinned to version 4.14.1
[01;2m[01;35m2024-05-24 08:16.36 ---> using "7b73eb62f238d560d26e75526d9e59bd174115bb2b2f9784d38b197248f40d84" from cache[0m

[01;34m/home/opam: (run (cache (opam-archives (target /home/opam/.opam/download-cache)))
                 (network host)
                 (shell  "opam reinstall ocaml-secondary-compiler.4.14.1;\
                        \n        res=$?;\
                        \n        test \"$res\" != 31 && exit \"$res\";\
                        \n        export OPAMCLI=2.0;\
                        \n        build_dir=$(opam var prefix)/.opam-switch/build;\
                        \n        failed=$(ls \"$build_dir\");\
                        \n        partial_fails=\"\";\
                        \n        for pkg in $failed; do\
                        \n          if opam show -f x-ci-accept-failures: \"$pkg\" | grep -qF \"\\\"debian-12\\\"\"; then\
                        \n            echo \"A package failed and has been disabled for CI using the 'x-ci-accept-failures' field.\";\
                        \n          fi;\
                        \n          test \"$pkg\" != 'ocaml-secondary-compiler.4.14.1' && partial_fails=\"$partial_fails $pkg\";\
                        \n        done;\
                        \n        test \"${partial_fails}\" != \"\" && echo \"opam-repo-ci detected dependencies failing: ${partial_fails}\";\
                        \n        exit 1"))[0m
ocaml-secondary-compiler.4.14.1 is not installed. Install it? [y/n] y
The following actions will be performed:
=== install 1 package
  - install ocaml-secondary-compiler 4.14.1 (pinned)

<><> Processing actions <><><><><><><><><><><><><><><><><><><><><><><><><><><><>
-> retrieved ocaml-secondary-compiler.4.14.1  (cached)
-> installed ocaml-secondary-compiler.4.14.1
Done.
# Run eval $(opam env) to update the current shell environment
[01;2m[01;35m2024-05-24 08:16.36 ---> using "8a732a10f8325b55bff15fa450f726ba5c271b322259024db197acdba571f8c7" from cache[0m

[01;34m/home/opam: (run (cache (opam-archives (target /home/opam/.opam/download-cache)))
                 (network host)
                 (shell  "opam reinstall reason-react.0.12.0;\
                        \n        res=$?;\
                        \n        test \"$res\" != 31 && exit \"$res\";\
                        \n        export OPAMCLI=2.0;\
                        \n        build_dir=$(opam var prefix)/.opam-switch/build;\
                        \n        failed=$(ls \"$build_dir\");\
                        \n        partial_fails=\"\";\
                        \n        for pkg in $failed; do\
                        \n          if opam show -f x-ci-accept-failures: \"$pkg\" | grep -qF \"\\\"debian-12\\\"\"; then\
                        \n            echo \"A package failed and has been disabled for CI using the 'x-ci-accept-failures' field.\";\
                        \n          fi;\
                        \n          test \"$pkg\" != 'reason-react.0.12.0' && partial_fails=\"$partial_fails $pkg\";\
                        \n        done;\
                        \n        test \"${partial_fails}\" != \"\" && echo \"opam-repo-ci detected dependencies failing: ${partial_fails}\";\
                        \n        exit 1"))[0m
reason-react.0.12.0 is not installed. Install it? [y/n] y
The following actions will be performed:
=== install 21 packages
  - install base64              3.5.1    [required by melange]
  - install cmdliner            1.3.0    [required by melange]
  - install cppo                1.6.9    [required by melange]
  - install dune                3.15.2   [required by reason-react]
  - install dune-build-info     3.15.2   [required by melange, reason]
  - install fix                 20230505 [required by reason]
  - install melange             1.0.0    [required by reason-react]
  - install menhir              20231231 [required by melange, reason]
  - install menhirCST           20231231 [required by menhir]
  - install menhirLib           20231231 [required by menhir]
  - install menhirSdk           20231231 [required by menhir]
  - install merlin-extend       0.6.1    [required by reason]
  - install ocaml-compiler-libs v0.12.4  [required by ppxlib]
  - install ocamlfind           1.9.6    [required by reason]
  - install ppx_derivers        1.2.1    [required by reason]
  - install ppxlib              0.32.1   [required by reason, melange, reason-react-ppx]
  - install reason              3.9.0    [required by reason-react]
  - install reason-react        0.12.0
  - install reason-react-ppx    0.12.0   [required by reason-react]
  - install sexplib0            v0.17.0  [required by ppxlib]
  - install stdlib-shims        0.3.0    [required by ppxlib]

<><> Processing actions <><><><><><><><><><><><><><><><><><><><><><><><><><><><>
-> retrieved base64.3.5.1  (cached)
-> retrieved cmdliner.1.3.0  (cached)
-> retrieved cppo.1.6.9  (cached)
-> retrieved dune.3.15.2, dune-build-info.3.15.2  (cached)
-> retrieved fix.20230505  (cached)
-> installed cmdliner.1.3.0
-> retrieved melange.1.0.0  (cached)
-> retrieved menhir.20231231, menhirCST.20231231, menhirLib.20231231, menhirSdk.20231231  (cached)
-> retrieved merlin-extend.0.6.1  (cached)
-> retrieved ocaml-compiler-libs.v0.12.4  (cached)
-> retrieved ocamlfind.1.9.6  (cached)
-> retrieved ppx_derivers.1.2.1  (cached)
-> retrieved ppxlib.0.32.1  (cached)
-> retrieved reason.3.9.0  (cached)
-> retrieved reason-react.0.12.0, reason-react-ppx.0.12.0  (https://github.com/reasonml/reason-react/releases/download/0.12.0/reason-react-0.12.0.tbz)
-> retrieved sexplib0.v0.17.0  (cached)
-> retrieved stdlib-shims.0.3.0  (cached)
-> installed ocamlfind.1.9.6
-> installed dune.3.15.2
-> installed base64.3.5.1
-> installed cppo.1.6.9
-> installed ppx_derivers.1.2.1
-> installed menhirCST.20231231
-> installed stdlib-shims.0.3.0
-> installed fix.20230505
-> installed merlin-extend.0.6.1
-> installed menhirSdk.20231231
-> installed sexplib0.v0.17.0
-> installed menhirLib.20231231
-> installed dune-build-info.3.15.2
-> installed ocaml-compiler-libs.v0.12.4
-> installed menhir.20231231
-> installed ppxlib.0.32.1
-> installed reason.3.9.0
-> installed reason-react-ppx.0.12.0
-> installed melange.1.0.0
-> installed reason-react.0.12.0
Done.
# Run eval $(opam env) to update the current shell environment
[01;2m[01;35m2024-05-24 08:17.36 ---> saved as "b2d53c4243dddfa9137c640260916cc39c3aa252c73379bdf06e8b7777f69069"[0m

[01;34m/home/opam: (run (network host)
                 (shell "(opam reinstall --with-test reason-react.0.12.0) || true"))[0m
[ERROR] Sorry, resolution of the request timed out.
        Try to specify a more precise request, use a different solver, or increase the allowed time by setting OPAMSOLVERTIMEOUT to a bigger value (currently, it is set to 500.0 seconds).
[01;2m[01;35m2024-05-24 08:26.05 ---> saved as "8701e54ae331f1be2dbc10419da18e490b9cc20bd8778714cf391a65f96f06b4"[0m

[01;34m/home/opam: (run (shell  "opam reinstall --with-test --verbose reason-react.0.12.0;\
                        \n        res=$?;\
                        \n        test \"$res\" != 31 && exit \"$res\";\
                        \n        export OPAMCLI=2.0;\
                        \n        build_dir=$(opam var prefix)/.opam-switch/build;\
                        \n        failed=$(ls \"$build_dir\");\
                        \n        partial_fails=\"\";\
                        \n        for pkg in $failed; do\
                        \n          if opam show -f x-ci-accept-failures: \"$pkg\" | grep -qF \"\\\"debian-12\\\"\"; then\
                        \n            echo \"A package failed and has been disabled for CI using the 'x-ci-accept-failures' field.\";\
                        \n          fi;\
                        \n          test \"$pkg\" != 'reason-react.0.12.0' && partial_fails=\"$partial_fails $pkg\";\
                        \n        done;\
                        \n        test \"${partial_fails}\" != \"\" && echo \"opam-repo-ci detected dependencies failing: ${partial_fails}\";\
                        \n        exit 1"))[0m
[ERROR] Sorry, resolution of the request timed out.
        Try to specify a more precise request, use a different solver, or increase the allowed time by setting OPAMSOLVERTIMEOUT to a bigger value (currently, it is set to 500.0 seconds).
'opam reinstall --with-test --verbose reason-react.0.12.0' failed.
"/usr/bin/env" "bash" "-c" "opam reinstall --with-test --verbose reason-react.0.12.0;
        res=$?;
        test "$res" != 31 && exit "$res";
        export OPAMCLI=2.0;
        build_dir=$(opam var prefix)/.opam-switch/build;
        failed=$(ls "$build_dir");
        partial_fails="";
        for pkg in $failed; do
          if opam show -f x-ci-accept-failures: "$pkg" | grep -qF "\"debian-12\""; then
            echo "A package failed and has been disabled for CI using the 'x-ci-accept-failures' field.";
          fi;
          test "$pkg" != 'reason-react.0.12.0' && partial_fails="$partial_fails $pkg";
        done;
        test "${partial_fails}" != "" && echo "opam-repo-ci detected dependencies failing: ${partial_fails}";
        exit 1" failed with exit status 60
2024-05-24 08:34.44: Job failed: Failed: Build failed
2024-05-24 08:34.44: Log analysis:
2024-05-24 08:34.44: >>> 
[ERROR] Sorry, resolution of the request timed out.
 (score = 20)
2024-05-24 08:34.44: >>> 
[ERROR] Sorry, resolution of the request timed out.
 (score = 20)
2024-05-24 08:34.44: Sorry, resolution of the request timed out.
