2024-06-16 10:52.38: New job: test git-kv.0.0.2 with eqaf.0.10, using opam dev
                              from https://github.com/ocaml/opam-repository.git#refs/pull/26094/head (c2ffca9c419985ae9191e0c272f33654d46a8eac)
                              on debian-12-ocaml-5.2/amd64

To reproduce locally:

cd $(mktemp -d)
git clone --recursive "https://github.com/ocaml/opam-repository.git" && cd "opam-repository" && git fetch origin "refs/pull/26094/head" && git reset --hard c2ffca9c
git fetch origin master
git merge --no-edit b6de4bb8dee70812d424cc3121b00a1e03b2b447
cat > ../Dockerfile <<'END-OF-DOCKERFILE'
[34mFROM ocaml/opam:debian-12-ocaml-5.2@sha256:12df694d8961e9d2889415e9f52914c529db83d399156ead1a40943939257d06
USER 1000:1000
WORKDIR /home/opam
RUN sudo ln -f /usr/bin/opam-dev /usr/bin/opam
RUN opam init --reinit -ni
RUN uname -rs && opam exec -- ocaml -version && opam --version
ENV OPAMDOWNLOADJOBS="1"
ENV OPAMERRLOGLEN="0"
ENV OPAMSOLVERTIMEOUT="500"
ENV OPAMPRECISETRACKING="1"
ENV CI="true"
ENV OPAM_REPO_CI="true"
RUN rm -rf opam-repository/
COPY --chown=1000:1000 . opam-repository/
RUN opam repository set-url --strict default opam-repository/
RUN opam update --depexts || true
RUN opam pin add -k version -yn eqaf.0.10 0.10
RUN opam reinstall eqaf.0.10; \
    res=$?; \
    test "$res" != 31 && exit "$res"; \
    export OPAMCLI=2.0; \
    build_dir=$(opam var prefix)/.opam-switch/build; \
    failed=$(ls "$build_dir"); \
    partial_fails=""; \
    for pkg in $failed; do \
    if opam show -f x-ci-accept-failures: "$pkg" | grep -qF "\"debian-12\""; then \
    echo "A package failed and has been disabled for CI using the 'x-ci-accept-failures' field."; \
    fi; \
    test "$pkg" != 'eqaf.0.10' && partial_fails="$partial_fails $pkg"; \
    done; \
    test "${partial_fails}" != "" && echo "opam-repo-ci detected dependencies failing: ${partial_fails}"; \
    exit 1
RUN opam reinstall git-kv.0.0.2; \
    res=$?; \
    test "$res" != 31 && exit "$res"; \
    export OPAMCLI=2.0; \
    build_dir=$(opam var prefix)/.opam-switch/build; \
    failed=$(ls "$build_dir"); \
    partial_fails=""; \
    for pkg in $failed; do \
    if opam show -f x-ci-accept-failures: "$pkg" | grep -qF "\"debian-12\""; then \
    echo "A package failed and has been disabled for CI using the 'x-ci-accept-failures' field."; \
    fi; \
    test "$pkg" != 'git-kv.0.0.2' && partial_fails="$partial_fails $pkg"; \
    done; \
    test "${partial_fails}" != "" && echo "opam-repo-ci detected dependencies failing: ${partial_fails}"; \
    exit 1
RUN (opam reinstall --with-test git-kv.0.0.2) || true
RUN opam reinstall --with-test --verbose git-kv.0.0.2; \
    res=$?; \
    test "$res" != 31 && exit "$res"; \
    export OPAMCLI=2.0; \
    build_dir=$(opam var prefix)/.opam-switch/build; \
    failed=$(ls "$build_dir"); \
    partial_fails=""; \
    for pkg in $failed; do \
    if opam show -f x-ci-accept-failures: "$pkg" | grep -qF "\"debian-12\""; then \
    echo "A package failed and has been disabled for CI using the 'x-ci-accept-failures' field."; \
    fi; \
    test "$pkg" != 'git-kv.0.0.2' && partial_fails="$partial_fails $pkg"; \
    done; \
    test "${partial_fails}" != "" && echo "opam-repo-ci detected dependencies failing: ${partial_fails}"; \
    exit 1
[0m
END-OF-DOCKERFILE
docker build -f ../Dockerfile .

2024-06-16 10:52.38: Using cache hint "ocaml/opam:debian-12-ocaml-5.2@sha256:12df694d8961e9d2889415e9f52914c529db83d399156ead1a40943939257d06-eqaf.0.10-git-kv.0.0.2-c2ffca9c419985ae9191e0c272f33654d46a8eac"
2024-06-16 10:52.38: Using OBuilder spec:
((from ocaml/opam:debian-12-ocaml-5.2@sha256:12df694d8961e9d2889415e9f52914c529db83d399156ead1a40943939257d06)
 (user (uid 1000) (gid 1000))
 (workdir /home/opam)
 (run (shell "sudo ln -f /usr/bin/opam-dev /usr/bin/opam"))
 (run (network host)
      (shell "opam init --reinit --config .opamrc-sandbox -ni"))
 (run (shell "uname -rs && opam exec -- ocaml -version && opam --version"))
 (env OPAMDOWNLOADJOBS 1)
 (env OPAMERRLOGLEN 0)
 (env OPAMSOLVERTIMEOUT 500)
 (env OPAMPRECISETRACKING 1)
 (env CI true)
 (env OPAM_REPO_CI true)
 (run (shell "rm -rf opam-repository/"))
 (copy (src .) (dst opam-repository/))
 (run (shell "opam repository set-url --strict default opam-repository/"))
 (run (network host)
      (shell "opam update --depexts || true"))
 (run (shell "opam pin add -k version -yn eqaf.0.10 0.10"))
 (run (cache (opam-archives (target /home/opam/.opam/download-cache)))
      (network host)
      (shell  "opam reinstall eqaf.0.10;\
             \n        res=$?;\
             \n        test \"$res\" != 31 && exit \"$res\";\
             \n        export OPAMCLI=2.0;\
             \n        build_dir=$(opam var prefix)/.opam-switch/build;\
             \n        failed=$(ls \"$build_dir\");\
             \n        partial_fails=\"\";\
             \n        for pkg in $failed; do\
             \n          if opam show -f x-ci-accept-failures: \"$pkg\" | grep -qF \"\\\"debian-12\\\"\"; then\
             \n            echo \"A package failed and has been disabled for CI using the 'x-ci-accept-failures' field.\";\
             \n          fi;\
             \n          test \"$pkg\" != 'eqaf.0.10' && partial_fails=\"$partial_fails $pkg\";\
             \n        done;\
             \n        test \"${partial_fails}\" != \"\" && echo \"opam-repo-ci detected dependencies failing: ${partial_fails}\";\
             \n        exit 1"))
 (run (cache (opam-archives (target /home/opam/.opam/download-cache)))
      (network host)
      (shell  "opam reinstall git-kv.0.0.2;\
             \n        res=$?;\
             \n        test \"$res\" != 31 && exit \"$res\";\
             \n        export OPAMCLI=2.0;\
             \n        build_dir=$(opam var prefix)/.opam-switch/build;\
             \n        failed=$(ls \"$build_dir\");\
             \n        partial_fails=\"\";\
             \n        for pkg in $failed; do\
             \n          if opam show -f x-ci-accept-failures: \"$pkg\" | grep -qF \"\\\"debian-12\\\"\"; then\
             \n            echo \"A package failed and has been disabled for CI using the 'x-ci-accept-failures' field.\";\
             \n          fi;\
             \n          test \"$pkg\" != 'git-kv.0.0.2' && partial_fails=\"$partial_fails $pkg\";\
             \n        done;\
             \n        test \"${partial_fails}\" != \"\" && echo \"opam-repo-ci detected dependencies failing: ${partial_fails}\";\
             \n        exit 1"))
 (run (network host)
      (shell "(opam reinstall --with-test git-kv.0.0.2) || true"))
 (run (shell  "opam reinstall --with-test --verbose git-kv.0.0.2;\
             \n        res=$?;\
             \n        test \"$res\" != 31 && exit \"$res\";\
             \n        export OPAMCLI=2.0;\
             \n        build_dir=$(opam var prefix)/.opam-switch/build;\
             \n        failed=$(ls \"$build_dir\");\
             \n        partial_fails=\"\";\
             \n        for pkg in $failed; do\
             \n          if opam show -f x-ci-accept-failures: \"$pkg\" | grep -qF \"\\\"debian-12\\\"\"; then\
             \n            echo \"A package failed and has been disabled for CI using the 'x-ci-accept-failures' field.\";\
             \n          fi;\
             \n          test \"$pkg\" != 'git-kv.0.0.2' && partial_fails=\"$partial_fails $pkg\";\
             \n        done;\
             \n        test \"${partial_fails}\" != \"\" && echo \"opam-repo-ci detected dependencies failing: ${partial_fails}\";\
             \n        exit 1"))
)

2024-06-16 10:52.38: Waiting for resource in pool OCluster
2024-06-16 11:15.12: Waiting for worker…
2024-06-16 11:18.39: Got resource from pool OCluster
Building on x86-bm-c8.sw.ocaml.org
All commits already cached
HEAD is now at b6de4bb8de Merge pull request #26056 from raphael-proust/opam-publish-aches-aches-lwt-ringo.1.1.0
Updating b6de4bb8de..c2ffca9c41
Fast-forward
 packages/eqaf-cstruct/eqaf-cstruct.0.10/opam | 32 +++++++++++++++++++++++++
 packages/eqaf/eqaf.0.10/opam                 | 36 ++++++++++++++++++++++++++++
 2 files changed, 68 insertions(+)
 create mode 100644 packages/eqaf-cstruct/eqaf-cstruct.0.10/opam
 create mode 100644 packages/eqaf/eqaf.0.10/opam

[01;34m(from ocaml/opam:debian-12-ocaml-5.2@sha256:12df694d8961e9d2889415e9f52914c529db83d399156ead1a40943939257d06)[0m
Unable to find image 'ocaml/opam:debian-12-ocaml-5.2@sha256:12df694d8961e9d2889415e9f52914c529db83d399156ead1a40943939257d06' locally
docker.io/ocaml/opam@sha256:12df694d8961e9d2889415e9f52914c529db83d399156ead1a40943939257d06: Pulling from ocaml/opam
c36b28edeaf5: Pulling fs layer
c36b28edeaf5: Verifying Checksum
c36b28edeaf5: Download complete
c36b28edeaf5: Pull complete
Digest: sha256:12df694d8961e9d2889415e9f52914c529db83d399156ead1a40943939257d06
Status: Downloaded newer image for ocaml/opam@sha256:12df694d8961e9d2889415e9f52914c529db83d399156ead1a40943939257d06
[01;2m[01;35m2024-06-16 11:20.29 ---> saved as "cd5e28c7764350a015cf18513c5962c60f452082d33e091e5bfc48530437f838"[0m

[01;34m/: (user (uid 1000) (gid 1000))[0m

[01;34m/: (workdir /home/opam)[0m

[01;34m/home/opam: (run (shell "sudo ln -f /usr/bin/opam-dev /usr/bin/opam"))[0m
[01;2m[01;35m2024-06-16 11:20.29 ---> saved as "47c9e98159058b7ff26e06578519f2baedc4d726bec0ba50f25ca39612ec54ef"[0m

[01;34m/home/opam: (run (network host)
                 (shell "opam init --reinit --config .opamrc-sandbox -ni"))[0m
Configuring from /home/opam/.opamrc-sandbox, then /home/opam/.opamrc, and finally from built-in defaults.
Checking for available remotes: rsync and local, git.
  - you won't be able to use mercurial repositories unless you install the hg command on your system.
  - you won't be able to use darcs repositories unless you install the darcs command on your system.

This development version of opam requires an update to the layout of /home/opam/.opam from version 2.0 to version 2.2~beta, which can't be reverted.
You may want to back it up before going further.

Continue? [y/n] y
[NOTE] The 'jobs' option was reset, its value was 39 and its new value will vary according to the current number of cores on your machine. You can restore the fixed value using:
           opam option jobs=39 --global
Format upgrade done.

<><> Updating repositories ><><><><><><><><><><><><><><><><><><><><><><><><><><>
[default] synchronised from file:///home/opam/opam-repository
[01;2m[01;35m2024-06-16 11:21.55 ---> saved as "ec01f7f6dc4ff17ecc7a01d6c1874f0829ee46cbdd1571dd209843e4cd365ff9"[0m

[01;34m/home/opam: (run (shell "uname -rs && opam exec -- ocaml -version && opam --version"))[0m
Linux 5.15.0-112-generic
The OCaml toplevel, version 5.2.0
2.2.0~beta3~dev
[01;2m[01;35m2024-06-16 11:21.55 ---> saved as "32231f0345c7eb2667d6e320919f35cb498c4f7019083cbe672c10f8da45dfbf"[0m

[01;34m/home/opam: (env OPAMDOWNLOADJOBS 1)[0m

[01;34m/home/opam: (env OPAMERRLOGLEN 0)[0m

[01;34m/home/opam: (env OPAMSOLVERTIMEOUT 500)[0m

[01;34m/home/opam: (env OPAMPRECISETRACKING 1)[0m

[01;34m/home/opam: (env CI true)[0m

[01;34m/home/opam: (env OPAM_REPO_CI true)[0m

[01;34m/home/opam: (run (shell "rm -rf opam-repository/"))[0m
[01;2m[01;35m2024-06-16 11:22.16 ---> saved as "fe13381ff52ef5941d917a950fe35dd5494baf7fc6a9f98f408c47887d6dfdb2"[0m

[01;34m/home/opam: (copy (src .) (dst opam-repository/))[0m
[01;2m[01;35m2024-06-16 11:22.30 ---> saved as "18c9bbf8fe2f520a678cbb0a05dcebd2a4369e6e6a0d52119d33f59acf8982d0"[0m

[01;34m/home/opam: (run (shell "opam repository set-url --strict default opam-repository/"))[0m
[default] Initialised
[01;2m[01;35m2024-06-16 11:23.42 ---> saved as "4bf899b6301b56592cbe59ef896e45185995f606265dba71364a06ac3f6017fa"[0m

[01;34m/home/opam: (run (network host)
                 (shell "opam update --depexts || true"))[0m
+ /usr/bin/sudo "apt-get" "update"
- Hit:1 http://deb.debian.org/debian bookworm InRelease
- Get:2 http://deb.debian.org/debian bookworm-updates InRelease [55.4 kB]
- Get:3 http://deb.debian.org/debian-security bookworm-security InRelease [48.0 kB]
- Get:4 http://deb.debian.org/debian-security bookworm-security/main amd64 Packages [160 kB]
- Fetched 263 kB in 0s (1149 kB/s)
- Reading package lists...
[01;2m[01;35m2024-06-16 11:23.42 ---> saved as "ae0ce497f9cf662f708376626a021020bb8dff675c2c0f7ec905c9b2c3bd440f"[0m

[01;34m/home/opam: (run (shell "opam pin add -k version -yn eqaf.0.10 0.10"))[0m
eqaf is now pinned to version 0.10
[01;2m[01;35m2024-06-16 11:23.43 ---> saved as "1c0428c54cb685e188186ad24bafb81922c8da76e025b015d1d18b573c2df2e9"[0m

[01;34m/home/opam: (run (cache (opam-archives (target /home/opam/.opam/download-cache)))
                 (network host)
                 (shell  "opam reinstall eqaf.0.10;\
                        \n        res=$?;\
                        \n        test \"$res\" != 31 && exit \"$res\";\
                        \n        export OPAMCLI=2.0;\
                        \n        build_dir=$(opam var prefix)/.opam-switch/build;\
                        \n        failed=$(ls \"$build_dir\");\
                        \n        partial_fails=\"\";\
                        \n        for pkg in $failed; do\
                        \n          if opam show -f x-ci-accept-failures: \"$pkg\" | grep -qF \"\\\"debian-12\\\"\"; then\
                        \n            echo \"A package failed and has been disabled for CI using the 'x-ci-accept-failures' field.\";\
                        \n          fi;\
                        \n          test \"$pkg\" != 'eqaf.0.10' && partial_fails=\"$partial_fails $pkg\";\
                        \n        done;\
                        \n        test \"${partial_fails}\" != \"\" && echo \"opam-repo-ci detected dependencies failing: ${partial_fails}\";\
                        \n        exit 1"))[0m
eqaf.0.10 is not installed. Install it? [y/n] y
The following actions will be performed:
=== recompile 6 packages
  - recompile base-domains        base           [uses ocaml]
  - recompile base-nnp            base           [uses base-domains]
  - recompile ocaml               5.2.0          [upstream or system changes]
  - recompile ocaml-base-compiler 5.2.0 (pinned) [upstream or system changes]
  - recompile ocaml-config        3              [uses ocaml-base-compiler]
  - recompile opam-depext         1.2.1-1        [uses ocaml]
=== install 4 packages
  - install   dune                3.15.3         [required by eqaf]
  - install   eqaf                0.10 (pinned)
  - install   host-arch-x86_64    1
  - install   host-system-other   1

<><> Processing actions <><><><><><><><><><><><><><><><><><><><><><><><><><><><>
-> retrieved dune.3.15.3  (cached)
-> retrieved eqaf.0.10  (cached)
-> installed host-arch-x86_64.1
-> installed host-system-other.1
-> retrieved ocaml-base-compiler.5.2.0  (cached)
-> retrieved ocaml-config.3  (cached)
-> retrieved opam-depext.1.2.1-1  (cached)
-> removed   base-nnp.base
-> removed   base-domains.base
-> removed   opam-depext.1.2.1-1
-> removed   ocaml.5.2.0
-> removed   ocaml-config.3
-> removed   ocaml-base-compiler.5.2.0
-> installed ocaml-base-compiler.5.2.0
-> installed ocaml-config.3
-> installed ocaml.5.2.0
-> installed base-domains.base
-> installed base-nnp.base
-> installed opam-depext.1.2.1-1
-> installed dune.3.15.3
-> installed eqaf.0.10
Done.

<><> opam-depext.1.2.1-1 installed successfully <><><><><><><><><><><><><><><><>
=> opam-depext is unnecessary when used with opam >= 2.1. Please use opam install directly instead
# Run eval $(opam env) to update the current shell environment
[01;2m[01;35m2024-06-16 11:29.06 ---> saved as "0db8c9d439d26183bdb470d04989c890785faf0c75dec53da30b54195ce83cb1"[0m

[01;34m/home/opam: (run (cache (opam-archives (target /home/opam/.opam/download-cache)))
                 (network host)
                 (shell  "opam reinstall git-kv.0.0.2;\
                        \n        res=$?;\
                        \n        test \"$res\" != 31 && exit \"$res\";\
                        \n        export OPAMCLI=2.0;\
                        \n        build_dir=$(opam var prefix)/.opam-switch/build;\
                        \n        failed=$(ls \"$build_dir\");\
                        \n        partial_fails=\"\";\
                        \n        for pkg in $failed; do\
                        \n          if opam show -f x-ci-accept-failures: \"$pkg\" | grep -qF \"\\\"debian-12\\\"\"; then\
                        \n            echo \"A package failed and has been disabled for CI using the 'x-ci-accept-failures' field.\";\
                        \n          fi;\
                        \n          test \"$pkg\" != 'git-kv.0.0.2' && partial_fails=\"$partial_fails $pkg\";\
                        \n        done;\
                        \n        test \"${partial_fails}\" != \"\" && echo \"opam-repo-ci detected dependencies failing: ${partial_fails}\";\
                        \n        exit 1"))[0m
git-kv.0.0.2 is not installed. Install it? [y/n] y
The following actions will be performed:
=== install 51 packages
  - install angstrom           0.16.0 [required by git]
  - install astring            0.8.5  [required by git]
  - install base-bytes         base   [required by ocplib-endian]
  - install base64             3.5.1  [required by git]
  - install bigstringaf        0.9.1  [required by carton, git]
  - install bos                0.2.1  [required by carton]
  - install carton             0.7.2  [required by git-kv]
  - install carton-git         0.7.2  [required by git]
  - install carton-lwt         0.7.2  [required by git]
  - install checkseum          0.5.2  [required by carton, git]
  - install cmdliner           1.3.0  [required by carton]
  - install cppo               1.6.9  [required by lwt]
  - install csexp              1.5.2  [required by dune-configurator]
  - install cstruct            6.2.0  [required by carton, git]
  - install decompress         1.5.3  [required by carton, git]
  - install digestif           1.2.0  [required by carton, git]
  - install domain-name        0.4.0  [required by git]
  - install duff               0.5    [required by carton]
  - install dune-configurator  3.15.3 [required by checkseum, bigstringaf, hxd]
  - install emile              1.1    [required by git]
  - install encore             0.8    [required by git]
  - install fmt                0.9.0  [required by git-kv]
  - install fpath              0.7.3  [required by carton, git]
  - install git                3.16.1 [required by git-kv]
  - install git-kv             0.0.2
  - install hxd                0.3.2  [required by carton, git]
  - install ipaddr             5.6.0  [required by git]
  - install ke                 0.6    [required by carton, git]
  - install logs               0.7.0  [required by carton, git]
  - install lwt                5.7.0  [required by git, mirage-kv]
  - install macaddr            5.6.0  [required by ipaddr]
  - install mimic              0.0.8  [required by git]
  - install mirage-clock       4.2.0  [required by git-kv]
  - install mirage-flow        4.0.2  [required by git]
  - install mirage-kv          6.1.1  [required by git-kv]
  - install ocaml-syntax-shims 1.0.0  [required by angstrom]
  - install ocamlbuild         0.14.3 [required by bos, ptime]
  - install ocamlfind          1.9.6  [required by bos, ptime]
  - install ocamlgraph         2.1.0  [required by git]
  - install ocplib-endian      1.2    [required by lwt]
  - install optint             0.3.0  [required by git, carton, mirage-kv]
  - install pecu               0.7    [required by emile]
  - install psq                0.2.1  [required by carton, git]
  - install ptime              1.1.0  [required by git-kv]
  - install rresult            0.7.0  [required by git]
  - install seq                base   [required by psq]
  - install stdlib-shims       0.3.0  [required by ocamlgraph]
  - install stringext          1.6.0  [required by uri]
  - install topkg              1.0.7  [required by bos, ptime]
  - install uri                4.4.0  [required by git]
  - install uutf               1.0.3  [required by emile]

<><> Processing actions <><><><><><><><><><><><><><><><><><><><><><><><><><><><>
-> retrieved angstrom.0.16.0  (cached)
-> retrieved astring.0.8.5  (cached)
-> retrieved base64.3.5.1  (cached)
-> retrieved bigstringaf.0.9.1  (cached)
-> retrieved bos.0.2.1  (cached)
-> retrieved carton.0.7.2, carton-git.0.7.2, carton-lwt.0.7.2  (cached)
-> retrieved checkseum.0.5.2  (cached)
-> retrieved cmdliner.1.3.0  (cached)
-> retrieved cppo.1.6.9  (cached)
-> retrieved csexp.1.5.2  (cached)
-> retrieved cstruct.6.2.0  (cached)
-> installed csexp.1.5.2
-> retrieved decompress.1.5.3  (cached)
-> installed base64.3.5.1
-> retrieved digestif.1.2.0  (cached)
-> retrieved domain-name.0.4.0  (cached)
-> retrieved duff.0.5  (cached)
-> installed cppo.1.6.9
-> installed domain-name.0.4.0
-> retrieved dune-configurator.3.15.3  (cached)
-> installed digestif.1.2.0
-> retrieved emile.1.1  (cached)
-> retrieved encore.0.8  (cached)
-> retrieved fmt.0.9.0  (cached)
-> retrieved fpath.0.7.3  (cached)
-> retrieved git.3.16.1  (cached)
-> installed cmdliner.1.3.0
-> retrieved git-kv.0.0.2  (https://github.com/robur-coop/git-kv/releases/download/v0.0.2/git-kv-0.0.2.tbz)
-> retrieved hxd.0.3.2  (cached)
-> retrieved ipaddr.5.6.0, macaddr.5.6.0  (cached)
-> retrieved ke.0.6  (cached)
-> retrieved logs.0.7.0  (cached)
-> retrieved lwt.5.7.0  (cached)
-> retrieved mimic.0.0.8  (cached)
-> retrieved mirage-clock.4.2.0  (cached)
-> retrieved mirage-flow.4.0.2  (cached)
-> retrieved mirage-kv.6.1.1  (cached)
-> retrieved ocaml-syntax-shims.1.0.0  (cached)
-> retrieved ocamlbuild.0.14.3  (cached)
-> installed macaddr.5.6.0
-> installed mirage-clock.4.2.0
-> retrieved ocamlfind.1.9.6  (cached)
-> retrieved ocamlgraph.2.1.0  (cached)
-> retrieved ocplib-endian.1.2  (cached)
-> retrieved optint.0.3.0  (cached)
-> retrieved pecu.0.7  (cached)
-> retrieved psq.0.2.1  (cached)
-> retrieved ptime.1.1.0  (cached)
-> retrieved rresult.0.7.0  (cached)
-> retrieved seq.base  (cached)
-> installed seq.base
-> retrieved stdlib-shims.0.3.0  (cached)
-> retrieved stringext.1.6.0  (cached)
-> retrieved topkg.1.0.7  (cached)
-> retrieved uri.4.4.0  (cached)
-> retrieved uutf.1.0.3  (cached)
-> installed pecu.0.7
-> installed stringext.1.6.0
-> installed stdlib-shims.0.3.0
-> installed dune-configurator.3.15.3
-> installed ipaddr.5.6.0
-> installed optint.0.3.0
-> installed psq.0.2.1
-> installed ocaml-syntax-shims.1.0.0
-> installed bigstringaf.0.9.1
-> installed checkseum.0.5.2
-> installed angstrom.0.16.0
-> installed ocamlgraph.2.1.0
-> installed decompress.1.5.3
-> installed ocamlfind.1.9.6
-> installed base-bytes.base
-> installed uri.4.4.0
-> installed ocplib-endian.1.2
-> installed ocamlbuild.0.14.3
-> installed lwt.5.7.0
-> installed hxd.0.3.2
-> installed topkg.1.0.7
-> installed rresult.0.7.0
-> installed uutf.1.0.3
-> installed ptime.1.1.0
-> installed fmt.0.9.0
-> installed astring.0.8.5
-> installed emile.1.1
-> installed mirage-kv.6.1.1
-> installed duff.0.5
-> installed ke.0.6
-> installed encore.0.8
-> installed cstruct.6.2.0
-> installed mirage-flow.4.0.2
-> installed fpath.0.7.3
-> installed logs.0.7.0
-> installed mimic.0.0.8
-> installed bos.0.2.1
-> installed carton.0.7.2
-> installed carton-lwt.0.7.2
-> installed carton-git.0.7.2
-> installed git.3.16.1
-> installed git-kv.0.0.2
Done.
# Run eval $(opam env) to update the current shell environment
[01;2m[01;35m2024-06-16 11:30.32 ---> saved as "bb09aea5449ac1efb5bde6941ee309e2dc4b8464f5642166d0f9d5087fd13a2d"[0m

[01;34m/home/opam: (run (network host)
                 (shell "(opam reinstall --with-test git-kv.0.0.2) || true"))[0m
[ERROR] Sorry, resolution of the request timed out.
        Try to specify a more precise request, use a different solver, or increase the allowed time by setting OPAMSOLVERTIMEOUT to a bigger value (currently, it is set to 500.0 seconds).
[01;2m[01;35m2024-06-16 11:39.18 ---> saved as "aa2a4f1836b0b5721a6417787c5802088039b33f20885da64ec3b510b2553147"[0m

[01;34m/home/opam: (run (shell  "opam reinstall --with-test --verbose git-kv.0.0.2;\
                        \n        res=$?;\
                        \n        test \"$res\" != 31 && exit \"$res\";\
                        \n        export OPAMCLI=2.0;\
                        \n        build_dir=$(opam var prefix)/.opam-switch/build;\
                        \n        failed=$(ls \"$build_dir\");\
                        \n        partial_fails=\"\";\
                        \n        for pkg in $failed; do\
                        \n          if opam show -f x-ci-accept-failures: \"$pkg\" | grep -qF \"\\\"debian-12\\\"\"; then\
                        \n            echo \"A package failed and has been disabled for CI using the 'x-ci-accept-failures' field.\";\
                        \n          fi;\
                        \n          test \"$pkg\" != 'git-kv.0.0.2' && partial_fails=\"$partial_fails $pkg\";\
                        \n        done;\
                        \n        test \"${partial_fails}\" != \"\" && echo \"opam-repo-ci detected dependencies failing: ${partial_fails}\";\
                        \n        exit 1"))[0m
[ERROR] Sorry, resolution of the request timed out.
        Try to specify a more precise request, use a different solver, or increase the allowed time by setting OPAMSOLVERTIMEOUT to a bigger value (currently, it is set to 500.0 seconds).
'opam reinstall --with-test --verbose git-kv.0.0.2' failed.
"/usr/bin/env" "bash" "-c" "opam reinstall --with-test --verbose git-kv.0.0.2;
        res=$?;
        test "$res" != 31 && exit "$res";
        export OPAMCLI=2.0;
        build_dir=$(opam var prefix)/.opam-switch/build;
        failed=$(ls "$build_dir");
        partial_fails="";
        for pkg in $failed; do
          if opam show -f x-ci-accept-failures: "$pkg" | grep -qF "\"debian-12\""; then
            echo "A package failed and has been disabled for CI using the 'x-ci-accept-failures' field.";
          fi;
          test "$pkg" != 'git-kv.0.0.2' && partial_fails="$partial_fails $pkg";
        done;
        test "${partial_fails}" != "" && echo "opam-repo-ci detected dependencies failing: ${partial_fails}";
        exit 1" failed with exit status 60
2024-06-16 11:48.14: Job failed: Failed: Build failed
2024-06-16 11:48.14: Log analysis:
2024-06-16 11:48.14: >>> 
[ERROR] Sorry, resolution of the request timed out.
 (score = 20)
2024-06-16 11:48.14: >>> 
[ERROR] Sorry, resolution of the request timed out.
 (score = 20)
2024-06-16 11:48.14: Sorry, resolution of the request timed out.
