2024-05-30 00:11.51: New job: test plotkicadsch.0.9.0 with dns.8.0.0, using opam dev
                              from https://github.com/ocaml/opam-repository.git#refs/pull/25965/head (23874db61629686ac4e2668276afbdd82409815f)
                              on debian-12-ocaml-4.14/amd64

To reproduce locally:

cd $(mktemp -d)
git clone --recursive "https://github.com/ocaml/opam-repository.git" && cd "opam-repository" && git fetch origin "refs/pull/25965/head" && git reset --hard 23874db6
git fetch origin master
git merge --no-edit 0b9453aa6048fe22dfdf9af320fe1dd40296d350
cat > ../Dockerfile <<'END-OF-DOCKERFILE'
[34mFROM ocaml/opam:debian-12-ocaml-4.14@sha256:2ba69112cb856b702920b505b82a8fab331d2c9d9406c7f3b9f4adb73637666c
USER 1000:1000
WORKDIR /home/opam
RUN sudo ln -f /usr/bin/opam-dev /usr/bin/opam
RUN opam init --reinit -ni
RUN uname -rs && opam exec -- ocaml -version && opam --version
ENV OPAMDOWNLOADJOBS="1"
ENV OPAMERRLOGLEN="0"
ENV OPAMSOLVERTIMEOUT="500"
ENV OPAMPRECISETRACKING="1"
ENV CI="true"
ENV OPAM_REPO_CI="true"
RUN rm -rf opam-repository/
COPY --chown=1000:1000 . opam-repository/
RUN opam repository set-url --strict default opam-repository/
RUN opam update --depexts || true
RUN opam pin add -k version -yn dns.8.0.0 8.0.0
RUN opam reinstall dns.8.0.0; \
    res=$?; \
    test "$res" != 31 && exit "$res"; \
    export OPAMCLI=2.0; \
    build_dir=$(opam var prefix)/.opam-switch/build; \
    failed=$(ls "$build_dir"); \
    partial_fails=""; \
    for pkg in $failed; do \
    if opam show -f x-ci-accept-failures: "$pkg" | grep -qF "\"debian-12\""; then \
    echo "A package failed and has been disabled for CI using the 'x-ci-accept-failures' field."; \
    fi; \
    test "$pkg" != 'dns.8.0.0' && partial_fails="$partial_fails $pkg"; \
    done; \
    test "${partial_fails}" != "" && echo "opam-repo-ci detected dependencies failing: ${partial_fails}"; \
    exit 1
RUN opam reinstall plotkicadsch.0.9.0; \
    res=$?; \
    test "$res" != 31 && exit "$res"; \
    export OPAMCLI=2.0; \
    build_dir=$(opam var prefix)/.opam-switch/build; \
    failed=$(ls "$build_dir"); \
    partial_fails=""; \
    for pkg in $failed; do \
    if opam show -f x-ci-accept-failures: "$pkg" | grep -qF "\"debian-12\""; then \
    echo "A package failed and has been disabled for CI using the 'x-ci-accept-failures' field."; \
    fi; \
    test "$pkg" != 'plotkicadsch.0.9.0' && partial_fails="$partial_fails $pkg"; \
    done; \
    test "${partial_fails}" != "" && echo "opam-repo-ci detected dependencies failing: ${partial_fails}"; \
    exit 1
RUN (opam reinstall --with-test plotkicadsch.0.9.0) || true
RUN opam reinstall --with-test --verbose plotkicadsch.0.9.0; \
    res=$?; \
    test "$res" != 31 && exit "$res"; \
    export OPAMCLI=2.0; \
    build_dir=$(opam var prefix)/.opam-switch/build; \
    failed=$(ls "$build_dir"); \
    partial_fails=""; \
    for pkg in $failed; do \
    if opam show -f x-ci-accept-failures: "$pkg" | grep -qF "\"debian-12\""; then \
    echo "A package failed and has been disabled for CI using the 'x-ci-accept-failures' field."; \
    fi; \
    test "$pkg" != 'plotkicadsch.0.9.0' && partial_fails="$partial_fails $pkg"; \
    done; \
    test "${partial_fails}" != "" && echo "opam-repo-ci detected dependencies failing: ${partial_fails}"; \
    exit 1
[0m
END-OF-DOCKERFILE
docker build -f ../Dockerfile .

2024-05-30 00:11.51: Using cache hint "ocaml/opam:debian-12-ocaml-4.14@sha256:2ba69112cb856b702920b505b82a8fab331d2c9d9406c7f3b9f4adb73637666c-dns.8.0.0-plotkicadsch.0.9.0-23874db61629686ac4e2668276afbdd82409815f"
2024-05-30 00:11.51: Using OBuilder spec:
((from ocaml/opam:debian-12-ocaml-4.14@sha256:2ba69112cb856b702920b505b82a8fab331d2c9d9406c7f3b9f4adb73637666c)
 (user (uid 1000) (gid 1000))
 (workdir /home/opam)
 (run (shell "sudo ln -f /usr/bin/opam-dev /usr/bin/opam"))
 (run (network host)
      (shell "opam init --reinit --config .opamrc-sandbox -ni"))
 (run (shell "uname -rs && opam exec -- ocaml -version && opam --version"))
 (env OPAMDOWNLOADJOBS 1)
 (env OPAMERRLOGLEN 0)
 (env OPAMSOLVERTIMEOUT 500)
 (env OPAMPRECISETRACKING 1)
 (env CI true)
 (env OPAM_REPO_CI true)
 (run (shell "rm -rf opam-repository/"))
 (copy (src .) (dst opam-repository/))
 (run (shell "opam repository set-url --strict default opam-repository/"))
 (run (network host)
      (shell "opam update --depexts || true"))
 (run (shell "opam pin add -k version -yn dns.8.0.0 8.0.0"))
 (run (cache (opam-archives (target /home/opam/.opam/download-cache)))
      (network host)
      (shell  "opam reinstall dns.8.0.0;\
             \n        res=$?;\
             \n        test \"$res\" != 31 && exit \"$res\";\
             \n        export OPAMCLI=2.0;\
             \n        build_dir=$(opam var prefix)/.opam-switch/build;\
             \n        failed=$(ls \"$build_dir\");\
             \n        partial_fails=\"\";\
             \n        for pkg in $failed; do\
             \n          if opam show -f x-ci-accept-failures: \"$pkg\" | grep -qF \"\\\"debian-12\\\"\"; then\
             \n            echo \"A package failed and has been disabled for CI using the 'x-ci-accept-failures' field.\";\
             \n          fi;\
             \n          test \"$pkg\" != 'dns.8.0.0' && partial_fails=\"$partial_fails $pkg\";\
             \n        done;\
             \n        test \"${partial_fails}\" != \"\" && echo \"opam-repo-ci detected dependencies failing: ${partial_fails}\";\
             \n        exit 1"))
 (run (cache (opam-archives (target /home/opam/.opam/download-cache)))
      (network host)
      (shell  "opam reinstall plotkicadsch.0.9.0;\
             \n        res=$?;\
             \n        test \"$res\" != 31 && exit \"$res\";\
             \n        export OPAMCLI=2.0;\
             \n        build_dir=$(opam var prefix)/.opam-switch/build;\
             \n        failed=$(ls \"$build_dir\");\
             \n        partial_fails=\"\";\
             \n        for pkg in $failed; do\
             \n          if opam show -f x-ci-accept-failures: \"$pkg\" | grep -qF \"\\\"debian-12\\\"\"; then\
             \n            echo \"A package failed and has been disabled for CI using the 'x-ci-accept-failures' field.\";\
             \n          fi;\
             \n          test \"$pkg\" != 'plotkicadsch.0.9.0' && partial_fails=\"$partial_fails $pkg\";\
             \n        done;\
             \n        test \"${partial_fails}\" != \"\" && echo \"opam-repo-ci detected dependencies failing: ${partial_fails}\";\
             \n        exit 1"))
 (run (network host)
      (shell "(opam reinstall --with-test plotkicadsch.0.9.0) || true"))
 (run (shell  "opam reinstall --with-test --verbose plotkicadsch.0.9.0;\
             \n        res=$?;\
             \n        test \"$res\" != 31 && exit \"$res\";\
             \n        export OPAMCLI=2.0;\
             \n        build_dir=$(opam var prefix)/.opam-switch/build;\
             \n        failed=$(ls \"$build_dir\");\
             \n        partial_fails=\"\";\
             \n        for pkg in $failed; do\
             \n          if opam show -f x-ci-accept-failures: \"$pkg\" | grep -qF \"\\\"debian-12\\\"\"; then\
             \n            echo \"A package failed and has been disabled for CI using the 'x-ci-accept-failures' field.\";\
             \n          fi;\
             \n          test \"$pkg\" != 'plotkicadsch.0.9.0' && partial_fails=\"$partial_fails $pkg\";\
             \n        done;\
             \n        test \"${partial_fails}\" != \"\" && echo \"opam-repo-ci detected dependencies failing: ${partial_fails}\";\
             \n        exit 1"))
)

2024-05-30 00:11.51: Waiting for resource in pool OCluster
2024-05-30 00:12.17: Waiting for worker…
2024-05-30 00:21.19: Got resource from pool OCluster
Building on asteria.caelum.ci.dev
All commits already cached
Updating files:  82% (25830/31390)Updating files:  83% (26054/31390)Updating files:  84% (26368/31390)Updating files:  85% (26682/31390)Updating files:  86% (26996/31390)Updating files:  87% (27310/31390)Updating files:  88% (27624/31390)Updating files:  89% (27938/31390)Updating files:  90% (28251/31390)Updating files:  91% (28565/31390)Updating files:  92% (28879/31390)Updating files:  93% (29193/31390)Updating files:  94% (29507/31390)Updating files:  95% (29821/31390)Updating files:  96% (30135/31390)Updating files:  97% (30449/31390)Updating files:  98% (30763/31390)Updating files:  99% (31077/31390)Updating files: 100% (31390/31390)Updating files: 100% (31390/31390), done.
HEAD is now at 0b9453aa60 Merge pull request #25962 from hannesm/no-check-for-ocaml-trunk
Updating 0b9453aa60..23874db616
Fast-forward
 .../capnp-rpc-mirage/capnp-rpc-mirage.1.2.3/opam   |  2 +-
 packages/conduit-mirage/conduit-mirage.6.2.0/opam  |  2 +-
 packages/conduit-mirage/conduit-mirage.6.2.1/opam  |  2 +-
 packages/conduit-mirage/conduit-mirage.6.2.2/opam  |  2 +-
 packages/dkim-mirage/dkim-mirage.0.5.0/opam        |  2 +-
 packages/dns-certify/dns-certify.8.0.0/opam        | 49 ++++++++++++++++++
 packages/dns-cli/dns-cli.8.0.0/opam                | 60 ++++++++++++++++++++++
 packages/dns-client-lwt/dns-client-lwt.8.0.0/opam  | 41 +++++++++++++++
 .../dns-client-mirage/dns-client-mirage.8.0.0/opam | 44 ++++++++++++++++
 packages/dns-client/dns-client.8.0.0/opam          | 39 ++++++++++++++
 packages/dns-mirage/dns-mirage.8.0.0/opam          | 49 ++++++++++++++++++
 packages/dns-resolver/dns-resolver.8.0.0/opam      | 48 +++++++++++++++++
 packages/dns-server/dns-server.8.0.0/opam          | 49 ++++++++++++++++++
 packages/dns-stub/dns-stub.8.0.0/opam              | 49 ++++++++++++++++++
 packages/dns-tsig/dns-tsig.8.0.0/opam              | 38 ++++++++++++++
 packages/dns/dns.8.0.0/opam                        | 55 ++++++++++++++++++++
 packages/dnssec/dnssec.8.0.0/opam                  | 42 +++++++++++++++
 17 files changed, 568 insertions(+), 5 deletions(-)
 create mode 100644 packages/dns-certify/dns-certify.8.0.0/opam
 create mode 100644 packages/dns-cli/dns-cli.8.0.0/opam
 create mode 100644 packages/dns-client-lwt/dns-client-lwt.8.0.0/opam
 create mode 100644 packages/dns-client-mirage/dns-client-mirage.8.0.0/opam
 create mode 100644 packages/dns-client/dns-client.8.0.0/opam
 create mode 100644 packages/dns-mirage/dns-mirage.8.0.0/opam
 create mode 100644 packages/dns-resolver/dns-resolver.8.0.0/opam
 create mode 100644 packages/dns-server/dns-server.8.0.0/opam
 create mode 100644 packages/dns-stub/dns-stub.8.0.0/opam
 create mode 100644 packages/dns-tsig/dns-tsig.8.0.0/opam
 create mode 100644 packages/dns/dns.8.0.0/opam
 create mode 100644 packages/dnssec/dnssec.8.0.0/opam

[01;34m(from ocaml/opam:debian-12-ocaml-4.14@sha256:2ba69112cb856b702920b505b82a8fab331d2c9d9406c7f3b9f4adb73637666c)[0m
Unable to find image 'ocaml/opam:debian-12-ocaml-4.14@sha256:2ba69112cb856b702920b505b82a8fab331d2c9d9406c7f3b9f4adb73637666c' locally
docker.io/ocaml/opam@sha256:2ba69112cb856b702920b505b82a8fab331d2c9d9406c7f3b9f4adb73637666c: Pulling from ocaml/opam
035dfe016e42: Already exists
543d3a4752c4: Pulling fs layer
5ce1d8260d32: Pulling fs layer
4116fedeef06: Pulling fs layer
7ba9025ee2f0: Pulling fs layer
7ba9025ee2f0: Waiting
5ce1d8260d32: Verifying Checksum
5ce1d8260d32: Download complete
4116fedeef06: Download complete
7ba9025ee2f0: Verifying Checksum
7ba9025ee2f0: Download complete
543d3a4752c4: Verifying Checksum
543d3a4752c4: Download complete
543d3a4752c4: Pull complete
5ce1d8260d32: Pull complete
4116fedeef06: Pull complete
7ba9025ee2f0: Pull complete
Digest: sha256:2ba69112cb856b702920b505b82a8fab331d2c9d9406c7f3b9f4adb73637666c
Status: Downloaded newer image for ocaml/opam@sha256:2ba69112cb856b702920b505b82a8fab331d2c9d9406c7f3b9f4adb73637666c
[01;2m[01;35m2024-05-30 00:23.17 ---> using "48fcd9b686ae3e44ef60a164ef8db6e11e86f168703f26fb1315f899c9c53662" from cache[0m

[01;34m/: (user (uid 1000) (gid 1000))[0m

[01;34m/: (workdir /home/opam)[0m

[01;34m/home/opam: (run (shell "sudo ln -f /usr/bin/opam-dev /usr/bin/opam"))[0m
[01;2m[01;35m2024-05-30 00:23.17 ---> using "182db0db166b9dc97fd6bddbdaada0d920c1a351accedca1486cd948e46ba36e" from cache[0m

[01;34m/home/opam: (run (network host)
                 (shell "opam init --reinit --config .opamrc-sandbox -ni"))[0m
Configuring from /home/opam/.opamrc-sandbox, then /home/opam/.opamrc, and finally from built-in defaults.
Checking for available remotes: rsync and local, git.
  - you won't be able to use mercurial repositories unless you install the hg command on your system.
  - you won't be able to use darcs repositories unless you install the darcs command on your system.

This development version of opam requires an update to the layout of /home/opam/.opam from version 2.0 to version 2.2~beta, which can't be reverted.
You may want to back it up before going further.

Continue? [y/n] y
[NOTE] The 'jobs' option was reset, its value was 39 and its new value will vary according to the current number of cores on your machine. You can restore the fixed value using:
           opam option jobs=39 --global
Format upgrade done.

<><> Updating repositories ><><><><><><><><><><><><><><><><><><><><><><><><><><>
[default] synchronised from file:///home/opam/opam-repository
[01;2m[01;35m2024-05-30 00:23.17 ---> using "4fbb68d819e513d708f904a56dbcd9eac5442d5d3fd384b169ffc78983ed0e74" from cache[0m

[01;34m/home/opam: (run (shell "uname -rs && opam exec -- ocaml -version && opam --version"))[0m
Linux 5.15.0-107-generic
The OCaml toplevel, version 4.14.2
2.2.0~beta3~dev
[01;2m[01;35m2024-05-30 00:23.17 ---> using "3c4a9f3d7a40a43473780c877ab3475ae6bd03681c2f4881fe30bb5d34e05f9b" from cache[0m

[01;34m/home/opam: (env OPAMDOWNLOADJOBS 1)[0m

[01;34m/home/opam: (env OPAMERRLOGLEN 0)[0m

[01;34m/home/opam: (env OPAMSOLVERTIMEOUT 500)[0m

[01;34m/home/opam: (env OPAMPRECISETRACKING 1)[0m

[01;34m/home/opam: (env CI true)[0m

[01;34m/home/opam: (env OPAM_REPO_CI true)[0m

[01;34m/home/opam: (run (shell "rm -rf opam-repository/"))[0m
[01;2m[01;35m2024-05-30 00:23.17 ---> using "0ad48452d9001012444a91ed62dee40f750c23d668e41d370665cd385b64805a" from cache[0m

[01;34m/home/opam: (copy (src .) (dst opam-repository/))[0m
[01;2m[01;35m2024-05-30 00:23.18 ---> using "3542106af91ce9f0849b3b28f30dab6cbcfa215f3f362fa6b16647fc05f9dd20" from cache[0m

[01;34m/home/opam: (run (shell "opam repository set-url --strict default opam-repository/"))[0m
[default] Initialised
[01;2m[01;35m2024-05-30 00:23.18 ---> using "c1fbde8d3cd39d26064937f69450e41b33f95c94b9ca9ab0a84a27a29c0b7ea8" from cache[0m

[01;34m/home/opam: (run (network host)
                 (shell "opam update --depexts || true"))[0m
+ /usr/bin/sudo "apt-get" "update"
- Hit:1 http://deb.debian.org/debian bookworm InRelease
- Get:2 http://deb.debian.org/debian bookworm-updates InRelease [55.4 kB]
- Get:3 http://deb.debian.org/debian-security bookworm-security InRelease [48.0 kB]
- Get:4 http://deb.debian.org/debian-security bookworm-security/main amd64 Packages [157 kB]
- Fetched 261 kB in 0s (880 kB/s)
- Reading package lists...
[01;2m[01;35m2024-05-30 00:23.18 ---> using "227d7a904f7497c98ccdfa7e80d42caaf0909016154bf11e7327024d3ab44ba2" from cache[0m

[01;34m/home/opam: (run (shell "opam pin add -k version -yn dns.8.0.0 8.0.0"))[0m
dns is now pinned to version 8.0.0
[01;2m[01;35m2024-05-30 00:23.18 ---> using "2dae35809bb8d1516d94224473ce22dd692022fbe9aa1c44ec3e47e69edc06cb" from cache[0m

[01;34m/home/opam: (run (cache (opam-archives (target /home/opam/.opam/download-cache)))
                 (network host)
                 (shell  "opam reinstall dns.8.0.0;\
                        \n        res=$?;\
                        \n        test \"$res\" != 31 && exit \"$res\";\
                        \n        export OPAMCLI=2.0;\
                        \n        build_dir=$(opam var prefix)/.opam-switch/build;\
                        \n        failed=$(ls \"$build_dir\");\
                        \n        partial_fails=\"\";\
                        \n        for pkg in $failed; do\
                        \n          if opam show -f x-ci-accept-failures: \"$pkg\" | grep -qF \"\\\"debian-12\\\"\"; then\
                        \n            echo \"A package failed and has been disabled for CI using the 'x-ci-accept-failures' field.\";\
                        \n          fi;\
                        \n          test \"$pkg\" != 'dns.8.0.0' && partial_fails=\"$partial_fails $pkg\";\
                        \n        done;\
                        \n        test \"${partial_fails}\" != \"\" && echo \"opam-repo-ci detected dependencies failing: ${partial_fails}\";\
                        \n        exit 1"))[0m
dns.8.0.0 is not installed. Install it? [y/n] y
The following actions will be performed:
=== recompile 4 packages
  - recompile ocaml               4.14.2          [uses ocaml-base-compiler, ocaml-config]
  - recompile ocaml-base-compiler 4.14.2 (pinned) [upstream or system changes]
  - recompile ocaml-config        2               [upstream or system changes]
  - recompile opam-depext         1.2.1-1         [uses ocaml]
=== install 19 packages
  - install   base64              3.5.1           [required by dns]
  - install   cstruct             6.2.0           [required by dns]
  - install   dns                 8.0.0 (pinned)
  - install   domain-name         0.4.0           [required by dns]
  - install   dune                3.15.3          [required by dns]
  - install   duration            0.2.1           [required by dns]
  - install   fmt                 0.9.0           [required by dns]
  - install   gmap                0.3.0           [required by dns]
  - install   ipaddr              5.6.0           [required by dns]
  - install   logs                0.7.0           [required by dns]
  - install   lru                 0.3.1           [required by dns]
  - install   macaddr             5.6.0           [required by ipaddr]
  - install   metrics             0.4.1           [required by dns]
  - install   ocamlbuild          0.14.3          [required by logs, ptime]
  - install   ocamlfind           1.9.6           [required by logs, ptime]
  - install   psq                 0.2.1           [required by lru]
  - install   ptime               1.1.0           [required by dns]
  - install   seq                 base            [required by psq]
  - install   topkg               1.0.7           [required by logs, ptime]

<><> Processing actions <><><><><><><><><><><><><><><><><><><><><><><><><><><><>
-> retrieved base64.3.5.1  (cached)
-> retrieved cstruct.6.2.0  (cached)
-> retrieved dns.8.0.0  (cached)
-> retrieved domain-name.0.4.0  (cached)
-> retrieved dune.3.15.3  (cached)
-> retrieved duration.0.2.1  (cached)
-> retrieved fmt.0.9.0  (cached)
-> retrieved gmap.0.3.0  (cached)
-> retrieved ipaddr.5.6.0, macaddr.5.6.0  (cached)
-> retrieved logs.0.7.0  (cached)
-> retrieved lru.0.3.1  (cached)
-> retrieved metrics.0.4.1  (cached)
-> retrieved ocaml-base-compiler.4.14.2  (cached)
-> retrieved ocaml-config.2  (cached)
-> retrieved ocamlbuild.0.14.3  (cached)
-> retrieved ocamlfind.1.9.6  (cached)
-> retrieved opam-depext.1.2.1-1  (cached)
-> retrieved psq.0.2.1  (cached)
-> retrieved ptime.1.1.0  (cached)
-> retrieved seq.base  (cached)
-> retrieved topkg.1.0.7  (cached)
-> removed   opam-depext.1.2.1-1
-> removed   ocaml.4.14.2
-> removed   ocaml-config.2
-> removed   ocaml-base-compiler.4.14.2
-> installed ocaml-base-compiler.4.14.2
-> installed ocaml-config.2
-> installed ocaml.4.14.2
-> installed seq.base
-> installed opam-depext.1.2.1-1
-> installed ocamlfind.1.9.6
-> installed ocamlbuild.0.14.3
-> installed topkg.1.0.7
-> installed fmt.0.9.0
-> installed ptime.1.1.0
-> installed logs.0.7.0
-> installed dune.3.15.3
-> installed duration.0.2.1
-> installed gmap.0.3.0
-> installed domain-name.0.4.0
-> installed macaddr.5.6.0
-> installed metrics.0.4.1
-> installed psq.0.2.1
-> installed base64.3.5.1
-> installed cstruct.6.2.0
-> installed lru.0.3.1
-> installed ipaddr.5.6.0
-> installed dns.8.0.0
Done.

<><> opam-depext.1.2.1-1 installed successfully <><><><><><><><><><><><><><><><>
=> opam-depext is unnecessary when used with opam >= 2.1. Please use opam install directly instead
# Run eval $(opam env) to update the current shell environment
[01;2m[01;35m2024-05-30 00:24.52 ---> saved as "ab437b859217ceebfaf3c5cb0daf7ceeaf0379b1f709f2b80099186e809ba459"[0m

[01;34m/home/opam: (run (cache (opam-archives (target /home/opam/.opam/download-cache)))
                 (network host)
                 (shell  "opam reinstall plotkicadsch.0.9.0;\
                        \n        res=$?;\
                        \n        test \"$res\" != 31 && exit \"$res\";\
                        \n        export OPAMCLI=2.0;\
                        \n        build_dir=$(opam var prefix)/.opam-switch/build;\
                        \n        failed=$(ls \"$build_dir\");\
                        \n        partial_fails=\"\";\
                        \n        for pkg in $failed; do\
                        \n          if opam show -f x-ci-accept-failures: \"$pkg\" | grep -qF \"\\\"debian-12\\\"\"; then\
                        \n            echo \"A package failed and has been disabled for CI using the 'x-ci-accept-failures' field.\";\
                        \n          fi;\
                        \n          test \"$pkg\" != 'plotkicadsch.0.9.0' && partial_fails=\"$partial_fails $pkg\";\
                        \n        done;\
                        \n        test \"${partial_fails}\" != \"\" && echo \"opam-repo-ci detected dependencies failing: ${partial_fails}\";\
                        \n        exit 1"))[0m
plotkicadsch.0.9.0 is not installed. Install it? [y/n] y
[ERROR] Sorry, resolution of the request timed out.
        Try to specify a more precise request, use a different solver, or increase the allowed time by setting OPAMSOLVERTIMEOUT to a bigger value (currently, it is set to 500.0 seconds).
"/usr/bin/env" "bash" "-c" "opam reinstall plotkicadsch.0.9.0;
        res=$?;
        test "$res" != 31 && exit "$res";
        export OPAMCLI=2.0;
        build_dir=$(opam var prefix)/.opam-switch/build;
        failed=$(ls "$build_dir");
        partial_fails="";
        for pkg in $failed; do
          if opam show -f x-ci-accept-failures: "$pkg" | grep -qF "\"debian-12\""; then
            echo "A package failed and has been disabled for CI using the 'x-ci-accept-failures' field.";
          fi;
          test "$pkg" != 'plotkicadsch.0.9.0' && partial_fails="$partial_fails $pkg";
        done;
        test "${partial_fails}" != "" && echo "opam-repo-ci detected dependencies failing: ${partial_fails}";
        exit 1" failed with exit status 60
2024-05-30 00:33.32: Job failed: Failed: Build failed
2024-05-30 00:33.32: Log analysis:
2024-05-30 00:33.32: >>> 
[ERROR] Sorry, resolution of the request timed out.
 (score = 20)
2024-05-30 00:33.32: Sorry, resolution of the request timed out.
