2024-05-30 08:48.31: New job: test octez-smart-rollup-node-PtParisB.20.0, using opam 2.1
                              from https://github.com/ocaml/opam-repository.git#refs/pull/25970/head (dcfcb8e5c933df0965927d796f46c27872d41f7a)
                              on debian-12-ocaml-4.14/amd64

To reproduce locally:

cd $(mktemp -d)
git clone --recursive "https://github.com/ocaml/opam-repository.git" && cd "opam-repository" && git fetch origin "refs/pull/25970/head" && git reset --hard dcfcb8e5
git fetch origin master
git merge --no-edit 5f01e90da1b33ae3b57cac0d27d78503bc5954cb
cat > ../Dockerfile <<'END-OF-DOCKERFILE'
[34mFROM ocaml/opam:debian-12-ocaml-4.14@sha256:2ba69112cb856b702920b505b82a8fab331d2c9d9406c7f3b9f4adb73637666c
USER 1000:1000
WORKDIR /home/opam
RUN sudo ln -f /usr/bin/opam-2.1 /usr/bin/opam
RUN opam init --reinit -ni
RUN uname -rs && opam exec -- ocaml -version && opam --version
ENV OPAMDOWNLOADJOBS="1"
ENV OPAMERRLOGLEN="0"
ENV OPAMSOLVERTIMEOUT="500"
ENV OPAMPRECISETRACKING="1"
ENV CI="true"
ENV OPAM_REPO_CI="true"
RUN rm -rf opam-repository/
COPY --chown=1000:1000 . opam-repository/
RUN opam repository set-url --strict default opam-repository/
RUN opam update --depexts || true
RUN opam pin add -k version -yn octez-smart-rollup-node-PtParisB.20.0 20.0
RUN opam reinstall octez-smart-rollup-node-PtParisB.20.0; \
    res=$?; \
    test "$res" != 31 && exit "$res"; \
    export OPAMCLI=2.0; \
    build_dir=$(opam var prefix)/.opam-switch/build; \
    failed=$(ls "$build_dir"); \
    partial_fails=""; \
    for pkg in $failed; do \
    if opam show -f x-ci-accept-failures: "$pkg" | grep -qF "\"debian-12\""; then \
    echo "A package failed and has been disabled for CI using the 'x-ci-accept-failures' field."; \
    fi; \
    test "$pkg" != 'octez-smart-rollup-node-PtParisB.20.0' && partial_fails="$partial_fails $pkg"; \
    done; \
    test "${partial_fails}" != "" && echo "opam-repo-ci detected dependencies failing: ${partial_fails}"; \
    exit 1
RUN (opam reinstall --with-test octez-smart-rollup-node-PtParisB.20.0) || true
RUN opam reinstall --with-test --verbose octez-smart-rollup-node-PtParisB.20.0; \
    res=$?; \
    test "$res" != 31 && exit "$res"; \
    export OPAMCLI=2.0; \
    build_dir=$(opam var prefix)/.opam-switch/build; \
    failed=$(ls "$build_dir"); \
    partial_fails=""; \
    for pkg in $failed; do \
    if opam show -f x-ci-accept-failures: "$pkg" | grep -qF "\"debian-12\""; then \
    echo "A package failed and has been disabled for CI using the 'x-ci-accept-failures' field."; \
    fi; \
    test "$pkg" != 'octez-smart-rollup-node-PtParisB.20.0' && partial_fails="$partial_fails $pkg"; \
    done; \
    test "${partial_fails}" != "" && echo "opam-repo-ci detected dependencies failing: ${partial_fails}"; \
    exit 1
[0m
END-OF-DOCKERFILE
docker build -f ../Dockerfile .

2024-05-30 08:48.31: Using cache hint "ocaml/opam:debian-12-ocaml-4.14@sha256:2ba69112cb856b702920b505b82a8fab331d2c9d9406c7f3b9f4adb73637666c-octez-smart-rollup-node-PtParisB.20.0-dcfcb8e5c933df0965927d796f46c27872d41f7a"
2024-05-30 08:48.31: Using OBuilder spec:
((from ocaml/opam:debian-12-ocaml-4.14@sha256:2ba69112cb856b702920b505b82a8fab331d2c9d9406c7f3b9f4adb73637666c)
 (user (uid 1000) (gid 1000))
 (workdir /home/opam)
 (run (shell "sudo ln -f /usr/bin/opam-2.1 /usr/bin/opam"))
 (run (network host)
      (shell "opam init --reinit --config .opamrc-sandbox -ni"))
 (run (shell "uname -rs && opam exec -- ocaml -version && opam --version"))
 (env OPAMDOWNLOADJOBS 1)
 (env OPAMERRLOGLEN 0)
 (env OPAMSOLVERTIMEOUT 500)
 (env OPAMPRECISETRACKING 1)
 (env CI true)
 (env OPAM_REPO_CI true)
 (run (shell "rm -rf opam-repository/"))
 (copy (src .) (dst opam-repository/))
 (run (shell "opam repository set-url --strict default opam-repository/"))
 (run (network host)
      (shell "opam update --depexts || true"))
 (run (shell "opam pin add -k version -yn octez-smart-rollup-node-PtParisB.20.0 20.0"))
 (run (cache (opam-archives (target /home/opam/.opam/download-cache)))
      (network host)
      (shell  "opam reinstall octez-smart-rollup-node-PtParisB.20.0;\
             \n        res=$?;\
             \n        test \"$res\" != 31 && exit \"$res\";\
             \n        export OPAMCLI=2.0;\
             \n        build_dir=$(opam var prefix)/.opam-switch/build;\
             \n        failed=$(ls \"$build_dir\");\
             \n        partial_fails=\"\";\
             \n        for pkg in $failed; do\
             \n          if opam show -f x-ci-accept-failures: \"$pkg\" | grep -qF \"\\\"debian-12\\\"\"; then\
             \n            echo \"A package failed and has been disabled for CI using the 'x-ci-accept-failures' field.\";\
             \n          fi;\
             \n          test \"$pkg\" != 'octez-smart-rollup-node-PtParisB.20.0' && partial_fails=\"$partial_fails $pkg\";\
             \n        done;\
             \n        test \"${partial_fails}\" != \"\" && echo \"opam-repo-ci detected dependencies failing: ${partial_fails}\";\
             \n        exit 1"))
 (run (network host)
      (shell "(opam reinstall --with-test octez-smart-rollup-node-PtParisB.20.0) || true"))
 (run (shell  "opam reinstall --with-test --verbose octez-smart-rollup-node-PtParisB.20.0;\
             \n        res=$?;\
             \n        test \"$res\" != 31 && exit \"$res\";\
             \n        export OPAMCLI=2.0;\
             \n        build_dir=$(opam var prefix)/.opam-switch/build;\
             \n        failed=$(ls \"$build_dir\");\
             \n        partial_fails=\"\";\
             \n        for pkg in $failed; do\
             \n          if opam show -f x-ci-accept-failures: \"$pkg\" | grep -qF \"\\\"debian-12\\\"\"; then\
             \n            echo \"A package failed and has been disabled for CI using the 'x-ci-accept-failures' field.\";\
             \n          fi;\
             \n          test \"$pkg\" != 'octez-smart-rollup-node-PtParisB.20.0' && partial_fails=\"$partial_fails $pkg\";\
             \n        done;\
             \n        test \"${partial_fails}\" != \"\" && echo \"opam-repo-ci detected dependencies failing: ${partial_fails}\";\
             \n        exit 1"))
)

2024-05-30 08:48.31: Waiting for resource in pool OCluster
2024-05-30 16:44.38: Waiting for worker…
2024-05-30 17:04.25: Got resource from pool OCluster
Building on asteria.caelum.ci.dev
All commits already cached
HEAD is now at 5f01e90da1 Merge pull request #25964 from hannesm/fix-one-more
Updating 5f01e90da1..dcfcb8e5c9
Fast-forward
 packages/bls12-381/bls12-381.20.0/opam             |  33 ++++++
 .../octez-accuser-Proxford.20.0/opam               |  28 +++++
 .../octez-accuser-PtParisB.20.0/opam               |  28 +++++
 packages/octez-alcotezt/octez-alcotezt.20.0/opam   |  25 +++++
 .../octez-baker-Proxford.20.0/opam                 |  28 +++++
 .../octez-baker-PtParisB.20.0/opam                 |  28 +++++
 packages/octez-client/octez-client.20.0/opam       |  75 ++++++++++++++
 packages/octez-codec/octez-codec.20.0/opam         |  65 ++++++++++++
 packages/octez-crawler/octez-crawler.20.0/opam     |  26 +++++
 .../octez-dac-client/octez-dac-client.20.0/opam    |  36 +++++++
 packages/octez-dac-node/octez-dac-node.20.0/opam   |  39 +++++++
 packages/octez-dal-node/octez-dal-node.20.0/opam   |  42 ++++++++
 .../octez-distributed-internal.20.0/opam           |  25 +++++
 .../octez-distributed-lwt-internal.20.0/opam       |  28 +++++
 .../octez-evm-node-libs.20.0/opam                  |  39 +++++++
 packages/octez-evm-node/octez-evm-node.20.0/opam   |  28 +++++
 packages/octez-injector/octez-injector.20.0/opam   |  28 +++++
 .../octez-internal-libs.20.0/opam                  |  51 +++++++++
 packages/octez-l2-libs/octez-l2-libs.20.0/opam     |  44 ++++++++
 packages/octez-libs/octez-libs.20.0/opam           | 104 +++++++++++++++++++
 .../octez-node-config/octez-node-config.20.0/opam  |  26 +++++
 packages/octez-node/octez-node.20.0/opam           | 114 +++++++++++++++++++++
 .../octez-proto-libs/octez-proto-libs.20.0/opam    |  37 +++++++
 .../octez-protocol-000-Ps9mPmXa-libs.20.0/opam     |  27 +++++
 .../octez-protocol-001-PtCJ7pwo-libs.20.0/opam     |  29 ++++++
 .../octez-protocol-002-PsYLVpVv-libs.20.0/opam     |  29 ++++++
 .../octez-protocol-003-PsddFKi3-libs.20.0/opam     |  29 ++++++
 .../octez-protocol-004-Pt24m4xi-libs.20.0/opam     |  29 ++++++
 .../octez-protocol-005-PsBabyM1-libs.20.0/opam     |  29 ++++++
 .../octez-protocol-006-PsCARTHA-libs.20.0/opam     |  29 ++++++
 .../octez-protocol-007-PsDELPH1-libs.20.0/opam     |  29 ++++++
 .../octez-protocol-008-PtEdo2Zk-libs.20.0/opam     |  29 ++++++
 .../octez-protocol-009-PsFLoren-libs.20.0/opam     |  30 ++++++
 .../octez-protocol-010-PtGRANAD-libs.20.0/opam     |  30 ++++++
 .../octez-protocol-011-PtHangz2-libs.20.0/opam     |  30 ++++++
 .../octez-protocol-012-Psithaca-libs.20.0/opam     |  30 ++++++
 .../octez-protocol-013-PtJakart-libs.20.0/opam     |  30 ++++++
 .../octez-protocol-014-PtKathma-libs.20.0/opam     |  30 ++++++
 .../octez-protocol-015-PtLimaPt-libs.20.0/opam     |  30 ++++++
 .../octez-protocol-016-PtMumbai-libs.20.0/opam     |  32 ++++++
 .../octez-protocol-017-PtNairob-libs.20.0/opam     |  32 ++++++
 .../octez-protocol-018-Proxford-libs.20.0/opam     |  45 ++++++++
 .../octez-protocol-019-PtParisB-libs.20.0/opam     |  45 ++++++++
 .../octez-protocol-alpha-libs.20.0/opam            |  46 +++++++++
 .../octez-protocol-compiler.20.0/opam              |  30 ++++++
 .../octez-proxy-server.20.0/opam                   |  82 +++++++++++++++
 packages/octez-riscv-api/octez-riscv-api.20.0/opam |  25 +++++
 packages/octez-riscv-pvm/octez-riscv-pvm.20.0/opam |  26 +++++
 .../octez-rpc-process/octez-rpc-process.20.0/opam  |  30 ++++++
 packages/octez-rust-deps/octez-rust-deps.20.0/opam |  24 +++++
 .../octez-shell-libs/octez-shell-libs.20.0/opam    |  60 +++++++++++
 packages/octez-signer/octez-signer.20.0/opam       |  26 +++++
 .../octez-smart-rollup-node-Proxford.20.0/opam     |  44 ++++++++
 .../octez-smart-rollup-node-PtNairob.20.0/opam     |  43 ++++++++
 .../octez-smart-rollup-node-PtParisB.20.0/opam     |  44 ++++++++
 .../octez-smart-rollup-node-alpha.20.0/opam        |  45 ++++++++
 .../octez-smart-rollup-node-lib.20.0/opam          |  40 ++++++++
 .../octez-smart-rollup-node.20.0/opam              |  38 +++++++
 .../octez-smart-rollup-wasm-debugger-lib.20.0/opam |  31 ++++++
 .../opam                                           |  24 +++++
 .../octez-smart-rollup-wasm-debugger.20.0/opam     |  25 +++++
 packages/octez-version/octez-version.20.0/opam     |  26 +++++
 packages/octez/octez.20.0/opam                     |  75 ++++++++++++++
 packages/tezos-benchmark/tezos-benchmark.20.0/opam |  30 ++++++
 .../tezos-client-demo-counter.20.0/opam            |  27 +++++
 .../tezos-client-genesis.20.0/opam                 |  28 +++++
 .../tezos-dac-client-lib.20.0/opam                 |  27 +++++
 packages/tezos-dac-lib/tezos-dac-lib.20.0/opam     |  26 +++++
 .../tezos-dac-node-lib.20.0/opam                   |  29 ++++++
 .../tezos-dal-node-lib.20.0/opam                   |  27 +++++
 .../tezos-dal-node-services.20.0/opam              |  25 +++++
 packages/tezos-openapi/tezos-openapi.20.0/opam     |  27 +++++
 .../tezos-protocol-000-Ps9mPmXa.20.0/opam          |  26 +++++
 .../tezos-protocol-001-PtCJ7pwo.20.0/opam          |  26 +++++
 .../tezos-protocol-002-PsYLVpVv.20.0/opam          |  26 +++++
 .../tezos-protocol-003-PsddFKi3.20.0/opam          |  26 +++++
 .../tezos-protocol-004-Pt24m4xi.20.0/opam          |  26 +++++
 .../tezos-protocol-005-PsBABY5H.20.0/opam          |  26 +++++
 .../tezos-protocol-005-PsBabyM1.20.0/opam          |  26 +++++
 .../tezos-protocol-006-PsCARTHA.20.0/opam          |  26 +++++
 .../tezos-protocol-007-PsDELPH1.20.0/opam          |  26 +++++
 .../tezos-protocol-008-PtEdo2Zk.20.0/opam          |  26 +++++
 .../tezos-protocol-008-PtEdoTez.20.0/opam          |  26 +++++
 .../tezos-protocol-009-PsFLoren.20.0/opam          |  26 +++++
 .../tezos-protocol-010-PtGRANAD.20.0/opam          |  26 +++++
 .../tezos-protocol-011-PtHangz2.20.0/opam          |  27 +++++
 .../tezos-protocol-012-Psithaca.20.0/opam          |  27 +++++
 .../tezos-protocol-013-PtJakart.20.0/opam          |  27 +++++
 .../tezos-protocol-014-PtKathma.20.0/opam          |  27 +++++
 .../tezos-protocol-015-PtLimaPt.20.0/opam          |  27 +++++
 .../tezos-protocol-016-PtMumbai.20.0/opam          |  27 +++++
 .../tezos-protocol-017-PtNairob.20.0/opam          |  27 +++++
 .../tezos-protocol-018-Proxford.20.0/opam          |  27 +++++
 .../tezos-protocol-019-PtParisB.20.0/opam          |  27 +++++
 .../tezos-protocol-alpha.20.0/opam                 |  27 +++++
 .../tezos-protocol-demo-counter.20.0/opam          |  26 +++++
 .../tezos-protocol-demo-noops.20.0/opam            |  26 +++++
 .../tezos-protocol-genesis.20.0/opam               |  26 +++++
 .../tezos-proxy-server-config.20.0/opam            |  29 ++++++
 packages/tezt-tezos/tezt-tezos.20.0/opam           |  29 ++++++
 100 files changed, 3374 insertions(+)
 create mode 100644 packages/bls12-381/bls12-381.20.0/opam
 create mode 100644 packages/octez-accuser-Proxford/octez-accuser-Proxford.20.0/opam
 create mode 100644 packages/octez-accuser-PtParisB/octez-accuser-PtParisB.20.0/opam
 create mode 100644 packages/octez-alcotezt/octez-alcotezt.20.0/opam
 create mode 100644 packages/octez-baker-Proxford/octez-baker-Proxford.20.0/opam
 create mode 100644 packages/octez-baker-PtParisB/octez-baker-PtParisB.20.0/opam
 create mode 100644 packages/octez-client/octez-client.20.0/opam
 create mode 100644 packages/octez-codec/octez-codec.20.0/opam
 create mode 100644 packages/octez-crawler/octez-crawler.20.0/opam
 create mode 100644 packages/octez-dac-client/octez-dac-client.20.0/opam
 create mode 100644 packages/octez-dac-node/octez-dac-node.20.0/opam
 create mode 100644 packages/octez-dal-node/octez-dal-node.20.0/opam
 create mode 100644 packages/octez-distributed-internal/octez-distributed-internal.20.0/opam
 create mode 100644 packages/octez-distributed-lwt-internal/octez-distributed-lwt-internal.20.0/opam
 create mode 100644 packages/octez-evm-node-libs/octez-evm-node-libs.20.0/opam
 create mode 100644 packages/octez-evm-node/octez-evm-node.20.0/opam
 create mode 100644 packages/octez-injector/octez-injector.20.0/opam
 create mode 100644 packages/octez-internal-libs/octez-internal-libs.20.0/opam
 create mode 100644 packages/octez-l2-libs/octez-l2-libs.20.0/opam
 create mode 100644 packages/octez-libs/octez-libs.20.0/opam
 create mode 100644 packages/octez-node-config/octez-node-config.20.0/opam
 create mode 100644 packages/octez-node/octez-node.20.0/opam
 create mode 100644 packages/octez-proto-libs/octez-proto-libs.20.0/opam
 create mode 100644 packages/octez-protocol-000-Ps9mPmXa-libs/octez-protocol-000-Ps9mPmXa-libs.20.0/opam
 create mode 100644 packages/octez-protocol-001-PtCJ7pwo-libs/octez-protocol-001-PtCJ7pwo-libs.20.0/opam
 create mode 100644 packages/octez-protocol-002-PsYLVpVv-libs/octez-protocol-002-PsYLVpVv-libs.20.0/opam
 create mode 100644 packages/octez-protocol-003-PsddFKi3-libs/octez-protocol-003-PsddFKi3-libs.20.0/opam
 create mode 100644 packages/octez-protocol-004-Pt24m4xi-libs/octez-protocol-004-Pt24m4xi-libs.20.0/opam
 create mode 100644 packages/octez-protocol-005-PsBabyM1-libs/octez-protocol-005-PsBabyM1-libs.20.0/opam
 create mode 100644 packages/octez-protocol-006-PsCARTHA-libs/octez-protocol-006-PsCARTHA-libs.20.0/opam
 create mode 100644 packages/octez-protocol-007-PsDELPH1-libs/octez-protocol-007-PsDELPH1-libs.20.0/opam
 create mode 100644 packages/octez-protocol-008-PtEdo2Zk-libs/octez-protocol-008-PtEdo2Zk-libs.20.0/opam
 create mode 100644 packages/octez-protocol-009-PsFLoren-libs/octez-protocol-009-PsFLoren-libs.20.0/opam
 create mode 100644 packages/octez-protocol-010-PtGRANAD-libs/octez-protocol-010-PtGRANAD-libs.20.0/opam
 create mode 100644 packages/octez-protocol-011-PtHangz2-libs/octez-protocol-011-PtHangz2-libs.20.0/opam
 create mode 100644 packages/octez-protocol-012-Psithaca-libs/octez-protocol-012-Psithaca-libs.20.0/opam
 create mode 100644 packages/octez-protocol-013-PtJakart-libs/octez-protocol-013-PtJakart-libs.20.0/opam
 create mode 100644 packages/octez-protocol-014-PtKathma-libs/octez-protocol-014-PtKathma-libs.20.0/opam
 create mode 100644 packages/octez-protocol-015-PtLimaPt-libs/octez-protocol-015-PtLimaPt-libs.20.0/opam
 create mode 100644 packages/octez-protocol-016-PtMumbai-libs/octez-protocol-016-PtMumbai-libs.20.0/opam
 create mode 100644 packages/octez-protocol-017-PtNairob-libs/octez-protocol-017-PtNairob-libs.20.0/opam
 create mode 100644 packages/octez-protocol-018-Proxford-libs/octez-protocol-018-Proxford-libs.20.0/opam
 create mode 100644 packages/octez-protocol-019-PtParisB-libs/octez-protocol-019-PtParisB-libs.20.0/opam
 create mode 100644 packages/octez-protocol-alpha-libs/octez-protocol-alpha-libs.20.0/opam
 create mode 100644 packages/octez-protocol-compiler/octez-protocol-compiler.20.0/opam
 create mode 100644 packages/octez-proxy-server/octez-proxy-server.20.0/opam
 create mode 100644 packages/octez-riscv-api/octez-riscv-api.20.0/opam
 create mode 100644 packages/octez-riscv-pvm/octez-riscv-pvm.20.0/opam
 create mode 100644 packages/octez-rpc-process/octez-rpc-process.20.0/opam
 create mode 100644 packages/octez-rust-deps/octez-rust-deps.20.0/opam
 create mode 100644 packages/octez-shell-libs/octez-shell-libs.20.0/opam
 create mode 100644 packages/octez-signer/octez-signer.20.0/opam
 create mode 100644 packages/octez-smart-rollup-node-Proxford/octez-smart-rollup-node-Proxford.20.0/opam
 create mode 100644 packages/octez-smart-rollup-node-PtNairob/octez-smart-rollup-node-PtNairob.20.0/opam
 create mode 100644 packages/octez-smart-rollup-node-PtParisB/octez-smart-rollup-node-PtParisB.20.0/opam
 create mode 100644 packages/octez-smart-rollup-node-alpha/octez-smart-rollup-node-alpha.20.0/opam
 create mode 100644 packages/octez-smart-rollup-node-lib/octez-smart-rollup-node-lib.20.0/opam
 create mode 100644 packages/octez-smart-rollup-node/octez-smart-rollup-node.20.0/opam
 create mode 100644 packages/octez-smart-rollup-wasm-debugger-lib/octez-smart-rollup-wasm-debugger-lib.20.0/opam
 create mode 100644 packages/octez-smart-rollup-wasm-debugger-plugin/octez-smart-rollup-wasm-debugger-plugin.20.0/opam
 create mode 100644 packages/octez-smart-rollup-wasm-debugger/octez-smart-rollup-wasm-debugger.20.0/opam
 create mode 100644 packages/octez-version/octez-version.20.0/opam
 create mode 100644 packages/octez/octez.20.0/opam
 create mode 100644 packages/tezos-benchmark/tezos-benchmark.20.0/opam
 create mode 100644 packages/tezos-client-demo-counter/tezos-client-demo-counter.20.0/opam
 create mode 100644 packages/tezos-client-genesis/tezos-client-genesis.20.0/opam
 create mode 100644 packages/tezos-dac-client-lib/tezos-dac-client-lib.20.0/opam
 create mode 100644 packages/tezos-dac-lib/tezos-dac-lib.20.0/opam
 create mode 100644 packages/tezos-dac-node-lib/tezos-dac-node-lib.20.0/opam
 create mode 100644 packages/tezos-dal-node-lib/tezos-dal-node-lib.20.0/opam
 create mode 100644 packages/tezos-dal-node-services/tezos-dal-node-services.20.0/opam
 create mode 100644 packages/tezos-openapi/tezos-openapi.20.0/opam
 create mode 100644 packages/tezos-protocol-000-Ps9mPmXa/tezos-protocol-000-Ps9mPmXa.20.0/opam
 create mode 100644 packages/tezos-protocol-001-PtCJ7pwo/tezos-protocol-001-PtCJ7pwo.20.0/opam
 create mode 100644 packages/tezos-protocol-002-PsYLVpVv/tezos-protocol-002-PsYLVpVv.20.0/opam
 create mode 100644 packages/tezos-protocol-003-PsddFKi3/tezos-protocol-003-PsddFKi3.20.0/opam
 create mode 100644 packages/tezos-protocol-004-Pt24m4xi/tezos-protocol-004-Pt24m4xi.20.0/opam
 create mode 100644 packages/tezos-protocol-005-PsBABY5H/tezos-protocol-005-PsBABY5H.20.0/opam
 create mode 100644 packages/tezos-protocol-005-PsBabyM1/tezos-protocol-005-PsBabyM1.20.0/opam
 create mode 100644 packages/tezos-protocol-006-PsCARTHA/tezos-protocol-006-PsCARTHA.20.0/opam
 create mode 100644 packages/tezos-protocol-007-PsDELPH1/tezos-protocol-007-PsDELPH1.20.0/opam
 create mode 100644 packages/tezos-protocol-008-PtEdo2Zk/tezos-protocol-008-PtEdo2Zk.20.0/opam
 create mode 100644 packages/tezos-protocol-008-PtEdoTez/tezos-protocol-008-PtEdoTez.20.0/opam
 create mode 100644 packages/tezos-protocol-009-PsFLoren/tezos-protocol-009-PsFLoren.20.0/opam
 create mode 100644 packages/tezos-protocol-010-PtGRANAD/tezos-protocol-010-PtGRANAD.20.0/opam
 create mode 100644 packages/tezos-protocol-011-PtHangz2/tezos-protocol-011-PtHangz2.20.0/opam
 create mode 100644 packages/tezos-protocol-012-Psithaca/tezos-protocol-012-Psithaca.20.0/opam
 create mode 100644 packages/tezos-protocol-013-PtJakart/tezos-protocol-013-PtJakart.20.0/opam
 create mode 100644 packages/tezos-protocol-014-PtKathma/tezos-protocol-014-PtKathma.20.0/opam
 create mode 100644 packages/tezos-protocol-015-PtLimaPt/tezos-protocol-015-PtLimaPt.20.0/opam
 create mode 100644 packages/tezos-protocol-016-PtMumbai/tezos-protocol-016-PtMumbai.20.0/opam
 create mode 100644 packages/tezos-protocol-017-PtNairob/tezos-protocol-017-PtNairob.20.0/opam
 create mode 100644 packages/tezos-protocol-018-Proxford/tezos-protocol-018-Proxford.20.0/opam
 create mode 100644 packages/tezos-protocol-019-PtParisB/tezos-protocol-019-PtParisB.20.0/opam
 create mode 100644 packages/tezos-protocol-alpha/tezos-protocol-alpha.20.0/opam
 create mode 100644 packages/tezos-protocol-demo-counter/tezos-protocol-demo-counter.20.0/opam
 create mode 100644 packages/tezos-protocol-demo-noops/tezos-protocol-demo-noops.20.0/opam
 create mode 100644 packages/tezos-protocol-genesis/tezos-protocol-genesis.20.0/opam
 create mode 100644 packages/tezos-proxy-server-config/tezos-proxy-server-config.20.0/opam
 create mode 100644 packages/tezt-tezos/tezt-tezos.20.0/opam

[01;34m(from ocaml/opam:debian-12-ocaml-4.14@sha256:2ba69112cb856b702920b505b82a8fab331d2c9d9406c7f3b9f4adb73637666c)[0m
[01;2m[01;35m2024-05-30 17:04.38 ---> using "48fcd9b686ae3e44ef60a164ef8db6e11e86f168703f26fb1315f899c9c53662" from cache[0m

[01;34m/: (user (uid 1000) (gid 1000))[0m

[01;34m/: (workdir /home/opam)[0m

[01;34m/home/opam: (run (shell "sudo ln -f /usr/bin/opam-2.1 /usr/bin/opam"))[0m
[01;2m[01;35m2024-05-30 17:04.38 ---> using "2c3cfe222678361350f54d2fd0d3629836a1caadeb3d32232aed3d337b400c0e" from cache[0m

[01;34m/home/opam: (run (network host)
                 (shell "opam init --reinit --config .opamrc-sandbox -ni"))[0m
Configuring from /home/opam/.opamrc-sandbox, then /home/opam/.opamrc, and finally from built-in defaults.
Checking for available remotes: rsync and local, git.
  - you won't be able to use mercurial repositories unless you install the hg command on your system.
  - you won't be able to use darcs repositories unless you install the darcs command on your system.

This version of opam requires an update to the layout of /home/opam/.opam from version 2.0 to version 2.1, which can't be reverted.
You may want to back it up before going further.

Continue? [Y/n] y
Format upgrade done.

<><> Updating repositories ><><><><><><><><><><><><><><><><><><><><><><><><><><>
[default] synchronised from file:///home/opam/opam-repository
[01;2m[01;35m2024-05-30 17:04.38 ---> using "3c68e0ebee8348210d089d520024b866c58ef169efc405130a567eaba81ed4ca" from cache[0m

[01;34m/home/opam: (run (shell "uname -rs && opam exec -- ocaml -version && opam --version"))[0m
Linux 5.15.0-107-generic
The OCaml toplevel, version 4.14.2
2.1.6
[01;2m[01;35m2024-05-30 17:04.38 ---> using "9702442a4beab8f1ec9868ede9345690cc7e926a709756e7ab878883b40630bc" from cache[0m

[01;34m/home/opam: (env OPAMDOWNLOADJOBS 1)[0m

[01;34m/home/opam: (env OPAMERRLOGLEN 0)[0m

[01;34m/home/opam: (env OPAMSOLVERTIMEOUT 500)[0m

[01;34m/home/opam: (env OPAMPRECISETRACKING 1)[0m

[01;34m/home/opam: (env CI true)[0m

[01;34m/home/opam: (env OPAM_REPO_CI true)[0m

[01;34m/home/opam: (run (shell "rm -rf opam-repository/"))[0m
[01;2m[01;35m2024-05-30 17:04.38 ---> using "7b48adb7bf8c739ac7a8258c54111d6a58f69ec86b859ebeca733e25c24244af" from cache[0m

[01;34m/home/opam: (copy (src .) (dst opam-repository/))[0m
[01;2m[01;35m2024-05-30 17:04.39 ---> using "8bf69d65b8f7435ea20b6d81887e1be0a42eb59332a7a2025e717994e253382e" from cache[0m

[01;34m/home/opam: (run (shell "opam repository set-url --strict default opam-repository/"))[0m
[default] Initialised
[01;2m[01;35m2024-05-30 17:04.39 ---> using "da93e20e3bc573cf16f790596b162cafaa980eea4f58aa0960c507aa013b0d3b" from cache[0m

[01;34m/home/opam: (run (network host)
                 (shell "opam update --depexts || true"))[0m
+ /usr/bin/sudo "apt-get" "update"
- Hit:1 http://deb.debian.org/debian bookworm InRelease
- Get:2 http://deb.debian.org/debian bookworm-updates InRelease [55.4 kB]
- Get:3 http://deb.debian.org/debian-security bookworm-security InRelease [48.0 kB]
- Get:4 http://deb.debian.org/debian-security bookworm-security/main amd64 Packages [157 kB]
- Fetched 261 kB in 0s (853 kB/s)
- Reading package lists...
[01;2m[01;35m2024-05-30 17:04.39 ---> using "8bf56a4370a57dcc27dd579017532be854bc4c3dda053702d677e6c250a89e49" from cache[0m

[01;34m/home/opam: (run (shell "opam pin add -k version -yn octez-smart-rollup-node-PtParisB.20.0 20.0"))[0m
octez-smart-rollup-node-PtParisB is now pinned to version 20.0
[01;2m[01;35m2024-05-30 17:04.39 ---> using "7aee099cabb8e09d805e7d75bfec3977d6136fe56d4375da3146f2babe8f4de1" from cache[0m

[01;34m/home/opam: (run (cache (opam-archives (target /home/opam/.opam/download-cache)))
                 (network host)
                 (shell  "opam reinstall octez-smart-rollup-node-PtParisB.20.0;\
                        \n        res=$?;\
                        \n        test \"$res\" != 31 && exit \"$res\";\
                        \n        export OPAMCLI=2.0;\
                        \n        build_dir=$(opam var prefix)/.opam-switch/build;\
                        \n        failed=$(ls \"$build_dir\");\
                        \n        partial_fails=\"\";\
                        \n        for pkg in $failed; do\
                        \n          if opam show -f x-ci-accept-failures: \"$pkg\" | grep -qF \"\\\"debian-12\\\"\"; then\
                        \n            echo \"A package failed and has been disabled for CI using the 'x-ci-accept-failures' field.\";\
                        \n          fi;\
                        \n          test \"$pkg\" != 'octez-smart-rollup-node-PtParisB.20.0' && partial_fails=\"$partial_fails $pkg\";\
                        \n        done;\
                        \n        test \"${partial_fails}\" != \"\" && echo \"opam-repo-ci detected dependencies failing: ${partial_fails}\";\
                        \n        exit 1"))[0m
octez-smart-rollup-node-PtParisB.20.0 is not installed. Install it? [Y/n] y
[ERROR] Sorry, resolution of the request timed out.
        Try to specify a more precise request, use a different solver, or increase the allowed time by setting OPAMSOLVERTIMEOUT to a bigger value (currently, it is set to 500.0 seconds).
"/usr/bin/env" "bash" "-c" "opam reinstall octez-smart-rollup-node-PtParisB.20.0;
        res=$?;
        test "$res" != 31 && exit "$res";
        export OPAMCLI=2.0;
        build_dir=$(opam var prefix)/.opam-switch/build;
        failed=$(ls "$build_dir");
        partial_fails="";
        for pkg in $failed; do
          if opam show -f x-ci-accept-failures: "$pkg" | grep -qF "\"debian-12\""; then
            echo "A package failed and has been disabled for CI using the 'x-ci-accept-failures' field.";
          fi;
          test "$pkg" != 'octez-smart-rollup-node-PtParisB.20.0' && partial_fails="$partial_fails $pkg";
        done;
        test "${partial_fails}" != "" && echo "opam-repo-ci detected dependencies failing: ${partial_fails}";
        exit 1" failed with exit status 60
2024-05-30 17:13.15: Job failed: Failed: Build failed
2024-05-30 17:13.15: Log analysis:
2024-05-30 17:13.15: >>> 
[ERROR] Sorry, resolution of the request timed out.
 (score = 20)
2024-05-30 17:13.15: Sorry, resolution of the request timed out.
