2024-09-20 12:36.15: New job: test js_of_ocaml-toplevel.5.8.2-floats, using opam dev
                              from https://github.com/ocaml/opam-repository.git#refs/pull/26591/head (1386ae4324cc25e4f49fb49c9b0ad5e2748c31ca)
                              on fedora-39-ocaml-5.2/amd64

To reproduce locally:

cd $(mktemp -d)
git clone --recursive "https://github.com/ocaml/opam-repository.git" && cd "opam-repository" && git fetch origin "refs/pull/26591/head" && git reset --hard 1386ae43
git fetch origin master
git merge --no-edit 164c8ecdbe88cb6ee4c0b137997c2e7f3763577e
cat > ../Dockerfile <<'END-OF-DOCKERFILE'
[34mFROM ocaml/opam:fedora-39-ocaml-5.2@sha256:5ebb9bf42b4482f1884003e759954a7c0fd3981264b5b9f899f46e125d104db5
USER 1000:1000
WORKDIR /home/opam
RUN sudo ln -f /usr/bin/opam-dev /usr/bin/opam
RUN opam init --reinit -ni
RUN uname -rs && opam exec -- ocaml -version && opam --version
ENV OPAMDOWNLOADJOBS="1"
ENV OPAMERRLOGLEN="0"
ENV OPAMSOLVERTIMEOUT="1000"
ENV OPAMPRECISETRACKING="1"
ENV CI="true"
ENV OPAM_REPO_CI="true"
RUN rm -rf opam-repository/
COPY --chown=1000:1000 . opam-repository/
RUN opam repository set-url --strict default opam-repository/
RUN opam update --depexts || true
RUN opam pin add -k version -yn js_of_ocaml-toplevel.5.8.2-floats 5.8.2-floats
RUN opam reinstall js_of_ocaml-toplevel.5.8.2-floats; \
    res=$?; \
    test "$res" != 31 && exit "$res"; \
    export OPAMCLI=2.0; \
    build_dir=$(opam var prefix)/.opam-switch/build; \
    failed=$(ls "$build_dir"); \
    partial_fails=""; \
    for pkg in $failed; do \
    if opam show -f x-ci-accept-failures: "$pkg" | grep -qF "\"fedora-39\""; then \
    echo "A package failed and has been disabled for CI using the 'x-ci-accept-failures' field."; \
    fi; \
    test "$pkg" != 'js_of_ocaml-toplevel.5.8.2-floats' && partial_fails="$partial_fails $pkg"; \
    done; \
    test "${partial_fails}" != "" && echo "opam-repo-ci detected dependencies failing: ${partial_fails}"; \
    exit 1
RUN (opam reinstall --with-test js_of_ocaml-toplevel.5.8.2-floats) || true
RUN opam reinstall --with-test --verbose js_of_ocaml-toplevel.5.8.2-floats; \
    res=$?; \
    test "$res" != 31 && exit "$res"; \
    export OPAMCLI=2.0; \
    build_dir=$(opam var prefix)/.opam-switch/build; \
    failed=$(ls "$build_dir"); \
    partial_fails=""; \
    for pkg in $failed; do \
    if opam show -f x-ci-accept-failures: "$pkg" | grep -qF "\"fedora-39\""; then \
    echo "A package failed and has been disabled for CI using the 'x-ci-accept-failures' field."; \
    fi; \
    test "$pkg" != 'js_of_ocaml-toplevel.5.8.2-floats' && partial_fails="$partial_fails $pkg"; \
    done; \
    test "${partial_fails}" != "" && echo "opam-repo-ci detected dependencies failing: ${partial_fails}"; \
    exit 1
[0m
END-OF-DOCKERFILE
docker build -f ../Dockerfile .

2024-09-20 12:36.15: Using cache hint "ocaml/opam:fedora-39-ocaml-5.2@sha256:5ebb9bf42b4482f1884003e759954a7c0fd3981264b5b9f899f46e125d104db5-js_of_ocaml-toplevel.5.8.2-floats-1386ae4324cc25e4f49fb49c9b0ad5e2748c31ca"
2024-09-20 12:36.15: Using OBuilder spec:
((from ocaml/opam:fedora-39-ocaml-5.2@sha256:5ebb9bf42b4482f1884003e759954a7c0fd3981264b5b9f899f46e125d104db5)
 (user (uid 1000) (gid 1000))
 (workdir /home/opam)
 (run (shell "sudo ln -f /usr/bin/opam-dev /usr/bin/opam"))
 (run (network host)
      (shell "opam init --reinit --config .opamrc-sandbox -ni"))
 (run (shell "uname -rs && opam exec -- ocaml -version && opam --version"))
 (env OPAMDOWNLOADJOBS 1)
 (env OPAMERRLOGLEN 0)
 (env OPAMSOLVERTIMEOUT 1000)
 (env OPAMPRECISETRACKING 1)
 (env CI true)
 (env OPAM_REPO_CI true)
 (run (shell "rm -rf opam-repository/"))
 (copy (src .) (dst opam-repository/))
 (run (shell "opam repository set-url --strict default opam-repository/"))
 (run (network host)
      (shell "opam update --depexts || true"))
 (run (shell "opam pin add -k version -yn js_of_ocaml-toplevel.5.8.2-floats 5.8.2-floats"))
 (run (cache (opam-archives (target /home/opam/.opam/download-cache)))
      (network host)
      (shell  "opam reinstall js_of_ocaml-toplevel.5.8.2-floats;\
             \n        res=$?;\
             \n        test \"$res\" != 31 && exit \"$res\";\
             \n        export OPAMCLI=2.0;\
             \n        build_dir=$(opam var prefix)/.opam-switch/build;\
             \n        failed=$(ls \"$build_dir\");\
             \n        partial_fails=\"\";\
             \n        for pkg in $failed; do\
             \n          if opam show -f x-ci-accept-failures: \"$pkg\" | grep -qF \"\\\"fedora-39\\\"\"; then\
             \n            echo \"A package failed and has been disabled for CI using the 'x-ci-accept-failures' field.\";\
             \n          fi;\
             \n          test \"$pkg\" != 'js_of_ocaml-toplevel.5.8.2-floats' && partial_fails=\"$partial_fails $pkg\";\
             \n        done;\
             \n        test \"${partial_fails}\" != \"\" && echo \"opam-repo-ci detected dependencies failing: ${partial_fails}\";\
             \n        exit 1"))
 (run (network host)
      (shell "(opam reinstall --with-test js_of_ocaml-toplevel.5.8.2-floats) || true"))
 (run (shell  "opam reinstall --with-test --verbose js_of_ocaml-toplevel.5.8.2-floats;\
             \n        res=$?;\
             \n        test \"$res\" != 31 && exit \"$res\";\
             \n        export OPAMCLI=2.0;\
             \n        build_dir=$(opam var prefix)/.opam-switch/build;\
             \n        failed=$(ls \"$build_dir\");\
             \n        partial_fails=\"\";\
             \n        for pkg in $failed; do\
             \n          if opam show -f x-ci-accept-failures: \"$pkg\" | grep -qF \"\\\"fedora-39\\\"\"; then\
             \n            echo \"A package failed and has been disabled for CI using the 'x-ci-accept-failures' field.\";\
             \n          fi;\
             \n          test \"$pkg\" != 'js_of_ocaml-toplevel.5.8.2-floats' && partial_fails=\"$partial_fails $pkg\";\
             \n        done;\
             \n        test \"${partial_fails}\" != \"\" && echo \"opam-repo-ci detected dependencies failing: ${partial_fails}\";\
             \n        exit 1"))
)

2024-09-20 12:36.15: Waiting for resource in pool OCluster
2024-09-20 12:36.20: Waiting for worker…
2024-09-20 12:40.31: Got resource from pool OCluster
Building on x86-bm-c18.sw.ocaml.org
All commits already cached
Updating files:  88% (28471/32265)Updating files:  89% (28716/32265)Updating files:  90% (29039/32265)Updating files:  91% (29362/32265)Updating files:  92% (29684/32265)Updating files:  93% (30007/32265)Updating files:  94% (30330/32265)Updating files:  95% (30652/32265)Updating files:  96% (30975/32265)Updating files:  97% (31298/32265)Updating files:  98% (31620/32265)Updating files:  99% (31943/32265)Updating files: 100% (32265/32265)Updating files: 100% (32265/32265), done.
HEAD is now at 164c8ecdbe Merge pull request #26586 from fpottier/opam-publish-hachis.20240918
Updating 164c8ecdbe..1386ae4324
Fast-forward
 .../js_of_ocaml-compiler.5.8.2-floats/opam         | 55 ++++++++++++++++++++++
 .../js_of_ocaml-lwt.5.8.2-floats/opam              | 48 +++++++++++++++++++
 .../js_of_ocaml-ppx.5.8.2-floats/opam              | 45 ++++++++++++++++++
 .../opam                                           | 45 ++++++++++++++++++
 .../js_of_ocaml-toplevel.5.8.2-floats/opam         | 48 +++++++++++++++++++
 .../js_of_ocaml-tyxml.5.8.2-floats/opam            | 49 +++++++++++++++++++
 packages/js_of_ocaml/js_of_ocaml.5.8.2-floats/opam | 54 +++++++++++++++++++++
 7 files changed, 344 insertions(+)
 create mode 100644 packages/js_of_ocaml-compiler/js_of_ocaml-compiler.5.8.2-floats/opam
 create mode 100644 packages/js_of_ocaml-lwt/js_of_ocaml-lwt.5.8.2-floats/opam
 create mode 100644 packages/js_of_ocaml-ppx/js_of_ocaml-ppx.5.8.2-floats/opam
 create mode 100644 packages/js_of_ocaml-ppx_deriving_json/js_of_ocaml-ppx_deriving_json.5.8.2-floats/opam
 create mode 100644 packages/js_of_ocaml-toplevel/js_of_ocaml-toplevel.5.8.2-floats/opam
 create mode 100644 packages/js_of_ocaml-tyxml/js_of_ocaml-tyxml.5.8.2-floats/opam
 create mode 100644 packages/js_of_ocaml/js_of_ocaml.5.8.2-floats/opam

[01;34m(from ocaml/opam:fedora-39-ocaml-5.2@sha256:5ebb9bf42b4482f1884003e759954a7c0fd3981264b5b9f899f46e125d104db5)[0m
Unable to find image 'ocaml/opam:fedora-39-ocaml-5.2@sha256:5ebb9bf42b4482f1884003e759954a7c0fd3981264b5b9f899f46e125d104db5' locally
docker.io/ocaml/opam@sha256:5ebb9bf42b4482f1884003e759954a7c0fd3981264b5b9f899f46e125d104db5: Pulling from ocaml/opam
20098478e081: Pulling fs layer
20098478e081: Verifying Checksum
20098478e081: Download complete
20098478e081: Pull complete
Digest: sha256:5ebb9bf42b4482f1884003e759954a7c0fd3981264b5b9f899f46e125d104db5
Status: Downloaded newer image for ocaml/opam@sha256:5ebb9bf42b4482f1884003e759954a7c0fd3981264b5b9f899f46e125d104db5
[01;2m[01;35m2024-09-20 12:42.43 ---> saved as "4021f8a8d6df81e195df6378f2854bb4e5ea5fa810ae4c90d9daca1f797c4b90"[0m

[01;34m/: (user (uid 1000) (gid 1000))[0m

[01;34m/: (workdir /home/opam)[0m

[01;34m/home/opam: (run (shell "sudo ln -f /usr/bin/opam-dev /usr/bin/opam"))[0m
[01;2m[01;35m2024-09-20 12:42.43 ---> saved as "ae1dc429d3dc39602e6c07bfcc987b96d5c7d8d9f680e23d68eeeefbb450e5f5"[0m

[01;34m/home/opam: (run (network host)
                 (shell "opam init --reinit --config .opamrc-sandbox -ni"))[0m
Configuring from /home/opam/.opamrc-sandbox, then /home/opam/.opamrc, and finally from built-in defaults.
Checking for available remotes: rsync and local, git.
  - you won't be able to use mercurial repositories unless you install the hg command on your system.
  - you won't be able to use darcs repositories unless you install the darcs command on your system.

This development version of opam requires an update to the layout of /home/opam/.opam from version 2.0 to version 2.2, which can't be reverted.
You may want to back it up before going further.

Continue? [y/n] y
Format upgrade done.

<><> Updating repositories ><><><><><><><><><><><><><><><><><><><><><><><><><><>
[default] synchronised from file:///home/opam/opam-repository
[01;2m[01;35m2024-09-20 12:44.02 ---> saved as "5adc5118e4f96aaa34dd277c87846b7973e9c4ceb8f9f084d84d9d25e6bbc422"[0m

[01;34m/home/opam: (run (shell "uname -rs && opam exec -- ocaml -version && opam --version"))[0m
Linux 5.15.0-121-generic
The OCaml toplevel, version 5.2.0
2.3.0~alpha~dev
[01;2m[01;35m2024-09-20 12:44.02 ---> saved as "9f5a97ffe9f4b8515ee4dbe30b871774df4ff64c0e7e2127f8cf94bba3d86baf"[0m

[01;34m/home/opam: (env OPAMDOWNLOADJOBS 1)[0m

[01;34m/home/opam: (env OPAMERRLOGLEN 0)[0m

[01;34m/home/opam: (env OPAMSOLVERTIMEOUT 1000)[0m

[01;34m/home/opam: (env OPAMPRECISETRACKING 1)[0m

[01;34m/home/opam: (env CI true)[0m

[01;34m/home/opam: (env OPAM_REPO_CI true)[0m

[01;34m/home/opam: (run (shell "rm -rf opam-repository/"))[0m
[01;2m[01;35m2024-09-20 12:44.10 ---> saved as "060a72e50ea923104ac8982e15e45a364d746b1ebb676707d8612eda6641243a"[0m

[01;34m/home/opam: (copy (src .) (dst opam-repository/))[0m
[01;2m[01;35m2024-09-20 12:44.24 ---> saved as "8191fbee3c22a2564111e588c5f3b31598a908936d96f8c9c66ef5ed2c6dad87"[0m

[01;34m/home/opam: (run (shell "opam repository set-url --strict default opam-repository/"))[0m
[default] Initialised
[01;2m[01;35m2024-09-20 12:45.19 ---> saved as "17700657f2fc8f93c18e794d28754b038608815f8b12e44c823ae619a7c2794e"[0m

[01;34m/home/opam: (run (network host)
                 (shell "opam update --depexts || true"))[0m
+ /usr/bin/sudo "yum" "makecache"
- Fedora 39 - x86_64                              240 kB/s |  28 kB     00:00    
- Fedora 39 openh264 (From Cisco) - x86_64         15 kB/s | 989  B     00:00    
- Fedora 39 - x86_64 - Updates                    142 kB/s |  10 kB     00:00    
- Fedora 39 - x86_64 - Updates                    1.5 MB/s | 7.4 MB     00:05    
- Metadata cache created.
[01;2m[01;35m2024-09-20 12:45.40 ---> saved as "21aaceae5a4932aed04fe79db7471f569ff5282ca4b5a02bf9641599279d1deb"[0m

[01;34m/home/opam: (run (shell "opam pin add -k version -yn js_of_ocaml-toplevel.5.8.2-floats 5.8.2-floats"))[0m
js_of_ocaml-toplevel is now pinned to version 5.8.2-floats
[01;2m[01;35m2024-09-20 12:45.41 ---> saved as "9ff6bda32035f5f260715a6515b411f9488c444b17b2d471596a0c3cf2808fd7"[0m

[01;34m/home/opam: (run (cache (opam-archives (target /home/opam/.opam/download-cache)))
                 (network host)
                 (shell  "opam reinstall js_of_ocaml-toplevel.5.8.2-floats;\
                        \n        res=$?;\
                        \n        test \"$res\" != 31 && exit \"$res\";\
                        \n        export OPAMCLI=2.0;\
                        \n        build_dir=$(opam var prefix)/.opam-switch/build;\
                        \n        failed=$(ls \"$build_dir\");\
                        \n        partial_fails=\"\";\
                        \n        for pkg in $failed; do\
                        \n          if opam show -f x-ci-accept-failures: \"$pkg\" | grep -qF \"\\\"fedora-39\\\"\"; then\
                        \n            echo \"A package failed and has been disabled for CI using the 'x-ci-accept-failures' field.\";\
                        \n          fi;\
                        \n          test \"$pkg\" != 'js_of_ocaml-toplevel.5.8.2-floats' && partial_fails=\"$partial_fails $pkg\";\
                        \n        done;\
                        \n        test \"${partial_fails}\" != \"\" && echo \"opam-repo-ci detected dependencies failing: ${partial_fails}\";\
                        \n        exit 1"))[0m
js_of_ocaml-toplevel.5.8.2-floats is not installed. Install it? [y/n] y
The following actions will be performed:
=== install 18 packages
  - install cmdliner             1.3.0                 [required by js_of_ocaml-compiler]
  - install dune                 3.16.0                [required by js_of_ocaml-toplevel]
  - install gen                  1.1                   [required by sedlex]
  - install js_of_ocaml-compiler 5.8.2-floats          [required by js_of_ocaml-toplevel]
  - install js_of_ocaml-toplevel 5.8.2-floats (pinned)
  - install menhir               20240715              [required by js_of_ocaml-compiler]
  - install menhirCST            20240715              [required by menhir]
  - install menhirLib            20240715              [required by js_of_ocaml-compiler]
  - install menhirSdk            20240715              [required by js_of_ocaml-compiler]
  - install ocaml-compiler-libs  v0.17.0               [required by ppxlib]
  - install ocamlfind            1.9.6                 [required by js_of_ocaml-toplevel]
  - install ppx_derivers         1.2.1                 [required by ppxlib]
  - install ppxlib               0.33.0                [required by js_of_ocaml-compiler]
  - install sedlex               3.2                   [required by js_of_ocaml-compiler]
  - install seq                  base                  [required by yojson]
  - install sexplib0             v0.17.0               [required by ppxlib]
  - install stdlib-shims         0.3.0                 [required by ppxlib]
  - install yojson               2.2.2                 [required by js_of_ocaml-compiler]

<><> Processing actions <><><><><><><><><><><><><><><><><><><><><><><><><><><><>
-> retrieved cmdliner.1.3.0  (cached)
-> retrieved dune.3.16.0  (cached)
-> retrieved gen.1.1  (cached)
-> retrieved js_of_ocaml-compiler.5.8.2-floats, js_of_ocaml-toplevel.5.8.2-floats  (cached)
-> retrieved menhir.20240715, menhirCST.20240715, menhirLib.20240715, menhirSdk.20240715  (cached)
-> retrieved ocaml-compiler-libs.v0.17.0  (cached)
-> retrieved ocamlfind.1.9.6  (cached)
-> installed cmdliner.1.3.0
-> retrieved ppx_derivers.1.2.1  (cached)
-> retrieved ppxlib.0.33.0  (cached)
-> retrieved sedlex.3.2  (cached)
-> retrieved seq.base  (cached)
-> installed seq.base
-> retrieved sexplib0.v0.17.0  (cached)
-> retrieved stdlib-shims.0.3.0  (cached)
-> retrieved yojson.2.2.2  (cached)
-> installed ocamlfind.1.9.6
-> installed dune.3.16.0
-> installed menhirCST.20240715
-> installed ppx_derivers.1.2.1
-> installed stdlib-shims.0.3.0
-> installed menhirSdk.20240715
-> installed sexplib0.v0.17.0
-> installed gen.1.1
-> installed menhirLib.20240715
-> installed ocaml-compiler-libs.v0.17.0
-> installed yojson.2.2.2
-> installed menhir.20240715
-> installed ppxlib.0.33.0
-> installed sedlex.3.2
-> installed js_of_ocaml-compiler.5.8.2-floats
-> installed js_of_ocaml-toplevel.5.8.2-floats
Done.
# To update the current shell environment, run: eval $(opam env)
[01;2m[01;35m2024-09-20 12:47.12 ---> saved as "ac9f2d7314ca8350498fb73b16d602699bcaee77a49b48cfd34168f3ca861572"[0m

[01;34m/home/opam: (run (network host)
                 (shell "(opam reinstall --with-test js_of_ocaml-toplevel.5.8.2-floats) || true"))[0m
[ERROR] Sorry, resolution of the request timed out.
        Try to specify a more precise request, use a different solver, or increase the allowed time by setting OPAMSOLVERTIMEOUT to a bigger value (currently, it is set to 1000.0 seconds).
[01;2m[01;35m2024-09-20 13:04.08 ---> saved as "5cc9ff1725168e9371e37b3ddf462a9a54cc847b1c8e8d2c92a865bf5562bbd7"[0m

[01;34m/home/opam: (run (shell  "opam reinstall --with-test --verbose js_of_ocaml-toplevel.5.8.2-floats;\
                        \n        res=$?;\
                        \n        test \"$res\" != 31 && exit \"$res\";\
                        \n        export OPAMCLI=2.0;\
                        \n        build_dir=$(opam var prefix)/.opam-switch/build;\
                        \n        failed=$(ls \"$build_dir\");\
                        \n        partial_fails=\"\";\
                        \n        for pkg in $failed; do\
                        \n          if opam show -f x-ci-accept-failures: \"$pkg\" | grep -qF \"\\\"fedora-39\\\"\"; then\
                        \n            echo \"A package failed and has been disabled for CI using the 'x-ci-accept-failures' field.\";\
                        \n          fi;\
                        \n          test \"$pkg\" != 'js_of_ocaml-toplevel.5.8.2-floats' && partial_fails=\"$partial_fails $pkg\";\
                        \n        done;\
                        \n        test \"${partial_fails}\" != \"\" && echo \"opam-repo-ci detected dependencies failing: ${partial_fails}\";\
                        \n        exit 1"))[0m
2024-09-20 13:13.39: Cancelling: Auto-cancelling job because it is no longer needed
Job cancelled
