2024-09-20 13:14.06: New job: test js_of_ocaml-toplevel.5.8.2-floats, using opam dev
                              from https://github.com/ocaml/opam-repository.git#refs/pull/26591/head (e588b5e12bcef6e8b6214404aed6b8c44cf38fed)
                              on debian-testing-ocaml-5.2/amd64

To reproduce locally:

cd $(mktemp -d)
git clone --recursive "https://github.com/ocaml/opam-repository.git" && cd "opam-repository" && git fetch origin "refs/pull/26591/head" && git reset --hard e588b5e1
git fetch origin master
git merge --no-edit 164c8ecdbe88cb6ee4c0b137997c2e7f3763577e
cat > ../Dockerfile <<'END-OF-DOCKERFILE'
[34mFROM ocaml/opam:debian-testing-ocaml-5.2@sha256:7bd19f8a9437de2053cb8d6cdc06bd4fc02c8bebdfcbdf747d3fef4eff8eef60
USER 1000:1000
WORKDIR /home/opam
RUN sudo ln -f /usr/bin/opam-dev /usr/bin/opam
RUN opam init --reinit -ni
RUN uname -rs && opam exec -- ocaml -version && opam --version
ENV OPAMDOWNLOADJOBS="1"
ENV OPAMERRLOGLEN="0"
ENV OPAMSOLVERTIMEOUT="1000"
ENV OPAMPRECISETRACKING="1"
ENV CI="true"
ENV OPAM_REPO_CI="true"
RUN rm -rf opam-repository/
COPY --chown=1000:1000 . opam-repository/
RUN opam repository set-url --strict default opam-repository/
RUN opam update --depexts || true
RUN opam pin add -k version -yn js_of_ocaml-toplevel.5.8.2-floats 5.8.2-floats
RUN opam reinstall js_of_ocaml-toplevel.5.8.2-floats; \
    res=$?; \
    test "$res" != 31 && exit "$res"; \
    export OPAMCLI=2.0; \
    build_dir=$(opam var prefix)/.opam-switch/build; \
    failed=$(ls "$build_dir"); \
    partial_fails=""; \
    for pkg in $failed; do \
    if opam show -f x-ci-accept-failures: "$pkg" | grep -qF "\"debian-testing\""; then \
    echo "A package failed and has been disabled for CI using the 'x-ci-accept-failures' field."; \
    fi; \
    test "$pkg" != 'js_of_ocaml-toplevel.5.8.2-floats' && partial_fails="$partial_fails $pkg"; \
    done; \
    test "${partial_fails}" != "" && echo "opam-repo-ci detected dependencies failing: ${partial_fails}"; \
    exit 1
RUN (opam reinstall --with-test js_of_ocaml-toplevel.5.8.2-floats) || true
RUN opam reinstall --with-test --verbose js_of_ocaml-toplevel.5.8.2-floats; \
    res=$?; \
    test "$res" != 31 && exit "$res"; \
    export OPAMCLI=2.0; \
    build_dir=$(opam var prefix)/.opam-switch/build; \
    failed=$(ls "$build_dir"); \
    partial_fails=""; \
    for pkg in $failed; do \
    if opam show -f x-ci-accept-failures: "$pkg" | grep -qF "\"debian-testing\""; then \
    echo "A package failed and has been disabled for CI using the 'x-ci-accept-failures' field."; \
    fi; \
    test "$pkg" != 'js_of_ocaml-toplevel.5.8.2-floats' && partial_fails="$partial_fails $pkg"; \
    done; \
    test "${partial_fails}" != "" && echo "opam-repo-ci detected dependencies failing: ${partial_fails}"; \
    exit 1
[0m
END-OF-DOCKERFILE
docker build -f ../Dockerfile .

2024-09-20 13:14.06: Using cache hint "ocaml/opam:debian-testing-ocaml-5.2@sha256:7bd19f8a9437de2053cb8d6cdc06bd4fc02c8bebdfcbdf747d3fef4eff8eef60-js_of_ocaml-toplevel.5.8.2-floats-e588b5e12bcef6e8b6214404aed6b8c44cf38fed"
2024-09-20 13:14.06: Using OBuilder spec:
((from ocaml/opam:debian-testing-ocaml-5.2@sha256:7bd19f8a9437de2053cb8d6cdc06bd4fc02c8bebdfcbdf747d3fef4eff8eef60)
 (user (uid 1000) (gid 1000))
 (workdir /home/opam)
 (run (shell "sudo ln -f /usr/bin/opam-dev /usr/bin/opam"))
 (run (network host)
      (shell "opam init --reinit --config .opamrc-sandbox -ni"))
 (run (shell "uname -rs && opam exec -- ocaml -version && opam --version"))
 (env OPAMDOWNLOADJOBS 1)
 (env OPAMERRLOGLEN 0)
 (env OPAMSOLVERTIMEOUT 1000)
 (env OPAMPRECISETRACKING 1)
 (env CI true)
 (env OPAM_REPO_CI true)
 (run (shell "rm -rf opam-repository/"))
 (copy (src .) (dst opam-repository/))
 (run (shell "opam repository set-url --strict default opam-repository/"))
 (run (network host)
      (shell "opam update --depexts || true"))
 (run (shell "opam pin add -k version -yn js_of_ocaml-toplevel.5.8.2-floats 5.8.2-floats"))
 (run (cache (opam-archives (target /home/opam/.opam/download-cache)))
      (network host)
      (shell  "opam reinstall js_of_ocaml-toplevel.5.8.2-floats;\
             \n        res=$?;\
             \n        test \"$res\" != 31 && exit \"$res\";\
             \n        export OPAMCLI=2.0;\
             \n        build_dir=$(opam var prefix)/.opam-switch/build;\
             \n        failed=$(ls \"$build_dir\");\
             \n        partial_fails=\"\";\
             \n        for pkg in $failed; do\
             \n          if opam show -f x-ci-accept-failures: \"$pkg\" | grep -qF \"\\\"debian-testing\\\"\"; then\
             \n            echo \"A package failed and has been disabled for CI using the 'x-ci-accept-failures' field.\";\
             \n          fi;\
             \n          test \"$pkg\" != 'js_of_ocaml-toplevel.5.8.2-floats' && partial_fails=\"$partial_fails $pkg\";\
             \n        done;\
             \n        test \"${partial_fails}\" != \"\" && echo \"opam-repo-ci detected dependencies failing: ${partial_fails}\";\
             \n        exit 1"))
 (run (network host)
      (shell "(opam reinstall --with-test js_of_ocaml-toplevel.5.8.2-floats) || true"))
 (run (shell  "opam reinstall --with-test --verbose js_of_ocaml-toplevel.5.8.2-floats;\
             \n        res=$?;\
             \n        test \"$res\" != 31 && exit \"$res\";\
             \n        export OPAMCLI=2.0;\
             \n        build_dir=$(opam var prefix)/.opam-switch/build;\
             \n        failed=$(ls \"$build_dir\");\
             \n        partial_fails=\"\";\
             \n        for pkg in $failed; do\
             \n          if opam show -f x-ci-accept-failures: \"$pkg\" | grep -qF \"\\\"debian-testing\\\"\"; then\
             \n            echo \"A package failed and has been disabled for CI using the 'x-ci-accept-failures' field.\";\
             \n          fi;\
             \n          test \"$pkg\" != 'js_of_ocaml-toplevel.5.8.2-floats' && partial_fails=\"$partial_fails $pkg\";\
             \n        done;\
             \n        test \"${partial_fails}\" != \"\" && echo \"opam-repo-ci detected dependencies failing: ${partial_fails}\";\
             \n        exit 1"))
)

2024-09-20 13:14.06: Waiting for resource in pool OCluster
2024-09-20 13:44.58: Waiting for worker…
2024-09-20 13:49.29: Got resource from pool OCluster
Building on x86-bm-c9.sw.ocaml.org
All commits already cached
Updating files:  82% (26639/32265)Updating files:  83% (26780/32265)Updating files:  84% (27103/32265)Updating files:  85% (27426/32265)Updating files:  86% (27748/32265)Updating files:  87% (28071/32265)Updating files:  88% (28394/32265)Updating files:  89% (28716/32265)Updating files:  90% (29039/32265)Updating files:  91% (29362/32265)Updating files:  92% (29684/32265)Updating files:  93% (30007/32265)Updating files:  94% (30330/32265)Updating files:  95% (30652/32265)Updating files:  96% (30975/32265)Updating files:  97% (31298/32265)Updating files:  98% (31620/32265)Updating files:  99% (31943/32265)Updating files: 100% (32265/32265)Updating files: 100% (32265/32265), done.
HEAD is now at 164c8ecdbe Merge pull request #26586 from fpottier/opam-publish-hachis.20240918
Updating 164c8ecdbe..e588b5e12b
Fast-forward
 .../js_of_ocaml-compiler.5.8.2-floats/opam         | 55 ++++++++++++++++++++++
 .../js_of_ocaml-lwt.5.8.2-floats/opam              | 48 +++++++++++++++++++
 .../js_of_ocaml-ppx.5.8.2-floats/opam              | 45 ++++++++++++++++++
 .../opam                                           | 45 ++++++++++++++++++
 .../js_of_ocaml-toplevel.5.8.2-floats/opam         | 48 +++++++++++++++++++
 .../js_of_ocaml-tyxml.5.8.2-floats/opam            | 49 +++++++++++++++++++
 packages/js_of_ocaml/js_of_ocaml.5.8.2-floats/opam | 55 ++++++++++++++++++++++
 7 files changed, 345 insertions(+)
 create mode 100644 packages/js_of_ocaml-compiler/js_of_ocaml-compiler.5.8.2-floats/opam
 create mode 100644 packages/js_of_ocaml-lwt/js_of_ocaml-lwt.5.8.2-floats/opam
 create mode 100644 packages/js_of_ocaml-ppx/js_of_ocaml-ppx.5.8.2-floats/opam
 create mode 100644 packages/js_of_ocaml-ppx_deriving_json/js_of_ocaml-ppx_deriving_json.5.8.2-floats/opam
 create mode 100644 packages/js_of_ocaml-toplevel/js_of_ocaml-toplevel.5.8.2-floats/opam
 create mode 100644 packages/js_of_ocaml-tyxml/js_of_ocaml-tyxml.5.8.2-floats/opam
 create mode 100644 packages/js_of_ocaml/js_of_ocaml.5.8.2-floats/opam

[01;34m(from ocaml/opam:debian-testing-ocaml-5.2@sha256:7bd19f8a9437de2053cb8d6cdc06bd4fc02c8bebdfcbdf747d3fef4eff8eef60)[0m
[01;2m[01;35m2024-09-20 13:49.31 ---> using "2f1fab6060549a45c68fae85c6cace22f3b40cc19fe740e3a98342b2919f1322" from cache[0m

[01;34m/: (user (uid 1000) (gid 1000))[0m

[01;34m/: (workdir /home/opam)[0m

[01;34m/home/opam: (run (shell "sudo ln -f /usr/bin/opam-dev /usr/bin/opam"))[0m
[01;2m[01;35m2024-09-20 13:49.31 ---> using "e7ad18ad4757c3112ab948779a0fc61684a40870e766b8cbc5ccca4033962804" from cache[0m

[01;34m/home/opam: (run (network host)
                 (shell "opam init --reinit --config .opamrc-sandbox -ni"))[0m
Configuring from /home/opam/.opamrc-sandbox, then /home/opam/.opamrc, and finally from built-in defaults.
Checking for available remotes: rsync and local, git.
  - you won't be able to use mercurial repositories unless you install the hg command on your system.
  - you won't be able to use darcs repositories unless you install the darcs command on your system.

This development version of opam requires an update to the layout of /home/opam/.opam from version 2.0 to version 2.2, which can't be reverted.
You may want to back it up before going further.

Continue? [y/n] y
Format upgrade done.

<><> Updating repositories ><><><><><><><><><><><><><><><><><><><><><><><><><><>
[default] synchronised from file:///home/opam/opam-repository
[01;2m[01;35m2024-09-20 13:49.31 ---> using "a8bfd9d62611028f18e1df89c8d6f59aaca6a1eb7aff7ef7c538b537d6882a26" from cache[0m

[01;34m/home/opam: (run (shell "uname -rs && opam exec -- ocaml -version && opam --version"))[0m
Linux 5.15.0-121-generic
The OCaml toplevel, version 5.2.0
2.3.0~alpha~dev
[01;2m[01;35m2024-09-20 13:49.31 ---> using "e566af048b4231d39ea53f09c0552e896f29589fea16141466f3b5f099d40511" from cache[0m

[01;34m/home/opam: (env OPAMDOWNLOADJOBS 1)[0m

[01;34m/home/opam: (env OPAMERRLOGLEN 0)[0m

[01;34m/home/opam: (env OPAMSOLVERTIMEOUT 1000)[0m

[01;34m/home/opam: (env OPAMPRECISETRACKING 1)[0m

[01;34m/home/opam: (env CI true)[0m

[01;34m/home/opam: (env OPAM_REPO_CI true)[0m

[01;34m/home/opam: (run (shell "rm -rf opam-repository/"))[0m
[01;2m[01;35m2024-09-20 13:49.31 ---> using "2ef298608d7a992c4c9da09ece7cdbd1787075de1218b3bfd352a8d843be6638" from cache[0m

[01;34m/home/opam: (copy (src .) (dst opam-repository/))[0m
[01;2m[01;35m2024-09-20 13:49.34 ---> using "73d0467d8fe7203185e07ba5cbd4c1df5f73187de01d41651d7c777ed262783f" from cache[0m

[01;34m/home/opam: (run (shell "opam repository set-url --strict default opam-repository/"))[0m
[default] Initialised
[01;2m[01;35m2024-09-20 13:49.36 ---> saved as "0b2c142c3a625cbc8d5a2de1de85d382598d9ab2dc7c46e0dfbb715ba00c23c0"[0m

[01;34m/home/opam: (run (network host)
                 (shell "opam update --depexts || true"))[0m
+ /usr/bin/sudo "apt-get" "update"
- Get:1 http://deb.debian.org/debian testing InRelease [169 kB]
- Get:2 http://deb.debian.org/debian testing-updates InRelease [49.6 kB]
- Get:3 http://deb.debian.org/debian-security testing-security InRelease [43.5 kB]
- Get:4 http://deb.debian.org/debian testing/main amd64 Packages.diff/Index [27.9 kB]
- Get:5 http://deb.debian.org/debian testing/main amd64 Packages 2024-09-16-2023.07.pdiff [3274 B]
- Get:6 http://deb.debian.org/debian testing/main amd64 Packages 2024-09-17-0204.14.pdiff [33.5 kB]
- Get:7 http://deb.debian.org/debian testing/main amd64 Packages 2024-09-17-0813.47.pdiff [1078 B]
- Get:8 http://deb.debian.org/debian testing/main amd64 Packages 2024-09-17-1407.26.pdiff [6386 B]
- Get:9 http://deb.debian.org/debian testing/main amd64 Packages 2024-09-17-2005.54.pdiff [4790 B]
- Get:10 http://deb.debian.org/debian testing/main amd64 Packages 2024-09-18-0206.29.pdiff [29.8 kB]
- Get:11 http://deb.debian.org/debian testing/main amd64 Packages 2024-09-18-0805.08.pdiff [6034 B]
- Get:12 http://deb.debian.org/debian testing/main amd64 Packages 2024-09-18-1409.21.pdiff [1103 B]
- Get:13 http://deb.debian.org/debian testing/main amd64 Packages 2024-09-18-2006.56.pdiff [995 B]
- Get:14 http://deb.debian.org/debian testing/main amd64 Packages 2024-09-19-0224.47.pdiff [52.5 kB]
- Get:15 http://deb.debian.org/debian testing/main amd64 Packages 2024-09-19-0805.28.pdiff [6205 B]
- Get:16 http://deb.debian.org/debian testing/main amd64 Packages 2024-09-19-1409.39.pdiff [3326 B]
- Get:17 http://deb.debian.org/debian testing/main amd64 Packages 2024-09-19-2006.55.pdiff [1360 B]
- Get:18 http://deb.debian.org/debian testing/main amd64 Packages 2024-09-20-0205.05.pdiff [27.6 kB]
- Get:19 http://deb.debian.org/debian testing/main amd64 Packages 2024-09-20-0804.16.pdiff [3331 B]
- Get:19 http://deb.debian.org/debian testing/main amd64 Packages 2024-09-20-0804.16.pdiff [3331 B]
- Fetched 472 kB in 1s (328 kB/s)
- Reading package lists...
- 
[01;2m[01;35m2024-09-20 13:49.38 ---> saved as "b1e19ff6778688b233acdcc64f56bbdd58170839027b568099f308d04b15164c"[0m

[01;34m/home/opam: (run (shell "opam pin add -k version -yn js_of_ocaml-toplevel.5.8.2-floats 5.8.2-floats"))[0m
js_of_ocaml-toplevel is now pinned to version 5.8.2-floats
[01;2m[01;35m2024-09-20 13:49.39 ---> saved as "0f17bb5331d7b4b05d72a81cf5a7803b9afb1dc7928069ec7d55c9a31882afc1"[0m

[01;34m/home/opam: (run (cache (opam-archives (target /home/opam/.opam/download-cache)))
                 (network host)
                 (shell  "opam reinstall js_of_ocaml-toplevel.5.8.2-floats;\
                        \n        res=$?;\
                        \n        test \"$res\" != 31 && exit \"$res\";\
                        \n        export OPAMCLI=2.0;\
                        \n        build_dir=$(opam var prefix)/.opam-switch/build;\
                        \n        failed=$(ls \"$build_dir\");\
                        \n        partial_fails=\"\";\
                        \n        for pkg in $failed; do\
                        \n          if opam show -f x-ci-accept-failures: \"$pkg\" | grep -qF \"\\\"debian-testing\\\"\"; then\
                        \n            echo \"A package failed and has been disabled for CI using the 'x-ci-accept-failures' field.\";\
                        \n          fi;\
                        \n          test \"$pkg\" != 'js_of_ocaml-toplevel.5.8.2-floats' && partial_fails=\"$partial_fails $pkg\";\
                        \n        done;\
                        \n        test \"${partial_fails}\" != \"\" && echo \"opam-repo-ci detected dependencies failing: ${partial_fails}\";\
                        \n        exit 1"))[0m
js_of_ocaml-toplevel.5.8.2-floats is not installed. Install it? [y/n] y
The following actions will be performed:
=== install 18 packages
  - install cmdliner             1.3.0                 [required by js_of_ocaml-compiler]
  - install dune                 3.16.0                [required by js_of_ocaml-toplevel]
  - install gen                  1.1                   [required by sedlex]
  - install js_of_ocaml-compiler 5.8.2-floats          [required by js_of_ocaml-toplevel]
  - install js_of_ocaml-toplevel 5.8.2-floats (pinned)
  - install menhir               20240715              [required by js_of_ocaml-compiler]
  - install menhirCST            20240715              [required by menhir]
  - install menhirLib            20240715              [required by js_of_ocaml-compiler]
  - install menhirSdk            20240715              [required by js_of_ocaml-compiler]
  - install ocaml-compiler-libs  v0.17.0               [required by ppxlib]
  - install ocamlfind            1.9.6                 [required by js_of_ocaml-toplevel]
  - install ppx_derivers         1.2.1                 [required by ppxlib]
  - install ppxlib               0.33.0                [required by js_of_ocaml-compiler]
  - install sedlex               3.2                   [required by js_of_ocaml-compiler]
  - install seq                  base                  [required by yojson]
  - install sexplib0             v0.17.0               [required by ppxlib]
  - install stdlib-shims         0.3.0                 [required by ppxlib]
  - install yojson               2.2.2                 [required by js_of_ocaml-compiler]

<><> Processing actions <><><><><><><><><><><><><><><><><><><><><><><><><><><><>
-> retrieved cmdliner.1.3.0  (cached)
-> retrieved dune.3.16.0  (cached)
-> retrieved gen.1.1  (cached)
-> installed cmdliner.1.3.0
-> retrieved js_of_ocaml-compiler.5.8.2-floats, js_of_ocaml-toplevel.5.8.2-floats  (cached)
-> retrieved menhir.20240715, menhirCST.20240715, menhirLib.20240715, menhirSdk.20240715  (cached)
-> retrieved ocaml-compiler-libs.v0.17.0  (cached)
-> retrieved ocamlfind.1.9.6  (cached)
-> retrieved ppx_derivers.1.2.1  (cached)
-> retrieved ppxlib.0.33.0  (cached)
-> retrieved sedlex.3.2  (cached)
-> retrieved seq.base  (cached)
-> installed seq.base
-> retrieved sexplib0.v0.17.0  (cached)
-> retrieved stdlib-shims.0.3.0  (cached)
-> retrieved yojson.2.2.2  (cached)
-> installed ocamlfind.1.9.6
-> installed dune.3.16.0
-> installed ppx_derivers.1.2.1
-> installed menhirCST.20240715
-> installed stdlib-shims.0.3.0
-> installed menhirSdk.20240715
-> installed gen.1.1
-> installed sexplib0.v0.17.0
-> installed menhirLib.20240715
-> installed ocaml-compiler-libs.v0.17.0
-> installed yojson.2.2.2
-> installed menhir.20240715
-> installed ppxlib.0.33.0
-> installed sedlex.3.2
-> installed js_of_ocaml-compiler.5.8.2-floats
-> installed js_of_ocaml-toplevel.5.8.2-floats
Done.
# To update the current shell environment, run: eval $(opam env)
[01;2m[01;35m2024-09-20 13:51.19 ---> saved as "d9b7e2243d7f5085734e3d529e517ca1e25bbd309d0d6c8707f27b7ebea6f559"[0m

[01;34m/home/opam: (run (network host)
                 (shell "(opam reinstall --with-test js_of_ocaml-toplevel.5.8.2-floats) || true"))[0m
[ERROR] Sorry, resolution of the request timed out.
        Try to specify a more precise request, use a different solver, or increase the allowed time by setting OPAMSOLVERTIMEOUT to a bigger value (currently, it is set to 1000.0 seconds).
[01;2m[01;35m2024-09-20 14:08.13 ---> saved as "d7835195281ac62dda42037eb04759f98ab0b517890addfd1d15fd3a4ab5d6cf"[0m

[01;34m/home/opam: (run (shell  "opam reinstall --with-test --verbose js_of_ocaml-toplevel.5.8.2-floats;\
                        \n        res=$?;\
                        \n        test \"$res\" != 31 && exit \"$res\";\
                        \n        export OPAMCLI=2.0;\
                        \n        build_dir=$(opam var prefix)/.opam-switch/build;\
                        \n        failed=$(ls \"$build_dir\");\
                        \n        partial_fails=\"\";\
                        \n        for pkg in $failed; do\
                        \n          if opam show -f x-ci-accept-failures: \"$pkg\" | grep -qF \"\\\"debian-testing\\\"\"; then\
                        \n            echo \"A package failed and has been disabled for CI using the 'x-ci-accept-failures' field.\";\
                        \n          fi;\
                        \n          test \"$pkg\" != 'js_of_ocaml-toplevel.5.8.2-floats' && partial_fails=\"$partial_fails $pkg\";\
                        \n        done;\
                        \n        test \"${partial_fails}\" != \"\" && echo \"opam-repo-ci detected dependencies failing: ${partial_fails}\";\
                        \n        exit 1"))[0m
[ERROR] Sorry, resolution of the request timed out.
        Try to specify a more precise request, use a different solver, or increase the allowed time by setting OPAMSOLVERTIMEOUT to a bigger value (currently, it is set to 1000.0 seconds).
'opam reinstall --with-test --verbose js_of_ocaml-toplevel.5.8.2-floats' failed.
"/usr/bin/env" "bash" "-c" "opam reinstall --with-test --verbose js_of_ocaml-toplevel.5.8.2-floats;
        res=$?;
        test "$res" != 31 && exit "$res";
        export OPAMCLI=2.0;
        build_dir=$(opam var prefix)/.opam-switch/build;
        failed=$(ls "$build_dir");
        partial_fails="";
        for pkg in $failed; do
          if opam show -f x-ci-accept-failures: "$pkg" | grep -qF "\"debian-testing\""; then
            echo "A package failed and has been disabled for CI using the 'x-ci-accept-failures' field.";
          fi;
          test "$pkg" != 'js_of_ocaml-toplevel.5.8.2-floats' && partial_fails="$partial_fails $pkg";
        done;
        test "${partial_fails}" != "" && echo "opam-repo-ci detected dependencies failing: ${partial_fails}";
        exit 1" failed with exit status 60
2024-09-20 14:25.18: Job failed: Failed: Build failed
2024-09-20 14:25.18: Log analysis:
2024-09-20 14:25.18: >>> 
[ERROR] Sorry, resolution of the request timed out.
 (score = 20)
2024-09-20 14:25.18: >>> 
[ERROR] Sorry, resolution of the request timed out.
 (score = 20)
2024-09-20 14:25.18: Sorry, resolution of the request timed out.
