2024-07-23 16:50.15: New job: test melange-webapi.0.21.0 with reason.3.12.0, using opam dev
                              from https://github.com/ocaml/opam-repository.git#refs/pull/26271/head (a7f072c8b560d8d97047dffb2bfaf2c7fde01836)
                              on debian-12-ocaml-4.14/amd64

To reproduce locally:

cd $(mktemp -d)
git clone --recursive "https://github.com/ocaml/opam-repository.git" && cd "opam-repository" && git fetch origin "refs/pull/26271/head" && git reset --hard a7f072c8
git fetch origin master
git merge --no-edit 7db1aa31afe84ee8ce11661302e4f4aac05a372e
cat > ../Dockerfile <<'END-OF-DOCKERFILE'
[34mFROM ocaml/opam:debian-12-ocaml-4.14@sha256:26a960ee1e2387f1702c5ef30713c6fbb28c1ef00f4e42ca6ae073632781956d
USER 1000:1000
WORKDIR /home/opam
RUN sudo ln -f /usr/bin/opam-dev /usr/bin/opam
RUN opam init --reinit -ni
RUN uname -rs && opam exec -- ocaml -version && opam --version
ENV OPAMDOWNLOADJOBS="1"
ENV OPAMERRLOGLEN="0"
ENV OPAMSOLVERTIMEOUT="500"
ENV OPAMPRECISETRACKING="1"
ENV CI="true"
ENV OPAM_REPO_CI="true"
RUN rm -rf opam-repository/
COPY --chown=1000:1000 . opam-repository/
RUN opam repository set-url --strict default opam-repository/
RUN opam update --depexts || true
RUN opam pin add -k version -yn reason.3.12.0 3.12.0
RUN opam reinstall reason.3.12.0; \
    res=$?; \
    test "$res" != 31 && exit "$res"; \
    export OPAMCLI=2.0; \
    build_dir=$(opam var prefix)/.opam-switch/build; \
    failed=$(ls "$build_dir"); \
    partial_fails=""; \
    for pkg in $failed; do \
    if opam show -f x-ci-accept-failures: "$pkg" | grep -qF "\"debian-12\""; then \
    echo "A package failed and has been disabled for CI using the 'x-ci-accept-failures' field."; \
    fi; \
    test "$pkg" != 'reason.3.12.0' && partial_fails="$partial_fails $pkg"; \
    done; \
    test "${partial_fails}" != "" && echo "opam-repo-ci detected dependencies failing: ${partial_fails}"; \
    exit 1
RUN opam reinstall melange-webapi.0.21.0; \
    res=$?; \
    test "$res" != 31 && exit "$res"; \
    export OPAMCLI=2.0; \
    build_dir=$(opam var prefix)/.opam-switch/build; \
    failed=$(ls "$build_dir"); \
    partial_fails=""; \
    for pkg in $failed; do \
    if opam show -f x-ci-accept-failures: "$pkg" | grep -qF "\"debian-12\""; then \
    echo "A package failed and has been disabled for CI using the 'x-ci-accept-failures' field."; \
    fi; \
    test "$pkg" != 'melange-webapi.0.21.0' && partial_fails="$partial_fails $pkg"; \
    done; \
    test "${partial_fails}" != "" && echo "opam-repo-ci detected dependencies failing: ${partial_fails}"; \
    exit 1
RUN (opam reinstall --with-test melange-webapi.0.21.0) || true
RUN opam reinstall --with-test --verbose melange-webapi.0.21.0; \
    res=$?; \
    test "$res" != 31 && exit "$res"; \
    export OPAMCLI=2.0; \
    build_dir=$(opam var prefix)/.opam-switch/build; \
    failed=$(ls "$build_dir"); \
    partial_fails=""; \
    for pkg in $failed; do \
    if opam show -f x-ci-accept-failures: "$pkg" | grep -qF "\"debian-12\""; then \
    echo "A package failed and has been disabled for CI using the 'x-ci-accept-failures' field."; \
    fi; \
    test "$pkg" != 'melange-webapi.0.21.0' && partial_fails="$partial_fails $pkg"; \
    done; \
    test "${partial_fails}" != "" && echo "opam-repo-ci detected dependencies failing: ${partial_fails}"; \
    exit 1
[0m
END-OF-DOCKERFILE
docker build -f ../Dockerfile .

2024-07-23 16:50.15: Using cache hint "ocaml/opam:debian-12-ocaml-4.14@sha256:26a960ee1e2387f1702c5ef30713c6fbb28c1ef00f4e42ca6ae073632781956d-reason.3.12.0-melange-webapi.0.21.0-a7f072c8b560d8d97047dffb2bfaf2c7fde01836"
2024-07-23 16:50.15: Using OBuilder spec:
((from ocaml/opam:debian-12-ocaml-4.14@sha256:26a960ee1e2387f1702c5ef30713c6fbb28c1ef00f4e42ca6ae073632781956d)
 (user (uid 1000) (gid 1000))
 (workdir /home/opam)
 (run (shell "sudo ln -f /usr/bin/opam-dev /usr/bin/opam"))
 (run (network host)
      (shell "opam init --reinit --config .opamrc-sandbox -ni"))
 (run (shell "uname -rs && opam exec -- ocaml -version && opam --version"))
 (env OPAMDOWNLOADJOBS 1)
 (env OPAMERRLOGLEN 0)
 (env OPAMSOLVERTIMEOUT 500)
 (env OPAMPRECISETRACKING 1)
 (env CI true)
 (env OPAM_REPO_CI true)
 (run (shell "rm -rf opam-repository/"))
 (copy (src .) (dst opam-repository/))
 (run (shell "opam repository set-url --strict default opam-repository/"))
 (run (network host)
      (shell "opam update --depexts || true"))
 (run (shell "opam pin add -k version -yn reason.3.12.0 3.12.0"))
 (run (cache (opam-archives (target /home/opam/.opam/download-cache)))
      (network host)
      (shell  "opam reinstall reason.3.12.0;\
             \n        res=$?;\
             \n        test \"$res\" != 31 && exit \"$res\";\
             \n        export OPAMCLI=2.0;\
             \n        build_dir=$(opam var prefix)/.opam-switch/build;\
             \n        failed=$(ls \"$build_dir\");\
             \n        partial_fails=\"\";\
             \n        for pkg in $failed; do\
             \n          if opam show -f x-ci-accept-failures: \"$pkg\" | grep -qF \"\\\"debian-12\\\"\"; then\
             \n            echo \"A package failed and has been disabled for CI using the 'x-ci-accept-failures' field.\";\
             \n          fi;\
             \n          test \"$pkg\" != 'reason.3.12.0' && partial_fails=\"$partial_fails $pkg\";\
             \n        done;\
             \n        test \"${partial_fails}\" != \"\" && echo \"opam-repo-ci detected dependencies failing: ${partial_fails}\";\
             \n        exit 1"))
 (run (cache (opam-archives (target /home/opam/.opam/download-cache)))
      (network host)
      (shell  "opam reinstall melange-webapi.0.21.0;\
             \n        res=$?;\
             \n        test \"$res\" != 31 && exit \"$res\";\
             \n        export OPAMCLI=2.0;\
             \n        build_dir=$(opam var prefix)/.opam-switch/build;\
             \n        failed=$(ls \"$build_dir\");\
             \n        partial_fails=\"\";\
             \n        for pkg in $failed; do\
             \n          if opam show -f x-ci-accept-failures: \"$pkg\" | grep -qF \"\\\"debian-12\\\"\"; then\
             \n            echo \"A package failed and has been disabled for CI using the 'x-ci-accept-failures' field.\";\
             \n          fi;\
             \n          test \"$pkg\" != 'melange-webapi.0.21.0' && partial_fails=\"$partial_fails $pkg\";\
             \n        done;\
             \n        test \"${partial_fails}\" != \"\" && echo \"opam-repo-ci detected dependencies failing: ${partial_fails}\";\
             \n        exit 1"))
 (run (network host)
      (shell "(opam reinstall --with-test melange-webapi.0.21.0) || true"))
 (run (shell  "opam reinstall --with-test --verbose melange-webapi.0.21.0;\
             \n        res=$?;\
             \n        test \"$res\" != 31 && exit \"$res\";\
             \n        export OPAMCLI=2.0;\
             \n        build_dir=$(opam var prefix)/.opam-switch/build;\
             \n        failed=$(ls \"$build_dir\");\
             \n        partial_fails=\"\";\
             \n        for pkg in $failed; do\
             \n          if opam show -f x-ci-accept-failures: \"$pkg\" | grep -qF \"\\\"debian-12\\\"\"; then\
             \n            echo \"A package failed and has been disabled for CI using the 'x-ci-accept-failures' field.\";\
             \n          fi;\
             \n          test \"$pkg\" != 'melange-webapi.0.21.0' && partial_fails=\"$partial_fails $pkg\";\
             \n        done;\
             \n        test \"${partial_fails}\" != \"\" && echo \"opam-repo-ci detected dependencies failing: ${partial_fails}\";\
             \n        exit 1"))
)

2024-07-23 16:50.15: Waiting for resource in pool OCluster
2024-07-23 16:50.15: Waiting for worker…
2024-07-23 16:50.15: Got resource from pool OCluster
Building on x86-bm-c14.sw.ocaml.org
All commits already cached
Updating files:  85% (27195/31862)Updating files:  86% (27402/31862)Updating files:  87% (27720/31862)Updating files:  88% (28039/31862)Updating files:  89% (28358/31862)Updating files:  90% (28676/31862)Updating files:  91% (28995/31862)Updating files:  92% (29314/31862)Updating files:  93% (29632/31862)Updating files:  94% (29951/31862)Updating files:  95% (30269/31862)Updating files:  96% (30588/31862)Updating files:  97% (30907/31862)Updating files:  98% (31225/31862)Updating files:  99% (31544/31862)Updating files: 100% (31862/31862)Updating files: 100% (31862/31862), done.
HEAD is now at 7db1aa31af Merge pull request #26275 from davesnx/release-server-reason-react-0.3.1
Merge made by the 'ort' strategy.
 packages/reason/reason.3.12.0/opam | 52 ++++++++++++++++++++++++++++++++++++++
 packages/rtop/rtop.3.12.0/opam     | 46 +++++++++++++++++++++++++++++++++
 2 files changed, 98 insertions(+)
 create mode 100644 packages/reason/reason.3.12.0/opam
 create mode 100644 packages/rtop/rtop.3.12.0/opam

[01;34m(from ocaml/opam:debian-12-ocaml-4.14@sha256:26a960ee1e2387f1702c5ef30713c6fbb28c1ef00f4e42ca6ae073632781956d)[0m
Unable to find image 'ocaml/opam:debian-12-ocaml-4.14@sha256:26a960ee1e2387f1702c5ef30713c6fbb28c1ef00f4e42ca6ae073632781956d' locally
docker.io/ocaml/opam@sha256:26a960ee1e2387f1702c5ef30713c6fbb28c1ef00f4e42ca6ae073632781956d: Pulling from ocaml/opam
6570ee0d12bf: Already exists
a205ac3b6d6a: Pulling fs layer
e57c18b9f6b1: Pulling fs layer
0f47a17aa93f: Pulling fs layer
f4c51d7feea0: Pulling fs layer
f4c51d7feea0: Waiting
e57c18b9f6b1: Download complete
0f47a17aa93f: Verifying Checksum
0f47a17aa93f: Download complete
f4c51d7feea0: Verifying Checksum
f4c51d7feea0: Download complete
a205ac3b6d6a: Verifying Checksum
a205ac3b6d6a: Download complete
a205ac3b6d6a: Pull complete
e57c18b9f6b1: Pull complete
0f47a17aa93f: Pull complete
f4c51d7feea0: Pull complete
Digest: sha256:26a960ee1e2387f1702c5ef30713c6fbb28c1ef00f4e42ca6ae073632781956d
Status: Downloaded newer image for ocaml/opam@sha256:26a960ee1e2387f1702c5ef30713c6fbb28c1ef00f4e42ca6ae073632781956d
[01;2m[01;35m2024-07-23 16:51.19 ---> saved as "589904b23d29ba1225cff907dea1a5c40518ee28d93a5f9c6f6ee6e1404fb592"[0m

[01;34m/: (user (uid 1000) (gid 1000))[0m

[01;34m/: (workdir /home/opam)[0m

[01;34m/home/opam: (run (shell "sudo ln -f /usr/bin/opam-dev /usr/bin/opam"))[0m
[01;2m[01;35m2024-07-23 16:51.19 ---> saved as "4841703421769eee0af361ad8f31e195f286f14c6077938f574f8c1935af2246"[0m

[01;34m/home/opam: (run (network host)
                 (shell "opam init --reinit --config .opamrc-sandbox -ni"))[0m
Configuring from /home/opam/.opamrc-sandbox, then /home/opam/.opamrc, and finally from built-in defaults.
Checking for available remotes: rsync and local, git.
  - you won't be able to use mercurial repositories unless you install the hg command on your system.
  - you won't be able to use darcs repositories unless you install the darcs command on your system.

Continue? [y/n] y
This development version of opam requires an update to the layout of /home/opam/.opam from version 2.0 to version 2.2, which can't be reverted.
You may want to back it up before going further.

Format upgrade done.

<><> Updating repositories ><><><><><><><><><><><><><><><><><><><><><><><><><><>
[default] synchronised from file:///home/opam/opam-repository
[01;2m[01;35m2024-07-23 16:52.49 ---> saved as "bd668a85987f8d0147fd36dccaaf2891f42b2d5772d3fe005fc0f8c45e6d0b1d"[0m

[01;34m/home/opam: (run (shell "uname -rs && opam exec -- ocaml -version && opam --version"))[0m
Linux 5.15.0-116-generic
The OCaml toplevel, version 4.14.2
2.3.0~alpha~dev
[01;2m[01;35m2024-07-23 16:52.49 ---> saved as "53b3a5cd00abeaf2cca18acdefb9f92d83f7a4a630a54248f96adc6445c0ef8d"[0m

[01;34m/home/opam: (env OPAMDOWNLOADJOBS 1)[0m

[01;34m/home/opam: (env OPAMERRLOGLEN 0)[0m

[01;34m/home/opam: (env OPAMSOLVERTIMEOUT 500)[0m

[01;34m/home/opam: (env OPAMPRECISETRACKING 1)[0m

[01;34m/home/opam: (env CI true)[0m

[01;34m/home/opam: (env OPAM_REPO_CI true)[0m

[01;34m/home/opam: (run (shell "rm -rf opam-repository/"))[0m
[01;2m[01;35m2024-07-23 16:52.55 ---> saved as "32876562a5293793673aea58f4ac9226854288533fe3b784a67288786bd636cb"[0m

[01;34m/home/opam: (copy (src .) (dst opam-repository/))[0m
[01;2m[01;35m2024-07-23 16:53.12 ---> saved as "e5fa16328f335929474ebb452bb7d1dcba8a8134c842487183230f2917d9efd6"[0m

[01;34m/home/opam: (run (shell "opam repository set-url --strict default opam-repository/"))[0m
[default] Initialised
[01;2m[01;35m2024-07-23 16:54.06 ---> saved as "118feb8d344881ffb812c4bfd253d2c4489b66a025b49452789001bf57eba6a2"[0m

[01;34m/home/opam: (run (network host)
                 (shell "opam update --depexts || true"))[0m
+ /usr/bin/sudo "apt-get" "update"
- Hit:1 http://deb.debian.org/debian bookworm InRelease
- Get:2 http://deb.debian.org/debian bookworm-updates InRelease [55.4 kB]
- Get:3 http://deb.debian.org/debian-security bookworm-security InRelease [48.0 kB]
- Get:4 http://deb.debian.org/debian-security bookworm-security/main amd64 Packages [169 kB]
- Fetched 272 kB in 0s (947 kB/s)
- Reading package lists...
[01;2m[01;35m2024-07-23 16:54.07 ---> saved as "f2cf733be37869ad3a02cd56741ab43b4a8d495dcc4a7f0f3857bdb83beb9dd1"[0m

[01;34m/home/opam: (run (shell "opam pin add -k version -yn reason.3.12.0 3.12.0"))[0m
reason is now pinned to version 3.12.0
[01;2m[01;35m2024-07-23 16:54.08 ---> saved as "94291fd9313d6bc027139bc7819e4bccef91b0522edf3e4796cbae06834b9cee"[0m

[01;34m/home/opam: (run (cache (opam-archives (target /home/opam/.opam/download-cache)))
                 (network host)
                 (shell  "opam reinstall reason.3.12.0;\
                        \n        res=$?;\
                        \n        test \"$res\" != 31 && exit \"$res\";\
                        \n        export OPAMCLI=2.0;\
                        \n        build_dir=$(opam var prefix)/.opam-switch/build;\
                        \n        failed=$(ls \"$build_dir\");\
                        \n        partial_fails=\"\";\
                        \n        for pkg in $failed; do\
                        \n          if opam show -f x-ci-accept-failures: \"$pkg\" | grep -qF \"\\\"debian-12\\\"\"; then\
                        \n            echo \"A package failed and has been disabled for CI using the 'x-ci-accept-failures' field.\";\
                        \n          fi;\
                        \n          test \"$pkg\" != 'reason.3.12.0' && partial_fails=\"$partial_fails $pkg\";\
                        \n        done;\
                        \n        test \"${partial_fails}\" != \"\" && echo \"opam-repo-ci detected dependencies failing: ${partial_fails}\";\
                        \n        exit 1"))[0m
reason.3.12.0 is not installed. Install it? [y/n] y
The following actions will be performed:
=== install 16 packages
  - install cppo                1.6.9           [required by reason]
  - install dune                3.16.0          [required by reason]
  - install dune-build-info     3.16.0          [required by reason]
  - install fix                 20230505        [required by reason]
  - install menhir              20240715        [required by reason]
  - install menhirCST           20240715        [required by menhir]
  - install menhirLib           20240715        [required by menhir]
  - install menhirSdk           20240715        [required by menhir]
  - install merlin-extend       0.6.1           [required by reason]
  - install ocaml-compiler-libs v0.12.4         [required by ppxlib]
  - install ocamlfind           1.9.6           [required by reason]
  - install ppx_derivers        1.2.1           [required by reason]
  - install ppxlib              0.32.1          [required by reason]
  - install reason              3.12.0 (pinned)
  - install sexplib0            v0.17.0         [required by ppxlib]
  - install stdlib-shims        0.3.0           [required by ppxlib]

<><> Processing actions <><><><><><><><><><><><><><><><><><><><><><><><><><><><>
-> retrieved cppo.1.6.9  (cached)
-> retrieved dune.3.16.0, dune-build-info.3.16.0  (cached)
-> retrieved fix.20230505  (cached)
-> retrieved menhir.20240715, menhirCST.20240715, menhirLib.20240715, menhirSdk.20240715  (cached)
-> retrieved merlin-extend.0.6.1  (cached)
-> retrieved ocaml-compiler-libs.v0.12.4  (cached)
-> retrieved ocamlfind.1.9.6  (cached)
-> retrieved ppx_derivers.1.2.1  (cached)
-> retrieved ppxlib.0.32.1  (cached)
-> retrieved reason.3.12.0  (cached)
-> retrieved sexplib0.v0.17.0  (cached)
-> retrieved stdlib-shims.0.3.0  (cached)
-> installed ocamlfind.1.9.6
-> installed dune.3.16.0
-> installed cppo.1.6.9
-> installed menhirCST.20240715
-> installed ppx_derivers.1.2.1
-> installed fix.20230505
-> installed stdlib-shims.0.3.0
-> installed menhirSdk.20240715
-> installed merlin-extend.0.6.1
-> installed sexplib0.v0.17.0
-> installed menhirLib.20240715
-> installed dune-build-info.3.16.0
-> installed ocaml-compiler-libs.v0.12.4
-> installed menhir.20240715
-> installed ppxlib.0.32.1
-> installed reason.3.12.0
Done.
# Run eval $(opam env) to update the current shell environment
[01;2m[01;35m2024-07-23 16:55.24 ---> saved as "40a3452fe4f1f5abba7bc0e0d86eccb3dadedfc1cfe61eeaf9c83dec40c8939b"[0m

[01;34m/home/opam: (run (cache (opam-archives (target /home/opam/.opam/download-cache)))
                 (network host)
                 (shell  "opam reinstall melange-webapi.0.21.0;\
                        \n        res=$?;\
                        \n        test \"$res\" != 31 && exit \"$res\";\
                        \n        export OPAMCLI=2.0;\
                        \n        build_dir=$(opam var prefix)/.opam-switch/build;\
                        \n        failed=$(ls \"$build_dir\");\
                        \n        partial_fails=\"\";\
                        \n        for pkg in $failed; do\
                        \n          if opam show -f x-ci-accept-failures: \"$pkg\" | grep -qF \"\\\"debian-12\\\"\"; then\
                        \n            echo \"A package failed and has been disabled for CI using the 'x-ci-accept-failures' field.\";\
                        \n          fi;\
                        \n          test \"$pkg\" != 'melange-webapi.0.21.0' && partial_fails=\"$partial_fails $pkg\";\
                        \n        done;\
                        \n        test \"${partial_fails}\" != \"\" && echo \"opam-repo-ci detected dependencies failing: ${partial_fails}\";\
                        \n        exit 1"))[0m
melange-webapi.0.21.0 is not installed. Install it? [y/n] y
The following actions will be performed:
=== install 4 packages
  - install cmdliner       1.3.0     [required by melange]
  - install melange        4.0.0-414 [required by melange-webapi]
  - install melange-fetch  0.1.0     [required by melange-webapi]
  - install melange-webapi 0.21.0

<><> Processing actions <><><><><><><><><><><><><><><><><><><><><><><><><><><><>
-> retrieved cmdliner.1.3.0  (cached)
-> retrieved melange.4.0.0-414  (cached)
-> retrieved melange-fetch.0.1.0  (https://github.com/melange-community/melange-fetch/releases/download/0.1.0/melange-fetch-0.1.0.tbz)
-> retrieved melange-webapi.0.21.0  (https://github.com/melange-community/melange-webapi/releases/download/0.21.0/melange-webapi-0.21.0.tbz)
-> installed cmdliner.1.3.0
-> installed melange.4.0.0-414
-> installed melange-fetch.0.1.0
-> installed melange-webapi.0.21.0
Done.
# Run eval $(opam env) to update the current shell environment
[01;2m[01;35m2024-07-23 16:56.14 ---> saved as "973eb54e73bdc7a64e2c1c25e10bda826e2d1effdfb848920674c353f40e0d2e"[0m

[01;34m/home/opam: (run (network host)
                 (shell "(opam reinstall --with-test melange-webapi.0.21.0) || true"))[0m
[ERROR] Sorry, resolution of the request timed out.
        Try to specify a more precise request, use a different solver, or increase the allowed time by setting OPAMSOLVERTIMEOUT to a bigger value (currently, it is set to 500.0 seconds).
[01;2m[01;35m2024-07-23 17:04.50 ---> saved as "37bde97dc717262d3badd1ec641685bfb6971c958e42ed9f26a03f77a349189e"[0m

[01;34m/home/opam: (run (shell  "opam reinstall --with-test --verbose melange-webapi.0.21.0;\
                        \n        res=$?;\
                        \n        test \"$res\" != 31 && exit \"$res\";\
                        \n        export OPAMCLI=2.0;\
                        \n        build_dir=$(opam var prefix)/.opam-switch/build;\
                        \n        failed=$(ls \"$build_dir\");\
                        \n        partial_fails=\"\";\
                        \n        for pkg in $failed; do\
                        \n          if opam show -f x-ci-accept-failures: \"$pkg\" | grep -qF \"\\\"debian-12\\\"\"; then\
                        \n            echo \"A package failed and has been disabled for CI using the 'x-ci-accept-failures' field.\";\
                        \n          fi;\
                        \n          test \"$pkg\" != 'melange-webapi.0.21.0' && partial_fails=\"$partial_fails $pkg\";\
                        \n        done;\
                        \n        test \"${partial_fails}\" != \"\" && echo \"opam-repo-ci detected dependencies failing: ${partial_fails}\";\
                        \n        exit 1"))[0m
[ERROR] Sorry, resolution of the request timed out.
        Try to specify a more precise request, use a different solver, or increase the allowed time by setting OPAMSOLVERTIMEOUT to a bigger value (currently, it is set to 500.0 seconds).
'opam reinstall --with-test --verbose melange-webapi.0.21.0' failed.
"/usr/bin/env" "bash" "-c" "opam reinstall --with-test --verbose melange-webapi.0.21.0;
        res=$?;
        test "$res" != 31 && exit "$res";
        export OPAMCLI=2.0;
        build_dir=$(opam var prefix)/.opam-switch/build;
        failed=$(ls "$build_dir");
        partial_fails="";
        for pkg in $failed; do
          if opam show -f x-ci-accept-failures: "$pkg" | grep -qF "\"debian-12\""; then
            echo "A package failed and has been disabled for CI using the 'x-ci-accept-failures' field.";
          fi;
          test "$pkg" != 'melange-webapi.0.21.0' && partial_fails="$partial_fails $pkg";
        done;
        test "${partial_fails}" != "" && echo "opam-repo-ci detected dependencies failing: ${partial_fails}";
        exit 1" failed with exit status 60
2024-07-23 17:13.45: Job failed: Failed: Build failed
2024-07-23 17:13.45: Log analysis:
2024-07-23 17:13.45: >>> 
[ERROR] Sorry, resolution of the request timed out.
 (score = 20)
2024-07-23 17:13.45: >>> 
[ERROR] Sorry, resolution of the request timed out.
 (score = 20)
2024-07-23 17:13.45: Sorry, resolution of the request timed out.
