2024-07-22 09:55.01: New job: test lambdapi.2.5.1, using opam 2.1
                              from https://github.com/ocaml/opam-repository.git#refs/pull/26270/head (5b0603c50b11a425d94487caa242946e2ceef2a8)
                              on debian-12-ocaml-4.14/amd64

To reproduce locally:

cd $(mktemp -d)
git clone --recursive "https://github.com/ocaml/opam-repository.git" && cd "opam-repository" && git fetch origin "refs/pull/26270/head" && git reset --hard 5b0603c5
git fetch origin master
git merge --no-edit 9a084ee68fc785b9569617aa4db4ee1720920494
cat > ../Dockerfile <<'END-OF-DOCKERFILE'
[34mFROM ocaml/opam:debian-12-ocaml-4.14@sha256:26a960ee1e2387f1702c5ef30713c6fbb28c1ef00f4e42ca6ae073632781956d
USER 1000:1000
WORKDIR /home/opam
RUN sudo ln -f /usr/bin/opam-2.1 /usr/bin/opam
RUN opam init --reinit -ni
RUN uname -rs && opam exec -- ocaml -version && opam --version
ENV OPAMDOWNLOADJOBS="1"
ENV OPAMERRLOGLEN="0"
ENV OPAMSOLVERTIMEOUT="500"
ENV OPAMPRECISETRACKING="1"
ENV CI="true"
ENV OPAM_REPO_CI="true"
RUN rm -rf opam-repository/
COPY --chown=1000:1000 . opam-repository/
RUN opam repository set-url --strict default opam-repository/
RUN opam update --depexts || true
RUN opam pin add -k version -yn lambdapi.2.5.1 2.5.1
RUN opam reinstall lambdapi.2.5.1; \
    res=$?; \
    test "$res" != 31 && exit "$res"; \
    export OPAMCLI=2.0; \
    build_dir=$(opam var prefix)/.opam-switch/build; \
    failed=$(ls "$build_dir"); \
    partial_fails=""; \
    for pkg in $failed; do \
    if opam show -f x-ci-accept-failures: "$pkg" | grep -qF "\"debian-12\""; then \
    echo "A package failed and has been disabled for CI using the 'x-ci-accept-failures' field."; \
    fi; \
    test "$pkg" != 'lambdapi.2.5.1' && partial_fails="$partial_fails $pkg"; \
    done; \
    test "${partial_fails}" != "" && echo "opam-repo-ci detected dependencies failing: ${partial_fails}"; \
    exit 1
RUN (opam reinstall --with-test lambdapi.2.5.1) || true
RUN opam reinstall --with-test --verbose lambdapi.2.5.1; \
    res=$?; \
    test "$res" != 31 && exit "$res"; \
    export OPAMCLI=2.0; \
    build_dir=$(opam var prefix)/.opam-switch/build; \
    failed=$(ls "$build_dir"); \
    partial_fails=""; \
    for pkg in $failed; do \
    if opam show -f x-ci-accept-failures: "$pkg" | grep -qF "\"debian-12\""; then \
    echo "A package failed and has been disabled for CI using the 'x-ci-accept-failures' field."; \
    fi; \
    test "$pkg" != 'lambdapi.2.5.1' && partial_fails="$partial_fails $pkg"; \
    done; \
    test "${partial_fails}" != "" && echo "opam-repo-ci detected dependencies failing: ${partial_fails}"; \
    exit 1
[0m
END-OF-DOCKERFILE
docker build -f ../Dockerfile .

2024-07-22 09:55.01: Using cache hint "ocaml/opam:debian-12-ocaml-4.14@sha256:26a960ee1e2387f1702c5ef30713c6fbb28c1ef00f4e42ca6ae073632781956d-lambdapi.2.5.1-5b0603c50b11a425d94487caa242946e2ceef2a8"
2024-07-22 09:55.01: Using OBuilder spec:
((from ocaml/opam:debian-12-ocaml-4.14@sha256:26a960ee1e2387f1702c5ef30713c6fbb28c1ef00f4e42ca6ae073632781956d)
 (user (uid 1000) (gid 1000))
 (workdir /home/opam)
 (run (shell "sudo ln -f /usr/bin/opam-2.1 /usr/bin/opam"))
 (run (network host)
      (shell "opam init --reinit --config .opamrc-sandbox -ni"))
 (run (shell "uname -rs && opam exec -- ocaml -version && opam --version"))
 (env OPAMDOWNLOADJOBS 1)
 (env OPAMERRLOGLEN 0)
 (env OPAMSOLVERTIMEOUT 500)
 (env OPAMPRECISETRACKING 1)
 (env CI true)
 (env OPAM_REPO_CI true)
 (run (shell "rm -rf opam-repository/"))
 (copy (src .) (dst opam-repository/))
 (run (shell "opam repository set-url --strict default opam-repository/"))
 (run (network host)
      (shell "opam update --depexts || true"))
 (run (shell "opam pin add -k version -yn lambdapi.2.5.1 2.5.1"))
 (run (cache (opam-archives (target /home/opam/.opam/download-cache)))
      (network host)
      (shell  "opam reinstall lambdapi.2.5.1;\
             \n        res=$?;\
             \n        test \"$res\" != 31 && exit \"$res\";\
             \n        export OPAMCLI=2.0;\
             \n        build_dir=$(opam var prefix)/.opam-switch/build;\
             \n        failed=$(ls \"$build_dir\");\
             \n        partial_fails=\"\";\
             \n        for pkg in $failed; do\
             \n          if opam show -f x-ci-accept-failures: \"$pkg\" | grep -qF \"\\\"debian-12\\\"\"; then\
             \n            echo \"A package failed and has been disabled for CI using the 'x-ci-accept-failures' field.\";\
             \n          fi;\
             \n          test \"$pkg\" != 'lambdapi.2.5.1' && partial_fails=\"$partial_fails $pkg\";\
             \n        done;\
             \n        test \"${partial_fails}\" != \"\" && echo \"opam-repo-ci detected dependencies failing: ${partial_fails}\";\
             \n        exit 1"))
 (run (network host)
      (shell "(opam reinstall --with-test lambdapi.2.5.1) || true"))
 (run (shell  "opam reinstall --with-test --verbose lambdapi.2.5.1;\
             \n        res=$?;\
             \n        test \"$res\" != 31 && exit \"$res\";\
             \n        export OPAMCLI=2.0;\
             \n        build_dir=$(opam var prefix)/.opam-switch/build;\
             \n        failed=$(ls \"$build_dir\");\
             \n        partial_fails=\"\";\
             \n        for pkg in $failed; do\
             \n          if opam show -f x-ci-accept-failures: \"$pkg\" | grep -qF \"\\\"debian-12\\\"\"; then\
             \n            echo \"A package failed and has been disabled for CI using the 'x-ci-accept-failures' field.\";\
             \n          fi;\
             \n          test \"$pkg\" != 'lambdapi.2.5.1' && partial_fails=\"$partial_fails $pkg\";\
             \n        done;\
             \n        test \"${partial_fails}\" != \"\" && echo \"opam-repo-ci detected dependencies failing: ${partial_fails}\";\
             \n        exit 1"))
)

2024-07-22 09:55.01: Waiting for resource in pool OCluster
2024-07-22 09:58.31: Waiting for worker…
2024-07-22 10:23.47: Got resource from pool OCluster
Building on x86-bm-c2.sw.ocaml.org
All commits already cached
Updating files:  81% (26071/31855)Updating files:  82% (26122/31855)Updating files:  83% (26440/31855)Updating files:  84% (26759/31855)Updating files:  85% (27077/31855)Updating files:  86% (27396/31855)Updating files:  87% (27714/31855)Updating files:  88% (28033/31855)Updating files:  89% (28351/31855)Updating files:  90% (28670/31855)Updating files:  91% (28989/31855)Updating files:  92% (29307/31855)Updating files:  93% (29626/31855)Updating files:  94% (29944/31855)Updating files:  95% (30263/31855)Updating files:  96% (30581/31855)Updating files:  97% (30900/31855)Updating files:  98% (31218/31855)Updating files:  99% (31537/31855)Updating files: 100% (31855/31855)Updating files: 100% (31855/31855), done.
HEAD is now at 9a084ee68f Upper-bound `cudajit` for arrayjit 0.3.3 (#26268)
Updating 9a084ee68f..5b0603c50b
Fast-forward
 packages/lambdapi/lambdapi.2.5.1/opam | 90 +++++++++++++++++++++++++++++++++++
 1 file changed, 90 insertions(+)
 create mode 100644 packages/lambdapi/lambdapi.2.5.1/opam

[01;34m(from ocaml/opam:debian-12-ocaml-4.14@sha256:26a960ee1e2387f1702c5ef30713c6fbb28c1ef00f4e42ca6ae073632781956d)[0m
[01;2m[01;35m2024-07-22 10:26.15 ---> using "589904b23d29ba1225cff907dea1a5c40518ee28d93a5f9c6f6ee6e1404fb592" from cache[0m

[01;34m/: (user (uid 1000) (gid 1000))[0m

[01;34m/: (workdir /home/opam)[0m

[01;34m/home/opam: (run (shell "sudo ln -f /usr/bin/opam-2.1 /usr/bin/opam"))[0m
[01;2m[01;35m2024-07-22 10:26.15 ---> using "3676a135d3bff80ece8421852a8ce0e0ba32d0438f41980150134f5541ff5e5c" from cache[0m

[01;34m/home/opam: (run (network host)
                 (shell "opam init --reinit --config .opamrc-sandbox -ni"))[0m
Configuring from /home/opam/.opamrc-sandbox, then /home/opam/.opamrc, and finally from built-in defaults.
Checking for available remotes: rsync and local, git.
  - you won't be able to use mercurial repositories unless you install the hg command on your system.
  - you won't be able to use darcs repositories unless you install the darcs command on your system.

This development version of opam requires an update to the layout of /home/opam/.opam from version 2.0 to version 2.1, which can't be reverted.
You may want to back it up before going further.

Continue? [Y/n] y
Format upgrade done.

<><> Updating repositories ><><><><><><><><><><><><><><><><><><><><><><><><><><>
[default] synchronised from file:///home/opam/opam-repository
[01;2m[01;35m2024-07-22 10:26.15 ---> using "6f720c08ed56aec67e3e41e4d57ab6f926bac2544225d720d625587f6d394b04" from cache[0m

[01;34m/home/opam: (run (shell "uname -rs && opam exec -- ocaml -version && opam --version"))[0m
Linux 5.15.0-116-generic
The OCaml toplevel, version 4.14.2
2.1.6
[01;2m[01;35m2024-07-22 10:26.15 ---> using "c96cdd0742fe6e800267a108e43dfb4190e516dfa09100a4023f5fa9d5bcd213" from cache[0m

[01;34m/home/opam: (env OPAMDOWNLOADJOBS 1)[0m

[01;34m/home/opam: (env OPAMERRLOGLEN 0)[0m

[01;34m/home/opam: (env OPAMSOLVERTIMEOUT 500)[0m

[01;34m/home/opam: (env OPAMPRECISETRACKING 1)[0m

[01;34m/home/opam: (env CI true)[0m

[01;34m/home/opam: (env OPAM_REPO_CI true)[0m

[01;34m/home/opam: (run (shell "rm -rf opam-repository/"))[0m
[01;2m[01;35m2024-07-22 10:26.15 ---> using "1b7dc7d995ac8e6fdeea75241210b7f73574da3b6d86a6098079c727e2731637" from cache[0m

[01;34m/home/opam: (copy (src .) (dst opam-repository/))[0m
[01;2m[01;35m2024-07-22 10:26.16 ---> using "deffb2e9a57c6640a4efd7b4135880da0d075485cd889b5f7d520081b8a56e16" from cache[0m

[01;34m/home/opam: (run (shell "opam repository set-url --strict default opam-repository/"))[0m
[default] Initialised
[01;2m[01;35m2024-07-22 10:26.16 ---> using "aad33a4935af290300b6da1942b455b749146fed49f35d65f4ee9c314010360e" from cache[0m

[01;34m/home/opam: (run (network host)
                 (shell "opam update --depexts || true"))[0m
+ /usr/bin/sudo "apt-get" "update"
- Hit:1 http://deb.debian.org/debian bookworm InRelease
- Get:2 http://deb.debian.org/debian bookworm-updates InRelease [55.4 kB]
- Get:3 http://deb.debian.org/debian-security bookworm-security InRelease [48.0 kB]
- Get:4 http://deb.debian.org/debian-security bookworm-security/main amd64 Packages [169 kB]
- Fetched 272 kB in 0s (1143 kB/s)
- Reading package lists...
[01;2m[01;35m2024-07-22 10:26.16 ---> using "de815b702f82d3d389c1c6ffdbb64fcadeecab82c9bd92a21794e2697afd49fd" from cache[0m

[01;34m/home/opam: (run (shell "opam pin add -k version -yn lambdapi.2.5.1 2.5.1"))[0m
lambdapi is now pinned to version 2.5.1
[01;2m[01;35m2024-07-22 10:26.16 ---> using "28ccab479f51e894e730d7ae22cdcf539c5f057ed375a9144ccfb0a62948c3f2" from cache[0m

[01;34m/home/opam: (run (cache (opam-archives (target /home/opam/.opam/download-cache)))
                 (network host)
                 (shell  "opam reinstall lambdapi.2.5.1;\
                        \n        res=$?;\
                        \n        test \"$res\" != 31 && exit \"$res\";\
                        \n        export OPAMCLI=2.0;\
                        \n        build_dir=$(opam var prefix)/.opam-switch/build;\
                        \n        failed=$(ls \"$build_dir\");\
                        \n        partial_fails=\"\";\
                        \n        for pkg in $failed; do\
                        \n          if opam show -f x-ci-accept-failures: \"$pkg\" | grep -qF \"\\\"debian-12\\\"\"; then\
                        \n            echo \"A package failed and has been disabled for CI using the 'x-ci-accept-failures' field.\";\
                        \n          fi;\
                        \n          test \"$pkg\" != 'lambdapi.2.5.1' && partial_fails=\"$partial_fails $pkg\";\
                        \n        done;\
                        \n        test \"${partial_fails}\" != \"\" && echo \"opam-repo-ci detected dependencies failing: ${partial_fails}\";\
                        \n        exit 1"))[0m
lambdapi.2.5.1 is not installed. Install it? [Y/n] y
[ERROR] Sorry, resolution of the request timed out.
        Try to specify a more precise request, use a different solver, or increase the allowed time by setting OPAMSOLVERTIMEOUT to a bigger value (currently, it is set to 500.0 seconds).
"/usr/bin/env" "bash" "-c" "opam reinstall lambdapi.2.5.1;
        res=$?;
        test "$res" != 31 && exit "$res";
        export OPAMCLI=2.0;
        build_dir=$(opam var prefix)/.opam-switch/build;
        failed=$(ls "$build_dir");
        partial_fails="";
        for pkg in $failed; do
          if opam show -f x-ci-accept-failures: "$pkg" | grep -qF "\"debian-12\""; then
            echo "A package failed and has been disabled for CI using the 'x-ci-accept-failures' field.";
          fi;
          test "$pkg" != 'lambdapi.2.5.1' && partial_fails="$partial_fails $pkg";
        done;
        test "${partial_fails}" != "" && echo "opam-repo-ci detected dependencies failing: ${partial_fails}";
        exit 1" failed with exit status 60
2024-07-22 10:33.23: Job failed: Failed: Build failed
2024-07-22 10:33.23: Log analysis:
2024-07-22 10:33.23: >>> 
[ERROR] Sorry, resolution of the request timed out.
 (score = 20)
2024-07-22 10:33.23: Sorry, resolution of the request timed out.
