2024-03-29 17:52.42: New job: test irmin-unix.2.5.0 with dune-configurator.3.15.0~alpha2, using opam dev
                              from https://github.com/ocaml/opam-repository.git#refs/pull/25605/head (b08dc166dcacc0b7a8ec5e666435d820fef6dae3)
                              on debian-12-ocaml-4.14/amd64

To reproduce locally:

cd $(mktemp -d)
git clone --recursive "https://github.com/ocaml/opam-repository.git" && cd "opam-repository" && git fetch origin "refs/pull/25605/head" && git reset --hard b08dc166
git fetch origin master
git merge --no-edit a92d9dfb6708d80b63fac8975dee1153a724681b
cat > ../Dockerfile <<'END-OF-DOCKERFILE'
[34mFROM ocaml/opam:debian-12-ocaml-4.14@sha256:0dd1dc965b8045fcfbe1a07fcb004834a38383954f5b5223336cfb934b468552
USER 1000:1000
WORKDIR /home/opam
RUN sudo ln -f /usr/bin/opam-dev /usr/bin/opam
RUN opam init --reinit -ni
RUN uname -rs && opam exec -- ocaml -version && opam --version
ENV OPAMDOWNLOADJOBS="1"
ENV OPAMERRLOGLEN="0"
ENV OPAMSOLVERTIMEOUT="500"
ENV OPAMPRECISETRACKING="1"
ENV CI="true"
ENV OPAM_REPO_CI="true"
RUN rm -rf opam-repository/
COPY --chown=1000:1000 . opam-repository/
RUN opam repository set-url --strict default opam-repository/
RUN opam update --depexts || true
ENV OPAMCRITERIA="-removed,-count[avoid-version,changed],-count[version-lag,request],-count[version-lag,changed],-count[missing-depexts,changed],-changed"
ENV OPAMFIXUPCRITERIA="-removed,-count[avoid-version,changed],-count[version-lag,request],-count[version-lag,changed],-count[missing-depexts,changed],-changed"
ENV OPAMUPGRADECRITERIA="-removed,-count[avoid-version,changed],-count[version-lag,request],-count[version-lag,changed],-count[missing-depexts,changed],-changed"
RUN opam pin add -k version -yn dune-configurator.3.15.0~alpha2 3.15.0~alpha2
RUN opam reinstall dune-configurator.3.15.0~alpha2; \
    res=$?; \
    test "$res" != 31 && exit "$res"; \
    export OPAMCLI=2.0; \
    build_dir=$(opam var prefix)/.opam-switch/build; \
    failed=$(ls "$build_dir"); \
    partial_fails=""; \
    for pkg in $failed; do \
    if opam show -f x-ci-accept-failures: "$pkg" | grep -qF "\"debian-12\""; then \
    echo "A package failed and has been disabled for CI using the 'x-ci-accept-failures' field."; \
    fi; \
    test "$pkg" != 'dune-configurator.3.15.0~alpha2' && partial_fails="$partial_fails $pkg"; \
    done; \
    test "${partial_fails}" != "" && echo "opam-repo-ci detected dependencies failing: ${partial_fails}"; \
    exit 1
ENV OPAMCRITERIA="-removed,-count[avoid-version,changed],-count[version-lag,request],-count[version-lag,changed],-count[missing-depexts,changed],-changed"
ENV OPAMFIXUPCRITERIA="-removed,-count[avoid-version,changed],-count[version-lag,request],-count[version-lag,changed],-count[missing-depexts,changed],-changed"
ENV OPAMUPGRADECRITERIA="-removed,-count[avoid-version,changed],-count[version-lag,request],-count[version-lag,changed],-count[missing-depexts,changed],-changed"
RUN opam reinstall irmin-unix.2.5.0; \
    res=$?; \
    test "$res" != 31 && exit "$res"; \
    export OPAMCLI=2.0; \
    build_dir=$(opam var prefix)/.opam-switch/build; \
    failed=$(ls "$build_dir"); \
    partial_fails=""; \
    for pkg in $failed; do \
    if opam show -f x-ci-accept-failures: "$pkg" | grep -qF "\"debian-12\""; then \
    echo "A package failed and has been disabled for CI using the 'x-ci-accept-failures' field."; \
    fi; \
    test "$pkg" != 'irmin-unix.2.5.0' && partial_fails="$partial_fails $pkg"; \
    done; \
    test "${partial_fails}" != "" && echo "opam-repo-ci detected dependencies failing: ${partial_fails}"; \
    exit 1
ENV OPAMCRITERIA="-removed,-count[avoid-version,changed],-count[version-lag,request],-count[version-lag,changed],-count[missing-depexts,changed],-changed"
ENV OPAMFIXUPCRITERIA="-removed,-count[avoid-version,changed],-count[version-lag,request],-count[version-lag,changed],-count[missing-depexts,changed],-changed"
ENV OPAMUPGRADECRITERIA="-removed,-count[avoid-version,changed],-count[version-lag,request],-count[version-lag,changed],-count[missing-depexts,changed],-changed"
RUN (opam reinstall --with-test irmin-unix.2.5.0) || true
RUN opam reinstall --with-test --verbose irmin-unix.2.5.0; \
    res=$?; \
    test "$res" != 31 && exit "$res"; \
    export OPAMCLI=2.0; \
    build_dir=$(opam var prefix)/.opam-switch/build; \
    failed=$(ls "$build_dir"); \
    partial_fails=""; \
    for pkg in $failed; do \
    if opam show -f x-ci-accept-failures: "$pkg" | grep -qF "\"debian-12\""; then \
    echo "A package failed and has been disabled for CI using the 'x-ci-accept-failures' field."; \
    fi; \
    test "$pkg" != 'irmin-unix.2.5.0' && partial_fails="$partial_fails $pkg"; \
    done; \
    test "${partial_fails}" != "" && echo "opam-repo-ci detected dependencies failing: ${partial_fails}"; \
    exit 1
[0m
END-OF-DOCKERFILE
docker build -f ../Dockerfile .

2024-03-29 17:52.42: Using cache hint "ocaml/opam:debian-12-ocaml-4.14@sha256:0dd1dc965b8045fcfbe1a07fcb004834a38383954f5b5223336cfb934b468552-dune-configurator.3.15.0~alpha2-irmin-unix.2.5.0-b08dc166dcacc0b7a8ec5e666435d820fef6dae3"
2024-03-29 17:52.42: Using OBuilder spec:
((from ocaml/opam:debian-12-ocaml-4.14@sha256:0dd1dc965b8045fcfbe1a07fcb004834a38383954f5b5223336cfb934b468552)
 (user (uid 1000) (gid 1000))
 (workdir /home/opam)
 (run (shell "sudo ln -f /usr/bin/opam-dev /usr/bin/opam"))
 (run (network host)
      (shell "opam init --reinit --config .opamrc-sandbox -ni"))
 (run (shell "uname -rs && opam exec -- ocaml -version && opam --version"))
 (env OPAMDOWNLOADJOBS 1)
 (env OPAMERRLOGLEN 0)
 (env OPAMSOLVERTIMEOUT 500)
 (env OPAMPRECISETRACKING 1)
 (env CI true)
 (env OPAM_REPO_CI true)
 (run (shell "rm -rf opam-repository/"))
 (copy (src .) (dst opam-repository/))
 (run (shell "opam repository set-url --strict default opam-repository/"))
 (run (network host)
      (shell "opam update --depexts || true"))
 (env OPAMCRITERIA -removed,-count[avoid-version,changed],-count[version-lag,request],-count[version-lag,changed],-count[missing-depexts,changed],-changed)
 (env OPAMFIXUPCRITERIA -removed,-count[avoid-version,changed],-count[version-lag,request],-count[version-lag,changed],-count[missing-depexts,changed],-changed)
 (env OPAMUPGRADECRITERIA -removed,-count[avoid-version,changed],-count[version-lag,request],-count[version-lag,changed],-count[missing-depexts,changed],-changed)
 (run (shell "opam pin add -k version -yn dune-configurator.3.15.0~alpha2 3.15.0~alpha2"))
 (run (cache (opam-archives (target /home/opam/.opam/download-cache)))
      (network host)
      (shell  "opam reinstall dune-configurator.3.15.0~alpha2;\
             \n        res=$?;\
             \n        test \"$res\" != 31 && exit \"$res\";\
             \n        export OPAMCLI=2.0;\
             \n        build_dir=$(opam var prefix)/.opam-switch/build;\
             \n        failed=$(ls \"$build_dir\");\
             \n        partial_fails=\"\";\
             \n        for pkg in $failed; do\
             \n          if opam show -f x-ci-accept-failures: \"$pkg\" | grep -qF \"\\\"debian-12\\\"\"; then\
             \n            echo \"A package failed and has been disabled for CI using the 'x-ci-accept-failures' field.\";\
             \n          fi;\
             \n          test \"$pkg\" != 'dune-configurator.3.15.0~alpha2' && partial_fails=\"$partial_fails $pkg\";\
             \n        done;\
             \n        test \"${partial_fails}\" != \"\" && echo \"opam-repo-ci detected dependencies failing: ${partial_fails}\";\
             \n        exit 1"))
 (env OPAMCRITERIA -removed,-count[avoid-version,changed],-count[version-lag,request],-count[version-lag,changed],-count[missing-depexts,changed],-changed)
 (env OPAMFIXUPCRITERIA -removed,-count[avoid-version,changed],-count[version-lag,request],-count[version-lag,changed],-count[missing-depexts,changed],-changed)
 (env OPAMUPGRADECRITERIA -removed,-count[avoid-version,changed],-count[version-lag,request],-count[version-lag,changed],-count[missing-depexts,changed],-changed)
 (run (cache (opam-archives (target /home/opam/.opam/download-cache)))
      (network host)
      (shell  "opam reinstall irmin-unix.2.5.0;\
             \n        res=$?;\
             \n        test \"$res\" != 31 && exit \"$res\";\
             \n        export OPAMCLI=2.0;\
             \n        build_dir=$(opam var prefix)/.opam-switch/build;\
             \n        failed=$(ls \"$build_dir\");\
             \n        partial_fails=\"\";\
             \n        for pkg in $failed; do\
             \n          if opam show -f x-ci-accept-failures: \"$pkg\" | grep -qF \"\\\"debian-12\\\"\"; then\
             \n            echo \"A package failed and has been disabled for CI using the 'x-ci-accept-failures' field.\";\
             \n          fi;\
             \n          test \"$pkg\" != 'irmin-unix.2.5.0' && partial_fails=\"$partial_fails $pkg\";\
             \n        done;\
             \n        test \"${partial_fails}\" != \"\" && echo \"opam-repo-ci detected dependencies failing: ${partial_fails}\";\
             \n        exit 1"))
 (env OPAMCRITERIA -removed,-count[avoid-version,changed],-count[version-lag,request],-count[version-lag,changed],-count[missing-depexts,changed],-changed)
 (env OPAMFIXUPCRITERIA -removed,-count[avoid-version,changed],-count[version-lag,request],-count[version-lag,changed],-count[missing-depexts,changed],-changed)
 (env OPAMUPGRADECRITERIA -removed,-count[avoid-version,changed],-count[version-lag,request],-count[version-lag,changed],-count[missing-depexts,changed],-changed)
 (run (network host)
      (shell "(opam reinstall --with-test irmin-unix.2.5.0) || true"))
 (run (shell  "opam reinstall --with-test --verbose irmin-unix.2.5.0;\
             \n        res=$?;\
             \n        test \"$res\" != 31 && exit \"$res\";\
             \n        export OPAMCLI=2.0;\
             \n        build_dir=$(opam var prefix)/.opam-switch/build;\
             \n        failed=$(ls \"$build_dir\");\
             \n        partial_fails=\"\";\
             \n        for pkg in $failed; do\
             \n          if opam show -f x-ci-accept-failures: \"$pkg\" | grep -qF \"\\\"debian-12\\\"\"; then\
             \n            echo \"A package failed and has been disabled for CI using the 'x-ci-accept-failures' field.\";\
             \n          fi;\
             \n          test \"$pkg\" != 'irmin-unix.2.5.0' && partial_fails=\"$partial_fails $pkg\";\
             \n        done;\
             \n        test \"${partial_fails}\" != \"\" && echo \"opam-repo-ci detected dependencies failing: ${partial_fails}\";\
             \n        exit 1"))
)

2024-03-29 17:52.42: Waiting for resource in pool OCluster
2024-03-29 23:15.07: Waiting for worker…
2024-03-29 23:16.58: Got resource from pool OCluster
Building on asteria.caelum.ci.dev
All commits already cached
HEAD is now at a92d9dfb67 Merge pull request #25574 from garrigue/fix-lablgtk3-ml_gtk.c
Updating a92d9dfb67..b08dc166dc
Fast-forward
 .../chrome-trace/chrome-trace.3.15.0~alpha2/opam   | 40 +++++++++++++++
 .../dune-action-plugin.3.15.0~alpha2/opam          | 53 ++++++++++++++++++++
 .../dune-build-info.3.15.0~alpha2/opam             | 46 +++++++++++++++++
 .../dune-configurator.3.15.0~alpha2/opam           | 50 +++++++++++++++++++
 packages/dune-glob/dune-glob.3.15.0~alpha2/opam    | 43 ++++++++++++++++
 .../dune-private-libs.3.15.0~alpha2/opam           | 51 +++++++++++++++++++
 .../dune-rpc-lwt/dune-rpc-lwt.3.15.0~alpha2/opam   | 45 +++++++++++++++++
 packages/dune-rpc/dune-rpc.3.15.0~alpha2/opam      | 44 +++++++++++++++++
 packages/dune-site/dune-site.3.15.0~alpha2/opam    | 38 +++++++++++++++
 packages/dune/dune.3.15.0~alpha2/opam              | 57 ++++++++++++++++++++++
 packages/dyn/dyn.3.15.0~alpha2/opam                | 41 ++++++++++++++++
 packages/ocamlc-loc/ocamlc-loc.3.15.0~alpha2/opam  | 44 +++++++++++++++++
 packages/ordering/ordering.3.15.0~alpha2/opam      | 39 +++++++++++++++
 packages/stdune/stdune.3.15.0~alpha2/opam          | 45 +++++++++++++++++
 packages/xdg/xdg.3.15.0~alpha2/opam                | 40 +++++++++++++++
 15 files changed, 676 insertions(+)
 create mode 100644 packages/chrome-trace/chrome-trace.3.15.0~alpha2/opam
 create mode 100644 packages/dune-action-plugin/dune-action-plugin.3.15.0~alpha2/opam
 create mode 100644 packages/dune-build-info/dune-build-info.3.15.0~alpha2/opam
 create mode 100644 packages/dune-configurator/dune-configurator.3.15.0~alpha2/opam
 create mode 100644 packages/dune-glob/dune-glob.3.15.0~alpha2/opam
 create mode 100644 packages/dune-private-libs/dune-private-libs.3.15.0~alpha2/opam
 create mode 100644 packages/dune-rpc-lwt/dune-rpc-lwt.3.15.0~alpha2/opam
 create mode 100644 packages/dune-rpc/dune-rpc.3.15.0~alpha2/opam
 create mode 100644 packages/dune-site/dune-site.3.15.0~alpha2/opam
 create mode 100644 packages/dune/dune.3.15.0~alpha2/opam
 create mode 100644 packages/dyn/dyn.3.15.0~alpha2/opam
 create mode 100644 packages/ocamlc-loc/ocamlc-loc.3.15.0~alpha2/opam
 create mode 100644 packages/ordering/ordering.3.15.0~alpha2/opam
 create mode 100644 packages/stdune/stdune.3.15.0~alpha2/opam
 create mode 100644 packages/xdg/xdg.3.15.0~alpha2/opam

[01;34m(from ocaml/opam:debian-12-ocaml-4.14@sha256:0dd1dc965b8045fcfbe1a07fcb004834a38383954f5b5223336cfb934b468552)[0m
Unable to find image 'ocaml/opam:debian-12-ocaml-4.14@sha256:0dd1dc965b8045fcfbe1a07fcb004834a38383954f5b5223336cfb934b468552' locally
docker.io/ocaml/opam@sha256:0dd1dc965b8045fcfbe1a07fcb004834a38383954f5b5223336cfb934b468552: Pulling from ocaml/opam
d6ba6ad16a72: Pulling fs layer
d6ba6ad16a72: Verifying Checksum
d6ba6ad16a72: Download complete
d6ba6ad16a72: Pull complete
Digest: sha256:0dd1dc965b8045fcfbe1a07fcb004834a38383954f5b5223336cfb934b468552
Status: Downloaded newer image for ocaml/opam@sha256:0dd1dc965b8045fcfbe1a07fcb004834a38383954f5b5223336cfb934b468552
[01;2m[01;35m2024-03-29 23:19.13 ---> using "83ced5f1fa33e1d1da003d32d9203f9025ac626cb8382be4aa05ad365a31a099" from cache[0m

[01;34m/: (user (uid 1000) (gid 1000))[0m

[01;34m/: (workdir /home/opam)[0m

[01;34m/home/opam: (run (shell "sudo ln -f /usr/bin/opam-dev /usr/bin/opam"))[0m
[01;2m[01;35m2024-03-29 23:19.13 ---> using "9f3e8d7f20c7f86a8eba785cf96177a5a8fd6dd9cdf2592ab1f5606eb31f603c" from cache[0m

[01;34m/home/opam: (run (network host)
                 (shell "opam init --reinit --config .opamrc-sandbox -ni"))[0m
Configuring from /home/opam/.opamrc-sandbox, then /home/opam/.opamrc, and finally from built-in defaults.
Checking for available remotes: rsync and local, git.
  - you won't be able to use mercurial repositories unless you install the hg command on your system.
  - you won't be able to use darcs repositories unless you install the darcs command on your system.

Continue? [y/n] y
This development version of opam requires an update to the layout of /home/opam/.opam from version 2.0 to version 2.2~alpha, which can't be reverted.
You may want to back it up before going further.

Format upgrade done.

<><> Updating repositories ><><><><><><><><><><><><><><><><><><><><><><><><><><>
[default] synchronised from file:///home/opam/opam-repository
[01;2m[01;35m2024-03-29 23:19.13 ---> using "f724dea46baec8fa3c00be4b320ebba471178d83ab39e7821ed33cac0b10cb37" from cache[0m

[01;34m/home/opam: (run (shell "uname -rs && opam exec -- ocaml -version && opam --version"))[0m
Linux 5.15.0-101-generic
The OCaml toplevel, version 4.14.2
2.2.0~beta2~dev
[01;2m[01;35m2024-03-29 23:19.13 ---> using "6af11855521a495400af6feed849c4d7ed5225dc8bdc95d4ed23f5906e560167" from cache[0m

[01;34m/home/opam: (env OPAMDOWNLOADJOBS 1)[0m

[01;34m/home/opam: (env OPAMERRLOGLEN 0)[0m

[01;34m/home/opam: (env OPAMSOLVERTIMEOUT 500)[0m

[01;34m/home/opam: (env OPAMPRECISETRACKING 1)[0m

[01;34m/home/opam: (env CI true)[0m

[01;34m/home/opam: (env OPAM_REPO_CI true)[0m

[01;34m/home/opam: (run (shell "rm -rf opam-repository/"))[0m
[01;2m[01;35m2024-03-29 23:19.13 ---> using "4736fc6c01ef3d01831e4ce151eddb0d99058cbab8764d6e4b2ed75479ad458e" from cache[0m

[01;34m/home/opam: (copy (src .) (dst opam-repository/))[0m
[01;2m[01;35m2024-03-29 23:19.14 ---> using "eef35400afa7976001494bda60d325b8c39c139796dfa9f4f84d4e73efb606d4" from cache[0m

[01;34m/home/opam: (run (shell "opam repository set-url --strict default opam-repository/"))[0m
[default] Initialised
[01;2m[01;35m2024-03-29 23:19.14 ---> using "b0ca2a8178031d13081a262350e9b4c4b4385609f29e9024409bcf9ba935b231" from cache[0m

[01;34m/home/opam: (run (network host)
                 (shell "opam update --depexts || true"))[0m
+ /usr/bin/sudo "apt-get" "update"
- Hit:1 http://deb.debian.org/debian bookworm InRelease
- Get:2 http://deb.debian.org/debian bookworm-updates InRelease [55.4 kB]
- Get:3 http://deb.debian.org/debian-security bookworm-security InRelease [48.0 kB]
- Get:4 http://deb.debian.org/debian-security bookworm-security/main amd64 Packages [147 kB]
- Fetched 251 kB in 1s (409 kB/s)
- Reading package lists...
- 
[01;2m[01;35m2024-03-29 23:19.14 ---> using "da11ef14ceaacc16900d99bacd7916092554bac54116796514a9b790f95c88a9" from cache[0m

[01;34m/home/opam: (env OPAMCRITERIA -removed,-count[avoid-version,changed],-count[version-lag,request],-count[version-lag,changed],-count[missing-depexts,changed],-changed)[0m

[01;34m/home/opam: (env OPAMFIXUPCRITERIA -removed,-count[avoid-version,changed],-count[version-lag,request],-count[version-lag,changed],-count[missing-depexts,changed],-changed)[0m

[01;34m/home/opam: (env OPAMUPGRADECRITERIA -removed,-count[avoid-version,changed],-count[version-lag,request],-count[version-lag,changed],-count[missing-depexts,changed],-changed)[0m

[01;34m/home/opam: (run (shell "opam pin add -k version -yn dune-configurator.3.15.0~alpha2 3.15.0~alpha2"))[0m
dune-configurator is now pinned to version 3.15.0~alpha2
[01;2m[01;35m2024-03-29 23:19.14 ---> using "6b919a4d6a884f66d1093258cfb2704ea720514915b4b75ae6ceb592af9fcc82" from cache[0m

[01;34m/home/opam: (run (cache (opam-archives (target /home/opam/.opam/download-cache)))
                 (network host)
                 (shell  "opam reinstall dune-configurator.3.15.0~alpha2;\
                        \n        res=$?;\
                        \n        test \"$res\" != 31 && exit \"$res\";\
                        \n        export OPAMCLI=2.0;\
                        \n        build_dir=$(opam var prefix)/.opam-switch/build;\
                        \n        failed=$(ls \"$build_dir\");\
                        \n        partial_fails=\"\";\
                        \n        for pkg in $failed; do\
                        \n          if opam show -f x-ci-accept-failures: \"$pkg\" | grep -qF \"\\\"debian-12\\\"\"; then\
                        \n            echo \"A package failed and has been disabled for CI using the 'x-ci-accept-failures' field.\";\
                        \n          fi;\
                        \n          test \"$pkg\" != 'dune-configurator.3.15.0~alpha2' && partial_fails=\"$partial_fails $pkg\";\
                        \n        done;\
                        \n        test \"${partial_fails}\" != \"\" && echo \"opam-repo-ci detected dependencies failing: ${partial_fails}\";\
                        \n        exit 1"))[0m
dune-configurator.3.15.0~alpha2 is not installed. Install it? [y/n] y
The following actions will be performed:
=== install 3 packages
  - install csexp             1.5.2                  [required by dune-configurator]
  - install dune              3.15.0~alpha2          [required by dune-configurator]
  - install dune-configurator 3.15.0~alpha2 (pinned)

<><> Processing actions <><><><><><><><><><><><><><><><><><><><><><><><><><><><>
-> retrieved csexp.1.5.2  (cached)
-> retrieved dune.3.15.0~alpha2, dune-configurator.3.15.0~alpha2  (cached)
-> installed dune.3.15.0~alpha2
-> installed csexp.1.5.2
-> installed dune-configurator.3.15.0~alpha2
Done.
# Run eval $(opam env) to update the current shell environment
[01;2m[01;35m2024-03-29 23:19.14 ---> using "b2b1bbd1603a4ffb5a418ec60c2c7b6160f0dbf6a1a388bde5d19dc38e3230e9" from cache[0m

[01;34m/home/opam: (env OPAMCRITERIA -removed,-count[avoid-version,changed],-count[version-lag,request],-count[version-lag,changed],-count[missing-depexts,changed],-changed)[0m

[01;34m/home/opam: (env OPAMFIXUPCRITERIA -removed,-count[avoid-version,changed],-count[version-lag,request],-count[version-lag,changed],-count[missing-depexts,changed],-changed)[0m

[01;34m/home/opam: (env OPAMUPGRADECRITERIA -removed,-count[avoid-version,changed],-count[version-lag,request],-count[version-lag,changed],-count[missing-depexts,changed],-changed)[0m

[01;34m/home/opam: (run (cache (opam-archives (target /home/opam/.opam/download-cache)))
                 (network host)
                 (shell  "opam reinstall irmin-unix.2.5.0;\
                        \n        res=$?;\
                        \n        test \"$res\" != 31 && exit \"$res\";\
                        \n        export OPAMCLI=2.0;\
                        \n        build_dir=$(opam var prefix)/.opam-switch/build;\
                        \n        failed=$(ls \"$build_dir\");\
                        \n        partial_fails=\"\";\
                        \n        for pkg in $failed; do\
                        \n          if opam show -f x-ci-accept-failures: \"$pkg\" | grep -qF \"\\\"debian-12\\\"\"; then\
                        \n            echo \"A package failed and has been disabled for CI using the 'x-ci-accept-failures' field.\";\
                        \n          fi;\
                        \n          test \"$pkg\" != 'irmin-unix.2.5.0' && partial_fails=\"$partial_fails $pkg\";\
                        \n        done;\
                        \n        test \"${partial_fails}\" != \"\" && echo \"opam-repo-ci detected dependencies failing: ${partial_fails}\";\
                        \n        exit 1"))[0m
irmin-unix.2.5.0 is not installed. Install it? [y/n] y
[ERROR] Sorry, resolution of the request timed out.
        Try to specify a more precise request, use a different solver, or increase the allowed time by setting OPAMSOLVERTIMEOUT to a bigger value (currently, it is set to 500.0 seconds).
"/usr/bin/env" "bash" "-c" "opam reinstall irmin-unix.2.5.0;
        res=$?;
        test "$res" != 31 && exit "$res";
        export OPAMCLI=2.0;
        build_dir=$(opam var prefix)/.opam-switch/build;
        failed=$(ls "$build_dir");
        partial_fails="";
        for pkg in $failed; do
          if opam show -f x-ci-accept-failures: "$pkg" | grep -qF "\"debian-12\""; then
            echo "A package failed and has been disabled for CI using the 'x-ci-accept-failures' field.";
          fi;
          test "$pkg" != 'irmin-unix.2.5.0' && partial_fails="$partial_fails $pkg";
        done;
        test "${partial_fails}" != "" && echo "opam-repo-ci detected dependencies failing: ${partial_fails}";
        exit 1" failed with exit status 60
2024-03-29 23:28.40: Job failed: Failed: Build failed
2024-03-29 23:28.40: Log analysis:
2024-03-29 23:28.40: >>> 
[ERROR] Sorry, resolution of the request timed out.
 (score = 20)
2024-03-29 23:28.40: Sorry, resolution of the request timed out.
