2024-05-17 15:50.33: New job: test git-kv.0.0.5, using opam 2.1
                              from https://github.com/ocaml/opam-repository.git#refs/pull/25894/head (777a342f85004b1ec44804b28181c37f4bf6dcfe)
                              on debian-12-ocaml-5.2/amd64

To reproduce locally:

cd $(mktemp -d)
git clone --recursive "https://github.com/ocaml/opam-repository.git" && cd "opam-repository" && git fetch origin "refs/pull/25894/head" && git reset --hard 777a342f
git fetch origin master
git merge --no-edit ec28f29e7d5229f0ae579130c2c129f9b952efb3
cat > ../Dockerfile <<'END-OF-DOCKERFILE'
[34mFROM ocaml/opam:debian-12-ocaml-5.2@sha256:39c10e7a8b9eb9d308dc280619d44e956a1823820e8ca0b6125cf6766c6e14a3
USER 1000:1000
WORKDIR /home/opam
RUN sudo ln -f /usr/bin/opam-2.1 /usr/bin/opam
RUN opam init --reinit -ni
RUN uname -rs && opam exec -- ocaml -version && opam --version
ENV OPAMDOWNLOADJOBS="1"
ENV OPAMERRLOGLEN="0"
ENV OPAMSOLVERTIMEOUT="500"
ENV OPAMPRECISETRACKING="1"
ENV CI="true"
ENV OPAM_REPO_CI="true"
RUN rm -rf opam-repository/
COPY --chown=1000:1000 . opam-repository/
RUN opam repository set-url --strict default opam-repository/
RUN opam update --depexts || true
RUN opam pin add -k version -yn git-kv.0.0.5 0.0.5
RUN opam reinstall git-kv.0.0.5; \
    res=$?; \
    test "$res" != 31 && exit "$res"; \
    export OPAMCLI=2.0; \
    build_dir=$(opam var prefix)/.opam-switch/build; \
    failed=$(ls "$build_dir"); \
    partial_fails=""; \
    for pkg in $failed; do \
    if opam show -f x-ci-accept-failures: "$pkg" | grep -qF "\"debian-12\""; then \
    echo "A package failed and has been disabled for CI using the 'x-ci-accept-failures' field."; \
    fi; \
    test "$pkg" != 'git-kv.0.0.5' && partial_fails="$partial_fails $pkg"; \
    done; \
    test "${partial_fails}" != "" && echo "opam-repo-ci detected dependencies failing: ${partial_fails}"; \
    exit 1
RUN (opam reinstall --with-test git-kv.0.0.5) || true
RUN opam reinstall --with-test --verbose git-kv.0.0.5; \
    res=$?; \
    test "$res" != 31 && exit "$res"; \
    export OPAMCLI=2.0; \
    build_dir=$(opam var prefix)/.opam-switch/build; \
    failed=$(ls "$build_dir"); \
    partial_fails=""; \
    for pkg in $failed; do \
    if opam show -f x-ci-accept-failures: "$pkg" | grep -qF "\"debian-12\""; then \
    echo "A package failed and has been disabled for CI using the 'x-ci-accept-failures' field."; \
    fi; \
    test "$pkg" != 'git-kv.0.0.5' && partial_fails="$partial_fails $pkg"; \
    done; \
    test "${partial_fails}" != "" && echo "opam-repo-ci detected dependencies failing: ${partial_fails}"; \
    exit 1
[0m
END-OF-DOCKERFILE
docker build -f ../Dockerfile .

2024-05-17 15:50.33: Using cache hint "ocaml/opam:debian-12-ocaml-5.2@sha256:39c10e7a8b9eb9d308dc280619d44e956a1823820e8ca0b6125cf6766c6e14a3-git-kv.0.0.5-777a342f85004b1ec44804b28181c37f4bf6dcfe"
2024-05-17 15:50.33: Using OBuilder spec:
((from ocaml/opam:debian-12-ocaml-5.2@sha256:39c10e7a8b9eb9d308dc280619d44e956a1823820e8ca0b6125cf6766c6e14a3)
 (user (uid 1000) (gid 1000))
 (workdir /home/opam)
 (run (shell "sudo ln -f /usr/bin/opam-2.1 /usr/bin/opam"))
 (run (network host)
      (shell "opam init --reinit --config .opamrc-sandbox -ni"))
 (run (shell "uname -rs && opam exec -- ocaml -version && opam --version"))
 (env OPAMDOWNLOADJOBS 1)
 (env OPAMERRLOGLEN 0)
 (env OPAMSOLVERTIMEOUT 500)
 (env OPAMPRECISETRACKING 1)
 (env CI true)
 (env OPAM_REPO_CI true)
 (run (shell "rm -rf opam-repository/"))
 (copy (src .) (dst opam-repository/))
 (run (shell "opam repository set-url --strict default opam-repository/"))
 (run (network host)
      (shell "opam update --depexts || true"))
 (run (shell "opam pin add -k version -yn git-kv.0.0.5 0.0.5"))
 (run (cache (opam-archives (target /home/opam/.opam/download-cache)))
      (network host)
      (shell  "opam reinstall git-kv.0.0.5;\
             \n        res=$?;\
             \n        test \"$res\" != 31 && exit \"$res\";\
             \n        export OPAMCLI=2.0;\
             \n        build_dir=$(opam var prefix)/.opam-switch/build;\
             \n        failed=$(ls \"$build_dir\");\
             \n        partial_fails=\"\";\
             \n        for pkg in $failed; do\
             \n          if opam show -f x-ci-accept-failures: \"$pkg\" | grep -qF \"\\\"debian-12\\\"\"; then\
             \n            echo \"A package failed and has been disabled for CI using the 'x-ci-accept-failures' field.\";\
             \n          fi;\
             \n          test \"$pkg\" != 'git-kv.0.0.5' && partial_fails=\"$partial_fails $pkg\";\
             \n        done;\
             \n        test \"${partial_fails}\" != \"\" && echo \"opam-repo-ci detected dependencies failing: ${partial_fails}\";\
             \n        exit 1"))
 (run (network host)
      (shell "(opam reinstall --with-test git-kv.0.0.5) || true"))
 (run (shell  "opam reinstall --with-test --verbose git-kv.0.0.5;\
             \n        res=$?;\
             \n        test \"$res\" != 31 && exit \"$res\";\
             \n        export OPAMCLI=2.0;\
             \n        build_dir=$(opam var prefix)/.opam-switch/build;\
             \n        failed=$(ls \"$build_dir\");\
             \n        partial_fails=\"\";\
             \n        for pkg in $failed; do\
             \n          if opam show -f x-ci-accept-failures: \"$pkg\" | grep -qF \"\\\"debian-12\\\"\"; then\
             \n            echo \"A package failed and has been disabled for CI using the 'x-ci-accept-failures' field.\";\
             \n          fi;\
             \n          test \"$pkg\" != 'git-kv.0.0.5' && partial_fails=\"$partial_fails $pkg\";\
             \n        done;\
             \n        test \"${partial_fails}\" != \"\" && echo \"opam-repo-ci detected dependencies failing: ${partial_fails}\";\
             \n        exit 1"))
)

2024-05-17 15:50.33: Waiting for resource in pool OCluster
2024-05-17 16:35.32: Waiting for worker…
2024-05-17 16:38.50: Got resource from pool OCluster
Building on doris.caelum.ci.dev
All commits already cached
Updating files:  90% (30368/33697)Updating files:  91% (30665/33697)Updating files:  92% (31002/33697)Updating files:  93% (31339/33697)Updating files:  94% (31676/33697)Updating files:  95% (32013/33697)Updating files:  96% (32350/33697)Updating files:  97% (32687/33697)Updating files:  98% (33024/33697)Updating files:  99% (33361/33697)Updating files: 100% (33697/33697)Updating files: 100% (33697/33697), done.
HEAD is now at ec28f29e7d Merge pull request #25898 from mseri/janestreet-v0.17-core-version-bounds
Merge made by the 'ort' strategy.
 packages/git-kv/git-kv.0.0.5/opam | 39 +++++++++++++++++++++++++++++++++++++++
 1 file changed, 39 insertions(+)
 create mode 100644 packages/git-kv/git-kv.0.0.5/opam

[01;34m(from ocaml/opam:debian-12-ocaml-5.2@sha256:39c10e7a8b9eb9d308dc280619d44e956a1823820e8ca0b6125cf6766c6e14a3)[0m
[01;2m[01;35m2024-05-17 16:38.57 ---> using "2d20bfa1c25c41af02a118b15dea5bd7a0e39d016b328547939d0aa27a9923e2" from cache[0m

[01;34m/: (user (uid 1000) (gid 1000))[0m

[01;34m/: (workdir /home/opam)[0m

[01;34m/home/opam: (run (shell "sudo ln -f /usr/bin/opam-2.1 /usr/bin/opam"))[0m
[01;2m[01;35m2024-05-17 16:38.57 ---> using "db37ed1c2e84020b88915a7bda49512731ef00fd54b4c581abf79c0a629e70c0" from cache[0m

[01;34m/home/opam: (run (network host)
                 (shell "opam init --reinit --config .opamrc-sandbox -ni"))[0m
Configuring from /home/opam/.opamrc-sandbox, then /home/opam/.opamrc, and finally from built-in defaults.
Checking for available remotes: rsync and local, git.
  - you won't be able to use mercurial repositories unless you install the hg command on your system.
  - you won't be able to use darcs repositories unless you install the darcs command on your system.

This version of opam requires an update to the layout of /home/opam/.opam from version 2.0 to version 2.1, which can't be reverted.
You may want to back it up before going further.

Continue? [Y/n] y
Format upgrade done.

<><> Updating repositories ><><><><><><><><><><><><><><><><><><><><><><><><><><>
[default] synchronised from file:///home/opam/opam-repository
[01;2m[01;35m2024-05-17 16:38.57 ---> using "ac6c2f03ffd6765af0172e76a4c9eb002c43516106f67395d98a88671f1cffc0" from cache[0m

[01;34m/home/opam: (run (shell "uname -rs && opam exec -- ocaml -version && opam --version"))[0m
Linux 5.15.0-106-generic
The OCaml toplevel, version 5.2.0
2.1.5
[01;2m[01;35m2024-05-17 16:38.57 ---> using "f5c03e56d5451f6a2b73486d00f2b5da6069d30ceb30444749cee4adc3c5f4cf" from cache[0m

[01;34m/home/opam: (env OPAMDOWNLOADJOBS 1)[0m

[01;34m/home/opam: (env OPAMERRLOGLEN 0)[0m

[01;34m/home/opam: (env OPAMSOLVERTIMEOUT 500)[0m

[01;34m/home/opam: (env OPAMPRECISETRACKING 1)[0m

[01;34m/home/opam: (env CI true)[0m

[01;34m/home/opam: (env OPAM_REPO_CI true)[0m

[01;34m/home/opam: (run (shell "rm -rf opam-repository/"))[0m
[01;2m[01;35m2024-05-17 16:38.57 ---> using "63e3834e3ad85d711b0e6406ff7f73693fbb7d2c2b275c76477034249575283d" from cache[0m

[01;34m/home/opam: (copy (src .) (dst opam-repository/))[0m
[01;2m[01;35m2024-05-17 16:38.58 ---> using "3c8b263ffc99af5b4d1cab7bf6f2095e1fee72244501e383d15f517f74296991" from cache[0m

[01;34m/home/opam: (run (shell "opam repository set-url --strict default opam-repository/"))[0m
[default] Initialised
[01;2m[01;35m2024-05-17 16:38.58 ---> using "81469673acc2e836f56f82459b6a168a7ad57c074f25c50c060d9add250799a4" from cache[0m

[01;34m/home/opam: (run (network host)
                 (shell "opam update --depexts || true"))[0m
+ /usr/bin/sudo "apt-get" "update"
- Hit:1 http://deb.debian.org/debian bookworm InRelease
- Get:2 http://deb.debian.org/debian bookworm-updates InRelease [55.4 kB]
- Get:3 http://deb.debian.org/debian-security bookworm-security InRelease [48.0 kB]
- Get:4 http://deb.debian.org/debian-security bookworm-security/main amd64 Packages [156 kB]
- Fetched 259 kB in 0s (893 kB/s)
- Reading package lists...
[01;2m[01;35m2024-05-17 16:38.58 ---> using "a3ee6924b37468e04b5d66697262f71e95346c633cf97215d2c8a76c32fbbbb8" from cache[0m

[01;34m/home/opam: (run (shell "opam pin add -k version -yn git-kv.0.0.5 0.0.5"))[0m
git-kv is now pinned to version 0.0.5
[01;2m[01;35m2024-05-17 16:38.58 ---> using "01307b20f7ede84ffe9ab1b70e0174d8a033e27354855c86bec5145b2c084d06" from cache[0m

[01;34m/home/opam: (run (cache (opam-archives (target /home/opam/.opam/download-cache)))
                 (network host)
                 (shell  "opam reinstall git-kv.0.0.5;\
                        \n        res=$?;\
                        \n        test \"$res\" != 31 && exit \"$res\";\
                        \n        export OPAMCLI=2.0;\
                        \n        build_dir=$(opam var prefix)/.opam-switch/build;\
                        \n        failed=$(ls \"$build_dir\");\
                        \n        partial_fails=\"\";\
                        \n        for pkg in $failed; do\
                        \n          if opam show -f x-ci-accept-failures: \"$pkg\" | grep -qF \"\\\"debian-12\\\"\"; then\
                        \n            echo \"A package failed and has been disabled for CI using the 'x-ci-accept-failures' field.\";\
                        \n          fi;\
                        \n          test \"$pkg\" != 'git-kv.0.0.5' && partial_fails=\"$partial_fails $pkg\";\
                        \n        done;\
                        \n        test \"${partial_fails}\" != \"\" && echo \"opam-repo-ci detected dependencies failing: ${partial_fails}\";\
                        \n        exit 1"))[0m
git-kv.0.0.5 is not installed. Install it? [Y/n] y
The following actions will be performed:
  - recompile ocaml-base-compiler 5.2.0*  [upstream or system changes]
  - recompile ocaml-config        3       [uses ocaml-base-compiler]
  - recompile ocaml               5.2.0   [uses ocaml-base-compiler]
  - install   seq                 base    [required by psq]
  - install   ocamlfind           1.9.6   [required by bos, ptime]
  - install   ocamlbuild          0.14.3  [required by bos, ptime]
  - install   dune                3.15.2  [required by git-kv]
  - install   cmdliner            1.2.0   [required by carton]
  - recompile opam-depext         1.2.1-1 [uses ocaml]
  - recompile base-domains        base    [uses ocaml]
  - install   base-bytes          base    [required by ocplib-endian]
  - install   topkg               1.0.7   [required by bos, ptime]
  - install   stringext           1.6.0   [required by uri]
  - install   stdlib-shims        0.3.0   [required by ocamlgraph]
  - install   result              1.5     [required by carton, git]
  - install   psq                 0.2.1   [required by carton, git]
  - install   pecu                0.7     [required by emile]
  - install   optint              0.3.0   [required by git, carton, carton-lwt, mirage-kv]
  - install   mirage-clock        4.2.0   [required by git-kv]
  - install   macaddr             5.5.0   [required by ipaddr]
  - install   domain-name         0.4.0   [required by git]
  - install   csexp               1.5.2   [required by dune-configurator]
  - install   cppo                1.6.9   [required by lwt]
  - install   base64              3.5.1   [required by git]
  - recompile base-nnp            base    [uses base-domains]
  - install   uutf                1.0.3   [required by emile]
  - install   rresult             0.7.0   [required by carton, git]
  - install   ptime               1.1.0   [required by git-kv]
  - install   fmt                 0.9.0   [required by git-kv]
  - install   astring             0.8.5   [required by git]
  - install   ocamlgraph          2.1.0   [required by git]
  - install   ipaddr              5.5.0   [required by git]
  - install   dune-configurator   3.15.2  [required by checkseum, bigstringaf, hxd]
  - install   ocplib-endian       1.2     [required by lwt]
  - install   ke                  0.6     [required by carton, git]
  - install   duff                0.5     [required by carton]
  - install   cstruct             6.2.0   [required by carton, git]
  - install   fpath               0.7.3   [required by carton, git]
  - install   checkseum           0.5.2   [required by carton, git]
  - install   bigstringaf         0.9.1   [required by carton-lwt, carton, git]
  - install   lwt                 5.7.0   [required by git, carton-lwt, mirage-kv]
  - install   eqaf                0.9     [required by digestif]
  - install   decompress          1.5.3   [required by carton-lwt, carton, git]
  - install   angstrom            0.14.1  [required by git]
  - install   mirage-kv           6.1.1   [required by git-kv]
  - install   mirage-flow         4.0.2   [required by git]
  - install   logs                0.7.0   [required by carton, git]
  - install   hxd                 0.3.2   [required by carton, git]
  - install   digestif            1.2.0   [required by carton, git]
  - install   uri                 4.4.0   [required by git]
  - install   encore              0.8     [required by git]
  - install   emile               1.1     [required by git]
  - install   mimic               0.0.7   [required by git]
  - install   bos                 0.2.1   [required by carton]
  - install   carton              0.7.1   [required by git-kv]
  - install   carton-lwt          0.7.1   [required by git-kv]
  - install   carton-git          0.7.1   [required by git]
  - install   git                 3.15.0  [required by git-kv]
  - install   git-kv              0.0.5*
===== 53 to install | 6 to recompile =====

<><> Processing actions <><><><><><><><><><><><><><><><><><><><><><><><><><><><>
-> retrieved angstrom.0.14.1  (cached)
-> retrieved astring.0.8.5  (cached)
-> retrieved base64.3.5.1  (cached)
-> retrieved bigstringaf.0.9.1  (cached)
-> retrieved bos.0.2.1  (cached)
-> retrieved carton.0.7.1  (cached)
-> retrieved carton-git.0.7.1  (cached)
-> retrieved carton-lwt.0.7.1  (cached)
-> retrieved checkseum.0.5.2  (cached)
-> retrieved cmdliner.1.2.0  (cached)
-> retrieved cppo.1.6.9  (cached)
-> retrieved csexp.1.5.2  (cached)
-> retrieved cstruct.6.2.0  (cached)
-> retrieved decompress.1.5.3  (cached)
-> retrieved digestif.1.2.0  (cached)
-> retrieved domain-name.0.4.0  (cached)
-> retrieved duff.0.5  (cached)
-> retrieved dune.3.15.2  (cached)
-> retrieved dune-configurator.3.15.2  (cached)
-> retrieved emile.1.1  (cached)
-> retrieved encore.0.8  (cached)
-> retrieved eqaf.0.9  (cached)
-> retrieved fmt.0.9.0  (cached)
-> retrieved fpath.0.7.3  (cached)
-> retrieved git.3.15.0  (cached)
-> retrieved git-kv.0.0.5  (cached)
-> retrieved hxd.0.3.2  (cached)
-> retrieved ipaddr.5.5.0  (cached)
-> retrieved ke.0.6  (cached)
-> retrieved logs.0.7.0  (cached)
-> retrieved lwt.5.7.0  (cached)
-> retrieved macaddr.5.5.0  (cached)
-> retrieved mimic.0.0.7  (cached)
-> retrieved mirage-clock.4.2.0  (cached)
-> retrieved mirage-flow.4.0.2  (cached)
-> retrieved mirage-kv.6.1.1  (cached)
-> retrieved ocaml-base-compiler.5.2.0  (cached)
-> retrieved ocamlbuild.0.14.3  (cached)
-> retrieved ocamlfind.1.9.6  (cached)
-> retrieved ocamlgraph.2.1.0  (cached)
-> retrieved ocplib-endian.1.2  (cached)
-> retrieved opam-depext.1.2.1-1  (cached)
-> retrieved optint.0.3.0  (cached)
-> retrieved pecu.0.7  (cached)
-> retrieved psq.0.2.1  (cached)
-> retrieved ptime.1.1.0  (cached)
-> retrieved result.1.5  (cached)
-> retrieved rresult.0.7.0  (cached)
-> retrieved stdlib-shims.0.3.0  (cached)
-> retrieved stringext.1.6.0  (cached)
-> retrieved topkg.1.0.7  (cached)
-> retrieved uri.4.4.0  (cached)
-> retrieved uutf.1.0.3  (cached)
-> removed   base-nnp.base
-> removed   base-domains.base
-> removed   opam-depext.1.2.1-1
-> removed   ocaml.5.2.0
-> removed   ocaml-config.3
-> removed   ocaml-base-compiler.5.2.0
-> installed ocaml-base-compiler.5.2.0
-> installed ocaml-config.3
-> installed ocaml.5.2.0
-> installed base-domains.base
-> installed base-nnp.base
-> installed seq.base
-> installed opam-depext.1.2.1-1
-> installed cmdliner.1.2.0
-> installed ocamlfind.1.9.6
-> installed base-bytes.base
-> installed ocamlbuild.0.14.3
-> installed topkg.1.0.7
-> installed rresult.0.7.0
-> installed uutf.1.0.3
-> installed ptime.1.1.0
-> installed fmt.0.9.0
-> installed astring.0.8.5
-> installed fpath.0.7.3
-> installed dune.3.15.2
-> installed mirage-clock.4.2.0
-> installed csexp.1.5.2
-> installed base64.3.5.1
-> installed cstruct.6.2.0
-> installed domain-name.0.4.0
-> installed duff.0.5
-> installed ke.0.6
-> installed macaddr.5.5.0
-> installed optint.0.3.0
-> installed pecu.0.7
-> installed psq.0.2.1
-> installed result.1.5
-> installed stdlib-shims.0.3.0
-> installed stringext.1.6.0
-> installed cppo.1.6.9
-> installed ipaddr.5.5.0
-> installed eqaf.0.9
-> installed ocplib-endian.1.2
-> installed dune-configurator.3.15.2
-> installed digestif.1.2.0
-> installed ocamlgraph.2.1.0
-> installed bigstringaf.0.9.1
-> installed checkseum.0.5.2
-> installed angstrom.0.14.1
-> installed encore.0.8
-> installed emile.1.1
-> installed decompress.1.5.3
-> installed uri.4.4.0
-> installed lwt.5.7.0
-> installed mirage-flow.4.0.2
-> installed mirage-kv.6.1.1
-> installed hxd.0.3.2
-> installed logs.0.7.0
-> installed mimic.0.0.7
-> installed bos.0.2.1
-> installed carton.0.7.1
-> installed carton-lwt.0.7.1
-> installed carton-git.0.7.1
-> installed git.3.15.0
-> installed git-kv.0.0.5
Done.

<><> opam-depext.1.2.1-1 installed successfully <><><><><><><><><><><><><><><><>
=> opam-depext is unnecessary when used with opam >= 2.1. Please use opam install directly instead
# Run eval $(opam env) to update the current shell environment
[01;2m[01;35m2024-05-17 16:41.29 ---> saved as "33fe1477ac17292cb1a77d451f72294c07642fcc00161c30dbd427a2f786d58a"[0m

[01;34m/home/opam: (run (network host)
                 (shell "(opam reinstall --with-test git-kv.0.0.5) || true"))[0m
[ERROR] Sorry, resolution of the request timed out.
        Try to specify a more precise request, use a different solver, or increase the allowed time by setting OPAMSOLVERTIMEOUT to a bigger value (currently, it is set to 500.0 seconds).
[01;2m[01;35m2024-05-17 16:50.00 ---> saved as "4ea226af578811f94955444b372b498cde9b051369b37dfade6387e9b5795fe6"[0m

[01;34m/home/opam: (run (shell  "opam reinstall --with-test --verbose git-kv.0.0.5;\
                        \n        res=$?;\
                        \n        test \"$res\" != 31 && exit \"$res\";\
                        \n        export OPAMCLI=2.0;\
                        \n        build_dir=$(opam var prefix)/.opam-switch/build;\
                        \n        failed=$(ls \"$build_dir\");\
                        \n        partial_fails=\"\";\
                        \n        for pkg in $failed; do\
                        \n          if opam show -f x-ci-accept-failures: \"$pkg\" | grep -qF \"\\\"debian-12\\\"\"; then\
                        \n            echo \"A package failed and has been disabled for CI using the 'x-ci-accept-failures' field.\";\
                        \n          fi;\
                        \n          test \"$pkg\" != 'git-kv.0.0.5' && partial_fails=\"$partial_fails $pkg\";\
                        \n        done;\
                        \n        test \"${partial_fails}\" != \"\" && echo \"opam-repo-ci detected dependencies failing: ${partial_fails}\";\
                        \n        exit 1"))[0m
[ERROR] Sorry, resolution of the request timed out.
        Try to specify a more precise request, use a different solver, or increase the allowed time by setting OPAMSOLVERTIMEOUT to a bigger value (currently, it is set to 500.0 seconds).
'opam reinstall --with-test --verbose git-kv.0.0.5' failed.
"/usr/bin/env" "bash" "-c" "opam reinstall --with-test --verbose git-kv.0.0.5;
        res=$?;
        test "$res" != 31 && exit "$res";
        export OPAMCLI=2.0;
        build_dir=$(opam var prefix)/.opam-switch/build;
        failed=$(ls "$build_dir");
        partial_fails="";
        for pkg in $failed; do
          if opam show -f x-ci-accept-failures: "$pkg" | grep -qF "\"debian-12\""; then
            echo "A package failed and has been disabled for CI using the 'x-ci-accept-failures' field.";
          fi;
          test "$pkg" != 'git-kv.0.0.5' && partial_fails="$partial_fails $pkg";
        done;
        test "${partial_fails}" != "" && echo "opam-repo-ci detected dependencies failing: ${partial_fails}";
        exit 1" failed with exit status 60
2024-05-17 16:59.54: Job failed: Failed: Build failed
2024-05-17 16:59.54: Log analysis:
2024-05-17 16:59.54: >>> 
[ERROR] Sorry, resolution of the request timed out.
 (score = 20)
2024-05-17 16:59.54: >>> 
[ERROR] Sorry, resolution of the request timed out.
 (score = 20)
2024-05-17 16:59.54: Sorry, resolution of the request timed out.
