2024-05-17 15:50.30: New job: test git-kv.0.0.5, using opam dev
                              from https://github.com/ocaml/opam-repository.git#refs/pull/25894/head (777a342f85004b1ec44804b28181c37f4bf6dcfe)
                              on debian-testing-ocaml-5.2/amd64

To reproduce locally:

cd $(mktemp -d)
git clone --recursive "https://github.com/ocaml/opam-repository.git" && cd "opam-repository" && git fetch origin "refs/pull/25894/head" && git reset --hard 777a342f
git fetch origin master
git merge --no-edit ec28f29e7d5229f0ae579130c2c129f9b952efb3
cat > ../Dockerfile <<'END-OF-DOCKERFILE'
[34mFROM ocaml/opam:debian-testing-ocaml-5.2@sha256:99d455dd4423708923e83f47e47bd2bced6531adcb47d1818162173d95e73952
USER 1000:1000
WORKDIR /home/opam
RUN sudo ln -f /usr/bin/opam-dev /usr/bin/opam
RUN opam init --reinit -ni
RUN uname -rs && opam exec -- ocaml -version && opam --version
ENV OPAMDOWNLOADJOBS="1"
ENV OPAMERRLOGLEN="0"
ENV OPAMSOLVERTIMEOUT="500"
ENV OPAMPRECISETRACKING="1"
ENV CI="true"
ENV OPAM_REPO_CI="true"
RUN rm -rf opam-repository/
COPY --chown=1000:1000 . opam-repository/
RUN opam repository set-url --strict default opam-repository/
RUN opam update --depexts || true
RUN opam pin add -k version -yn git-kv.0.0.5 0.0.5
RUN opam reinstall git-kv.0.0.5; \
    res=$?; \
    test "$res" != 31 && exit "$res"; \
    export OPAMCLI=2.0; \
    build_dir=$(opam var prefix)/.opam-switch/build; \
    failed=$(ls "$build_dir"); \
    partial_fails=""; \
    for pkg in $failed; do \
    if opam show -f x-ci-accept-failures: "$pkg" | grep -qF "\"debian-testing\""; then \
    echo "A package failed and has been disabled for CI using the 'x-ci-accept-failures' field."; \
    fi; \
    test "$pkg" != 'git-kv.0.0.5' && partial_fails="$partial_fails $pkg"; \
    done; \
    test "${partial_fails}" != "" && echo "opam-repo-ci detected dependencies failing: ${partial_fails}"; \
    exit 1
RUN (opam reinstall --with-test git-kv.0.0.5) || true
RUN opam reinstall --with-test --verbose git-kv.0.0.5; \
    res=$?; \
    test "$res" != 31 && exit "$res"; \
    export OPAMCLI=2.0; \
    build_dir=$(opam var prefix)/.opam-switch/build; \
    failed=$(ls "$build_dir"); \
    partial_fails=""; \
    for pkg in $failed; do \
    if opam show -f x-ci-accept-failures: "$pkg" | grep -qF "\"debian-testing\""; then \
    echo "A package failed and has been disabled for CI using the 'x-ci-accept-failures' field."; \
    fi; \
    test "$pkg" != 'git-kv.0.0.5' && partial_fails="$partial_fails $pkg"; \
    done; \
    test "${partial_fails}" != "" && echo "opam-repo-ci detected dependencies failing: ${partial_fails}"; \
    exit 1
[0m
END-OF-DOCKERFILE
docker build -f ../Dockerfile .

2024-05-17 15:50.30: Using cache hint "ocaml/opam:debian-testing-ocaml-5.2@sha256:99d455dd4423708923e83f47e47bd2bced6531adcb47d1818162173d95e73952-git-kv.0.0.5-777a342f85004b1ec44804b28181c37f4bf6dcfe"
2024-05-17 15:50.30: Using OBuilder spec:
((from ocaml/opam:debian-testing-ocaml-5.2@sha256:99d455dd4423708923e83f47e47bd2bced6531adcb47d1818162173d95e73952)
 (user (uid 1000) (gid 1000))
 (workdir /home/opam)
 (run (shell "sudo ln -f /usr/bin/opam-dev /usr/bin/opam"))
 (run (network host)
      (shell "opam init --reinit --config .opamrc-sandbox -ni"))
 (run (shell "uname -rs && opam exec -- ocaml -version && opam --version"))
 (env OPAMDOWNLOADJOBS 1)
 (env OPAMERRLOGLEN 0)
 (env OPAMSOLVERTIMEOUT 500)
 (env OPAMPRECISETRACKING 1)
 (env CI true)
 (env OPAM_REPO_CI true)
 (run (shell "rm -rf opam-repository/"))
 (copy (src .) (dst opam-repository/))
 (run (shell "opam repository set-url --strict default opam-repository/"))
 (run (network host)
      (shell "opam update --depexts || true"))
 (run (shell "opam pin add -k version -yn git-kv.0.0.5 0.0.5"))
 (run (cache (opam-archives (target /home/opam/.opam/download-cache)))
      (network host)
      (shell  "opam reinstall git-kv.0.0.5;\
             \n        res=$?;\
             \n        test \"$res\" != 31 && exit \"$res\";\
             \n        export OPAMCLI=2.0;\
             \n        build_dir=$(opam var prefix)/.opam-switch/build;\
             \n        failed=$(ls \"$build_dir\");\
             \n        partial_fails=\"\";\
             \n        for pkg in $failed; do\
             \n          if opam show -f x-ci-accept-failures: \"$pkg\" | grep -qF \"\\\"debian-testing\\\"\"; then\
             \n            echo \"A package failed and has been disabled for CI using the 'x-ci-accept-failures' field.\";\
             \n          fi;\
             \n          test \"$pkg\" != 'git-kv.0.0.5' && partial_fails=\"$partial_fails $pkg\";\
             \n        done;\
             \n        test \"${partial_fails}\" != \"\" && echo \"opam-repo-ci detected dependencies failing: ${partial_fails}\";\
             \n        exit 1"))
 (run (network host)
      (shell "(opam reinstall --with-test git-kv.0.0.5) || true"))
 (run (shell  "opam reinstall --with-test --verbose git-kv.0.0.5;\
             \n        res=$?;\
             \n        test \"$res\" != 31 && exit \"$res\";\
             \n        export OPAMCLI=2.0;\
             \n        build_dir=$(opam var prefix)/.opam-switch/build;\
             \n        failed=$(ls \"$build_dir\");\
             \n        partial_fails=\"\";\
             \n        for pkg in $failed; do\
             \n          if opam show -f x-ci-accept-failures: \"$pkg\" | grep -qF \"\\\"debian-testing\\\"\"; then\
             \n            echo \"A package failed and has been disabled for CI using the 'x-ci-accept-failures' field.\";\
             \n          fi;\
             \n          test \"$pkg\" != 'git-kv.0.0.5' && partial_fails=\"$partial_fails $pkg\";\
             \n        done;\
             \n        test \"${partial_fails}\" != \"\" && echo \"opam-repo-ci detected dependencies failing: ${partial_fails}\";\
             \n        exit 1"))
)

2024-05-17 15:50.30: Waiting for resource in pool OCluster
2024-05-17 16:34.00: Waiting for worker…
2024-05-17 16:38.29: Got resource from pool OCluster
Building on x86-bm-c2.sw.ocaml.org
All commits already cached
Updating files:  81% (27628/33697)Updating files:  82% (27632/33697)Updating files:  83% (27969/33697)Updating files:  84% (28306/33697)Updating files:  85% (28643/33697)Updating files:  86% (28980/33697)Updating files:  87% (29317/33697)Updating files:  88% (29654/33697)Updating files:  89% (29991/33697)Updating files:  90% (30328/33697)Updating files:  91% (30665/33697)Updating files:  92% (31002/33697)Updating files:  93% (31339/33697)Updating files:  94% (31676/33697)Updating files:  95% (32013/33697)Updating files:  96% (32350/33697)Updating files:  97% (32687/33697)Updating files:  98% (33024/33697)Updating files:  99% (33361/33697)Updating files: 100% (33697/33697)Updating files: 100% (33697/33697), done.
HEAD is now at ec28f29e7d Merge pull request #25898 from mseri/janestreet-v0.17-core-version-bounds
Merge made by the 'ort' strategy.
 packages/git-kv/git-kv.0.0.5/opam | 39 +++++++++++++++++++++++++++++++++++++++
 1 file changed, 39 insertions(+)
 create mode 100644 packages/git-kv/git-kv.0.0.5/opam

[01;34m(from ocaml/opam:debian-testing-ocaml-5.2@sha256:99d455dd4423708923e83f47e47bd2bced6531adcb47d1818162173d95e73952)[0m
[01;2m[01;35m2024-05-17 16:39.07 ---> saved as "c1c6c6d3cf3082a8a336c932d6e586e56eadcf00dcf543bae36f21f8574741a0"[0m

[01;34m/: (user (uid 1000) (gid 1000))[0m

[01;34m/: (workdir /home/opam)[0m

[01;34m/home/opam: (run (shell "sudo ln -f /usr/bin/opam-dev /usr/bin/opam"))[0m
[01;2m[01;35m2024-05-17 16:39.07 ---> saved as "33778c385afe7c912cbb569dff8ec158224d26f00810e280fc92b32391e197f6"[0m

[01;34m/home/opam: (run (network host)
                 (shell "opam init --reinit --config .opamrc-sandbox -ni"))[0m
Configuring from /home/opam/.opamrc-sandbox, then /home/opam/.opamrc, and finally from built-in defaults.
Checking for available remotes: rsync and local, git.
  - you won't be able to use mercurial repositories unless you install the hg command on your system.
  - you won't be able to use darcs repositories unless you install the darcs command on your system.

This development version of opam requires an update to the layout of /home/opam/.opam from version 2.0 to version 2.2~beta, which can't be reverted.
You may want to back it up before going further.

Continue? [y/n] y
Format upgrade done.

<><> Updating repositories ><><><><><><><><><><><><><><><><><><><><><><><><><><>
[default] synchronised from file:///home/opam/opam-repository
[01;2m[01;35m2024-05-17 16:40.47 ---> saved as "de62de163c814eea4e07a27167949e591821b04e10469b1a440d80348e35dab0"[0m

[01;34m/home/opam: (run (shell "uname -rs && opam exec -- ocaml -version && opam --version"))[0m
Linux 5.15.0-101-generic
The OCaml toplevel, version 5.2.0
2.2.0~beta3~dev
[01;2m[01;35m2024-05-17 16:40.47 ---> saved as "463fb526e4e7317a571470aac8fb3f19f81ff08024b078b88e89832ad3a98eca"[0m

[01;34m/home/opam: (env OPAMDOWNLOADJOBS 1)[0m

[01;34m/home/opam: (env OPAMERRLOGLEN 0)[0m

[01;34m/home/opam: (env OPAMSOLVERTIMEOUT 500)[0m

[01;34m/home/opam: (env OPAMPRECISETRACKING 1)[0m

[01;34m/home/opam: (env CI true)[0m

[01;34m/home/opam: (env OPAM_REPO_CI true)[0m

[01;34m/home/opam: (run (shell "rm -rf opam-repository/"))[0m
[01;2m[01;35m2024-05-17 16:40.54 ---> saved as "c190f69a064c426fd936075597e01f96e996db179269418468a1409262339ecb"[0m

[01;34m/home/opam: (copy (src .) (dst opam-repository/))[0m
[01;2m[01;35m2024-05-17 16:41.05 ---> saved as "c7c16d9095e5cfd5d2c4e936232222d4bdc9adb1e2fa838df2bf1fd28686add7"[0m

[01;34m/home/opam: (run (shell "opam repository set-url --strict default opam-repository/"))[0m
[default] Initialised
[01;2m[01;35m2024-05-17 16:41.58 ---> saved as "3f6123b915c194d560a4db4550802e068b414f34dc8ae56fee9e79014b4ad526"[0m

[01;34m/home/opam: (run (network host)
                 (shell "opam update --depexts || true"))[0m
+ /usr/bin/sudo "apt-get" "update"
- Get:1 http://deb.debian.org/debian testing InRelease [168 kB]
- Get:2 http://deb.debian.org/debian testing-updates InRelease [49.6 kB]
- Get:3 http://deb.debian.org/debian-security testing-security InRelease [43.5 kB]
- Get:4 http://deb.debian.org/debian testing/main amd64 Packages.diff/Index [27.9 kB]
- Get:5 http://deb.debian.org/debian testing/main amd64 Packages 2024-05-14-0204.32.pdiff [38.2 kB]
- Get:6 http://deb.debian.org/debian testing/main amd64 Packages 2024-05-14-0804.50.pdiff [275 B]
- Get:7 http://deb.debian.org/debian testing/main amd64 Packages 2024-05-14-1404.21.pdiff [1103 B]
- Get:8 http://deb.debian.org/debian testing/main amd64 Packages 2024-05-14-2007.24.pdiff [1770 B]
- Get:9 http://deb.debian.org/debian testing/main amd64 Packages 2024-05-15-0325.00.pdiff [32.0 kB]
- Get:10 http://deb.debian.org/debian testing/main amd64 Packages 2024-05-15-1407.31.pdiff [8466 B]
- Get:11 http://deb.debian.org/debian testing/main amd64 Packages 2024-05-15-2019.42.pdiff [33 B]
- Get:12 http://deb.debian.org/debian testing/main amd64 Packages 2024-05-16-0222.10.pdiff [56.7 kB]
- Get:13 http://deb.debian.org/debian testing/main amd64 Packages 2024-05-16-0807.01.pdiff [1541 B]
- Get:14 http://deb.debian.org/debian testing/main amd64 Packages 2024-05-16-1408.01.pdiff [15.3 kB]
- Get:15 http://deb.debian.org/debian testing/main amd64 Packages 2024-05-16-2010.28.pdiff [15.6 kB]
- Get:16 http://deb.debian.org/debian testing/main amd64 Packages 2024-05-17-0207.25.pdiff [24.1 kB]
- Get:17 http://deb.debian.org/debian testing/main amd64 Packages 2024-05-17-0810.32.pdiff [659 B]
- Get:18 http://deb.debian.org/debian testing/main amd64 Packages 2024-05-17-1405.39.pdiff [484 B]
- Get:18 http://deb.debian.org/debian testing/main amd64 Packages 2024-05-17-1405.39.pdiff [484 B]
- Fetched 486 kB in 2s (306 kB/s)
- Reading package lists...
- 
[01;2m[01;35m2024-05-17 16:42.01 ---> saved as "2d1bb7ff7f285bc41c88127dc09b7b32272de1fc98759f1f00f29db96bbdd0f4"[0m

[01;34m/home/opam: (run (shell "opam pin add -k version -yn git-kv.0.0.5 0.0.5"))[0m
git-kv is now pinned to version 0.0.5
[01;2m[01;35m2024-05-17 16:42.02 ---> saved as "10b9a989cc9b38e22b6202df11563b333d5dfcaa67fe8b62b06cef338bd8cf8f"[0m

[01;34m/home/opam: (run (cache (opam-archives (target /home/opam/.opam/download-cache)))
                 (network host)
                 (shell  "opam reinstall git-kv.0.0.5;\
                        \n        res=$?;\
                        \n        test \"$res\" != 31 && exit \"$res\";\
                        \n        export OPAMCLI=2.0;\
                        \n        build_dir=$(opam var prefix)/.opam-switch/build;\
                        \n        failed=$(ls \"$build_dir\");\
                        \n        partial_fails=\"\";\
                        \n        for pkg in $failed; do\
                        \n          if opam show -f x-ci-accept-failures: \"$pkg\" | grep -qF \"\\\"debian-testing\\\"\"; then\
                        \n            echo \"A package failed and has been disabled for CI using the 'x-ci-accept-failures' field.\";\
                        \n          fi;\
                        \n          test \"$pkg\" != 'git-kv.0.0.5' && partial_fails=\"$partial_fails $pkg\";\
                        \n        done;\
                        \n        test \"${partial_fails}\" != \"\" && echo \"opam-repo-ci detected dependencies failing: ${partial_fails}\";\
                        \n        exit 1"))[0m
git-kv.0.0.5 is not installed. Install it? [y/n] y
The following actions will be performed:
=== install 54 packages
  - install angstrom           0.16.0         [required by git]
  - install astring            0.8.5          [required by git]
  - install base-bytes         base           [required by ocplib-endian]
  - install base64             3.5.1          [required by git]
  - install bigstringaf        0.9.1          [required by carton-lwt, carton, git]
  - install bos                0.2.1          [required by carton]
  - install carton             0.7.1          [required by git-kv]
  - install carton-git         0.7.1          [required by git]
  - install carton-lwt         0.7.1          [required by git-kv]
  - install checkseum          0.5.2          [required by carton, git]
  - install cmdliner           1.2.0          [required by carton]
  - install cppo               1.6.9          [required by lwt]
  - install csexp              1.5.2          [required by dune-configurator]
  - install cstruct            6.2.0          [required by carton, git]
  - install decompress         1.5.3          [required by carton-lwt, carton, git]
  - install digestif           1.2.0          [required by carton, git]
  - install domain-name        0.4.0          [required by git]
  - install duff               0.5            [required by carton]
  - install dune               3.15.2         [required by git-kv]
  - install dune-configurator  3.15.2         [required by checkseum, bigstringaf, hxd]
  - install emile              1.1            [required by git]
  - install encore             0.8            [required by git]
  - install eqaf               0.9            [required by digestif]
  - install fmt                0.9.0          [required by git-kv]
  - install fpath              0.7.3          [required by carton, git]
  - install git                3.15.0         [required by git-kv]
  - install git-kv             0.0.5 (pinned)
  - install hxd                0.3.2          [required by carton, git]
  - install ipaddr             5.5.0          [required by git]
  - install ke                 0.6            [required by carton, git]
  - install logs               0.7.0          [required by carton, git]
  - install lwt                5.7.0          [required by git, carton-lwt, mirage-kv]
  - install macaddr            5.5.0          [required by ipaddr]
  - install mimic              0.0.7          [required by git]
  - install mirage-clock       4.2.0          [required by git-kv]
  - install mirage-flow        4.0.2          [required by git]
  - install mirage-kv          6.1.1          [required by git-kv]
  - install ocaml-syntax-shims 1.0.0          [required by angstrom]
  - install ocamlbuild         0.14.3         [required by bos, ptime]
  - install ocamlfind          1.9.6          [required by bos, ptime]
  - install ocamlgraph         2.1.0          [required by git]
  - install ocplib-endian      1.2            [required by lwt]
  - install optint             0.3.0          [required by git, carton, carton-lwt, mirage-kv]
  - install pecu               0.7            [required by emile]
  - install psq                0.2.1          [required by carton, git]
  - install ptime              1.1.0          [required by git-kv]
  - install result             1.5            [required by carton, git]
  - install rresult            0.7.0          [required by carton, git]
  - install seq                base           [required by psq]
  - install stdlib-shims       0.3.0          [required by ocamlgraph]
  - install stringext          1.6.0          [required by uri]
  - install topkg              1.0.7          [required by bos, ptime]
  - install uri                4.4.0          [required by git]
  - install uutf               1.0.3          [required by emile]

<><> Processing actions <><><><><><><><><><><><><><><><><><><><><><><><><><><><>
-> retrieved angstrom.0.16.0  (cached)
-> retrieved astring.0.8.5  (cached)
-> retrieved base64.3.5.1  (cached)
-> retrieved bigstringaf.0.9.1  (cached)
-> retrieved bos.0.2.1  (cached)
-> retrieved carton.0.7.1, carton-git.0.7.1, carton-lwt.0.7.1  (cached)
-> retrieved checkseum.0.5.2  (cached)
-> retrieved cmdliner.1.2.0  (cached)
-> retrieved cppo.1.6.9  (cached)
-> retrieved csexp.1.5.2  (cached)
-> retrieved cstruct.6.2.0  (cached)
-> retrieved decompress.1.5.3  (cached)
-> retrieved digestif.1.2.0  (cached)
-> retrieved domain-name.0.4.0  (cached)
-> retrieved duff.0.5  (cached)
-> retrieved dune.3.15.2, dune-configurator.3.15.2  (cached)
-> retrieved emile.1.1  (cached)
-> retrieved encore.0.8  (cached)
-> retrieved eqaf.0.9  (cached)
-> retrieved fmt.0.9.0  (cached)
-> retrieved fpath.0.7.3  (cached)
-> installed cmdliner.1.2.0
-> retrieved git.3.15.0  (cached)
-> retrieved git-kv.0.0.5  (cached)
-> retrieved hxd.0.3.2  (cached)
-> retrieved ipaddr.5.5.0, macaddr.5.5.0  (cached)
-> retrieved ke.0.6  (cached)
-> retrieved logs.0.7.0  (cached)
-> retrieved lwt.5.7.0  (cached)
-> retrieved mimic.0.0.7  (cached)
-> retrieved mirage-clock.4.2.0  (cached)
-> retrieved mirage-flow.4.0.2  (cached)
-> retrieved mirage-kv.6.1.1  (cached)
-> retrieved ocaml-syntax-shims.1.0.0  (cached)
-> retrieved ocamlbuild.0.14.3  (cached)
-> retrieved ocamlfind.1.9.6  (cached)
-> retrieved ocamlgraph.2.1.0  (cached)
-> retrieved ocplib-endian.1.2  (cached)
-> retrieved optint.0.3.0  (cached)
-> retrieved pecu.0.7  (cached)
-> retrieved psq.0.2.1  (cached)
-> retrieved ptime.1.1.0  (cached)
-> retrieved result.1.5  (cached)
-> retrieved rresult.0.7.0  (cached)
-> installed seq.base
-> retrieved stdlib-shims.0.3.0  (cached)
-> retrieved stringext.1.6.0  (cached)
-> retrieved topkg.1.0.7  (cached)
-> retrieved uri.4.4.0  (cached)
-> retrieved uutf.1.0.3  (cached)
-> installed ocamlfind.1.9.6
-> installed base-bytes.base
-> installed ocamlbuild.0.14.3
-> installed topkg.1.0.7
-> installed rresult.0.7.0
-> installed uutf.1.0.3
-> installed fmt.0.9.0
-> installed ptime.1.1.0
-> installed astring.0.8.5
-> installed fpath.0.7.3
-> installed dune.3.15.2
-> installed mirage-clock.4.2.0
-> installed csexp.1.5.2
-> installed base64.3.5.1
-> installed cstruct.6.2.0
-> installed cppo.1.6.9
-> installed domain-name.0.4.0
-> installed duff.0.5
-> installed ke.0.6
-> installed macaddr.5.5.0
-> installed ocaml-syntax-shims.1.0.0
-> installed optint.0.3.0
-> installed pecu.0.7
-> installed psq.0.2.1
-> installed result.1.5
-> installed stdlib-shims.0.3.0
-> installed stringext.1.6.0
-> installed ocplib-endian.1.2
-> installed eqaf.0.9
-> installed ipaddr.5.5.0
-> installed digestif.1.2.0
-> installed dune-configurator.3.15.2
-> installed bigstringaf.0.9.1
-> installed checkseum.0.5.2
-> installed ocamlgraph.2.1.0
-> installed angstrom.0.16.0
-> installed encore.0.8
-> installed emile.1.1
-> installed decompress.1.5.3
-> installed uri.4.4.0
-> installed lwt.5.7.0
-> installed mirage-flow.4.0.2
-> installed mirage-kv.6.1.1
-> installed hxd.0.3.2
-> installed logs.0.7.0
-> installed mimic.0.0.7
-> installed bos.0.2.1
-> installed carton.0.7.1
-> installed carton-lwt.0.7.1
-> installed carton-git.0.7.1
-> installed git.3.15.0
-> installed git-kv.0.0.5
Done.
# Run eval $(opam env) to update the current shell environment
[01;2m[01;35m2024-05-17 16:43.07 ---> saved as "f1a640d79d3ba74d145dffb258c71daefc262b1e6a6d7877580edb67dc027d4d"[0m

[01;34m/home/opam: (run (network host)
                 (shell "(opam reinstall --with-test git-kv.0.0.5) || true"))[0m
[ERROR] Sorry, resolution of the request timed out.
        Try to specify a more precise request, use a different solver, or increase the allowed time by setting OPAMSOLVERTIMEOUT to a bigger value (currently, it is set to 500.0 seconds).
[01;2m[01;35m2024-05-17 16:51.45 ---> saved as "6f9740820089c4c9d8a8002a122e62ca0539bd1c7ec090986c171ba5bd315701"[0m

[01;34m/home/opam: (run (shell  "opam reinstall --with-test --verbose git-kv.0.0.5;\
                        \n        res=$?;\
                        \n        test \"$res\" != 31 && exit \"$res\";\
                        \n        export OPAMCLI=2.0;\
                        \n        build_dir=$(opam var prefix)/.opam-switch/build;\
                        \n        failed=$(ls \"$build_dir\");\
                        \n        partial_fails=\"\";\
                        \n        for pkg in $failed; do\
                        \n          if opam show -f x-ci-accept-failures: \"$pkg\" | grep -qF \"\\\"debian-testing\\\"\"; then\
                        \n            echo \"A package failed and has been disabled for CI using the 'x-ci-accept-failures' field.\";\
                        \n          fi;\
                        \n          test \"$pkg\" != 'git-kv.0.0.5' && partial_fails=\"$partial_fails $pkg\";\
                        \n        done;\
                        \n        test \"${partial_fails}\" != \"\" && echo \"opam-repo-ci detected dependencies failing: ${partial_fails}\";\
                        \n        exit 1"))[0m
[ERROR] Sorry, resolution of the request timed out.
        Try to specify a more precise request, use a different solver, or increase the allowed time by setting OPAMSOLVERTIMEOUT to a bigger value (currently, it is set to 500.0 seconds).
'opam reinstall --with-test --verbose git-kv.0.0.5' failed.
"/usr/bin/env" "bash" "-c" "opam reinstall --with-test --verbose git-kv.0.0.5;
        res=$?;
        test "$res" != 31 && exit "$res";
        export OPAMCLI=2.0;
        build_dir=$(opam var prefix)/.opam-switch/build;
        failed=$(ls "$build_dir");
        partial_fails="";
        for pkg in $failed; do
          if opam show -f x-ci-accept-failures: "$pkg" | grep -qF "\"debian-testing\""; then
            echo "A package failed and has been disabled for CI using the 'x-ci-accept-failures' field.";
          fi;
          test "$pkg" != 'git-kv.0.0.5' && partial_fails="$partial_fails $pkg";
        done;
        test "${partial_fails}" != "" && echo "opam-repo-ci detected dependencies failing: ${partial_fails}";
        exit 1" failed with exit status 60
2024-05-17 17:00.36: Job failed: Failed: Build failed
2024-05-17 17:00.36: Log analysis:
2024-05-17 17:00.36: >>> 
[ERROR] Sorry, resolution of the request timed out.
 (score = 20)
2024-05-17 17:00.36: >>> 
[ERROR] Sorry, resolution of the request timed out.
 (score = 20)
2024-05-17 17:00.36: Sorry, resolution of the request timed out.
