2024-09-06 08:39.39: New job: build ocsigen-start.7.0.0, using opam 2.1
                              from https://github.com/ocaml/opam-repository.git#refs/pull/26468/head (ebeceaabb1c47c6ac26be292cb863c16440bd26c)
                              on debian-12-ocaml-5.2/amd64

To reproduce locally:

cd $(mktemp -d)
git clone --recursive "https://github.com/ocaml/opam-repository.git" && cd "opam-repository" && git fetch origin "refs/pull/26468/head" && git reset --hard ebeceaab
git fetch origin master
git merge --no-edit cc623f467cc1d108557982f06195bb238b542419
cat > ../Dockerfile <<'END-OF-DOCKERFILE'
[34mFROM ocaml/opam:debian-12-ocaml-5.2@sha256:5ca37fe8f061d8a5c27ab8e7575cfeded45e56663ef74632865a9b66aed1a1e0
USER 1000:1000
WORKDIR /home/opam
RUN sudo ln -f /usr/bin/opam-2.1 /usr/bin/opam
RUN opam init --reinit -ni
RUN uname -rs && opam exec -- ocaml -version && opam --version
ENV OPAMDOWNLOADJOBS="1"
ENV OPAMERRLOGLEN="0"
ENV OPAMSOLVERTIMEOUT="500"
ENV OPAMPRECISETRACKING="1"
ENV CI="true"
ENV OPAM_REPO_CI="true"
RUN rm -rf opam-repository/
COPY --chown=1000:1000 . opam-repository/
RUN opam repository set-url --strict default opam-repository/
RUN opam update --depexts || true
RUN opam pin add -k version -yn ocsigen-start.7.0.0 7.0.0
RUN opam reinstall ocsigen-start.7.0.0; \
    res=$?; \
    test "$res" != 31 && exit "$res"; \
    export OPAMCLI=2.0; \
    build_dir=$(opam var prefix)/.opam-switch/build; \
    failed=$(ls "$build_dir"); \
    partial_fails=""; \
    for pkg in $failed; do \
    if opam show -f x-ci-accept-failures: "$pkg" | grep -qF "\"debian-12\""; then \
    echo "A package failed and has been disabled for CI using the 'x-ci-accept-failures' field."; \
    fi; \
    test "$pkg" != 'ocsigen-start.7.0.0' && partial_fails="$partial_fails $pkg"; \
    done; \
    test "${partial_fails}" != "" && echo "opam-repo-ci detected dependencies failing: ${partial_fails}"; \
    exit 1
[0m
END-OF-DOCKERFILE
docker build -f ../Dockerfile .

2024-09-06 08:39.39: Using cache hint "ocaml/opam:debian-12-ocaml-5.2@sha256:5ca37fe8f061d8a5c27ab8e7575cfeded45e56663ef74632865a9b66aed1a1e0-ocsigen-start.7.0.0-ebeceaabb1c47c6ac26be292cb863c16440bd26c"
2024-09-06 08:39.39: Using OBuilder spec:
((from ocaml/opam:debian-12-ocaml-5.2@sha256:5ca37fe8f061d8a5c27ab8e7575cfeded45e56663ef74632865a9b66aed1a1e0)
 (user (uid 1000) (gid 1000))
 (workdir /home/opam)
 (run (shell "sudo ln -f /usr/bin/opam-2.1 /usr/bin/opam"))
 (run (network host)
      (shell "opam init --reinit --config .opamrc-sandbox -ni"))
 (run (shell "uname -rs && opam exec -- ocaml -version && opam --version"))
 (env OPAMDOWNLOADJOBS 1)
 (env OPAMERRLOGLEN 0)
 (env OPAMSOLVERTIMEOUT 500)
 (env OPAMPRECISETRACKING 1)
 (env CI true)
 (env OPAM_REPO_CI true)
 (run (shell "rm -rf opam-repository/"))
 (copy (src .) (dst opam-repository/))
 (run (shell "opam repository set-url --strict default opam-repository/"))
 (run (network host)
      (shell "opam update --depexts || true"))
 (run (shell "opam pin add -k version -yn ocsigen-start.7.0.0 7.0.0"))
 (run (cache (opam-archives (target /home/opam/.opam/download-cache)))
      (network host)
      (shell  "opam reinstall ocsigen-start.7.0.0;\
             \n        res=$?;\
             \n        test \"$res\" != 31 && exit \"$res\";\
             \n        export OPAMCLI=2.0;\
             \n        build_dir=$(opam var prefix)/.opam-switch/build;\
             \n        failed=$(ls \"$build_dir\");\
             \n        partial_fails=\"\";\
             \n        for pkg in $failed; do\
             \n          if opam show -f x-ci-accept-failures: \"$pkg\" | grep -qF \"\\\"debian-12\\\"\"; then\
             \n            echo \"A package failed and has been disabled for CI using the 'x-ci-accept-failures' field.\";\
             \n          fi;\
             \n          test \"$pkg\" != 'ocsigen-start.7.0.0' && partial_fails=\"$partial_fails $pkg\";\
             \n        done;\
             \n        test \"${partial_fails}\" != \"\" && echo \"opam-repo-ci detected dependencies failing: ${partial_fails}\";\
             \n        exit 1"))
)

2024-09-06 08:39.39: Waiting for resource in pool OCluster
2024-09-06 08:39.39: Waiting for worker…
2024-09-06 08:39.39: Got resource from pool OCluster
Building on x86-bm-c10.sw.ocaml.org
All commits already cached
Updating files:  99% (32077/32156)Updating files: 100% (32156/32156)Updating files: 100% (32156/32156), done.
HEAD is now at cc623f467c Merge pull request #26503 from proux01/coqide820
Merge made by the 'ort' strategy.
 packages/ocsigen-start/ocsigen-start.7.0.0/opam | 44 +++++++++++++++++++++++++
 1 file changed, 44 insertions(+)
 create mode 100644 packages/ocsigen-start/ocsigen-start.7.0.0/opam

[01;34m(from ocaml/opam:debian-12-ocaml-5.2@sha256:5ca37fe8f061d8a5c27ab8e7575cfeded45e56663ef74632865a9b66aed1a1e0)[0m
[01;2m[01;35m2024-09-06 08:40.36 ---> saved as "7768eccb70fa5e54dcad8a38db1291dc49870d3064b43fdb717581d7b513bee1"[0m

[01;34m/: (user (uid 1000) (gid 1000))[0m

[01;34m/: (workdir /home/opam)[0m

[01;34m/home/opam: (run (shell "sudo ln -f /usr/bin/opam-2.1 /usr/bin/opam"))[0m
[01;2m[01;35m2024-09-06 08:40.36 ---> saved as "396551520e0b9bb07bb6c840c8a1251f1654b2a2609841f990fb182e0d214994"[0m

[01;34m/home/opam: (run (network host)
                 (shell "opam init --reinit --config .opamrc-sandbox -ni"))[0m
Configuring from /home/opam/.opamrc-sandbox, then /home/opam/.opamrc, and finally from built-in defaults.
Checking for available remotes: rsync and local, git.
  - you won't be able to use mercurial repositories unless you install the hg command on your system.
  - you won't be able to use darcs repositories unless you install the darcs command on your system.

This development version of opam requires an update to the layout of /home/opam/.opam from version 2.0 to version 2.1, which can't be reverted.
You may want to back it up before going further.

Continue? [Y/n] y
Format upgrade done.

<><> Updating repositories ><><><><><><><><><><><><><><><><><><><><><><><><><><>
[default] synchronised from file:///home/opam/opam-repository
[01;2m[01;35m2024-09-06 08:42.14 ---> saved as "c9a73c9cacde1b5e77d201f3527331ddfb7f7af51bcf2d2137b4e66d6478f0b7"[0m

[01;34m/home/opam: (run (shell "uname -rs && opam exec -- ocaml -version && opam --version"))[0m
Linux 5.15.0-119-generic
The OCaml toplevel, version 5.2.0
2.1.6
[01;2m[01;35m2024-09-06 08:42.14 ---> saved as "63a0e2fa6ee539f0f01d88cacae7c931a90d0201331ec3672b89f22fb0490083"[0m

[01;34m/home/opam: (env OPAMDOWNLOADJOBS 1)[0m

[01;34m/home/opam: (env OPAMERRLOGLEN 0)[0m

[01;34m/home/opam: (env OPAMSOLVERTIMEOUT 500)[0m

[01;34m/home/opam: (env OPAMPRECISETRACKING 1)[0m

[01;34m/home/opam: (env CI true)[0m

[01;34m/home/opam: (env OPAM_REPO_CI true)[0m

[01;34m/home/opam: (run (shell "rm -rf opam-repository/"))[0m
[01;2m[01;35m2024-09-06 08:42.22 ---> saved as "5a0d1fc642fc944b3fbaa37d0d97fbd6862cc82646c66605333da8c16a0a9198"[0m

[01;34m/home/opam: (copy (src .) (dst opam-repository/))[0m
[01;2m[01;35m2024-09-06 08:42.39 ---> saved as "62c7016bee6314f1106eaed6c05d0ad06f0bb8df77d76a9f7535f7bc63daffe7"[0m

[01;34m/home/opam: (run (shell "opam repository set-url --strict default opam-repository/"))[0m
[default] Initialised
[01;2m[01;35m2024-09-06 08:43.04 ---> saved as "fb99aaede587d2b25242782c33ca14f0e71aa542e098404cb7e2476e03d895cc"[0m

[01;34m/home/opam: (run (network host)
                 (shell "opam update --depexts || true"))[0m
+ /usr/bin/sudo "apt-get" "update"
- Hit:1 http://deb.debian.org/debian bookworm InRelease
- Get:2 http://deb.debian.org/debian bookworm-updates InRelease [55.4 kB]
- Get:3 http://deb.debian.org/debian-security bookworm-security InRelease [48.0 kB]
- Get:4 http://deb.debian.org/debian-security bookworm-security/main amd64 Packages [179 kB]
- Fetched 283 kB in 0s (1202 kB/s)
- Reading package lists...
[01;2m[01;35m2024-09-06 08:43.05 ---> saved as "d20f9c24212baa4a1c2305bb1836a1d91d47411c59b9ce838e6c596f9ea6f5a7"[0m

[01;34m/home/opam: (run (shell "opam pin add -k version -yn ocsigen-start.7.0.0 7.0.0"))[0m
ocsigen-start is now pinned to version 7.0.0
[01;2m[01;35m2024-09-06 08:43.07 ---> saved as "e0280a8fbf4919e77d8061bc6f5e0871b14ae6fec34eaef16c9d9ac25d76d85b"[0m

[01;34m/home/opam: (run (cache (opam-archives (target /home/opam/.opam/download-cache)))
                 (network host)
                 (shell  "opam reinstall ocsigen-start.7.0.0;\
                        \n        res=$?;\
                        \n        test \"$res\" != 31 && exit \"$res\";\
                        \n        export OPAMCLI=2.0;\
                        \n        build_dir=$(opam var prefix)/.opam-switch/build;\
                        \n        failed=$(ls \"$build_dir\");\
                        \n        partial_fails=\"\";\
                        \n        for pkg in $failed; do\
                        \n          if opam show -f x-ci-accept-failures: \"$pkg\" | grep -qF \"\\\"debian-12\\\"\"; then\
                        \n            echo \"A package failed and has been disabled for CI using the 'x-ci-accept-failures' field.\";\
                        \n          fi;\
                        \n          test \"$pkg\" != 'ocsigen-start.7.0.0' && partial_fails=\"$partial_fails $pkg\";\
                        \n        done;\
                        \n        test \"${partial_fails}\" != \"\" && echo \"opam-repo-ci detected dependencies failing: ${partial_fails}\";\
                        \n        exit 1"))[0m
ocsigen-start.7.0.0 is not installed. Install it? [Y/n] y
[ERROR] Sorry, resolution of the request timed out.
        Try to specify a more precise request, use a different solver, or increase the allowed time by setting OPAMSOLVERTIMEOUT to a bigger value (currently, it is set to 500.0 seconds).
"/usr/bin/env" "bash" "-c" "opam reinstall ocsigen-start.7.0.0;
        res=$?;
        test "$res" != 31 && exit "$res";
        export OPAMCLI=2.0;
        build_dir=$(opam var prefix)/.opam-switch/build;
        failed=$(ls "$build_dir");
        partial_fails="";
        for pkg in $failed; do
          if opam show -f x-ci-accept-failures: "$pkg" | grep -qF "\"debian-12\""; then
            echo "A package failed and has been disabled for CI using the 'x-ci-accept-failures' field.";
          fi;
          test "$pkg" != 'ocsigen-start.7.0.0' && partial_fails="$partial_fails $pkg";
        done;
        test "${partial_fails}" != "" && echo "opam-repo-ci detected dependencies failing: ${partial_fails}";
        exit 1" failed with exit status 60
2024-09-06 08:51.58: Job failed: Failed: Build failed
2024-09-06 08:51.58: Log analysis:
2024-09-06 08:51.58: >>> 
[ERROR] Sorry, resolution of the request timed out.
 (score = 20)
2024-09-06 08:51.58: Sorry, resolution of the request timed out.
