2024-09-06 12:25.53: New job: test soupault.4.11.0, using opam 2.0
                              from https://github.com/ocaml/opam-repository.git#refs/pull/26504/head (23ffd992a91eef980483c352d88ab195026e985f)
                              on debian-12-ocaml-4.14/amd64

To reproduce locally:

cd $(mktemp -d)
git clone --recursive "https://github.com/ocaml/opam-repository.git" && cd "opam-repository" && git fetch origin "refs/pull/26504/head" && git reset --hard 23ffd992
git fetch origin master
git merge --no-edit cc623f467cc1d108557982f06195bb238b542419
cat > ../Dockerfile <<'END-OF-DOCKERFILE'
[34mFROM ocaml/opam:debian-12-ocaml-4.14@sha256:e3fd6fc08dcaf20176799c01603bd800b58119a369c35f03be103fb4f790c874
USER 1000:1000
WORKDIR /home/opam
RUN sudo ln -f /usr/bin/opam-2.0 /usr/bin/opam
RUN opam init --reinit -ni
RUN uname -rs && opam exec -- ocaml -version && opam --version
ENV OPAMDOWNLOADJOBS="1"
ENV OPAMERRLOGLEN="0"
ENV OPAMSOLVERTIMEOUT="500"
ENV OPAMPRECISETRACKING="1"
ENV CI="true"
ENV OPAM_REPO_CI="true"
RUN rm -rf opam-repository/
COPY --chown=1000:1000 . opam-repository/
RUN opam repository set-url --strict default opam-repository/
RUN opam depext -u || true
RUN opam pin add -k version -yn soupault.4.11.0 4.11.0
RUN opam depext soupault.4.11.0 && opam reinstall soupault.4.11.0; \
    res=$?; \
    test "$res" != 31 && exit "$res"; \
    export OPAMCLI=2.0; \
    build_dir=$(opam var prefix)/.opam-switch/build; \
    failed=$(ls "$build_dir"); \
    partial_fails=""; \
    for pkg in $failed; do \
    if opam show -f x-ci-accept-failures: "$pkg" | grep -qF "\"debian-12\""; then \
    echo "A package failed and has been disabled for CI using the 'x-ci-accept-failures' field."; \
    fi; \
    test "$pkg" != 'soupault.4.11.0' && partial_fails="$partial_fails $pkg"; \
    done; \
    test "${partial_fails}" != "" && echo "opam-repo-ci detected dependencies failing: ${partial_fails}"; \
    exit 1
RUN (opam depext --with-test soupault.4.11.0 && opam reinstall --with-test soupault.4.11.0) || true
RUN opam depext --with-test soupault.4.11.0 && opam reinstall --with-test --verbose soupault.4.11.0; \
    res=$?; \
    test "$res" != 31 && exit "$res"; \
    export OPAMCLI=2.0; \
    build_dir=$(opam var prefix)/.opam-switch/build; \
    failed=$(ls "$build_dir"); \
    partial_fails=""; \
    for pkg in $failed; do \
    if opam show -f x-ci-accept-failures: "$pkg" | grep -qF "\"debian-12\""; then \
    echo "A package failed and has been disabled for CI using the 'x-ci-accept-failures' field."; \
    fi; \
    test "$pkg" != 'soupault.4.11.0' && partial_fails="$partial_fails $pkg"; \
    done; \
    test "${partial_fails}" != "" && echo "opam-repo-ci detected dependencies failing: ${partial_fails}"; \
    exit 1
[0m
END-OF-DOCKERFILE
docker build -f ../Dockerfile .

2024-09-06 12:25.53: Using cache hint "ocaml/opam:debian-12-ocaml-4.14@sha256:e3fd6fc08dcaf20176799c01603bd800b58119a369c35f03be103fb4f790c874-soupault.4.11.0-23ffd992a91eef980483c352d88ab195026e985f"
2024-09-06 12:25.53: Using OBuilder spec:
((from ocaml/opam:debian-12-ocaml-4.14@sha256:e3fd6fc08dcaf20176799c01603bd800b58119a369c35f03be103fb4f790c874)
 (user (uid 1000) (gid 1000))
 (workdir /home/opam)
 (run (shell "sudo ln -f /usr/bin/opam-2.0 /usr/bin/opam"))
 (run (network host)
      (shell "opam init --reinit --config .opamrc-sandbox -ni"))
 (run (shell "uname -rs && opam exec -- ocaml -version && opam --version"))
 (env OPAMDOWNLOADJOBS 1)
 (env OPAMERRLOGLEN 0)
 (env OPAMSOLVERTIMEOUT 500)
 (env OPAMPRECISETRACKING 1)
 (env CI true)
 (env OPAM_REPO_CI true)
 (run (shell "rm -rf opam-repository/"))
 (copy (src .) (dst opam-repository/))
 (run (shell "opam repository set-url --strict default opam-repository/"))
 (run (network host)
      (shell "opam depext -u || true"))
 (run (shell "opam pin add -k version -yn soupault.4.11.0 4.11.0"))
 (run (cache (opam-archives (target /home/opam/.opam/download-cache)))
      (network host)
      (shell  "opam depext soupault.4.11.0 && opam reinstall soupault.4.11.0;\
             \n        res=$?;\
             \n        test \"$res\" != 31 && exit \"$res\";\
             \n        export OPAMCLI=2.0;\
             \n        build_dir=$(opam var prefix)/.opam-switch/build;\
             \n        failed=$(ls \"$build_dir\");\
             \n        partial_fails=\"\";\
             \n        for pkg in $failed; do\
             \n          if opam show -f x-ci-accept-failures: \"$pkg\" | grep -qF \"\\\"debian-12\\\"\"; then\
             \n            echo \"A package failed and has been disabled for CI using the 'x-ci-accept-failures' field.\";\
             \n          fi;\
             \n          test \"$pkg\" != 'soupault.4.11.0' && partial_fails=\"$partial_fails $pkg\";\
             \n        done;\
             \n        test \"${partial_fails}\" != \"\" && echo \"opam-repo-ci detected dependencies failing: ${partial_fails}\";\
             \n        exit 1"))
 (run (network host)
      (shell "(opam depext --with-test soupault.4.11.0 && opam reinstall --with-test soupault.4.11.0) || true"))
 (run (shell  "opam depext --with-test soupault.4.11.0 && opam reinstall --with-test --verbose soupault.4.11.0;\
             \n        res=$?;\
             \n        test \"$res\" != 31 && exit \"$res\";\
             \n        export OPAMCLI=2.0;\
             \n        build_dir=$(opam var prefix)/.opam-switch/build;\
             \n        failed=$(ls \"$build_dir\");\
             \n        partial_fails=\"\";\
             \n        for pkg in $failed; do\
             \n          if opam show -f x-ci-accept-failures: \"$pkg\" | grep -qF \"\\\"debian-12\\\"\"; then\
             \n            echo \"A package failed and has been disabled for CI using the 'x-ci-accept-failures' field.\";\
             \n          fi;\
             \n          test \"$pkg\" != 'soupault.4.11.0' && partial_fails=\"$partial_fails $pkg\";\
             \n        done;\
             \n        test \"${partial_fails}\" != \"\" && echo \"opam-repo-ci detected dependencies failing: ${partial_fails}\";\
             \n        exit 1"))
)

2024-09-06 12:25.53: Waiting for resource in pool OCluster
2024-09-06 12:25.53: Waiting for worker…
2024-09-06 12:25.54: Got resource from pool OCluster
Building on x86-bm-c16.sw.ocaml.org
All commits already cached
Updating files:  88% (28450/32156)Updating files:  89% (28619/32156)Updating files:  90% (28941/32156)Updating files:  91% (29262/32156)Updating files:  92% (29584/32156)Updating files:  93% (29906/32156)Updating files:  94% (30227/32156)Updating files:  95% (30549/32156)Updating files:  96% (30870/32156)Updating files:  97% (31192/32156)Updating files:  98% (31513/32156)Updating files:  99% (31835/32156)Updating files: 100% (32156/32156)Updating files: 100% (32156/32156), done.
HEAD is now at cc623f467c Merge pull request #26503 from proux01/coqide820
Updating cc623f467c..23ffd992a9
Fast-forward
 packages/soupault/soupault.4.11.0/opam | 63 ++++++++++++++++++++++++++++++++++
 1 file changed, 63 insertions(+)
 create mode 100644 packages/soupault/soupault.4.11.0/opam

[01;34m(from ocaml/opam:debian-12-ocaml-4.14@sha256:e3fd6fc08dcaf20176799c01603bd800b58119a369c35f03be103fb4f790c874)[0m
Unable to find image 'ocaml/opam:debian-12-ocaml-4.14@sha256:e3fd6fc08dcaf20176799c01603bd800b58119a369c35f03be103fb4f790c874' locally
docker.io/ocaml/opam@sha256:e3fd6fc08dcaf20176799c01603bd800b58119a369c35f03be103fb4f790c874: Pulling from ocaml/opam
962462d2302e: Pulling fs layer
962462d2302e: Verifying Checksum
962462d2302e: Download complete
962462d2302e: Pull complete
Digest: sha256:e3fd6fc08dcaf20176799c01603bd800b58119a369c35f03be103fb4f790c874
Status: Downloaded newer image for ocaml/opam@sha256:e3fd6fc08dcaf20176799c01603bd800b58119a369c35f03be103fb4f790c874
[01;2m[01;35m2024-09-06 12:28.05 ---> saved as "14f61f48d109d8e33d9462676e70fa65557d05dbfb6744f3fd41218bee71fd8b"[0m

[01;34m/: (user (uid 1000) (gid 1000))[0m

[01;34m/: (workdir /home/opam)[0m

[01;34m/home/opam: (run (shell "sudo ln -f /usr/bin/opam-2.0 /usr/bin/opam"))[0m
[01;2m[01;35m2024-09-06 12:28.05 ---> saved as "0ec6594de40a06eff35a4b7dc9ed01c0a1009cb6fc2abb7faeda1dcebd81d25d"[0m

[01;34m/home/opam: (run (network host)
                 (shell "opam init --reinit --config .opamrc-sandbox -ni"))[0m
[NOTE] Will configure from /home/opam/.opamrc-sandbox, then /home/opam/.opamrc, and finally from built-in defaults.
Checking for available remotes: rsync and local, git.
  - you won't be able to use mercurial repositories unless you install the hg command on your system.
  - you won't be able to use darcs repositories unless you install the darcs command on your system.

[WARNING] Recommended dependencies -- most packages rely on these:
  - m4

<><> Updating repositories ><><><><><><><><><><><><><><><><><><><><><><><><><><>
[default] synchronised from file:///home/opam/opam-repository
default (at file:///home/opam/opam-repository): 
    [INFO] opam 2.1 and 2.2 include many performance and security improvements over 2.0; please consider upgrading (https://opam.ocaml.org/doc/Install.html)

[01;2m[01;35m2024-09-06 12:28.56 ---> saved as "f882cc58ec883883a619420941fa862431720daa0356b4c680a8ae60653e06de"[0m

[01;34m/home/opam: (run (shell "uname -rs && opam exec -- ocaml -version && opam --version"))[0m
Linux 5.15.0-119-generic
The OCaml toplevel, version 4.14.2
2.0.10
[01;2m[01;35m2024-09-06 12:28.57 ---> saved as "22bf72e2e2ecd48dc4f02659159c5c0b76c9c84038dc546c52963407e41b4d80"[0m

[01;34m/home/opam: (env OPAMDOWNLOADJOBS 1)[0m

[01;34m/home/opam: (env OPAMERRLOGLEN 0)[0m

[01;34m/home/opam: (env OPAMSOLVERTIMEOUT 500)[0m

[01;34m/home/opam: (env OPAMPRECISETRACKING 1)[0m

[01;34m/home/opam: (env CI true)[0m

[01;34m/home/opam: (env OPAM_REPO_CI true)[0m

[01;34m/home/opam: (run (shell "rm -rf opam-repository/"))[0m
[01;2m[01;35m2024-09-06 12:29.04 ---> saved as "19ebd3ee2200c9bfc3c0bb3bd11068a056c66c00314f4a00df9389de5b0af1ff"[0m

[01;34m/home/opam: (copy (src .) (dst opam-repository/))[0m
[01;2m[01;35m2024-09-06 12:29.14 ---> saved as "0a8c0f0c7b8ab8a5427555d44d253c37d67924104886d657fc7b879a6a6a7d4e"[0m

[01;34m/home/opam: (run (shell "opam repository set-url --strict default opam-repository/"))[0m
[default] Initialised
default (at file:///home/opam/opam-repository): 
    [INFO] opam 2.1 and 2.2 include many performance and security improvements over 2.0; please consider upgrading (https://opam.ocaml.org/doc/Install.html)

[01;2m[01;35m2024-09-06 12:29.37 ---> saved as "903ee9162acbc2ede06824e00477174e6bf3b896fb8246971962c4eefa90d281"[0m

[01;34m/home/opam: (run (network host)
                 (shell "opam depext -u || true"))[0m
# Detecting depexts using vars: arch=x86_64, os=linux, os-distribution=debian, os-family=debian
# No extra OS packages requirements found.
# All required OS packages found.
The following command needs to be run through "sudo":
    apt-get update
Get:1 http://deb.debian.org/debian bookworm InRelease [151 kB]
Get:2 http://deb.debian.org/debian bookworm-updates InRelease [55.4 kB]
Get:3 http://deb.debian.org/debian-security bookworm-security InRelease [48.0 kB]
Get:4 http://deb.debian.org/debian bookworm/main amd64 Packages [8787 kB]
Get:5 http://deb.debian.org/debian-security bookworm-security/main amd64 Packages [179 kB]
Fetched 9221 kB in 1s (7472 kB/s)
Reading package lists...
# OS package update successful
[01;2m[01;35m2024-09-06 12:29.40 ---> saved as "6059c0d1f69523d912a28edaf914ed59fd58746e9e262f2e0175514cf2734b5d"[0m

[01;34m/home/opam: (run (shell "opam pin add -k version -yn soupault.4.11.0 4.11.0"))[0m
soupault is now pinned to version 4.11.0
[01;2m[01;35m2024-09-06 12:29.46 ---> saved as "3bf81f55cad1034fb2df0006885688843997347f11c51123e7c24d329e147ae0"[0m

[01;34m/home/opam: (run (cache (opam-archives (target /home/opam/.opam/download-cache)))
                 (network host)
                 (shell  "opam depext soupault.4.11.0 && opam reinstall soupault.4.11.0;\
                        \n        res=$?;\
                        \n        test \"$res\" != 31 && exit \"$res\";\
                        \n        export OPAMCLI=2.0;\
                        \n        build_dir=$(opam var prefix)/.opam-switch/build;\
                        \n        failed=$(ls \"$build_dir\");\
                        \n        partial_fails=\"\";\
                        \n        for pkg in $failed; do\
                        \n          if opam show -f x-ci-accept-failures: \"$pkg\" | grep -qF \"\\\"debian-12\\\"\"; then\
                        \n            echo \"A package failed and has been disabled for CI using the 'x-ci-accept-failures' field.\";\
                        \n          fi;\
                        \n          test \"$pkg\" != 'soupault.4.11.0' && partial_fails=\"$partial_fails $pkg\";\
                        \n        done;\
                        \n        test \"${partial_fails}\" != \"\" && echo \"opam-repo-ci detected dependencies failing: ${partial_fails}\";\
                        \n        exit 1"))[0m
# Detecting depexts using vars: arch=x86_64, os=linux, os-distribution=debian, os-family=debian
# No extra OS packages requirements found.
# All required OS packages found.
soupault.4.11.0 is not installed. Install it? [Y/n] y
[ERROR] Sorry, resolution of the request timed out.
        Try to specify a simpler request, use a different solver, or increase the allowed time by setting OPAMSOLVERTIMEOUT to a bigger value (currently, it is set to 500.0 seconds).
"/usr/bin/env" "bash" "-c" "opam depext soupault.4.11.0 && opam reinstall soupault.4.11.0;
        res=$?;
        test "$res" != 31 && exit "$res";
        export OPAMCLI=2.0;
        build_dir=$(opam var prefix)/.opam-switch/build;
        failed=$(ls "$build_dir");
        partial_fails="";
        for pkg in $failed; do
          if opam show -f x-ci-accept-failures: "$pkg" | grep -qF "\"debian-12\""; then
            echo "A package failed and has been disabled for CI using the 'x-ci-accept-failures' field.";
          fi;
          test "$pkg" != 'soupault.4.11.0' && partial_fails="$partial_fails $pkg";
        done;
        test "${partial_fails}" != "" && echo "opam-repo-ci detected dependencies failing: ${partial_fails}";
        exit 1" failed with exit status 60
2024-09-06 12:38.36: Job failed: Failed: Build failed
2024-09-06 12:38.36: Log analysis:
2024-09-06 12:38.36: >>> 
[ERROR] Sorry, resolution of the request timed out.
 (score = 20)
2024-09-06 12:38.36: Sorry, resolution of the request timed out.
