2024-06-12 11:56.59: New job: build ocsipersist-sqlite-config.2.0.0, lower-bounds, using opam dev
                              from https://github.com/ocaml/opam-repository.git#refs/pull/26059/head (798b24aca87021e41a2a6684f4a485c13aa5f729)
                              on debian-12-ocaml-4.08/amd64

To reproduce locally:

cd $(mktemp -d)
git clone --recursive "https://github.com/ocaml/opam-repository.git" && cd "opam-repository" && git fetch origin "refs/pull/26059/head" && git reset --hard 798b24ac
git fetch origin master
git merge --no-edit 591d5df478bc0a3c03442ef66c7fffc704009dbf
cat > ../Dockerfile <<'END-OF-DOCKERFILE'
[34mFROM ocaml/opam:debian-12-ocaml-4.08@sha256:71d3bee67eda20ecf48748fd11bf203fc3c217a4648feba27c13962afa4c703b
USER 1000:1000
WORKDIR /home/opam
RUN sudo ln -f /usr/bin/opam-dev /usr/bin/opam
RUN opam init --reinit -ni
RUN uname -rs && opam exec -- ocaml -version && opam --version
ENV OPAMDOWNLOADJOBS="1"
ENV OPAMERRLOGLEN="0"
ENV OPAMSOLVERTIMEOUT="500"
ENV OPAMPRECISETRACKING="1"
ENV CI="true"
ENV OPAM_REPO_CI="true"
RUN rm -rf opam-repository/
COPY --chown=1000:1000 . opam-repository/
RUN opam repository set-url --strict default opam-repository/
RUN opam update --depexts || true
RUN opam pin add -k version -yn ocsipersist-sqlite-config.2.0.0 2.0.0
RUN opam reinstall ocsipersist-sqlite-config.2.0.0; \
    res=$?; \
    test "$res" != 31 && exit "$res"; \
    export OPAMCLI=2.0; \
    build_dir=$(opam var prefix)/.opam-switch/build; \
    failed=$(ls "$build_dir"); \
    partial_fails=""; \
    for pkg in $failed; do \
    if opam show -f x-ci-accept-failures: "$pkg" | grep -qF "\"debian-12\""; then \
    echo "A package failed and has been disabled for CI using the 'x-ci-accept-failures' field."; \
    fi; \
    test "$pkg" != 'ocsipersist-sqlite-config.2.0.0' && partial_fails="$partial_fails $pkg"; \
    done; \
    test "${partial_fails}" != "" && echo "opam-repo-ci detected dependencies failing: ${partial_fails}"; \
    exit 1
ENV OPAMCRITERIA="+removed,+count[version-lag,solution]"
ENV OPAMFIXUPCRITERIA="+removed,+count[version-lag,solution]"
ENV OPAMUPGRADECRITERIA="+removed,+count[version-lag,solution]"
ENV OPAMEXTERNALSOLVER="builtin-0install"
RUN opam reinstall ocsipersist-sqlite-config.2.0.0; \
    res=$?; \
    test "$res" != 31 && exit "$res"; \
    export OPAMCLI=2.0; \
    build_dir=$(opam var prefix)/.opam-switch/build; \
    failed=$(ls "$build_dir"); \
    partial_fails=""; \
    for pkg in $failed; do \
    if opam show -f x-ci-accept-failures: "$pkg" | grep -qF "\"debian-12\""; then \
    echo "A package failed and has been disabled for CI using the 'x-ci-accept-failures' field."; \
    fi; \
    test "$pkg" != 'ocsipersist-sqlite-config.2.0.0' && partial_fails="$partial_fails $pkg"; \
    done; \
    test "${partial_fails}" != "" && echo "opam-repo-ci detected dependencies failing: ${partial_fails}"; \
    exit 1
[0m
END-OF-DOCKERFILE
docker build -f ../Dockerfile .

2024-06-12 11:56.59: Using cache hint "ocaml/opam:debian-12-ocaml-4.08@sha256:71d3bee67eda20ecf48748fd11bf203fc3c217a4648feba27c13962afa4c703b-ocsipersist-sqlite-config.2.0.0-798b24aca87021e41a2a6684f4a485c13aa5f729"
2024-06-12 11:56.59: Using OBuilder spec:
((from ocaml/opam:debian-12-ocaml-4.08@sha256:71d3bee67eda20ecf48748fd11bf203fc3c217a4648feba27c13962afa4c703b)
 (user (uid 1000) (gid 1000))
 (workdir /home/opam)
 (run (shell "sudo ln -f /usr/bin/opam-dev /usr/bin/opam"))
 (run (network host)
      (shell "opam init --reinit --config .opamrc-sandbox -ni"))
 (run (shell "uname -rs && opam exec -- ocaml -version && opam --version"))
 (env OPAMDOWNLOADJOBS 1)
 (env OPAMERRLOGLEN 0)
 (env OPAMSOLVERTIMEOUT 500)
 (env OPAMPRECISETRACKING 1)
 (env CI true)
 (env OPAM_REPO_CI true)
 (run (shell "rm -rf opam-repository/"))
 (copy (src .) (dst opam-repository/))
 (run (shell "opam repository set-url --strict default opam-repository/"))
 (run (network host)
      (shell "opam update --depexts || true"))
 (run (shell "opam pin add -k version -yn ocsipersist-sqlite-config.2.0.0 2.0.0"))
 (run (cache (opam-archives (target /home/opam/.opam/download-cache)))
      (network host)
      (shell  "opam reinstall ocsipersist-sqlite-config.2.0.0;\
             \n        res=$?;\
             \n        test \"$res\" != 31 && exit \"$res\";\
             \n        export OPAMCLI=2.0;\
             \n        build_dir=$(opam var prefix)/.opam-switch/build;\
             \n        failed=$(ls \"$build_dir\");\
             \n        partial_fails=\"\";\
             \n        for pkg in $failed; do\
             \n          if opam show -f x-ci-accept-failures: \"$pkg\" | grep -qF \"\\\"debian-12\\\"\"; then\
             \n            echo \"A package failed and has been disabled for CI using the 'x-ci-accept-failures' field.\";\
             \n          fi;\
             \n          test \"$pkg\" != 'ocsipersist-sqlite-config.2.0.0' && partial_fails=\"$partial_fails $pkg\";\
             \n        done;\
             \n        test \"${partial_fails}\" != \"\" && echo \"opam-repo-ci detected dependencies failing: ${partial_fails}\";\
             \n        exit 1"))
 (env OPAMCRITERIA +removed,+count[version-lag,solution])
 (env OPAMFIXUPCRITERIA +removed,+count[version-lag,solution])
 (env OPAMUPGRADECRITERIA +removed,+count[version-lag,solution])
 (env OPAMEXTERNALSOLVER builtin-0install)
 (run (cache (opam-archives (target /home/opam/.opam/download-cache)))
      (network host)
      (shell  "opam reinstall ocsipersist-sqlite-config.2.0.0;\
             \n        res=$?;\
             \n        test \"$res\" != 31 && exit \"$res\";\
             \n        export OPAMCLI=2.0;\
             \n        build_dir=$(opam var prefix)/.opam-switch/build;\
             \n        failed=$(ls \"$build_dir\");\
             \n        partial_fails=\"\";\
             \n        for pkg in $failed; do\
             \n          if opam show -f x-ci-accept-failures: \"$pkg\" | grep -qF \"\\\"debian-12\\\"\"; then\
             \n            echo \"A package failed and has been disabled for CI using the 'x-ci-accept-failures' field.\";\
             \n          fi;\
             \n          test \"$pkg\" != 'ocsipersist-sqlite-config.2.0.0' && partial_fails=\"$partial_fails $pkg\";\
             \n        done;\
             \n        test \"${partial_fails}\" != \"\" && echo \"opam-repo-ci detected dependencies failing: ${partial_fails}\";\
             \n        exit 1"))
)

2024-06-12 11:56.59: Waiting for resource in pool OCluster
2024-06-12 13:11.23: Waiting for worker…
2024-06-12 13:14.14: Got resource from pool OCluster
Building on x86-bm-c8.sw.ocaml.org
All commits already cached
Updating files:  89% (28249/31510)Updating files:  90% (28359/31510)Updating files:  91% (28675/31510)Updating files:  92% (28990/31510)Updating files:  93% (29305/31510)Updating files:  94% (29620/31510)Updating files:  95% (29935/31510)Updating files:  96% (30250/31510)Updating files:  97% (30565/31510)Updating files:  98% (30880/31510)Updating files:  99% (31195/31510)Updating files: 100% (31510/31510)Updating files: 100% (31510/31510), done.
HEAD is now at 591d5df478 Merge pull request #26053 from kit-ty-kate/opam-publish-opam.2.2.0-beta3
Merge made by the 'ort' strategy.
 .../ocsipersist-dbm-config.2.0.0/opam              | 26 +++++++++++++++++++
 .../ocsipersist-dbm/ocsipersist-dbm.2.0.0/opam     | 27 +++++++++++++++++++
 .../ocsipersist-lib/ocsipersist-lib.2.0.0/opam     | 25 ++++++++++++++++++
 .../ocsipersist-pgsql-config.2.0.0/opam            | 26 +++++++++++++++++++
 .../ocsipersist-pgsql/ocsipersist-pgsql.2.0.0/opam | 27 +++++++++++++++++++
 .../ocsipersist-sqlite-config.2.0.0/opam           | 26 +++++++++++++++++++
 .../ocsipersist-sqlite.2.0.0/opam                  | 27 +++++++++++++++++++
 packages/ocsipersist/ocsipersist.2.0.0/opam        | 30 ++++++++++++++++++++++
 8 files changed, 214 insertions(+)
 create mode 100644 packages/ocsipersist-dbm-config/ocsipersist-dbm-config.2.0.0/opam
 create mode 100644 packages/ocsipersist-dbm/ocsipersist-dbm.2.0.0/opam
 create mode 100644 packages/ocsipersist-lib/ocsipersist-lib.2.0.0/opam
 create mode 100644 packages/ocsipersist-pgsql-config/ocsipersist-pgsql-config.2.0.0/opam
 create mode 100644 packages/ocsipersist-pgsql/ocsipersist-pgsql.2.0.0/opam
 create mode 100644 packages/ocsipersist-sqlite-config/ocsipersist-sqlite-config.2.0.0/opam
 create mode 100644 packages/ocsipersist-sqlite/ocsipersist-sqlite.2.0.0/opam
 create mode 100644 packages/ocsipersist/ocsipersist.2.0.0/opam

[01;34m(from ocaml/opam:debian-12-ocaml-4.08@sha256:71d3bee67eda20ecf48748fd11bf203fc3c217a4648feba27c13962afa4c703b)[0m
[01;2m[01;35m2024-06-12 13:15.02 ---> saved as "029b0aeb0b383d5e92a7a0d1d58318cd6a2d82b94685d677aeab986f4b6f9767"[0m

[01;34m/: (user (uid 1000) (gid 1000))[0m

[01;34m/: (workdir /home/opam)[0m

[01;34m/home/opam: (run (shell "sudo ln -f /usr/bin/opam-dev /usr/bin/opam"))[0m
[01;2m[01;35m2024-06-12 13:15.03 ---> saved as "d67c37d9da69f0a462840d0ebebc1d115822d4868a19948b90f656c0299d3657"[0m

[01;34m/home/opam: (run (network host)
                 (shell "opam init --reinit --config .opamrc-sandbox -ni"))[0m
Configuring from /home/opam/.opamrc-sandbox, then /home/opam/.opamrc, and finally from built-in defaults.
Checking for available remotes: rsync and local, git.
  - you won't be able to use mercurial repositories unless you install the hg command on your system.
  - you won't be able to use darcs repositories unless you install the darcs command on your system.

This development version of opam requires an update to the layout of /home/opam/.opam from version 2.0 to version 2.2~beta, which can't be reverted.
You may want to back it up before going further.

Continue? [y/n] y
[NOTE] The 'jobs' option was reset, its value was 39 and its new value will vary according to the current number of cores on your machine. You can restore the fixed value using:
           opam option jobs=39 --global
Format upgrade done.

<><> Updating repositories ><><><><><><><><><><><><><><><><><><><><><><><><><><>
[default] synchronised from file:///home/opam/opam-repository
[01;2m[01;35m2024-06-12 13:16.43 ---> saved as "d69a73e5c38d0a49f9f357e4fb15f068f4ca2c814881da0ee7422c1e13fc4c96"[0m

[01;34m/home/opam: (run (shell "uname -rs && opam exec -- ocaml -version && opam --version"))[0m
Linux 5.15.0-107-generic
The OCaml toplevel, version 4.08.1
2.2.0~beta3~dev
[01;2m[01;35m2024-06-12 13:16.43 ---> saved as "ebb5c97d3835f02bb8c1368666a27b75190f97d3bceb18c3b8bb44c3a0e31072"[0m

[01;34m/home/opam: (env OPAMDOWNLOADJOBS 1)[0m

[01;34m/home/opam: (env OPAMERRLOGLEN 0)[0m

[01;34m/home/opam: (env OPAMSOLVERTIMEOUT 500)[0m

[01;34m/home/opam: (env OPAMPRECISETRACKING 1)[0m

[01;34m/home/opam: (env CI true)[0m

[01;34m/home/opam: (env OPAM_REPO_CI true)[0m

[01;34m/home/opam: (run (shell "rm -rf opam-repository/"))[0m
[01;2m[01;35m2024-06-12 13:16.56 ---> saved as "8eb93440f61f6c0d4a52e35e5770be91f3c056cf4b3beaab7e5e623fd930b4c7"[0m

[01;34m/home/opam: (copy (src .) (dst opam-repository/))[0m
[01;2m[01;35m2024-06-12 13:17.09 ---> saved as "08e4389b3a697c799ced8a8d4c118ce411f8d7653588274b9293a589313c008a"[0m

[01;34m/home/opam: (run (shell "opam repository set-url --strict default opam-repository/"))[0m
[default] Initialised
[01;2m[01;35m2024-06-12 13:18.22 ---> saved as "fb692d9c7389a60747816bfa3561b3d258909e78d91ffb6f4bb3dfc6f7c5acab"[0m

[01;34m/home/opam: (run (network host)
                 (shell "opam update --depexts || true"))[0m
+ /usr/bin/sudo "apt-get" "update"
- Hit:1 http://deb.debian.org/debian bookworm InRelease
- Get:2 http://deb.debian.org/debian bookworm-updates InRelease [55.4 kB]
- Get:3 http://deb.debian.org/debian-security bookworm-security InRelease [47.9 kB]
- Get:4 http://deb.debian.org/debian-security bookworm-security/main amd64 Packages [160 kB]
- Fetched 263 kB in 0s (1054 kB/s)
- Reading package lists...
[01;2m[01;35m2024-06-12 13:18.23 ---> saved as "5862758df38cbf9318e78d7584a898c7a609d90474e5b3ad6dcc120c43d1c147"[0m

[01;34m/home/opam: (run (shell "opam pin add -k version -yn ocsipersist-sqlite-config.2.0.0 2.0.0"))[0m
ocsipersist-sqlite-config is now pinned to version 2.0.0
[01;2m[01;35m2024-06-12 13:18.24 ---> saved as "1c48f376cb83af93bbb2115f650a146c02be9791310dc55a99237e9894aebc56"[0m

[01;34m/home/opam: (run (cache (opam-archives (target /home/opam/.opam/download-cache)))
                 (network host)
                 (shell  "opam reinstall ocsipersist-sqlite-config.2.0.0;\
                        \n        res=$?;\
                        \n        test \"$res\" != 31 && exit \"$res\";\
                        \n        export OPAMCLI=2.0;\
                        \n        build_dir=$(opam var prefix)/.opam-switch/build;\
                        \n        failed=$(ls \"$build_dir\");\
                        \n        partial_fails=\"\";\
                        \n        for pkg in $failed; do\
                        \n          if opam show -f x-ci-accept-failures: \"$pkg\" | grep -qF \"\\\"debian-12\\\"\"; then\
                        \n            echo \"A package failed and has been disabled for CI using the 'x-ci-accept-failures' field.\";\
                        \n          fi;\
                        \n          test \"$pkg\" != 'ocsipersist-sqlite-config.2.0.0' && partial_fails=\"$partial_fails $pkg\";\
                        \n        done;\
                        \n        test \"${partial_fails}\" != \"\" && echo \"opam-repo-ci detected dependencies failing: ${partial_fails}\";\
                        \n        exit 1"))[0m
ocsipersist-sqlite-config.2.0.0 is not installed. Install it? [y/n] y
[ERROR] Sorry, resolution of the request timed out.
        Try to specify a more precise request, use a different solver, or increase the allowed time by setting OPAMSOLVERTIMEOUT to a bigger value (currently, it is set to 500.0 seconds).
"/usr/bin/env" "bash" "-c" "opam reinstall ocsipersist-sqlite-config.2.0.0;
        res=$?;
        test "$res" != 31 && exit "$res";
        export OPAMCLI=2.0;
        build_dir=$(opam var prefix)/.opam-switch/build;
        failed=$(ls "$build_dir");
        partial_fails="";
        for pkg in $failed; do
          if opam show -f x-ci-accept-failures: "$pkg" | grep -qF "\"debian-12\""; then
            echo "A package failed and has been disabled for CI using the 'x-ci-accept-failures' field.";
          fi;
          test "$pkg" != 'ocsipersist-sqlite-config.2.0.0' && partial_fails="$partial_fails $pkg";
        done;
        test "${partial_fails}" != "" && echo "opam-repo-ci detected dependencies failing: ${partial_fails}";
        exit 1" failed with exit status 60
2024-06-12 13:27.26: Job failed: Failed: Build failed
2024-06-12 13:27.26: Log analysis:
2024-06-12 13:27.26: >>> 
[ERROR] Sorry, resolution of the request timed out.
 (score = 20)
2024-06-12 13:27.26: Sorry, resolution of the request timed out.
