2024-06-24 01:30.51: New job: build h2-mirage.0.12.0, using opam 2.1
                              from https://github.com/ocaml/opam-repository.git#refs/pull/26135/head (823e94d9566a1700119a2c3b44c8ec2d6b6bd39c)
                              on debian-12-ocaml-5.2/amd64

To reproduce locally:

cd $(mktemp -d)
git clone --recursive "https://github.com/ocaml/opam-repository.git" && cd "opam-repository" && git fetch origin "refs/pull/26135/head" && git reset --hard 823e94d9
git fetch origin master
git merge --no-edit 9e9b46f06b0065ca5c177d73e1b9b7444a51d987
cat > ../Dockerfile <<'END-OF-DOCKERFILE'
[34mFROM ocaml/opam:debian-12-ocaml-5.2@sha256:7634515d40696f9f08cff08b33e645ef19722a6d3f2fb2dfa963aba37446cd1a
USER 1000:1000
WORKDIR /home/opam
RUN sudo ln -f /usr/bin/opam-2.1 /usr/bin/opam
RUN opam init --reinit -ni
RUN uname -rs && opam exec -- ocaml -version && opam --version
ENV OPAMDOWNLOADJOBS="1"
ENV OPAMERRLOGLEN="0"
ENV OPAMSOLVERTIMEOUT="500"
ENV OPAMPRECISETRACKING="1"
ENV CI="true"
ENV OPAM_REPO_CI="true"
RUN rm -rf opam-repository/
COPY --chown=1000:1000 . opam-repository/
RUN opam repository set-url --strict default opam-repository/
RUN opam update --depexts || true
RUN opam pin add -k version -yn h2-mirage.0.12.0 0.12.0
RUN opam reinstall h2-mirage.0.12.0; \
    res=$?; \
    test "$res" != 31 && exit "$res"; \
    export OPAMCLI=2.0; \
    build_dir=$(opam var prefix)/.opam-switch/build; \
    failed=$(ls "$build_dir"); \
    partial_fails=""; \
    for pkg in $failed; do \
    if opam show -f x-ci-accept-failures: "$pkg" | grep -qF "\"debian-12\""; then \
    echo "A package failed and has been disabled for CI using the 'x-ci-accept-failures' field."; \
    fi; \
    test "$pkg" != 'h2-mirage.0.12.0' && partial_fails="$partial_fails $pkg"; \
    done; \
    test "${partial_fails}" != "" && echo "opam-repo-ci detected dependencies failing: ${partial_fails}"; \
    exit 1
[0m
END-OF-DOCKERFILE
docker build -f ../Dockerfile .

2024-06-24 01:30.51: Using cache hint "ocaml/opam:debian-12-ocaml-5.2@sha256:7634515d40696f9f08cff08b33e645ef19722a6d3f2fb2dfa963aba37446cd1a-h2-mirage.0.12.0-823e94d9566a1700119a2c3b44c8ec2d6b6bd39c"
2024-06-24 01:30.51: Using OBuilder spec:
((from ocaml/opam:debian-12-ocaml-5.2@sha256:7634515d40696f9f08cff08b33e645ef19722a6d3f2fb2dfa963aba37446cd1a)
 (user (uid 1000) (gid 1000))
 (workdir /home/opam)
 (run (shell "sudo ln -f /usr/bin/opam-2.1 /usr/bin/opam"))
 (run (network host)
      (shell "opam init --reinit --config .opamrc-sandbox -ni"))
 (run (shell "uname -rs && opam exec -- ocaml -version && opam --version"))
 (env OPAMDOWNLOADJOBS 1)
 (env OPAMERRLOGLEN 0)
 (env OPAMSOLVERTIMEOUT 500)
 (env OPAMPRECISETRACKING 1)
 (env CI true)
 (env OPAM_REPO_CI true)
 (run (shell "rm -rf opam-repository/"))
 (copy (src .) (dst opam-repository/))
 (run (shell "opam repository set-url --strict default opam-repository/"))
 (run (network host)
      (shell "opam update --depexts || true"))
 (run (shell "opam pin add -k version -yn h2-mirage.0.12.0 0.12.0"))
 (run (cache (opam-archives (target /home/opam/.opam/download-cache)))
      (network host)
      (shell  "opam reinstall h2-mirage.0.12.0;\
             \n        res=$?;\
             \n        test \"$res\" != 31 && exit \"$res\";\
             \n        export OPAMCLI=2.0;\
             \n        build_dir=$(opam var prefix)/.opam-switch/build;\
             \n        failed=$(ls \"$build_dir\");\
             \n        partial_fails=\"\";\
             \n        for pkg in $failed; do\
             \n          if opam show -f x-ci-accept-failures: \"$pkg\" | grep -qF \"\\\"debian-12\\\"\"; then\
             \n            echo \"A package failed and has been disabled for CI using the 'x-ci-accept-failures' field.\";\
             \n          fi;\
             \n          test \"$pkg\" != 'h2-mirage.0.12.0' && partial_fails=\"$partial_fails $pkg\";\
             \n        done;\
             \n        test \"${partial_fails}\" != \"\" && echo \"opam-repo-ci detected dependencies failing: ${partial_fails}\";\
             \n        exit 1"))
)

2024-06-24 01:30.51: Waiting for resource in pool OCluster
2024-06-24 01:30.52: Waiting for worker…
2024-06-24 01:43.58: Got resource from pool OCluster
Building on x86-bm-c17.sw.ocaml.org
All commits already cached
Updating files:  98% (31002/31574)Updating files:  99% (31259/31574)Updating files: 100% (31574/31574)Updating files: 100% (31574/31574), done.
HEAD is now at 9e9b46f06b Merge pull request #26044 from chetmurthy/release-pa_ppx-0.15-ocaml-5.2-compat
Updating 9e9b46f06b..823e94d956
Fast-forward
 packages/h2-async/h2-async.0.12.0/opam       | 41 ++++++++++++++++++++++++
 packages/h2-eio/h2-eio.0.12.0/opam           | 39 ++++++++++++++++++++++
 packages/h2-lwt-unix/h2-lwt-unix.0.12.0/opam | 41 ++++++++++++++++++++++++
 packages/h2-lwt/h2-lwt.0.12.0/opam           | 40 +++++++++++++++++++++++
 packages/h2-mirage/h2-mirage.0.12.0/opam     | 43 +++++++++++++++++++++++++
 packages/h2/h2.0.12.0/opam                   | 48 ++++++++++++++++++++++++++++
 packages/hpack/hpack.0.12.0/opam             | 41 ++++++++++++++++++++++++
 7 files changed, 293 insertions(+)
 create mode 100644 packages/h2-async/h2-async.0.12.0/opam
 create mode 100644 packages/h2-eio/h2-eio.0.12.0/opam
 create mode 100644 packages/h2-lwt-unix/h2-lwt-unix.0.12.0/opam
 create mode 100644 packages/h2-lwt/h2-lwt.0.12.0/opam
 create mode 100644 packages/h2-mirage/h2-mirage.0.12.0/opam
 create mode 100644 packages/h2/h2.0.12.0/opam
 create mode 100644 packages/hpack/hpack.0.12.0/opam

[01;34m(from ocaml/opam:debian-12-ocaml-5.2@sha256:7634515d40696f9f08cff08b33e645ef19722a6d3f2fb2dfa963aba37446cd1a)[0m
[01;2m[01;35m2024-06-24 01:44.01 ---> using "b398b1614e67dd74cd406cad9624eee551fe61412a9cb905f96460939dbeae07" from cache[0m

[01;34m/: (user (uid 1000) (gid 1000))[0m

[01;34m/: (workdir /home/opam)[0m

[01;34m/home/opam: (run (shell "sudo ln -f /usr/bin/opam-2.1 /usr/bin/opam"))[0m
[01;2m[01;35m2024-06-24 01:44.01 ---> saved as "ee2b44104f0a0e268ac4094b4f858997fb00e090e421b3ba34f56f30e0b04f8b"[0m

[01;34m/home/opam: (run (network host)
                 (shell "opam init --reinit --config .opamrc-sandbox -ni"))[0m
Configuring from /home/opam/.opamrc-sandbox, then /home/opam/.opamrc, and finally from built-in defaults.
Checking for available remotes: rsync and local, git.
  - you won't be able to use mercurial repositories unless you install the hg command on your system.
  - you won't be able to use darcs repositories unless you install the darcs command on your system.

This version of opam requires an update to the layout of /home/opam/.opam from version 2.0 to version 2.1, which can't be reverted.
You may want to back it up before going further.

Continue? [Y/n] y
Format upgrade done.

<><> Updating repositories ><><><><><><><><><><><><><><><><><><><><><><><><><><>
[default] synchronised from file:///home/opam/opam-repository
[01;2m[01;35m2024-06-24 01:45.20 ---> saved as "14285f863aeeca19bb8bad75cbb62f5a268287c3e1df2fd12b3d2481ff7efe52"[0m

[01;34m/home/opam: (run (shell "uname -rs && opam exec -- ocaml -version && opam --version"))[0m
Linux 5.15.0-112-generic
The OCaml toplevel, version 5.2.0
2.1.6
[01;2m[01;35m2024-06-24 01:45.20 ---> saved as "8faee2f6a7522a84bf08499825daf5a1bc9fc658f124fc2796eaa75a830845bf"[0m

[01;34m/home/opam: (env OPAMDOWNLOADJOBS 1)[0m

[01;34m/home/opam: (env OPAMERRLOGLEN 0)[0m

[01;34m/home/opam: (env OPAMSOLVERTIMEOUT 500)[0m

[01;34m/home/opam: (env OPAMPRECISETRACKING 1)[0m

[01;34m/home/opam: (env CI true)[0m

[01;34m/home/opam: (env OPAM_REPO_CI true)[0m

[01;34m/home/opam: (run (shell "rm -rf opam-repository/"))[0m
[01;2m[01;35m2024-06-24 01:45.26 ---> saved as "6f4563553cae30edc07aa3ea3eb4a2e2ea14ef2cdaea6034ec2900c13dbd0e6f"[0m

[01;34m/home/opam: (copy (src .) (dst opam-repository/))[0m
[01;2m[01;35m2024-06-24 01:45.36 ---> saved as "b45468c69071b3f994d8553a396c2afd52499c82af6d1f57501ad4869eb758cc"[0m

[01;34m/home/opam: (run (shell "opam repository set-url --strict default opam-repository/"))[0m
[default] Initialised
[01;2m[01;35m2024-06-24 01:45.57 ---> saved as "77b17642ef16d3f27fded35846b3dfa5ca106eba6b4e0567c59d57f1e98c4b3f"[0m

[01;34m/home/opam: (run (network host)
                 (shell "opam update --depexts || true"))[0m
+ /usr/bin/sudo "apt-get" "update"
- Hit:1 http://deb.debian.org/debian bookworm InRelease
- Get:2 http://deb.debian.org/debian bookworm-updates InRelease [55.4 kB]
- Get:3 http://deb.debian.org/debian-security bookworm-security InRelease [48.0 kB]
- Get:4 http://deb.debian.org/debian-security bookworm-security/main amd64 Packages [160 kB]
- Fetched 263 kB in 0s (1044 kB/s)
- Reading package lists...
[01;2m[01;35m2024-06-24 01:45.58 ---> saved as "c96e0bccd25188f12c3a786fca11b15bf67702aa13ba471d8fbce278fed689f8"[0m

[01;34m/home/opam: (run (shell "opam pin add -k version -yn h2-mirage.0.12.0 0.12.0"))[0m
h2-mirage is now pinned to version 0.12.0
[01;2m[01;35m2024-06-24 01:45.59 ---> saved as "711badfa64ca20cf423525211723a0017aac65a7b172b60679c1c7c04e5c3c1b"[0m

[01;34m/home/opam: (run (cache (opam-archives (target /home/opam/.opam/download-cache)))
                 (network host)
                 (shell  "opam reinstall h2-mirage.0.12.0;\
                        \n        res=$?;\
                        \n        test \"$res\" != 31 && exit \"$res\";\
                        \n        export OPAMCLI=2.0;\
                        \n        build_dir=$(opam var prefix)/.opam-switch/build;\
                        \n        failed=$(ls \"$build_dir\");\
                        \n        partial_fails=\"\";\
                        \n        for pkg in $failed; do\
                        \n          if opam show -f x-ci-accept-failures: \"$pkg\" | grep -qF \"\\\"debian-12\\\"\"; then\
                        \n            echo \"A package failed and has been disabled for CI using the 'x-ci-accept-failures' field.\";\
                        \n          fi;\
                        \n          test \"$pkg\" != 'h2-mirage.0.12.0' && partial_fails=\"$partial_fails $pkg\";\
                        \n        done;\
                        \n        test \"${partial_fails}\" != \"\" && echo \"opam-repo-ci detected dependencies failing: ${partial_fails}\";\
                        \n        exit 1"))[0m
h2-mirage.0.12.0 is not installed. Install it? [Y/n] y
[ERROR] Sorry, resolution of the request timed out.
        Try to specify a more precise request, use a different solver, or increase the allowed time by setting OPAMSOLVERTIMEOUT to a bigger value (currently, it is set to 500.0 seconds).
"/usr/bin/env" "bash" "-c" "opam reinstall h2-mirage.0.12.0;
        res=$?;
        test "$res" != 31 && exit "$res";
        export OPAMCLI=2.0;
        build_dir=$(opam var prefix)/.opam-switch/build;
        failed=$(ls "$build_dir");
        partial_fails="";
        for pkg in $failed; do
          if opam show -f x-ci-accept-failures: "$pkg" | grep -qF "\"debian-12\""; then
            echo "A package failed and has been disabled for CI using the 'x-ci-accept-failures' field.";
          fi;
          test "$pkg" != 'h2-mirage.0.12.0' && partial_fails="$partial_fails $pkg";
        done;
        test "${partial_fails}" != "" && echo "opam-repo-ci detected dependencies failing: ${partial_fails}";
        exit 1" failed with exit status 60
2024-06-24 01:54.46: Job failed: Failed: Build failed
2024-06-24 01:54.46: Log analysis:
2024-06-24 01:54.46: >>> 
[ERROR] Sorry, resolution of the request timed out.
 (score = 20)
2024-06-24 01:54.46: Sorry, resolution of the request timed out.
