2024-05-08 08:27.28: New job: build paf-cohttp.0.6.0, using opam 2.1
                              from https://github.com/ocaml/opam-repository.git#refs/pull/25808/head (913b6ab540b8f50bcb19d6909c4963a5bfbe8080)
                              on debian-12-ocaml-4.14/amd64

To reproduce locally:

cd $(mktemp -d)
git clone --recursive "https://github.com/ocaml/opam-repository.git" && cd "opam-repository" && git fetch origin "refs/pull/25808/head" && git reset --hard 913b6ab5
git fetch origin master
git merge --no-edit 2b6e600e5b1d71ecc8ddcc390312fdfca6c80615
cat > ../Dockerfile <<'END-OF-DOCKERFILE'
[34mFROM ocaml/opam:debian-12-ocaml-4.14@sha256:35b1aa76181479f2ba40039ae0c5fa5d94e24300e1eb606117587a8e82e9d89e
USER 1000:1000
WORKDIR /home/opam
RUN sudo ln -f /usr/bin/opam-2.1 /usr/bin/opam
RUN opam init --reinit -ni
RUN uname -rs && opam exec -- ocaml -version && opam --version
ENV OPAMDOWNLOADJOBS="1"
ENV OPAMERRLOGLEN="0"
ENV OPAMSOLVERTIMEOUT="500"
ENV OPAMPRECISETRACKING="1"
ENV CI="true"
ENV OPAM_REPO_CI="true"
RUN rm -rf opam-repository/
COPY --chown=1000:1000 . opam-repository/
RUN opam repository set-url --strict default opam-repository/
RUN opam update --depexts || true
RUN opam pin add -k version -yn paf-cohttp.0.6.0 0.6.0
RUN opam reinstall paf-cohttp.0.6.0; \
    res=$?; \
    test "$res" != 31 && exit "$res"; \
    export OPAMCLI=2.0; \
    build_dir=$(opam var prefix)/.opam-switch/build; \
    failed=$(ls "$build_dir"); \
    partial_fails=""; \
    for pkg in $failed; do \
    if opam show -f x-ci-accept-failures: "$pkg" | grep -qF "\"debian-12\""; then \
    echo "A package failed and has been disabled for CI using the 'x-ci-accept-failures' field."; \
    fi; \
    test "$pkg" != 'paf-cohttp.0.6.0' && partial_fails="$partial_fails $pkg"; \
    done; \
    test "${partial_fails}" != "" && echo "opam-repo-ci detected dependencies failing: ${partial_fails}"; \
    exit 1
[0m
END-OF-DOCKERFILE
docker build -f ../Dockerfile .

2024-05-08 08:27.28: Using cache hint "ocaml/opam:debian-12-ocaml-4.14@sha256:35b1aa76181479f2ba40039ae0c5fa5d94e24300e1eb606117587a8e82e9d89e-paf-cohttp.0.6.0-913b6ab540b8f50bcb19d6909c4963a5bfbe8080"
2024-05-08 08:27.28: Using OBuilder spec:
((from ocaml/opam:debian-12-ocaml-4.14@sha256:35b1aa76181479f2ba40039ae0c5fa5d94e24300e1eb606117587a8e82e9d89e)
 (user (uid 1000) (gid 1000))
 (workdir /home/opam)
 (run (shell "sudo ln -f /usr/bin/opam-2.1 /usr/bin/opam"))
 (run (network host)
      (shell "opam init --reinit --config .opamrc-sandbox -ni"))
 (run (shell "uname -rs && opam exec -- ocaml -version && opam --version"))
 (env OPAMDOWNLOADJOBS 1)
 (env OPAMERRLOGLEN 0)
 (env OPAMSOLVERTIMEOUT 500)
 (env OPAMPRECISETRACKING 1)
 (env CI true)
 (env OPAM_REPO_CI true)
 (run (shell "rm -rf opam-repository/"))
 (copy (src .) (dst opam-repository/))
 (run (shell "opam repository set-url --strict default opam-repository/"))
 (run (network host)
      (shell "opam update --depexts || true"))
 (run (shell "opam pin add -k version -yn paf-cohttp.0.6.0 0.6.0"))
 (run (cache (opam-archives (target /home/opam/.opam/download-cache)))
      (network host)
      (shell  "opam reinstall paf-cohttp.0.6.0;\
             \n        res=$?;\
             \n        test \"$res\" != 31 && exit \"$res\";\
             \n        export OPAMCLI=2.0;\
             \n        build_dir=$(opam var prefix)/.opam-switch/build;\
             \n        failed=$(ls \"$build_dir\");\
             \n        partial_fails=\"\";\
             \n        for pkg in $failed; do\
             \n          if opam show -f x-ci-accept-failures: \"$pkg\" | grep -qF \"\\\"debian-12\\\"\"; then\
             \n            echo \"A package failed and has been disabled for CI using the 'x-ci-accept-failures' field.\";\
             \n          fi;\
             \n          test \"$pkg\" != 'paf-cohttp.0.6.0' && partial_fails=\"$partial_fails $pkg\";\
             \n        done;\
             \n        test \"${partial_fails}\" != \"\" && echo \"opam-repo-ci detected dependencies failing: ${partial_fails}\";\
             \n        exit 1"))
)

2024-05-08 08:27.28: Waiting for resource in pool OCluster
2024-05-08 08:35.10: Waiting for worker…
2024-05-08 08:40.09: Got resource from pool OCluster
Building on doris.caelum.ci.dev
All commits already cached
Updating files:  82% (27756/33636)Updating files:  83% (27918/33636)Updating files:  84% (28255/33636)Updating files:  85% (28591/33636)Updating files:  86% (28927/33636)Updating files:  87% (29264/33636)Updating files:  88% (29600/33636)Updating files:  89% (29937/33636)Updating files:  90% (30273/33636)Updating files:  91% (30609/33636)Updating files:  92% (30946/33636)Updating files:  93% (31282/33636)Updating files:  94% (31618/33636)Updating files:  95% (31955/33636)Updating files:  96% (32291/33636)Updating files:  97% (32627/33636)Updating files:  98% (32964/33636)Updating files:  99% (33300/33636)Updating files: 100% (33636/33636)Updating files: 100% (33636/33636), done.
HEAD is now at 2b6e600e5b Merge pull request #25724 from leostera/release-config-0.0.3
Updating 2b6e600e5b..913b6ab540
Fast-forward
 packages/git-mirage/git-mirage.3.13.0/opam |  2 +-
 packages/git-mirage/git-mirage.3.14.0/opam |  2 +-
 packages/git-mirage/git-mirage.3.15.0/opam |  2 +-
 packages/paf-cohttp/paf-cohttp.0.6.0/opam  | 39 ++++++++++++++++++++++++++
 packages/paf/paf.0.6.0/opam                | 45 ++++++++++++++++++++++++++++++
 5 files changed, 87 insertions(+), 3 deletions(-)
 create mode 100644 packages/paf-cohttp/paf-cohttp.0.6.0/opam
 create mode 100644 packages/paf/paf.0.6.0/opam

[01;34m(from ocaml/opam:debian-12-ocaml-4.14@sha256:35b1aa76181479f2ba40039ae0c5fa5d94e24300e1eb606117587a8e82e9d89e)[0m
Unable to find image 'ocaml/opam:debian-12-ocaml-4.14@sha256:35b1aa76181479f2ba40039ae0c5fa5d94e24300e1eb606117587a8e82e9d89e' locally
docker.io/ocaml/opam@sha256:35b1aa76181479f2ba40039ae0c5fa5d94e24300e1eb606117587a8e82e9d89e: Pulling from ocaml/opam
666dde42acf6: Pulling fs layer
666dde42acf6: Verifying Checksum
666dde42acf6: Download complete
666dde42acf6: Pull complete
Digest: sha256:35b1aa76181479f2ba40039ae0c5fa5d94e24300e1eb606117587a8e82e9d89e
Status: Downloaded newer image for ocaml/opam@sha256:35b1aa76181479f2ba40039ae0c5fa5d94e24300e1eb606117587a8e82e9d89e
[01;2m[01;35m2024-05-08 08:40.14 ---> using "6bc7e89b5725106f75c11a8b774d971b425f7dab532e626727166f8fc8501d75" from cache[0m

[01;34m/: (user (uid 1000) (gid 1000))[0m

[01;34m/: (workdir /home/opam)[0m

[01;34m/home/opam: (run (shell "sudo ln -f /usr/bin/opam-2.1 /usr/bin/opam"))[0m
[01;2m[01;35m2024-05-08 08:40.14 ---> using "25b467632dad7baa0c60d17b05653b6a38a1009233fa03211da04eb5d19ad054" from cache[0m

[01;34m/home/opam: (run (network host)
                 (shell "opam init --reinit --config .opamrc-sandbox -ni"))[0m
Configuring from /home/opam/.opamrc-sandbox, then /home/opam/.opamrc, and finally from built-in defaults.
Checking for available remotes: rsync and local, git.
  - you won't be able to use mercurial repositories unless you install the hg command on your system.
  - you won't be able to use darcs repositories unless you install the darcs command on your system.

This version of opam requires an update to the layout of /home/opam/.opam from version 2.0 to version 2.1, which can't be reverted.
You may want to back it up before going further.

Continue? [Y/n] y
Format upgrade done.

<><> Updating repositories ><><><><><><><><><><><><><><><><><><><><><><><><><><>
[default] synchronised from file:///home/opam/opam-repository
[01;2m[01;35m2024-05-08 08:40.14 ---> using "3472a78aa86b1a70569d932c974bbfab0b08ef209d548e288cbff8c94e497eb5" from cache[0m

[01;34m/home/opam: (run (shell "uname -rs && opam exec -- ocaml -version && opam --version"))[0m
Linux 5.15.0-101-generic
The OCaml toplevel, version 4.14.2
2.1.5
[01;2m[01;35m2024-05-08 08:40.14 ---> using "37757b2e90b799f4473fd68716d9c95548d1aa264cec122ac950fcdec231978f" from cache[0m

[01;34m/home/opam: (env OPAMDOWNLOADJOBS 1)[0m

[01;34m/home/opam: (env OPAMERRLOGLEN 0)[0m

[01;34m/home/opam: (env OPAMSOLVERTIMEOUT 500)[0m

[01;34m/home/opam: (env OPAMPRECISETRACKING 1)[0m

[01;34m/home/opam: (env CI true)[0m

[01;34m/home/opam: (env OPAM_REPO_CI true)[0m

[01;34m/home/opam: (run (shell "rm -rf opam-repository/"))[0m
[01;2m[01;35m2024-05-08 08:40.14 ---> using "c068b7415e89f62062c8590705142dcf016c6d3d3a0192714d6a9ca7fc591326" from cache[0m

[01;34m/home/opam: (copy (src .) (dst opam-repository/))[0m
[01;2m[01;35m2024-05-08 08:40.37 ---> saved as "3753becc33bf9b0449901f878dcf940830cffead8c33e10b5cdbe3893fbbc5b1"[0m

[01;34m/home/opam: (run (shell "opam repository set-url --strict default opam-repository/"))[0m
[default] Initialised
[01;2m[01;35m2024-05-08 08:40.56 ---> saved as "907691fe5f1a5086133aa733097d08c377efb5585d39ffb1b5a1299bcbc0ee31"[0m

[01;34m/home/opam: (run (network host)
                 (shell "opam update --depexts || true"))[0m
+ /usr/bin/sudo "apt-get" "update"
- Hit:1 http://deb.debian.org/debian bookworm InRelease
- Get:2 http://deb.debian.org/debian bookworm-updates InRelease [55.4 kB]
- Get:3 http://deb.debian.org/debian-security bookworm-security InRelease [48.0 kB]
- Get:4 http://deb.debian.org/debian bookworm-updates/main amd64 Packages.diff/Index [10.6 kB]
- Get:5 http://deb.debian.org/debian bookworm-updates/main amd64 Packages T-2024-04-23-2036.10-F-2024-04-23-2036.10.pdiff [1595 B]
- Get:5 http://deb.debian.org/debian bookworm-updates/main amd64 Packages T-2024-04-23-2036.10-F-2024-04-23-2036.10.pdiff [1595 B]
- Get:6 http://deb.debian.org/debian-security bookworm-security/main amd64 Packages [157 kB]
- Fetched 273 kB in 0s (571 kB/s)
- Reading package lists...
- 
[01;2m[01;35m2024-05-08 08:40.58 ---> saved as "c70f77a42585cd8ae5ec90aa6fabd88f78d42f6f10880b0a4688e5400bc755c9"[0m

[01;34m/home/opam: (run (shell "opam pin add -k version -yn paf-cohttp.0.6.0 0.6.0"))[0m
paf-cohttp is now pinned to version 0.6.0
[01;2m[01;35m2024-05-08 08:41.00 ---> saved as "6adf301c2e92a6f0bff9078025828483af88b394521ff049b0814d29d0bc9606"[0m

[01;34m/home/opam: (run (cache (opam-archives (target /home/opam/.opam/download-cache)))
                 (network host)
                 (shell  "opam reinstall paf-cohttp.0.6.0;\
                        \n        res=$?;\
                        \n        test \"$res\" != 31 && exit \"$res\";\
                        \n        export OPAMCLI=2.0;\
                        \n        build_dir=$(opam var prefix)/.opam-switch/build;\
                        \n        failed=$(ls \"$build_dir\");\
                        \n        partial_fails=\"\";\
                        \n        for pkg in $failed; do\
                        \n          if opam show -f x-ci-accept-failures: \"$pkg\" | grep -qF \"\\\"debian-12\\\"\"; then\
                        \n            echo \"A package failed and has been disabled for CI using the 'x-ci-accept-failures' field.\";\
                        \n          fi;\
                        \n          test \"$pkg\" != 'paf-cohttp.0.6.0' && partial_fails=\"$partial_fails $pkg\";\
                        \n        done;\
                        \n        test \"${partial_fails}\" != \"\" && echo \"opam-repo-ci detected dependencies failing: ${partial_fails}\";\
                        \n        exit 1"))[0m
paf-cohttp.0.6.0 is not installed. Install it? [Y/n] y
[ERROR] Sorry, resolution of the request timed out.
        Try to specify a more precise request, use a different solver, or increase the allowed time by setting OPAMSOLVERTIMEOUT to a bigger value (currently, it is set to 500.0 seconds).
"/usr/bin/env" "bash" "-c" "opam reinstall paf-cohttp.0.6.0;
        res=$?;
        test "$res" != 31 && exit "$res";
        export OPAMCLI=2.0;
        build_dir=$(opam var prefix)/.opam-switch/build;
        failed=$(ls "$build_dir");
        partial_fails="";
        for pkg in $failed; do
          if opam show -f x-ci-accept-failures: "$pkg" | grep -qF "\"debian-12\""; then
            echo "A package failed and has been disabled for CI using the 'x-ci-accept-failures' field.";
          fi;
          test "$pkg" != 'paf-cohttp.0.6.0' && partial_fails="$partial_fails $pkg";
        done;
        test "${partial_fails}" != "" && echo "opam-repo-ci detected dependencies failing: ${partial_fails}";
        exit 1" failed with exit status 60
2024-05-08 08:49.42: Job failed: Failed: Build failed
2024-05-08 08:49.42: Log analysis:
2024-05-08 08:49.42: >>> 
[ERROR] Sorry, resolution of the request timed out.
 (score = 20)
2024-05-08 08:49.42: Sorry, resolution of the request timed out.
