2024-08-13 13:33.51: New job: test opentelemetry-lwt.0.10, using opam dev
                              from https://github.com/ocaml/opam-repository.git#refs/pull/26356/head (4e089defbaaf25297f77c6bd0cb00b822d366b10)
                              on debian-12-ocaml-4.12/amd64

To reproduce locally:

cd $(mktemp -d)
git clone --recursive "https://github.com/ocaml/opam-repository.git" && cd "opam-repository" && git fetch origin "refs/pull/26356/head" && git reset --hard 4e089def
git fetch origin master
git merge --no-edit 47c192ba656a7b302c16bde355fbbe34e0dbf937
cat > ../Dockerfile <<'END-OF-DOCKERFILE'
[34mFROM ocaml/opam:debian-12-ocaml-4.12@sha256:8353fdbae940dfaab4cf88c98905ae295a2b4b4bd10216024a8b3305010db2c2
USER 1000:1000
WORKDIR /home/opam
RUN sudo ln -f /usr/bin/opam-dev /usr/bin/opam
RUN opam init --reinit -ni
RUN uname -rs && opam exec -- ocaml -version && opam --version
ENV OPAMDOWNLOADJOBS="1"
ENV OPAMERRLOGLEN="0"
ENV OPAMSOLVERTIMEOUT="500"
ENV OPAMPRECISETRACKING="1"
ENV CI="true"
ENV OPAM_REPO_CI="true"
RUN rm -rf opam-repository/
COPY --chown=1000:1000 . opam-repository/
RUN opam repository set-url --strict default opam-repository/
RUN opam update --depexts || true
RUN opam pin add -k version -yn opentelemetry-lwt.0.10 0.10
RUN opam reinstall opentelemetry-lwt.0.10; \
    res=$?; \
    test "$res" != 31 && exit "$res"; \
    export OPAMCLI=2.0; \
    build_dir=$(opam var prefix)/.opam-switch/build; \
    failed=$(ls "$build_dir"); \
    partial_fails=""; \
    for pkg in $failed; do \
    if opam show -f x-ci-accept-failures: "$pkg" | grep -qF "\"debian-12\""; then \
    echo "A package failed and has been disabled for CI using the 'x-ci-accept-failures' field."; \
    fi; \
    test "$pkg" != 'opentelemetry-lwt.0.10' && partial_fails="$partial_fails $pkg"; \
    done; \
    test "${partial_fails}" != "" && echo "opam-repo-ci detected dependencies failing: ${partial_fails}"; \
    exit 1
RUN (opam reinstall --with-test opentelemetry-lwt.0.10) || true
RUN opam reinstall --with-test --verbose opentelemetry-lwt.0.10; \
    res=$?; \
    test "$res" != 31 && exit "$res"; \
    export OPAMCLI=2.0; \
    build_dir=$(opam var prefix)/.opam-switch/build; \
    failed=$(ls "$build_dir"); \
    partial_fails=""; \
    for pkg in $failed; do \
    if opam show -f x-ci-accept-failures: "$pkg" | grep -qF "\"debian-12\""; then \
    echo "A package failed and has been disabled for CI using the 'x-ci-accept-failures' field."; \
    fi; \
    test "$pkg" != 'opentelemetry-lwt.0.10' && partial_fails="$partial_fails $pkg"; \
    done; \
    test "${partial_fails}" != "" && echo "opam-repo-ci detected dependencies failing: ${partial_fails}"; \
    exit 1
[0m
END-OF-DOCKERFILE
docker build -f ../Dockerfile .

2024-08-13 13:33.51: Using cache hint "ocaml/opam:debian-12-ocaml-4.12@sha256:8353fdbae940dfaab4cf88c98905ae295a2b4b4bd10216024a8b3305010db2c2-opentelemetry-lwt.0.10-4e089defbaaf25297f77c6bd0cb00b822d366b10"
2024-08-13 13:33.51: Using OBuilder spec:
((from ocaml/opam:debian-12-ocaml-4.12@sha256:8353fdbae940dfaab4cf88c98905ae295a2b4b4bd10216024a8b3305010db2c2)
 (user (uid 1000) (gid 1000))
 (workdir /home/opam)
 (run (shell "sudo ln -f /usr/bin/opam-dev /usr/bin/opam"))
 (run (network host)
      (shell "opam init --reinit --config .opamrc-sandbox -ni"))
 (run (shell "uname -rs && opam exec -- ocaml -version && opam --version"))
 (env OPAMDOWNLOADJOBS 1)
 (env OPAMERRLOGLEN 0)
 (env OPAMSOLVERTIMEOUT 500)
 (env OPAMPRECISETRACKING 1)
 (env CI true)
 (env OPAM_REPO_CI true)
 (run (shell "rm -rf opam-repository/"))
 (copy (src .) (dst opam-repository/))
 (run (shell "opam repository set-url --strict default opam-repository/"))
 (run (network host)
      (shell "opam update --depexts || true"))
 (run (shell "opam pin add -k version -yn opentelemetry-lwt.0.10 0.10"))
 (run (cache (opam-archives (target /home/opam/.opam/download-cache)))
      (network host)
      (shell  "opam reinstall opentelemetry-lwt.0.10;\
             \n        res=$?;\
             \n        test \"$res\" != 31 && exit \"$res\";\
             \n        export OPAMCLI=2.0;\
             \n        build_dir=$(opam var prefix)/.opam-switch/build;\
             \n        failed=$(ls \"$build_dir\");\
             \n        partial_fails=\"\";\
             \n        for pkg in $failed; do\
             \n          if opam show -f x-ci-accept-failures: \"$pkg\" | grep -qF \"\\\"debian-12\\\"\"; then\
             \n            echo \"A package failed and has been disabled for CI using the 'x-ci-accept-failures' field.\";\
             \n          fi;\
             \n          test \"$pkg\" != 'opentelemetry-lwt.0.10' && partial_fails=\"$partial_fails $pkg\";\
             \n        done;\
             \n        test \"${partial_fails}\" != \"\" && echo \"opam-repo-ci detected dependencies failing: ${partial_fails}\";\
             \n        exit 1"))
 (run (network host)
      (shell "(opam reinstall --with-test opentelemetry-lwt.0.10) || true"))
 (run (shell  "opam reinstall --with-test --verbose opentelemetry-lwt.0.10;\
             \n        res=$?;\
             \n        test \"$res\" != 31 && exit \"$res\";\
             \n        export OPAMCLI=2.0;\
             \n        build_dir=$(opam var prefix)/.opam-switch/build;\
             \n        failed=$(ls \"$build_dir\");\
             \n        partial_fails=\"\";\
             \n        for pkg in $failed; do\
             \n          if opam show -f x-ci-accept-failures: \"$pkg\" | grep -qF \"\\\"debian-12\\\"\"; then\
             \n            echo \"A package failed and has been disabled for CI using the 'x-ci-accept-failures' field.\";\
             \n          fi;\
             \n          test \"$pkg\" != 'opentelemetry-lwt.0.10' && partial_fails=\"$partial_fails $pkg\";\
             \n        done;\
             \n        test \"${partial_fails}\" != \"\" && echo \"opam-repo-ci detected dependencies failing: ${partial_fails}\";\
             \n        exit 1"))
)

2024-08-13 13:33.51: Waiting for resource in pool OCluster
2024-08-13 13:33.52: Waiting for worker…
2024-08-13 13:33.52: Got resource from pool OCluster
Building on x86-bm-c16.sw.ocaml.org
All commits already cached
Updating files:  93% (29900/31957)Updating files:  94% (30040/31957)Updating files:  95% (30360/31957)Updating files:  96% (30679/31957)Updating files:  97% (30999/31957)Updating files:  98% (31318/31957)Updating files:  99% (31638/31957)Updating files: 100% (31957/31957)Updating files: 100% (31957/31957), done.
HEAD is now at 47c192ba65 Merge pull request #26350 from palainp/release-mirage-qubes-v0.11.0
Updating 47c192ba65..4e089defba
Fast-forward
 .../opentelemetry-client-cohttp-lwt.0.10/opam      | 49 ++++++++++++++++++++
 .../opentelemetry-client-ocurl.0.10/opam           | 47 +++++++++++++++++++
 .../opentelemetry-cohttp-lwt.0.10/opam             | 47 +++++++++++++++++++
 .../opentelemetry-lwt/opentelemetry-lwt.0.10/opam  | 49 ++++++++++++++++++++
 packages/opentelemetry/opentelemetry.0.10/opam     | 54 ++++++++++++++++++++++
 5 files changed, 246 insertions(+)
 create mode 100644 packages/opentelemetry-client-cohttp-lwt/opentelemetry-client-cohttp-lwt.0.10/opam
 create mode 100644 packages/opentelemetry-client-ocurl/opentelemetry-client-ocurl.0.10/opam
 create mode 100644 packages/opentelemetry-cohttp-lwt/opentelemetry-cohttp-lwt.0.10/opam
 create mode 100644 packages/opentelemetry-lwt/opentelemetry-lwt.0.10/opam
 create mode 100644 packages/opentelemetry/opentelemetry.0.10/opam

[01;34m(from ocaml/opam:debian-12-ocaml-4.12@sha256:8353fdbae940dfaab4cf88c98905ae295a2b4b4bd10216024a8b3305010db2c2)[0m
Unable to find image 'ocaml/opam:debian-12-ocaml-4.12@sha256:8353fdbae940dfaab4cf88c98905ae295a2b4b4bd10216024a8b3305010db2c2' locally
docker.io/ocaml/opam@sha256:8353fdbae940dfaab4cf88c98905ae295a2b4b4bd10216024a8b3305010db2c2: Pulling from ocaml/opam
d7cd033a105f: Pulling fs layer
ccd679c03c35: Pulling fs layer
c1465bb09dd6: Pulling fs layer
a34e9ac3a646: Pulling fs layer
c9ad769e72c3: Pulling fs layer
ccd679c03c35: Waiting
c9ad769e72c3: Waiting
a34e9ac3a646: Waiting
c1465bb09dd6: Waiting
ccd679c03c35: Verifying Checksum
ccd679c03c35: Download complete
c1465bb09dd6: Download complete
a34e9ac3a646: Verifying Checksum
a34e9ac3a646: Download complete
d7cd033a105f: Verifying Checksum
d7cd033a105f: Download complete
c9ad769e72c3: Verifying Checksum
c9ad769e72c3: Download complete
d7cd033a105f: Pull complete
ccd679c03c35: Pull complete
c1465bb09dd6: Pull complete
a34e9ac3a646: Pull complete
c9ad769e72c3: Pull complete
Digest: sha256:8353fdbae940dfaab4cf88c98905ae295a2b4b4bd10216024a8b3305010db2c2
Status: Downloaded newer image for ocaml/opam@sha256:8353fdbae940dfaab4cf88c98905ae295a2b4b4bd10216024a8b3305010db2c2
[01;2m[01;35m2024-08-13 13:34.25 ---> using "bb0537de572a866d365a5e5af736afdd6fd5182c2449e8e4194ac35c311dada8" from cache[0m

[01;34m/: (user (uid 1000) (gid 1000))[0m

[01;34m/: (workdir /home/opam)[0m

[01;34m/home/opam: (run (shell "sudo ln -f /usr/bin/opam-dev /usr/bin/opam"))[0m
[01;2m[01;35m2024-08-13 13:34.25 ---> using "ecc0bc7dfd5d1e3592f96d8f9a97a093d8696039cdaac3e573f6ba03909f0321" from cache[0m

[01;34m/home/opam: (run (network host)
                 (shell "opam init --reinit --config .opamrc-sandbox -ni"))[0m
Configuring from /home/opam/.opamrc-sandbox, then /home/opam/.opamrc, and finally from built-in defaults.
Checking for available remotes: rsync and local, git.
  - you won't be able to use mercurial repositories unless you install the hg command on your system.
  - you won't be able to use darcs repositories unless you install the darcs command on your system.

This development version of opam requires an update to the layout of /home/opam/.opam from version 2.0 to version 2.2, which can't be reverted.
You may want to back it up before going further.

Continue? [y/n] y
[NOTE] The 'jobs' option was reset, its value was 39 and its new value will vary according to the current number of cores on your machine. You can restore the fixed value using:
           opam option jobs=39 --global
Format upgrade done.

<><> Updating repositories ><><><><><><><><><><><><><><><><><><><><><><><><><><>
[default] synchronised from file:///home/opam/opam-repository
[01;2m[01;35m2024-08-13 13:34.25 ---> using "b5d63fdb6edb15e2af94a5a4e30091f5bc0e804202675da8f56257d0f6638e97" from cache[0m

[01;34m/home/opam: (run (shell "uname -rs && opam exec -- ocaml -version && opam --version"))[0m
Linux 5.15.0-117-generic
The OCaml toplevel, version 4.12.1
2.3.0~alpha~dev
[01;2m[01;35m2024-08-13 13:34.25 ---> using "9ab3b3886e1a5cd307794df94d2291d2f5ef05d44e8c70e7800e4f72b3b42202" from cache[0m

[01;34m/home/opam: (env OPAMDOWNLOADJOBS 1)[0m

[01;34m/home/opam: (env OPAMERRLOGLEN 0)[0m

[01;34m/home/opam: (env OPAMSOLVERTIMEOUT 500)[0m

[01;34m/home/opam: (env OPAMPRECISETRACKING 1)[0m

[01;34m/home/opam: (env CI true)[0m

[01;34m/home/opam: (env OPAM_REPO_CI true)[0m

[01;34m/home/opam: (run (shell "rm -rf opam-repository/"))[0m
[01;2m[01;35m2024-08-13 13:34.25 ---> using "04cd50d9fc9f111f8ebbc00d9822bf8046113f1ba27506b0d023f6b8526d8540" from cache[0m

[01;34m/home/opam: (copy (src .) (dst opam-repository/))[0m
[01;2m[01;35m2024-08-13 13:34.31 ---> saved as "3cdb8b21048503bb81cda6e84591cf2c08e8f3c967116212894adc7a13b63a2f"[0m

[01;34m/home/opam: (run (shell "opam repository set-url --strict default opam-repository/"))[0m
[default] Initialised
[01;2m[01;35m2024-08-13 13:35.28 ---> saved as "6f0990cc7603ec331b0202a600121bee3fb6397c348b0bcf6f507b3295b9d694"[0m

[01;34m/home/opam: (run (network host)
                 (shell "opam update --depexts || true"))[0m
+ /usr/bin/sudo "apt-get" "update"
- Hit:1 http://deb.debian.org/debian bookworm InRelease
- Get:2 http://deb.debian.org/debian bookworm-updates InRelease [55.4 kB]
- Get:3 http://deb.debian.org/debian-security bookworm-security InRelease [48.0 kB]
- Get:4 http://deb.debian.org/debian-security bookworm-security/main amd64 Packages [169 kB]
- Fetched 273 kB in 0s (1174 kB/s)
- Reading package lists...
[01;2m[01;35m2024-08-13 13:35.29 ---> saved as "d5da7591adbdaffcf8cb6488841e6d9c21adfe7bf97149c9a1ae99e048c6b9fc"[0m

[01;34m/home/opam: (run (shell "opam pin add -k version -yn opentelemetry-lwt.0.10 0.10"))[0m
opentelemetry-lwt is now pinned to version 0.10
[01;2m[01;35m2024-08-13 13:35.30 ---> saved as "8c4382ac6802bec45e4e6ad700a20ed0564192759cc4131558c597c2f1b7c738"[0m

[01;34m/home/opam: (run (cache (opam-archives (target /home/opam/.opam/download-cache)))
                 (network host)
                 (shell  "opam reinstall opentelemetry-lwt.0.10;\
                        \n        res=$?;\
                        \n        test \"$res\" != 31 && exit \"$res\";\
                        \n        export OPAMCLI=2.0;\
                        \n        build_dir=$(opam var prefix)/.opam-switch/build;\
                        \n        failed=$(ls \"$build_dir\");\
                        \n        partial_fails=\"\";\
                        \n        for pkg in $failed; do\
                        \n          if opam show -f x-ci-accept-failures: \"$pkg\" | grep -qF \"\\\"debian-12\\\"\"; then\
                        \n            echo \"A package failed and has been disabled for CI using the 'x-ci-accept-failures' field.\";\
                        \n          fi;\
                        \n          test \"$pkg\" != 'opentelemetry-lwt.0.10' && partial_fails=\"$partial_fails $pkg\";\
                        \n        done;\
                        \n        test \"${partial_fails}\" != \"\" && echo \"opam-repo-ci detected dependencies failing: ${partial_fails}\";\
                        \n        exit 1"))[0m
opentelemetry-lwt.0.10 is not installed. Install it? [y/n] y
The following actions will be performed:
=== install 22 packages
  - install ambient-context     0.1.0         [required by opentelemetry-lwt]
  - install base-bytes          base          [required by ocplib-endian]
  - install cppo                1.6.9         [required by lwt]
  - install csexp               1.5.2         [required by dune-configurator]
  - install dune                3.16.0        [required by opentelemetry-lwt]
  - install dune-configurator   3.16.0        [required by lwt]
  - install hmap                0.8.1         [required by ambient-context, opentelemetry]
  - install lwt                 5.7.0         [required by opentelemetry-lwt]
  - install lwt_ppx             2.1.0         [required by opentelemetry-lwt]
  - install ocaml-compiler-libs v0.12.4       [required by ppxlib]
  - install ocamlbuild          0.15.0        [required by hmap, ptime]
  - install ocamlfind           1.9.6         [required by hmap, ptime]
  - install ocplib-endian       1.2           [required by lwt]
  - install opentelemetry       0.10          [required by opentelemetry-lwt]
  - install opentelemetry-lwt   0.10 (pinned)
  - install pbrt                3.1.1         [required by opentelemetry]
  - install ppx_derivers        1.2.1         [required by ppxlib]
  - install ppxlib              0.33.0        [required by lwt_ppx]
  - install ptime               1.1.0         [required by opentelemetry]
  - install sexplib0            v0.16.0       [required by ppxlib]
  - install stdlib-shims        0.3.0         [required by ppxlib, pbrt]
  - install topkg               1.0.7         [required by hmap, ptime]

<><> Processing actions <><><><><><><><><><><><><><><><><><><><><><><><><><><><>
-> retrieved ambient-context.0.1.0  (cached)
-> retrieved cppo.1.6.9  (cached)
-> retrieved csexp.1.5.2  (cached)
-> retrieved dune.3.16.0, dune-configurator.3.16.0  (cached)
-> retrieved hmap.0.8.1  (cached)
-> retrieved lwt.5.7.0  (cached)
-> retrieved lwt_ppx.2.1.0  (cached)
-> retrieved ocaml-compiler-libs.v0.12.4  (cached)
-> retrieved ocamlbuild.0.15.0  (cached)
-> retrieved ocamlfind.1.9.6  (cached)
-> retrieved ocplib-endian.1.2  (cached)
-> retrieved opentelemetry.0.10, opentelemetry-lwt.0.10  (https://github.com/imandra-ai/ocaml-opentelemetry/releases/download/v0.10/opentelemetry-0.10.tbz)
-> retrieved pbrt.3.1.1  (cached)
-> retrieved ppx_derivers.1.2.1  (cached)
-> retrieved ppxlib.0.33.0  (cached)
-> retrieved ptime.1.1.0  (cached)
-> retrieved sexplib0.v0.16.0  (cached)
-> retrieved stdlib-shims.0.3.0  (cached)
-> retrieved topkg.1.0.7  (cached)
-> installed ocamlfind.1.9.6
-> installed base-bytes.base
-> installed ocamlbuild.0.15.0
-> installed topkg.1.0.7
-> installed hmap.0.8.1
-> installed ptime.1.1.0
-> installed dune.3.16.0
-> installed ppx_derivers.1.2.1
-> installed csexp.1.5.2
-> installed ambient-context.0.1.0
-> installed cppo.1.6.9
-> installed ocaml-compiler-libs.v0.12.4
-> installed sexplib0.v0.16.0
-> installed stdlib-shims.0.3.0
-> installed ocplib-endian.1.2
-> installed pbrt.3.1.1
-> installed dune-configurator.3.16.0
-> installed opentelemetry.0.10
-> installed lwt.5.7.0
-> installed ppxlib.0.33.0
-> installed lwt_ppx.2.1.0
-> installed opentelemetry-lwt.0.10
Done.
# Run eval $(opam env) to update the current shell environment
[01;2m[01;35m2024-08-13 13:36.38 ---> saved as "567693c1178d67bcdb3cb001d21f514db819bb2331284c531ddb74f4a9dfab96"[0m

[01;34m/home/opam: (run (network host)
                 (shell "(opam reinstall --with-test opentelemetry-lwt.0.10) || true"))[0m
[ERROR] Sorry, resolution of the request timed out.
        Try to specify a more precise request, use a different solver, or increase the allowed time by setting OPAMSOLVERTIMEOUT to a bigger value (currently, it is set to 500.0 seconds).
[01;2m[01;35m2024-08-13 13:45.16 ---> saved as "bdf42be135a68398592a4030dd32a8aef05ad72316fedecc6ec5fe600da7951b"[0m

[01;34m/home/opam: (run (shell  "opam reinstall --with-test --verbose opentelemetry-lwt.0.10;\
                        \n        res=$?;\
                        \n        test \"$res\" != 31 && exit \"$res\";\
                        \n        export OPAMCLI=2.0;\
                        \n        build_dir=$(opam var prefix)/.opam-switch/build;\
                        \n        failed=$(ls \"$build_dir\");\
                        \n        partial_fails=\"\";\
                        \n        for pkg in $failed; do\
                        \n          if opam show -f x-ci-accept-failures: \"$pkg\" | grep -qF \"\\\"debian-12\\\"\"; then\
                        \n            echo \"A package failed and has been disabled for CI using the 'x-ci-accept-failures' field.\";\
                        \n          fi;\
                        \n          test \"$pkg\" != 'opentelemetry-lwt.0.10' && partial_fails=\"$partial_fails $pkg\";\
                        \n        done;\
                        \n        test \"${partial_fails}\" != \"\" && echo \"opam-repo-ci detected dependencies failing: ${partial_fails}\";\
                        \n        exit 1"))[0m
[ERROR] Sorry, resolution of the request timed out.
        Try to specify a more precise request, use a different solver, or increase the allowed time by setting OPAMSOLVERTIMEOUT to a bigger value (currently, it is set to 500.0 seconds).
'opam reinstall --with-test --verbose opentelemetry-lwt.0.10' failed.
"/usr/bin/env" "bash" "-c" "opam reinstall --with-test --verbose opentelemetry-lwt.0.10;
        res=$?;
        test "$res" != 31 && exit "$res";
        export OPAMCLI=2.0;
        build_dir=$(opam var prefix)/.opam-switch/build;
        failed=$(ls "$build_dir");
        partial_fails="";
        for pkg in $failed; do
          if opam show -f x-ci-accept-failures: "$pkg" | grep -qF "\"debian-12\""; then
            echo "A package failed and has been disabled for CI using the 'x-ci-accept-failures' field.";
          fi;
          test "$pkg" != 'opentelemetry-lwt.0.10' && partial_fails="$partial_fails $pkg";
        done;
        test "${partial_fails}" != "" && echo "opam-repo-ci detected dependencies failing: ${partial_fails}";
        exit 1" failed with exit status 60
2024-08-13 13:54.08: Job failed: Failed: Build failed
2024-08-13 13:54.08: Log analysis:
2024-08-13 13:54.08: >>> 
[ERROR] Sorry, resolution of the request timed out.
 (score = 20)
2024-08-13 13:54.08: >>> 
[ERROR] Sorry, resolution of the request timed out.
 (score = 20)
2024-08-13 13:54.08: Sorry, resolution of the request timed out.
