2024-08-13 15:16.41: New job: build opentelemetry-client-cohttp-lwt.0.10, using opam 2.1
                              from https://github.com/ocaml/opam-repository.git#refs/pull/26356/head (4e089defbaaf25297f77c6bd0cb00b822d366b10)
                              on debian-12-ocaml-4.14/amd64

To reproduce locally:

cd $(mktemp -d)
git clone --recursive "https://github.com/ocaml/opam-repository.git" && cd "opam-repository" && git fetch origin "refs/pull/26356/head" && git reset --hard 4e089def
git fetch origin master
git merge --no-edit 47c192ba656a7b302c16bde355fbbe34e0dbf937
cat > ../Dockerfile <<'END-OF-DOCKERFILE'
[34mFROM ocaml/opam:debian-12-ocaml-4.14@sha256:a008ccf7183d2063204db93c62cc5660be41f08a2a5b1bf4052cdd3bf1844069
USER 1000:1000
WORKDIR /home/opam
RUN sudo ln -f /usr/bin/opam-2.1 /usr/bin/opam
RUN opam init --reinit -ni
RUN uname -rs && opam exec -- ocaml -version && opam --version
ENV OPAMDOWNLOADJOBS="1"
ENV OPAMERRLOGLEN="0"
ENV OPAMSOLVERTIMEOUT="500"
ENV OPAMPRECISETRACKING="1"
ENV CI="true"
ENV OPAM_REPO_CI="true"
RUN rm -rf opam-repository/
COPY --chown=1000:1000 . opam-repository/
RUN opam repository set-url --strict default opam-repository/
RUN opam update --depexts || true
RUN opam pin add -k version -yn opentelemetry-client-cohttp-lwt.0.10 0.10
RUN opam reinstall opentelemetry-client-cohttp-lwt.0.10; \
    res=$?; \
    test "$res" != 31 && exit "$res"; \
    export OPAMCLI=2.0; \
    build_dir=$(opam var prefix)/.opam-switch/build; \
    failed=$(ls "$build_dir"); \
    partial_fails=""; \
    for pkg in $failed; do \
    if opam show -f x-ci-accept-failures: "$pkg" | grep -qF "\"debian-12\""; then \
    echo "A package failed and has been disabled for CI using the 'x-ci-accept-failures' field."; \
    fi; \
    test "$pkg" != 'opentelemetry-client-cohttp-lwt.0.10' && partial_fails="$partial_fails $pkg"; \
    done; \
    test "${partial_fails}" != "" && echo "opam-repo-ci detected dependencies failing: ${partial_fails}"; \
    exit 1
[0m
END-OF-DOCKERFILE
docker build -f ../Dockerfile .

2024-08-13 15:16.41: Using cache hint "ocaml/opam:debian-12-ocaml-4.14@sha256:a008ccf7183d2063204db93c62cc5660be41f08a2a5b1bf4052cdd3bf1844069-opentelemetry-client-cohttp-lwt.0.10-4e089defbaaf25297f77c6bd0cb00b822d366b10"
2024-08-13 15:16.41: Using OBuilder spec:
((from ocaml/opam:debian-12-ocaml-4.14@sha256:a008ccf7183d2063204db93c62cc5660be41f08a2a5b1bf4052cdd3bf1844069)
 (user (uid 1000) (gid 1000))
 (workdir /home/opam)
 (run (shell "sudo ln -f /usr/bin/opam-2.1 /usr/bin/opam"))
 (run (network host)
      (shell "opam init --reinit --config .opamrc-sandbox -ni"))
 (run (shell "uname -rs && opam exec -- ocaml -version && opam --version"))
 (env OPAMDOWNLOADJOBS 1)
 (env OPAMERRLOGLEN 0)
 (env OPAMSOLVERTIMEOUT 500)
 (env OPAMPRECISETRACKING 1)
 (env CI true)
 (env OPAM_REPO_CI true)
 (run (shell "rm -rf opam-repository/"))
 (copy (src .) (dst opam-repository/))
 (run (shell "opam repository set-url --strict default opam-repository/"))
 (run (network host)
      (shell "opam update --depexts || true"))
 (run (shell "opam pin add -k version -yn opentelemetry-client-cohttp-lwt.0.10 0.10"))
 (run (cache (opam-archives (target /home/opam/.opam/download-cache)))
      (network host)
      (shell  "opam reinstall opentelemetry-client-cohttp-lwt.0.10;\
             \n        res=$?;\
             \n        test \"$res\" != 31 && exit \"$res\";\
             \n        export OPAMCLI=2.0;\
             \n        build_dir=$(opam var prefix)/.opam-switch/build;\
             \n        failed=$(ls \"$build_dir\");\
             \n        partial_fails=\"\";\
             \n        for pkg in $failed; do\
             \n          if opam show -f x-ci-accept-failures: \"$pkg\" | grep -qF \"\\\"debian-12\\\"\"; then\
             \n            echo \"A package failed and has been disabled for CI using the 'x-ci-accept-failures' field.\";\
             \n          fi;\
             \n          test \"$pkg\" != 'opentelemetry-client-cohttp-lwt.0.10' && partial_fails=\"$partial_fails $pkg\";\
             \n        done;\
             \n        test \"${partial_fails}\" != \"\" && echo \"opam-repo-ci detected dependencies failing: ${partial_fails}\";\
             \n        exit 1"))
)

2024-08-13 15:16.41: Waiting for resource in pool OCluster
2024-08-13 15:16.41: Waiting for worker…
2024-08-13 15:16.41: Got resource from pool OCluster
Building on x86-bm-c14.sw.ocaml.org
All commits already cached
Updating files:  88% (28126/31957)Updating files:  89% (28442/31957)Updating files:  90% (28762/31957)Updating files:  91% (29081/31957)Updating files:  92% (29401/31957)Updating files:  93% (29721/31957)Updating files:  94% (30040/31957)Updating files:  95% (30360/31957)Updating files:  96% (30679/31957)Updating files:  97% (30999/31957)Updating files:  98% (31318/31957)Updating files:  99% (31638/31957)Updating files: 100% (31957/31957)Updating files: 100% (31957/31957), done.
HEAD is now at 47c192ba65 Merge pull request #26350 from palainp/release-mirage-qubes-v0.11.0
Updating 47c192ba65..4e089defba
Fast-forward
 .../opentelemetry-client-cohttp-lwt.0.10/opam      | 49 ++++++++++++++++++++
 .../opentelemetry-client-ocurl.0.10/opam           | 47 +++++++++++++++++++
 .../opentelemetry-cohttp-lwt.0.10/opam             | 47 +++++++++++++++++++
 .../opentelemetry-lwt/opentelemetry-lwt.0.10/opam  | 49 ++++++++++++++++++++
 packages/opentelemetry/opentelemetry.0.10/opam     | 54 ++++++++++++++++++++++
 5 files changed, 246 insertions(+)
 create mode 100644 packages/opentelemetry-client-cohttp-lwt/opentelemetry-client-cohttp-lwt.0.10/opam
 create mode 100644 packages/opentelemetry-client-ocurl/opentelemetry-client-ocurl.0.10/opam
 create mode 100644 packages/opentelemetry-cohttp-lwt/opentelemetry-cohttp-lwt.0.10/opam
 create mode 100644 packages/opentelemetry-lwt/opentelemetry-lwt.0.10/opam
 create mode 100644 packages/opentelemetry/opentelemetry.0.10/opam

[01;34m(from ocaml/opam:debian-12-ocaml-4.14@sha256:a008ccf7183d2063204db93c62cc5660be41f08a2a5b1bf4052cdd3bf1844069)[0m
[01;2m[01;35m2024-08-13 15:16.47 ---> using "7dac9dbbf83ea36abe3246faaacde5fbfde5d91209bd897a72fe6625c7e05d0a" from cache[0m

[01;34m/: (user (uid 1000) (gid 1000))[0m

[01;34m/: (workdir /home/opam)[0m

[01;34m/home/opam: (run (shell "sudo ln -f /usr/bin/opam-2.1 /usr/bin/opam"))[0m
[01;2m[01;35m2024-08-13 15:16.47 ---> using "41aace4e2a33f551441217c1da2d77959b76d3e13d7c1b3dd8e4aeb1158607d1" from cache[0m

[01;34m/home/opam: (run (network host)
                 (shell "opam init --reinit --config .opamrc-sandbox -ni"))[0m
Configuring from /home/opam/.opamrc-sandbox, then /home/opam/.opamrc, and finally from built-in defaults.
Checking for available remotes: rsync and local, git.
  - you won't be able to use mercurial repositories unless you install the hg command on your system.
  - you won't be able to use darcs repositories unless you install the darcs command on your system.

This development version of opam requires an update to the layout of /home/opam/.opam from version 2.0 to version 2.1, which can't be reverted.
You may want to back it up before going further.

Continue? [Y/n] y
Format upgrade done.

<><> Updating repositories ><><><><><><><><><><><><><><><><><><><><><><><><><><>
[default] synchronised from file:///home/opam/opam-repository
[01;2m[01;35m2024-08-13 15:16.47 ---> using "88a8a923e842d958e24ccfa379c8d3cb86e772401bfa9d64f06794927b03cf83" from cache[0m

[01;34m/home/opam: (run (shell "uname -rs && opam exec -- ocaml -version && opam --version"))[0m
Linux 5.15.0-116-generic
The OCaml toplevel, version 4.14.2
2.1.6
[01;2m[01;35m2024-08-13 15:16.47 ---> using "035f066d1f61ed77c0c2b62bf02528c939e85b4f2564b0594b725fbd3577298e" from cache[0m

[01;34m/home/opam: (env OPAMDOWNLOADJOBS 1)[0m

[01;34m/home/opam: (env OPAMERRLOGLEN 0)[0m

[01;34m/home/opam: (env OPAMSOLVERTIMEOUT 500)[0m

[01;34m/home/opam: (env OPAMPRECISETRACKING 1)[0m

[01;34m/home/opam: (env CI true)[0m

[01;34m/home/opam: (env OPAM_REPO_CI true)[0m

[01;34m/home/opam: (run (shell "rm -rf opam-repository/"))[0m
[01;2m[01;35m2024-08-13 15:16.47 ---> using "5cbe6a3920dc5c4ace21235af780fc500b4a9dee56ba58d6bae17791f0e097b2" from cache[0m

[01;34m/home/opam: (copy (src .) (dst opam-repository/))[0m
[01;2m[01;35m2024-08-13 15:16.50 ---> using "37b6523716abc7d710a3542a029dd5f804e51105ee13bce103a5fcc700d4f718" from cache[0m

[01;34m/home/opam: (run (shell "opam repository set-url --strict default opam-repository/"))[0m
[default] Initialised
[01;2m[01;35m2024-08-13 15:16.50 ---> using "380cff63c0bf98814cd168dca6a96f761d68ecfb6b7ed1a76aab5424a9575833" from cache[0m

[01;34m/home/opam: (run (network host)
                 (shell "opam update --depexts || true"))[0m
+ /usr/bin/sudo "apt-get" "update"
- Hit:1 http://deb.debian.org/debian bookworm InRelease
- Get:2 http://deb.debian.org/debian bookworm-updates InRelease [55.4 kB]
- Get:3 http://deb.debian.org/debian-security bookworm-security InRelease [48.0 kB]
- Get:4 http://deb.debian.org/debian-security bookworm-security/main amd64 Packages [169 kB]
- Fetched 273 kB in 0s (1018 kB/s)
- Reading package lists...
[01;2m[01;35m2024-08-13 15:16.50 ---> using "e97b71c8981046819764746d42737fa7ed4c2e07d54c2dfe3ecb416956acd1d0" from cache[0m

[01;34m/home/opam: (run (shell "opam pin add -k version -yn opentelemetry-client-cohttp-lwt.0.10 0.10"))[0m
opentelemetry-client-cohttp-lwt is now pinned to version 0.10
[01;2m[01;35m2024-08-13 15:16.50 ---> using "92bc418fc7498b9d4a5ffb2f01a95460884bbba383ff6cf346caf58350050595" from cache[0m

[01;34m/home/opam: (run (cache (opam-archives (target /home/opam/.opam/download-cache)))
                 (network host)
                 (shell  "opam reinstall opentelemetry-client-cohttp-lwt.0.10;\
                        \n        res=$?;\
                        \n        test \"$res\" != 31 && exit \"$res\";\
                        \n        export OPAMCLI=2.0;\
                        \n        build_dir=$(opam var prefix)/.opam-switch/build;\
                        \n        failed=$(ls \"$build_dir\");\
                        \n        partial_fails=\"\";\
                        \n        for pkg in $failed; do\
                        \n          if opam show -f x-ci-accept-failures: \"$pkg\" | grep -qF \"\\\"debian-12\\\"\"; then\
                        \n            echo \"A package failed and has been disabled for CI using the 'x-ci-accept-failures' field.\";\
                        \n          fi;\
                        \n          test \"$pkg\" != 'opentelemetry-client-cohttp-lwt.0.10' && partial_fails=\"$partial_fails $pkg\";\
                        \n        done;\
                        \n        test \"${partial_fails}\" != \"\" && echo \"opam-repo-ci detected dependencies failing: ${partial_fails}\";\
                        \n        exit 1"))[0m
opentelemetry-client-cohttp-lwt.0.10 is not installed. Install it? [Y/n] y
[ERROR] Sorry, resolution of the request timed out.
        Try to specify a more precise request, use a different solver, or increase the allowed time by setting OPAMSOLVERTIMEOUT to a bigger value (currently, it is set to 500.0 seconds).
"/usr/bin/env" "bash" "-c" "opam reinstall opentelemetry-client-cohttp-lwt.0.10;
        res=$?;
        test "$res" != 31 && exit "$res";
        export OPAMCLI=2.0;
        build_dir=$(opam var prefix)/.opam-switch/build;
        failed=$(ls "$build_dir");
        partial_fails="";
        for pkg in $failed; do
          if opam show -f x-ci-accept-failures: "$pkg" | grep -qF "\"debian-12\""; then
            echo "A package failed and has been disabled for CI using the 'x-ci-accept-failures' field.";
          fi;
          test "$pkg" != 'opentelemetry-client-cohttp-lwt.0.10' && partial_fails="$partial_fails $pkg";
        done;
        test "${partial_fails}" != "" && echo "opam-repo-ci detected dependencies failing: ${partial_fails}";
        exit 1" failed with exit status 60
2024-08-13 15:25.50: Job failed: Failed: Build failed
2024-08-13 15:25.50: Log analysis:
2024-08-13 15:25.50: >>> 
[ERROR] Sorry, resolution of the request timed out.
 (score = 20)
2024-08-13 15:25.50: Sorry, resolution of the request timed out.
