2024-08-13 15:16.39: New job: test opentelemetry-lwt.0.10, using opam dev
                              from https://github.com/ocaml/opam-repository.git#refs/pull/26356/head (4e089defbaaf25297f77c6bd0cb00b822d366b10)
                              on archlinux-ocaml-4.14/amd64

To reproduce locally:

cd $(mktemp -d)
git clone --recursive "https://github.com/ocaml/opam-repository.git" && cd "opam-repository" && git fetch origin "refs/pull/26356/head" && git reset --hard 4e089def
git fetch origin master
git merge --no-edit 47c192ba656a7b302c16bde355fbbe34e0dbf937
cat > ../Dockerfile <<'END-OF-DOCKERFILE'
[34mFROM ocaml/opam:archlinux-ocaml-4.14@sha256:897e10ff235472e2c2cf097f4434cba97c981ac4b52de88d982ec042238717c3
USER 1000:1000
WORKDIR /home/opam
RUN sudo ln -f /usr/bin/opam-dev /usr/bin/opam
RUN opam init --reinit -ni
RUN uname -rs && opam exec -- ocaml -version && opam --version
ENV OPAMDOWNLOADJOBS="1"
ENV OPAMERRLOGLEN="0"
ENV OPAMSOLVERTIMEOUT="500"
ENV OPAMPRECISETRACKING="1"
ENV CI="true"
ENV OPAM_REPO_CI="true"
RUN rm -rf opam-repository/
COPY --chown=1000:1000 . opam-repository/
RUN opam repository set-url --strict default opam-repository/
RUN opam update --depexts || true
RUN opam pin add -k version -yn opentelemetry-lwt.0.10 0.10
RUN opam reinstall opentelemetry-lwt.0.10; \
    res=$?; \
    test "$res" != 31 && exit "$res"; \
    export OPAMCLI=2.0; \
    build_dir=$(opam var prefix)/.opam-switch/build; \
    failed=$(ls "$build_dir"); \
    partial_fails=""; \
    for pkg in $failed; do \
    if opam show -f x-ci-accept-failures: "$pkg" | grep -qF "\"archlinux\""; then \
    echo "A package failed and has been disabled for CI using the 'x-ci-accept-failures' field."; \
    fi; \
    test "$pkg" != 'opentelemetry-lwt.0.10' && partial_fails="$partial_fails $pkg"; \
    done; \
    test "${partial_fails}" != "" && echo "opam-repo-ci detected dependencies failing: ${partial_fails}"; \
    exit 1
RUN (opam reinstall --with-test opentelemetry-lwt.0.10) || true
RUN opam reinstall --with-test --verbose opentelemetry-lwt.0.10; \
    res=$?; \
    test "$res" != 31 && exit "$res"; \
    export OPAMCLI=2.0; \
    build_dir=$(opam var prefix)/.opam-switch/build; \
    failed=$(ls "$build_dir"); \
    partial_fails=""; \
    for pkg in $failed; do \
    if opam show -f x-ci-accept-failures: "$pkg" | grep -qF "\"archlinux\""; then \
    echo "A package failed and has been disabled for CI using the 'x-ci-accept-failures' field."; \
    fi; \
    test "$pkg" != 'opentelemetry-lwt.0.10' && partial_fails="$partial_fails $pkg"; \
    done; \
    test "${partial_fails}" != "" && echo "opam-repo-ci detected dependencies failing: ${partial_fails}"; \
    exit 1
[0m
END-OF-DOCKERFILE
docker build -f ../Dockerfile .

2024-08-13 15:16.39: Using cache hint "ocaml/opam:archlinux-ocaml-4.14@sha256:897e10ff235472e2c2cf097f4434cba97c981ac4b52de88d982ec042238717c3-opentelemetry-lwt.0.10-4e089defbaaf25297f77c6bd0cb00b822d366b10"
2024-08-13 15:16.39: Using OBuilder spec:
((from ocaml/opam:archlinux-ocaml-4.14@sha256:897e10ff235472e2c2cf097f4434cba97c981ac4b52de88d982ec042238717c3)
 (user (uid 1000) (gid 1000))
 (workdir /home/opam)
 (run (shell "sudo ln -f /usr/bin/opam-dev /usr/bin/opam"))
 (run (network host)
      (shell "opam init --reinit --config .opamrc-sandbox -ni"))
 (run (shell "uname -rs && opam exec -- ocaml -version && opam --version"))
 (env OPAMDOWNLOADJOBS 1)
 (env OPAMERRLOGLEN 0)
 (env OPAMSOLVERTIMEOUT 500)
 (env OPAMPRECISETRACKING 1)
 (env CI true)
 (env OPAM_REPO_CI true)
 (run (shell "rm -rf opam-repository/"))
 (copy (src .) (dst opam-repository/))
 (run (shell "opam repository set-url --strict default opam-repository/"))
 (run (network host)
      (shell "opam update --depexts || true"))
 (run (shell "opam pin add -k version -yn opentelemetry-lwt.0.10 0.10"))
 (run (cache (opam-archives (target /home/opam/.opam/download-cache)))
      (network host)
      (shell  "opam reinstall opentelemetry-lwt.0.10;\
             \n        res=$?;\
             \n        test \"$res\" != 31 && exit \"$res\";\
             \n        export OPAMCLI=2.0;\
             \n        build_dir=$(opam var prefix)/.opam-switch/build;\
             \n        failed=$(ls \"$build_dir\");\
             \n        partial_fails=\"\";\
             \n        for pkg in $failed; do\
             \n          if opam show -f x-ci-accept-failures: \"$pkg\" | grep -qF \"\\\"archlinux\\\"\"; then\
             \n            echo \"A package failed and has been disabled for CI using the 'x-ci-accept-failures' field.\";\
             \n          fi;\
             \n          test \"$pkg\" != 'opentelemetry-lwt.0.10' && partial_fails=\"$partial_fails $pkg\";\
             \n        done;\
             \n        test \"${partial_fails}\" != \"\" && echo \"opam-repo-ci detected dependencies failing: ${partial_fails}\";\
             \n        exit 1"))
 (run (network host)
      (shell "(opam reinstall --with-test opentelemetry-lwt.0.10) || true"))
 (run (shell  "opam reinstall --with-test --verbose opentelemetry-lwt.0.10;\
             \n        res=$?;\
             \n        test \"$res\" != 31 && exit \"$res\";\
             \n        export OPAMCLI=2.0;\
             \n        build_dir=$(opam var prefix)/.opam-switch/build;\
             \n        failed=$(ls \"$build_dir\");\
             \n        partial_fails=\"\";\
             \n        for pkg in $failed; do\
             \n          if opam show -f x-ci-accept-failures: \"$pkg\" | grep -qF \"\\\"archlinux\\\"\"; then\
             \n            echo \"A package failed and has been disabled for CI using the 'x-ci-accept-failures' field.\";\
             \n          fi;\
             \n          test \"$pkg\" != 'opentelemetry-lwt.0.10' && partial_fails=\"$partial_fails $pkg\";\
             \n        done;\
             \n        test \"${partial_fails}\" != \"\" && echo \"opam-repo-ci detected dependencies failing: ${partial_fails}\";\
             \n        exit 1"))
)

2024-08-13 15:16.39: Waiting for resource in pool OCluster
2024-08-13 15:16.39: Waiting for worker…
2024-08-13 15:16.39: Got resource from pool OCluster
Building on x86-bm-c19.sw.ocaml.org
All commits already cached
Updating files:  98% (31447/31957)Updating files:  99% (31638/31957)Updating files: 100% (31957/31957)Updating files: 100% (31957/31957), done.
HEAD is now at 47c192ba65 Merge pull request #26350 from palainp/release-mirage-qubes-v0.11.0
Updating 47c192ba65..4e089defba
Fast-forward
 .../opentelemetry-client-cohttp-lwt.0.10/opam      | 49 ++++++++++++++++++++
 .../opentelemetry-client-ocurl.0.10/opam           | 47 +++++++++++++++++++
 .../opentelemetry-cohttp-lwt.0.10/opam             | 47 +++++++++++++++++++
 .../opentelemetry-lwt/opentelemetry-lwt.0.10/opam  | 49 ++++++++++++++++++++
 packages/opentelemetry/opentelemetry.0.10/opam     | 54 ++++++++++++++++++++++
 5 files changed, 246 insertions(+)
 create mode 100644 packages/opentelemetry-client-cohttp-lwt/opentelemetry-client-cohttp-lwt.0.10/opam
 create mode 100644 packages/opentelemetry-client-ocurl/opentelemetry-client-ocurl.0.10/opam
 create mode 100644 packages/opentelemetry-cohttp-lwt/opentelemetry-cohttp-lwt.0.10/opam
 create mode 100644 packages/opentelemetry-lwt/opentelemetry-lwt.0.10/opam
 create mode 100644 packages/opentelemetry/opentelemetry.0.10/opam

[01;34m(from ocaml/opam:archlinux-ocaml-4.14@sha256:897e10ff235472e2c2cf097f4434cba97c981ac4b52de88d982ec042238717c3)[0m
[01;2m[01;35m2024-08-13 15:16.42 ---> using "d4321f2e0f0c5d55f10f898361a662f2b8417770ca3802e743b1722ccff8e7de" from cache[0m

[01;34m/: (user (uid 1000) (gid 1000))[0m

[01;34m/: (workdir /home/opam)[0m

[01;34m/home/opam: (run (shell "sudo ln -f /usr/bin/opam-dev /usr/bin/opam"))[0m
[01;2m[01;35m2024-08-13 15:16.42 ---> using "cc2251bda989e984418c584251e979a379b08ff97c7c8f7a5a4240efd646cca2" from cache[0m

[01;34m/home/opam: (run (network host)
                 (shell "opam init --reinit --config .opamrc-sandbox -ni"))[0m
Configuring from /home/opam/.opamrc-sandbox, then /home/opam/.opamrc, and finally from built-in defaults.
Checking for available remotes: rsync and local, git.
  - you won't be able to use mercurial repositories unless you install the hg command on your system.
  - you won't be able to use darcs repositories unless you install the darcs command on your system.

This development version of opam requires an update to the layout of /home/opam/.opam from version 2.0 to version 2.2, which can't be reverted.
You may want to back it up before going further.

Continue? [y/n] y
Format upgrade done.

<><> Updating repositories ><><><><><><><><><><><><><><><><><><><><><><><><><><>
[default] synchronised from file:///home/opam/opam-repository
[01;2m[01;35m2024-08-13 15:16.42 ---> using "4c893c8e2e753cc7d89ba94625322d24b9688e5b8961083879524a6fdb19320d" from cache[0m

[01;34m/home/opam: (run (shell "uname -rs && opam exec -- ocaml -version && opam --version"))[0m
Linux 5.15.0-116-generic
The OCaml toplevel, version 4.14.2
2.3.0~alpha~dev
[01;2m[01;35m2024-08-13 15:16.42 ---> using "0395ceb8a3a82260fbeeaa22137b2e8d7f98d97dbbff3129bba73e3e4e9c9744" from cache[0m

[01;34m/home/opam: (env OPAMDOWNLOADJOBS 1)[0m

[01;34m/home/opam: (env OPAMERRLOGLEN 0)[0m

[01;34m/home/opam: (env OPAMSOLVERTIMEOUT 500)[0m

[01;34m/home/opam: (env OPAMPRECISETRACKING 1)[0m

[01;34m/home/opam: (env CI true)[0m

[01;34m/home/opam: (env OPAM_REPO_CI true)[0m

[01;34m/home/opam: (run (shell "rm -rf opam-repository/"))[0m
[01;2m[01;35m2024-08-13 15:16.42 ---> using "f0d3b425e77b5849a523b7ff148508d05b3abede1d6280a7056c3cd065670fb7" from cache[0m

[01;34m/home/opam: (copy (src .) (dst opam-repository/))[0m
[01;2m[01;35m2024-08-13 15:16.43 ---> using "1bb4e4c52d9af40b6c064dd07111e905b645bb27503b6a25803b80cfce08c68f" from cache[0m

[01;34m/home/opam: (run (shell "opam repository set-url --strict default opam-repository/"))[0m
[default] Initialised
[01;2m[01;35m2024-08-13 15:16.43 ---> using "3418459854bc8f574718c3b6a8cd53c52ce40dd7479839d207767bc607ed9dd5" from cache[0m

[01;34m/home/opam: (run (network host)
                 (shell "opam update --depexts || true"))[0m
+ /usr/sbin/sudo "pacman" "-Sy"
- :: Synchronizing package databases...
-  core downloading...
-  extra downloading...
[01;2m[01;35m2024-08-13 15:16.43 ---> using "f1a47838da41a73cfb040d7b1eaf09141aedea48e040afeb80a7344ccc148d88" from cache[0m

[01;34m/home/opam: (run (shell "opam pin add -k version -yn opentelemetry-lwt.0.10 0.10"))[0m
opentelemetry-lwt is now pinned to version 0.10
[01;2m[01;35m2024-08-13 15:16.43 ---> using "a0b5a8335aa431565ea1e16e6b617962090bb0b36234b3714d85132512467779" from cache[0m

[01;34m/home/opam: (run (cache (opam-archives (target /home/opam/.opam/download-cache)))
                 (network host)
                 (shell  "opam reinstall opentelemetry-lwt.0.10;\
                        \n        res=$?;\
                        \n        test \"$res\" != 31 && exit \"$res\";\
                        \n        export OPAMCLI=2.0;\
                        \n        build_dir=$(opam var prefix)/.opam-switch/build;\
                        \n        failed=$(ls \"$build_dir\");\
                        \n        partial_fails=\"\";\
                        \n        for pkg in $failed; do\
                        \n          if opam show -f x-ci-accept-failures: \"$pkg\" | grep -qF \"\\\"archlinux\\\"\"; then\
                        \n            echo \"A package failed and has been disabled for CI using the 'x-ci-accept-failures' field.\";\
                        \n          fi;\
                        \n          test \"$pkg\" != 'opentelemetry-lwt.0.10' && partial_fails=\"$partial_fails $pkg\";\
                        \n        done;\
                        \n        test \"${partial_fails}\" != \"\" && echo \"opam-repo-ci detected dependencies failing: ${partial_fails}\";\
                        \n        exit 1"))[0m
opentelemetry-lwt.0.10 is not installed. Install it? [y/n] y
The following actions will be performed:
=== install 22 packages
  ∗ ambient-context     0.1.0         [required by opentelemetry-lwt]
  ∗ base-bytes          base          [required by ocplib-endian]
  ∗ cppo                1.6.9         [required by lwt]
  ∗ csexp               1.5.2         [required by dune-configurator]
  ∗ dune                3.16.0        [required by opentelemetry-lwt]
  ∗ dune-configurator   3.16.0        [required by lwt]
  ∗ hmap                0.8.1         [required by ambient-context, opentelemetry]
  ∗ lwt                 5.7.0         [required by opentelemetry-lwt]
  ∗ lwt_ppx             2.1.0         [required by opentelemetry-lwt]
  ∗ ocaml-compiler-libs v0.12.4       [required by ppxlib]
  ∗ ocamlbuild          0.15.0        [required by hmap, ptime]
  ∗ ocamlfind           1.9.6         [required by hmap, ptime]
  ∗ ocplib-endian       1.2           [required by lwt]
  ∗ opentelemetry       0.10          [required by opentelemetry-lwt]
  ∗ opentelemetry-lwt   0.10 (pinned)
  ∗ pbrt                3.1.1         [required by opentelemetry]
  ∗ ppx_derivers        1.2.1         [required by ppxlib]
  ∗ ppxlib              0.33.0        [required by lwt_ppx]
  ∗ ptime               1.1.0         [required by opentelemetry]
  ∗ sexplib0            v0.17.0       [required by ppxlib]
  ∗ stdlib-shims        0.3.0         [required by ppxlib, pbrt]
  ∗ topkg               1.0.7         [required by hmap, ptime]

<><> Processing actions <><><><><><><><><><><><><><><><><><><><><><><><><><><><>
⬇ retrieved ambient-context.0.1.0  (cached)
⬇ retrieved cppo.1.6.9  (cached)
⬇ retrieved csexp.1.5.2  (cached)
⬇ retrieved dune.3.16.0, dune-configurator.3.16.0  (cached)
⬇ retrieved hmap.0.8.1  (cached)
⬇ retrieved lwt.5.7.0  (cached)
⬇ retrieved lwt_ppx.2.1.0  (cached)
⬇ retrieved ocaml-compiler-libs.v0.12.4  (cached)
⬇ retrieved ocamlbuild.0.15.0  (cached)
⬇ retrieved ocamlfind.1.9.6  (cached)
⬇ retrieved ocplib-endian.1.2  (cached)
⬇ retrieved opentelemetry.0.10, opentelemetry-lwt.0.10  (cached)
⬇ retrieved pbrt.3.1.1  (cached)
⬇ retrieved ppx_derivers.1.2.1  (cached)
⬇ retrieved ppxlib.0.33.0  (cached)
⬇ retrieved ptime.1.1.0  (cached)
⬇ retrieved sexplib0.v0.17.0  (cached)
⬇ retrieved stdlib-shims.0.3.0  (cached)
⬇ retrieved topkg.1.0.7  (cached)
∗ installed ocamlfind.1.9.6
∗ installed base-bytes.base
∗ installed ocamlbuild.0.15.0
∗ installed topkg.1.0.7
∗ installed hmap.0.8.1
∗ installed ptime.1.1.0
∗ installed dune.3.16.0
∗ installed ppx_derivers.1.2.1
∗ installed csexp.1.5.2
∗ installed ambient-context.0.1.0
∗ installed ocaml-compiler-libs.v0.12.4
∗ installed sexplib0.v0.17.0
∗ installed cppo.1.6.9
∗ installed stdlib-shims.0.3.0
∗ installed ocplib-endian.1.2
∗ installed pbrt.3.1.1
∗ installed dune-configurator.3.16.0
∗ installed opentelemetry.0.10
∗ installed lwt.5.7.0
∗ installed ppxlib.0.33.0
∗ installed lwt_ppx.2.1.0
∗ installed opentelemetry-lwt.0.10
Done.
# Run eval $(opam env) to update the current shell environment
[01;2m[01;35m2024-08-13 15:16.43 ---> using "8e4ecd9b1b0900662b4e5b0e7d2280c5b9626c9c05b60bff62c6037d78d124a4" from cache[0m

[01;34m/home/opam: (run (network host)
                 (shell "(opam reinstall --with-test opentelemetry-lwt.0.10) || true"))[0m
[ERROR] Sorry, resolution of the request timed out.
        Try to specify a more precise request, use a different solver, or increase the allowed time by setting OPAMSOLVERTIMEOUT to a bigger value (currently, it is set to 500.0 seconds).
[01;2m[01;35m2024-08-13 15:16.43 ---> using "d5bf47412fdc75657fbe6230b69e6233656b886c9dba827a889045d77e3875d5" from cache[0m

[01;34m/home/opam: (run (shell  "opam reinstall --with-test --verbose opentelemetry-lwt.0.10;\
                        \n        res=$?;\
                        \n        test \"$res\" != 31 && exit \"$res\";\
                        \n        export OPAMCLI=2.0;\
                        \n        build_dir=$(opam var prefix)/.opam-switch/build;\
                        \n        failed=$(ls \"$build_dir\");\
                        \n        partial_fails=\"\";\
                        \n        for pkg in $failed; do\
                        \n          if opam show -f x-ci-accept-failures: \"$pkg\" | grep -qF \"\\\"archlinux\\\"\"; then\
                        \n            echo \"A package failed and has been disabled for CI using the 'x-ci-accept-failures' field.\";\
                        \n          fi;\
                        \n          test \"$pkg\" != 'opentelemetry-lwt.0.10' && partial_fails=\"$partial_fails $pkg\";\
                        \n        done;\
                        \n        test \"${partial_fails}\" != \"\" && echo \"opam-repo-ci detected dependencies failing: ${partial_fails}\";\
                        \n        exit 1"))[0m
[ERROR] Sorry, resolution of the request timed out.
        Try to specify a more precise request, use a different solver, or increase the allowed time by setting OPAMSOLVERTIMEOUT to a bigger value (currently, it is set to 500.0 seconds).
'opam reinstall --with-test --verbose opentelemetry-lwt.0.10' failed.
"/usr/bin/env" "bash" "-c" "opam reinstall --with-test --verbose opentelemetry-lwt.0.10;
        res=$?;
        test "$res" != 31 && exit "$res";
        export OPAMCLI=2.0;
        build_dir=$(opam var prefix)/.opam-switch/build;
        failed=$(ls "$build_dir");
        partial_fails="";
        for pkg in $failed; do
          if opam show -f x-ci-accept-failures: "$pkg" | grep -qF "\"archlinux\""; then
            echo "A package failed and has been disabled for CI using the 'x-ci-accept-failures' field.";
          fi;
          test "$pkg" != 'opentelemetry-lwt.0.10' && partial_fails="$partial_fails $pkg";
        done;
        test "${partial_fails}" != "" && echo "opam-repo-ci detected dependencies failing: ${partial_fails}";
        exit 1" failed with exit status 60
2024-08-13 15:25.42: Job failed: Failed: Build failed
2024-08-13 15:25.42: Log analysis:
2024-08-13 15:25.42: >>> 
[ERROR] Sorry, resolution of the request timed out.
 (score = 20)
2024-08-13 15:25.42: >>> 
[ERROR] Sorry, resolution of the request timed out.
 (score = 20)
2024-08-13 15:25.42: Sorry, resolution of the request timed out.
