2024-07-12 08:49.14: New job: test js_of_ocaml-toplevel.5.8.1 with num.1.5-1, using opam dev
                              from https://github.com/ocaml/opam-repository.git#refs/pull/26178/head (545557a0078aa899c3c9081c5f58a256ddfc2249)
                              on debian-12-ocaml-4.14/amd64

To reproduce locally:

cd $(mktemp -d)
git clone --recursive "https://github.com/ocaml/opam-repository.git" && cd "opam-repository" && git fetch origin "refs/pull/26178/head" && git reset --hard 545557a0
git fetch origin master
git merge --no-edit 04cef9a869bd1fec0090edd2cbb25bb6aaed8c6d
cat > ../Dockerfile <<'END-OF-DOCKERFILE'
[34mFROM ocaml/opam:debian-12-ocaml-4.14@sha256:6861d2cea2df02e6467c0d6cf723eb199c902ae60e8e96b88bdfafcfab7b3a2f
USER 1000:1000
WORKDIR /home/opam
RUN sudo ln -f /usr/bin/opam-dev /usr/bin/opam
RUN opam init --reinit -ni
RUN uname -rs && opam exec -- ocaml -version && opam --version
ENV OPAMDOWNLOADJOBS="1"
ENV OPAMERRLOGLEN="0"
ENV OPAMSOLVERTIMEOUT="500"
ENV OPAMPRECISETRACKING="1"
ENV CI="true"
ENV OPAM_REPO_CI="true"
RUN rm -rf opam-repository/
COPY --chown=1000:1000 . opam-repository/
RUN opam repository set-url --strict default opam-repository/
RUN opam update --depexts || true
RUN opam pin add -k version -yn num.1.5-1 1.5-1
RUN opam reinstall num.1.5-1; \
    res=$?; \
    test "$res" != 31 && exit "$res"; \
    export OPAMCLI=2.0; \
    build_dir=$(opam var prefix)/.opam-switch/build; \
    failed=$(ls "$build_dir"); \
    partial_fails=""; \
    for pkg in $failed; do \
    if opam show -f x-ci-accept-failures: "$pkg" | grep -qF "\"debian-12\""; then \
    echo "A package failed and has been disabled for CI using the 'x-ci-accept-failures' field."; \
    fi; \
    test "$pkg" != 'num.1.5-1' && partial_fails="$partial_fails $pkg"; \
    done; \
    test "${partial_fails}" != "" && echo "opam-repo-ci detected dependencies failing: ${partial_fails}"; \
    exit 1
RUN opam reinstall js_of_ocaml-toplevel.5.8.1; \
    res=$?; \
    test "$res" != 31 && exit "$res"; \
    export OPAMCLI=2.0; \
    build_dir=$(opam var prefix)/.opam-switch/build; \
    failed=$(ls "$build_dir"); \
    partial_fails=""; \
    for pkg in $failed; do \
    if opam show -f x-ci-accept-failures: "$pkg" | grep -qF "\"debian-12\""; then \
    echo "A package failed and has been disabled for CI using the 'x-ci-accept-failures' field."; \
    fi; \
    test "$pkg" != 'js_of_ocaml-toplevel.5.8.1' && partial_fails="$partial_fails $pkg"; \
    done; \
    test "${partial_fails}" != "" && echo "opam-repo-ci detected dependencies failing: ${partial_fails}"; \
    exit 1
RUN (opam reinstall --with-test js_of_ocaml-toplevel.5.8.1) || true
RUN opam reinstall --with-test --verbose js_of_ocaml-toplevel.5.8.1; \
    res=$?; \
    test "$res" != 31 && exit "$res"; \
    export OPAMCLI=2.0; \
    build_dir=$(opam var prefix)/.opam-switch/build; \
    failed=$(ls "$build_dir"); \
    partial_fails=""; \
    for pkg in $failed; do \
    if opam show -f x-ci-accept-failures: "$pkg" | grep -qF "\"debian-12\""; then \
    echo "A package failed and has been disabled for CI using the 'x-ci-accept-failures' field."; \
    fi; \
    test "$pkg" != 'js_of_ocaml-toplevel.5.8.1' && partial_fails="$partial_fails $pkg"; \
    done; \
    test "${partial_fails}" != "" && echo "opam-repo-ci detected dependencies failing: ${partial_fails}"; \
    exit 1
[0m
END-OF-DOCKERFILE
docker build -f ../Dockerfile .

2024-07-12 08:49.14: Using cache hint "ocaml/opam:debian-12-ocaml-4.14@sha256:6861d2cea2df02e6467c0d6cf723eb199c902ae60e8e96b88bdfafcfab7b3a2f-num.1.5-1-js_of_ocaml-toplevel.5.8.1-545557a0078aa899c3c9081c5f58a256ddfc2249"
2024-07-12 08:49.14: Using OBuilder spec:
((from ocaml/opam:debian-12-ocaml-4.14@sha256:6861d2cea2df02e6467c0d6cf723eb199c902ae60e8e96b88bdfafcfab7b3a2f)
 (user (uid 1000) (gid 1000))
 (workdir /home/opam)
 (run (shell "sudo ln -f /usr/bin/opam-dev /usr/bin/opam"))
 (run (network host)
      (shell "opam init --reinit --config .opamrc-sandbox -ni"))
 (run (shell "uname -rs && opam exec -- ocaml -version && opam --version"))
 (env OPAMDOWNLOADJOBS 1)
 (env OPAMERRLOGLEN 0)
 (env OPAMSOLVERTIMEOUT 500)
 (env OPAMPRECISETRACKING 1)
 (env CI true)
 (env OPAM_REPO_CI true)
 (run (shell "rm -rf opam-repository/"))
 (copy (src .) (dst opam-repository/))
 (run (shell "opam repository set-url --strict default opam-repository/"))
 (run (network host)
      (shell "opam update --depexts || true"))
 (run (shell "opam pin add -k version -yn num.1.5-1 1.5-1"))
 (run (cache (opam-archives (target /home/opam/.opam/download-cache)))
      (network host)
      (shell  "opam reinstall num.1.5-1;\
             \n        res=$?;\
             \n        test \"$res\" != 31 && exit \"$res\";\
             \n        export OPAMCLI=2.0;\
             \n        build_dir=$(opam var prefix)/.opam-switch/build;\
             \n        failed=$(ls \"$build_dir\");\
             \n        partial_fails=\"\";\
             \n        for pkg in $failed; do\
             \n          if opam show -f x-ci-accept-failures: \"$pkg\" | grep -qF \"\\\"debian-12\\\"\"; then\
             \n            echo \"A package failed and has been disabled for CI using the 'x-ci-accept-failures' field.\";\
             \n          fi;\
             \n          test \"$pkg\" != 'num.1.5-1' && partial_fails=\"$partial_fails $pkg\";\
             \n        done;\
             \n        test \"${partial_fails}\" != \"\" && echo \"opam-repo-ci detected dependencies failing: ${partial_fails}\";\
             \n        exit 1"))
 (run (cache (opam-archives (target /home/opam/.opam/download-cache)))
      (network host)
      (shell  "opam reinstall js_of_ocaml-toplevel.5.8.1;\
             \n        res=$?;\
             \n        test \"$res\" != 31 && exit \"$res\";\
             \n        export OPAMCLI=2.0;\
             \n        build_dir=$(opam var prefix)/.opam-switch/build;\
             \n        failed=$(ls \"$build_dir\");\
             \n        partial_fails=\"\";\
             \n        for pkg in $failed; do\
             \n          if opam show -f x-ci-accept-failures: \"$pkg\" | grep -qF \"\\\"debian-12\\\"\"; then\
             \n            echo \"A package failed and has been disabled for CI using the 'x-ci-accept-failures' field.\";\
             \n          fi;\
             \n          test \"$pkg\" != 'js_of_ocaml-toplevel.5.8.1' && partial_fails=\"$partial_fails $pkg\";\
             \n        done;\
             \n        test \"${partial_fails}\" != \"\" && echo \"opam-repo-ci detected dependencies failing: ${partial_fails}\";\
             \n        exit 1"))
 (run (network host)
      (shell "(opam reinstall --with-test js_of_ocaml-toplevel.5.8.1) || true"))
 (run (shell  "opam reinstall --with-test --verbose js_of_ocaml-toplevel.5.8.1;\
             \n        res=$?;\
             \n        test \"$res\" != 31 && exit \"$res\";\
             \n        export OPAMCLI=2.0;\
             \n        build_dir=$(opam var prefix)/.opam-switch/build;\
             \n        failed=$(ls \"$build_dir\");\
             \n        partial_fails=\"\";\
             \n        for pkg in $failed; do\
             \n          if opam show -f x-ci-accept-failures: \"$pkg\" | grep -qF \"\\\"debian-12\\\"\"; then\
             \n            echo \"A package failed and has been disabled for CI using the 'x-ci-accept-failures' field.\";\
             \n          fi;\
             \n          test \"$pkg\" != 'js_of_ocaml-toplevel.5.8.1' && partial_fails=\"$partial_fails $pkg\";\
             \n        done;\
             \n        test \"${partial_fails}\" != \"\" && echo \"opam-repo-ci detected dependencies failing: ${partial_fails}\";\
             \n        exit 1"))
)

2024-07-12 08:49.14: Waiting for resource in pool OCluster
2024-07-12 11:26.18: Waiting for worker…
2024-07-12 11:30.13: Got resource from pool OCluster
Building on x86-bm-c8.sw.ocaml.org
All commits already cached
Updating files:  88% (28062/31824)Updating files:  89% (28324/31824)Updating files:  90% (28642/31824)Updating files:  91% (28960/31824)Updating files:  92% (29279/31824)Updating files:  93% (29597/31824)Updating files:  94% (29915/31824)Updating files:  95% (30233/31824)Updating files:  96% (30552/31824)Updating files:  97% (30870/31824)Updating files:  98% (31188/31824)Updating files:  99% (31506/31824)Updating files: 100% (31824/31824)Updating files: 100% (31824/31824), done.
HEAD is now at 04cef9a869 Merge pull request #26223 from bobot/release-flint-0.4.0
Merge made by the 'ort' strategy.
 packages/num/num.1.5-1/opam | 35 +++++++++++++++++++++++++++++++++++
 1 file changed, 35 insertions(+)
 create mode 100644 packages/num/num.1.5-1/opam

[01;34m(from ocaml/opam:debian-12-ocaml-4.14@sha256:6861d2cea2df02e6467c0d6cf723eb199c902ae60e8e96b88bdfafcfab7b3a2f)[0m
Unable to find image 'ocaml/opam:debian-12-ocaml-4.14@sha256:6861d2cea2df02e6467c0d6cf723eb199c902ae60e8e96b88bdfafcfab7b3a2f' locally
docker.io/ocaml/opam@sha256:6861d2cea2df02e6467c0d6cf723eb199c902ae60e8e96b88bdfafcfab7b3a2f: Pulling from ocaml/opam
Digest: sha256:6861d2cea2df02e6467c0d6cf723eb199c902ae60e8e96b88bdfafcfab7b3a2f
Status: Downloaded newer image for ocaml/opam@sha256:6861d2cea2df02e6467c0d6cf723eb199c902ae60e8e96b88bdfafcfab7b3a2f
[01;2m[01;35m2024-07-12 11:30.16 ---> using "4a2062430b518b8cfbc5c574841529a30ba3d6de7679379ca94f79d85d164cd8" from cache[0m

[01;34m/: (user (uid 1000) (gid 1000))[0m

[01;34m/: (workdir /home/opam)[0m

[01;34m/home/opam: (run (shell "sudo ln -f /usr/bin/opam-dev /usr/bin/opam"))[0m
[01;2m[01;35m2024-07-12 11:30.16 ---> using "29b5d9aad4a768fb168dfa107102cb95821b2f365d548b85be5aef5132cd245d" from cache[0m

[01;34m/home/opam: (run (network host)
                 (shell "opam init --reinit --config .opamrc-sandbox -ni"))[0m
Configuring from /home/opam/.opamrc-sandbox, then /home/opam/.opamrc, and finally from built-in defaults.
Checking for available remotes: rsync and local, git.
  - you won't be able to use mercurial repositories unless you install the hg command on your system.
  - you won't be able to use darcs repositories unless you install the darcs command on your system.

This development version of opam requires an update to the layout of /home/opam/.opam from version 2.0 to version 2.2, which can't be reverted.
You may want to back it up before going further.

Continue? [y/n] y
[NOTE] The 'jobs' option was reset, its value was 39 and its new value will vary according to the current number of cores on your machine. You can restore the fixed value using:
           opam option jobs=39 --global
Format upgrade done.

<><> Updating repositories ><><><><><><><><><><><><><><><><><><><><><><><><><><>
[default] synchronised from file:///home/opam/opam-repository
[01;2m[01;35m2024-07-12 11:30.16 ---> using "0706a875292ea922359d31104426c52cf1ec62952c22af91ca77ba12165daa47" from cache[0m

[01;34m/home/opam: (run (shell "uname -rs && opam exec -- ocaml -version && opam --version"))[0m
Linux 5.15.0-113-generic
The OCaml toplevel, version 4.14.2
2.3.0~alpha~dev
[01;2m[01;35m2024-07-12 11:30.16 ---> using "56af074fae77a51329f811b5bfb936746f95d4f3823a52bb864f86692f467bec" from cache[0m

[01;34m/home/opam: (env OPAMDOWNLOADJOBS 1)[0m

[01;34m/home/opam: (env OPAMERRLOGLEN 0)[0m

[01;34m/home/opam: (env OPAMSOLVERTIMEOUT 500)[0m

[01;34m/home/opam: (env OPAMPRECISETRACKING 1)[0m

[01;34m/home/opam: (env CI true)[0m

[01;34m/home/opam: (env OPAM_REPO_CI true)[0m

[01;34m/home/opam: (run (shell "rm -rf opam-repository/"))[0m
[01;2m[01;35m2024-07-12 11:30.16 ---> using "845fb03f28eba49019fb5591d249744cf0ecd47bd659754be83841c03de5d822" from cache[0m

[01;34m/home/opam: (copy (src .) (dst opam-repository/))[0m
[01;2m[01;35m2024-07-12 11:30.18 ---> using "7b90288a907503b42b5e045117280a813e98d96d1baf70a20581945442fe5e84" from cache[0m

[01;34m/home/opam: (run (shell "opam repository set-url --strict default opam-repository/"))[0m
[default] Initialised
[01;2m[01;35m2024-07-12 11:30.18 ---> using "cd0ded98c919697522a0eeeb49fdb84d3d1530a1da1b931f972da530cd8e2b31" from cache[0m

[01;34m/home/opam: (run (network host)
                 (shell "opam update --depexts || true"))[0m
+ /usr/bin/sudo "apt-get" "update"
- Hit:1 http://deb.debian.org/debian bookworm InRelease
- Get:2 http://deb.debian.org/debian bookworm-updates InRelease [55.4 kB]
- Get:3 http://deb.debian.org/debian-security bookworm-security InRelease [48.0 kB]
- Get:4 http://deb.debian.org/debian-security bookworm-security/main amd64 Packages [168 kB]
- Fetched 271 kB in 0s (1161 kB/s)
- Reading package lists...
[01;2m[01;35m2024-07-12 11:30.18 ---> using "12b76a5284df20c4b390b315bdb6fdf1cc5423c3af0a4d4b172e3923eb47085f" from cache[0m

[01;34m/home/opam: (run (shell "opam pin add -k version -yn num.1.5-1 1.5-1"))[0m
num is now pinned to version 1.5-1
[01;2m[01;35m2024-07-12 11:30.18 ---> using "e14d6cee88dc314d0dce30c20babfac6a095c927a5bed020f29dba1dc072c541" from cache[0m

[01;34m/home/opam: (run (cache (opam-archives (target /home/opam/.opam/download-cache)))
                 (network host)
                 (shell  "opam reinstall num.1.5-1;\
                        \n        res=$?;\
                        \n        test \"$res\" != 31 && exit \"$res\";\
                        \n        export OPAMCLI=2.0;\
                        \n        build_dir=$(opam var prefix)/.opam-switch/build;\
                        \n        failed=$(ls \"$build_dir\");\
                        \n        partial_fails=\"\";\
                        \n        for pkg in $failed; do\
                        \n          if opam show -f x-ci-accept-failures: \"$pkg\" | grep -qF \"\\\"debian-12\\\"\"; then\
                        \n            echo \"A package failed and has been disabled for CI using the 'x-ci-accept-failures' field.\";\
                        \n          fi;\
                        \n          test \"$pkg\" != 'num.1.5-1' && partial_fails=\"$partial_fails $pkg\";\
                        \n        done;\
                        \n        test \"${partial_fails}\" != \"\" && echo \"opam-repo-ci detected dependencies failing: ${partial_fails}\";\
                        \n        exit 1"))[0m
num.1.5-1 is not installed. Install it? [y/n] y
The following actions will be performed:
=== install 1 package
  - install num 1.5-1 (pinned)

<><> Processing actions <><><><><><><><><><><><><><><><><><><><><><><><><><><><>
-> retrieved num.1.5-1  (cached)
-> installed num.1.5-1
Done.
# Run eval $(opam env) to update the current shell environment
[01;2m[01;35m2024-07-12 11:30.18 ---> using "600fcadb28c02390fcf8484e58bbf3374721f7ea632df673d4fcc312fcae5abb" from cache[0m

[01;34m/home/opam: (run (cache (opam-archives (target /home/opam/.opam/download-cache)))
                 (network host)
                 (shell  "opam reinstall js_of_ocaml-toplevel.5.8.1;\
                        \n        res=$?;\
                        \n        test \"$res\" != 31 && exit \"$res\";\
                        \n        export OPAMCLI=2.0;\
                        \n        build_dir=$(opam var prefix)/.opam-switch/build;\
                        \n        failed=$(ls \"$build_dir\");\
                        \n        partial_fails=\"\";\
                        \n        for pkg in $failed; do\
                        \n          if opam show -f x-ci-accept-failures: \"$pkg\" | grep -qF \"\\\"debian-12\\\"\"; then\
                        \n            echo \"A package failed and has been disabled for CI using the 'x-ci-accept-failures' field.\";\
                        \n          fi;\
                        \n          test \"$pkg\" != 'js_of_ocaml-toplevel.5.8.1' && partial_fails=\"$partial_fails $pkg\";\
                        \n        done;\
                        \n        test \"${partial_fails}\" != \"\" && echo \"opam-repo-ci detected dependencies failing: ${partial_fails}\";\
                        \n        exit 1"))[0m
js_of_ocaml-toplevel.5.8.1 is not installed. Install it? [y/n] y
The following actions will be performed:
=== install 18 packages
  - install cmdliner             1.3.0    [required by js_of_ocaml-compiler]
  - install dune                 3.16.0   [required by js_of_ocaml-toplevel]
  - install gen                  1.1      [required by sedlex]
  - install js_of_ocaml-compiler 5.8.1    [required by js_of_ocaml-toplevel]
  - install js_of_ocaml-toplevel 5.8.1
  - install menhir               20231231 [required by js_of_ocaml-compiler]
  - install menhirCST            20231231 [required by menhir]
  - install menhirLib            20231231 [required by js_of_ocaml-compiler]
  - install menhirSdk            20231231 [required by js_of_ocaml-compiler]
  - install ocaml-compiler-libs  v0.12.4  [required by ppxlib]
  - install ocamlfind            1.9.6    [required by js_of_ocaml-toplevel]
  - install ppx_derivers         1.2.1    [required by ppxlib]
  - install ppxlib               0.32.1   [required by js_of_ocaml-compiler]
  - install sedlex               3.2      [required by js_of_ocaml-compiler]
  - install seq                  base     [required by yojson]
  - install sexplib0             v0.17.0  [required by ppxlib]
  - install stdlib-shims         0.3.0    [required by ppxlib]
  - install yojson               2.2.2    [required by js_of_ocaml-compiler]

<><> Processing actions <><><><><><><><><><><><><><><><><><><><><><><><><><><><>
-> retrieved cmdliner.1.3.0  (cached)
-> retrieved dune.3.16.0  (cached)
-> retrieved gen.1.1  (cached)
-> installed cmdliner.1.3.0
-> retrieved js_of_ocaml-compiler.5.8.1, js_of_ocaml-toplevel.5.8.1  (cached)
-> retrieved menhir.20231231, menhirCST.20231231, menhirLib.20231231, menhirSdk.20231231  (cached)
-> retrieved ocaml-compiler-libs.v0.12.4  (cached)
-> retrieved ocamlfind.1.9.6  (cached)
-> retrieved ppx_derivers.1.2.1  (cached)
-> retrieved ppxlib.0.32.1  (cached)
-> retrieved sedlex.3.2  (cached)
-> retrieved seq.base  (cached)
-> installed seq.base
-> retrieved sexplib0.v0.17.0  (cached)
-> retrieved stdlib-shims.0.3.0  (cached)
-> retrieved yojson.2.2.2  (cached)
-> installed ocamlfind.1.9.6
-> installed dune.3.16.0
-> installed ppx_derivers.1.2.1
-> installed menhirCST.20231231
-> installed stdlib-shims.0.3.0
-> installed menhirSdk.20231231
-> installed sexplib0.v0.17.0
-> installed gen.1.1
-> installed menhirLib.20231231
-> installed ocaml-compiler-libs.v0.12.4
-> installed yojson.2.2.2
-> installed menhir.20231231
-> installed ppxlib.0.32.1
-> installed sedlex.3.2
-> installed js_of_ocaml-compiler.5.8.1
-> installed js_of_ocaml-toplevel.5.8.1
Done.
# Run eval $(opam env) to update the current shell environment
[01;2m[01;35m2024-07-12 11:32.12 ---> saved as "f262a979546397a6c4888594759cff6d7f01836339eb9d8e7da2a29a6ccd50c2"[0m

[01;34m/home/opam: (run (network host)
                 (shell "(opam reinstall --with-test js_of_ocaml-toplevel.5.8.1) || true"))[0m
[ERROR] Sorry, resolution of the request timed out.
        Try to specify a more precise request, use a different solver, or increase the allowed time by setting OPAMSOLVERTIMEOUT to a bigger value (currently, it is set to 500.0 seconds).
[01;2m[01;35m2024-07-12 11:40.53 ---> saved as "f2d20f0b74ccf0c1c264c288fde0fab4fd810ee3bab3799d05e7023383b9ce62"[0m

[01;34m/home/opam: (run (shell  "opam reinstall --with-test --verbose js_of_ocaml-toplevel.5.8.1;\
                        \n        res=$?;\
                        \n        test \"$res\" != 31 && exit \"$res\";\
                        \n        export OPAMCLI=2.0;\
                        \n        build_dir=$(opam var prefix)/.opam-switch/build;\
                        \n        failed=$(ls \"$build_dir\");\
                        \n        partial_fails=\"\";\
                        \n        for pkg in $failed; do\
                        \n          if opam show -f x-ci-accept-failures: \"$pkg\" | grep -qF \"\\\"debian-12\\\"\"; then\
                        \n            echo \"A package failed and has been disabled for CI using the 'x-ci-accept-failures' field.\";\
                        \n          fi;\
                        \n          test \"$pkg\" != 'js_of_ocaml-toplevel.5.8.1' && partial_fails=\"$partial_fails $pkg\";\
                        \n        done;\
                        \n        test \"${partial_fails}\" != \"\" && echo \"opam-repo-ci detected dependencies failing: ${partial_fails}\";\
                        \n        exit 1"))[0m
[ERROR] Sorry, resolution of the request timed out.
        Try to specify a more precise request, use a different solver, or increase the allowed time by setting OPAMSOLVERTIMEOUT to a bigger value (currently, it is set to 500.0 seconds).
'opam reinstall --with-test --verbose js_of_ocaml-toplevel.5.8.1' failed.
"/usr/bin/env" "bash" "-c" "opam reinstall --with-test --verbose js_of_ocaml-toplevel.5.8.1;
        res=$?;
        test "$res" != 31 && exit "$res";
        export OPAMCLI=2.0;
        build_dir=$(opam var prefix)/.opam-switch/build;
        failed=$(ls "$build_dir");
        partial_fails="";
        for pkg in $failed; do
          if opam show -f x-ci-accept-failures: "$pkg" | grep -qF "\"debian-12\""; then
            echo "A package failed and has been disabled for CI using the 'x-ci-accept-failures' field.";
          fi;
          test "$pkg" != 'js_of_ocaml-toplevel.5.8.1' && partial_fails="$partial_fails $pkg";
        done;
        test "${partial_fails}" != "" && echo "opam-repo-ci detected dependencies failing: ${partial_fails}";
        exit 1" failed with exit status 60
2024-07-12 11:49.43: Job failed: Failed: Build failed
2024-07-12 11:49.43: Log analysis:
2024-07-12 11:49.43: >>> 
[ERROR] Sorry, resolution of the request timed out.
 (score = 20)
2024-07-12 11:49.43: >>> 
[ERROR] Sorry, resolution of the request timed out.
 (score = 20)
2024-07-12 11:49.43: Sorry, resolution of the request timed out.
