2024-11-26 19:57.14: New job: test js_of_ocaml-toplevel.5.9.0, using opam 2.2
                              from https://github.com/ocaml/opam-repository.git#refs/pull/26932/head (839f4008fc7e966007cd7fbfddb7e7a93581ec4e)
                              on debian-12-ocaml-4.14/amd64

To reproduce locally:

cd $(mktemp -d)
git clone --recursive "https://github.com/ocaml/opam-repository.git" && cd "opam-repository" && git fetch origin "refs/pull/26932/head" && git reset --hard 839f4008
git fetch origin master
git merge --no-edit 6475c152513fd939e35700a52fc165bb52869f8b
cat > ../Dockerfile <<'END-OF-DOCKERFILE'
[34mFROM ocaml/opam:debian-12-ocaml-4.14@sha256:3b83406bd3604cbe91e1a7499b0a6b18dd710d949d68282fb558bf3d301d3e97
USER 1000:1000
WORKDIR /home/opam
RUN sudo ln -f /usr/bin/opam-2.2 /usr/bin/opam
RUN opam init --reinit -ni
RUN uname -rs && opam exec -- ocaml -version && opam --version
ENV OPAMDOWNLOADJOBS="1"
ENV OPAMERRLOGLEN="0"
ENV OPAMSOLVERTIMEOUT="1000"
ENV OPAMPRECISETRACKING="1"
ENV CI="true"
ENV OPAM_REPO_CI="true"
RUN rm -rf opam-repository/
COPY --chown=1000:1000 . opam-repository/
RUN opam repository set-url --strict default opam-repository/
RUN opam update --depexts || true
RUN opam pin add -k version -yn js_of_ocaml-toplevel.5.9.0 5.9.0
RUN opam reinstall js_of_ocaml-toplevel.5.9.0; \
    res=$?; \
    test "$res" != 31 && exit "$res"; \
    export OPAMCLI=2.0; \
    build_dir=$(opam var prefix)/.opam-switch/build; \
    failed=$(ls "$build_dir"); \
    partial_fails=""; \
    for pkg in $failed; do \
    if opam show -f x-ci-accept-failures: "$pkg" | grep -qF "\"debian-12\""; then \
    echo "A package failed and has been disabled for CI using the 'x-ci-accept-failures' field."; \
    fi; \
    test "$pkg" != 'js_of_ocaml-toplevel.5.9.0' && partial_fails="$partial_fails $pkg"; \
    done; \
    test "${partial_fails}" != "" && echo "opam-repo-ci detected dependencies failing: ${partial_fails}"; \
    exit 1
RUN (opam reinstall --with-test js_of_ocaml-toplevel.5.9.0) || true
RUN opam reinstall --with-test --verbose js_of_ocaml-toplevel.5.9.0; \
    res=$?; \
    test "$res" != 31 && exit "$res"; \
    export OPAMCLI=2.0; \
    build_dir=$(opam var prefix)/.opam-switch/build; \
    failed=$(ls "$build_dir"); \
    partial_fails=""; \
    for pkg in $failed; do \
    if opam show -f x-ci-accept-failures: "$pkg" | grep -qF "\"debian-12\""; then \
    echo "A package failed and has been disabled for CI using the 'x-ci-accept-failures' field."; \
    fi; \
    test "$pkg" != 'js_of_ocaml-toplevel.5.9.0' && partial_fails="$partial_fails $pkg"; \
    done; \
    test "${partial_fails}" != "" && echo "opam-repo-ci detected dependencies failing: ${partial_fails}"; \
    exit 1
[0m
END-OF-DOCKERFILE
docker build -f ../Dockerfile .

2024-11-26 19:57.14: Using cache hint "ocaml/opam:debian-12-ocaml-4.14@sha256:3b83406bd3604cbe91e1a7499b0a6b18dd710d949d68282fb558bf3d301d3e97-js_of_ocaml-toplevel.5.9.0-839f4008fc7e966007cd7fbfddb7e7a93581ec4e"
2024-11-26 19:57.14: Using OBuilder spec:
((from ocaml/opam:debian-12-ocaml-4.14@sha256:3b83406bd3604cbe91e1a7499b0a6b18dd710d949d68282fb558bf3d301d3e97)
 (user (uid 1000) (gid 1000))
 (workdir /home/opam)
 (run (shell "sudo ln -f /usr/bin/opam-2.2 /usr/bin/opam"))
 (run (network host)
      (shell "opam init --reinit --config .opamrc-sandbox -ni"))
 (run (shell "uname -rs && opam exec -- ocaml -version && opam --version"))
 (env OPAMDOWNLOADJOBS 1)
 (env OPAMERRLOGLEN 0)
 (env OPAMSOLVERTIMEOUT 1000)
 (env OPAMPRECISETRACKING 1)
 (env CI true)
 (env OPAM_REPO_CI true)
 (run (shell "rm -rf opam-repository/"))
 (copy (src .) (dst opam-repository/))
 (run (shell "opam repository set-url --strict default opam-repository/"))
 (run (network host)
      (shell "opam update --depexts || true"))
 (run (shell "opam pin add -k version -yn js_of_ocaml-toplevel.5.9.0 5.9.0"))
 (run (cache (opam-archives (target /home/opam/.opam/download-cache)))
      (network host)
      (shell  "opam reinstall js_of_ocaml-toplevel.5.9.0;\
             \n        res=$?;\
             \n        test \"$res\" != 31 && exit \"$res\";\
             \n        export OPAMCLI=2.0;\
             \n        build_dir=$(opam var prefix)/.opam-switch/build;\
             \n        failed=$(ls \"$build_dir\");\
             \n        partial_fails=\"\";\
             \n        for pkg in $failed; do\
             \n          if opam show -f x-ci-accept-failures: \"$pkg\" | grep -qF \"\\\"debian-12\\\"\"; then\
             \n            echo \"A package failed and has been disabled for CI using the 'x-ci-accept-failures' field.\";\
             \n          fi;\
             \n          test \"$pkg\" != 'js_of_ocaml-toplevel.5.9.0' && partial_fails=\"$partial_fails $pkg\";\
             \n        done;\
             \n        test \"${partial_fails}\" != \"\" && echo \"opam-repo-ci detected dependencies failing: ${partial_fails}\";\
             \n        exit 1"))
 (run (network host)
      (shell "(opam reinstall --with-test js_of_ocaml-toplevel.5.9.0) || true"))
 (run (shell  "opam reinstall --with-test --verbose js_of_ocaml-toplevel.5.9.0;\
             \n        res=$?;\
             \n        test \"$res\" != 31 && exit \"$res\";\
             \n        export OPAMCLI=2.0;\
             \n        build_dir=$(opam var prefix)/.opam-switch/build;\
             \n        failed=$(ls \"$build_dir\");\
             \n        partial_fails=\"\";\
             \n        for pkg in $failed; do\
             \n          if opam show -f x-ci-accept-failures: \"$pkg\" | grep -qF \"\\\"debian-12\\\"\"; then\
             \n            echo \"A package failed and has been disabled for CI using the 'x-ci-accept-failures' field.\";\
             \n          fi;\
             \n          test \"$pkg\" != 'js_of_ocaml-toplevel.5.9.0' && partial_fails=\"$partial_fails $pkg\";\
             \n        done;\
             \n        test \"${partial_fails}\" != \"\" && echo \"opam-repo-ci detected dependencies failing: ${partial_fails}\";\
             \n        exit 1"))
)

2024-11-26 19:57.14: Waiting for resource in pool OCluster
2024-11-26 21:15.33: Waiting for worker…
2024-11-26 21:30.07: Got resource from pool OCluster
Building on x86-bm-c19.sw.ocaml.org
All commits already cached
Updating files:  88% (28980/32737)Updating files:  89% (29136/32737)Updating files:  90% (29464/32737)Updating files:  91% (29791/32737)Updating files:  92% (30119/32737)Updating files:  93% (30446/32737)Updating files:  94% (30773/32737)Updating files:  95% (31101/32737)Updating files:  96% (31428/32737)Updating files:  97% (31755/32737)Updating files:  98% (32083/32737)Updating files:  99% (32410/32737)Updating files: 100% (32737/32737)Updating files: 100% (32737/32737), done.
HEAD is now at 6475c15251 Merge pull request #26781 from UnixJunkie/liblinear_247
Merge made by the 'ort' strategy.
 .../js_of_ocaml-compiler.5.9.0/opam                | 56 ++++++++++++++++++++++
 .../js_of_ocaml-lwt/js_of_ocaml-lwt.5.9.0/opam     | 48 +++++++++++++++++++
 .../js_of_ocaml-ppx/js_of_ocaml-ppx.5.9.0/opam     | 45 +++++++++++++++++
 .../js_of_ocaml-ppx_deriving_json.5.9.0/opam       | 45 +++++++++++++++++
 .../js_of_ocaml-toplevel.5.9.0/opam                | 48 +++++++++++++++++++
 .../js_of_ocaml-tyxml/js_of_ocaml-tyxml.5.9.0/opam | 49 +++++++++++++++++++
 packages/js_of_ocaml/js_of_ocaml.5.9.0/opam        | 45 +++++++++++++++++
 7 files changed, 336 insertions(+)
 create mode 100644 packages/js_of_ocaml-compiler/js_of_ocaml-compiler.5.9.0/opam
 create mode 100644 packages/js_of_ocaml-lwt/js_of_ocaml-lwt.5.9.0/opam
 create mode 100644 packages/js_of_ocaml-ppx/js_of_ocaml-ppx.5.9.0/opam
 create mode 100644 packages/js_of_ocaml-ppx_deriving_json/js_of_ocaml-ppx_deriving_json.5.9.0/opam
 create mode 100644 packages/js_of_ocaml-toplevel/js_of_ocaml-toplevel.5.9.0/opam
 create mode 100644 packages/js_of_ocaml-tyxml/js_of_ocaml-tyxml.5.9.0/opam
 create mode 100644 packages/js_of_ocaml/js_of_ocaml.5.9.0/opam

[01;34m(from ocaml/opam:debian-12-ocaml-4.14@sha256:3b83406bd3604cbe91e1a7499b0a6b18dd710d949d68282fb558bf3d301d3e97)[0m
[01;2m[01;35m2024-11-26 21:30.07 ---> using "16c9fc8fd763c524ae1606da9019c341fc2748b0a1d360269689e19099d4c66f" from cache[0m

[01;34m/: (user (uid 1000) (gid 1000))[0m

[01;34m/: (workdir /home/opam)[0m

[01;34m/home/opam: (run (shell "sudo ln -f /usr/bin/opam-2.2 /usr/bin/opam"))[0m
[01;2m[01;35m2024-11-26 21:30.07 ---> using "f8989d2d7f2be24399df6872eb114546d19f171fd90913940706f1843cab4a8f" from cache[0m

[01;34m/home/opam: (run (network host)
                 (shell "opam init --reinit --config .opamrc-sandbox -ni"))[0m
Configuring from /home/opam/.opamrc-sandbox, then /home/opam/.opamrc, and finally from built-in defaults.
Checking for available remotes: rsync and local, git.
  - you won't be able to use mercurial repositories unless you install the hg command on your system.
  - you won't be able to use darcs repositories unless you install the darcs command on your system.

This development version of opam requires an update to the layout of /home/opam/.opam from version 2.0 to version 2.2, which can't be reverted.
You may want to back it up before going further.

Continue? [y/n] y
[NOTE] The 'jobs' option was reset, its value was 39 and its new value will vary according to the current number of cores on your machine. You can restore the fixed value using:
           opam option jobs=39 --global
Format upgrade done.

<><> Updating repositories ><><><><><><><><><><><><><><><><><><><><><><><><><><>
[default] synchronised from file:///home/opam/opam-repository
[01;2m[01;35m2024-11-26 21:30.07 ---> using "f8ed5582812cb945cc14fc15cade25e0b83feb072de28f9ab89ec63f792c6d77" from cache[0m

[01;34m/home/opam: (run (shell "uname -rs && opam exec -- ocaml -version && opam --version"))[0m
Linux 5.15.0-126-generic
The OCaml toplevel, version 4.14.2
2.2.1
[01;2m[01;35m2024-11-26 21:30.07 ---> using "71a00a1266960938e8ff0e19d85e8a57cb9966d2c18e9b727023815c30a63c1c" from cache[0m

[01;34m/home/opam: (env OPAMDOWNLOADJOBS 1)[0m

[01;34m/home/opam: (env OPAMERRLOGLEN 0)[0m

[01;34m/home/opam: (env OPAMSOLVERTIMEOUT 1000)[0m

[01;34m/home/opam: (env OPAMPRECISETRACKING 1)[0m

[01;34m/home/opam: (env CI true)[0m

[01;34m/home/opam: (env OPAM_REPO_CI true)[0m

[01;34m/home/opam: (run (shell "rm -rf opam-repository/"))[0m
[01;2m[01;35m2024-11-26 21:30.07 ---> using "c273d2e038ee7ee3a80e3ef63aaa0bc612877f8ad34fb47693b6f80570a00752" from cache[0m

[01;34m/home/opam: (copy (src .) (dst opam-repository/))[0m
[01;2m[01;35m2024-11-26 21:30.08 ---> using "7ff10b61ddbdd221d8b2f86b386a0807b899117ee515c3ea84f51f1125da7af0" from cache[0m

[01;34m/home/opam: (run (shell "opam repository set-url --strict default opam-repository/"))[0m
[default] Initialised
[01;2m[01;35m2024-11-26 21:30.09 ---> saved as "c4712ad47ae0a3d4f2a6d8facc17a5827a141f1a7f752d47f41edeb9d7069458"[0m

[01;34m/home/opam: (run (network host)
                 (shell "opam update --depexts || true"))[0m
+ /usr/bin/sudo "apt-get" "update"
- Hit:1 http://deb.debian.org/debian bookworm InRelease
- Get:2 http://deb.debian.org/debian bookworm-updates InRelease [55.4 kB]
- Get:3 http://deb.debian.org/debian-security bookworm-security InRelease [48.0 kB]
- Get:4 http://deb.debian.org/debian-security bookworm-security/main amd64 Packages [205 kB]
- Fetched 309 kB in 0s (1231 kB/s)
- Reading package lists...
[01;2m[01;35m2024-11-26 21:30.10 ---> saved as "9ce387aa8c83b10d2901a3f29f8b5d14eb905ed9e5b4a760b8e59557690a6cc5"[0m

[01;34m/home/opam: (run (shell "opam pin add -k version -yn js_of_ocaml-toplevel.5.9.0 5.9.0"))[0m
js_of_ocaml-toplevel is now pinned to version 5.9.0
[01;2m[01;35m2024-11-26 21:30.11 ---> saved as "0dda351452e842139abcb5ddf02f71ae80449dfe7650bd73c9f28400172e28b3"[0m

[01;34m/home/opam: (run (cache (opam-archives (target /home/opam/.opam/download-cache)))
                 (network host)
                 (shell  "opam reinstall js_of_ocaml-toplevel.5.9.0;\
                        \n        res=$?;\
                        \n        test \"$res\" != 31 && exit \"$res\";\
                        \n        export OPAMCLI=2.0;\
                        \n        build_dir=$(opam var prefix)/.opam-switch/build;\
                        \n        failed=$(ls \"$build_dir\");\
                        \n        partial_fails=\"\";\
                        \n        for pkg in $failed; do\
                        \n          if opam show -f x-ci-accept-failures: \"$pkg\" | grep -qF \"\\\"debian-12\\\"\"; then\
                        \n            echo \"A package failed and has been disabled for CI using the 'x-ci-accept-failures' field.\";\
                        \n          fi;\
                        \n          test \"$pkg\" != 'js_of_ocaml-toplevel.5.9.0' && partial_fails=\"$partial_fails $pkg\";\
                        \n        done;\
                        \n        test \"${partial_fails}\" != \"\" && echo \"opam-repo-ci detected dependencies failing: ${partial_fails}\";\
                        \n        exit 1"))[0m
js_of_ocaml-toplevel.5.9.0 is not installed. Install it? [y/n] y
The following actions will be performed:
=== install 18 packages
  - install cmdliner             1.3.0          [required by js_of_ocaml-compiler]
  - install dune                 3.16.1         [required by js_of_ocaml-toplevel]
  - install gen                  1.1            [required by sedlex]
  - install js_of_ocaml-compiler 5.9.0          [required by js_of_ocaml-toplevel]
  - install js_of_ocaml-toplevel 5.9.0 (pinned)
  - install menhir               20240715       [required by js_of_ocaml-compiler]
  - install menhirCST            20240715       [required by menhir]
  - install menhirLib            20240715       [required by js_of_ocaml-compiler]
  - install menhirSdk            20240715       [required by js_of_ocaml-compiler]
  - install ocaml-compiler-libs  v0.12.4        [required by ppxlib]
  - install ocamlfind            1.9.6          [required by js_of_ocaml-toplevel]
  - install ppx_derivers         1.2.1          [required by ppxlib]
  - install ppxlib               0.33.0         [required by js_of_ocaml-toplevel]
  - install sedlex               3.3            [required by js_of_ocaml-compiler]
  - install seq                  base           [required by yojson]
  - install sexplib0             v0.17.0        [required by ppxlib]
  - install stdlib-shims         0.3.0          [required by ppxlib]
  - install yojson               2.2.2          [required by js_of_ocaml-compiler]

<><> Processing actions <><><><><><><><><><><><><><><><><><><><><><><><><><><><>
-> retrieved cmdliner.1.3.0  (cached)
-> retrieved dune.3.16.1  (cached)
-> retrieved gen.1.1  (cached)
-> retrieved js_of_ocaml-compiler.5.9.0, js_of_ocaml-toplevel.5.9.0  (cached)
-> retrieved menhir.20240715, menhirCST.20240715, menhirLib.20240715, menhirSdk.20240715  (cached)
-> installed cmdliner.1.3.0
-> retrieved ocaml-compiler-libs.v0.12.4  (cached)
-> retrieved ocamlfind.1.9.6  (cached)
-> retrieved ppx_derivers.1.2.1  (cached)
-> retrieved ppxlib.0.33.0  (cached)
-> retrieved sedlex.3.3  (cached)
-> retrieved seq.base  (cached)
-> installed seq.base
-> retrieved sexplib0.v0.17.0  (cached)
-> retrieved stdlib-shims.0.3.0  (cached)
-> retrieved yojson.2.2.2  (cached)
-> installed ocamlfind.1.9.6
-> installed dune.3.16.1
-> installed ppx_derivers.1.2.1
-> installed menhirCST.20240715
-> installed stdlib-shims.0.3.0
-> installed menhirSdk.20240715
-> installed gen.1.1
-> installed sexplib0.v0.17.0
-> installed menhirLib.20240715
-> installed ocaml-compiler-libs.v0.12.4
-> installed yojson.2.2.2
-> installed menhir.20240715
-> installed ppxlib.0.33.0
-> installed sedlex.3.3
-> installed js_of_ocaml-compiler.5.9.0
-> installed js_of_ocaml-toplevel.5.9.0
Done.
# Run eval $(opam env) to update the current shell environment
[01;2m[01;35m2024-11-26 21:31.41 ---> saved as "2dbb2d19a82e571c618e3718b1200429a3132ba55918da3687a3cdcccaec4152"[0m

[01;34m/home/opam: (run (network host)
                 (shell "(opam reinstall --with-test js_of_ocaml-toplevel.5.9.0) || true"))[0m
[ERROR] Sorry, resolution of the request timed out.
        Try to specify a more precise request, use a different solver, or increase the allowed time by setting OPAMSOLVERTIMEOUT to a bigger value (currently, it is set to 1000.0 seconds).
[01;2m[01;35m2024-11-26 21:48.47 ---> saved as "738a8046061015cf0a1b61cbfdf3a9b9ecbf96cb0a8295f417238a47fb3e9050"[0m

[01;34m/home/opam: (run (shell  "opam reinstall --with-test --verbose js_of_ocaml-toplevel.5.9.0;\
                        \n        res=$?;\
                        \n        test \"$res\" != 31 && exit \"$res\";\
                        \n        export OPAMCLI=2.0;\
                        \n        build_dir=$(opam var prefix)/.opam-switch/build;\
                        \n        failed=$(ls \"$build_dir\");\
                        \n        partial_fails=\"\";\
                        \n        for pkg in $failed; do\
                        \n          if opam show -f x-ci-accept-failures: \"$pkg\" | grep -qF \"\\\"debian-12\\\"\"; then\
                        \n            echo \"A package failed and has been disabled for CI using the 'x-ci-accept-failures' field.\";\
                        \n          fi;\
                        \n          test \"$pkg\" != 'js_of_ocaml-toplevel.5.9.0' && partial_fails=\"$partial_fails $pkg\";\
                        \n        done;\
                        \n        test \"${partial_fails}\" != \"\" && echo \"opam-repo-ci detected dependencies failing: ${partial_fails}\";\
                        \n        exit 1"))[0m
[ERROR] Sorry, resolution of the request timed out.
        Try to specify a more precise request, use a different solver, or increase the allowed time by setting OPAMSOLVERTIMEOUT to a bigger value (currently, it is set to 1000.0 seconds).
'opam reinstall --with-test --verbose js_of_ocaml-toplevel.5.9.0' failed.
"/usr/bin/env" "bash" "-c" "opam reinstall --with-test --verbose js_of_ocaml-toplevel.5.9.0;
        res=$?;
        test "$res" != 31 && exit "$res";
        export OPAMCLI=2.0;
        build_dir=$(opam var prefix)/.opam-switch/build;
        failed=$(ls "$build_dir");
        partial_fails="";
        for pkg in $failed; do
          if opam show -f x-ci-accept-failures: "$pkg" | grep -qF "\"debian-12\""; then
            echo "A package failed and has been disabled for CI using the 'x-ci-accept-failures' field.";
          fi;
          test "$pkg" != 'js_of_ocaml-toplevel.5.9.0' && partial_fails="$partial_fails $pkg";
        done;
        test "${partial_fails}" != "" && echo "opam-repo-ci detected dependencies failing: ${partial_fails}";
        exit 1" failed with exit status 60
2024-11-26 22:06.04: Job failed: Failed: Build failed
2024-11-26 22:06.04: Log analysis:
2024-11-26 22:06.04: >>> 
[ERROR] Sorry, resolution of the request timed out.
 (score = 20)
2024-11-26 22:06.04: >>> 
[ERROR] Sorry, resolution of the request timed out.
 (score = 20)
2024-11-26 22:06.04: Sorry, resolution of the request timed out.
