2024-11-26 19:57.24: New job: test cohttp-server-lwt-unix.6.0.0, using opam dev
                              from https://github.com/ocaml/opam-repository.git#refs/pull/26925/head (5e85658ef7dec0b072e561cdfb8474c0b3651ab9)
                              on archlinux-ocaml-5.2/amd64

To reproduce locally:

cd $(mktemp -d)
git clone --recursive "https://github.com/ocaml/opam-repository.git" && cd "opam-repository" && git fetch origin "refs/pull/26925/head" && git reset --hard 5e85658e
git fetch origin master
git merge --no-edit 6475c152513fd939e35700a52fc165bb52869f8b
cat > ../Dockerfile <<'END-OF-DOCKERFILE'
[34mFROM ocaml/opam:archlinux-ocaml-5.2@sha256:90e293dee21468848b71c5ca99413dfa84bf5df2638e1dee5b70c9401b904a4f
USER 1000:1000
WORKDIR /home/opam
RUN sudo ln -f /usr/bin/opam-dev /usr/bin/opam
RUN opam init --reinit -ni
RUN uname -rs && opam exec -- ocaml -version && opam --version
ENV OPAMDOWNLOADJOBS="1"
ENV OPAMERRLOGLEN="0"
ENV OPAMSOLVERTIMEOUT="1000"
ENV OPAMPRECISETRACKING="1"
ENV CI="true"
ENV OPAM_REPO_CI="true"
RUN rm -rf opam-repository/
COPY --chown=1000:1000 . opam-repository/
RUN opam repository set-url --strict default opam-repository/
RUN opam update --depexts || true
RUN opam pin add -k version -yn cohttp-server-lwt-unix.6.0.0 6.0.0
RUN opam reinstall cohttp-server-lwt-unix.6.0.0; \
    res=$?; \
    test "$res" != 31 && exit "$res"; \
    export OPAMCLI=2.0; \
    build_dir=$(opam var prefix)/.opam-switch/build; \
    failed=$(ls "$build_dir"); \
    partial_fails=""; \
    for pkg in $failed; do \
    if opam show -f x-ci-accept-failures: "$pkg" | grep -qF "\"archlinux\""; then \
    echo "A package failed and has been disabled for CI using the 'x-ci-accept-failures' field."; \
    fi; \
    test "$pkg" != 'cohttp-server-lwt-unix.6.0.0' && partial_fails="$partial_fails $pkg"; \
    done; \
    test "${partial_fails}" != "" && echo "opam-repo-ci detected dependencies failing: ${partial_fails}"; \
    exit 1
RUN (opam reinstall --with-test cohttp-server-lwt-unix.6.0.0) || true
RUN opam reinstall --with-test --verbose cohttp-server-lwt-unix.6.0.0; \
    res=$?; \
    test "$res" != 31 && exit "$res"; \
    export OPAMCLI=2.0; \
    build_dir=$(opam var prefix)/.opam-switch/build; \
    failed=$(ls "$build_dir"); \
    partial_fails=""; \
    for pkg in $failed; do \
    if opam show -f x-ci-accept-failures: "$pkg" | grep -qF "\"archlinux\""; then \
    echo "A package failed and has been disabled for CI using the 'x-ci-accept-failures' field."; \
    fi; \
    test "$pkg" != 'cohttp-server-lwt-unix.6.0.0' && partial_fails="$partial_fails $pkg"; \
    done; \
    test "${partial_fails}" != "" && echo "opam-repo-ci detected dependencies failing: ${partial_fails}"; \
    exit 1
[0m
END-OF-DOCKERFILE
docker build -f ../Dockerfile .

2024-11-26 19:57.24: Using cache hint "ocaml/opam:archlinux-ocaml-5.2@sha256:90e293dee21468848b71c5ca99413dfa84bf5df2638e1dee5b70c9401b904a4f-cohttp-server-lwt-unix.6.0.0-5e85658ef7dec0b072e561cdfb8474c0b3651ab9"
2024-11-26 19:57.24: Using OBuilder spec:
((from ocaml/opam:archlinux-ocaml-5.2@sha256:90e293dee21468848b71c5ca99413dfa84bf5df2638e1dee5b70c9401b904a4f)
 (user (uid 1000) (gid 1000))
 (workdir /home/opam)
 (run (shell "sudo ln -f /usr/bin/opam-dev /usr/bin/opam"))
 (run (network host)
      (shell "opam init --reinit --config .opamrc-sandbox -ni"))
 (run (shell "uname -rs && opam exec -- ocaml -version && opam --version"))
 (env OPAMDOWNLOADJOBS 1)
 (env OPAMERRLOGLEN 0)
 (env OPAMSOLVERTIMEOUT 1000)
 (env OPAMPRECISETRACKING 1)
 (env CI true)
 (env OPAM_REPO_CI true)
 (run (shell "rm -rf opam-repository/"))
 (copy (src .) (dst opam-repository/))
 (run (shell "opam repository set-url --strict default opam-repository/"))
 (run (network host)
      (shell "opam update --depexts || true"))
 (run (shell "opam pin add -k version -yn cohttp-server-lwt-unix.6.0.0 6.0.0"))
 (run (cache (opam-archives (target /home/opam/.opam/download-cache)))
      (network host)
      (shell  "opam reinstall cohttp-server-lwt-unix.6.0.0;\
             \n        res=$?;\
             \n        test \"$res\" != 31 && exit \"$res\";\
             \n        export OPAMCLI=2.0;\
             \n        build_dir=$(opam var prefix)/.opam-switch/build;\
             \n        failed=$(ls \"$build_dir\");\
             \n        partial_fails=\"\";\
             \n        for pkg in $failed; do\
             \n          if opam show -f x-ci-accept-failures: \"$pkg\" | grep -qF \"\\\"archlinux\\\"\"; then\
             \n            echo \"A package failed and has been disabled for CI using the 'x-ci-accept-failures' field.\";\
             \n          fi;\
             \n          test \"$pkg\" != 'cohttp-server-lwt-unix.6.0.0' && partial_fails=\"$partial_fails $pkg\";\
             \n        done;\
             \n        test \"${partial_fails}\" != \"\" && echo \"opam-repo-ci detected dependencies failing: ${partial_fails}\";\
             \n        exit 1"))
 (run (network host)
      (shell "(opam reinstall --with-test cohttp-server-lwt-unix.6.0.0) || true"))
 (run (shell  "opam reinstall --with-test --verbose cohttp-server-lwt-unix.6.0.0;\
             \n        res=$?;\
             \n        test \"$res\" != 31 && exit \"$res\";\
             \n        export OPAMCLI=2.0;\
             \n        build_dir=$(opam var prefix)/.opam-switch/build;\
             \n        failed=$(ls \"$build_dir\");\
             \n        partial_fails=\"\";\
             \n        for pkg in $failed; do\
             \n          if opam show -f x-ci-accept-failures: \"$pkg\" | grep -qF \"\\\"archlinux\\\"\"; then\
             \n            echo \"A package failed and has been disabled for CI using the 'x-ci-accept-failures' field.\";\
             \n          fi;\
             \n          test \"$pkg\" != 'cohttp-server-lwt-unix.6.0.0' && partial_fails=\"$partial_fails $pkg\";\
             \n        done;\
             \n        test \"${partial_fails}\" != \"\" && echo \"opam-repo-ci detected dependencies failing: ${partial_fails}\";\
             \n        exit 1"))
)

2024-11-26 19:57.24: Waiting for resource in pool OCluster
2024-11-26 21:44.19: Waiting for worker…
2024-11-26 21:45.51: Got resource from pool OCluster
Building on x86-bm-c17.sw.ocaml.org
All commits already cached
Updating files:  85% (27982/32744)Updating files:  86% (28160/32744)Updating files:  87% (28488/32744)Updating files:  88% (28815/32744)Updating files:  89% (29143/32744)Updating files:  90% (29470/32744)Updating files:  91% (29798/32744)Updating files:  92% (30125/32744)Updating files:  93% (30452/32744)Updating files:  94% (30780/32744)Updating files:  95% (31107/32744)Updating files:  96% (31435/32744)Updating files:  97% (31762/32744)Updating files:  98% (32090/32744)Updating files:  99% (32417/32744)Updating files: 100% (32744/32744)Updating files: 100% (32744/32744), done.
HEAD is now at 6475c15251 Merge pull request #26781 from UnixJunkie/liblinear_247
Merge made by the 'ort' strategy.
 packages/cohttp-async/cohttp-async.6.0.0/opam      | 73 +++++++++++++++++++++
 packages/cohttp-bench/cohttp-bench.6.0.0/opam      | 61 ++++++++++++++++++
 .../cohttp-curl-async/cohttp-curl-async.6.0.0/opam | 62 ++++++++++++++++++
 .../cohttp-curl-lwt/cohttp-curl-lwt.6.0.0/opam     | 61 ++++++++++++++++++
 packages/cohttp-curl/cohttp-curl.6.0.0/opam        | 50 +++++++++++++++
 packages/cohttp-eio/cohttp-eio.6.0.0/opam          | 62 ++++++++++++++++++
 .../cohttp-lwt-jsoo/cohttp-lwt-jsoo.6.0.0/opam     | 62 ++++++++++++++++++
 .../cohttp-lwt-unix/cohttp-lwt-unix.6.0.0/opam     | 69 ++++++++++++++++++++
 packages/cohttp-lwt/cohttp-lwt.6.0.0/opam          | 61 ++++++++++++++++++
 packages/cohttp-mirage/cohttp-mirage.6.0.0/opam    | 69 ++++++++++++++++++++
 .../cohttp-server-lwt-unix.6.0.0/opam              | 56 ++++++++++++++++
 packages/cohttp-top/cohttp-top.6.0.0/opam          | 53 ++++++++++++++++
 packages/cohttp/cohttp.6.0.0/opam                  | 74 ++++++++++++++++++++++
 packages/http/http.6.0.0/opam                      | 59 +++++++++++++++++
 14 files changed, 872 insertions(+)
 create mode 100644 packages/cohttp-async/cohttp-async.6.0.0/opam
 create mode 100644 packages/cohttp-bench/cohttp-bench.6.0.0/opam
 create mode 100644 packages/cohttp-curl-async/cohttp-curl-async.6.0.0/opam
 create mode 100644 packages/cohttp-curl-lwt/cohttp-curl-lwt.6.0.0/opam
 create mode 100644 packages/cohttp-curl/cohttp-curl.6.0.0/opam
 create mode 100644 packages/cohttp-eio/cohttp-eio.6.0.0/opam
 create mode 100644 packages/cohttp-lwt-jsoo/cohttp-lwt-jsoo.6.0.0/opam
 create mode 100644 packages/cohttp-lwt-unix/cohttp-lwt-unix.6.0.0/opam
 create mode 100644 packages/cohttp-lwt/cohttp-lwt.6.0.0/opam
 create mode 100644 packages/cohttp-mirage/cohttp-mirage.6.0.0/opam
 create mode 100644 packages/cohttp-server-lwt-unix/cohttp-server-lwt-unix.6.0.0/opam
 create mode 100644 packages/cohttp-top/cohttp-top.6.0.0/opam
 create mode 100644 packages/cohttp/cohttp.6.0.0/opam
 create mode 100644 packages/http/http.6.0.0/opam

[01;34m(from ocaml/opam:archlinux-ocaml-5.2@sha256:90e293dee21468848b71c5ca99413dfa84bf5df2638e1dee5b70c9401b904a4f)[0m
[01;2m[01;35m2024-11-26 21:46.51 ---> saved as "092cc95054c2a7f5d940116c5dcead9c4e6ec29f968334a902a92b6e1ed797c5"[0m

[01;34m/: (user (uid 1000) (gid 1000))[0m

[01;34m/: (workdir /home/opam)[0m

[01;34m/home/opam: (run (shell "sudo ln -f /usr/bin/opam-dev /usr/bin/opam"))[0m
[01;2m[01;35m2024-11-26 21:46.52 ---> saved as "7fe4c4165447da27719e08d5101e97653bb1f89380d63013e42160b004951a32"[0m

[01;34m/home/opam: (run (network host)
                 (shell "opam init --reinit --config .opamrc-sandbox -ni"))[0m
Configuring from /home/opam/.opamrc-sandbox, then /home/opam/.opamrc, and finally from built-in defaults.
Checking for available remotes: rsync and local, git.
  - you won't be able to use mercurial repositories unless you install the hg command on your system.
  - you won't be able to use darcs repositories unless you install the darcs command on your system.

This development version of opam requires an update to the layout of /home/opam/.opam from version 2.0 to version 2.2, which can't be reverted.
You may want to back it up before going further.

Continue? [Y/n] y
Format upgrade done.

<><> Updating repositories ><><><><><><><><><><><><><><><><><><><><><><><><><><>
[default] synchronised from file:///home/opam/opam-repository
[01;2m[01;35m2024-11-26 21:48.14 ---> saved as "d401d06c473c64e78ef04100f7f80a809094cf0ce0acb291b768775097d0801a"[0m

[01;34m/home/opam: (run (shell "uname -rs && opam exec -- ocaml -version && opam --version"))[0m
Linux 5.15.0-126-generic
The OCaml toplevel, version 5.2.1
2.4.0~alpha1~dev
[01;2m[01;35m2024-11-26 21:48.14 ---> saved as "f4cf6b962186954bb2b2185297ecf70c47b4ccb68def71401ba890d765bca13d"[0m

[01;34m/home/opam: (env OPAMDOWNLOADJOBS 1)[0m

[01;34m/home/opam: (env OPAMERRLOGLEN 0)[0m

[01;34m/home/opam: (env OPAMSOLVERTIMEOUT 1000)[0m

[01;34m/home/opam: (env OPAMPRECISETRACKING 1)[0m

[01;34m/home/opam: (env CI true)[0m

[01;34m/home/opam: (env OPAM_REPO_CI true)[0m

[01;34m/home/opam: (run (shell "rm -rf opam-repository/"))[0m
[01;2m[01;35m2024-11-26 21:48.20 ---> saved as "16fef77ef9925dbc3c377a53ee8ccaaf39a15ab67121468521d755a37fb3efa0"[0m

[01;34m/home/opam: (copy (src .) (dst opam-repository/))[0m
[01;2m[01;35m2024-11-26 21:48.37 ---> saved as "fdd424c4f6c78920da2f9ed7f1f16716f84f4c7cad6425bea7a7ecd767e2fda0"[0m

[01;34m/home/opam: (run (shell "opam repository set-url --strict default opam-repository/"))[0m
[default] Initialised
[01;2m[01;35m2024-11-26 21:49.37 ---> saved as "9eb3a1c4347eabfc3c08b7e321aa2ce4ea2a3eb4d57e3c01d6a46583c899b043"[0m

[01;34m/home/opam: (run (network host)
                 (shell "opam update --depexts || true"))[0m
+ /usr/sbin/sudo "pacman" "-Sy"
- :: Synchronizing package databases...
-  core downloading...
-  extra downloading...
[01;2m[01;35m2024-11-26 21:49.37 ---> saved as "f92263a533d65def00ca9c2a03b3ec082ca96c390b94241a809dba0eeec8b8d3"[0m

[01;34m/home/opam: (run (shell "opam pin add -k version -yn cohttp-server-lwt-unix.6.0.0 6.0.0"))[0m
cohttp-server-lwt-unix is now pinned to version 6.0.0
[01;2m[01;35m2024-11-26 21:49.39 ---> saved as "2f82a1909ea3b7575dc59b6e3a45204362f3a7297c821c64740d9a0c37fd7ffb"[0m

[01;34m/home/opam: (run (cache (opam-archives (target /home/opam/.opam/download-cache)))
                 (network host)
                 (shell  "opam reinstall cohttp-server-lwt-unix.6.0.0;\
                        \n        res=$?;\
                        \n        test \"$res\" != 31 && exit \"$res\";\
                        \n        export OPAMCLI=2.0;\
                        \n        build_dir=$(opam var prefix)/.opam-switch/build;\
                        \n        failed=$(ls \"$build_dir\");\
                        \n        partial_fails=\"\";\
                        \n        for pkg in $failed; do\
                        \n          if opam show -f x-ci-accept-failures: \"$pkg\" | grep -qF \"\\\"archlinux\\\"\"; then\
                        \n            echo \"A package failed and has been disabled for CI using the 'x-ci-accept-failures' field.\";\
                        \n          fi;\
                        \n          test \"$pkg\" != 'cohttp-server-lwt-unix.6.0.0' && partial_fails=\"$partial_fails $pkg\";\
                        \n        done;\
                        \n        test \"${partial_fails}\" != \"\" && echo \"opam-repo-ci detected dependencies failing: ${partial_fails}\";\
                        \n        exit 1"))[0m
cohttp-server-lwt-unix.6.0.0 is not installed. Install it? [Y/n] y
The following actions will be performed:
=== install 10 packages
  ∗ base-bytes             base           [required by ocplib-endian]
  ∗ cohttp-server-lwt-unix 6.0.0 (pinned)
  ∗ cppo                   1.7.0          [required by lwt]
  ∗ csexp                  1.5.2          [required by dune-configurator]
  ∗ dune                   3.16.1         [required by cohttp-server-lwt-unix]
  ∗ dune-configurator      3.16.1         [required by lwt]
  ∗ http                   6.0.0          [required by cohttp-server-lwt-unix]
  ∗ lwt                    5.9.0          [required by cohttp-server-lwt-unix]
  ∗ ocamlfind              1.9.6          [required by base-bytes]
  ∗ ocplib-endian          1.2            [required by lwt]

<><> Processing actions <><><><><><><><><><><><><><><><><><><><><><><><><><><><>
⬇ retrieved cohttp-server-lwt-unix.6.0.0, http.6.0.0  (cached)
⬇ retrieved cppo.1.7.0  (cached)
⬇ retrieved csexp.1.5.2  (cached)
⬇ retrieved dune.3.16.1, dune-configurator.3.16.1  (cached)
⬇ retrieved lwt.5.9.0  (cached)
⬇ retrieved ocamlfind.1.9.6  (cached)
⬇ retrieved ocplib-endian.1.2  (cached)
∗ installed ocamlfind.1.9.6
∗ installed base-bytes.base
∗ installed dune.3.16.1
∗ installed csexp.1.5.2
∗ installed http.6.0.0
∗ installed cppo.1.7.0
∗ installed ocplib-endian.1.2
∗ installed dune-configurator.3.16.1
∗ installed lwt.5.9.0
∗ installed cohttp-server-lwt-unix.6.0.0
Done.
# To update the current shell environment, run: eval $(opam env)
[01;2m[01;35m2024-11-26 21:50.36 ---> saved as "d1ff337ba97e45b9b6b81138ef0284401d21ef012a7e72ec74fa74c1164890d0"[0m

[01;34m/home/opam: (run (network host)
                 (shell "(opam reinstall --with-test cohttp-server-lwt-unix.6.0.0) || true"))[0m
[ERROR] Sorry, resolution of the request timed out.
        Try to specify a more precise request, use a different solver, or increase the allowed time by setting OPAMSOLVERTIMEOUT to a bigger value (currently, it is set to 1000.0 seconds).
[01;2m[01;35m2024-11-26 22:07.43 ---> saved as "4d8e9f8c68728e055290bc50d3a0597182b2227fe60e6a2e9271b06ddb1a623a"[0m

[01;34m/home/opam: (run (shell  "opam reinstall --with-test --verbose cohttp-server-lwt-unix.6.0.0;\
                        \n        res=$?;\
                        \n        test \"$res\" != 31 && exit \"$res\";\
                        \n        export OPAMCLI=2.0;\
                        \n        build_dir=$(opam var prefix)/.opam-switch/build;\
                        \n        failed=$(ls \"$build_dir\");\
                        \n        partial_fails=\"\";\
                        \n        for pkg in $failed; do\
                        \n          if opam show -f x-ci-accept-failures: \"$pkg\" | grep -qF \"\\\"archlinux\\\"\"; then\
                        \n            echo \"A package failed and has been disabled for CI using the 'x-ci-accept-failures' field.\";\
                        \n          fi;\
                        \n          test \"$pkg\" != 'cohttp-server-lwt-unix.6.0.0' && partial_fails=\"$partial_fails $pkg\";\
                        \n        done;\
                        \n        test \"${partial_fails}\" != \"\" && echo \"opam-repo-ci detected dependencies failing: ${partial_fails}\";\
                        \n        exit 1"))[0m
[ERROR] Sorry, resolution of the request timed out.
        Try to specify a more precise request, use a different solver, or increase the allowed time by setting OPAMSOLVERTIMEOUT to a bigger value (currently, it is set to 1000.0 seconds).
'opam reinstall --with-test --verbose cohttp-server-lwt-unix.6.0.0' failed.
"/usr/bin/env" "bash" "-c" "opam reinstall --with-test --verbose cohttp-server-lwt-unix.6.0.0;
        res=$?;
        test "$res" != 31 && exit "$res";
        export OPAMCLI=2.0;
        build_dir=$(opam var prefix)/.opam-switch/build;
        failed=$(ls "$build_dir");
        partial_fails="";
        for pkg in $failed; do
          if opam show -f x-ci-accept-failures: "$pkg" | grep -qF "\"archlinux\""; then
            echo "A package failed and has been disabled for CI using the 'x-ci-accept-failures' field.";
          fi;
          test "$pkg" != 'cohttp-server-lwt-unix.6.0.0' && partial_fails="$partial_fails $pkg";
        done;
        test "${partial_fails}" != "" && echo "opam-repo-ci detected dependencies failing: ${partial_fails}";
        exit 1" failed with exit status 60
2024-11-26 22:25.00: Job failed: Failed: Build failed
2024-11-26 22:25.00: Log analysis:
2024-11-26 22:25.00: >>> 
[ERROR] Sorry, resolution of the request timed out.
 (score = 20)
2024-11-26 22:25.00: >>> 
[ERROR] Sorry, resolution of the request timed out.
 (score = 20)
2024-11-26 22:25.00: Sorry, resolution of the request timed out.
