2024-11-26 19:57.24: New job: test cohttp-server-lwt-unix.6.0.0, using opam dev
                              from https://github.com/ocaml/opam-repository.git#refs/pull/26925/head (5e85658ef7dec0b072e561cdfb8474c0b3651ab9)
                              on debian-testing-ocaml-5.2/amd64

To reproduce locally:

cd $(mktemp -d)
git clone --recursive "https://github.com/ocaml/opam-repository.git" && cd "opam-repository" && git fetch origin "refs/pull/26925/head" && git reset --hard 5e85658e
git fetch origin master
git merge --no-edit 6475c152513fd939e35700a52fc165bb52869f8b
cat > ../Dockerfile <<'END-OF-DOCKERFILE'
[34mFROM ocaml/opam:debian-testing-ocaml-5.2@sha256:38e513c4d7cf7574225a25b4f897beedc9725bf05ec48147011b882d260e76fb
USER 1000:1000
WORKDIR /home/opam
RUN sudo ln -f /usr/bin/opam-dev /usr/bin/opam
RUN opam init --reinit -ni
RUN uname -rs && opam exec -- ocaml -version && opam --version
ENV OPAMDOWNLOADJOBS="1"
ENV OPAMERRLOGLEN="0"
ENV OPAMSOLVERTIMEOUT="1000"
ENV OPAMPRECISETRACKING="1"
ENV CI="true"
ENV OPAM_REPO_CI="true"
RUN rm -rf opam-repository/
COPY --chown=1000:1000 . opam-repository/
RUN opam repository set-url --strict default opam-repository/
RUN opam update --depexts || true
RUN opam pin add -k version -yn cohttp-server-lwt-unix.6.0.0 6.0.0
RUN opam reinstall cohttp-server-lwt-unix.6.0.0; \
    res=$?; \
    test "$res" != 31 && exit "$res"; \
    export OPAMCLI=2.0; \
    build_dir=$(opam var prefix)/.opam-switch/build; \
    failed=$(ls "$build_dir"); \
    partial_fails=""; \
    for pkg in $failed; do \
    if opam show -f x-ci-accept-failures: "$pkg" | grep -qF "\"debian-testing\""; then \
    echo "A package failed and has been disabled for CI using the 'x-ci-accept-failures' field."; \
    fi; \
    test "$pkg" != 'cohttp-server-lwt-unix.6.0.0' && partial_fails="$partial_fails $pkg"; \
    done; \
    test "${partial_fails}" != "" && echo "opam-repo-ci detected dependencies failing: ${partial_fails}"; \
    exit 1
RUN (opam reinstall --with-test cohttp-server-lwt-unix.6.0.0) || true
RUN opam reinstall --with-test --verbose cohttp-server-lwt-unix.6.0.0; \
    res=$?; \
    test "$res" != 31 && exit "$res"; \
    export OPAMCLI=2.0; \
    build_dir=$(opam var prefix)/.opam-switch/build; \
    failed=$(ls "$build_dir"); \
    partial_fails=""; \
    for pkg in $failed; do \
    if opam show -f x-ci-accept-failures: "$pkg" | grep -qF "\"debian-testing\""; then \
    echo "A package failed and has been disabled for CI using the 'x-ci-accept-failures' field."; \
    fi; \
    test "$pkg" != 'cohttp-server-lwt-unix.6.0.0' && partial_fails="$partial_fails $pkg"; \
    done; \
    test "${partial_fails}" != "" && echo "opam-repo-ci detected dependencies failing: ${partial_fails}"; \
    exit 1
[0m
END-OF-DOCKERFILE
docker build -f ../Dockerfile .

2024-11-26 19:57.24: Using cache hint "ocaml/opam:debian-testing-ocaml-5.2@sha256:38e513c4d7cf7574225a25b4f897beedc9725bf05ec48147011b882d260e76fb-cohttp-server-lwt-unix.6.0.0-5e85658ef7dec0b072e561cdfb8474c0b3651ab9"
2024-11-26 19:57.24: Using OBuilder spec:
((from ocaml/opam:debian-testing-ocaml-5.2@sha256:38e513c4d7cf7574225a25b4f897beedc9725bf05ec48147011b882d260e76fb)
 (user (uid 1000) (gid 1000))
 (workdir /home/opam)
 (run (shell "sudo ln -f /usr/bin/opam-dev /usr/bin/opam"))
 (run (network host)
      (shell "opam init --reinit --config .opamrc-sandbox -ni"))
 (run (shell "uname -rs && opam exec -- ocaml -version && opam --version"))
 (env OPAMDOWNLOADJOBS 1)
 (env OPAMERRLOGLEN 0)
 (env OPAMSOLVERTIMEOUT 1000)
 (env OPAMPRECISETRACKING 1)
 (env CI true)
 (env OPAM_REPO_CI true)
 (run (shell "rm -rf opam-repository/"))
 (copy (src .) (dst opam-repository/))
 (run (shell "opam repository set-url --strict default opam-repository/"))
 (run (network host)
      (shell "opam update --depexts || true"))
 (run (shell "opam pin add -k version -yn cohttp-server-lwt-unix.6.0.0 6.0.0"))
 (run (cache (opam-archives (target /home/opam/.opam/download-cache)))
      (network host)
      (shell  "opam reinstall cohttp-server-lwt-unix.6.0.0;\
             \n        res=$?;\
             \n        test \"$res\" != 31 && exit \"$res\";\
             \n        export OPAMCLI=2.0;\
             \n        build_dir=$(opam var prefix)/.opam-switch/build;\
             \n        failed=$(ls \"$build_dir\");\
             \n        partial_fails=\"\";\
             \n        for pkg in $failed; do\
             \n          if opam show -f x-ci-accept-failures: \"$pkg\" | grep -qF \"\\\"debian-testing\\\"\"; then\
             \n            echo \"A package failed and has been disabled for CI using the 'x-ci-accept-failures' field.\";\
             \n          fi;\
             \n          test \"$pkg\" != 'cohttp-server-lwt-unix.6.0.0' && partial_fails=\"$partial_fails $pkg\";\
             \n        done;\
             \n        test \"${partial_fails}\" != \"\" && echo \"opam-repo-ci detected dependencies failing: ${partial_fails}\";\
             \n        exit 1"))
 (run (network host)
      (shell "(opam reinstall --with-test cohttp-server-lwt-unix.6.0.0) || true"))
 (run (shell  "opam reinstall --with-test --verbose cohttp-server-lwt-unix.6.0.0;\
             \n        res=$?;\
             \n        test \"$res\" != 31 && exit \"$res\";\
             \n        export OPAMCLI=2.0;\
             \n        build_dir=$(opam var prefix)/.opam-switch/build;\
             \n        failed=$(ls \"$build_dir\");\
             \n        partial_fails=\"\";\
             \n        for pkg in $failed; do\
             \n          if opam show -f x-ci-accept-failures: \"$pkg\" | grep -qF \"\\\"debian-testing\\\"\"; then\
             \n            echo \"A package failed and has been disabled for CI using the 'x-ci-accept-failures' field.\";\
             \n          fi;\
             \n          test \"$pkg\" != 'cohttp-server-lwt-unix.6.0.0' && partial_fails=\"$partial_fails $pkg\";\
             \n        done;\
             \n        test \"${partial_fails}\" != \"\" && echo \"opam-repo-ci detected dependencies failing: ${partial_fails}\";\
             \n        exit 1"))
)

2024-11-26 19:57.24: Waiting for resource in pool OCluster
2024-11-26 21:44.16: Waiting for worker…
2024-11-26 22:02.50: Got resource from pool OCluster
Building on x86-bm-c19.sw.ocaml.org
All commits already cached
Updating files:  91% (29947/32744)Updating files:  92% (30125/32744)Updating files:  93% (30452/32744)Updating files:  94% (30780/32744)Updating files:  95% (31107/32744)Updating files:  96% (31435/32744)Updating files:  97% (31762/32744)Updating files:  98% (32090/32744)Updating files:  99% (32417/32744)Updating files: 100% (32744/32744)Updating files: 100% (32744/32744), done.
HEAD is now at 6475c15251 Merge pull request #26781 from UnixJunkie/liblinear_247
Merge made by the 'ort' strategy.
 packages/cohttp-async/cohttp-async.6.0.0/opam      | 73 +++++++++++++++++++++
 packages/cohttp-bench/cohttp-bench.6.0.0/opam      | 61 ++++++++++++++++++
 .../cohttp-curl-async/cohttp-curl-async.6.0.0/opam | 62 ++++++++++++++++++
 .../cohttp-curl-lwt/cohttp-curl-lwt.6.0.0/opam     | 61 ++++++++++++++++++
 packages/cohttp-curl/cohttp-curl.6.0.0/opam        | 50 +++++++++++++++
 packages/cohttp-eio/cohttp-eio.6.0.0/opam          | 62 ++++++++++++++++++
 .../cohttp-lwt-jsoo/cohttp-lwt-jsoo.6.0.0/opam     | 62 ++++++++++++++++++
 .../cohttp-lwt-unix/cohttp-lwt-unix.6.0.0/opam     | 69 ++++++++++++++++++++
 packages/cohttp-lwt/cohttp-lwt.6.0.0/opam          | 61 ++++++++++++++++++
 packages/cohttp-mirage/cohttp-mirage.6.0.0/opam    | 69 ++++++++++++++++++++
 .../cohttp-server-lwt-unix.6.0.0/opam              | 56 ++++++++++++++++
 packages/cohttp-top/cohttp-top.6.0.0/opam          | 53 ++++++++++++++++
 packages/cohttp/cohttp.6.0.0/opam                  | 74 ++++++++++++++++++++++
 packages/http/http.6.0.0/opam                      | 59 +++++++++++++++++
 14 files changed, 872 insertions(+)
 create mode 100644 packages/cohttp-async/cohttp-async.6.0.0/opam
 create mode 100644 packages/cohttp-bench/cohttp-bench.6.0.0/opam
 create mode 100644 packages/cohttp-curl-async/cohttp-curl-async.6.0.0/opam
 create mode 100644 packages/cohttp-curl-lwt/cohttp-curl-lwt.6.0.0/opam
 create mode 100644 packages/cohttp-curl/cohttp-curl.6.0.0/opam
 create mode 100644 packages/cohttp-eio/cohttp-eio.6.0.0/opam
 create mode 100644 packages/cohttp-lwt-jsoo/cohttp-lwt-jsoo.6.0.0/opam
 create mode 100644 packages/cohttp-lwt-unix/cohttp-lwt-unix.6.0.0/opam
 create mode 100644 packages/cohttp-lwt/cohttp-lwt.6.0.0/opam
 create mode 100644 packages/cohttp-mirage/cohttp-mirage.6.0.0/opam
 create mode 100644 packages/cohttp-server-lwt-unix/cohttp-server-lwt-unix.6.0.0/opam
 create mode 100644 packages/cohttp-top/cohttp-top.6.0.0/opam
 create mode 100644 packages/cohttp/cohttp.6.0.0/opam
 create mode 100644 packages/http/http.6.0.0/opam

[01;34m(from ocaml/opam:debian-testing-ocaml-5.2@sha256:38e513c4d7cf7574225a25b4f897beedc9725bf05ec48147011b882d260e76fb)[0m
[01;2m[01;35m2024-11-26 22:03.33 ---> saved as "00498bf8e76f9f8285f0bec265399acf37a1c6335881a521e572c9d423012856"[0m

[01;34m/: (user (uid 1000) (gid 1000))[0m

[01;34m/: (workdir /home/opam)[0m

[01;34m/home/opam: (run (shell "sudo ln -f /usr/bin/opam-dev /usr/bin/opam"))[0m
[01;2m[01;35m2024-11-26 22:03.33 ---> saved as "4e731142fc8309eb598c0ae3d734eea9a33ed18d6df5c40bafce0af754da8b67"[0m

[01;34m/home/opam: (run (network host)
                 (shell "opam init --reinit --config .opamrc-sandbox -ni"))[0m
Configuring from /home/opam/.opamrc-sandbox, then /home/opam/.opamrc, and finally from built-in defaults.
Checking for available remotes: rsync and local, git.
  - you won't be able to use mercurial repositories unless you install the hg command on your system.
  - you won't be able to use darcs repositories unless you install the darcs command on your system.

This development version of opam requires an update to the layout of /home/opam/.opam from version 2.0 to version 2.2, which can't be reverted.
You may want to back it up before going further.

Continue? [Y/n] y
Format upgrade done.

<><> Updating repositories ><><><><><><><><><><><><><><><><><><><><><><><><><><>
[default] synchronised from file:///home/opam/opam-repository
[01;2m[01;35m2024-11-26 22:05.01 ---> saved as "50faa97db10de7a32c64109c5b71ee4dbc559453f73565f0184fef9efad16e87"[0m

[01;34m/home/opam: (run (shell "uname -rs && opam exec -- ocaml -version && opam --version"))[0m
Linux 5.15.0-126-generic
The OCaml toplevel, version 5.2.1
2.4.0~alpha1~dev
[01;2m[01;35m2024-11-26 22:05.01 ---> saved as "12e95a6928094d503227b38d5a1efa9c8f73d33b7c4d890f4a87803037ed3742"[0m

[01;34m/home/opam: (env OPAMDOWNLOADJOBS 1)[0m

[01;34m/home/opam: (env OPAMERRLOGLEN 0)[0m

[01;34m/home/opam: (env OPAMSOLVERTIMEOUT 1000)[0m

[01;34m/home/opam: (env OPAMPRECISETRACKING 1)[0m

[01;34m/home/opam: (env CI true)[0m

[01;34m/home/opam: (env OPAM_REPO_CI true)[0m

[01;34m/home/opam: (run (shell "rm -rf opam-repository/"))[0m
[01;2m[01;35m2024-11-26 22:05.07 ---> saved as "7a48df284a3de8f18ca6bdd9670f7eac4697bd9db39e685d5419d471b8dedbb6"[0m

[01;34m/home/opam: (copy (src .) (dst opam-repository/))[0m
[01;2m[01;35m2024-11-26 22:05.17 ---> saved as "78c0c6fca05e6a43d27cafba5915993e571c92130bf83eb30cfadfb44fb7eecc"[0m

[01;34m/home/opam: (run (shell "opam repository set-url --strict default opam-repository/"))[0m
[default] Initialised
[01;2m[01;35m2024-11-26 22:06.16 ---> saved as "bddea5c5599ba0a29f19e569153db1e3fd0783b4ab696a794f2b9863b046b2d9"[0m

[01;34m/home/opam: (run (network host)
                 (shell "opam update --depexts || true"))[0m
+ /usr/bin/sudo "apt-get" "update"
- Get:1 http://deb.debian.org/debian testing InRelease [172 kB]
- Get:2 http://deb.debian.org/debian testing-updates InRelease [49.6 kB]
- Get:3 http://deb.debian.org/debian-security testing-security InRelease [43.5 kB]
- Get:4 http://deb.debian.org/debian testing/main amd64 Packages.diff/Index [27.9 kB]
- Get:5 http://deb.debian.org/debian testing/main amd64 Packages 2024-11-19-1405.22.pdiff [59 B]
- Get:6 http://deb.debian.org/debian testing/main amd64 Packages 2024-11-20-0206.04.pdiff [66.0 kB]
- Get:7 http://deb.debian.org/debian testing/main amd64 Packages 2024-11-20-0806.26.pdiff [739 B]
- Get:8 http://deb.debian.org/debian testing/main amd64 Packages 2024-11-20-1410.29.pdiff [15.1 kB]
- Get:9 http://deb.debian.org/debian testing/main amd64 Packages 2024-11-20-2013.47.pdiff [7341 B]
- Get:10 http://deb.debian.org/debian testing/main amd64 Packages 2024-11-21-0218.42.pdiff [46.1 kB]
- Get:11 http://deb.debian.org/debian testing/main amd64 Packages 2024-11-21-0804.32.pdiff [410 B]
- Get:12 http://deb.debian.org/debian testing/main amd64 Packages 2024-11-21-1404.34.pdiff [3783 B]
- Get:13 http://deb.debian.org/debian testing/main amd64 Packages 2024-11-21-2009.31.pdiff [5341 B]
- Get:14 http://deb.debian.org/debian testing/main amd64 Packages 2024-11-22-0207.16.pdiff [36.5 kB]
- Get:15 http://deb.debian.org/debian testing/main amd64 Packages 2024-11-22-0804.38.pdiff [1142 B]
- Get:16 http://deb.debian.org/debian testing/main amd64 Packages 2024-11-22-2021.36.pdiff [2276 B]
- Get:17 http://deb.debian.org/debian testing/main amd64 Packages 2024-11-23-0207.22.pdiff [50.6 kB]
- Get:18 http://deb.debian.org/debian testing/main amd64 Packages 2024-11-23-0804.51.pdiff [1706 B]
- Get:19 http://deb.debian.org/debian testing/main amd64 Packages 2024-11-23-1408.16.pdiff [419 B]
- Get:20 http://deb.debian.org/debian testing/main amd64 Packages 2024-11-23-2009.29.pdiff [16.9 kB]
- Get:21 http://deb.debian.org/debian testing/main amd64 Packages 2024-11-24-0206.57.pdiff [27.5 kB]
- Get:22 http://deb.debian.org/debian testing/main amd64 Packages 2024-11-24-1410.30.pdiff [72 B]
- Get:23 http://deb.debian.org/debian testing/main amd64 Packages 2024-11-25-0205.27.pdiff [27.1 kB]
- Get:24 http://deb.debian.org/debian testing/main amd64 Packages 2024-11-25-0804.49.pdiff [879 B]
- Get:25 http://deb.debian.org/debian testing/main amd64 Packages 2024-11-25-1409.23.pdiff [84 B]
- Get:26 http://deb.debian.org/debian testing/main amd64 Packages 2024-11-25-2008.41.pdiff [718 B]
- Get:27 http://deb.debian.org/debian testing/main amd64 Packages 2024-11-26-0207.09.pdiff [11.7 kB]
- Get:28 http://deb.debian.org/debian testing/main amd64 Packages 2024-11-26-0806.48.pdiff [11.2 kB]
- Get:29 http://deb.debian.org/debian testing/main amd64 Packages 2024-11-26-1409.49.pdiff [1028 B]
- Get:30 http://deb.debian.org/debian testing/main amd64 Packages 2024-11-26-2011.21.pdiff [263 B]
- Get:30 http://deb.debian.org/debian testing/main amd64 Packages 2024-11-26-2011.21.pdiff [263 B]
- Fetched 628 kB in 2s (412 kB/s)
- Reading package lists...
- 
[01;2m[01;35m2024-11-26 22:06.18 ---> saved as "48f03c0cbb5685042dff1932c9c6e4c7246c55de2b233e7b4c0d298407181256"[0m

[01;34m/home/opam: (run (shell "opam pin add -k version -yn cohttp-server-lwt-unix.6.0.0 6.0.0"))[0m
cohttp-server-lwt-unix is now pinned to version 6.0.0
[01;2m[01;35m2024-11-26 22:06.19 ---> saved as "d588e654f19ac358e99924fc29f869014e369a99041416bad24b2e77cda3301c"[0m

[01;34m/home/opam: (run (cache (opam-archives (target /home/opam/.opam/download-cache)))
                 (network host)
                 (shell  "opam reinstall cohttp-server-lwt-unix.6.0.0;\
                        \n        res=$?;\
                        \n        test \"$res\" != 31 && exit \"$res\";\
                        \n        export OPAMCLI=2.0;\
                        \n        build_dir=$(opam var prefix)/.opam-switch/build;\
                        \n        failed=$(ls \"$build_dir\");\
                        \n        partial_fails=\"\";\
                        \n        for pkg in $failed; do\
                        \n          if opam show -f x-ci-accept-failures: \"$pkg\" | grep -qF \"\\\"debian-testing\\\"\"; then\
                        \n            echo \"A package failed and has been disabled for CI using the 'x-ci-accept-failures' field.\";\
                        \n          fi;\
                        \n          test \"$pkg\" != 'cohttp-server-lwt-unix.6.0.0' && partial_fails=\"$partial_fails $pkg\";\
                        \n        done;\
                        \n        test \"${partial_fails}\" != \"\" && echo \"opam-repo-ci detected dependencies failing: ${partial_fails}\";\
                        \n        exit 1"))[0m
cohttp-server-lwt-unix.6.0.0 is not installed. Install it? [Y/n] y
The following actions will be performed:
=== install 10 packages
  - install base-bytes             base           [required by ocplib-endian]
  - install cohttp-server-lwt-unix 6.0.0 (pinned)
  - install cppo                   1.7.0          [required by lwt]
  - install csexp                  1.5.2          [required by dune-configurator]
  - install dune                   3.16.1         [required by cohttp-server-lwt-unix]
  - install dune-configurator      3.16.1         [required by lwt]
  - install http                   6.0.0          [required by cohttp-server-lwt-unix]
  - install lwt                    5.9.0          [required by cohttp-server-lwt-unix]
  - install ocamlfind              1.9.6          [required by base-bytes]
  - install ocplib-endian          1.2            [required by lwt]

<><> Processing actions <><><><><><><><><><><><><><><><><><><><><><><><><><><><>
-> retrieved cohttp-server-lwt-unix.6.0.0, http.6.0.0  (cached)
-> retrieved cppo.1.7.0  (cached)
-> retrieved csexp.1.5.2  (cached)
-> retrieved dune.3.16.1, dune-configurator.3.16.1  (cached)
-> retrieved lwt.5.9.0  (cached)
-> retrieved ocamlfind.1.9.6  (cached)
-> retrieved ocplib-endian.1.2  (cached)
-> installed ocamlfind.1.9.6
-> installed base-bytes.base
-> installed dune.3.16.1
-> installed csexp.1.5.2
-> installed cppo.1.7.0
-> installed http.6.0.0
-> installed ocplib-endian.1.2
-> installed dune-configurator.3.16.1
-> installed lwt.5.9.0
-> installed cohttp-server-lwt-unix.6.0.0
Done.
# To update the current shell environment, run: eval $(opam env)
[01;2m[01;35m2024-11-26 22:07.07 ---> saved as "bc08ac8ff56f032e5233a774519e688e1acfd3a17ef69ad1a67aaac739cc86f2"[0m

[01;34m/home/opam: (run (network host)
                 (shell "(opam reinstall --with-test cohttp-server-lwt-unix.6.0.0) || true"))[0m
[ERROR] Sorry, resolution of the request timed out.
        Try to specify a more precise request, use a different solver, or increase the allowed time by setting OPAMSOLVERTIMEOUT to a bigger value (currently, it is set to 1000.0 seconds).
[01;2m[01;35m2024-11-26 22:24.05 ---> saved as "96d12bf0c6b06b9830e113d9eb2c3a1c090cc990145639c91461ec11b2921f3a"[0m

[01;34m/home/opam: (run (shell  "opam reinstall --with-test --verbose cohttp-server-lwt-unix.6.0.0;\
                        \n        res=$?;\
                        \n        test \"$res\" != 31 && exit \"$res\";\
                        \n        export OPAMCLI=2.0;\
                        \n        build_dir=$(opam var prefix)/.opam-switch/build;\
                        \n        failed=$(ls \"$build_dir\");\
                        \n        partial_fails=\"\";\
                        \n        for pkg in $failed; do\
                        \n          if opam show -f x-ci-accept-failures: \"$pkg\" | grep -qF \"\\\"debian-testing\\\"\"; then\
                        \n            echo \"A package failed and has been disabled for CI using the 'x-ci-accept-failures' field.\";\
                        \n          fi;\
                        \n          test \"$pkg\" != 'cohttp-server-lwt-unix.6.0.0' && partial_fails=\"$partial_fails $pkg\";\
                        \n        done;\
                        \n        test \"${partial_fails}\" != \"\" && echo \"opam-repo-ci detected dependencies failing: ${partial_fails}\";\
                        \n        exit 1"))[0m
[ERROR] Sorry, resolution of the request timed out.
        Try to specify a more precise request, use a different solver, or increase the allowed time by setting OPAMSOLVERTIMEOUT to a bigger value (currently, it is set to 1000.0 seconds).
'opam reinstall --with-test --verbose cohttp-server-lwt-unix.6.0.0' failed.
"/usr/bin/env" "bash" "-c" "opam reinstall --with-test --verbose cohttp-server-lwt-unix.6.0.0;
        res=$?;
        test "$res" != 31 && exit "$res";
        export OPAMCLI=2.0;
        build_dir=$(opam var prefix)/.opam-switch/build;
        failed=$(ls "$build_dir");
        partial_fails="";
        for pkg in $failed; do
          if opam show -f x-ci-accept-failures: "$pkg" | grep -qF "\"debian-testing\""; then
            echo "A package failed and has been disabled for CI using the 'x-ci-accept-failures' field.";
          fi;
          test "$pkg" != 'cohttp-server-lwt-unix.6.0.0' && partial_fails="$partial_fails $pkg";
        done;
        test "${partial_fails}" != "" && echo "opam-repo-ci detected dependencies failing: ${partial_fails}";
        exit 1" failed with exit status 60
2024-11-26 22:41.21: Job failed: Failed: Build failed
2024-11-26 22:41.21: Log analysis:
2024-11-26 22:41.21: >>> 
[ERROR] Sorry, resolution of the request timed out.
 (score = 20)
2024-11-26 22:41.21: >>> 
[ERROR] Sorry, resolution of the request timed out.
 (score = 20)
2024-11-26 22:41.21: Sorry, resolution of the request timed out.
