2024-11-26 22:57.31: New job: build tidy_email_sendgrid.0.0.1, lower-bounds, using opam dev
                              from https://github.com/ocaml/opam-repository.git#refs/pull/26969/head (e7d347c74d62d46b5fff5e158eafa2e499a092be)
                              on debian-12-ocaml-4.12/amd64

To reproduce locally:

cd $(mktemp -d)
git clone --recursive "https://github.com/ocaml/opam-repository.git" && cd "opam-repository" && git fetch origin "refs/pull/26969/head" && git reset --hard e7d347c7
git fetch origin master
git merge --no-edit 99bc90ff813af4d02cb0627f6b3e5a8c84e2e04a
cat > ../Dockerfile <<'END-OF-DOCKERFILE'
[34mFROM ocaml/opam:debian-12-ocaml-4.12@sha256:10b66a8693974996afed0f5c8eca1bc3970f04ea9258bc4863d00ca719321b36
USER 1000:1000
WORKDIR /home/opam
RUN sudo ln -f /usr/bin/opam-dev /usr/bin/opam
RUN opam init --reinit -ni
RUN uname -rs && opam exec -- ocaml -version && opam --version
ENV OPAMDOWNLOADJOBS="1"
ENV OPAMERRLOGLEN="0"
ENV OPAMSOLVERTIMEOUT="1000"
ENV OPAMPRECISETRACKING="1"
ENV CI="true"
ENV OPAM_REPO_CI="true"
RUN rm -rf opam-repository/
COPY --chown=1000:1000 . opam-repository/
RUN opam repository set-url --strict default opam-repository/
RUN opam update --depexts || true
RUN opam pin add -k version -yn tidy_email_sendgrid.0.0.1 0.0.1
RUN opam reinstall tidy_email_sendgrid.0.0.1; \
    res=$?; \
    test "$res" != 31 && exit "$res"; \
    export OPAMCLI=2.0; \
    build_dir=$(opam var prefix)/.opam-switch/build; \
    failed=$(ls "$build_dir"); \
    partial_fails=""; \
    for pkg in $failed; do \
    if opam show -f x-ci-accept-failures: "$pkg" | grep -qF "\"debian-12\""; then \
    echo "A package failed and has been disabled for CI using the 'x-ci-accept-failures' field."; \
    fi; \
    test "$pkg" != 'tidy_email_sendgrid.0.0.1' && partial_fails="$partial_fails $pkg"; \
    done; \
    test "${partial_fails}" != "" && echo "opam-repo-ci detected dependencies failing: ${partial_fails}"; \
    exit 1
ENV OPAMCRITERIA="+removed,+count[version-lag,solution]"
ENV OPAMFIXUPCRITERIA="+removed,+count[version-lag,solution]"
ENV OPAMUPGRADECRITERIA="+removed,+count[version-lag,solution]"
RUN opam option solver=builtin-0install
RUN opam reinstall tidy_email_sendgrid.0.0.1; \
    res=$?; \
    test "$res" != 31 && exit "$res"; \
    export OPAMCLI=2.0; \
    build_dir=$(opam var prefix)/.opam-switch/build; \
    failed=$(ls "$build_dir"); \
    partial_fails=""; \
    for pkg in $failed; do \
    if opam show -f x-ci-accept-failures: "$pkg" | grep -qF "\"debian-12\""; then \
    echo "A package failed and has been disabled for CI using the 'x-ci-accept-failures' field."; \
    fi; \
    test "$pkg" != 'tidy_email_sendgrid.0.0.1' && partial_fails="$partial_fails $pkg"; \
    done; \
    test "${partial_fails}" != "" && echo "opam-repo-ci detected dependencies failing: ${partial_fails}"; \
    exit 1
[0m
END-OF-DOCKERFILE
docker build -f ../Dockerfile .

2024-11-26 22:57.31: Using cache hint "ocaml/opam:debian-12-ocaml-4.12@sha256:10b66a8693974996afed0f5c8eca1bc3970f04ea9258bc4863d00ca719321b36-tidy_email_sendgrid.0.0.1-e7d347c74d62d46b5fff5e158eafa2e499a092be"
2024-11-26 22:57.31: Using OBuilder spec:
((from ocaml/opam:debian-12-ocaml-4.12@sha256:10b66a8693974996afed0f5c8eca1bc3970f04ea9258bc4863d00ca719321b36)
 (user (uid 1000) (gid 1000))
 (workdir /home/opam)
 (run (shell "sudo ln -f /usr/bin/opam-dev /usr/bin/opam"))
 (run (network host)
      (shell "opam init --reinit --config .opamrc-sandbox -ni"))
 (run (shell "uname -rs && opam exec -- ocaml -version && opam --version"))
 (env OPAMDOWNLOADJOBS 1)
 (env OPAMERRLOGLEN 0)
 (env OPAMSOLVERTIMEOUT 1000)
 (env OPAMPRECISETRACKING 1)
 (env CI true)
 (env OPAM_REPO_CI true)
 (run (shell "rm -rf opam-repository/"))
 (copy (src .) (dst opam-repository/))
 (run (shell "opam repository set-url --strict default opam-repository/"))
 (run (network host)
      (shell "opam update --depexts || true"))
 (run (shell "opam pin add -k version -yn tidy_email_sendgrid.0.0.1 0.0.1"))
 (run (cache (opam-archives (target /home/opam/.opam/download-cache)))
      (network host)
      (shell  "opam reinstall tidy_email_sendgrid.0.0.1;\
             \n        res=$?;\
             \n        test \"$res\" != 31 && exit \"$res\";\
             \n        export OPAMCLI=2.0;\
             \n        build_dir=$(opam var prefix)/.opam-switch/build;\
             \n        failed=$(ls \"$build_dir\");\
             \n        partial_fails=\"\";\
             \n        for pkg in $failed; do\
             \n          if opam show -f x-ci-accept-failures: \"$pkg\" | grep -qF \"\\\"debian-12\\\"\"; then\
             \n            echo \"A package failed and has been disabled for CI using the 'x-ci-accept-failures' field.\";\
             \n          fi;\
             \n          test \"$pkg\" != 'tidy_email_sendgrid.0.0.1' && partial_fails=\"$partial_fails $pkg\";\
             \n        done;\
             \n        test \"${partial_fails}\" != \"\" && echo \"opam-repo-ci detected dependencies failing: ${partial_fails}\";\
             \n        exit 1"))
 (env OPAMCRITERIA +removed,+count[version-lag,solution])
 (env OPAMFIXUPCRITERIA +removed,+count[version-lag,solution])
 (env OPAMUPGRADECRITERIA +removed,+count[version-lag,solution])
 (run (shell "opam option solver=builtin-0install"))
 (run (cache (opam-archives (target /home/opam/.opam/download-cache)))
      (network host)
      (shell  "opam reinstall tidy_email_sendgrid.0.0.1;\
             \n        res=$?;\
             \n        test \"$res\" != 31 && exit \"$res\";\
             \n        export OPAMCLI=2.0;\
             \n        build_dir=$(opam var prefix)/.opam-switch/build;\
             \n        failed=$(ls \"$build_dir\");\
             \n        partial_fails=\"\";\
             \n        for pkg in $failed; do\
             \n          if opam show -f x-ci-accept-failures: \"$pkg\" | grep -qF \"\\\"debian-12\\\"\"; then\
             \n            echo \"A package failed and has been disabled for CI using the 'x-ci-accept-failures' field.\";\
             \n          fi;\
             \n          test \"$pkg\" != 'tidy_email_sendgrid.0.0.1' && partial_fails=\"$partial_fails $pkg\";\
             \n        done;\
             \n        test \"${partial_fails}\" != \"\" && echo \"opam-repo-ci detected dependencies failing: ${partial_fails}\";\
             \n        exit 1"))
)

2024-11-26 22:57.31: Waiting for resource in pool OCluster
2024-11-27 00:32.33: Waiting for worker…
2024-11-27 00:37.04: Got resource from pool OCluster
Building on x86-bm-c19.sw.ocaml.org
All commits already cached
Updating files:  86% (28223/32731)Updating files:  87% (28476/32731)Updating files:  88% (28804/32731)Updating files:  89% (29131/32731)Updating files:  90% (29458/32731)Updating files:  91% (29786/32731)Updating files:  92% (30113/32731)Updating files:  93% (30440/32731)Updating files:  94% (30768/32731)Updating files:  95% (31095/32731)Updating files:  96% (31422/32731)Updating files:  97% (31750/32731)Updating files:  98% (32077/32731)Updating files:  99% (32404/32731)Updating files: 100% (32731/32731)Updating files: 100% (32731/32731), done.
HEAD is now at 99bc90ff81 Merge pull request #26955 from eponier/jasmin.2024.07.2
Updating 99bc90ff81..e7d347c74d
Fast-forward
 packages/ldp_curl/ldp_curl.0.2.0/opam                       | 3 ++-
 packages/ldp_curl/ldp_curl.0.3.0/opam                       | 3 ++-
 packages/tidy_email_sendgrid/tidy_email_sendgrid.0.0.1/opam | 2 +-
 3 files changed, 5 insertions(+), 3 deletions(-)

[01;34m(from ocaml/opam:debian-12-ocaml-4.12@sha256:10b66a8693974996afed0f5c8eca1bc3970f04ea9258bc4863d00ca719321b36)[0m
[01;2m[01;35m2024-11-27 00:37.05 ---> using "bf59acebf8623b21e3bbce0805e99df2487555e26af47809db7fa900bebee58e" from cache[0m

[01;34m/: (user (uid 1000) (gid 1000))[0m

[01;34m/: (workdir /home/opam)[0m

[01;34m/home/opam: (run (shell "sudo ln -f /usr/bin/opam-dev /usr/bin/opam"))[0m
[01;2m[01;35m2024-11-27 00:37.05 ---> using "91764ea10c79b21c36ef0c5b3b0c590a9228ab0c339f0fc89820b3619cc02b68" from cache[0m

[01;34m/home/opam: (run (network host)
                 (shell "opam init --reinit --config .opamrc-sandbox -ni"))[0m
Configuring from /home/opam/.opamrc-sandbox, then /home/opam/.opamrc, and finally from built-in defaults.
Checking for available remotes: rsync and local, git.
  - you won't be able to use mercurial repositories unless you install the hg command on your system.
  - you won't be able to use darcs repositories unless you install the darcs command on your system.

This development version of opam requires an update to the layout of /home/opam/.opam from version 2.0 to version 2.2, which can't be reverted.
You may want to back it up before going further.

Continue? [Y/n] y
[NOTE] The 'jobs' option was reset, its value was 39 and its new value will vary according to the current number of cores on your machine. You can restore the fixed value using:
           opam option jobs=39 --global
Format upgrade done.

<><> Updating repositories ><><><><><><><><><><><><><><><><><><><><><><><><><><>
[default] synchronised from file:///home/opam/opam-repository
[01;2m[01;35m2024-11-27 00:38.39 ---> saved as "053bad0174d556f847836fcc0fd4603f74737e40d4b580e5f3e7277e103620af"[0m

[01;34m/home/opam: (run (shell "uname -rs && opam exec -- ocaml -version && opam --version"))[0m
Linux 5.15.0-126-generic
The OCaml toplevel, version 4.12.1
2.4.0~alpha1~dev
[01;2m[01;35m2024-11-27 00:38.39 ---> saved as "403380274eea3feaa644ed2325f066664a85392b4291aa01025a0de6983ac4d6"[0m

[01;34m/home/opam: (env OPAMDOWNLOADJOBS 1)[0m

[01;34m/home/opam: (env OPAMERRLOGLEN 0)[0m

[01;34m/home/opam: (env OPAMSOLVERTIMEOUT 1000)[0m

[01;34m/home/opam: (env OPAMPRECISETRACKING 1)[0m

[01;34m/home/opam: (env CI true)[0m

[01;34m/home/opam: (env OPAM_REPO_CI true)[0m

[01;34m/home/opam: (run (shell "rm -rf opam-repository/"))[0m
[01;2m[01;35m2024-11-27 00:38.51 ---> saved as "0a75b0fe41fa127adcb8cfacd22b63610280848783e1eed952108b435ac40015"[0m

[01;34m/home/opam: (copy (src .) (dst opam-repository/))[0m
[01;2m[01;35m2024-11-27 00:39.02 ---> saved as "3a891872f88fbc66397133ce8ce247175ecc89796c3d74663c8e3d035de83c0e"[0m

[01;34m/home/opam: (run (shell "opam repository set-url --strict default opam-repository/"))[0m
[default] Initialised
[01;2m[01;35m2024-11-27 00:39.57 ---> saved as "629b64fc276d5d4db07cf356a97e420253c11b2f38d882b33d3ddfc57c256665"[0m

[01;34m/home/opam: (run (network host)
                 (shell "opam update --depexts || true"))[0m
+ /usr/bin/sudo "apt-get" "update"
- Hit:1 http://deb.debian.org/debian bookworm InRelease
- Get:2 http://deb.debian.org/debian bookworm-updates InRelease [55.4 kB]
- Get:3 http://deb.debian.org/debian-security bookworm-security InRelease [48.0 kB]
- Get:4 http://deb.debian.org/debian-security bookworm-security/main amd64 Packages [205 kB]
- Fetched 309 kB in 0s (995 kB/s)
- Reading package lists...
[01;2m[01;35m2024-11-27 00:39.58 ---> saved as "4aaee007ea3f70f7433d84563f25735cd051283089b830e6a2bf063dae7285e6"[0m

[01;34m/home/opam: (run (shell "opam pin add -k version -yn tidy_email_sendgrid.0.0.1 0.0.1"))[0m
tidy_email_sendgrid is now pinned to version 0.0.1
[01;2m[01;35m2024-11-27 00:39.59 ---> saved as "101a8d3c5a35558a54a50e56230a0273ff0fb06bbd6520839e7e8b4d40f676ac"[0m

[01;34m/home/opam: (run (cache (opam-archives (target /home/opam/.opam/download-cache)))
                 (network host)
                 (shell  "opam reinstall tidy_email_sendgrid.0.0.1;\
                        \n        res=$?;\
                        \n        test \"$res\" != 31 && exit \"$res\";\
                        \n        export OPAMCLI=2.0;\
                        \n        build_dir=$(opam var prefix)/.opam-switch/build;\
                        \n        failed=$(ls \"$build_dir\");\
                        \n        partial_fails=\"\";\
                        \n        for pkg in $failed; do\
                        \n          if opam show -f x-ci-accept-failures: \"$pkg\" | grep -qF \"\\\"debian-12\\\"\"; then\
                        \n            echo \"A package failed and has been disabled for CI using the 'x-ci-accept-failures' field.\";\
                        \n          fi;\
                        \n          test \"$pkg\" != 'tidy_email_sendgrid.0.0.1' && partial_fails=\"$partial_fails $pkg\";\
                        \n        done;\
                        \n        test \"${partial_fails}\" != \"\" && echo \"opam-repo-ci detected dependencies failing: ${partial_fails}\";\
                        \n        exit 1"))[0m
tidy_email_sendgrid.0.0.1 is not installed. Install it? [Y/n] y
[ERROR] Sorry, resolution of the request timed out.
        Try to specify a more precise request, use a different solver, or increase the allowed time by setting OPAMSOLVERTIMEOUT to a bigger value (currently, it is set to 1000.0 seconds).
"/usr/bin/env" "bash" "-c" "opam reinstall tidy_email_sendgrid.0.0.1;
        res=$?;
        test "$res" != 31 && exit "$res";
        export OPAMCLI=2.0;
        build_dir=$(opam var prefix)/.opam-switch/build;
        failed=$(ls "$build_dir");
        partial_fails="";
        for pkg in $failed; do
          if opam show -f x-ci-accept-failures: "$pkg" | grep -qF "\"debian-12\""; then
            echo "A package failed and has been disabled for CI using the 'x-ci-accept-failures' field.";
          fi;
          test "$pkg" != 'tidy_email_sendgrid.0.0.1' && partial_fails="$partial_fails $pkg";
        done;
        test "${partial_fails}" != "" && echo "opam-repo-ci detected dependencies failing: ${partial_fails}";
        exit 1" failed with exit status 60
2024-11-27 00:57.16: Job failed: Failed: Build failed
2024-11-27 00:57.16: Log analysis:
2024-11-27 00:57.16: >>> 
[ERROR] Sorry, resolution of the request timed out.
 (score = 20)
2024-11-27 00:57.16: Sorry, resolution of the request timed out.
