2024-05-20 07:35.51: New job: test melange-webapi.0.21.0 with melange.4.0.0-414, using opam dev
                              from https://github.com/ocaml/opam-repository.git#refs/pull/25885/head (303fd158c9276247a81a0441bd1257f6b6be8c0e)
                              on debian-12-ocaml-4.14/amd64

To reproduce locally:

cd $(mktemp -d)
git clone --recursive "https://github.com/ocaml/opam-repository.git" && cd "opam-repository" && git fetch origin "refs/pull/25885/head" && git reset --hard 303fd158
git fetch origin master
git merge --no-edit ec28f29e7d5229f0ae579130c2c129f9b952efb3
cat > ../Dockerfile <<'END-OF-DOCKERFILE'
[34mFROM ocaml/opam:debian-12-ocaml-4.14@sha256:fc1bfce0b28ebac35b8e98d8578b6f1caebd26d88e81c54bf3ec7758885629c8
USER 1000:1000
WORKDIR /home/opam
RUN sudo ln -f /usr/bin/opam-dev /usr/bin/opam
RUN opam init --reinit -ni
RUN uname -rs && opam exec -- ocaml -version && opam --version
ENV OPAMDOWNLOADJOBS="1"
ENV OPAMERRLOGLEN="0"
ENV OPAMSOLVERTIMEOUT="500"
ENV OPAMPRECISETRACKING="1"
ENV CI="true"
ENV OPAM_REPO_CI="true"
RUN rm -rf opam-repository/
COPY --chown=1000:1000 . opam-repository/
RUN opam repository set-url --strict default opam-repository/
RUN opam update --depexts || true
RUN opam pin add -k version -yn melange.4.0.0-414 4.0.0-414
RUN opam reinstall melange.4.0.0-414; \
    res=$?; \
    test "$res" != 31 && exit "$res"; \
    export OPAMCLI=2.0; \
    build_dir=$(opam var prefix)/.opam-switch/build; \
    failed=$(ls "$build_dir"); \
    partial_fails=""; \
    for pkg in $failed; do \
    if opam show -f x-ci-accept-failures: "$pkg" | grep -qF "\"debian-12\""; then \
    echo "A package failed and has been disabled for CI using the 'x-ci-accept-failures' field."; \
    fi; \
    test "$pkg" != 'melange.4.0.0-414' && partial_fails="$partial_fails $pkg"; \
    done; \
    test "${partial_fails}" != "" && echo "opam-repo-ci detected dependencies failing: ${partial_fails}"; \
    exit 1
RUN opam reinstall melange-webapi.0.21.0; \
    res=$?; \
    test "$res" != 31 && exit "$res"; \
    export OPAMCLI=2.0; \
    build_dir=$(opam var prefix)/.opam-switch/build; \
    failed=$(ls "$build_dir"); \
    partial_fails=""; \
    for pkg in $failed; do \
    if opam show -f x-ci-accept-failures: "$pkg" | grep -qF "\"debian-12\""; then \
    echo "A package failed and has been disabled for CI using the 'x-ci-accept-failures' field."; \
    fi; \
    test "$pkg" != 'melange-webapi.0.21.0' && partial_fails="$partial_fails $pkg"; \
    done; \
    test "${partial_fails}" != "" && echo "opam-repo-ci detected dependencies failing: ${partial_fails}"; \
    exit 1
RUN (opam reinstall --with-test melange-webapi.0.21.0) || true
RUN opam reinstall --with-test --verbose melange-webapi.0.21.0; \
    res=$?; \
    test "$res" != 31 && exit "$res"; \
    export OPAMCLI=2.0; \
    build_dir=$(opam var prefix)/.opam-switch/build; \
    failed=$(ls "$build_dir"); \
    partial_fails=""; \
    for pkg in $failed; do \
    if opam show -f x-ci-accept-failures: "$pkg" | grep -qF "\"debian-12\""; then \
    echo "A package failed and has been disabled for CI using the 'x-ci-accept-failures' field."; \
    fi; \
    test "$pkg" != 'melange-webapi.0.21.0' && partial_fails="$partial_fails $pkg"; \
    done; \
    test "${partial_fails}" != "" && echo "opam-repo-ci detected dependencies failing: ${partial_fails}"; \
    exit 1
[0m
END-OF-DOCKERFILE
docker build -f ../Dockerfile .

2024-05-20 07:35.51: Using cache hint "ocaml/opam:debian-12-ocaml-4.14@sha256:fc1bfce0b28ebac35b8e98d8578b6f1caebd26d88e81c54bf3ec7758885629c8-melange.4.0.0-414-melange-webapi.0.21.0-303fd158c9276247a81a0441bd1257f6b6be8c0e"
2024-05-20 07:35.51: Using OBuilder spec:
((from ocaml/opam:debian-12-ocaml-4.14@sha256:fc1bfce0b28ebac35b8e98d8578b6f1caebd26d88e81c54bf3ec7758885629c8)
 (user (uid 1000) (gid 1000))
 (workdir /home/opam)
 (run (shell "sudo ln -f /usr/bin/opam-dev /usr/bin/opam"))
 (run (network host)
      (shell "opam init --reinit --config .opamrc-sandbox -ni"))
 (run (shell "uname -rs && opam exec -- ocaml -version && opam --version"))
 (env OPAMDOWNLOADJOBS 1)
 (env OPAMERRLOGLEN 0)
 (env OPAMSOLVERTIMEOUT 500)
 (env OPAMPRECISETRACKING 1)
 (env CI true)
 (env OPAM_REPO_CI true)
 (run (shell "rm -rf opam-repository/"))
 (copy (src .) (dst opam-repository/))
 (run (shell "opam repository set-url --strict default opam-repository/"))
 (run (network host)
      (shell "opam update --depexts || true"))
 (run (shell "opam pin add -k version -yn melange.4.0.0-414 4.0.0-414"))
 (run (cache (opam-archives (target /home/opam/.opam/download-cache)))
      (network host)
      (shell  "opam reinstall melange.4.0.0-414;\
             \n        res=$?;\
             \n        test \"$res\" != 31 && exit \"$res\";\
             \n        export OPAMCLI=2.0;\
             \n        build_dir=$(opam var prefix)/.opam-switch/build;\
             \n        failed=$(ls \"$build_dir\");\
             \n        partial_fails=\"\";\
             \n        for pkg in $failed; do\
             \n          if opam show -f x-ci-accept-failures: \"$pkg\" | grep -qF \"\\\"debian-12\\\"\"; then\
             \n            echo \"A package failed and has been disabled for CI using the 'x-ci-accept-failures' field.\";\
             \n          fi;\
             \n          test \"$pkg\" != 'melange.4.0.0-414' && partial_fails=\"$partial_fails $pkg\";\
             \n        done;\
             \n        test \"${partial_fails}\" != \"\" && echo \"opam-repo-ci detected dependencies failing: ${partial_fails}\";\
             \n        exit 1"))
 (run (cache (opam-archives (target /home/opam/.opam/download-cache)))
      (network host)
      (shell  "opam reinstall melange-webapi.0.21.0;\
             \n        res=$?;\
             \n        test \"$res\" != 31 && exit \"$res\";\
             \n        export OPAMCLI=2.0;\
             \n        build_dir=$(opam var prefix)/.opam-switch/build;\
             \n        failed=$(ls \"$build_dir\");\
             \n        partial_fails=\"\";\
             \n        for pkg in $failed; do\
             \n          if opam show -f x-ci-accept-failures: \"$pkg\" | grep -qF \"\\\"debian-12\\\"\"; then\
             \n            echo \"A package failed and has been disabled for CI using the 'x-ci-accept-failures' field.\";\
             \n          fi;\
             \n          test \"$pkg\" != 'melange-webapi.0.21.0' && partial_fails=\"$partial_fails $pkg\";\
             \n        done;\
             \n        test \"${partial_fails}\" != \"\" && echo \"opam-repo-ci detected dependencies failing: ${partial_fails}\";\
             \n        exit 1"))
 (run (network host)
      (shell "(opam reinstall --with-test melange-webapi.0.21.0) || true"))
 (run (shell  "opam reinstall --with-test --verbose melange-webapi.0.21.0;\
             \n        res=$?;\
             \n        test \"$res\" != 31 && exit \"$res\";\
             \n        export OPAMCLI=2.0;\
             \n        build_dir=$(opam var prefix)/.opam-switch/build;\
             \n        failed=$(ls \"$build_dir\");\
             \n        partial_fails=\"\";\
             \n        for pkg in $failed; do\
             \n          if opam show -f x-ci-accept-failures: \"$pkg\" | grep -qF \"\\\"debian-12\\\"\"; then\
             \n            echo \"A package failed and has been disabled for CI using the 'x-ci-accept-failures' field.\";\
             \n          fi;\
             \n          test \"$pkg\" != 'melange-webapi.0.21.0' && partial_fails=\"$partial_fails $pkg\";\
             \n        done;\
             \n        test \"${partial_fails}\" != \"\" && echo \"opam-repo-ci detected dependencies failing: ${partial_fails}\";\
             \n        exit 1"))
)

2024-05-20 07:35.51: Waiting for resource in pool OCluster
2024-05-20 07:35.52: Waiting for worker…
2024-05-20 07:35.52: Got resource from pool OCluster
Building on asteria.caelum.ci.dev
All commits already cached
HEAD is now at ec28f29e7d Merge pull request #25898 from mseri/janestreet-v0.17-core-version-bounds
Merge made by the 'ort' strategy.
 packages/melange/melange.4.0.0-414/opam | 45 +++++++++++++++++++++++++++++++++
 packages/melange/melange.4.0.0-51/opam  | 45 +++++++++++++++++++++++++++++++++
 packages/melange/melange.4.0.0-52/opam  | 45 +++++++++++++++++++++++++++++++++
 3 files changed, 135 insertions(+)
 create mode 100644 packages/melange/melange.4.0.0-414/opam
 create mode 100644 packages/melange/melange.4.0.0-51/opam
 create mode 100644 packages/melange/melange.4.0.0-52/opam

[01;34m(from ocaml/opam:debian-12-ocaml-4.14@sha256:fc1bfce0b28ebac35b8e98d8578b6f1caebd26d88e81c54bf3ec7758885629c8)[0m
[01;2m[01;35m2024-05-20 07:35.54 ---> using "8852882e21c6051f77f79eee880029b0646f70046996faa594db535e800a150e" from cache[0m

[01;34m/: (user (uid 1000) (gid 1000))[0m

[01;34m/: (workdir /home/opam)[0m

[01;34m/home/opam: (run (shell "sudo ln -f /usr/bin/opam-dev /usr/bin/opam"))[0m
[01;2m[01;35m2024-05-20 07:35.54 ---> using "bfe916841514f9c781479a0ad6b80c4659ce58820a6f6cae42700801c5299cb0" from cache[0m

[01;34m/home/opam: (run (network host)
                 (shell "opam init --reinit --config .opamrc-sandbox -ni"))[0m
Configuring from /home/opam/.opamrc-sandbox, then /home/opam/.opamrc, and finally from built-in defaults.
Checking for available remotes: rsync and local, git.
  - you won't be able to use mercurial repositories unless you install the hg command on your system.
  - you won't be able to use darcs repositories unless you install the darcs command on your system.

This development version of opam requires an update to the layout of /home/opam/.opam from version 2.0 to version 2.2~beta, which can't be reverted.
You may want to back it up before going further.

Continue? [y/n] y
[NOTE] The 'jobs' option was reset, its value was 31 and its new value will vary according to the current number of cores on your machine. You can restore the fixed value using:
           opam option jobs=31 --global
Format upgrade done.

<><> Updating repositories ><><><><><><><><><><><><><><><><><><><><><><><><><><>
[default] synchronised from file:///home/opam/opam-repository
[01;2m[01;35m2024-05-20 07:35.54 ---> using "8165c3249b97c4d11a9b9605e837e22e3a7493fb673ae0ae7ca2c4cabad68322" from cache[0m

[01;34m/home/opam: (run (shell "uname -rs && opam exec -- ocaml -version && opam --version"))[0m
Linux 5.15.0-107-generic
The OCaml toplevel, version 4.14.2
2.2.0~beta3~dev
[01;2m[01;35m2024-05-20 07:35.54 ---> using "5ad72b177064b9cf7e723ad9399ed9a0190ef04c2841f79663a8e0be8a754d3e" from cache[0m

[01;34m/home/opam: (env OPAMDOWNLOADJOBS 1)[0m

[01;34m/home/opam: (env OPAMERRLOGLEN 0)[0m

[01;34m/home/opam: (env OPAMSOLVERTIMEOUT 500)[0m

[01;34m/home/opam: (env OPAMPRECISETRACKING 1)[0m

[01;34m/home/opam: (env CI true)[0m

[01;34m/home/opam: (env OPAM_REPO_CI true)[0m

[01;34m/home/opam: (run (shell "rm -rf opam-repository/"))[0m
[01;2m[01;35m2024-05-20 07:35.54 ---> using "ca354d5a414cb7aa964526d7324c22a31c7b75e8b46b8cd432fe3252bb13aa17" from cache[0m

[01;34m/home/opam: (copy (src .) (dst opam-repository/))[0m
[01;2m[01;35m2024-05-20 07:36.09 ---> saved as "a941591976c820bc8f7b58bf597460f15379a2ba5d18a8cab8dcf0a5eec2e3b1"[0m

[01;34m/home/opam: (run (shell "opam repository set-url --strict default opam-repository/"))[0m
[default] Initialised
[01;2m[01;35m2024-05-20 07:36.44 ---> saved as "4903b9fe0d1aa2c3a92f4b6f106b6bf2e7b5785f13abcc038c5a5ff8178e4861"[0m

[01;34m/home/opam: (run (network host)
                 (shell "opam update --depexts || true"))[0m
+ /usr/bin/sudo "apt-get" "update"
- Hit:1 http://deb.debian.org/debian bookworm InRelease
- Get:2 http://deb.debian.org/debian bookworm-updates InRelease [55.4 kB]
- Get:3 http://deb.debian.org/debian-security bookworm-security InRelease [48.0 kB]
- Get:4 http://deb.debian.org/debian-security bookworm-security/main amd64 Packages [156 kB]
- Fetched 259 kB in 1s (513 kB/s)
- Reading package lists...
- 
[01;2m[01;35m2024-05-20 07:36.46 ---> saved as "ae22b1e8b89422e4f157be145cd5b133b97d6fe571f38f11424f38dcc53ee6ea"[0m

[01;34m/home/opam: (run (shell "opam pin add -k version -yn melange.4.0.0-414 4.0.0-414"))[0m
melange is now pinned to version 4.0.0-414
[01;2m[01;35m2024-05-20 07:36.46 ---> saved as "97bac0fed2d50557589818c1fd09043429b3d395ba553332d363262b7046bbf4"[0m

[01;34m/home/opam: (run (cache (opam-archives (target /home/opam/.opam/download-cache)))
                 (network host)
                 (shell  "opam reinstall melange.4.0.0-414;\
                        \n        res=$?;\
                        \n        test \"$res\" != 31 && exit \"$res\";\
                        \n        export OPAMCLI=2.0;\
                        \n        build_dir=$(opam var prefix)/.opam-switch/build;\
                        \n        failed=$(ls \"$build_dir\");\
                        \n        partial_fails=\"\";\
                        \n        for pkg in $failed; do\
                        \n          if opam show -f x-ci-accept-failures: \"$pkg\" | grep -qF \"\\\"debian-12\\\"\"; then\
                        \n            echo \"A package failed and has been disabled for CI using the 'x-ci-accept-failures' field.\";\
                        \n          fi;\
                        \n          test \"$pkg\" != 'melange.4.0.0-414' && partial_fails=\"$partial_fails $pkg\";\
                        \n        done;\
                        \n        test \"${partial_fails}\" != \"\" && echo \"opam-repo-ci detected dependencies failing: ${partial_fails}\";\
                        \n        exit 1"))[0m
melange.4.0.0-414 is not installed. Install it? [y/n] y
The following actions will be performed:
=== install 14 packages
  - install cmdliner            1.2.0              [required by melange]
  - install cppo                1.6.9              [required by melange]
  - install dune                3.15.2             [required by melange]
  - install dune-build-info     3.15.2             [required by melange]
  - install melange             4.0.0-414 (pinned)
  - install menhir              20231231           [required by melange]
  - install menhirCST           20231231           [required by menhir]
  - install menhirLib           20231231           [required by menhir]
  - install menhirSdk           20231231           [required by menhir]
  - install ocaml-compiler-libs v0.12.4            [required by ppxlib]
  - install ppx_derivers        1.2.1              [required by ppxlib]
  - install ppxlib              0.32.1             [required by melange]
  - install sexplib0            v0.17.0            [required by ppxlib]
  - install stdlib-shims        0.3.0              [required by ppxlib]

<><> Processing actions <><><><><><><><><><><><><><><><><><><><><><><><><><><><>
-> retrieved cmdliner.1.2.0  (cached)
-> retrieved cppo.1.6.9  (cached)
-> retrieved dune.3.15.2, dune-build-info.3.15.2  (cached)
-> retrieved melange.4.0.0-414  (cached)
-> retrieved menhir.20231231, menhirCST.20231231, menhirLib.20231231, menhirSdk.20231231  (cached)
-> installed cmdliner.1.2.0
-> retrieved ocaml-compiler-libs.v0.12.4  (cached)
-> retrieved ppx_derivers.1.2.1  (cached)
-> retrieved ppxlib.0.32.1  (cached)
-> retrieved sexplib0.v0.17.0  (cached)
-> retrieved stdlib-shims.0.3.0  (cached)
-> installed dune.3.15.2
-> installed cppo.1.6.9
-> installed menhirCST.20231231
-> installed ppx_derivers.1.2.1
-> installed stdlib-shims.0.3.0
-> installed menhirSdk.20231231
-> installed menhirLib.20231231
-> installed sexplib0.v0.17.0
-> installed dune-build-info.3.15.2
-> installed ocaml-compiler-libs.v0.12.4
-> installed menhir.20231231
-> installed ppxlib.0.32.1
-> installed melange.4.0.0-414
Done.
# Run eval $(opam env) to update the current shell environment
[01;2m[01;35m2024-05-20 07:37.41 ---> saved as "2a7ee46cdbaef1cc3aff37c8067b288a34faed92cc25c1eef964f6c67ccd3f91"[0m

[01;34m/home/opam: (run (cache (opam-archives (target /home/opam/.opam/download-cache)))
                 (network host)
                 (shell  "opam reinstall melange-webapi.0.21.0;\
                        \n        res=$?;\
                        \n        test \"$res\" != 31 && exit \"$res\";\
                        \n        export OPAMCLI=2.0;\
                        \n        build_dir=$(opam var prefix)/.opam-switch/build;\
                        \n        failed=$(ls \"$build_dir\");\
                        \n        partial_fails=\"\";\
                        \n        for pkg in $failed; do\
                        \n          if opam show -f x-ci-accept-failures: \"$pkg\" | grep -qF \"\\\"debian-12\\\"\"; then\
                        \n            echo \"A package failed and has been disabled for CI using the 'x-ci-accept-failures' field.\";\
                        \n          fi;\
                        \n          test \"$pkg\" != 'melange-webapi.0.21.0' && partial_fails=\"$partial_fails $pkg\";\
                        \n        done;\
                        \n        test \"${partial_fails}\" != \"\" && echo \"opam-repo-ci detected dependencies failing: ${partial_fails}\";\
                        \n        exit 1"))[0m
melange-webapi.0.21.0 is not installed. Install it? [y/n] y
The following actions will be performed:
=== install 6 packages
  - install fix            20230505 [required by reason]
  - install melange-fetch  0.1.0    [required by melange-webapi]
  - install melange-webapi 0.21.0
  - install merlin-extend  0.6.1    [required by reason]
  - install ocamlfind      1.9.6    [required by reason]
  - install reason         3.11.0   [required by melange-webapi]

<><> Processing actions <><><><><><><><><><><><><><><><><><><><><><><><><><><><>
-> retrieved fix.20230505  (cached)
-> retrieved melange-fetch.0.1.0  (cached)
-> retrieved melange-webapi.0.21.0  (cached)
-> retrieved merlin-extend.0.6.1  (cached)
-> retrieved ocamlfind.1.9.6  (cached)
-> retrieved reason.3.11.0  (cached)
-> installed fix.20230505
-> installed merlin-extend.0.6.1
-> installed melange-fetch.0.1.0
-> installed ocamlfind.1.9.6
-> installed reason.3.11.0
-> installed melange-webapi.0.21.0
Done.
# Run eval $(opam env) to update the current shell environment
[01;2m[01;35m2024-05-20 07:38.05 ---> saved as "74c250bb8721e09b7a4a0ef531d48205918e26dc0a18fd71958aaf983ddb845c"[0m

[01;34m/home/opam: (run (network host)
                 (shell "(opam reinstall --with-test melange-webapi.0.21.0) || true"))[0m
[ERROR] Sorry, resolution of the request timed out.
        Try to specify a more precise request, use a different solver, or increase the allowed time by setting OPAMSOLVERTIMEOUT to a bigger value (currently, it is set to 500.0 seconds).
[01;2m[01;35m2024-05-20 07:46.33 ---> saved as "854ae9e032018e2162056e54a29724081d023c8bc50cbc33e96599981fd16ac5"[0m

[01;34m/home/opam: (run (shell  "opam reinstall --with-test --verbose melange-webapi.0.21.0;\
                        \n        res=$?;\
                        \n        test \"$res\" != 31 && exit \"$res\";\
                        \n        export OPAMCLI=2.0;\
                        \n        build_dir=$(opam var prefix)/.opam-switch/build;\
                        \n        failed=$(ls \"$build_dir\");\
                        \n        partial_fails=\"\";\
                        \n        for pkg in $failed; do\
                        \n          if opam show -f x-ci-accept-failures: \"$pkg\" | grep -qF \"\\\"debian-12\\\"\"; then\
                        \n            echo \"A package failed and has been disabled for CI using the 'x-ci-accept-failures' field.\";\
                        \n          fi;\
                        \n          test \"$pkg\" != 'melange-webapi.0.21.0' && partial_fails=\"$partial_fails $pkg\";\
                        \n        done;\
                        \n        test \"${partial_fails}\" != \"\" && echo \"opam-repo-ci detected dependencies failing: ${partial_fails}\";\
                        \n        exit 1"))[0m
[ERROR] Sorry, resolution of the request timed out.
        Try to specify a more precise request, use a different solver, or increase the allowed time by setting OPAMSOLVERTIMEOUT to a bigger value (currently, it is set to 500.0 seconds).
'opam reinstall --with-test --verbose melange-webapi.0.21.0' failed.
"/usr/bin/env" "bash" "-c" "opam reinstall --with-test --verbose melange-webapi.0.21.0;
        res=$?;
        test "$res" != 31 && exit "$res";
        export OPAMCLI=2.0;
        build_dir=$(opam var prefix)/.opam-switch/build;
        failed=$(ls "$build_dir");
        partial_fails="";
        for pkg in $failed; do
          if opam show -f x-ci-accept-failures: "$pkg" | grep -qF "\"debian-12\""; then
            echo "A package failed and has been disabled for CI using the 'x-ci-accept-failures' field.";
          fi;
          test "$pkg" != 'melange-webapi.0.21.0' && partial_fails="$partial_fails $pkg";
        done;
        test "${partial_fails}" != "" && echo "opam-repo-ci detected dependencies failing: ${partial_fails}";
        exit 1" failed with exit status 60
2024-05-20 07:55.22: Job failed: Failed: Build failed
2024-05-20 07:55.22: Log analysis:
2024-05-20 07:55.22: >>> 
[ERROR] Sorry, resolution of the request timed out.
 (score = 20)
2024-05-20 07:55.22: >>> 
[ERROR] Sorry, resolution of the request timed out.
 (score = 20)
2024-05-20 07:55.22: Sorry, resolution of the request timed out.
